2018/10/19 16:40:49 開始します(3044)
2018/10/19 16:40:49 非実行(3044)
2018/10/19 16:40:49 実行中(3044)
2018/10/19 16:53:25 終了しました(3044)
2018/10/24 22:33:03 開始します(6828)
2018/10/24 22:33:03 非実行(6828)
2018/10/24 22:33:03 実行中(6828)
2018/10/24 22:44:14 終了しました(6828)
2018/10/25 23:45:25 開始します(6836)
2018/10/25 23:45:25 非実行(6836)
2018/10/25 23:45:25 実行中(6836)
2018/10/25 23:52:01 終了しました(6836)
2018/10/27 00:38:00 開始します(4832)
2018/10/27 00:38:00 非実行(4832)
2018/10/27 00:38:00 実行中(4832)
2018/10/27 00:44:28 終了しました(4832)
2018/11/02 09:13:48 開始します(5656)
2018/11/02 09:13:48 非実行(5656)
2018/11/02 09:13:48 実行中(5656)
2018/11/02 11:02:16 終了しました(5656)
2018/11/02 19:05:07 開始します(6096)
2018/11/02 19:05:07 非実行(6096)
2018/11/02 19:05:07 実行中(6096)
2018/11/02 19:11:34 終了しました(6096)
2018/11/06 23:21:00 開始します(5732)
2018/11/06 23:21:00 非実行(5732)
2018/11/06 23:21:00 実行中(5732)
2018/11/06 23:27:25 終了しました(5732)
2018/11/07 23:25:53 開始します(724)
2018/11/07 23:25:53 非実行(724)
2018/11/07 23:25:53 実行中(724)
2018/11/07 23:32:20 終了しました(724)
2018/11/17 04:08:24 開始します(5132)
2018/11/17 04:08:24 非実行(5132)
2018/11/17 04:08:24 実行中(5132)
2018/11/17 04:14:53 終了しました(5132)
2018/11/20 17:07:36 開始します(3360)
2018/11/20 17:07:36 非実行(3360)
2018/11/20 17:07:36 実行中(3360)
2018/11/20 17:14:03 終了しました(3360)
2018/11/21 22:32:02 開始します(5680)
2018/11/21 22:32:02 非実行(5680)
2018/11/21 22:32:02 実行中(5680)
2018/11/21 22:38:26 終了しました(5680)
2018/11/22 22:17:39 開始します(2712)
2018/11/22 22:17:39 非実行(2712)
2018/11/22 22:17:39 実行中(2712)
2018/11/22 22:24:07 終了しました(2712)
2018/11/23 22:39:16 開始します(3216)
2018/11/23 22:39:16 非実行(3216)
2018/11/23 22:39:16 実行中(3216)
2018/11/23 22:45:44 終了しました(3216)
2018/11/26 18:09:16 開始します(1232)
2018/11/26 18:09:16 非実行(1232)
2018/11/26 18:09:16 実行中(1232)
2018/11/26 18:21:03 終了しました(1232)
2018/11/27 03:20:26 開始します(5424)
2018/11/27 03:20:26 非実行(5424)
2018/11/27 03:20:26 実行中(5424)
2018/11/27 03:32:01 終了しました(5424)
2018/11/28 03:00:56 開始します(2820)
2018/11/28 03:00:56 非実行(2820)
2018/11/28 03:00:56 実行中(2820)
2018/11/28 03:12:25 終了しました(2820)
2018/11/29 02:41:50 開始します(2432)
2018/11/29 02:41:50 非実行(2432)
2018/11/29 02:41:50 実行中(2432)
2018/11/29 02:53:46 終了しました(2432)
2018/11/30 02:27:20 開始します(5804)
2018/11/30 02:27:20 非実行(5804)
2018/11/30 02:27:20 実行中(5804)
2018/11/30 02:38:57 終了しました(5804)
2018/12/01 01:21:31 開始します(3448)
2018/12/01 01:21:31 非実行(3448)
2018/12/01 01:21:31 実行中(3448)
2018/12/01 01:27:58 終了しました(3448)
2018/12/08 10:27:58 開始します(5576)
2018/12/08 10:27:58 非実行(5576)
2018/12/08 10:27:58 実行中(5576)
2018/12/08 10:40:06 終了しました(5576)
2018/12/11 08:47:48 開始します(544)
2018/12/11 08:47:48 非実行(544)
2018/12/11 08:47:48 実行中(544)
2018/12/11 08:59:39 終了しました(544)
2018/12/12 07:49:08 開始します(3172)
2018/12/12 07:49:08 非実行(3172)
2018/12/12 07:49:08 実行中(3172)
2018/12/12 07:59:21 終了しました(3172)
2018/12/13 07:40:41 開始します(3480)
2018/12/13 07:40:41 非実行(3480)
2018/12/13 07:40:41 実行中(3480)
2018/12/13 07:51:03 終了しました(3480)
2018/12/26 04:13:13 開始します(4460)
2018/12/26 04:13:13 非実行(4460)
2018/12/26 04:13:13 実行中(4460)
2018/12/26 04:23:58 終了しました(4460)
2019/01/19 03:48:56 開始します(1388)
2019/01/19 03:48:56 非実行(1388)
2019/01/19 03:48:56 実行中(1388)
2019/01/19 04:01:05 終了しました(1388)
2019/01/23 05:03:06 開始します(2204)
2019/01/23 05:03:06 非実行(2204)
2019/01/23 05:03:06 実行中(2204)
2019/01/23 05:14:43 終了しました(2204)
2019/01/25 06:21:08 開始します(3020)
2019/01/25 06:21:08 非実行(3020)
2019/01/25 06:21:08 実行中(3020)
2019/01/25 06:32:25 終了しました(3020)
2019/01/26 10:17:43 開始します(5536)
2019/01/26 10:17:43 非実行(5536)
2019/01/26 10:17:43 実行中(5536)
2019/01/26 10:28:49 終了しました(5536)
2019/01/29 08:49:29 開始します(3276)
2019/01/29 08:49:29 非実行(3276)
2019/01/29 08:49:29 実行中(3276)
2019/01/29 09:00:19 終了しました(3276)
2019/01/30 08:57:26 開始します(4640)
2019/01/30 08:57:26 非実行(4640)
2019/01/30 08:57:26 実行中(4640)
2019/01/30 09:08:18 終了しました(4640)
2019/01/31 06:52:08 開始します(4736)
2019/01/31 06:52:08 非実行(4736)
2019/01/31 06:52:08 実行中(4736)
2019/01/31 07:02:58 終了しました(4736)
2019/02/01 05:28:35 開始します(4204)
2019/02/01 05:28:35 非実行(4204)
2019/02/01 05:28:35 実行中(4204)
2019/02/01 05:39:09 終了しました(4204)
2019/02/02 05:06:56 開始します(6744)
2019/02/02 05:06:56 非実行(6744)
2019/02/02 05:06:56 実行中(6744)
2019/02/02 05:17:52 終了しました(6744)
2019/02/05 08:39:55 開始します(1352)
2019/02/05 08:39:55 非実行(1352)
2019/02/05 08:39:55 実行中(1352)
2019/02/05 08:50:10 終了しました(1352)
2019/02/06 09:21:55 開始します(2100)
2019/02/06 09:21:55 非実行(2100)
2019/02/06 09:21:55 実行中(2100)
2019/02/06 09:32:43 終了しました(2100)
2019/02/07 03:08:16 開始します(2576)
2019/02/07 03:08:16 非実行(2576)
2019/02/07 03:08:16 実行中(2576)
2019/02/07 03:18:25 終了しました(2576)
2019/02/08 03:27:35 開始します(5304)
2019/02/08 03:27:35 非実行(5304)
2019/02/08 03:27:35 実行中(5304)
2019/02/08 03:37:41 終了しました(5304)
2019/02/09 04:26:06 開始します(392)
2019/02/09 04:26:06 非実行(392)
2019/02/09 04:26:06 実行中(392)
2019/02/09 04:35:53 終了しました(392)
2019/02/12 03:56:00 開始します(4012)
2019/02/12 03:56:00 非実行(4012)
2019/02/12 03:56:00 実行中(4012)
2019/02/12 04:05:39 終了しました(4012)
2019/02/13 06:38:12 開始します(6172)
2019/02/13 06:38:12 非実行(6172)
2019/02/13 06:38:12 実行中(6172)
2019/02/13 06:47:26 終了しました(6172)
2019/02/14 04:01:14 開始します(1852)
2019/02/14 04:01:14 非実行(1852)
2019/02/14 04:01:14 実行中(1852)
2019/02/14 04:10:19 終了しました(1852)
2019/02/15 02:27:01 開始します(6116)
2019/02/15 02:27:01 非実行(6116)
2019/02/15 02:27:01 実行中(6116)
2019/02/15 02:36:09 終了しました(6116)
2019/03/08 22:41:25 開始します(6616)
2019/03/08 22:41:25 非実行(6616)
2019/03/08 22:41:25 実行中(6616)
2019/03/08 22:50:18 終了しました(6616)
2019/03/12 02:43:10 開始します(6048)
2019/03/12 02:43:10 非実行(6048)
2019/03/12 02:43:10 実行中(6048)
2019/03/12 02:52:00 終了しました(6048)
2019/03/13 07:13:09 開始します(6792)
2019/03/13 07:13:09 非実行(6792)
2019/03/13 07:13:09 実行中(6792)
2019/03/13 07:22:08 終了しました(6792)
2019/03/14 03:11:01 開始します(4784)
2019/03/14 03:11:01 非実行(4784)
2019/03/14 03:11:01 実行中(4784)
2019/03/14 03:19:20 終了しました(4784)
2019/03/15 02:33:08 開始します(6888)
2019/03/15 02:33:08 非実行(6888)
2019/03/15 02:33:08 実行中(6888)
2019/03/15 02:41:20 終了しました(6888)
2019/03/16 02:09:48 開始します(6608)
2019/03/16 02:09:48 非実行(6608)
2019/03/16 02:09:48 実行中(6608)
2019/03/16 02:18:01 終了しました(6608)
2019/03/19 02:30:08 開始します(5928)
2019/03/19 02:30:08 非実行(5928)
2019/03/19 02:30:08 実行中(5928)
2019/03/19 02:38:23 終了しました(5928)
2019/03/20 02:34:46 開始します(1112)
2019/03/20 02:34:46 非実行(1112)
2019/03/20 02:34:46 実行中(1112)
2019/03/20 02:43:11 終了しました(1112)
2019/03/21 02:18:44 開始します(6436)
2019/03/21 02:18:44 非実行(6436)
2019/03/21 02:18:44 実行中(6436)
2019/03/21 02:26:59 終了しました(6436)
2019/03/22 02:57:05 開始します(6976)
2019/03/22 02:57:05 非実行(6976)
2019/03/22 02:57:05 実行中(6976)
2019/03/22 03:05:17 終了しました(6976)
2019/03/23 02:52:10 開始します(6796)
2019/03/23 02:52:10 非実行(6796)
2019/03/23 02:52:10 実行中(6796)
2019/03/23 03:00:34 終了しました(6796)
2019/03/26 03:15:04 開始します(1092)
2019/03/26 03:15:04 非実行(1092)
2019/03/26 03:15:04 実行中(1092)
2019/03/26 03:23:08 終了しました(1092)
2019/03/27 02:59:25 開始します(4972)
2019/03/27 02:59:25 非実行(4972)
2019/03/27 02:59:25 実行中(4972)
2019/03/27 03:07:28 終了しました(4972)
2019/03/28 03:20:46 開始します(3772)
2019/03/28 03:20:46 非実行(3772)
2019/03/28 03:20:46 実行中(3772)
2019/03/28 03:29:22 終了しました(3772)
2019/03/29 02:53:48 開始します(1272)
2019/03/29 02:53:48 非実行(1272)
2019/03/29 02:53:48 実行中(1272)
2019/03/29 03:01:55 終了しました(1272)
2019/03/30 02:30:53 開始します(4356)
2019/03/30 02:30:53 非実行(4356)
2019/03/30 02:30:53 実行中(4356)
2019/03/30 02:38:56 終了しました(4356)
2019/04/02 02:17:27 開始します(4648)
2019/04/02 02:17:27 非実行(4648)
2019/04/02 02:17:27 実行中(4648)
2019/04/02 02:25:31 終了しました(4648)
2019/04/03 01:41:47 開始します(6108)
2019/04/03 01:41:47 非実行(6108)
2019/04/03 01:41:47 実行中(6108)
2019/04/03 01:49:49 終了しました(6108)
2019/04/04 02:54:52 開始します(2248)
2019/04/04 02:54:52 非実行(2248)
2019/04/04 02:54:52 実行中(2248)
2019/04/04 03:03:08 終了しました(2248)
2019/04/05 01:18:23 開始します(4360)
2019/04/05 01:18:23 非実行(4360)
2019/04/05 01:18:23 実行中(4360)
2019/04/05 01:26:46 終了しました(4360)
2019/04/06 01:10:04 開始します(5888)
2019/04/06 01:10:04 非実行(5888)
2019/04/06 01:10:04 実行中(5888)
2019/04/06 01:17:38 終了しました(5888)
2019/04/09 01:31:14 開始します(6664)
2019/04/09 01:31:14 非実行(6664)
2019/04/09 01:31:14 実行中(6664)
2019/04/09 01:38:45 終了しました(6664)
2019/04/10 00:59:00 開始します(4684)
2019/04/10 00:59:00 非実行(4684)
2019/04/10 00:59:00 実行中(4684)
2019/04/10 01:06:53 終了しました(4684)
2019/04/11 01:14:28 開始します(3300)
2019/04/11 01:14:28 非実行(3300)
2019/04/11 01:14:28 実行中(3300)
2019/04/11 01:22:04 終了しました(3300)
2019/04/13 05:07:40 開始します(4144)
2019/04/13 05:07:40 非実行(4144)
2019/04/13 05:07:40 実行中(4144)
2019/04/13 05:17:13 終了しました(4144)
2019/04/18 06:16:30 開始します(4760)
2019/04/18 06:16:30 非実行(4760)
2019/04/18 06:16:30 実行中(4760)
2019/04/18 06:27:00 終了しました(4760)
2019/04/20 18:07:34 開始します(6868)
2019/04/20 18:07:34 非実行(6868)
2019/04/20 18:07:34 実行中(6868)
2019/04/20 18:18:11 終了しました(6868)
2019/04/25 01:22:38 開始します(6716)
2019/04/25 01:22:38 非実行(6716)
2019/04/25 01:22:38 実行中(6716)
2019/04/25 01:30:19 終了しました(6716)
2019/04/25 23:44:13 開始します(3100)
2019/04/25 23:44:13 非実行(3100)
2019/04/25 23:44:13 実行中(3100)
2019/04/25 23:51:45 終了しました(3100)
2019/04/29 08:42:41 開始します(6060)
2019/04/29 08:42:41 非実行(6060)
2019/04/29 08:42:41 実行中(6060)
2019/04/29 08:53:19 終了しました(6060)
2019/05/07 05:19:32 開始します(5724)
2019/05/07 05:19:32 非実行(5724)
2019/05/07 05:19:32 実行中(5724)
2019/05/07 05:29:36 終了しました(5724)
2019/05/09 21:49:27 開始します(128)
2019/05/09 21:49:27 非実行(128)
2019/05/09 21:49:27 実行中(128)
2019/05/09 21:56:55 終了しました(128)
2019/05/10 12:22:26 開始します(8568)
2019/05/10 12:22:26 非実行(8568)
2019/05/10 12:22:26 実行中(8568)
2019/05/10 12:29:24 終了しました(8568)
2019/05/24 04:00:00 開始します(1204)
2019/05/24 04:00:00 非実行(1204)
2019/05/24 04:00:00 実行中(1204)
2019/05/24 04:06:37 終了しました(1204)
2019/05/29 04:01:33 開始します(7632)
2019/05/29 04:01:33 非実行(7632)
2019/05/29 04:01:33 実行中(7632)
2019/05/29 04:08:01 終了しました(7632)
2019/06/17 21:24:12 開始します(7924)
2019/06/17 21:24:12 非実行(7924)
2019/06/17 21:24:12 実行中(7924)
2019/06/17 21:31:55 終了しました(7924)
2019/06/25 22:42:27 開始します(9972)
2019/06/25 22:42:27 非実行(9972)
2019/06/25 22:42:27 実行中(9972)
2019/06/25 22:49:17 終了しました(9972)
2019/06/27 03:19:55 開始します(3940)
2019/06/27 03:19:55 非実行(3940)
2019/06/27 03:19:55 実行中(3940)
2019/06/27 03:26:41 終了しました(3940)
2019/06/27 22:49:08 開始します(12188)
2019/06/27 22:49:08 非実行(12188)
2019/06/27 22:49:08 実行中(12188)
2019/06/27 22:55:57 終了しました(12188)
2019/06/28 22:10:26 開始します(2220)
2019/06/28 22:10:26 非実行(2220)
2019/06/28 22:10:26 実行中(2220)
2019/06/28 22:17:08 終了しました(2220)
2019/07/04 17:06:34 開始します(10236)
2019/07/04 17:06:34 非実行(10236)
2019/07/04 17:06:34 実行中(10236)
2019/07/04 17:13:21 終了しました(10236)
2019/07/09 23:10:07 開始します(9184)
2019/07/09 23:10:07 非実行(9184)
2019/07/09 23:10:07 実行中(9184)
2019/07/09 23:16:57 終了しました(9184)
2019/07/24 23:59:52 開始します(3756)
2019/07/24 23:59:52 非実行(3756)
2019/07/24 23:59:52 実行中(3756)
2019/07/25 00:06:30 終了しました(3756)
2019/07/25 20:13:14 開始します(8476)
2019/07/25 20:13:14 非実行(8476)
2019/07/25 20:13:14 実行中(8476)
2019/07/25 20:19:54 終了しました(8476)
2019/07/27 06:50:19 開始します(5740)
2019/07/27 06:50:19 非実行(5740)
2019/07/27 06:50:19 実行中(5740)
2019/07/27 06:56:38 終了しました(5740)
2019/07/29 20:37:16 開始します(5808)
2019/07/29 20:37:16 非実行(5808)
2019/07/29 20:37:16 実行中(5808)
2019/07/29 20:43:30 終了しました(5808)
2019/07/30 23:51:32 開始します(11612)
2019/07/30 23:51:32 非実行(11612)
2019/07/30 23:51:32 実行中(11612)
2019/07/30 23:57:46 終了しました(11612)
2019/08/02 16:13:43 開始します(9352)
2019/08/02 16:13:43 非実行(9352)
2019/08/02 16:13:43 実行中(9352)
2019/08/02 16:19:54 終了しました(9352)
2019/08/07 22:13:03 開始します(4292)
2019/08/07 22:13:03 非実行(4292)
2019/08/07 22:13:03 実行中(4292)
2019/08/07 22:19:23 終了しました(4292)
2019/08/08 22:34:06 開始します(2368)
2019/08/08 22:34:06 非実行(2368)
2019/08/08 22:34:06 実行中(2368)
2019/08/08 22:39:56 終了しました(2368)
2019/08/09 20:04:16 開始します(6028)
2019/08/09 20:04:16 非実行(6028)
2019/08/09 20:04:16 実行中(6028)
2019/08/09 20:10:09 終了しました(6028)
2019/08/14 22:24:38 開始します(5932)
2019/08/14 22:24:38 非実行(5932)
2019/08/14 22:24:38 実行中(5932)
2019/08/14 22:30:15 終了しました(5932)
2019/08/15 22:50:55 開始します(1084)
2019/08/15 22:50:55 非実行(1084)
2019/08/15 22:50:55 実行中(1084)
2019/08/15 22:56:23 終了しました(1084)
2019/08/16 19:36:58 開始します(10552)
2019/08/16 19:36:58 非実行(10552)
2019/08/16 19:36:58 実行中(10552)
2019/08/16 19:42:26 終了しました(10552)
2019/08/19 22:07:28 開始します(9072)
2019/08/19 22:07:28 非実行(9072)
2019/08/19 22:07:28 実行中(9072)
2019/08/19 22:12:59 終了しました(9072)
2019/08/20 22:05:46 開始します(6516)
2019/08/20 22:05:46 非実行(6516)
2019/08/20 22:05:46 実行中(6516)
2019/08/20 22:11:14 終了しました(6516)
2019/08/21 21:02:15 開始します(11800)
2019/08/21 21:02:15 非実行(11800)
2019/08/21 21:02:15 実行中(11800)
2019/08/21 21:07:42 終了しました(11800)
2019/08/22 21:17:06 開始します(10912)
2019/08/22 21:17:06 非実行(10912)
2019/08/22 21:17:06 実行中(10912)
2019/08/22 21:22:28 終了しました(10912)
2019/08/26 20:59:53 開始します(9048)
2019/08/26 20:59:53 非実行(9048)
2019/08/26 20:59:53 実行中(9048)
2019/08/26 21:04:54 終了しました(9048)
2019/08/28 20:14:52 開始します(7196)
2019/08/28 20:14:52 非実行(7196)
2019/08/28 20:14:52 実行中(7196)
2019/08/28 20:19:46 終了しました(7196)
2019/09/02 20:17:46 開始します(7000)
2019/09/02 20:17:46 非実行(7000)
2019/09/02 20:17:46 実行中(7000)
2019/09/02 20:22:38 終了しました(7000)
2019/09/04 20:27:44 開始します(9916)
2019/09/04 20:27:44 非実行(9916)
2019/09/04 20:27:44 実行中(9916)
2019/09/04 20:32:34 終了しました(9916)
2019/09/05 22:33:30 開始します(6192)
2019/09/05 22:33:30 非実行(6192)
2019/09/05 22:33:30 実行中(6192)
2019/09/05 22:38:23 終了しました(6192)
2019/09/12 02:41:22 開始します(13276)
2019/09/12 02:41:22 非実行(13276)
2019/09/12 02:41:22 実行中(13276)
2019/09/12 02:46:10 終了しました(13276)
2019/09/13 03:58:28 開始します(12592)
2019/09/13 03:58:28 非実行(12592)
2019/09/13 03:58:28 実行中(12592)
2019/09/13 04:03:22 終了しました(12592)
2019/10/05 04:17:03 開始します(7296)
2019/10/05 04:17:03 非実行(7296)
2019/10/05 04:17:03 実行中(7296)
2019/10/05 04:21:34 終了しました(7296)
2019/10/23 18:57:43 開始します(5560)
2019/10/23 18:57:43 非実行(5560)
2019/10/23 18:57:43 実行中(5560)
2019/10/23 19:02:05 終了しました(5560)
2019/10/24 14:07:55 開始します(3104)
2019/10/24 14:07:55 非実行(3104)
2019/10/24 14:07:55 実行中(3104)
2019/10/24 14:12:17 終了しました(3104)
2019/10/29 02:13:27 開始します(1032)
2019/10/29 02:13:27 非実行(1032)
2019/10/29 02:13:27 実行中(1032)
2019/10/29 02:17:54 終了しました(1032)
2019/11/01 19:05:50 開始します(2760)
2019/11/01 19:05:50 非実行(2760)
2019/11/01 19:05:50 実行中(2760)
2019/11/01 19:13:51 終了しました(2760)
2019/11/05 21:18:04 開始します(6904)
2019/11/05 21:18:04 非実行(6904)
2019/11/05 21:18:04 実行中(6904)
2019/11/05 21:22:44 終了しました(6904)
2019/11/07 00:36:31 開始します(5732)
2019/11/07 00:36:31 非実行(5732)
2019/11/07 00:36:31 実行中(5732)
2019/11/07 00:41:23 終了しました(5732)
2019/11/07 20:08:31 開始します(2340)
2019/11/07 20:08:31 非実行(2340)
2019/11/07 20:08:31 実行中(2340)
2019/11/07 20:13:20 終了しました(2340)
2019/11/08 20:41:46 開始します(10916)
2019/11/08 20:41:46 非実行(10916)
2019/11/08 20:41:46 実行中(10916)
2019/11/08 20:46:40 終了しました(10916)
2019/11/11 20:24:46 開始します(4112)
2019/11/11 20:24:46 非実行(4112)
2019/11/11 20:24:46 実行中(4112)
2019/11/11 20:29:32 終了しました(4112)
2019/11/12 21:37:27 開始します(8512)
2019/11/12 21:37:27 非実行(8512)
2019/11/12 21:37:27 実行中(8512)
2019/11/12 21:42:04 終了しました(8512)
2019/11/13 19:07:56 開始します(1372)
2019/11/13 19:07:56 非実行(1372)
2019/11/13 19:07:56 実行中(1372)
2019/11/13 19:12:32 終了しました(1372)
2019/11/14 22:43:29 開始します(2924)
2019/11/14 22:43:29 非実行(2924)
2019/11/14 22:43:29 実行中(2924)
2019/11/14 22:48:05 終了しました(2924)
2019/11/15 22:30:36 開始します(12684)
2019/11/15 22:30:36 非実行(12684)
2019/11/15 22:30:36 実行中(12684)
2019/11/15 22:35:13 終了しました(12684)
2019/11/18 21:39:18 開始します(4016)
2019/11/18 21:39:18 非実行(4016)
2019/11/18 21:39:18 実行中(4016)
2019/11/18 21:43:49 終了しました(4016)
2019/11/20 05:15:54 開始します(10428)
2019/11/20 05:15:54 非実行(10428)
2019/11/20 05:15:54 実行中(10428)
2019/11/20 05:20:26 終了しました(10428)
2019/11/21 04:38:45 開始します(3644)
2019/11/21 04:38:45 非実行(3644)
2019/11/21 04:38:45 実行中(3644)
2019/11/21 04:43:22 終了しました(3644)
2019/11/21 21:24:28 開始します(10016)
2019/11/21 21:24:28 非実行(10016)
2019/11/21 21:24:28 実行中(10016)
2019/11/21 21:29:05 終了しました(10016)
2019/11/23 02:40:50 開始します(12824)
2019/11/23 02:40:50 非実行(12824)
2019/11/23 02:40:50 実行中(12824)
2019/11/23 02:45:23 終了しました(12824)
2019/11/25 21:14:01 開始します(11372)
2019/11/25 21:14:01 非実行(11372)
2019/11/25 21:14:01 実行中(11372)
2019/11/25 21:18:46 終了しました(11372)
2019/11/28 20:44:28 開始します(7964)
2019/11/28 20:44:28 非実行(7964)
2019/11/28 20:44:28 実行中(7964)
2019/11/28 20:49:02 終了しました(7964)
2019/11/29 21:09:14 開始します(5504)
2019/11/29 21:09:14 非実行(5504)
2019/11/29 21:09:14 実行中(5504)
2019/11/29 21:13:45 終了しました(5504)
2019/12/03 04:22:02 開始します(12368)
2019/12/03 04:22:02 非実行(12368)
2019/12/03 04:22:02 実行中(12368)
2019/12/03 04:26:33 終了しました(12368)
2019/12/24 00:14:04 開始します(2892)
2019/12/24 00:14:04 非実行(2892)
2019/12/24 00:14:04 実行中(2892)
2019/12/24 00:18:39 終了しました(2892)
2019/12/27 00:48:58 開始します(7512)
2019/12/27 00:48:58 非実行(7512)
2019/12/27 00:48:58 実行中(7512)
2019/12/27 00:53:25 終了しました(7512)
2020/02/28 16:56:38 開始します(4324)
2020/02/28 16:56:38 非実行(4324)
2020/02/28 16:56:38 実行中(4324)
2020/02/28 17:03:14 終了しました(4324)
2020/03/04 20:46:03 開始します(6236)
2020/03/04 20:46:03 非実行(6236)
2020/03/04 20:46:03 実行中(6236)
2020/03/04 20:52:30 終了しました(6236)
2020/03/05 22:18:02 開始します(6584)
2020/03/05 22:18:02 非実行(6584)
2020/03/05 22:18:02 実行中(6584)
2020/03/05 22:24:30 終了しました(6584)
2020/03/07 06:25:47 開始します(2824)
2020/03/07 06:25:47 非実行(2824)
2020/03/07 06:25:47 実行中(2824)
2020/03/07 06:32:08 終了しました(2824)
2020/03/19 06:00:46 開始します(6792)
2020/03/19 06:00:46 非実行(6792)
2020/03/19 06:00:46 実行中(6792)
2020/03/19 06:07:37 終了しました(6792)
2020/03/19 16:08:05 開始します(7624)
2020/03/19 16:08:05 非実行(7624)
2020/03/19 16:08:05 実行中(7624)
2020/03/19 16:12:31 終了しました(7624)
2020/03/23 20:44:10 開始します(5320)
2020/03/23 20:44:10 非実行(5320)
2020/03/23 20:44:10 実行中(5320)
2020/03/23 20:48:38 終了しました(5320)
2020/04/28 03:52:04 開始します(8888)
2020/04/28 03:52:04 非実行(8888)
2020/04/28 03:52:04 実行中(8888)
2020/04/28 03:56:32 終了しました(8888)
2020/06/03 19:43:47 開始します(3580)
2020/06/03 19:43:47 非実行(3580)
2020/06/03 19:43:47 実行中(3580)
2020/06/03 19:48:16 終了しました(3580)
2020/06/15 19:28:11 開始します(3812)
2020/06/15 19:28:11 非実行(3812)
2020/06/15 19:28:11 実行中(3812)
2020/06/15 19:34:50 終了しました(3812)
2020/06/19 06:32:33 開始します(2768)
2020/06/19 06:32:33 非実行(2768)
2020/06/19 06:32:33 実行中(2768)
2020/06/19 06:39:02 終了しました(2768)
2020/06/23 13:01:08 開始します(7900)
2020/06/23 13:01:08 非実行(7900)
2020/06/23 13:01:08 実行中(7900)
2020/06/23 13:07:15 終了しました(7900)
2020/07/09 16:02:45 開始します(3708)
2020/07/09 16:02:45 非実行(3708)
2020/07/09 16:02:45 実行中(3708)
2020/07/09 16:08:47 終了しました(3708)
2020/07/20 18:06:42 開始します(7672)
2020/07/20 18:06:42 非実行(7672)
2020/07/20 18:06:42 実行中(7672)
2020/07/20 18:13:23 終了しました(7672)
2020/08/20 14:57:05 開始します(5712)
2020/08/20 14:57:05 非実行(5712)
2020/08/20 14:57:05 実行中(5712)
2020/08/20 15:03:14 終了しました(5712)
2020/08/20 21:48:05 開始します(1944)
2020/08/20 21:48:05 非実行(1944)
2020/08/20 21:48:05 実行中(1944)
2020/08/20 21:54:15 終了しました(1944)
2020/08/24 12:51:30 開始します(7836)
2020/08/24 12:51:30 非実行(7836)
2020/08/24 12:51:30 実行中(7836)
2020/08/24 12:57:27 終了しました(7836)
2020/08/25 14:48:53 開始します(1508)
2020/08/25 14:48:53 非実行(1508)
2020/08/25 14:48:53 実行中(1508)
2020/08/25 14:54:35 終了しました(1508)
2020/08/26 17:01:14 開始します(1936)
2020/08/26 17:01:14 非実行(1936)
2020/08/26 17:01:14 実行中(1936)
2020/08/26 17:06:53 終了しました(1936)
2020/08/31 22:43:08 開始します(5788)
2020/08/31 22:43:08 非実行(5788)
2020/08/31 22:43:08 実行中(5788)
2020/08/31 22:48:42 終了しました(5788)
2020/09/01 23:57:41 開始します(7788)
2020/09/01 23:57:41 非実行(7788)
2020/09/01 23:57:41 実行中(7788)
2020/09/02 00:03:16 終了しました(7788)
2020/09/03 22:46:00 開始します(1048)
2020/09/03 22:46:00 非実行(1048)
2020/09/03 22:46:00 実行中(1048)
2020/09/03 22:51:35 終了しました(1048)
2020/09/04 15:18:33 開始します(6824)
2020/09/04 15:18:33 非実行(6824)
2020/09/04 15:18:33 実行中(6824)
2020/09/04 15:24:17 終了しました(6824)
2020/09/09 19:08:53 開始します(7736)
2020/09/09 19:08:53 非実行(7736)
2020/09/09 19:08:53 実行中(7736)
2020/09/09 19:14:23 終了しました(7736)
2020/09/14 13:51:45 開始します(5532)
2020/09/14 13:51:45 非実行(5532)
2020/09/14 13:51:45 実行中(5532)
2020/09/14 13:57:10 終了しました(5532)
2020/09/16 13:06:34 開始します(4836)
2020/09/16 13:06:34 非実行(4836)
2020/09/16 13:06:34 実行中(4836)
2020/09/16 13:11:27 終了しました(4836)
2020/09/25 12:30:16 開始します(7036)
2020/09/25 12:30:16 非実行(7036)
2020/09/25 12:30:16 実行中(7036)
2020/09/25 12:35:09 終了しました(7036)
2020/09/25 17:04:07 開始します(4272)
2020/09/25 17:04:07 非実行(4272)
2020/09/25 17:04:07 実行中(4272)
2020/09/25 17:08:54 終了しました(4272)
2020/09/29 16:31:43 開始します(6340)
2020/09/29 16:31:43 非実行(6340)
2020/09/29 16:31:43 実行中(6340)
2020/09/29 16:36:36 終了しました(6340)
2020/09/30 16:56:38 開始します(7288)
2020/09/30 16:56:38 非実行(7288)
2020/09/30 16:56:38 実行中(7288)
2020/09/30 17:01:07 終了しました(7288)
2020/10/01 17:56:33 開始します(4860)
2020/10/01 17:56:33 非実行(4860)
2020/10/01 17:56:33 実行中(4860)
2020/10/01 18:00:59 終了しました(4860)
2020/10/08 00:00:12 開始します(8452)
2020/10/08 00:00:12 非実行(8452)
2020/10/08 00:00:12 実行中(8452)
2020/10/08 00:04:24 終了しました(8452)
2020/10/14 14:13:26 開始します(7256)
2020/10/14 14:13:26 非実行(7256)
2020/10/14 14:13:26 実行中(7256)
2020/10/14 14:17:40 終了しました(7256)
2020/10/19 16:13:15 開始します(5592)
2020/10/19 16:13:15 非実行(5592)
2020/10/19 16:13:15 実行中(5592)
2020/10/19 16:17:26 終了しました(5592)
2020/10/23 20:52:26 開始します(5096)
2020/10/23 20:52:26 非実行(5096)
2020/10/23 20:52:26 実行中(5096)
2020/10/23 20:56:53 終了しました(5096)
2020/11/11 18:31:18 開始します(9004)
2020/11/11 18:31:18 非実行(9004)
2020/11/11 18:31:18 実行中(9004)
2020/11/11 18:36:41 終了しました(9004)
2020/11/12 19:29:33 開始します(1856)
2020/11/12 19:29:33 非実行(1856)
2020/11/12 19:29:33 実行中(1856)
2020/11/12 19:33:17 終了しました(1856)
2020/11/13 21:29:11 開始します(7000)
2020/11/13 21:29:11 非実行(7000)
2020/11/13 21:29:11 実行中(7000)
2020/11/13 21:32:57 終了しました(7000)
2020/11/16 19:22:46 開始します(7452)
2020/11/16 19:22:46 非実行(7452)
2020/11/16 19:22:46 実行中(7452)
2020/11/16 19:26:30 終了しました(7452)
2020/11/17 19:58:05 開始します(8212)
2020/11/17 19:58:05 非実行(8212)
2020/11/17 19:58:05 実行中(8212)
2020/11/17 20:01:48 終了しました(8212)
2020/11/19 18:51:30 開始します(1152)
2020/11/19 18:51:30 非実行(1152)
2020/11/19 18:51:30 実行中(1152)
2020/11/19 18:55:25 終了しました(1152)
2020/11/20 20:16:31 開始します(6820)
2020/11/20 20:16:31 非実行(6820)
2020/11/20 20:16:31 実行中(6820)
2020/11/20 20:20:35 終了しました(6820)
2020/11/24 17:34:23 開始します(7600)
2020/11/24 17:34:23 非実行(7600)
2020/11/24 17:34:23 実行中(7600)
2020/11/24 17:37:52 終了しました(7600)
2020/11/25 20:16:44 開始します(5900)
2020/11/25 20:16:44 非実行(5900)
2020/11/25 20:16:44 実行中(5900)
2020/11/25 20:20:17 終了しました(5900)
2020/11/26 19:22:48 開始します(5460)
2020/11/26 19:22:48 非実行(5460)
2020/11/26 19:22:48 実行中(5460)
2020/11/26 19:26:18 終了しました(5460)
2020/11/27 19:16:59 開始します(9116)
2020/11/27 19:16:59 非実行(9116)
2020/11/27 19:16:59 実行中(9116)
2020/11/27 19:20:32 終了しました(9116)
2020/12/01 19:43:53 開始します(10068)
2020/12/01 19:43:53 非実行(10068)
2020/12/01 19:43:53 実行中(10068)
2020/12/01 19:47:48 終了しました(10068)
2020/12/02 17:25:22 開始します(6728)
2020/12/02 17:25:22 非実行(6728)
2020/12/02 17:25:22 実行中(6728)
2020/12/02 17:28:50 終了しました(6728)
2020/12/03 18:08:16 開始します(9032)
2020/12/03 18:08:16 非実行(9032)
2020/12/03 18:08:16 実行中(9032)
2020/12/03 18:11:47 終了しました(9032)
2020/12/10 20:02:55 開始します(8992)
2020/12/10 20:02:55 非実行(8992)
2020/12/10 20:02:55 実行中(8992)
2020/12/10 20:06:18 終了しました(8992)
2021/01/12 22:10:47 開始します(5640)
2021/01/12 22:10:47 非実行(5640)
2021/01/12 22:10:47 実行中(5640)
2021/01/12 22:14:24 終了しました(5640)
2021/01/15 14:38:28 開始します(8660)
2021/01/15 14:38:28 非実行(8660)
2021/01/15 14:38:28 実行中(8660)
2021/01/15 14:42:06 終了しました(8660)
2021/01/18 14:35:23 開始します(8712)
2021/01/18 14:35:23 非実行(8712)
2021/01/18 14:35:23 実行中(8712)
2021/01/18 14:39:14 終了しました(8712)
2021/01/19 15:13:58 開始します(9940)
2021/01/19 15:13:58 非実行(9940)
2021/01/19 15:13:58 実行中(9940)
2021/01/19 15:17:31 終了しました(9940)
2021/01/21 14:14:00 開始します(7492)
2021/01/21 14:14:00 非実行(7492)
2021/01/21 14:14:00 実行中(7492)
2021/01/21 14:17:35 終了しました(7492)
2021/03/03 19:10:08 開始します(12124)
2021/03/03 19:10:08 非実行(12124)
2021/03/03 19:10:08 実行中(12124)
2021/03/03 19:13:50 終了しました(12124)
2021/03/04 18:04:46 開始します(4080)
2021/03/04 18:04:46 非実行(4080)
2021/03/04 18:04:46 実行中(4080)
2021/03/04 18:07:43 終了しました(4080)
2021/04/19 21:55:45 開始します(6636)
2021/04/19 21:55:45 非実行(6636)
2021/04/19 21:55:45 実行中(6636)
2021/04/19 22:02:02 終了しました(6636)
2021/05/07 19:09:46 開始します(9604)
2021/05/07 19:09:46 非実行(9604)
2021/05/07 19:09:46 実行中(9604)
2021/05/07 19:16:02 終了しました(9604)
2021/05/10 22:34:59 開始します(7480)
2021/05/10 22:34:59 非実行(7480)
2021/05/10 22:34:59 実行中(7480)
2021/05/10 22:41:14 終了しました(7480)
2021/05/12 10:31:12 開始します(4332)
2021/05/12 10:31:12 非実行(4332)
2021/05/12 10:31:12 実行中(4332)
2021/05/12 10:37:10 終了しました(4332)
2021/08/03 15:39:01 開始します(8260)
2021/08/03 15:39:01 非実行(8260)
2021/08/03 15:39:01 実行中(8260)
2021/08/03 15:45:51 終了しました(8260)
2021/11/16 05:58:48 開始します(8140)
2021/11/16 05:58:48 非実行(8140)
2021/11/16 05:58:48 実行中(8140)
2021/11/16 06:06:39 終了しました(8140)
2021/11/16 21:37:42 開始します(3372)
2021/11/16 21:37:42 非実行(3372)
2021/11/16 21:37:42 実行中(3372)
2021/11/16 21:43:13 終了しました(3372)
2021/11/17 21:03:20 開始します(4780)
2021/11/17 21:03:20 非実行(4780)
2021/11/17 21:03:20 実行中(4780)
2021/11/17 21:08:42 終了しました(4780)
2021/11/18 20:00:50 開始します(7492)
2021/11/18 20:00:50 非実行(7492)
2021/11/18 20:00:50 実行中(7492)
2021/11/18 20:06:04 終了しました(7492)
2021/11/22 21:35:56 開始します(6316)
2021/11/22 21:35:56 非実行(6316)
2021/11/22 21:35:56 実行中(6316)
2021/11/22 21:41:15 終了しました(6316)
2022/02/21 21:22:44 開始します(4196)
2022/02/21 21:22:44 非実行(4196)
2022/02/21 21:22:44 実行中(4196)
2022/02/21 21:30:02 終了しました(4196)
2022/02/25 18:59:53 開始します(1132)
2022/02/25 18:59:53 非実行(1132)
2022/02/25 18:59:53 実行中(1132)
2022/02/25 19:06:38 終了しました(1132)
2022/03/04 16:48:31 開始します(7252)
2022/03/04 16:48:31 非実行(7252)
2022/03/04 16:48:31 実行中(7252)
2022/03/04 16:55:49 終了しました(7252)
2022/03/11 17:01:34 開始します(4872)
2022/03/11 17:01:34 非実行(4872)
2022/03/11 17:01:34 実行中(4872)
2022/03/11 17:08:38 終了しました(4872)
2022/03/23 16:40:01 開始します(4424)
2022/03/23 16:40:01 非実行(4424)
2022/03/23 16:40:01 実行中(4424)
2022/03/23 16:46:58 終了しました(4424)
2022/04/06 18:12:07 開始します(5544)
2022/04/06 18:12:07 非実行(5544)
2022/04/06 18:12:07 実行中(5544)
2022/04/06 18:18:42 終了しました(5544)
2022/04/12 21:26:25 開始します(6424)
2022/04/12 21:26:25 非実行(6424)
2022/04/12 21:26:25 実行中(6424)
2022/04/12 21:33:52 終了しました(6424)
2022/04/18 21:14:11 開始します(4832)
2022/04/18 21:14:11 非実行(4832)
2022/04/18 21:14:11 実行中(4832)
2022/04/18 21:20:42 終了しました(4832)
2022/04/25 21:27:29 開始します(3816)
2022/04/25 21:27:29 非実行(3816)
2022/04/25 21:27:29 実行中(3816)
2022/04/25 21:33:35 終了しました(3816)
2022/09/20 21:18:56 開始します(7136)
2022/09/20 21:18:56 非実行(7136)
2022/09/20 21:18:56 実行中(7136)
2022/09/20 21:25:38 終了しました(7136)
2022/09/21 18:12:58 開始します(4728)
2022/09/21 18:12:58 非実行(4728)
2022/09/21 18:12:58 実行中(4728)
2022/09/21 18:17:22 終了しました(4728)
2022/10/13 21:04:01 開始します(6704)
2022/10/13 21:04:01 非実行(6704)
2022/10/13 21:04:01 実行中(6704)
2022/10/13 21:08:18 終了しました(6704)
2023/01/17 23:37:15 開始します(7920)
2023/01/17 23:37:15 非実行(7920)
2023/01/17 23:37:15 実行中(7920)
2023/01/17 23:45:07 終了しました(7920)
2023/01/18 15:26:51 開始します(2052)
2023/01/18 15:26:51 非実行(2052)
2023/01/18 15:26:51 実行中(2052)
2023/01/18 15:34:02 終了しました(2052)
2023/01/24 14:45:03 開始します(2240)
2023/01/24 14:45:03 非実行(2240)
2023/01/24 14:45:03 実行中(2240)
2023/01/24 14:53:03 終了しました(2240)
2023/03/28 20:32:41 開始します(8120)
2023/03/28 20:32:41 非実行(8120)
2023/03/28 20:32:41 実行中(8120)
2023/03/28 20:40:15 終了しました(8120)
2023/04/25 19:09:01 開始します(5128)
2023/04/25 19:09:01 非実行(5128)
2023/04/25 19:09:01 実行中(5128)
2023/04/25 19:15:59 終了しました(5128)
2023/05/15 20:14:52 開始します(7228)
2023/05/15 20:14:52 非実行(7228)
2023/05/15 20:14:52 実行中(7228)
2023/05/15 20:22:10 終了しました(7228)
2023/05/16 18:26:36 開始します(6924)
2023/05/16 18:26:36 非実行(6924)
2023/05/16 18:26:36 実行中(6924)
2023/05/16 18:34:22 終了しました(6924)
2023/06/13 20:07:06 開始します(6188)
2023/06/13 20:07:06 非実行(6188)
2023/06/13 20:07:06 実行中(6188)
2023/06/13 20:14:04 終了しました(6188)
2023/09/08 19:09:02 開始します(4964)
2023/09/08 19:09:02 非実行(4964)
2023/09/08 19:09:02 実行中(4964)
2023/09/08 19:15:57 終了しました(4964)
2023/09/14 18:33:55 開始します(5340)
2023/09/14 18:33:55 非実行(5340)
2023/09/14 18:33:55 実行中(5340)
2023/09/14 18:41:12 終了しました(5340)
2023/09/28 20:19:46 開始します(5516)
2023/09/28 20:19:46 非実行(5516)
2023/09/28 20:19:46 実行中(5516)
2023/09/28 20:27:24 終了しました(5516)
2023/10/25 18:33:27 開始します(7980)
2023/10/25 18:33:27 非実行(7980)
2023/10/25 18:33:27 実行中(7980)
2023/10/25 18:41:26 終了しました(7980)
2024/01/29 20:44:19 開始します(5964)
2024/01/29 20:44:19 非実行(5964)
2024/01/29 20:44:19 実行中(5964)
2024/01/29 20:51:24 終了しました(5964)
2024/07/25 16:06:17 開始します(2204)
2024/07/25 16:06:17 非実行(2204)
2024/07/25 16:06:17 実行中(2204)
2024/07/25 16:06:17 終了しました(2204)
2024/07/25 16:06:29 開始します(9084)
2024/07/25 16:06:29 非実行(9084)
2024/07/25 16:06:29 実行中(9084)
2024/07/25 16:06:29 終了しました(9084)
2024/07/26 10:46:59 開始します(7292)
2024/07/26 10:46:59 非実行(7292)
2024/07/26 10:46:59 実行中(7292)
2024/07/26 10:46:59 終了しました(7292)
2024/07/26 11:06:59 開始します(4448)
2024/07/26 11:06:59 非実行(4448)
2024/07/26 11:06:59 実行中(4448)
2024/07/26 11:06:59 終了しました(4448)
2024/07/26 11:12:03 開始します(8820)
2024/07/26 11:12:03 非実行(8820)
2024/07/26 11:12:03 実行中(8820)
2024/07/26 11:12:03 終了しました(8820)
2024/07/26 11:19:26 開始します(9120)
2024/07/26 11:19:26 非実行(9120)
2024/07/26 11:19:26 実行中(9120)
2024/07/26 11:19:27 終了しました(9120)
2024/07/26 11:23:50 開始します(10176)
2024/07/26 11:23:50 非実行(10176)
2024/07/26 11:23:50 実行中(10176)
2024/07/26 11:23:51 終了しました(10176)
2024/07/26 16:50:32 開始します(5356)
2024/07/26 16:50:32 非実行(5356)
2024/07/26 16:50:32 実行中(5356)
2024/07/26 16:50:32 終了しました(5356)
2024/07/26 16:54:04 開始します(2224)
2024/07/26 16:54:04 非実行(2224)
2024/07/26 16:54:04 実行中(2224)
2024/07/26 16:54:06 終了しました(2224)
2024/07/26 16:55:57 開始します(9800)
2024/07/26 16:55:57 非実行(9800)
2024/07/26 16:55:57 実行中(9800)
2024/07/26 16:55:58 終了しました(9800)
2024/07/29 09:02:31 開始します(7312)
2024/07/29 09:02:31 非実行(7312)
2024/07/29 09:02:31 実行中(7312)
2024/07/29 09:02:33 終了しました(7312)
2024/07/29 09:05:16 開始します(1980)
2024/07/29 09:05:16 非実行(1980)
2024/07/29 09:05:16 実行中(1980)
2024/07/29 09:06:05 終了しました(1980)
2024/07/29 09:11:44 開始します(1580)
2024/07/29 09:11:44 非実行(1580)
2024/07/29 09:11:44 実行中(1580)
2024/07/29 09:12:29 終了しました(1580)
2024/07/29 09:12:48 開始します(7936)
2024/07/29 09:12:48 非実行(7936)
2024/07/29 09:12:48 実行中(7936)
2024/07/29 09:13:16 終了しました(7936)
2024/07/29 09:17:56 開始します(1840)
2024/07/29 09:17:56 非実行(1840)
2024/07/29 09:17:56 実行中(1840)
2024/07/29 09:18:24 終了しました(1840)
2024/07/29 09:24:27 開始します(10084)
2024/07/29 09:24:27 非実行(10084)
2024/07/29 09:24:27 実行中(10084)
2024/07/29 09:24:55 終了しました(10084)
2024/07/29 11:08:46 開始します(8636)
2024/07/29 11:08:46 非実行(8636)
2024/07/29 11:08:46 実行中(8636)
2024/07/29 11:09:17 終了しました(8636)
2024/07/29 11:23:33 開始します(4904)
2024/07/29 11:23:33 非実行(4904)
2024/07/29 11:23:33 実行中(4904)
2024/07/29 11:24:05 終了しました(4904)
2024/07/29 11:25:59 開始します(4848)
2024/07/29 11:25:59 非実行(4848)
2024/07/29 11:25:59 実行中(4848)
2024/07/29 11:26:31 終了しました(4848)
2024/07/29 18:02:39 開始します(8776)
2024/07/29 18:02:39 非実行(8776)
2024/07/29 18:02:39 実行中(8776)
2024/07/29 18:03:11 終了しました(8776)
2024/07/29 18:06:02 開始します(8516)
2024/07/29 18:06:02 非実行(8516)
2024/07/29 18:06:02 実行中(8516)
2024/07/29 18:06:34 終了しました(8516)
2024/07/29 18:08:55 開始します(1784)
2024/07/29 18:08:55 非実行(1784)
2024/07/29 18:08:55 実行中(1784)
2024/07/29 18:09:27 終了しました(1784)
2024/07/29 18:14:17 開始します(6368)
2024/07/29 18:14:17 非実行(6368)
2024/07/29 18:14:17 実行中(6368)
2024/07/29 18:14:52 終了しました(6368)
2024/07/29 18:17:04 開始します(6324)
2024/07/29 18:17:04 非実行(6324)
2024/07/29 18:17:04 実行中(6324)
2024/07/29 18:17:38 終了しました(6324)
2024/07/29 18:21:29 開始します(5820)
2024/07/29 18:21:29 非実行(5820)
2024/07/29 18:21:29 実行中(5820)
2024/07/29 18:22:04 終了しました(5820)
2024/07/29 18:23:09 開始します(4312)
2024/07/29 18:23:09 非実行(4312)
2024/07/29 18:23:09 実行中(4312)
2024/07/29 18:23:45 終了しました(4312)
2024/07/29 18:26:59 開始します(1148)
2024/07/29 18:26:59 非実行(1148)
2024/07/29 18:26:59 実行中(1148)
2024/07/29 18:29:00 終了しました(1148)
2024/07/29 18:30:18 開始します(7788)
2024/07/29 18:30:18 非実行(7788)
2024/07/29 18:30:18 実行中(7788)
2024/07/29 18:31:42 終了しました(7788)
2024/07/29 18:37:14 開始します(6592)
2024/07/29 18:37:14 非実行(6592)
2024/07/29 18:37:14 実行中(6592)
2024/07/29 18:38:41 終了しました(6592)
2024/07/29 18:43:07 開始します(6184)
2024/07/29 18:43:07 非実行(6184)
2024/07/29 18:43:07 実行中(6184)
2024/07/29 18:45:02 終了しました(6184)
2024/08/16 09:36:26 開始します(4884)
2024/08/16 09:36:26 非実行(4884)
2024/08/16 09:36:26 実行中(4884)
2024/08/16 09:36:35 終了しました(4884)
2024/08/23 11:01:31 開始します(6556)
2024/08/23 11:01:31 非実行(6556)
2024/08/23 11:01:31 実行中(6556)
2024/08/23 11:01:39 終了しました(6556)
2024/08/27 14:19:13 開始します(5740)
2024/08/27 14:19:13 非実行(5740)
2024/08/27 14:19:13 実行中(5740)
2024/08/27 14:28:46 終了しました(5740)
2024/08/27 14:29:26 開始します(10628)
2024/08/27 14:29:26 非実行(10628)
2024/08/27 14:29:26 実行中(10628)
2024/08/27 14:37:59 終了しました(10628)
2024/09/12 03:51:45 開始します(10176)
2024/09/12 03:51:45 非実行(10176)
2024/09/12 03:51:45 実行中(10176)
2024/09/12 04:01:52 終了しました(10176)
2024/09/17 16:38:25 開始します(9280)
2024/09/17 16:38:25 非実行(9280)
2024/09/17 16:38:25 実行中(9280)
2024/09/17 16:50:59 終了しました(9280)
2024/09/18 11:04:25 開始します(8744)
2024/09/18 11:04:25 非実行(8744)
2024/09/18 11:04:25 実行中(8744)
2024/09/18 11:15:25 終了しました(8744)
2024/09/18 21:24:58 開始します(10348)
2024/09/18 21:24:58 非実行(10348)
2024/09/18 21:24:58 実行中(10348)
2024/09/18 21:34:29 終了しました(10348)
2024/09/20 04:01:39 開始します(13192)
2024/09/20 04:01:39 非実行(13192)
2024/09/20 04:01:39 実行中(13192)
2024/09/20 04:11:50 終了しました(13192)
2024/09/23 07:26:30 開始します(10660)
2024/09/23 07:26:30 非実行(10660)
2024/09/23 07:26:30 実行中(10660)
2024/09/23 07:38:28 終了しました(10660)
2024/09/26 10:44:15 開始します(6412)
2024/09/26 10:44:15 非実行(6412)
2024/09/26 10:44:15 実行中(6412)
2024/09/26 10:56:04 終了しました(6412)
2024/09/28 11:36:13 開始します(10040)
2024/09/28 11:36:13 非実行(10040)
2024/09/28 11:36:13 実行中(10040)
2024/09/28 11:47:55 終了しました(10040)
2024/09/29 10:43:14 開始します(5060)
2024/09/29 10:43:14 非実行(5060)
2024/09/29 10:43:14 実行中(5060)
2024/09/29 10:54:50 終了しました(5060)
2024/10/03 06:13:30 開始します(8856)
2024/10/03 06:13:30 非実行(8856)
2024/10/03 06:13:30 実行中(8856)
2024/10/03 06:25:24 終了しました(8856)
2024/10/04 08:49:12 開始します(7860)
2024/10/04 08:49:12 非実行(7860)
2024/10/04 08:49:12 実行中(7860)
2024/10/04 09:00:59 終了しました(7860)
2024/10/05 08:23:13 開始します(11352)
2024/10/05 08:23:13 非実行(11352)
2024/10/05 08:23:13 実行中(11352)
2024/10/05 08:35:17 終了しました(11352)
2024/10/08 08:07:43 開始します(5596)
2024/10/08 08:07:43 非実行(5596)
2024/10/08 08:07:43 実行中(5596)
2024/10/08 08:19:55 終了しました(5596)
2024/10/09 07:30:05 開始します(13056)
2024/10/09 07:30:05 非実行(13056)
2024/10/09 07:30:05 実行中(13056)
2024/10/09 07:42:12 終了しました(13056)
2024/10/10 08:09:09 開始します(12144)
2024/10/10 08:09:09 非実行(12144)
2024/10/10 08:09:09 実行中(12144)
2024/10/10 08:21:27 終了しました(12144)
2024/10/11 07:17:07 開始します(7088)
2024/10/11 07:17:07 非実行(7088)
2024/10/11 07:17:07 実行中(7088)
2024/10/11 07:28:50 終了しました(7088)
2024/10/13 08:58:39 開始します(7640)
2024/10/13 08:58:39 非実行(7640)
2024/10/13 08:58:39 実行中(7640)
2024/10/13 09:10:44 終了しました(7640)
2024/10/16 07:34:24 開始します(2016)
2024/10/16 07:34:24 非実行(2016)
2024/10/16 07:34:24 実行中(2016)
2024/10/16 07:46:43 終了しました(2016)
2024/10/17 06:44:22 開始します(6588)
2024/10/17 06:44:22 非実行(6588)
2024/10/17 06:44:22 実行中(6588)
2024/10/17 06:56:15 終了しました(6588)
2024/10/18 12:46:49 開始します(7736)
2024/10/18 12:46:49 非実行(7736)
2024/10/18 12:46:49 実行中(7736)
2024/10/18 13:04:35 終了しました(7736)
2024/10/19 05:54:34 開始します(7432)
2024/10/19 05:54:34 非実行(7432)
2024/10/19 05:54:34 実行中(7432)
2024/10/19 06:06:11 終了しました(7432)
2024/10/22 03:58:44 開始します(8208)
2024/10/22 03:58:44 非実行(8208)
2024/10/22 03:58:44 実行中(8208)
2024/10/22 04:10:38 終了しました(8208)
2024/10/23 04:11:09 開始します(5664)
2024/10/23 04:11:09 非実行(5664)
2024/10/23 04:11:09 実行中(5664)
2024/10/23 04:23:56 終了しました(5664)
2024/10/24 05:52:53 開始します(4532)
2024/10/24 05:52:53 非実行(4532)
2024/10/24 05:52:53 実行中(4532)
2024/10/24 06:05:57 終了しました(4532)
2024/10/25 07:15:10 開始します(7920)
2024/10/25 07:15:10 非実行(7920)
2024/10/25 07:15:10 実行中(7920)
2024/10/25 09:18:33 終了しました(7920)
2024/10/27 17:10:09 開始します(7508)
2024/10/27 17:10:09 非実行(7508)
2024/10/27 17:10:09 実行中(7508)
2024/10/27 17:23:25 終了しました(7508)
2024/10/29 04:14:28 開始します(7916)
2024/10/29 04:14:28 非実行(7916)
2024/10/29 04:14:28 実行中(7916)
2024/10/29 04:28:20 終了しました(7916)
2024/10/30 02:39:21 開始します(528)
2024/10/30 02:39:21 非実行(528)
2024/10/30 02:39:21 実行中(528)
2024/10/30 02:47:50 終了しました(528)
2024/10/31 02:09:04 開始します(8684)
2024/10/31 02:09:04 非実行(8684)
2024/10/31 02:09:04 実行中(8684)
2024/10/31 02:16:55 終了しました(8684)
2024/11/01 02:53:01 開始します(4408)
2024/11/01 02:53:01 非実行(4408)
2024/11/01 02:53:01 実行中(4408)
2024/11/01 03:00:58 終了しました(4408)
2024/11/04 00:05:55 開始します(4424)
2024/11/04 00:05:55 非実行(4424)
2024/11/04 00:05:55 実行中(4424)
2024/11/04 00:19:19 終了しました(4424)
2024/11/06 02:04:38 開始します(7652)
2024/11/06 02:04:38 非実行(7652)
2024/11/06 02:04:38 実行中(7652)
2024/11/06 02:17:12 終了しました(7652)
2024/11/07 10:02:06 開始します(6520)
2024/11/07 10:02:06 非実行(6520)
2024/11/07 10:02:06 実行中(6520)
2024/11/07 10:02:13 終了しました(6520)
2024/11/08 09:06:46 開始します(4076)
2024/11/08 09:06:46 非実行(4076)
2024/11/08 09:06:46 実行中(4076)
2024/11/08 09:20:52 終了しました(4076)
2024/11/09 10:32:41 開始します(3796)
2024/11/09 10:32:41 非実行(3796)
2024/11/09 10:32:41 実行中(3796)
2024/11/09 10:46:44 終了しました(3796)
2024/11/12 07:10:43 開始します(512)
2024/11/12 07:10:43 非実行(512)
2024/11/12 07:10:43 実行中(512)
2024/11/12 07:25:44 終了しました(512)
2024/11/13 09:54:35 開始します(4020)
2024/11/13 09:54:35 非実行(4020)
2024/11/13 09:54:35 実行中(4020)
2024/11/13 10:09:14 終了しました(4020)
2024/11/14 10:55:29 開始します(8108)
2024/11/14 10:55:29 非実行(8108)
2024/11/14 10:55:29 実行中(8108)
2024/11/14 11:09:52 終了しました(8108)
2024/11/15 10:40:13 開始します(6592)
2024/11/15 10:40:13 非実行(6592)
2024/11/15 10:40:13 実行中(6592)
2024/11/15 10:54:16 終了しました(6592)
2024/11/17 09:02:04 開始します(7016)
2024/11/17 09:02:04 非実行(7016)
2024/11/17 09:02:04 実行中(7016)
2024/11/17 09:15:38 終了しました(7016)
2024/11/19 11:09:56 開始します(3376)
2024/11/19 11:09:56 非実行(3376)
2024/11/19 11:09:56 実行中(3376)
2024/11/19 11:24:33 終了しました(3376)
2024/11/20 11:01:11 開始します(7276)
2024/11/20 11:01:11 非実行(7276)
2024/11/20 11:01:11 実行中(7276)
2024/11/20 11:15:55 終了しました(7276)
2024/11/21 00:12:09 開始します(7308)
2024/11/21 00:12:09 非実行(7308)
2024/11/21 00:12:09 実行中(7308)
2024/11/21 00:26:08 終了しました(7308)
2024/11/22 14:58:44 開始します(7304)
2024/11/22 14:58:44 非実行(7304)
2024/11/22 14:58:44 実行中(7304)
2024/11/22 15:13:42 終了しました(7304)
2024/12/05 03:31:07 開始します(4504)
2024/12/05 03:31:07 非実行(4504)
2024/12/05 03:31:07 実行中(4504)
2024/12/05 03:45:41 終了しました(4504)
2024/12/06 05:47:13 開始します(9260)
2024/12/06 05:47:13 非実行(9260)
2024/12/06 05:47:13 実行中(9260)
2024/12/06 06:01:50 終了しました(9260)
2024/12/09 16:34:25 開始します(2264)
2024/12/09 16:34:25 非実行(2264)
2024/12/09 16:34:25 実行中(2264)
2024/12/09 16:50:30 終了しました(2264)
2024/12/11 08:22:00 開始します(7596)
2024/12/11 08:22:00 非実行(7596)
2024/12/11 08:22:00 実行中(7596)
2024/12/11 08:33:36 終了しました(7596)
2024/12/13 06:23:23 開始します(7444)
2024/12/13 06:23:23 非実行(7444)
2024/12/13 06:23:23 実行中(7444)
2024/12/13 06:34:39 終了しました(7444)
2024/12/16 06:49:58 開始します(6400)
2024/12/16 06:49:58 非実行(6400)
2024/12/16 06:49:58 実行中(6400)
2024/12/16 07:01:08 終了しました(6400)
2024/12/17 09:36:10 開始します(6368)
2024/12/17 09:36:10 非実行(6368)
2024/12/17 09:36:10 実行中(6368)
2024/12/17 09:47:23 終了しました(6368)
2024/12/18 11:03:42 開始します(700)
2024/12/18 11:03:42 非実行(700)
2024/12/18 11:03:42 実行中(700)
2024/12/18 11:14:15 終了しました(700)
2024/12/19 11:22:19 開始します(4900)
2024/12/19 11:22:19 非実行(4900)
2024/12/19 11:22:19 実行中(4900)
2024/12/19 11:33:24 終了しました(4900)
2024/12/20 14:31:58 開始します(8952)
2024/12/20 14:31:58 非実行(8952)
2024/12/20 14:31:58 実行中(8952)
2024/12/20 14:43:59 終了しました(8952)
2024/12/21 12:55:07 開始します(6208)
2024/12/21 12:55:07 非実行(6208)
2024/12/21 12:55:07 実行中(6208)
2024/12/21 13:06:26 終了しました(6208)
2024/12/22 15:28:19 開始します(5364)
2024/12/22 15:28:19 非実行(5364)
2024/12/22 15:28:19 実行中(5364)
2024/12/22 15:40:25 終了しました(5364)
2024/12/24 07:46:22 開始します(9828)
2024/12/24 07:46:22 非実行(9828)
2024/12/24 07:46:22 実行中(9828)
2024/12/24 07:57:40 終了しました(9828)
2024/12/27 03:52:48 開始します(7748)
2024/12/27 03:52:48 非実行(7748)
2024/12/27 03:52:48 実行中(7748)
2024/12/27 04:03:28 終了しました(7748)
2025/02/06 08:03:34 開始します(3708)
2025/02/06 08:03:34 非実行(3708)
2025/02/06 08:03:34 実行中(3708)
2025/02/06 08:11:53 終了しました(3708)
2025/02/08 03:12:51 開始します(5376)
2025/02/08 03:12:51 非実行(5376)
2025/02/08 03:12:51 実行中(5376)
2025/02/08 03:21:19 終了しました(5376)
2025/02/11 03:59:13 開始します(5716)
2025/02/11 03:59:13 非実行(5716)
2025/02/11 03:59:13 実行中(5716)
2025/02/11 04:08:14 終了しました(5716)
2025/02/14 18:55:44 開始します(2212)
2025/02/14 18:55:44 非実行(2212)
2025/02/14 18:55:44 実行中(2212)
2025/02/14 19:04:45 終了しました(2212)
2025/02/15 18:16:52 開始します(5320)
2025/02/15 18:16:52 非実行(5320)
2025/02/15 18:16:52 実行中(5320)
2025/02/15 18:25:34 終了しました(5320)
2025/02/18 07:47:01 開始します(10684)
2025/02/18 07:47:01 非実行(10684)
2025/02/18 07:47:01 実行中(10684)
2025/02/18 07:56:02 終了しました(10684)
2025/02/19 05:45:44 開始します(8364)
2025/02/19 05:45:44 非実行(8364)
2025/02/19 05:45:44 実行中(8364)
2025/02/19 05:54:42 終了しました(8364)
2025/02/20 02:45:21 開始します(5116)
2025/02/20 02:45:21 非実行(5116)
2025/02/20 02:45:21 実行中(5116)
2025/02/20 02:54:02 終了しました(5116)
2025/02/22 06:52:15 開始します(5544)
2025/02/22 06:52:15 非実行(5544)
2025/02/22 06:52:15 実行中(5544)
2025/02/22 07:00:40 終了しました(5544)
2025/02/23 08:16:59 開始します(7816)
2025/02/23 08:16:59 非実行(7816)
2025/02/23 08:16:59 実行中(7816)
2025/02/23 08:25:29 終了しました(7816)
2025/02/27 06:46:02 開始します(10912)
2025/02/27 06:46:02 非実行(10912)
2025/02/27 06:46:02 実行中(10912)
2025/02/27 06:54:39 終了しました(10912)
2025/02/28 03:22:58 開始します(9084)
2025/02/28 03:22:58 非実行(9084)
2025/02/28 03:22:58 実行中(9084)
2025/02/28 03:31:41 終了しました(9084)
2025/03/01 03:10:09 開始します(9884)
2025/03/01 03:10:09 非実行(9884)
2025/03/01 03:10:09 実行中(9884)
2025/03/01 03:18:48 終了しました(9884)
2025/03/07 23:57:11 開始します(11144)
2025/03/07 23:57:11 非実行(11144)
2025/03/07 23:57:11 実行中(11144)
2025/03/08 00:05:36 終了しました(11144)
2025/03/10 23:34:20 開始します(4372)
2025/03/10 23:34:20 非実行(4372)
2025/03/10 23:34:20 実行中(4372)
2025/03/10 23:42:35 終了しました(4372)
2025/03/11 23:33:08 開始します(8492)
2025/03/11 23:33:08 非実行(8492)
2025/03/11 23:33:08 実行中(8492)
2025/03/11 23:41:15 終了しました(8492)
2025/03/12 23:56:33 開始します(436)
2025/03/12 23:56:33 非実行(436)
2025/03/12 23:56:33 実行中(436)
2025/03/13 00:07:29 終了しました(436)
2025/03/13 23:50:29 開始します(4600)
2025/03/13 23:50:29 非実行(4600)
2025/03/13 23:50:29 実行中(4600)
2025/03/13 23:58:59 終了しました(4600)
2025/03/14 23:50:07 開始します(6100)
2025/03/14 23:50:07 非実行(6100)
2025/03/14 23:50:07 実行中(6100)
2025/03/14 23:58:30 終了しました(6100)
2025/03/15 23:50:27 開始します(4192)
2025/03/15 23:50:27 非実行(4192)
2025/03/15 23:50:27 実行中(4192)
2025/03/15 23:58:48 終了しました(4192)
2025/03/16 23:51:12 開始します(5376)
2025/03/16 23:51:12 非実行(5376)
2025/03/16 23:51:12 実行中(5376)
2025/03/16 23:59:33 終了しました(5376)
2025/03/17 23:47:59 開始します(664)
2025/03/17 23:47:59 非実行(664)
2025/03/17 23:47:59 実行中(664)
2025/03/17 23:56:26 終了しました(664)
2025/03/18 23:59:46 開始します(2964)
2025/03/18 23:59:46 非実行(2964)
2025/03/18 23:59:46 実行中(2964)
2025/03/19 00:11:01 終了しました(2964)
2025/03/20 23:52:15 開始します(12280)
2025/03/20 23:52:15 非実行(12280)
2025/03/20 23:52:15 実行中(12280)
2025/03/21 00:01:20 終了しました(12280)
2025/03/21 23:51:56 開始します(12280)
2025/03/21 23:51:56 非実行(12280)
2025/03/21 23:51:56 実行中(12280)
2025/03/22 00:00:44 終了しました(12280)
2025/03/22 23:53:07 開始します(1792)
2025/03/22 23:53:07 非実行(1792)
2025/03/22 23:53:07 実行中(1792)
2025/03/23 00:01:39 終了しました(1792)
2025/03/23 23:51:47 開始します(4000)
2025/03/23 23:51:47 非実行(4000)
2025/03/23 23:51:47 実行中(4000)
2025/03/24 00:00:14 終了しました(4000)
2025/03/24 23:57:03 開始します(6012)
2025/03/24 23:57:03 非実行(6012)
2025/03/24 23:57:03 実行中(6012)
2025/03/25 00:07:17 終了しました(6012)
2025/03/25 23:51:26 開始します(6416)
2025/03/25 23:51:26 非実行(6416)
2025/03/25 23:51:26 実行中(6416)
2025/03/25 23:52:43 終了しました(6416)
2025/03/26 23:55:18 開始します(2004)
2025/03/26 23:55:18 非実行(2004)
2025/03/26 23:55:18 実行中(2004)
2025/03/27 00:04:49 終了しました(2004)
2025/03/27 23:50:59 開始します(2816)
2025/03/27 23:50:59 非実行(2816)
2025/03/27 23:50:59 実行中(2816)
2025/03/27 23:59:37 終了しました(2816)
2025/03/29 00:22:18 開始します(3280)
2025/03/29 00:22:18 非実行(3280)
2025/03/29 00:22:18 実行中(3280)
2025/03/29 00:23:31 終了しました(3280)
2025/03/30 00:26:07 開始します(2788)
2025/03/30 00:26:07 非実行(2788)
2025/03/30 00:26:07 実行中(2788)
2025/03/30 00:38:09 終了しました(2788)
2025/03/31 00:16:33 開始します(10776)
2025/03/31 00:16:33 非実行(10776)
2025/03/31 00:16:33 実行中(10776)
2025/03/31 00:27:21 終了しました(10776)
2025/04/01 00:13:23 開始します(5948)
2025/04/01 00:13:23 非実行(5948)
2025/04/01 00:13:23 実行中(5948)
2025/04/01 00:24:06 終了しました(5948)
2025/04/02 00:10:15 開始します(232)
2025/04/02 00:10:15 非実行(232)
2025/04/02 00:10:15 実行中(232)
2025/04/02 00:21:38 終了しました(232)
2025/04/03 00:12:27 開始します(5004)
2025/04/03 00:12:27 非実行(5004)
2025/04/03 00:12:27 実行中(5004)
2025/04/03 00:22:53 終了しました(5004)
2025/04/04 00:05:03 開始します(6760)
2025/04/04 00:05:03 非実行(6760)
2025/04/04 00:05:03 実行中(6760)
2025/04/04 00:15:27 終了しました(6760)
2025/04/05 00:07:32 開始します(736)
2025/04/05 00:07:32 非実行(736)
2025/04/05 00:07:32 実行中(736)
2025/04/05 00:17:54 終了しました(736)
2025/04/06 00:04:52 開始します(2996)
2025/04/06 00:04:52 非実行(2996)
2025/04/06 00:04:52 実行中(2996)
2025/04/06 00:15:27 終了しました(2996)
2025/04/06 23:56:48 開始します(9092)
2025/04/06 23:56:48 非実行(9092)
2025/04/06 23:56:48 実行中(9092)
2025/04/07 00:07:55 終了しました(9092)
2025/04/07 23:56:56 開始します(8648)
2025/04/07 23:56:56 非実行(8648)
2025/04/07 23:56:56 実行中(8648)
2025/04/08 00:06:38 終了しました(8648)
2025/04/09 00:08:21 開始します(8228)
2025/04/09 00:08:21 非実行(8228)
2025/04/09 00:08:21 実行中(8228)
2025/04/09 00:19:29 終了しました(8228)
2025/04/10 00:21:02 開始します(432)
2025/04/10 00:21:02 非実行(432)
2025/04/10 00:21:02 実行中(432)
2025/04/10 00:31:26 終了しました(432)
2025/04/11 00:27:57 開始します(2680)
2025/04/11 00:27:57 非実行(2680)
2025/04/11 00:27:57 実行中(2680)
2025/04/11 00:38:41 終了しました(2680)
2025/04/12 23:51:26 開始します(12072)
2025/04/12 23:51:26 非実行(12072)
2025/04/12 23:51:26 実行中(12072)
2025/04/13 00:02:12 終了しました(12072)
2025/04/14 00:39:18 開始します(7588)
2025/04/14 00:39:18 非実行(7588)
2025/04/14 00:39:18 実行中(7588)
2025/04/14 00:49:47 終了しました(7588)
2025/04/15 00:39:16 開始します(13068)
2025/04/15 00:39:16 非実行(13068)
2025/04/15 00:39:16 実行中(13068)
2025/04/15 00:49:26 終了しました(13068)
2025/04/16 00:55:32 開始します(8136)
2025/04/16 00:55:32 非実行(8136)
2025/04/16 00:55:32 実行中(8136)
2025/04/16 01:06:56 終了しました(8136)
2025/04/17 01:11:24 開始します(11076)
2025/04/17 01:11:24 非実行(11076)
2025/04/17 01:11:24 実行中(11076)
2025/04/17 01:22:15 終了しました(11076)
2025/04/18 00:57:49 開始します(1404)
2025/04/18 00:57:49 非実行(1404)
2025/04/18 00:57:49 実行中(1404)
2025/04/18 01:08:42 終了しました(1404)
2025/04/19 00:58:24 開始します(100)
2025/04/19 00:58:24 非実行(100)
2025/04/19 00:58:24 実行中(100)
2025/04/19 01:09:41 終了しました(100)
2025/04/20 00:53:39 開始します(4448)
2025/04/20 00:53:39 非実行(4448)
2025/04/20 00:53:39 実行中(4448)
2025/04/20 01:04:56 終了しました(4448)
2025/04/21 00:52:34 開始します(2420)
2025/04/21 00:52:34 非実行(2420)
2025/04/21 00:52:34 実行中(2420)
2025/04/21 01:03:35 終了しました(2420)
2025/04/22 00:50:06 開始します(7844)
2025/04/22 00:50:06 非実行(7844)
2025/04/22 00:50:06 実行中(7844)
2025/04/22 01:00:59 終了しました(7844)
2025/04/23 00:53:09 開始します(4944)
2025/04/23 00:53:09 非実行(4944)
2025/04/23 00:53:09 実行中(4944)
2025/04/23 01:04:50 終了しました(4944)
2025/04/24 00:58:49 開始します(7332)
2025/04/24 00:58:49 非実行(7332)
2025/04/24 00:58:49 実行中(7332)
2025/04/24 01:09:21 終了しました(7332)
2025/04/25 00:45:33 開始します(892)
2025/04/25 00:45:33 非実行(892)
2025/04/25 00:45:33 実行中(892)
2025/04/25 00:56:34 終了しました(892)
2025/04/26 00:44:40 開始します(4968)
2025/04/26 00:44:40 非実行(4968)
2025/04/26 00:44:40 実行中(4968)
2025/04/26 00:55:46 終了しました(4968)
2025/04/27 00:47:47 開始します(2316)
2025/04/27 00:47:47 非実行(2316)
2025/04/27 00:47:47 実行中(2316)
2025/04/27 00:58:59 終了しました(2316)
2025/04/28 00:38:15 開始します(1812)
2025/04/28 00:38:15 非実行(1812)
2025/04/28 00:38:15 実行中(1812)
2025/04/28 00:46:35 終了しました(1812)
2025/04/29 00:36:51 開始します(5468)
2025/04/29 00:36:51 非実行(5468)
2025/04/29 00:36:51 実行中(5468)
2025/04/29 00:45:20 終了しました(5468)
2025/04/30 00:40:56 開始します(5876)
2025/04/30 00:40:56 非実行(5876)
2025/04/30 00:40:56 実行中(5876)
2025/04/30 00:49:48 終了しました(5876)
2025/05/01 00:39:10 開始します(7292)
2025/05/01 00:39:10 非実行(7292)
2025/05/01 00:39:10 実行中(7292)
2025/05/01 00:47:22 終了しました(7292)
2025/05/02 00:32:41 開始します(6684)
2025/05/02 00:32:41 非実行(6684)
2025/05/02 00:32:41 実行中(6684)
2025/05/02 00:40:50 終了しました(6684)
2025/05/03 00:34:29 開始します(6656)
2025/05/03 00:34:29 非実行(6656)
2025/05/03 00:34:29 実行中(6656)
2025/05/03 00:42:28 終了しました(6656)
2025/05/04 00:33:02 開始します(4436)
2025/05/04 00:33:02 非実行(4436)
2025/05/04 00:33:02 実行中(4436)
2025/05/04 00:40:53 終了しました(4436)
2025/05/05 00:30:02 開始します(2132)
2025/05/05 00:30:02 非実行(2132)
2025/05/05 00:30:02 実行中(2132)
2025/05/05 00:37:57 終了しました(2132)
2025/05/06 00:28:45 開始します(528)
2025/05/06 00:28:45 非実行(528)
2025/05/06 00:28:45 実行中(528)
2025/05/06 00:36:38 終了しました(528)
2025/05/07 00:31:05 開始します(496)
2025/05/07 00:31:05 非実行(496)
2025/05/07 00:31:05 実行中(496)
2025/05/07 00:39:23 終了しました(496)
2025/05/08 00:26:46 開始します(1844)
2025/05/08 00:26:46 非実行(1844)
2025/05/08 00:26:46 実行中(1844)
2025/05/08 00:34:30 終了しました(1844)
2025/05/09 00:28:24 開始します(8452)
2025/05/09 00:28:24 非実行(8452)
2025/05/09 00:28:24 実行中(8452)
2025/05/09 00:35:54 終了しました(8452)
2025/05/10 00:27:12 開始します(4412)
2025/05/10 00:27:12 非実行(4412)
2025/05/10 00:27:12 実行中(4412)
2025/05/10 00:36:29 終了しました(4412)
2025/05/11 00:47:18 開始します(1028)
2025/05/11 00:47:18 非実行(1028)
2025/05/11 00:47:18 実行中(1028)
2025/05/11 00:58:10 終了しました(1028)
2025/05/12 00:41:47 開始します(4696)
2025/05/12 00:41:47 非実行(4696)
2025/05/12 00:41:47 実行中(4696)
2025/05/12 00:50:03 終了しました(4696)
2025/05/13 00:44:03 開始します(4180)
2025/05/13 00:44:03 非実行(4180)
2025/05/13 00:44:03 実行中(4180)
2025/05/13 00:52:23 終了しました(4180)
2025/05/14 00:47:18 開始します(6532)
2025/05/14 00:47:18 非実行(6532)
2025/05/14 00:47:18 実行中(6532)
2025/05/14 00:56:00 終了しました(6532)
2025/05/15 00:42:23 開始します(576)
2025/05/15 00:42:23 非実行(576)
2025/05/15 00:42:23 実行中(576)
2025/05/15 00:50:39 終了しました(576)
2025/05/16 02:07:27 開始します(352)
2025/05/16 02:07:27 非実行(352)
2025/05/16 02:07:27 実行中(352)
2025/05/16 02:16:07 終了しました(352)
2025/05/17 01:04:57 開始します(3004)
2025/05/17 01:04:57 非実行(3004)
2025/05/17 01:04:57 実行中(3004)
2025/05/17 01:16:02 終了しました(3004)
2025/05/18 00:46:02 開始します(5632)
2025/05/18 00:46:02 非実行(5632)
2025/05/18 00:46:02 実行中(5632)
2025/05/18 00:56:52 終了しました(5632)
2025/05/19 00:44:13 開始します(6188)
2025/05/19 00:44:13 非実行(6188)
2025/05/19 00:44:13 実行中(6188)
2025/05/19 00:52:26 終了しました(6188)
2025/05/20 00:56:00 開始します(724)
2025/05/20 00:56:00 非実行(724)
2025/05/20 00:56:00 実行中(724)
2025/05/20 01:06:53 終了しました(724)
2025/05/21 00:48:39 開始します(4312)
2025/05/21 00:48:39 非実行(4312)
2025/05/21 00:48:39 実行中(4312)
2025/05/21 00:59:58 終了しました(4312)
2025/05/22 00:49:20 開始します(1124)
2025/05/22 00:49:20 非実行(1124)
2025/05/22 00:49:20 実行中(1124)
2025/05/22 01:00:17 終了しました(1124)
2025/05/24 00:45:22 開始します(7336)
2025/05/24 00:45:22 非実行(7336)
2025/05/24 00:45:22 実行中(7336)
2025/05/24 00:53:43 終了しました(7336)
2025/05/25 00:44:20 開始します(516)
2025/05/25 00:44:20 非実行(516)
2025/05/25 00:44:20 実行中(516)
2025/05/25 00:52:38 終了しました(516)
2025/05/26 00:43:49 開始します(4412)
2025/05/26 00:43:49 非実行(4412)
2025/05/26 00:43:49 実行中(4412)
2025/05/26 00:52:02 終了しました(4412)
2025/05/27 01:06:23 開始します(2928)
2025/05/27 01:06:23 非実行(2928)
2025/05/27 01:06:23 実行中(2928)
2025/05/27 01:14:37 終了しました(2928)
2025/05/28 00:46:42 開始します(888)
2025/05/28 00:46:42 非実行(888)
2025/05/28 00:46:42 実行中(888)
2025/05/28 00:55:15 終了しました(888)
2025/05/29 00:46:57 開始します(4928)
2025/05/29 00:46:57 非実行(4928)
2025/05/29 00:46:57 実行中(4928)
2025/05/29 00:55:24 終了しました(4928)
2025/05/30 00:43:39 開始します(1640)
2025/05/30 00:43:39 非実行(1640)
2025/05/30 00:43:39 実行中(1640)
2025/05/30 00:51:55 終了しました(1640)
2025/05/31 00:43:51 開始します(6656)
2025/05/31 00:43:51 非実行(6656)
2025/05/31 00:43:51 実行中(6656)
2025/05/31 00:52:02 終了しました(6656)
2025/06/01 00:41:35 開始します(4656)
2025/06/01 00:41:35 非実行(4656)
2025/06/01 00:41:35 実行中(4656)
2025/06/01 00:49:39 終了しました(4656)
2025/06/02 00:40:25 開始します(1948)
2025/06/02 00:40:25 非実行(1948)
2025/06/02 00:40:25 実行中(1948)
2025/06/02 00:48:30 終了しました(1948)
2025/06/03 00:40:52 開始します(4212)
2025/06/03 00:40:52 非実行(4212)
2025/06/03 00:40:52 実行中(4212)
2025/06/03 00:49:01 終了しました(4212)
2025/06/04 00:53:12 開始します(6960)
2025/06/04 00:53:12 非実行(6960)
2025/06/04 00:53:12 実行中(6960)
2025/06/04 01:01:50 終了しました(6960)
2025/06/05 00:52:08 開始します(2896)
2025/06/05 00:52:08 非実行(2896)
2025/06/05 00:52:08 実行中(2896)
2025/06/05 01:00:36 終了しました(2896)
2025/06/06 00:48:16 開始します(3580)
2025/06/06 00:48:16 非実行(3580)
2025/06/06 00:48:16 実行中(3580)
2025/06/06 00:56:33 終了しました(3580)
2025/06/07 00:44:58 開始します(6512)
2025/06/07 00:44:58 非実行(6512)
2025/06/07 00:44:58 実行中(6512)
2025/06/07 00:53:12 終了しました(6512)
2025/06/08 00:44:27 開始します(5040)
2025/06/08 00:44:27 非実行(5040)
2025/06/08 00:44:27 実行中(5040)
2025/06/08 00:52:39 終了しました(5040)
2025/06/09 00:44:22 開始します(560)
2025/06/09 00:44:22 非実行(560)
2025/06/09 00:44:22 実行中(560)
2025/06/09 00:52:34 終了しました(560)
2025/06/10 01:19:06 開始します(6176)
2025/06/10 01:19:06 非実行(6176)
2025/06/10 01:19:06 実行中(6176)
2025/06/10 01:27:19 終了しました(6176)
2025/06/11 00:51:17 開始します(3740)
2025/06/11 00:51:17 非実行(3740)
2025/06/11 00:51:17 実行中(3740)
2025/06/11 00:59:57 終了しました(3740)
2025/06/12 01:10:00 開始します(6444)
2025/06/12 01:10:00 非実行(6444)
2025/06/12 01:10:00 実行中(6444)
2025/06/12 01:18:31 終了しました(6444)
2025/06/13 01:03:17 開始します(5528)
2025/06/13 01:03:17 非実行(5528)
2025/06/13 01:03:17 実行中(5528)
2025/06/13 01:11:37 終了しました(5528)
2025/06/14 01:07:28 開始します(5364)
2025/06/14 01:07:28 非実行(5364)
2025/06/14 01:07:28 実行中(5364)
2025/06/14 01:15:47 終了しました(5364)
2025/06/15 00:57:28 開始します(5676)
2025/06/15 00:57:28 非実行(5676)
2025/06/15 00:57:28 実行中(5676)
2025/06/15 01:05:48 終了しました(5676)
2025/06/16 00:51:30 開始します(2000)
2025/06/16 00:51:30 非実行(2000)
2025/06/16 00:51:30 実行中(2000)
2025/06/16 00:59:44 終了しました(2000)
2025/06/17 00:55:35 開始します(2040)
2025/06/17 00:55:35 非実行(2040)
2025/06/17 00:55:35 実行中(2040)
2025/06/17 01:03:46 終了しました(2040)
2025/06/18 01:07:27 開始します(6136)
2025/06/18 01:07:27 非実行(6136)
2025/06/18 01:07:27 実行中(6136)
2025/06/18 01:16:07 終了しました(6136)
2025/06/19 01:23:10 開始します(7856)
2025/06/19 01:23:10 非実行(7856)
2025/06/19 01:23:10 実行中(7856)
2025/06/19 01:31:39 終了しました(7856)
2025/06/20 01:05:16 開始します(4036)
2025/06/20 01:05:16 非実行(4036)
2025/06/20 01:05:16 実行中(4036)
2025/06/20 01:13:33 終了しました(4036)
2025/06/21 01:01:48 開始します(3028)
2025/06/21 01:01:48 非実行(3028)
2025/06/21 01:01:48 実行中(3028)
2025/06/21 01:10:15 終了しました(3028)
2025/06/22 00:59:12 開始します(2136)
2025/06/22 00:59:12 非実行(2136)
2025/06/22 00:59:12 実行中(2136)
2025/06/22 01:07:31 終了しました(2136)
2025/06/23 00:50:51 開始します(5392)
2025/06/23 00:50:51 非実行(5392)
2025/06/23 00:50:51 実行中(5392)
2025/06/23 00:59:03 終了しました(5392)
2025/06/24 01:59:16 開始します(4332)
2025/06/24 01:59:16 非実行(4332)
2025/06/24 01:59:16 実行中(4332)
2025/06/24 02:07:32 終了しました(4332)
2025/06/25 01:02:44 開始します(5736)
2025/06/25 01:02:44 非実行(5736)
2025/06/25 01:02:44 実行中(5736)
2025/06/25 01:11:25 終了しました(5736)
2025/06/26 01:05:58 開始します(4048)
2025/06/26 01:05:58 非実行(4048)
2025/06/26 01:05:58 実行中(4048)
2025/06/26 01:14:28 終了しました(4048)
2025/06/27 00:49:54 開始します(140)
2025/06/27 00:49:54 非実行(140)
2025/06/27 00:49:54 実行中(140)
2025/06/27 00:58:14 終了しました(140)
2025/06/28 00:45:28 開始します(1220)
2025/06/28 00:45:28 非実行(1220)
2025/06/28 00:45:28 実行中(1220)
2025/06/28 00:53:39 終了しました(1220)
2025/06/29 00:45:31 開始します(3132)
2025/06/29 00:45:31 非実行(3132)
2025/06/29 00:45:31 実行中(3132)
2025/06/29 00:53:41 終了しました(3132)
2025/06/30 00:40:24 開始します(3240)
2025/06/30 00:40:24 非実行(3240)
2025/06/30 00:40:24 実行中(3240)
2025/06/30 00:48:35 終了しました(3240)
2025/07/01 00:44:44 開始します(4640)
2025/07/01 00:44:44 非実行(4640)
2025/07/01 00:44:44 実行中(4640)
2025/07/01 00:52:52 終了しました(4640)
2025/07/02 00:50:52 開始します(4648)
2025/07/02 00:50:52 非実行(4648)
2025/07/02 00:50:52 実行中(4648)
2025/07/02 00:59:20 終了しました(4648)
2025/07/03 00:50:56 開始します(1052)
2025/07/03 00:50:56 非実行(1052)
2025/07/03 00:50:56 実行中(1052)
2025/07/03 00:59:09 終了しました(1052)
2025/07/04 00:44:10 開始します(2732)
2025/07/04 00:44:10 非実行(2732)
2025/07/04 00:44:10 実行中(2732)
2025/07/04 00:52:14 終了しました(2732)
2025/07/05 00:44:01 開始します(1356)
2025/07/05 00:44:01 非実行(1356)
2025/07/05 00:44:01 実行中(1356)
2025/07/05 00:51:58 終了しました(1356)
2025/07/06 00:42:43 開始します(648)
2025/07/06 00:42:43 非実行(648)
2025/07/06 00:42:43 実行中(648)
2025/07/06 00:50:49 終了しました(648)
2025/07/07 00:42:48 開始します(2368)
2025/07/07 00:42:48 非実行(2368)
2025/07/07 00:42:48 実行中(2368)
2025/07/07 00:50:50 終了しました(2368)
2025/07/08 00:43:03 開始します(5820)
2025/07/08 00:43:03 非実行(5820)
2025/07/08 00:43:03 実行中(5820)
2025/07/08 00:51:11 終了しました(5820)
2025/07/09 01:06:32 開始します(2388)
2025/07/09 01:06:32 非実行(2388)
2025/07/09 01:06:32 実行中(2388)
2025/07/09 01:15:12 終了しました(2388)
2025/07/10 01:12:46 開始します(6772)
2025/07/10 01:12:46 非実行(6772)
2025/07/10 01:12:46 実行中(6772)
2025/07/10 01:21:22 終了しました(6772)
2025/07/11 00:51:51 開始します(2004)
2025/07/11 00:51:51 非実行(2004)
2025/07/11 00:51:51 実行中(2004)
2025/07/11 01:00:08 終了しました(2004)
2025/07/12 00:53:16 開始します(6452)
2025/07/12 00:53:16 非実行(6452)
2025/07/12 00:53:16 実行中(6452)
2025/07/12 01:01:28 終了しました(6452)
2025/07/13 00:49:04 開始します(3836)
2025/07/13 00:49:04 非実行(3836)
2025/07/13 00:49:04 実行中(3836)
2025/07/13 00:57:17 終了しました(3836)
2025/07/14 00:48:35 開始します(4936)
2025/07/14 00:48:35 非実行(4936)
2025/07/14 00:48:35 実行中(4936)
2025/07/14 00:56:47 終了しました(4936)
2025/07/15 00:56:45 開始します(1308)
2025/07/15 00:56:45 非実行(1308)
2025/07/15 00:56:45 実行中(1308)
2025/07/15 01:04:55 終了しました(1308)
2025/07/16 00:59:49 開始します(5712)
2025/07/16 00:59:49 非実行(5712)
2025/07/16 00:59:49 実行中(5712)
2025/07/16 01:08:27 終了しました(5712)
2025/07/17 01:06:58 開始します(5488)
2025/07/17 01:06:58 非実行(5488)
2025/07/17 01:06:58 実行中(5488)
2025/07/17 01:15:24 終了しました(5488)
2025/07/18 00:53:12 開始します(3080)
2025/07/18 00:53:12 非実行(3080)
2025/07/18 00:53:12 実行中(3080)
2025/07/18 01:01:27 終了しました(3080)
2025/07/19 00:57:08 開始します(3572)
2025/07/19 00:57:08 非実行(3572)
2025/07/19 00:57:08 実行中(3572)
2025/07/19 01:05:23 終了しました(3572)
2025/07/20 00:51:52 開始します(5684)
2025/07/20 00:51:52 非実行(5684)
2025/07/20 00:51:52 実行中(5684)
2025/07/20 01:00:06 終了しました(5684)
2025/07/21 00:47:49 開始します(812)
2025/07/21 00:47:49 非実行(812)
2025/07/21 00:47:49 実行中(812)
2025/07/21 00:56:02 終了しました(812)
2025/07/22 00:59:29 開始します(5756)
2025/07/22 00:59:29 非実行(5756)
2025/07/22 00:59:29 実行中(5756)
2025/07/22 01:07:53 終了しました(5756)
2025/07/23 01:10:30 開始します(2836)
2025/07/23 01:10:30 非実行(2836)
2025/07/23 01:10:30 実行中(2836)
2025/07/23 01:19:16 終了しました(2836)
2025/07/24 01:09:05 開始します(4428)
2025/07/24 01:09:05 非実行(4428)
2025/07/24 01:09:05 実行中(4428)
2025/07/24 01:17:39 終了しました(4428)
2025/07/25 00:51:27 開始します(1944)
2025/07/25 00:51:27 非実行(1944)
2025/07/25 00:51:27 実行中(1944)
2025/07/25 00:59:54 終了しました(1944)
2025/07/26 00:59:50 開始します(5620)
2025/07/26 00:59:50 非実行(5620)
2025/07/26 00:59:50 実行中(5620)
2025/07/26 01:08:13 終了しました(5620)
2025/07/27 00:53:18 開始します(5936)
2025/07/27 00:53:18 非実行(5936)
2025/07/27 00:53:18 実行中(5936)
2025/07/27 01:01:43 終了しました(5936)
2025/07/28 00:51:24 開始します(4356)
2025/07/28 00:51:24 非実行(4356)
2025/07/28 00:51:24 実行中(4356)
2025/07/28 00:59:47 終了しました(4356)
2025/07/29 00:55:01 開始します(2944)
2025/07/29 00:55:01 非実行(2944)
2025/07/29 00:55:01 実行中(2944)
2025/07/29 01:03:27 終了しました(2944)
2025/07/30 01:00:52 開始します(3016)
2025/07/30 01:00:52 非実行(3016)
2025/07/30 01:00:52 実行中(3016)
2025/07/30 01:09:47 終了しました(3016)
2025/07/31 00:59:09 開始します(5392)
2025/07/31 00:59:09 非実行(5392)
2025/07/31 00:59:09 実行中(5392)
2025/07/31 01:07:46 終了しました(5392)
2025/08/01 00:46:12 開始します(948)
2025/08/01 00:46:12 非実行(948)
2025/08/01 00:46:12 実行中(948)
2025/08/01 00:54:27 終了しました(948)
2025/08/02 00:44:57 開始します(4636)
2025/08/02 00:44:57 非実行(4636)
2025/08/02 00:44:57 実行中(4636)
2025/08/02 00:53:14 終了しました(4636)
2025/08/03 00:44:11 開始します(2776)
2025/08/03 00:44:11 非実行(2776)
2025/08/03 00:44:11 実行中(2776)
2025/08/03 00:52:25 終了しました(2776)
2025/08/04 00:45:48 開始します(576)
2025/08/04 00:45:48 非実行(576)
2025/08/04 00:45:48 実行中(576)
2025/08/04 00:54:03 終了しました(576)
2025/08/05 00:42:16 開始します(3496)
2025/08/05 00:42:16 非実行(3496)
2025/08/05 00:42:16 実行中(3496)
2025/08/05 00:50:33 終了しました(3496)
2025/08/06 01:01:55 開始します(3604)
2025/08/06 01:01:55 非実行(3604)
2025/08/06 01:01:55 実行中(3604)
2025/08/06 01:10:42 終了しました(3604)
2025/08/07 01:10:16 開始します(4948)
2025/08/07 01:10:16 非実行(4948)
2025/08/07 01:10:16 実行中(4948)
2025/08/07 01:18:50 終了しました(4948)
2025/08/08 00:47:39 開始します(5984)
2025/08/08 00:47:39 非実行(5984)
2025/08/08 00:47:39 実行中(5984)
2025/08/08 00:56:01 終了しました(5984)
2025/08/09 00:57:58 開始します(4072)
2025/08/09 00:57:58 非実行(4072)
2025/08/09 00:57:58 実行中(4072)
2025/08/09 01:06:20 終了しました(4072)
2025/08/10 00:51:06 開始します(5448)
2025/08/10 00:51:06 非実行(5448)
2025/08/10 00:51:06 実行中(5448)
2025/08/10 00:59:29 終了しました(5448)
2025/08/11 00:43:45 開始します(6592)
2025/08/11 00:43:45 非実行(6592)
2025/08/11 00:43:45 実行中(6592)
2025/08/11 00:52:03 終了しました(6592)
2025/08/12 00:44:48 開始します(2452)
2025/08/12 00:44:48 非実行(2452)
2025/08/12 00:44:48 実行中(2452)
2025/08/12 00:53:05 終了しました(2452)
2025/08/13 01:05:11 開始します(1896)
2025/08/13 01:05:11 非実行(1896)
2025/08/13 01:05:11 実行中(1896)
2025/08/13 01:13:58 終了しました(1896)
2025/08/14 01:07:43 開始します(3416)
2025/08/14 01:07:43 非実行(3416)
2025/08/14 01:07:43 実行中(3416)
2025/08/14 01:16:21 終了しました(3416)
2025/08/15 01:02:08 開始します(5732)
2025/08/15 01:02:08 非実行(5732)
2025/08/15 01:02:08 実行中(5732)
2025/08/15 01:10:32 終了しました(5732)
2025/08/16 00:58:15 開始します(1216)
2025/08/16 00:58:15 非実行(1216)
2025/08/16 00:58:15 実行中(1216)
2025/08/16 01:06:39 終了しました(1216)
2025/08/17 00:52:03 開始します(2856)
2025/08/17 00:52:03 非実行(2856)
2025/08/17 00:52:03 実行中(2856)
2025/08/17 01:00:25 終了しました(2856)
2025/08/18 00:48:19 開始します(2348)
2025/08/18 00:48:19 非実行(2348)
2025/08/18 00:48:19 実行中(2348)
2025/08/18 00:56:38 終了しました(2348)
2025/08/19 01:06:20 開始します(5740)
2025/08/19 01:06:20 非実行(5740)
2025/08/19 01:06:20 実行中(5740)
2025/08/19 01:14:46 終了しました(5740)
2025/08/20 01:08:40 開始します(4340)
2025/08/20 01:08:40 非実行(4340)
2025/08/20 01:08:40 実行中(4340)
2025/08/20 01:17:25 終了しました(4340)
2025/08/21 01:16:17 開始します(5280)
2025/08/21 01:16:17 非実行(5280)
2025/08/21 01:16:17 実行中(5280)
2025/08/21 01:24:48 終了しました(5280)
2025/08/22 01:00:09 開始します(6748)
2025/08/22 01:00:09 非実行(6748)
2025/08/22 01:00:09 実行中(6748)
2025/08/22 01:08:24 終了しました(6748)
2025/08/23 00:59:27 開始します(3992)
2025/08/23 00:59:27 非実行(3992)
2025/08/23 00:59:27 実行中(3992)
2025/08/23 01:07:41 終了しました(3992)
2025/08/24 00:53:09 開始します(540)
2025/08/24 00:53:09 非実行(540)
2025/08/24 00:53:09 実行中(540)
2025/08/24 01:01:24 終了しました(540)
2025/08/25 00:45:58 開始します(5532)
2025/08/25 00:45:58 非実行(5532)
2025/08/25 00:45:58 実行中(5532)
2025/08/25 00:54:07 終了しました(5532)
2025/08/26 00:55:29 開始します(6424)
2025/08/26 00:55:29 非実行(6424)
2025/08/26 00:55:29 実行中(6424)
2025/08/26 01:03:42 終了しました(6424)
2025/08/27 01:01:48 開始します(4036)
2025/08/27 01:01:48 非実行(4036)
2025/08/27 01:01:48 実行中(4036)
2025/08/27 01:10:31 終了しました(4036)
2025/08/28 01:04:18 開始します(4532)
2025/08/28 01:04:18 非実行(4532)
2025/08/28 01:04:18 実行中(4532)
2025/08/28 01:12:43 終了しました(4532)
2025/08/29 00:45:45 開始します(1172)
2025/08/29 00:45:45 非実行(1172)
2025/08/29 00:45:45 実行中(1172)
2025/08/29 00:53:55 終了しました(1172)
2025/08/30 00:47:58 開始します(952)
2025/08/30 00:47:58 非実行(952)
2025/08/30 00:47:58 実行中(952)
2025/08/30 00:56:10 終了しました(952)
2025/08/31 00:44:44 開始します(5684)
2025/08/31 00:44:44 非実行(5684)
2025/08/31 00:44:44 実行中(5684)
2025/08/31 00:52:52 終了しました(5684)
2025/09/01 00:42:51 開始します(2492)
2025/09/01 00:42:51 非実行(2492)
2025/09/01 00:42:51 実行中(2492)
2025/09/01 00:50:49 終了しました(2492)
2025/09/02 00:57:15 開始します(852)
2025/09/02 00:57:15 非実行(852)
2025/09/02 00:57:15 実行中(852)
2025/09/02 01:05:10 終了しました(852)
2025/09/03 00:50:55 開始します(5304)
2025/09/03 00:50:55 非実行(5304)
2025/09/03 00:50:55 実行中(5304)
2025/09/03 00:59:21 終了しました(5304)
2025/09/04 00:47:10 開始します(1284)
2025/09/04 00:47:10 非実行(1284)
2025/09/04 00:47:10 実行中(1284)
2025/09/04 00:55:21 終了しました(1284)
2025/09/05 00:42:59 開始します(1564)
2025/09/05 00:42:59 非実行(1564)
2025/09/05 00:42:59 実行中(1564)
2025/09/05 00:51:00 終了しました(1564)
2025/09/06 00:41:24 開始します(6020)
2025/09/06 00:41:24 非実行(6020)
2025/09/06 00:41:24 実行中(6020)
2025/09/06 00:49:18 終了しました(6020)
2025/09/07 00:41:55 開始します(5956)
2025/09/07 00:41:55 非実行(5956)
2025/09/07 00:41:55 実行中(5956)
2025/09/07 00:49:49 終了しました(5956)
2025/09/08 00:40:12 開始します(1800)
2025/09/08 00:40:12 非実行(1800)
2025/09/08 00:40:12 実行中(1800)
2025/09/08 00:48:02 終了しました(1800)
2025/09/09 01:14:42 開始します(5400)
2025/09/09 01:14:42 非実行(5400)
2025/09/09 01:14:42 実行中(5400)
2025/09/09 01:22:36 終了しました(5400)
2025/09/10 00:53:38 開始します(1016)
2025/09/10 00:53:38 非実行(1016)
2025/09/10 00:53:38 実行中(1016)
2025/09/10 01:02:00 終了しました(1016)
2025/09/11 00:54:15 開始します(5740)
2025/09/11 00:54:15 非実行(5740)
2025/09/11 00:54:15 実行中(5740)
2025/09/11 01:02:26 終了しました(5740)
2025/09/12 00:44:55 開始します(4716)
2025/09/12 00:44:55 非実行(4716)
2025/09/12 00:44:55 実行中(4716)
2025/09/12 00:52:48 終了しました(4716)
2025/09/13 00:46:52 開始します(3640)
2025/09/13 00:46:52 非実行(3640)
2025/09/13 00:46:52 実行中(3640)
2025/09/13 00:54:55 終了しました(3640)
2025/09/14 00:46:39 開始します(5740)
2025/09/14 00:46:39 非実行(5740)
2025/09/14 00:46:39 実行中(5740)
2025/09/14 00:54:38 終了しました(5740)
2025/09/15 00:44:39 開始します(4028)
2025/09/15 00:44:39 非実行(4028)
2025/09/15 00:44:39 実行中(4028)
2025/09/15 00:52:36 終了しました(4028)
2025/09/16 00:45:58 開始します(6704)
2025/09/16 00:45:58 非実行(6704)
2025/09/16 00:45:58 実行中(6704)
2025/09/16 00:53:58 終了しました(6704)
2025/09/17 00:58:04 開始します(5600)
2025/09/17 00:58:04 非実行(5600)
2025/09/17 00:58:04 実行中(5600)
2025/09/17 01:06:44 終了しました(5600)
2025/09/18 00:58:35 開始します(5840)
2025/09/18 00:58:35 非実行(5840)
2025/09/18 00:58:35 実行中(5840)
2025/09/18 01:06:56 終了しました(5840)
2025/09/19 00:52:26 開始します(6656)
2025/09/19 00:52:26 非実行(6656)
2025/09/19 00:52:26 実行中(6656)
2025/09/19 01:00:26 終了しました(6656)
2025/09/20 00:51:19 開始します(4796)
2025/09/20 00:51:19 非実行(4796)
2025/09/20 00:51:19 実行中(4796)
2025/09/20 00:59:24 終了しました(4796)
2025/09/21 00:47:43 開始します(2984)
2025/09/21 00:47:43 非実行(2984)
2025/09/21 00:47:43 実行中(2984)
2025/09/21 00:55:46 終了しました(2984)
2025/09/22 00:46:31 開始します(4260)
2025/09/22 00:46:31 非実行(4260)
2025/09/22 00:46:31 実行中(4260)
2025/09/22 00:54:36 終了しました(4260)
2025/09/23 01:13:47 開始します(1216)
2025/09/23 01:13:47 非実行(1216)
2025/09/23 01:13:47 実行中(1216)
2025/09/23 01:21:56 終了しました(1216)
2025/09/24 01:01:04 開始します(144)
2025/09/24 01:01:04 非実行(144)
2025/09/24 01:01:04 実行中(144)
2025/09/24 01:09:40 終了しました(144)
2025/09/25 00:53:20 開始します(5520)
2025/09/25 00:53:20 非実行(5520)
2025/09/25 00:53:20 実行中(5520)
2025/09/25 01:01:43 終了しました(5520)
2025/09/26 00:46:40 開始します(812)
2025/09/26 00:46:40 非実行(812)
2025/09/26 00:46:40 実行中(812)
2025/09/26 00:54:46 終了しました(812)
2025/09/27 00:47:37 開始します(976)
2025/09/27 00:47:37 非実行(976)
2025/09/27 00:47:37 実行中(976)
2025/09/27 00:55:45 終了しました(976)
2025/09/28 00:45:08 開始します(2064)
2025/09/28 00:45:08 非実行(2064)
2025/09/28 00:45:08 実行中(2064)
2025/09/28 00:53:15 終了しました(2064)
2025/09/29 00:41:05 開始します(5760)
2025/09/29 00:41:05 非実行(5760)
2025/09/29 00:41:05 実行中(5760)
2025/09/29 00:49:07 終了しました(5760)
2025/09/30 00:40:39 開始します(6552)
2025/09/30 00:40:39 非実行(6552)
2025/09/30 00:40:39 実行中(6552)
2025/09/30 00:48:46 終了しました(6552)
2025/10/01 00:51:32 開始します(6244)
2025/10/01 00:51:32 非実行(6244)
2025/10/01 00:51:32 実行中(6244)
2025/10/01 01:00:09 終了しました(6244)
2025/10/02 00:48:34 開始します(5608)
2025/10/02 00:48:34 非実行(5608)
2025/10/02 00:48:34 実行中(5608)
2025/10/02 00:56:56 終了しました(5608)
2025/10/03 00:44:16 開始します(5400)
2025/10/03 00:44:16 非実行(5400)
2025/10/03 00:44:16 実行中(5400)
2025/10/03 00:52:18 終了しました(5400)
2025/10/04 00:46:06 開始します(5904)
2025/10/04 00:46:06 非実行(5904)
2025/10/04 00:46:06 実行中(5904)
2025/10/04 00:54:06 終了しました(5904)
2025/10/05 00:45:10 開始します(1552)
2025/10/05 00:45:10 非実行(1552)
2025/10/05 00:45:10 実行中(1552)
2025/10/05 00:53:12 終了しました(1552)
2025/10/06 00:42:34 開始します(6052)
2025/10/06 00:42:34 非実行(6052)
2025/10/06 00:42:34 実行中(6052)
2025/10/06 00:50:34 終了しました(6052)
2025/10/07 01:10:17 開始します(5796)
2025/10/07 01:10:17 非実行(5796)
2025/10/07 01:10:17 実行中(5796)
2025/10/07 01:18:56 終了しました(5796)
2025/10/08 01:25:04 開始します(4200)
2025/10/08 01:25:04 非実行(4200)
2025/10/08 01:25:04 実行中(4200)
2025/10/08 01:34:13 終了しました(4200)
2025/10/09 01:27:48 開始します(7116)
2025/10/09 01:27:48 非実行(7116)
2025/10/09 01:27:48 実行中(7116)
2025/10/09 01:36:43 終了しました(7116)
2025/10/10 01:17:29 開始します(2508)
2025/10/10 01:17:29 非実行(2508)
2025/10/10 01:17:29 実行中(2508)
2025/10/10 01:26:12 終了しました(2508)
2025/10/11 01:12:09 開始します(2948)
2025/10/11 01:12:09 非実行(2948)
2025/10/11 01:12:09 実行中(2948)
2025/10/11 01:20:49 終了しました(2948)
2025/10/12 01:08:37 開始します(4024)
2025/10/12 01:08:37 非実行(4024)
2025/10/12 01:08:37 実行中(4024)
2025/10/12 01:17:13 終了しました(4024)
2025/10/13 01:05:58 開始します(5588)
2025/10/13 01:05:58 非実行(5588)
2025/10/13 01:05:58 実行中(5588)
2025/10/13 01:14:32 終了しました(5588)
2025/10/14 01:37:28 開始します(260)
2025/10/14 01:37:28 非実行(260)
2025/10/14 01:37:28 実行中(260)
2025/10/14 01:46:02 終了しました(260)
2025/10/15 01:41:00 開始します(5196)
2025/10/15 01:41:00 非実行(5196)
2025/10/15 01:41:00 実行中(5196)
2025/10/15 01:50:06 終了しました(5196)
2025/10/16 01:48:17 開始します(2052)
2025/10/16 01:48:17 非実行(2052)
2025/10/16 01:48:17 実行中(2052)
2025/10/16 01:57:15 終了しました(2052)
2025/10/17 01:36:33 開始します(1580)
2025/10/17 01:36:33 非実行(1580)
2025/10/17 01:36:33 実行中(1580)
2025/10/17 01:45:21 終了しました(1580)
2025/10/18 01:39:33 開始します(4272)
2025/10/18 01:39:33 非実行(4272)
2025/10/18 01:39:33 実行中(4272)
2025/10/18 01:48:22 終了しました(4272)
2025/10/19 01:37:38 開始します(3972)
2025/10/19 01:37:38 非実行(3972)
2025/10/19 01:37:38 実行中(3972)
2025/10/19 01:46:27 終了しました(3972)
2025/10/20 01:30:31 開始します(540)
2025/10/20 01:30:31 非実行(540)
2025/10/20 01:30:31 実行中(540)
2025/10/20 01:39:18 終了しました(540)
2025/10/21 03:06:53 開始します(3632)
2025/10/21 03:06:53 非実行(3632)
2025/10/21 03:06:53 実行中(3632)
2025/10/21 03:15:43 終了しました(3632)
2025/10/22 02:04:02 開始します(5604)
2025/10/22 02:04:02 非実行(5604)
2025/10/22 02:04:02 実行中(5604)
2025/10/22 02:13:28 終了しました(5604)
2025/10/23 02:08:58 開始します(6228)
2025/10/23 02:08:58 非実行(6228)
2025/10/23 02:08:58 実行中(6228)
2025/10/23 02:18:12 終了しました(6228)
2025/10/24 01:54:52 開始します(5128)
2025/10/24 01:54:52 非実行(5128)
2025/10/24 01:54:52 実行中(5128)
2025/10/24 02:03:53 終了しました(5128)
2025/10/25 02:22:43 開始します(1008)
2025/10/25 02:22:43 非実行(1008)
2025/10/25 02:22:43 実行中(1008)
2025/10/25 02:31:46 終了しました(1008)
2025/10/26 02:20:16 開始します(7388)
2025/10/26 02:20:16 非実行(7388)
2025/10/26 02:20:16 実行中(7388)
2025/10/26 02:29:20 終了しました(7388)
2025/10/27 02:15:49 開始します(4800)
2025/10/27 02:15:49 非実行(4800)
2025/10/27 02:15:49 実行中(4800)
2025/10/27 02:24:52 終了しました(4800)
2025/10/28 02:17:57 開始します(7144)
2025/10/28 02:17:57 非実行(7144)
2025/10/28 02:17:57 実行中(7144)
2025/10/28 02:27:04 終了しました(7144)
