2024/08/15 16:43:58 開始します(6172)
2024/08/15 16:43:58 非実行(6172)
2024/08/15 16:43:58 実行中(6172)
2024/08/15 16:44:05 終了しました(6172)
2024/08/15 16:44:13 開始します(3916)
2024/08/15 16:44:13 非実行(3916)
2024/08/15 16:44:13 実行中(3916)
2024/08/15 16:46:32 終了しました(3916)
2024/08/23 10:13:32 開始します(5948)
2024/08/23 10:13:32 非実行(5948)
2024/08/23 10:13:32 実行中(5948)
2024/08/23 10:15:50 終了しました(5948)
2024/08/28 13:55:20 開始します(3524)
2024/08/28 13:55:20 非実行(3524)
2024/08/28 13:55:20 実行中(3524)
2024/08/28 13:57:40 終了しました(3524)
2024/09/12 03:34:08 開始します(6452)
2024/09/12 03:34:08 非実行(6452)
2024/09/12 03:34:08 実行中(6452)
2024/09/12 03:36:27 終了しました(6452)
2024/09/17 15:44:29 開始します(8120)
2024/09/17 15:44:29 非実行(8120)
2024/09/17 15:44:29 実行中(8120)
2024/09/17 15:46:49 終了しました(8120)
2024/09/18 09:32:28 開始します(1284)
2024/09/18 09:32:28 非実行(1284)
2024/09/18 09:32:28 実行中(1284)
2024/09/18 09:35:27 終了しました(1284)
2024/09/18 20:04:24 開始します(12972)
2024/09/18 20:04:24 非実行(12972)
2024/09/18 20:04:24 実行中(12972)
2024/09/18 20:06:44 終了しました(12972)
2024/09/20 02:42:59 開始します(3284)
2024/09/20 02:42:59 非実行(3284)
2024/09/20 02:42:59 実行中(3284)
2024/09/20 02:45:17 終了しました(3284)
2024/09/23 02:48:35 開始します(3400)
2024/09/23 02:48:35 非実行(3400)
2024/09/23 02:48:35 実行中(3400)
2024/09/23 02:50:51 終了しました(3400)
2024/09/26 06:06:06 開始します(10136)
2024/09/26 06:06:06 非実行(10136)
2024/09/26 06:06:06 実行中(10136)
2024/09/26 06:08:26 終了しました(10136)
2024/09/27 06:28:41 開始します(10696)
2024/09/27 06:28:41 非実行(10696)
2024/09/27 06:28:41 実行中(10696)
2024/09/27 06:31:00 終了しました(10696)
2024/09/28 06:55:21 開始します(4896)
2024/09/28 06:55:21 非実行(4896)
2024/09/28 06:55:21 実行中(4896)
2024/09/28 06:57:40 終了しました(4896)
2024/09/29 06:06:19 開始します(6580)
2024/09/29 06:06:19 非実行(6580)
2024/09/29 06:06:19 実行中(6580)
2024/09/29 06:08:38 終了しました(6580)
2024/10/02 01:02:13 開始します(10612)
2024/10/02 01:02:13 非実行(10612)
2024/10/02 01:02:13 実行中(10612)
2024/10/02 01:04:30 終了しました(10612)
2024/10/03 01:32:40 開始します(12568)
2024/10/03 01:32:40 非実行(12568)
2024/10/03 01:32:40 実行中(12568)
2024/10/03 01:34:58 終了しました(12568)
2024/10/04 03:57:28 開始します(4172)
2024/10/04 03:57:28 非実行(4172)
2024/10/04 03:57:28 実行中(4172)
2024/10/04 03:59:46 終了しました(4172)
2024/10/05 04:24:07 開始します(7840)
2024/10/05 04:24:07 非実行(7840)
2024/10/05 04:24:07 実行中(7840)
2024/10/05 04:26:28 終了しました(7840)
2024/10/08 02:52:16 開始します(11056)
2024/10/08 02:52:16 非実行(11056)
2024/10/08 02:52:16 実行中(11056)
2024/10/08 02:54:37 終了しました(11056)
2024/10/09 02:20:26 開始します(7616)
2024/10/09 02:20:26 非実行(7616)
2024/10/09 02:20:26 実行中(7616)
2024/10/09 02:22:48 終了しました(7616)
2024/10/10 02:58:49 開始します(12236)
2024/10/10 02:58:49 非実行(12236)
2024/10/10 02:58:49 実行中(12236)
2024/10/10 03:01:13 終了しました(12236)
2024/10/11 02:06:47 開始します(3620)
2024/10/11 02:06:47 非実行(3620)
2024/10/11 02:06:47 実行中(3620)
2024/10/11 02:09:09 終了しました(3620)
2024/10/11 10:34:00 開始します(3200)
2024/10/11 10:34:00 非実行(3200)
2024/10/11 10:34:00 実行中(3200)
2024/10/11 10:35:04 終了しました(3200)
2024/10/11 10:35:22 開始します(5064)
2024/10/11 10:35:22 非実行(5064)
2024/10/11 10:35:22 実行中(5064)
2024/10/11 10:35:23 終了しました(5064)
2024/10/11 10:59:33 開始します(2672)
2024/10/11 10:59:33 非実行(2672)
2024/10/11 10:59:33 実行中(2672)
2024/10/11 10:59:34 終了しました(2672)
2024/10/13 02:25:12 開始します(6816)
2024/10/13 02:25:12 非実行(6816)
2024/10/13 02:25:12 実行中(6816)
2024/10/13 02:25:13 終了しました(6816)
2024/10/16 01:00:13 開始します(4484)
2024/10/16 01:00:13 非実行(4484)
2024/10/16 01:00:13 実行中(4484)
2024/10/16 01:00:14 終了しました(4484)
2024/10/17 01:29:52 開始します(7612)
2024/10/17 01:29:52 非実行(7612)
2024/10/17 01:29:52 実行中(7612)
2024/10/17 01:29:53 終了しました(7612)
2024/10/18 06:05:21 開始します(6040)
2024/10/18 06:05:21 非実行(6040)
2024/10/18 06:05:21 実行中(6040)
2024/10/18 06:05:22 終了しました(6040)
2024/10/19 00:00:36 開始します(1500)
2024/10/19 00:00:36 非実行(1500)
2024/10/19 00:00:36 実行中(1500)
2024/10/19 00:00:37 終了しました(1500)
2024/10/21 23:53:52 開始します(8256)
2024/10/21 23:53:52 非実行(8256)
2024/10/21 23:53:52 実行中(8256)
2024/10/21 23:53:53 終了しました(8256)
2024/10/23 00:10:45 開始します(5028)
2024/10/23 00:10:45 非実行(5028)
2024/10/23 00:10:45 実行中(5028)
2024/10/23 00:10:46 終了しました(5028)
2024/10/23 23:50:11 開始します(7400)
2024/10/23 23:50:11 非実行(7400)
2024/10/23 23:50:11 実行中(7400)
2024/10/23 23:50:12 終了しました(7400)
2024/10/25 03:22:15 開始します(4020)
2024/10/25 03:22:15 非実行(4020)
2024/10/25 03:22:15 実行中(4020)
2024/10/25 03:22:15 終了しました(4020)
2024/10/27 08:31:54 開始します(7620)
2024/10/27 08:31:54 非実行(7620)
2024/10/27 08:31:54 実行中(7620)
2024/10/27 08:31:55 終了しました(7620)
2024/10/29 00:02:58 開始します(5872)
2024/10/29 00:02:58 非実行(5872)
2024/10/29 00:02:58 実行中(5872)
2024/10/29 00:02:59 終了しました(5872)
2024/10/29 23:38:10 開始します(4540)
2024/10/29 23:38:10 非実行(4540)
2024/10/29 23:38:10 実行中(4540)
2024/10/29 23:38:11 終了しました(4540)
2024/10/30 21:12:05 開始します(6852)
2024/10/30 21:12:05 非実行(6852)
2024/10/30 21:12:05 実行中(6852)
2024/10/30 21:12:06 終了しました(6852)
2024/10/31 21:59:17 開始します(6692)
2024/10/31 21:59:17 非実行(6692)
2024/10/31 21:59:17 実行中(6692)
2024/10/31 21:59:18 終了しました(6692)
2024/11/03 15:37:59 開始します(6636)
2024/11/03 15:37:59 非実行(6636)
2024/11/03 15:37:59 実行中(6636)
2024/11/03 15:38:00 終了しました(6636)
2024/11/05 21:57:57 開始します(6888)
2024/11/05 21:57:57 非実行(6888)
2024/11/05 21:57:57 実行中(6888)
2024/11/05 21:57:58 終了しました(6888)
2024/11/06 14:33:40 開始します(8624)
2024/11/06 14:33:40 非実行(8624)
2024/11/06 14:33:40 実行中(8624)
2024/11/06 14:33:41 終了しました(8624)
2024/11/07 01:16:39 開始します(3152)
2024/11/07 01:16:39 非実行(3152)
2024/11/07 01:16:39 実行中(3152)
2024/11/07 01:16:40 終了しました(3152)
2024/11/08 02:56:16 開始します(6676)
2024/11/08 02:56:16 非実行(6676)
2024/11/08 02:56:16 実行中(6676)
2024/11/08 02:56:17 終了しました(6676)
2024/11/09 04:07:49 開始します(5404)
2024/11/09 04:07:49 非実行(5404)
2024/11/09 04:07:49 実行中(5404)
2024/11/09 04:07:50 終了しました(5404)
2024/11/12 02:31:16 開始します(4520)
2024/11/12 02:31:16 非実行(4520)
2024/11/12 02:31:16 実行中(4520)
2024/11/12 02:31:16 終了しました(4520)
2024/11/12 12:04:30 開始します(4360)
2024/11/12 12:04:30 非実行(4360)
2024/11/12 12:04:30 実行中(4360)
2024/11/12 12:04:31 終了しました(4360)
2024/11/13 03:28:41 開始します(2352)
2024/11/13 03:28:41 非実行(2352)
2024/11/13 03:28:41 実行中(2352)
2024/11/13 03:28:42 終了しました(2352)
2024/11/14 04:20:43 開始します(6772)
2024/11/14 04:20:43 非実行(6772)
2024/11/14 04:20:43 実行中(6772)
2024/11/14 04:20:44 終了しました(6772)
2024/11/15 04:08:52 開始します(7764)
2024/11/15 04:08:52 非実行(7764)
2024/11/15 04:08:52 実行中(7764)
2024/11/15 04:08:53 終了しました(7764)
2024/11/17 02:22:11 開始します(6172)
2024/11/17 02:22:11 非実行(6172)
2024/11/17 02:22:11 実行中(6172)
2024/11/17 02:22:12 終了しました(6172)
2024/11/19 04:29:32 開始します(5068)
2024/11/19 04:29:32 非実行(5068)
2024/11/19 04:29:32 実行中(5068)
2024/11/19 04:29:33 終了しました(5068)
2024/11/20 04:12:56 開始します(5372)
2024/11/20 04:12:56 非実行(5372)
2024/11/20 04:12:56 実行中(5372)
2024/11/20 04:12:57 終了しました(5372)
2024/11/20 22:20:15 開始します(6884)
2024/11/20 22:20:15 非実行(6884)
2024/11/20 22:20:15 実行中(6884)
2024/11/20 22:20:16 終了しました(6884)
2024/11/22 08:15:10 開始します(9184)
2024/11/22 08:15:10 非実行(9184)
2024/11/22 08:15:10 実行中(9184)
2024/11/22 08:15:11 終了しました(9184)
2024/12/05 23:20:29 開始します(5340)
2024/12/05 23:20:29 非実行(5340)
2024/12/05 23:20:29 実行中(5340)
2024/12/05 23:20:30 終了しました(5340)
2024/12/07 01:36:02 開始します(4100)
2024/12/07 01:36:02 非実行(4100)
2024/12/07 01:36:02 実行中(4100)
2024/12/07 01:36:03 終了しました(4100)
2024/12/11 01:43:13 開始します(3660)
2024/12/11 01:43:13 非実行(3660)
2024/12/11 01:43:13 実行中(3660)
2024/12/11 01:43:14 終了しました(3660)
2024/12/12 03:19:58 開始します(1388)
2024/12/12 03:19:58 非実行(1388)
2024/12/12 03:19:58 実行中(1388)
2024/12/12 03:19:59 終了しました(1388)
2024/12/13 00:21:31 開始します(3700)
2024/12/13 00:21:31 非実行(3700)
2024/12/13 00:21:31 実行中(3700)
2024/12/13 00:21:32 終了しました(3700)
2024/12/16 00:38:54 開始します(336)
2024/12/16 00:38:54 非実行(336)
2024/12/16 00:38:54 実行中(336)
2024/12/16 00:38:54 終了しました(336)
2024/12/17 03:18:44 開始します(2408)
2024/12/17 03:18:44 非実行(2408)
2024/12/17 03:18:44 実行中(2408)
2024/12/17 03:18:45 終了しました(2408)
2024/12/18 01:35:25 開始します(3708)
2024/12/18 01:35:25 非実行(3708)
2024/12/18 01:35:25 実行中(3708)
2024/12/18 01:35:26 終了しました(3708)
2024/12/19 00:47:55 開始します(6888)
2024/12/19 00:47:55 非実行(6888)
2024/12/19 00:47:55 実行中(6888)
2024/12/19 00:47:56 終了しました(6888)
2024/12/20 02:09:26 開始します(9828)
2024/12/20 02:09:26 非実行(9828)
2024/12/20 02:09:26 実行中(9828)
2024/12/20 02:09:27 終了しました(9828)
2024/12/21 02:07:17 開始します(3468)
2024/12/21 02:07:17 非実行(3468)
2024/12/21 02:07:17 実行中(3468)
2024/12/21 02:07:17 終了しました(3468)
2024/12/22 04:39:40 開始します(9608)
2024/12/22 04:39:40 非実行(9608)
2024/12/22 04:39:40 実行中(9608)
2024/12/22 04:39:41 終了しました(9608)
2024/12/24 00:57:08 開始します(832)
2024/12/24 00:57:08 非実行(832)
2024/12/24 00:57:08 実行中(832)
2024/12/24 00:57:09 終了しました(832)
2024/12/26 21:03:08 開始します(7232)
2024/12/26 21:03:08 非実行(7232)
2024/12/26 21:03:08 実行中(7232)
2024/12/26 21:03:09 終了しました(7232)
2025/01/24 09:28:46 開始します(1892)
2025/01/24 09:28:46 非実行(1892)
2025/01/24 09:28:46 実行中(1892)
2025/01/24 09:31:15 終了しました(1892)
2025/01/24 11:44:04 開始します(5896)
2025/01/24 11:44:04 非実行(5896)
2025/01/24 11:44:04 実行中(5896)
2025/01/24 11:46:40 終了しました(5896)
2025/02/05 01:50:40 開始します(9172)
2025/02/05 01:50:40 非実行(9172)
2025/02/05 01:50:40 実行中(9172)
2025/02/05 01:53:20 終了しました(9172)
2025/02/06 01:50:12 開始します(4824)
2025/02/06 01:50:12 非実行(4824)
2025/02/06 01:50:12 実行中(4824)
2025/02/06 01:52:53 終了しました(4824)
2025/02/07 21:02:33 開始します(7148)
2025/02/07 21:02:33 非実行(7148)
2025/02/07 21:02:33 実行中(7148)
2025/02/07 21:05:12 終了しました(7148)
2025/02/10 21:45:23 開始します(3364)
2025/02/10 21:45:23 非実行(3364)
2025/02/10 21:45:23 実行中(3364)
2025/02/10 21:47:53 終了しました(3364)
2025/02/13 19:46:58 開始します(1816)
2025/02/13 19:46:58 非実行(1816)
2025/02/13 19:46:58 実行中(1816)
2025/02/13 19:49:29 終了しました(1816)
2025/02/14 13:15:41 開始します(10336)
2025/02/14 13:15:41 非実行(10336)
2025/02/14 13:15:41 実行中(10336)
2025/02/14 13:18:20 終了しました(10336)
2025/02/15 12:38:58 開始します(9200)
2025/02/15 12:38:58 非実行(9200)
2025/02/15 12:38:58 実行中(9200)
2025/02/15 12:41:38 終了しました(9200)
2025/02/18 01:33:52 開始します(9316)
2025/02/18 01:33:52 非実行(9316)
2025/02/18 01:33:52 実行中(9316)
2025/02/18 01:36:30 終了しました(9316)
2025/02/18 23:33:14 開始します(9276)
2025/02/18 23:33:14 非実行(9276)
2025/02/18 23:33:14 実行中(9276)
2025/02/18 23:35:44 終了しました(9276)
2025/02/19 20:32:47 開始します(1796)
2025/02/19 20:32:47 非実行(1796)
2025/02/19 20:32:47 実行中(1796)
2025/02/19 20:35:27 終了しました(1796)
2025/02/21 03:24:39 開始します(5748)
2025/02/21 03:24:39 非実行(5748)
2025/02/21 03:24:39 実行中(5748)
2025/02/21 03:24:40 終了しました(5748)
2025/02/22 00:42:41 開始します(5920)
2025/02/22 00:42:41 非実行(5920)
2025/02/22 00:42:41 実行中(5920)
2025/02/22 00:42:42 終了しました(5920)
2025/02/23 02:10:29 開始します(8852)
2025/02/23 02:10:29 非実行(8852)
2025/02/23 02:10:29 実行中(8852)
2025/02/23 02:10:30 終了しました(8852)
2025/02/27 00:33:39 開始します(7324)
2025/02/27 00:33:39 非実行(7324)
2025/02/27 00:33:39 実行中(7324)
2025/02/27 00:36:07 終了しました(7324)
2025/02/28 00:21:19 開始します(2500)
2025/02/28 00:21:19 非実行(2500)
2025/02/28 00:21:19 実行中(2500)
2025/02/28 00:23:48 終了しました(2500)
2025/03/01 00:08:39 開始します(5244)
2025/03/01 00:08:39 非実行(5244)
2025/03/01 00:08:39 実行中(5244)
2025/03/01 00:11:08 終了しました(5244)
2025/03/07 20:17:01 開始します(4212)
2025/03/07 20:17:01 非実行(4212)
2025/03/07 20:17:01 実行中(4212)
2025/03/07 20:20:00 終了しました(4212)
2025/03/08 20:17:01 開始します(9924)
2025/03/08 20:17:01 非実行(9924)
2025/03/08 20:17:01 実行中(9924)
2025/03/08 20:17:02 終了しました(9924)
2025/03/09 20:17:01 開始します(9452)
2025/03/09 20:17:01 非実行(9452)
2025/03/09 20:17:01 実行中(9452)
2025/03/09 20:17:02 終了しました(9452)
2025/03/10 20:17:01 開始します(9732)
2025/03/10 20:17:01 非実行(9732)
2025/03/10 20:17:01 実行中(9732)
2025/03/10 20:19:29 終了しました(9732)
2025/03/11 20:17:01 開始します(2804)
2025/03/11 20:17:01 非実行(2804)
2025/03/11 20:17:01 実行中(2804)
2025/03/11 20:19:30 終了しました(2804)
2025/03/12 20:17:01 開始します(4696)
2025/03/12 20:17:01 非実行(4696)
2025/03/12 20:17:01 実行中(4696)
2025/03/12 20:19:32 終了しました(4696)
2025/03/13 20:17:01 開始します(9072)
2025/03/13 20:17:01 非実行(9072)
2025/03/13 20:17:01 実行中(9072)
2025/03/13 20:19:34 終了しました(9072)
2025/03/14 20:17:01 開始します(3396)
2025/03/14 20:17:01 非実行(3396)
2025/03/14 20:17:01 実行中(3396)
2025/03/14 20:19:31 終了しました(3396)
2025/03/15 20:17:01 開始します(8660)
2025/03/15 20:17:01 非実行(8660)
2025/03/15 20:17:01 実行中(8660)
2025/03/15 20:19:39 終了しました(8660)
2025/03/16 20:17:01 開始します(720)
2025/03/16 20:17:01 非実行(720)
2025/03/16 20:17:01 実行中(720)
2025/03/16 20:19:33 終了しました(720)
2025/03/17 20:17:01 開始します(5416)
2025/03/17 20:17:01 非実行(5416)
2025/03/17 20:17:01 実行中(5416)
2025/03/17 20:19:38 終了しました(5416)
2025/03/18 20:17:01 開始します(4264)
2025/03/18 20:17:01 非実行(4264)
2025/03/18 20:17:01 実行中(4264)
2025/03/18 20:19:37 終了しました(4264)
2025/03/19 20:17:01 開始します(3028)
2025/03/19 20:17:01 非実行(3028)
2025/03/19 20:17:01 実行中(3028)
2025/03/19 20:19:40 終了しました(3028)
2025/03/20 20:17:01 開始します(5100)
2025/03/20 20:17:01 非実行(5100)
2025/03/20 20:17:01 実行中(5100)
2025/03/20 20:19:38 終了しました(5100)
2025/03/21 20:17:01 開始します(11616)
2025/03/21 20:17:01 非実行(11616)
2025/03/21 20:17:01 実行中(11616)
2025/03/21 20:19:51 終了しました(11616)
2025/03/22 20:17:01 開始します(10280)
2025/03/22 20:17:01 非実行(10280)
2025/03/22 20:17:01 実行中(10280)
2025/03/22 20:19:51 終了しました(10280)
2025/03/23 20:17:01 開始します(8276)
2025/03/23 20:17:01 非実行(8276)
2025/03/23 20:17:01 実行中(8276)
2025/03/23 20:19:53 終了しました(8276)
2025/03/24 20:17:02 開始します(8648)
2025/03/24 20:17:02 非実行(8648)
2025/03/24 20:17:02 実行中(8648)
2025/03/24 20:19:42 終了しました(8648)
2025/03/25 20:17:02 開始します(8508)
2025/03/25 20:17:02 非実行(8508)
2025/03/25 20:17:02 実行中(8508)
2025/03/25 20:19:42 終了しました(8508)
2025/03/26 20:17:02 開始します(8688)
2025/03/26 20:17:02 非実行(8688)
2025/03/26 20:17:02 実行中(8688)
2025/03/26 20:19:48 終了しました(8688)
2025/03/27 20:17:02 開始します(5960)
2025/03/27 20:17:02 非実行(5960)
2025/03/27 20:17:02 実行中(5960)
2025/03/27 20:19:45 終了しました(5960)
2025/03/28 20:17:02 開始します(9140)
2025/03/28 20:17:02 非実行(9140)
2025/03/28 20:17:02 実行中(9140)
2025/03/28 20:19:51 終了しました(9140)
2025/03/29 20:17:02 開始します(9136)
2025/03/29 20:17:02 非実行(9136)
2025/03/29 20:17:02 実行中(9136)
2025/03/29 20:19:50 終了しました(9136)
2025/03/30 20:17:02 開始します(9848)
2025/03/30 20:17:02 非実行(9848)
2025/03/30 20:17:02 実行中(9848)
2025/03/30 20:19:53 終了しました(9848)
2025/03/31 20:17:02 開始します(2108)
2025/03/31 20:17:02 非実行(2108)
2025/03/31 20:17:02 実行中(2108)
2025/03/31 20:19:49 終了しました(2108)
2025/04/01 20:17:02 開始します(6020)
2025/04/01 20:17:02 非実行(6020)
2025/04/01 20:17:02 実行中(6020)
2025/04/01 20:19:49 終了しました(6020)
2025/04/02 20:17:02 開始します(3396)
2025/04/02 20:17:02 非実行(3396)
2025/04/02 20:17:02 実行中(3396)
2025/04/02 20:19:49 終了しました(3396)
2025/04/03 20:17:02 開始します(12128)
2025/04/03 20:17:02 非実行(12128)
2025/04/03 20:17:02 実行中(12128)
2025/04/03 20:19:51 終了しました(12128)
2025/04/04 20:17:02 開始します(3348)
2025/04/04 20:17:02 非実行(3348)
2025/04/04 20:17:02 実行中(3348)
2025/04/04 20:19:50 終了しました(3348)
2025/04/05 20:17:02 開始します(10192)
2025/04/05 20:17:02 非実行(10192)
2025/04/05 20:17:02 実行中(10192)
2025/04/05 20:19:44 終了しました(10192)
2025/04/06 20:17:02 開始します(12080)
2025/04/06 20:17:02 非実行(12080)
2025/04/06 20:17:02 実行中(12080)
2025/04/06 20:19:50 終了しました(12080)
2025/04/07 20:17:02 開始します(7828)
2025/04/07 20:17:02 非実行(7828)
2025/04/07 20:17:02 実行中(7828)
2025/04/07 20:19:50 終了しました(7828)
2025/04/08 20:17:02 開始します(10280)
2025/04/08 20:17:02 非実行(10280)
2025/04/08 20:17:02 実行中(10280)
2025/04/08 20:19:50 終了しました(10280)
2025/04/09 20:17:02 開始します(7004)
2025/04/09 20:17:02 非実行(7004)
2025/04/09 20:17:02 実行中(7004)
2025/04/09 20:19:38 終了しました(7004)
2025/04/10 20:17:02 開始します(3524)
2025/04/10 20:17:02 非実行(3524)
2025/04/10 20:17:02 実行中(3524)
2025/04/10 20:19:35 終了しました(3524)
2025/04/11 20:17:02 開始します(9412)
2025/04/11 20:17:02 非実行(9412)
2025/04/11 20:17:02 実行中(9412)
2025/04/11 20:19:34 終了しました(9412)
2025/04/12 20:17:02 開始します(9040)
2025/04/12 20:17:02 非実行(9040)
2025/04/12 20:17:02 実行中(9040)
2025/04/12 20:19:33 終了しました(9040)
2025/04/13 20:17:02 開始します(9128)
2025/04/13 20:17:02 非実行(9128)
2025/04/13 20:17:02 実行中(9128)
2025/04/13 20:19:34 終了しました(9128)
2025/04/14 20:17:02 開始します(10592)
2025/04/14 20:17:02 非実行(10592)
2025/04/14 20:17:02 実行中(10592)
2025/04/14 20:19:40 終了しました(10592)
2025/04/15 20:17:02 開始します(8520)
2025/04/15 20:17:02 非実行(8520)
2025/04/15 20:17:02 実行中(8520)
2025/04/15 20:19:43 終了しました(8520)
2025/04/16 20:17:01 開始します(2480)
2025/04/16 20:17:01 非実行(2480)
2025/04/16 20:17:01 実行中(2480)
2025/04/16 20:19:41 終了しました(2480)
2025/04/17 20:17:01 開始します(5936)
2025/04/17 20:17:01 非実行(5936)
2025/04/17 20:17:01 実行中(5936)
2025/04/17 20:19:47 終了しました(5936)
2025/04/18 20:17:01 開始します(6612)
2025/04/18 20:17:01 非実行(6612)
2025/04/18 20:17:01 実行中(6612)
2025/04/18 20:19:45 終了しました(6612)
2025/04/19 20:17:01 開始します(4888)
2025/04/19 20:17:01 非実行(4888)
2025/04/19 20:17:01 実行中(4888)
2025/04/19 20:19:41 終了しました(4888)
2025/04/20 20:17:01 開始します(3124)
2025/04/20 20:17:01 非実行(3124)
2025/04/20 20:17:01 実行中(3124)
2025/04/20 20:19:42 終了しました(3124)
2025/04/21 20:17:01 開始します(1292)
2025/04/21 20:17:01 非実行(1292)
2025/04/21 20:17:01 実行中(1292)
2025/04/21 20:19:36 終了しました(1292)
2025/04/22 20:17:01 開始します(7212)
2025/04/22 20:17:01 非実行(7212)
2025/04/22 20:17:01 実行中(7212)
2025/04/22 20:19:56 終了しました(7212)
2025/04/23 20:17:01 開始します(3488)
2025/04/23 20:17:01 非実行(3488)
2025/04/23 20:17:01 実行中(3488)
2025/04/23 20:19:49 終了しました(3488)
2025/04/24 20:17:01 開始します(7088)
2025/04/24 20:17:01 非実行(7088)
2025/04/24 20:17:01 実行中(7088)
2025/04/24 20:19:35 終了しました(7088)
2025/04/25 20:17:01 開始します(8096)
2025/04/25 20:17:01 非実行(8096)
2025/04/25 20:17:01 実行中(8096)
2025/04/25 20:19:39 終了しました(8096)
2025/04/26 20:17:01 開始します(4548)
2025/04/26 20:17:01 非実行(4548)
2025/04/26 20:17:01 実行中(4548)
2025/04/26 20:19:52 終了しました(4548)
2025/04/27 20:17:01 開始します(2404)
2025/04/27 20:17:01 非実行(2404)
2025/04/27 20:17:01 実行中(2404)
2025/04/27 20:19:40 終了しました(2404)
2025/04/28 20:17:01 開始します(524)
2025/04/28 20:17:01 非実行(524)
2025/04/28 20:17:01 実行中(524)
2025/04/28 20:19:43 終了しました(524)
2025/04/29 20:17:02 開始します(4912)
2025/04/29 20:17:02 非実行(4912)
2025/04/29 20:17:02 実行中(4912)
2025/04/29 20:19:48 終了しました(4912)
2025/04/30 20:17:01 開始します(2648)
2025/04/30 20:17:01 非実行(2648)
2025/04/30 20:17:01 実行中(2648)
2025/04/30 20:19:49 終了しました(2648)
2025/05/01 20:17:01 開始します(6300)
2025/05/01 20:17:01 非実行(6300)
2025/05/01 20:17:01 実行中(6300)
2025/05/01 20:19:49 終了しました(6300)
2025/05/02 20:17:02 開始します(6980)
2025/05/02 20:17:02 非実行(6980)
2025/05/02 20:17:02 実行中(6980)
2025/05/02 20:19:51 終了しました(6980)
2025/05/03 20:17:01 開始します(1852)
2025/05/03 20:17:01 非実行(1852)
2025/05/03 20:17:01 実行中(1852)
2025/05/03 20:19:49 終了しました(1852)
2025/05/04 20:17:02 開始します(980)
2025/05/04 20:17:02 非実行(980)
2025/05/04 20:17:02 実行中(980)
2025/05/04 20:19:48 終了しました(980)
2025/05/05 20:17:02 開始します(6120)
2025/05/05 20:17:02 非実行(6120)
2025/05/05 20:17:02 実行中(6120)
2025/05/05 20:19:41 終了しました(6120)
2025/05/06 20:17:02 開始します(5644)
2025/05/06 20:17:02 非実行(5644)
2025/05/06 20:17:02 実行中(5644)
2025/05/06 20:19:49 終了しました(5644)
2025/05/07 20:17:01 開始します(2576)
2025/05/07 20:17:01 非実行(2576)
2025/05/07 20:17:01 実行中(2576)
2025/05/07 20:19:39 終了しました(2576)
2025/05/08 20:17:01 開始します(7012)
2025/05/08 20:17:01 非実行(7012)
2025/05/08 20:17:01 実行中(7012)
2025/05/08 20:19:37 終了しました(7012)
2025/05/09 20:17:02 開始します(2364)
2025/05/09 20:17:02 非実行(2364)
2025/05/09 20:17:02 実行中(2364)
2025/05/09 20:19:40 終了しました(2364)
2025/05/10 20:17:02 開始します(200)
2025/05/10 20:17:02 非実行(200)
2025/05/10 20:17:02 実行中(200)
2025/05/10 20:19:40 終了しました(200)
2025/05/11 20:17:01 開始します(6456)
2025/05/11 20:17:01 非実行(6456)
2025/05/11 20:17:01 実行中(6456)
2025/05/11 20:19:32 終了しました(6456)
2025/05/12 20:17:02 開始します(5668)
2025/05/12 20:17:02 非実行(5668)
2025/05/12 20:17:02 実行中(5668)
2025/05/12 20:19:43 終了しました(5668)
2025/05/13 20:17:02 開始します(5488)
2025/05/13 20:17:02 非実行(5488)
2025/05/13 20:17:02 実行中(5488)
2025/05/13 20:19:43 終了しました(5488)
2025/05/14 20:17:01 開始します(7276)
2025/05/14 20:17:01 非実行(7276)
2025/05/14 20:17:01 実行中(7276)
2025/05/14 20:19:46 終了しました(7276)
2025/05/15 20:17:02 開始します(2212)
2025/05/15 20:17:02 非実行(2212)
2025/05/15 20:17:02 実行中(2212)
2025/05/15 20:19:39 終了しました(2212)
2025/05/16 20:17:02 開始します(3520)
2025/05/16 20:17:02 非実行(3520)
2025/05/16 20:17:02 実行中(3520)
2025/05/16 20:33:08 終了しました(3520)
2025/05/17 20:17:02 開始します(6716)
2025/05/17 20:17:02 非実行(6716)
2025/05/17 20:17:02 実行中(6716)
2025/05/17 20:19:40 終了しました(6716)
2025/05/18 20:17:01 開始します(4976)
2025/05/18 20:17:01 非実行(4976)
2025/05/18 20:17:01 実行中(4976)
2025/05/18 20:19:34 終了しました(4976)
2025/05/19 20:17:02 開始します(8480)
2025/05/19 20:17:02 非実行(8480)
2025/05/19 20:17:02 実行中(8480)
2025/05/19 20:19:49 終了しました(8480)
2025/05/20 20:17:01 開始します(7620)
2025/05/20 20:17:01 非実行(7620)
2025/05/20 20:17:01 実行中(7620)
2025/05/20 20:19:41 終了しました(7620)
2025/05/21 20:17:01 開始します(2028)
2025/05/21 20:17:01 非実行(2028)
2025/05/21 20:17:01 実行中(2028)
2025/05/21 20:19:41 終了しました(2028)
2025/05/23 20:16:59 開始します(8848)
2025/05/23 20:16:59 非実行(8848)
2025/05/23 20:16:59 実行中(8848)
2025/05/23 20:19:50 終了しました(8848)
2025/05/24 20:16:59 開始します(2872)
2025/05/24 20:16:59 非実行(2872)
2025/05/24 20:16:59 実行中(2872)
2025/05/24 20:19:48 終了しました(2872)
2025/05/25 20:16:59 開始します(5424)
2025/05/25 20:16:59 非実行(5424)
2025/05/25 20:16:59 実行中(5424)
2025/05/25 20:19:39 終了しました(5424)
2025/05/26 20:16:59 開始します(7896)
2025/05/26 20:16:59 非実行(7896)
2025/05/26 20:16:59 実行中(7896)
2025/05/26 20:19:48 終了しました(7896)
2025/05/27 20:16:59 開始します(6016)
2025/05/27 20:16:59 非実行(6016)
2025/05/27 20:16:59 実行中(6016)
2025/05/27 20:19:45 終了しました(6016)
2025/05/28 20:16:59 開始します(5628)
2025/05/28 20:16:59 非実行(5628)
2025/05/28 20:16:59 実行中(5628)
2025/05/28 20:19:48 終了しました(5628)
2025/05/29 20:17:00 開始します(5276)
2025/05/29 20:17:00 非実行(5276)
2025/05/29 20:17:00 実行中(5276)
2025/05/29 20:19:47 終了しました(5276)
2025/05/30 20:17:00 開始します(1564)
2025/05/30 20:17:00 非実行(1564)
2025/05/30 20:17:00 実行中(1564)
2025/05/30 20:19:40 終了しました(1564)
2025/05/31 20:17:00 開始します(1468)
2025/05/31 20:17:00 非実行(1468)
2025/05/31 20:17:00 実行中(1468)
2025/05/31 20:19:52 終了しました(1468)
2025/06/01 20:16:59 開始します(5692)
2025/06/01 20:16:59 非実行(5692)
2025/06/01 20:16:59 実行中(5692)
2025/06/01 20:19:55 終了しました(5692)
2025/06/02 20:16:59 開始します(2332)
2025/06/02 20:16:59 非実行(2332)
2025/06/02 20:16:59 実行中(2332)
2025/06/02 20:19:50 終了しました(2332)
2025/06/03 20:16:59 開始します(912)
2025/06/03 20:16:59 非実行(912)
2025/06/03 20:16:59 実行中(912)
2025/06/03 20:19:55 終了しました(912)
2025/06/04 20:17:00 開始します(1068)
2025/06/04 20:17:00 非実行(1068)
2025/06/04 20:17:00 実行中(1068)
2025/06/04 20:19:48 終了しました(1068)
2025/06/05 20:16:59 開始します(5616)
2025/06/05 20:16:59 非実行(5616)
2025/06/05 20:16:59 実行中(5616)
2025/06/05 20:19:52 終了しました(5616)
2025/06/06 20:17:00 開始します(6356)
2025/06/06 20:17:00 非実行(6356)
2025/06/06 20:17:00 実行中(6356)
2025/06/06 20:19:48 終了しました(6356)
2025/06/07 20:17:00 開始します(676)
2025/06/07 20:17:00 非実行(676)
2025/06/07 20:17:00 実行中(676)
2025/06/07 20:19:50 終了しました(676)
2025/06/08 20:16:59 開始します(5380)
2025/06/08 20:16:59 非実行(5380)
2025/06/08 20:16:59 実行中(5380)
2025/06/08 20:19:45 終了しました(5380)
2025/06/09 20:17:00 開始します(4700)
2025/06/09 20:17:00 非実行(4700)
2025/06/09 20:17:00 実行中(4700)
2025/06/09 20:19:49 終了しました(4700)
2025/06/10 20:17:00 開始します(2268)
2025/06/10 20:17:00 非実行(2268)
2025/06/10 20:17:00 実行中(2268)
2025/06/10 20:19:52 終了しました(2268)
2025/06/11 20:17:00 開始します(4408)
2025/06/11 20:17:00 非実行(4408)
2025/06/11 20:17:00 実行中(4408)
2025/06/11 20:20:07 終了しました(4408)
2025/06/12 20:16:59 開始します(6800)
2025/06/12 20:16:59 非実行(6800)
2025/06/12 20:16:59 実行中(6800)
2025/06/12 20:20:06 終了しました(6800)
2025/06/13 20:16:59 開始します(3232)
2025/06/13 20:16:59 非実行(3232)
2025/06/13 20:16:59 実行中(3232)
2025/06/13 20:19:51 終了しました(3232)
2025/06/14 20:16:58 開始します(1364)
2025/06/14 20:16:58 非実行(1364)
2025/06/14 20:16:58 実行中(1364)
2025/06/14 20:19:51 終了しました(1364)
2025/06/15 20:17:00 開始します(5948)
2025/06/15 20:17:00 非実行(5948)
2025/06/15 20:17:00 実行中(5948)
2025/06/15 20:19:50 終了しました(5948)
2025/06/16 20:16:58 開始します(4144)
2025/06/16 20:16:58 非実行(4144)
2025/06/16 20:16:58 実行中(4144)
2025/06/16 20:19:49 終了しました(4144)
2025/06/17 20:16:59 開始します(6468)
2025/06/17 20:16:59 非実行(6468)
2025/06/17 20:16:59 実行中(6468)
2025/06/17 20:20:01 終了しました(6468)
2025/06/18 20:16:59 開始します(7892)
2025/06/18 20:16:59 非実行(7892)
2025/06/18 20:16:59 実行中(7892)
2025/06/18 20:19:49 終了しました(7892)
2025/06/19 20:16:59 開始します(4436)
2025/06/19 20:16:59 非実行(4436)
2025/06/19 20:16:59 実行中(4436)
2025/06/19 20:20:03 終了しました(4436)
2025/06/20 20:17:00 開始します(2932)
2025/06/20 20:17:00 非実行(2932)
2025/06/20 20:17:00 実行中(2932)
2025/06/20 20:20:03 終了しました(2932)
2025/06/21 20:16:59 開始します(3204)
2025/06/21 20:16:59 非実行(3204)
2025/06/21 20:16:59 実行中(3204)
2025/06/21 20:19:42 終了しました(3204)
2025/06/22 20:16:59 開始します(5644)
2025/06/22 20:16:59 非実行(5644)
2025/06/22 20:16:59 実行中(5644)
2025/06/22 20:19:46 終了しました(5644)
2025/06/23 20:16:59 開始します(4668)
2025/06/23 20:16:59 非実行(4668)
2025/06/23 20:16:59 実行中(4668)
2025/06/23 20:19:51 終了しました(4668)
2025/06/24 20:16:58 開始します(3172)
2025/06/24 20:16:58 非実行(3172)
2025/06/24 20:16:58 実行中(3172)
2025/06/24 20:19:45 終了しました(3172)
2025/06/25 20:16:59 開始します(1176)
2025/06/25 20:16:59 非実行(1176)
2025/06/25 20:16:59 実行中(1176)
2025/06/25 20:20:04 終了しました(1176)
2025/06/26 20:17:00 開始します(6004)
2025/06/26 20:17:00 非実行(6004)
2025/06/26 20:17:00 実行中(6004)
2025/06/26 20:19:55 終了しました(6004)
2025/06/27 20:16:59 開始します(3032)
2025/06/27 20:16:59 非実行(3032)
2025/06/27 20:16:59 実行中(3032)
2025/06/27 20:19:57 終了しました(3032)
2025/06/28 20:16:59 開始します(4864)
2025/06/28 20:16:59 非実行(4864)
2025/06/28 20:16:59 実行中(4864)
2025/06/28 20:19:50 終了しました(4864)
2025/06/29 20:16:59 開始します(820)
2025/06/29 20:16:59 非実行(820)
2025/06/29 20:16:59 実行中(820)
2025/06/29 20:19:51 終了しました(820)
2025/06/30 20:16:59 開始します(3472)
2025/06/30 20:16:59 非実行(3472)
2025/06/30 20:16:59 実行中(3472)
2025/06/30 20:19:51 終了しました(3472)
2025/07/01 20:16:59 開始します(3784)
2025/07/01 20:16:59 非実行(3784)
2025/07/01 20:16:59 実行中(3784)
2025/07/01 20:19:54 終了しました(3784)
2025/07/02 20:16:59 開始します(1776)
2025/07/02 20:16:59 非実行(1776)
2025/07/02 20:16:59 実行中(1776)
2025/07/02 20:19:49 終了しました(1776)
2025/07/03 20:17:00 開始します(5892)
2025/07/03 20:17:00 非実行(5892)
2025/07/03 20:17:00 実行中(5892)
2025/07/03 20:19:49 終了しました(5892)
2025/07/04 20:16:59 開始します(3216)
2025/07/04 20:16:59 非実行(3216)
2025/07/04 20:16:59 実行中(3216)
2025/07/04 20:19:52 終了しました(3216)
2025/07/05 20:16:59 開始します(2876)
2025/07/05 20:16:59 非実行(2876)
2025/07/05 20:16:59 実行中(2876)
2025/07/05 20:19:51 終了しました(2876)
2025/07/06 20:16:59 開始します(5428)
2025/07/06 20:16:59 非実行(5428)
2025/07/06 20:16:59 実行中(5428)
2025/07/06 20:19:43 終了しました(5428)
2025/07/07 20:16:59 開始します(1224)
2025/07/07 20:16:59 非実行(1224)
2025/07/07 20:16:59 実行中(1224)
2025/07/07 20:19:55 終了しました(1224)
2025/07/08 20:16:59 開始します(6580)
2025/07/08 20:16:59 非実行(6580)
2025/07/08 20:16:59 実行中(6580)
2025/07/08 20:20:10 終了しました(6580)
2025/07/09 20:16:58 開始します(1016)
2025/07/09 20:16:58 非実行(1016)
2025/07/09 20:16:58 実行中(1016)
2025/07/09 20:19:59 終了しました(1016)
2025/07/10 20:16:59 開始します(5668)
2025/07/10 20:16:59 非実行(5668)
2025/07/10 20:16:59 実行中(5668)
2025/07/10 20:19:58 終了しました(5668)
2025/07/11 20:16:59 開始します(3568)
2025/07/11 20:16:59 非実行(3568)
2025/07/11 20:16:59 実行中(3568)
2025/07/11 20:19:50 終了しました(3568)
2025/07/12 20:16:59 開始します(1320)
2025/07/12 20:16:59 非実行(1320)
2025/07/12 20:16:59 実行中(1320)
2025/07/12 20:19:58 終了しました(1320)
2025/07/13 20:16:59 開始します(5504)
2025/07/13 20:16:59 非実行(5504)
2025/07/13 20:16:59 実行中(5504)
2025/07/13 20:19:56 終了しました(5504)
2025/07/14 20:16:59 開始します(5584)
2025/07/14 20:16:59 非実行(5584)
2025/07/14 20:16:59 実行中(5584)
2025/07/14 20:19:55 終了しました(5584)
2025/07/15 20:16:59 開始します(6284)
2025/07/15 20:16:59 非実行(6284)
2025/07/15 20:16:59 実行中(6284)
2025/07/15 20:19:54 終了しました(6284)
2025/07/16 20:17:00 開始します(3140)
2025/07/16 20:17:00 非実行(3140)
2025/07/16 20:17:00 実行中(3140)
2025/07/16 20:20:03 終了しました(3140)
2025/07/17 20:16:59 開始します(6184)
2025/07/17 20:16:59 非実行(6184)
2025/07/17 20:16:59 実行中(6184)
2025/07/17 20:19:38 終了しました(6184)
2025/07/18 20:16:59 開始します(5716)
2025/07/18 20:16:59 非実行(5716)
2025/07/18 20:16:59 実行中(5716)
2025/07/18 20:19:42 終了しました(5716)
2025/07/19 20:17:00 開始します(248)
2025/07/19 20:17:00 非実行(248)
2025/07/19 20:17:00 実行中(248)
2025/07/19 20:19:41 終了しました(248)
2025/07/20 20:16:58 開始します(5312)
2025/07/20 20:16:58 非実行(5312)
2025/07/20 20:16:58 実行中(5312)
2025/07/20 20:19:39 終了しました(5312)
2025/07/21 20:16:59 開始します(5380)
2025/07/21 20:16:59 非実行(5380)
2025/07/21 20:16:59 実行中(5380)
2025/07/21 20:20:04 終了しました(5380)
2025/07/22 20:16:59 開始します(5888)
2025/07/22 20:16:59 非実行(5888)
2025/07/22 20:16:59 実行中(5888)
2025/07/22 20:19:51 終了しました(5888)
2025/07/23 20:16:58 開始します(3672)
2025/07/23 20:16:58 非実行(3672)
2025/07/23 20:16:58 実行中(3672)
2025/07/23 20:19:54 終了しました(3672)
2025/07/24 20:17:00 開始します(6084)
2025/07/24 20:17:00 非実行(6084)
2025/07/24 20:17:00 実行中(6084)
2025/07/24 20:19:52 終了しました(6084)
2025/07/25 20:16:59 開始します(4752)
2025/07/25 20:16:59 非実行(4752)
2025/07/25 20:16:59 実行中(4752)
2025/07/25 20:20:07 終了しました(4752)
2025/07/26 20:16:59 開始します(900)
2025/07/26 20:16:59 非実行(900)
2025/07/26 20:16:59 実行中(900)
2025/07/26 20:19:51 終了しました(900)
2025/07/27 20:17:00 開始します(1844)
2025/07/27 20:17:00 非実行(1844)
2025/07/27 20:17:00 実行中(1844)
2025/07/27 20:20:00 終了しました(1844)
2025/07/28 20:17:00 開始します(2736)
2025/07/28 20:17:00 非実行(2736)
2025/07/28 20:17:00 実行中(2736)
2025/07/28 20:20:07 終了しました(2736)
2025/07/29 20:16:59 開始します(2904)
2025/07/29 20:16:59 非実行(2904)
2025/07/29 20:16:59 実行中(2904)
2025/07/29 20:20:00 終了しました(2904)
2025/07/30 20:16:59 開始します(3532)
2025/07/30 20:16:59 非実行(3532)
2025/07/30 20:16:59 実行中(3532)
2025/07/30 20:20:03 終了しました(3532)
2025/07/31 20:16:59 開始します(5380)
2025/07/31 20:16:59 非実行(5380)
2025/07/31 20:16:59 実行中(5380)
2025/07/31 20:19:52 終了しました(5380)
2025/08/01 20:16:59 開始します(224)
2025/08/01 20:16:59 非実行(224)
2025/08/01 20:16:59 実行中(224)
2025/08/01 20:19:54 終了しました(224)
2025/08/02 20:16:59 開始します(1424)
2025/08/02 20:16:59 非実行(1424)
2025/08/02 20:16:59 実行中(1424)
2025/08/02 20:19:52 終了しました(1424)
2025/08/03 20:16:59 開始します(4960)
2025/08/03 20:16:59 非実行(4960)
2025/08/03 20:16:59 実行中(4960)
2025/08/03 20:19:52 終了しました(4960)
2025/08/04 20:16:59 開始します(4100)
2025/08/04 20:16:59 非実行(4100)
2025/08/04 20:16:59 実行中(4100)
2025/08/04 20:19:56 終了しました(4100)
2025/08/05 20:16:59 開始します(6128)
2025/08/05 20:16:59 非実行(6128)
2025/08/05 20:16:59 実行中(6128)
2025/08/05 20:19:52 終了しました(6128)
2025/08/06 20:16:59 開始します(4264)
2025/08/06 20:16:59 非実行(4264)
2025/08/06 20:16:59 実行中(4264)
2025/08/06 20:20:03 終了しました(4264)
2025/08/07 20:16:59 開始します(3188)
2025/08/07 20:16:59 非実行(3188)
2025/08/07 20:16:59 実行中(3188)
2025/08/07 20:19:54 終了しました(3188)
2025/08/08 20:16:59 開始します(4196)
2025/08/08 20:16:59 非実行(4196)
2025/08/08 20:16:59 実行中(4196)
2025/08/08 20:19:55 終了しました(4196)
2025/08/09 20:16:59 開始します(2780)
2025/08/09 20:16:59 非実行(2780)
2025/08/09 20:16:59 実行中(2780)
2025/08/09 20:19:46 終了しました(2780)
2025/08/10 20:16:58 開始します(5504)
2025/08/10 20:16:58 非実行(5504)
2025/08/10 20:16:58 実行中(5504)
2025/08/10 20:19:44 終了しました(5504)
2025/08/11 20:16:59 開始します(6096)
2025/08/11 20:16:59 非実行(6096)
2025/08/11 20:16:59 実行中(6096)
2025/08/11 20:19:55 終了しました(6096)
2025/08/12 20:17:00 開始します(6400)
2025/08/12 20:17:00 非実行(6400)
2025/08/12 20:17:00 実行中(6400)
2025/08/12 20:20:00 終了しました(6400)
2025/08/13 20:16:59 開始します(776)
2025/08/13 20:16:59 非実行(776)
2025/08/13 20:16:59 実行中(776)
2025/08/13 20:20:05 終了しました(776)
2025/08/14 20:16:59 開始します(3100)
2025/08/14 20:16:59 非実行(3100)
2025/08/14 20:16:59 実行中(3100)
2025/08/14 20:19:50 終了しました(3100)
2025/08/15 20:16:59 開始します(1044)
2025/08/15 20:16:59 非実行(1044)
2025/08/15 20:16:59 実行中(1044)
2025/08/15 20:19:51 終了しました(1044)
2025/08/16 20:16:59 開始します(1888)
2025/08/16 20:16:59 非実行(1888)
2025/08/16 20:16:59 実行中(1888)
2025/08/16 20:19:59 終了しました(1888)
2025/08/17 20:17:00 開始します(5064)
2025/08/17 20:17:00 非実行(5064)
2025/08/17 20:17:00 実行中(5064)
2025/08/17 20:19:58 終了しました(5064)
2025/08/18 20:16:59 開始します(5448)
2025/08/18 20:16:59 非実行(5448)
2025/08/18 20:16:59 実行中(5448)
2025/08/18 20:20:02 終了しました(5448)
2025/08/19 20:16:59 開始します(152)
2025/08/19 20:16:59 非実行(152)
2025/08/19 20:16:59 実行中(152)
2025/08/19 20:19:53 終了しました(152)
2025/08/20 20:17:00 開始します(6032)
2025/08/20 20:17:00 非実行(6032)
2025/08/20 20:17:00 実行中(6032)
2025/08/20 20:19:44 終了しました(6032)
2025/08/21 20:16:59 開始します(2184)
2025/08/21 20:16:59 非実行(2184)
2025/08/21 20:16:59 実行中(2184)
2025/08/21 20:19:44 終了しました(2184)
2025/08/22 20:16:59 開始します(5344)
2025/08/22 20:16:59 非実行(5344)
2025/08/22 20:16:59 実行中(5344)
2025/08/22 20:19:55 終了しました(5344)
2025/08/23 20:16:59 開始します(5508)
2025/08/23 20:16:59 非実行(5508)
2025/08/23 20:16:59 実行中(5508)
2025/08/23 20:19:52 終了しました(5508)
2025/08/24 20:16:59 開始します(3244)
2025/08/24 20:16:59 非実行(3244)
2025/08/24 20:16:59 実行中(3244)
2025/08/24 20:19:53 終了しました(3244)
2025/08/25 20:17:00 開始します(5188)
2025/08/25 20:17:00 非実行(5188)
2025/08/25 20:17:00 実行中(5188)
2025/08/25 20:19:46 終了しました(5188)
2025/08/26 20:17:00 開始します(3104)
2025/08/26 20:17:00 非実行(3104)
2025/08/26 20:17:00 実行中(3104)
2025/08/26 20:19:56 終了しました(3104)
2025/08/27 20:16:59 開始します(908)
2025/08/27 20:16:59 非実行(908)
2025/08/27 20:16:59 実行中(908)
2025/08/27 20:19:55 終了しました(908)
2025/08/28 20:17:00 開始します(2300)
2025/08/28 20:17:00 非実行(2300)
2025/08/28 20:17:00 実行中(2300)
2025/08/28 20:19:41 終了しました(2300)
2025/08/29 20:16:59 開始します(4508)
2025/08/29 20:16:59 非実行(4508)
2025/08/29 20:16:59 実行中(4508)
2025/08/29 20:19:58 終了しました(4508)
2025/08/30 20:16:59 開始します(2460)
2025/08/30 20:16:59 非実行(2460)
2025/08/30 20:16:59 実行中(2460)
2025/08/30 20:19:51 終了しました(2460)
2025/08/31 20:16:59 開始します(3592)
2025/08/31 20:16:59 非実行(3592)
2025/08/31 20:16:59 実行中(3592)
2025/08/31 20:19:50 終了しました(3592)
2025/09/01 20:16:59 開始します(3168)
2025/09/01 20:16:59 非実行(3168)
2025/09/01 20:16:59 実行中(3168)
2025/09/01 20:19:50 終了しました(3168)
2025/09/02 20:16:59 開始します(2576)
2025/09/02 20:16:59 非実行(2576)
2025/09/02 20:16:59 実行中(2576)
2025/09/02 20:19:53 終了しました(2576)
2025/09/03 20:16:59 開始します(1172)
2025/09/03 20:16:59 非実行(1172)
2025/09/03 20:16:59 実行中(1172)
2025/09/03 20:19:52 終了しました(1172)
2025/09/04 20:17:00 開始します(5080)
2025/09/04 20:17:00 非実行(5080)
2025/09/04 20:17:00 実行中(5080)
2025/09/04 20:19:58 終了しました(5080)
2025/09/05 20:16:59 開始します(2136)
2025/09/05 20:16:59 非実行(2136)
2025/09/05 20:16:59 実行中(2136)
2025/09/05 20:19:47 終了しました(2136)
2025/09/06 20:16:59 開始します(5496)
2025/09/06 20:16:59 非実行(5496)
2025/09/06 20:16:59 実行中(5496)
2025/09/06 20:20:00 終了しました(5496)
2025/09/07 20:16:59 開始します(5452)
2025/09/07 20:16:59 非実行(5452)
2025/09/07 20:16:59 実行中(5452)
2025/09/07 20:19:59 終了しました(5452)
2025/09/08 20:16:59 開始します(580)
2025/09/08 20:16:59 非実行(580)
2025/09/08 20:16:59 実行中(580)
2025/09/08 20:19:50 終了しました(580)
2025/09/09 20:16:58 開始します(5200)
2025/09/09 20:16:58 非実行(5200)
2025/09/09 20:16:58 実行中(5200)
2025/09/09 20:19:47 終了しました(5200)
2025/09/10 20:17:00 開始します(5764)
2025/09/10 20:17:00 非実行(5764)
2025/09/10 20:17:00 実行中(5764)
2025/09/10 20:19:56 終了しました(5764)
2025/09/11 20:16:59 開始します(1276)
2025/09/11 20:16:59 非実行(1276)
2025/09/11 20:16:59 実行中(1276)
2025/09/11 20:19:49 終了しました(1276)
2025/09/12 20:17:00 開始します(5640)
2025/09/12 20:17:00 非実行(5640)
2025/09/12 20:17:00 実行中(5640)
2025/09/12 20:19:50 終了しました(5640)
2025/09/13 20:17:00 開始します(6032)
2025/09/13 20:17:00 非実行(6032)
2025/09/13 20:17:00 実行中(6032)
2025/09/13 20:19:39 終了しました(6032)
2025/09/14 20:16:59 開始します(5360)
2025/09/14 20:16:59 非実行(5360)
2025/09/14 20:16:59 実行中(5360)
2025/09/14 20:19:52 終了しました(5360)
2025/09/15 20:17:00 開始します(6164)
2025/09/15 20:17:00 非実行(6164)
2025/09/15 20:17:00 実行中(6164)
2025/09/15 20:19:38 終了しました(6164)
2025/09/16 20:17:00 開始します(4272)
2025/09/16 20:17:00 非実行(4272)
2025/09/16 20:17:00 実行中(4272)
2025/09/16 20:19:55 終了しました(4272)
2025/09/17 20:17:00 開始します(2228)
2025/09/17 20:17:00 非実行(2228)
2025/09/17 20:17:00 実行中(2228)
2025/09/17 20:19:50 終了しました(2228)
2025/09/18 20:16:59 開始します(6652)
2025/09/18 20:16:59 非実行(6652)
2025/09/18 20:16:59 実行中(6652)
2025/09/18 20:19:56 終了しました(6652)
2025/09/19 20:16:59 開始します(4944)
2025/09/19 20:16:59 非実行(4944)
2025/09/19 20:16:59 実行中(4944)
2025/09/19 20:19:54 終了しました(4944)
2025/09/20 20:16:59 開始します(3668)
2025/09/20 20:16:59 非実行(3668)
2025/09/20 20:16:59 実行中(3668)
2025/09/20 20:19:48 終了しました(3668)
2025/09/21 20:16:59 開始します(4388)
2025/09/21 20:16:59 非実行(4388)
2025/09/21 20:16:59 実行中(4388)
2025/09/21 20:19:49 終了しました(4388)
2025/09/22 20:16:59 開始します(6368)
2025/09/22 20:16:59 非実行(6368)
2025/09/22 20:16:59 実行中(6368)
2025/09/22 20:19:49 終了しました(6368)
2025/09/23 20:16:59 開始します(4024)
2025/09/23 20:16:59 非実行(4024)
2025/09/23 20:16:59 実行中(4024)
2025/09/23 20:19:49 終了しました(4024)
2025/09/24 20:17:00 開始します(3836)
2025/09/24 20:17:00 非実行(3836)
2025/09/24 20:17:00 実行中(3836)
2025/09/24 20:19:46 終了しました(3836)
2025/09/25 20:17:00 開始します(1964)
2025/09/25 20:17:00 非実行(1964)
2025/09/25 20:17:00 実行中(1964)
2025/09/25 20:19:49 終了しました(1964)
2025/09/26 20:16:59 開始します(5736)
2025/09/26 20:16:59 非実行(5736)
2025/09/26 20:16:59 実行中(5736)
2025/09/26 20:19:49 終了しました(5736)
2025/09/27 20:16:59 開始します(1584)
2025/09/27 20:16:59 非実行(1584)
2025/09/27 20:16:59 実行中(1584)
2025/09/27 20:19:50 終了しました(1584)
2025/09/28 20:16:59 開始します(4140)
2025/09/28 20:16:59 非実行(4140)
2025/09/28 20:16:59 実行中(4140)
2025/09/28 20:19:57 終了しました(4140)
2025/09/29 20:16:59 開始します(1448)
2025/09/29 20:16:59 非実行(1448)
2025/09/29 20:16:59 実行中(1448)
2025/09/29 20:19:51 終了しました(1448)
2025/09/30 20:16:59 開始します(6304)
2025/09/30 20:16:59 非実行(6304)
2025/09/30 20:16:59 実行中(6304)
2025/09/30 20:19:49 終了しました(6304)
2025/10/01 20:16:59 開始します(2164)
2025/10/01 20:16:59 非実行(2164)
2025/10/01 20:16:59 実行中(2164)
2025/10/01 20:19:48 終了しました(2164)
2025/10/02 20:16:59 開始します(5504)
2025/10/02 20:16:59 非実行(5504)
2025/10/02 20:16:59 実行中(5504)
2025/10/02 20:19:53 終了しました(5504)
2025/10/03 20:16:59 開始します(5964)
2025/10/03 20:16:59 非実行(5964)
2025/10/03 20:16:59 実行中(5964)
2025/10/03 20:19:51 終了しました(5964)
2025/10/04 20:16:59 開始します(1412)
2025/10/04 20:16:59 非実行(1412)
2025/10/04 20:16:59 実行中(1412)
2025/10/04 20:19:59 終了しました(1412)
2025/10/05 20:17:00 開始します(5812)
2025/10/05 20:17:00 非実行(5812)
2025/10/05 20:17:00 実行中(5812)
2025/10/05 20:20:00 終了しました(5812)
2025/10/06 20:16:59 開始します(2008)
2025/10/06 20:16:59 非実行(2008)
2025/10/06 20:16:59 実行中(2008)
2025/10/06 20:19:53 終了しました(2008)
2025/10/07 20:16:59 開始します(2128)
2025/10/07 20:16:59 非実行(2128)
2025/10/07 20:16:59 実行中(2128)
2025/10/07 20:20:20 終了しました(2128)
2025/10/08 20:16:59 開始します(6612)
2025/10/08 20:16:59 非実行(6612)
2025/10/08 20:16:59 実行中(6612)
2025/10/08 20:20:28 終了しました(6612)
2025/10/09 20:16:59 開始します(5672)
2025/10/09 20:16:59 非実行(5672)
2025/10/09 20:16:59 実行中(5672)
2025/10/09 20:20:20 終了しました(5672)
2025/10/10 20:16:59 開始します(6136)
2025/10/10 20:16:59 非実行(6136)
2025/10/10 20:16:59 実行中(6136)
2025/10/10 20:20:16 終了しました(6136)
2025/10/11 20:17:00 開始します(5916)
2025/10/11 20:17:00 非実行(5916)
2025/10/11 20:17:00 実行中(5916)
2025/10/11 20:20:13 終了しました(5916)
2025/10/12 20:17:00 開始します(592)
2025/10/12 20:17:00 非実行(592)
2025/10/12 20:17:00 実行中(592)
2025/10/12 20:20:14 終了しました(592)
2025/10/13 20:16:59 開始します(756)
2025/10/13 20:16:59 非実行(756)
2025/10/13 20:16:59 実行中(756)
2025/10/13 20:20:19 終了しました(756)
2025/10/14 20:16:59 開始します(1060)
2025/10/14 20:16:59 非実行(1060)
2025/10/14 20:16:59 実行中(1060)
2025/10/14 20:20:31 終了しました(1060)
2025/10/15 20:17:00 開始します(1564)
2025/10/15 20:17:00 非実行(1564)
2025/10/15 20:17:00 実行中(1564)
2025/10/15 20:20:12 終了しました(1564)
2025/10/16 20:16:59 開始します(156)
2025/10/16 20:16:59 非実行(156)
2025/10/16 20:16:59 実行中(156)
2025/10/16 20:20:29 終了しました(156)
2025/10/17 20:16:59 開始します(2056)
2025/10/17 20:16:59 非実行(2056)
2025/10/17 20:16:59 実行中(2056)
2025/10/17 20:20:34 終了しました(2056)
2025/10/18 20:17:00 開始します(3416)
2025/10/18 20:17:00 非実行(3416)
2025/10/18 20:17:00 実行中(3416)
2025/10/18 20:20:24 終了しました(3416)
2025/10/19 20:17:00 開始します(3692)
2025/10/19 20:17:00 非実行(3692)
2025/10/19 20:17:00 実行中(3692)
2025/10/19 20:20:25 終了しました(3692)
2025/10/20 20:16:59 開始します(6240)
2025/10/20 20:16:59 非実行(6240)
2025/10/20 20:16:59 実行中(6240)
2025/10/20 20:20:22 終了しました(6240)
2025/10/21 20:16:58 開始します(5592)
2025/10/21 20:16:58 非実行(5592)
2025/10/21 20:16:58 実行中(5592)
2025/10/21 20:20:10 終了しました(5592)
2025/10/22 20:16:58 開始します(5592)
2025/10/22 20:16:58 非実行(5592)
2025/10/22 20:16:58 実行中(5592)
2025/10/22 20:20:30 終了しました(5592)
2025/10/23 20:16:58 開始します(6444)
2025/10/23 20:16:58 非実行(6444)
2025/10/23 20:16:58 実行中(6444)
2025/10/23 20:20:18 終了しました(6444)
2025/10/24 20:16:57 開始します(1144)
2025/10/24 20:16:57 非実行(1144)
2025/10/24 20:16:57 実行中(1144)
2025/10/24 20:20:24 終了しました(1144)
2025/10/25 20:16:57 開始します(6276)
2025/10/25 20:16:57 非実行(6276)
2025/10/25 20:16:57 実行中(6276)
2025/10/25 20:20:19 終了しました(6276)
2025/10/26 20:16:56 開始します(2256)
2025/10/26 20:16:56 非実行(2256)
2025/10/26 20:16:56 実行中(2256)
2025/10/26 20:20:09 終了しました(2256)
2025/10/27 20:16:56 開始します(7008)
2025/10/27 20:16:56 非実行(7008)
2025/10/27 20:16:56 実行中(7008)
2025/10/27 20:20:05 終了しました(7008)
