2024/06/28 16:35:47 開始します(5972)
2024/06/28 16:35:47 非実行(5972)
2024/06/28 16:35:47 実行中(5972)
2024/06/28 16:35:47 終了しました(5972)
2024/07/01 09:54:57 開始します(4432)
2024/07/01 09:54:57 非実行(4432)
2024/07/01 09:54:57 実行中(4432)
2024/07/01 09:54:58 終了しました(4432)
2024/07/01 09:55:39 開始します(4056)
2024/07/01 09:55:39 非実行(4056)
2024/07/01 09:55:39 実行中(4056)
2024/07/01 09:55:40 終了しました(4056)
2024/07/01 09:55:43 開始します(3996)
2024/07/01 09:55:43 非実行(3996)
2024/07/01 09:55:43 実行中(3996)
2024/07/01 09:55:43 終了しました(3996)
2024/07/01 09:55:45 開始します(8968)
2024/07/01 09:55:45 非実行(8968)
2024/07/01 09:55:45 実行中(8968)
2024/07/01 09:55:46 終了しました(8968)
2024/07/01 09:59:45 開始します(960)
2024/07/01 09:59:45 非実行(960)
2024/07/01 09:59:45 実行中(960)
2024/07/01 09:59:47 終了しました(960)
2024/07/01 10:05:25 開始します(4308)
2024/07/01 10:05:25 非実行(4308)
2024/07/01 10:05:25 実行中(4308)
2024/07/01 10:05:26 終了しました(4308)
2024/07/01 10:08:14 開始します(8648)
2024/07/01 10:08:14 非実行(8648)
2024/07/01 10:08:14 実行中(8648)
2024/07/01 10:08:16 終了しました(8648)
2024/07/01 10:08:18 開始します(5620)
2024/07/01 10:08:18 非実行(5620)
2024/07/01 10:10:53 開始します(8048)
2024/07/01 10:10:53 確認するPID：8384
2024/07/01 10:10:53 実行結果：
2024/07/01 10:10:53 非実行(8048)
2024/07/01 10:10:53 実行中(8048)
2024/07/01 10:10:55 終了しました(8048)
2024/07/01 10:24:08 開始します(7516)
2024/07/01 10:24:08 非実行(7516)
2024/07/01 10:24:08 実行中(7516)
2024/07/01 10:24:11 終了しました(7516)
2024/07/01 10:25:15 開始します(900)
2024/07/01 10:25:15 非実行(900)
2024/07/01 10:25:15 実行中(900)
2024/07/01 10:25:17 終了しました(900)
2024/07/01 10:28:00 開始します(8460)
2024/07/01 10:28:00 非実行(8460)
2024/07/01 10:28:00 実行中(8460)
2024/07/01 10:28:02 終了しました(8460)
2024/07/02 14:52:33 開始します(8096)
2024/07/02 14:52:33 非実行(8096)
2024/07/02 14:52:33 実行中(8096)
2024/07/02 14:52:33 終了しました(8096)
2024/08/16 10:01:53 開始します(3704)
2024/08/16 10:01:53 非実行(3704)
2024/08/16 10:01:53 実行中(3704)
2024/08/16 10:01:53 終了しました(3704)
2024/08/23 12:47:23 開始します(9584)
2024/08/23 12:47:23 非実行(9584)
2024/08/23 12:47:23 実行中(9584)
2024/08/23 12:47:24 終了しました(9584)
2024/08/27 15:22:37 開始します(9036)
2024/08/27 15:22:37 非実行(9036)
2024/08/27 15:22:37 実行中(9036)
2024/08/27 15:22:37 終了しました(9036)
2024/08/27 15:26:05 開始します(5084)
2024/08/27 15:26:05 非実行(5084)
2024/08/27 15:26:05 実行中(5084)
2024/08/27 15:26:06 終了しました(5084)
2024/09/12 04:56:36 開始します(10848)
2024/09/12 04:56:36 非実行(10848)
2024/09/12 04:56:36 実行中(10848)
2024/09/12 04:56:38 終了しました(10848)
2024/09/18 12:19:36 開始します(12956)
2024/09/18 12:19:36 非実行(12956)
2024/09/18 12:19:36 実行中(12956)
2024/09/18 12:19:38 終了しました(12956)
2024/09/18 22:24:14 開始します(10356)
2024/09/18 22:24:14 非実行(10356)
2024/09/18 22:24:14 実行中(10356)
2024/09/18 22:24:16 終了しました(10356)
2024/09/20 05:16:04 開始します(6180)
2024/09/20 05:16:04 非実行(6180)
2024/09/20 05:16:04 実行中(6180)
2024/09/20 05:16:06 終了しました(6180)
2024/09/23 10:12:27 開始します(9228)
2024/09/23 10:12:27 非実行(9228)
2024/09/23 10:12:27 実行中(9228)
2024/09/23 10:12:29 終了しました(9228)
2024/09/26 13:36:56 開始します(11724)
2024/09/26 13:36:56 非実行(11724)
2024/09/26 13:36:56 実行中(11724)
2024/09/26 13:36:58 終了しました(11724)
2024/09/28 14:23:41 開始します(6652)
2024/09/28 14:23:41 非実行(6652)
2024/09/28 14:23:41 実行中(6652)
2024/09/28 14:23:43 終了しました(6652)
2024/09/29 13:35:25 開始します(8520)
2024/09/29 13:35:25 非実行(8520)
2024/09/29 13:35:25 実行中(8520)
2024/09/29 13:35:27 終了しました(8520)
2024/10/02 04:39:47 開始します(12480)
2024/10/02 04:39:47 非実行(12480)
2024/10/02 04:39:47 実行中(12480)
2024/10/02 04:39:49 終了しました(12480)
2024/10/03 07:16:24 開始します(9208)
2024/10/03 07:16:24 非実行(9208)
2024/10/03 07:16:24 実行中(9208)
2024/10/03 07:16:26 終了しました(9208)
2024/10/05 11:47:08 開始します(1956)
2024/10/05 11:47:08 非実行(1956)
2024/10/05 11:47:08 実行中(1956)
2024/10/05 11:47:10 終了しました(1956)
2024/11/21 03:33:52 開始します(6928)
2024/11/21 03:33:52 非実行(6928)
2024/11/21 03:33:52 実行中(6928)
2024/11/21 03:33:53 終了しました(6928)
2025/01/24 14:52:18 開始します(8288)
2025/01/24 14:52:18 非実行(8288)
2025/01/24 14:52:18 実行中(8288)
2025/01/24 14:52:20 終了しました(8288)
2025/01/30 14:53:40 開始します(5252)
2025/01/30 14:53:40 非実行(5252)
2025/01/30 14:53:40 実行中(5252)
2025/01/30 14:53:42 終了しました(5252)
2025/01/31 13:43:39 開始します(8068)
2025/01/31 13:43:39 非実行(8068)
2025/01/31 13:43:39 実行中(8068)
2025/01/31 13:43:42 終了しました(8068)
2025/01/31 16:46:03 開始します(6244)
2025/01/31 16:46:03 非実行(6244)
2025/01/31 16:46:03 実行中(6244)
2025/01/31 16:46:04 終了しました(6244)
2025/01/31 16:55:50 開始します(3088)
2025/01/31 16:55:50 非実行(3088)
2025/01/31 16:55:50 実行中(3088)
2025/01/31 16:55:51 終了しました(3088)
2025/01/31 16:56:28 開始します(9292)
2025/01/31 16:56:28 非実行(9292)
2025/01/31 16:56:28 実行中(9292)
2025/01/31 16:56:45 終了しました(9292)
2025/02/05 17:03:44 開始します(8704)
2025/02/05 17:03:44 非実行(8704)
2025/02/05 17:03:44 実行中(8704)
2025/02/05 17:04:02 終了しました(8704)
2025/02/05 17:12:01 開始します(9856)
2025/02/05 17:12:01 非実行(9856)
2025/02/05 17:12:01 実行中(9856)
2025/02/05 17:12:02 終了しました(9856)
2025/02/05 22:18:16 開始します(3340)
2025/02/05 22:18:16 非実行(3340)
2025/02/05 22:18:16 実行中(3340)
2025/02/05 22:18:39 終了しました(3340)
2025/02/21 10:48:23 開始します(8036)
2025/02/21 10:48:23 非実行(8036)
2025/02/21 10:48:23 実行中(8036)
2025/02/21 10:49:13 終了しました(8036)
2025/02/21 13:35:11 開始します(1440)
2025/02/21 13:35:11 非実行(1440)
2025/02/21 13:35:11 実行中(1440)
2025/02/21 13:35:43 終了しました(1440)
2025/04/23 09:30:35 開始します(6524)
2025/04/23 09:30:35 非実行(6524)
2025/04/23 09:30:35 実行中(6524)
2025/04/23 09:31:07 終了しました(6524)
2025/04/30 09:30:35 開始します(6976)
2025/04/30 09:30:35 非実行(6976)
2025/04/30 09:30:35 実行中(6976)
2025/04/30 09:31:08 終了しました(6976)
2025/05/01 15:19:13 開始します(5816)
2025/05/01 15:19:13 非実行(5816)
2025/05/01 15:19:13 実行中(5816)
2025/05/01 15:19:29 終了しました(5816)
2025/05/07 09:30:35 開始します(1248)
2025/05/07 09:30:35 非実行(1248)
2025/05/07 09:30:35 実行中(1248)
2025/05/07 09:31:07 終了しました(1248)
2025/05/14 09:30:35 開始します(7916)
2025/05/14 09:30:35 非実行(7916)
2025/05/14 09:30:35 実行中(7916)
2025/05/14 09:31:07 終了しました(7916)
2025/05/21 09:30:35 開始します(1988)
2025/05/21 09:30:35 非実行(1988)
2025/05/21 09:30:35 実行中(1988)
2025/05/21 09:31:07 終了しました(1988)
2025/05/28 09:05:52 開始します(5380)
2025/05/28 09:05:52 非実行(5380)
2025/05/28 09:05:52 実行中(5380)
2025/05/28 09:06:07 終了しました(5380)
2025/06/04 09:05:51 開始します(3356)
2025/06/04 09:05:51 非実行(3356)
2025/06/04 09:05:51 実行中(3356)
2025/06/04 09:06:08 終了しました(3356)
2025/06/11 09:05:51 開始します(5372)
2025/06/11 09:05:51 非実行(5372)
2025/06/11 09:05:51 実行中(5372)
2025/06/11 09:06:24 終了しました(5372)
2025/06/18 09:05:52 開始します(4948)
2025/06/18 09:05:52 非実行(4948)
2025/06/18 09:05:52 実行中(4948)
2025/06/18 09:06:09 終了しました(4948)
2025/06/25 09:05:52 開始します(5308)
2025/06/25 09:05:52 非実行(5308)
2025/06/25 09:05:52 実行中(5308)
2025/06/25 09:06:08 終了しました(5308)
2025/07/02 09:05:51 開始します(2704)
2025/07/02 09:05:51 非実行(2704)
2025/07/02 09:05:51 実行中(2704)
2025/07/02 09:06:07 終了しました(2704)
2025/07/09 09:05:44 開始します(4156)
2025/07/09 09:05:44 非実行(4156)
2025/07/09 09:05:44 実行中(4156)
2025/07/09 09:06:17 終了しました(4156)
2025/07/09 09:28:45 開始します(508)
2025/07/09 09:28:45 非実行(508)
2025/07/09 09:28:45 実行中(508)
2025/07/09 09:29:02 終了しました(508)
2025/07/16 09:05:52 開始します(3160)
2025/07/16 09:05:52 非実行(3160)
2025/07/16 09:05:52 実行中(3160)
2025/07/16 09:06:08 終了しました(3160)
2025/07/23 09:05:51 開始します(5656)
2025/07/23 09:05:51 非実行(5656)
2025/07/23 09:05:51 実行中(5656)
2025/07/23 09:06:07 終了しました(5656)
2025/07/30 09:05:51 開始します(3652)
2025/07/30 09:05:51 非実行(3652)
2025/07/30 09:05:51 実行中(3652)
2025/07/30 09:06:07 終了しました(3652)
2025/08/06 09:05:53 開始します(5876)
2025/08/06 09:05:53 非実行(5876)
2025/08/06 09:05:53 実行中(5876)
2025/08/06 09:06:27 終了しました(5876)
2025/08/13 09:05:46 開始します(1388)
2025/08/13 09:05:46 非実行(1388)
2025/08/13 09:05:46 実行中(1388)
2025/08/13 09:06:03 終了しました(1388)
2025/08/20 09:05:53 開始します(1796)
2025/08/20 09:05:53 非実行(1796)
2025/08/20 09:05:53 実行中(1796)
2025/08/20 09:06:09 終了しました(1796)
2025/08/27 09:05:46 開始します(4720)
2025/08/27 09:05:46 非実行(4720)
2025/08/27 09:05:46 実行中(4720)
2025/08/27 09:06:02 終了しました(4720)
2025/09/03 09:05:51 開始します(852)
2025/09/03 09:05:51 非実行(852)
2025/09/03 09:05:51 実行中(852)
2025/09/03 09:06:07 終了しました(852)
2025/09/10 09:05:47 開始します(1824)
2025/09/10 09:05:47 非実行(1824)
2025/09/10 09:05:47 実行中(1824)
2025/09/10 09:06:18 終了しました(1824)
2025/09/17 09:05:51 開始します(5608)
2025/09/17 09:05:51 非実行(5608)
2025/09/17 09:05:51 実行中(5608)
2025/09/17 09:06:07 終了しました(5608)
2025/09/24 09:05:52 開始します(1808)
2025/09/24 09:05:52 非実行(1808)
2025/09/24 09:05:52 実行中(1808)
2025/09/24 09:06:08 終了しました(1808)
2025/10/01 09:05:43 開始します(5552)
2025/10/01 09:05:43 非実行(5552)
2025/10/01 09:05:43 実行中(5552)
2025/10/01 09:05:59 終了しました(5552)
2025/10/08 09:05:51 開始します(4772)
2025/10/08 09:05:51 非実行(4772)
2025/10/08 09:05:51 実行中(4772)
2025/10/08 09:06:23 終了しました(4772)
2025/10/15 09:05:46 開始します(4956)
2025/10/15 09:05:46 非実行(4956)
2025/10/15 09:05:46 実行中(4956)
2025/10/15 09:06:02 終了しました(4956)
2025/10/22 09:05:57 開始します(5608)
2025/10/22 09:05:57 非実行(5608)
2025/10/22 09:05:57 実行中(5608)
2025/10/22 09:06:12 終了しました(5608)
