2018/10/19 07:48:40 開始します(5044)
2018/10/19 07:48:40 非実行(5044)
2018/10/19 07:48:40 実行中(5044)
2018/10/19 08:58:14 終了しました(5044)
2018/10/24 17:08:17 開始します(6732)
2018/10/24 17:08:17 非実行(6732)
2018/10/24 17:08:17 実行中(6732)
2018/10/24 17:15:59 終了しました(6732)
2018/10/25 19:10:29 開始します(5316)
2018/10/25 19:10:29 非実行(5316)
2018/10/25 19:10:29 実行中(5316)
2018/10/25 19:11:06 終了しました(5316)
2018/10/26 19:51:09 開始します(5212)
2018/10/26 19:51:09 非実行(5212)
2018/10/26 19:51:09 実行中(5212)
2018/10/26 19:51:53 終了しました(5212)
2018/11/01 23:11:20 開始します(7992)
2018/11/01 23:11:20 非実行(7992)
2018/11/01 23:11:20 実行中(7992)
2018/11/01 23:11:59 終了しました(7992)
2018/11/02 14:59:17 開始します(3392)
2018/11/02 14:59:17 非実行(3392)
2018/11/02 14:59:17 実行中(3392)
2018/11/02 14:59:56 終了しました(3392)
2018/11/02 16:32:53 開始します(5272)
2018/11/02 16:32:53 非実行(5272)
2018/11/02 16:32:53 実行中(5272)
2018/11/02 16:33:30 終了しました(5272)
2018/11/06 20:46:51 開始します(5824)
2018/11/06 20:46:51 非実行(5824)
2018/11/06 20:46:51 実行中(5824)
2018/11/06 20:48:26 終了しました(5824)
2018/11/07 20:53:11 開始します(4344)
2018/11/07 20:53:11 非実行(4344)
2018/11/07 20:53:11 実行中(4344)
2018/11/07 20:54:46 終了しました(4344)
2018/11/17 01:36:24 開始します(4512)
2018/11/17 01:36:24 非実行(4512)
2018/11/17 01:36:24 実行中(4512)
2018/11/17 01:38:00 終了しました(4512)
2018/11/20 14:38:21 開始します(5444)
2018/11/20 14:38:21 非実行(5444)
2018/11/20 14:38:21 実行中(5444)
2018/11/20 14:39:54 終了しました(5444)
2018/11/21 19:59:46 開始します(1832)
2018/11/21 19:59:46 非実行(1832)
2018/11/21 19:59:46 実行中(1832)
2018/11/21 20:01:24 終了しました(1832)
2018/11/22 19:46:02 開始します(2896)
2018/11/22 19:46:02 非実行(2896)
2018/11/22 19:46:02 実行中(2896)
2018/11/22 19:47:37 終了しました(2896)
2018/11/23 20:08:48 開始します(6676)
2018/11/23 20:08:48 非実行(6676)
2018/11/23 20:08:48 実行中(6676)
2018/11/23 20:10:24 終了しました(6676)
2018/11/26 14:19:32 開始します(5220)
2018/11/26 14:19:32 非実行(5220)
2018/11/26 14:19:32 実行中(5220)
2018/11/26 14:22:12 終了しました(5220)
2018/11/26 23:32:05 開始します(3108)
2018/11/26 23:32:05 非実行(3108)
2018/11/26 23:32:05 実行中(3108)
2018/11/26 23:34:43 終了しました(3108)
2018/11/27 23:14:09 開始します(4104)
2018/11/27 23:14:09 非実行(4104)
2018/11/27 23:14:09 実行中(4104)
2018/11/27 23:16:48 終了しました(4104)
2018/11/28 22:54:12 開始します(3304)
2018/11/28 22:54:12 非実行(3304)
2018/11/28 22:54:12 実行中(3304)
2018/11/28 22:56:48 終了しました(3304)
2018/11/29 22:34:56 開始します(6292)
2018/11/29 22:34:56 非実行(6292)
2018/11/29 22:34:56 実行中(6292)
2018/11/29 22:37:52 終了しました(6292)
2018/11/30 22:49:21 開始します(3364)
2018/11/30 22:49:21 非実行(3364)
2018/11/30 22:49:21 実行中(3364)
2018/11/30 22:50:56 終了しました(3364)
2018/12/07 23:58:06 開始します(4152)
2018/12/07 23:58:06 非実行(4152)
2018/12/07 23:58:06 実行中(4152)
2018/12/08 01:45:50 終了しました(4152)
2018/12/10 23:01:42 開始します(5372)
2018/12/10 23:01:42 非実行(5372)
2018/12/10 23:01:42 実行中(5372)
2018/12/11 00:12:16 終了しました(5372)
2018/12/11 23:18:10 開始します(3432)
2018/12/11 23:18:10 非実行(3432)
2018/12/11 23:18:10 実行中(3432)
2018/12/12 00:21:57 終了しました(3432)
2018/12/12 23:10:04 開始します(4532)
2018/12/12 23:10:04 非実行(4532)
2018/12/12 23:10:04 実行中(4532)
2018/12/13 00:13:18 終了しました(4532)
2018/12/25 20:16:30 開始します(5296)
2018/12/25 20:16:30 非実行(5296)
2018/12/25 20:16:30 実行中(5296)
2018/12/25 21:09:07 終了しました(5296)
2019/01/17 17:51:13 開始します(2508)
2019/01/17 17:51:13 非実行(2508)
2019/01/17 17:51:13 実行中(2508)
2019/01/17 19:41:42 終了しました(2508)
2019/01/22 18:16:21 開始します(5340)
2019/01/22 18:16:21 非実行(5340)
2019/01/22 18:16:21 実行中(5340)
2019/01/22 19:41:31 終了しました(5340)
2019/01/24 19:56:14 開始します(4488)
2019/01/24 19:56:14 非実行(4488)
2019/01/24 19:56:14 実行中(4488)
2019/01/24 21:19:26 終了しました(4488)
2019/01/25 23:59:39 開始します(5416)
2019/01/25 23:59:39 非実行(5416)
2019/01/25 23:59:39 実行中(5416)
2019/01/26 01:21:44 終了しました(5416)
2019/01/28 23:17:19 開始します(7112)
2019/01/28 23:17:19 非実行(7112)
2019/01/28 23:17:19 実行中(7112)
2019/01/29 00:36:20 終了しました(7112)
2019/01/30 00:27:10 開始します(4600)
2019/01/30 00:27:10 非実行(4600)
2019/01/30 00:27:10 実行中(4600)
2019/01/30 01:40:05 終了しました(4600)
2019/01/30 21:38:57 開始します(3472)
2019/01/30 21:38:57 非実行(3472)
2019/01/30 21:38:57 実行中(3472)
2019/01/30 22:50:17 終了しました(3472)
2019/01/31 20:43:14 開始します(6496)
2019/01/31 20:43:14 非実行(6496)
2019/01/31 20:43:14 実行中(6496)
2019/01/31 21:51:30 終了しました(6496)
2019/02/01 19:39:02 開始します(6120)
2019/02/01 19:39:02 非実行(6120)
2019/02/01 19:39:02 実行中(6120)
2019/02/01 20:45:07 終了しました(6120)
2019/02/04 23:20:17 開始します(4128)
2019/02/04 23:20:17 非実行(4128)
2019/02/04 23:20:17 実行中(4128)
2019/02/05 00:23:09 終了しました(4128)
2019/02/06 00:55:32 開始します(3032)
2019/02/06 00:55:32 非実行(3032)
2019/02/06 00:55:32 実行中(3032)
2019/02/06 01:56:57 終了しました(3032)
2019/02/06 19:03:33 開始します(708)
2019/02/06 19:03:33 非実行(708)
2019/02/06 19:03:33 実行中(708)
2019/02/06 19:59:56 終了しました(708)
2019/02/07 19:35:32 開始します(3364)
2019/02/07 19:35:32 非実行(3364)
2019/02/07 19:35:32 実行中(3364)
2019/02/07 20:28:07 終了しました(3364)
2019/02/08 20:17:30 開始します(5232)
2019/02/08 20:17:30 非実行(5232)
2019/02/08 20:17:30 実行中(5232)
2019/02/08 21:07:10 終了しました(5232)
2019/02/11 19:37:28 開始します(6980)
2019/02/11 19:37:28 非実行(6980)
2019/02/11 19:37:28 実行中(6980)
2019/02/11 20:24:37 終了しました(6980)
2019/02/12 22:43:09 開始します(4632)
2019/02/12 22:43:09 非実行(4632)
2019/02/12 22:43:09 実行中(4632)
2019/02/12 23:28:30 終了しました(4632)
2019/02/13 19:59:23 開始します(2768)
2019/02/13 19:59:23 非実行(2768)
2019/02/13 19:59:23 実行中(2768)
2019/02/13 20:45:11 終了しました(2768)
2019/02/14 19:29:56 開始します(632)
2019/02/14 19:29:56 非実行(632)
2019/02/14 19:29:56 実行中(632)
2019/02/14 20:11:50 終了しました(632)
2019/03/08 15:41:10 開始します(3900)
2019/03/08 15:41:10 非実行(3900)
2019/03/08 15:41:10 実行中(3900)
2019/03/08 16:24:05 終了しました(3900)
2019/03/11 19:39:11 開始します(5960)
2019/03/11 19:39:11 非実行(5960)
2019/03/11 19:39:11 実行中(5960)
2019/03/11 20:19:25 終了しました(5960)
2019/03/12 23:47:28 開始します(6176)
2019/03/12 23:47:28 非実行(6176)
2019/03/12 23:47:28 実行中(6176)
2019/03/13 00:35:03 終了しました(6176)
2019/03/13 19:53:27 開始します(6452)
2019/03/13 19:53:27 非実行(6452)
2019/03/13 19:53:27 実行中(6452)
2019/03/13 20:38:56 終了しました(6452)
2019/03/14 19:16:35 開始します(1920)
2019/03/14 19:16:35 非実行(1920)
2019/03/14 19:16:35 実行中(1920)
2019/03/14 20:02:07 終了しました(1920)
2019/03/15 18:51:41 開始します(6608)
2019/03/15 18:51:41 非実行(6608)
2019/03/15 18:51:41 実行中(6608)
2019/03/15 19:36:57 終了しました(6608)
2019/03/18 19:16:46 開始します(5300)
2019/03/18 19:16:46 非実行(5300)
2019/03/18 19:16:46 実行中(5300)
2019/03/18 20:02:39 終了しました(5300)
2019/03/19 19:40:24 開始します(5928)
2019/03/19 19:40:24 非実行(5928)
2019/03/19 19:40:24 実行中(5928)
2019/03/19 20:26:01 終了しました(5928)
2019/03/20 19:03:55 開始します(1784)
2019/03/20 19:03:55 非実行(1784)
2019/03/20 19:03:55 実行中(1784)
2019/03/20 19:48:19 終了しました(1784)
2019/03/21 20:00:58 開始します(4456)
2019/03/21 20:00:58 非実行(4456)
2019/03/21 20:00:58 実行中(4456)
2019/03/21 20:41:10 終了しました(4456)
2019/03/22 19:46:07 開始します(1660)
2019/03/22 19:46:07 非実行(1660)
2019/03/22 19:46:07 実行中(1660)
2019/03/22 20:31:14 終了しました(1660)
2019/03/25 19:39:01 開始します(3848)
2019/03/25 19:39:01 非実行(3848)
2019/03/25 19:39:01 実行中(3848)
2019/03/25 20:22:18 終了しました(3848)
2019/03/26 19:29:52 開始します(4744)
2019/03/26 19:29:52 非実行(4744)
2019/03/26 19:29:52 実行中(4744)
2019/03/26 20:12:07 終了しました(4744)
2019/03/27 19:51:34 開始します(4644)
2019/03/27 19:51:34 非実行(4644)
2019/03/27 19:51:34 実行中(4644)
2019/03/27 20:33:11 終了しました(4644)
2019/03/28 20:07:22 開始します(1904)
2019/03/28 20:07:22 非実行(1904)
2019/03/28 20:07:22 実行中(1904)
2019/03/28 20:47:54 終了しました(1904)
2019/03/29 19:37:56 開始します(5940)
2019/03/29 19:37:56 非実行(5940)
2019/03/29 19:37:56 実行中(5940)
2019/03/29 20:18:38 終了しました(5940)
2019/04/01 19:24:51 開始します(4696)
2019/04/01 19:24:51 非実行(4696)
2019/04/01 19:24:51 実行中(4696)
2019/04/01 20:04:18 終了しました(4696)
2019/04/02 18:45:38 開始します(5268)
2019/04/02 18:45:38 非実行(5268)
2019/04/02 18:45:38 実行中(5268)
2019/04/02 19:24:21 終了しました(5268)
2019/04/03 20:09:46 開始します(5708)
2019/04/03 20:09:46 非実行(5708)
2019/04/03 20:09:46 実行中(5708)
2019/04/03 20:47:31 終了しました(5708)
2019/04/04 18:48:22 開始します(5304)
2019/04/04 18:48:22 非実行(5304)
2019/04/04 18:48:22 実行中(5304)
2019/04/04 19:24:24 終了しました(5304)
2019/04/05 18:53:03 開始します(5728)
2019/04/05 18:53:03 非実行(5728)
2019/04/05 18:53:03 実行中(5728)
2019/04/05 19:26:04 終了しました(5728)
2019/04/08 19:20:42 開始します(3120)
2019/04/08 19:20:42 非実行(3120)
2019/04/08 19:20:42 実行中(3120)
2019/04/08 19:52:49 終了しました(3120)
2019/04/09 18:46:09 開始します(5916)
2019/04/09 18:46:09 非実行(5916)
2019/04/09 18:46:09 実行中(5916)
2019/04/09 19:14:53 終了しました(5916)
2019/04/10 19:22:00 開始します(6816)
2019/04/10 19:22:00 非実行(6816)
2019/04/10 19:22:00 実行中(6816)
2019/04/10 19:47:57 終了しました(6816)
2019/04/12 19:49:19 開始します(2848)
2019/04/12 19:49:19 非実行(2848)
2019/04/12 19:49:19 実行中(2848)
2019/04/12 20:43:43 終了しました(2848)
2019/04/17 19:40:59 開始します(5208)
2019/04/17 19:40:59 非実行(5208)
2019/04/17 19:40:59 実行中(5208)
2019/04/17 21:04:41 終了しました(5208)
2019/04/20 07:29:01 開始します(5720)
2019/04/20 07:29:01 非実行(5720)
2019/04/20 07:29:01 実行中(5720)
2019/04/20 09:08:05 終了しました(5720)
2019/04/23 17:18:56 開始します(4032)
2019/04/23 17:18:56 非実行(4032)
2019/04/23 17:18:56 実行中(4032)
2019/04/23 17:44:29 終了しました(4032)
2019/04/24 19:11:03 開始します(6464)
2019/04/24 19:11:03 非実行(6464)
2019/04/24 19:11:03 実行中(6464)
2019/04/24 19:32:13 終了しました(6464)
2019/04/25 18:22:01 開始します(1188)
2019/04/25 18:22:01 非実行(1188)
2019/04/25 18:22:01 実行中(1188)
2019/04/25 18:39:43 終了しました(1188)
2019/04/28 21:41:47 開始します(4836)
2019/04/28 21:41:47 非実行(4836)
2019/04/28 21:41:47 実行中(4836)
2019/04/28 23:15:34 終了しました(4836)
2019/05/06 18:59:30 開始します(6180)
2019/05/06 18:59:30 非実行(6180)
2019/05/06 18:59:30 実行中(6180)
2019/05/06 20:20:49 終了しました(6180)
2019/05/08 15:25:42 開始します(916)
2019/05/08 15:25:42 非実行(916)
2019/05/08 15:25:42 実行中(916)
2019/05/08 15:55:23 終了しました(916)
2019/05/09 16:25:33 開始します(2640)
2019/05/09 16:25:33 非実行(2640)
2019/05/09 16:25:33 実行中(2640)
2019/05/09 16:57:56 終了しました(2640)
2019/05/24 00:14:20 開始します(4960)
2019/05/24 00:14:20 非実行(4960)
2019/05/24 00:14:20 実行中(4960)
2019/05/24 00:37:00 終了しました(4960)
2019/05/29 00:15:40 開始します(1496)
2019/05/29 00:15:40 非実行(1496)
2019/05/29 00:15:40 実行中(1496)
2019/05/29 00:37:06 終了しました(1496)
2019/06/17 18:37:00 開始します(9828)
2019/06/17 18:37:00 非実行(9828)
2019/06/17 18:37:00 実行中(9828)
2019/06/17 18:45:07 終了しました(9828)
2019/06/25 18:49:33 開始します(1036)
2019/06/25 18:49:33 非実行(1036)
2019/06/25 18:49:33 実行中(1036)
2019/06/25 19:09:45 終了しました(1036)
2019/06/26 23:36:44 開始します(6992)
2019/06/26 23:36:44 非実行(6992)
2019/06/26 23:36:44 実行中(6992)
2019/06/26 23:55:52 終了しました(6992)
2019/06/27 19:06:20 開始します(6468)
2019/06/27 19:06:20 非実行(6468)
2019/06/27 19:06:20 実行中(6468)
2019/06/27 19:24:14 終了しました(6468)
2019/06/28 18:26:35 開始します(7896)
2019/06/28 18:26:35 非実行(7896)
2019/06/28 18:26:35 実行中(7896)
2019/06/28 18:44:24 終了しました(7896)
2019/07/09 19:39:53 開始します(11100)
2019/07/09 19:39:53 非実行(11100)
2019/07/09 19:39:53 実行中(11100)
2019/07/09 19:56:07 終了しました(11100)
2019/07/11 01:16:26 開始します(9732)
2019/07/11 01:16:26 非実行(9732)
2019/07/11 01:16:26 実行中(9732)
2019/07/11 01:31:39 終了しました(9732)
2019/07/22 19:48:05 開始します(9228)
2019/07/22 19:48:05 非実行(9228)
2019/07/22 19:48:05 実行中(9228)
2019/07/22 20:08:34 終了しました(9228)
2019/07/23 14:46:39 開始します(8300)
2019/07/23 14:46:39 非実行(8300)
2019/07/23 14:46:39 実行中(8300)
2019/07/23 15:07:40 終了しました(8300)
2019/07/24 20:12:01 開始します(10252)
2019/07/24 20:12:01 非実行(10252)
2019/07/24 20:12:01 実行中(10252)
2019/07/24 20:32:24 終了しました(10252)
2019/07/25 16:26:47 開始します(8412)
2019/07/25 16:26:47 非実行(8412)
2019/07/25 16:26:47 実行中(8412)
2019/07/25 16:45:54 終了しました(8412)
2019/07/27 03:02:04 開始します(8568)
2019/07/27 03:02:04 非実行(8568)
2019/07/27 03:02:04 実行中(8568)
2019/07/27 03:23:29 終了しました(8568)
2019/07/29 16:50:33 開始します(6136)
2019/07/29 16:50:33 非実行(6136)
2019/07/29 16:50:33 実行中(6136)
2019/07/29 17:10:14 終了しました(6136)
2019/07/30 20:05:05 開始します(10732)
2019/07/30 20:05:05 非実行(10732)
2019/07/30 20:05:05 実行中(10732)
2019/07/30 20:23:54 終了しました(10732)
2019/07/31 22:49:51 開始します(5488)
2019/07/31 22:49:51 非実行(5488)
2019/07/31 22:49:51 実行中(5488)
2019/07/31 23:07:42 終了しました(5488)
2019/08/07 18:39:28 開始します(6996)
2019/08/07 18:39:28 非実行(6996)
2019/08/07 18:39:28 実行中(6996)
2019/08/07 18:56:29 終了しました(6996)
2019/08/08 19:05:28 開始します(4412)
2019/08/08 19:05:28 非実行(4412)
2019/08/08 19:05:28 実行中(4412)
2019/08/08 19:21:09 終了しました(4412)
2019/08/09 16:40:01 開始します(10992)
2019/08/09 16:40:01 非実行(10992)
2019/08/09 16:40:01 実行中(10992)
2019/08/09 16:54:40 終了しました(10992)
2019/08/14 18:51:01 開始します(1056)
2019/08/14 18:51:01 非実行(1056)
2019/08/14 18:51:01 実行中(1056)
2019/08/14 19:05:17 終了しました(1056)
2019/08/15 19:35:07 開始します(636)
2019/08/15 19:35:07 非実行(636)
2019/08/15 19:35:07 実行中(636)
2019/08/15 19:47:52 終了しました(636)
2019/08/16 16:23:04 開始します(10716)
2019/08/16 16:23:04 非実行(10716)
2019/08/16 16:23:04 実行中(10716)
2019/08/16 16:35:16 終了しました(10716)
2019/08/19 18:52:37 開始します(9292)
2019/08/19 18:52:37 非実行(9292)
2019/08/19 18:52:37 実行中(9292)
2019/08/19 19:03:48 終了しました(9292)
2019/08/20 19:01:58 開始します(2264)
2019/08/20 19:01:58 非実行(2264)
2019/08/20 19:01:58 実行中(2264)
2019/08/20 19:12:02 終了しました(2264)
2019/08/21 18:03:48 開始します(11948)
2019/08/21 18:03:48 非実行(11948)
2019/08/21 18:03:48 実行中(11948)
2019/08/21 18:12:09 終了しました(11948)
2019/08/22 18:20:21 開始します(7608)
2019/08/22 18:20:21 非実行(7608)
2019/08/22 18:20:21 実行中(7608)
2019/08/22 18:27:35 終了しました(7608)
2019/08/26 18:07:43 開始します(9836)
2019/08/26 18:07:43 非実行(9836)
2019/08/26 18:07:43 実行中(9836)
2019/08/26 18:14:30 終了しました(9836)
2019/08/28 17:26:36 開始します(8752)
2019/08/28 17:26:36 非実行(8752)
2019/08/28 17:26:36 実行中(8752)
2019/08/28 17:32:58 終了しました(8752)
2019/09/02 17:33:34 開始します(6600)
2019/09/02 17:33:34 非実行(6600)
2019/09/02 17:33:34 実行中(6600)
2019/09/02 17:39:10 終了しました(6600)
2019/09/04 17:41:32 開始します(6348)
2019/09/04 17:41:32 非実行(6348)
2019/09/04 17:41:32 実行中(6348)
2019/09/04 17:46:52 終了しました(6348)
2019/09/05 19:46:38 開始します(11796)
2019/09/05 19:46:38 非実行(11796)
2019/09/05 19:46:38 実行中(11796)
2019/09/05 19:52:42 終了しました(11796)
2019/09/11 23:57:12 開始します(9504)
2019/09/11 23:57:12 非実行(9504)
2019/09/11 23:57:12 実行中(9504)
2019/09/12 00:02:09 終了しました(9504)
2019/09/13 01:08:14 開始します(10380)
2019/09/13 01:08:14 非実行(10380)
2019/09/13 01:08:14 実行中(10380)
2019/09/13 01:12:59 終了しました(10380)
2019/10/05 01:39:53 開始します(3492)
2019/10/05 01:39:53 非実行(3492)
2019/10/05 01:39:53 実行中(3492)
2019/10/05 01:43:46 終了しました(3492)
2019/11/01 15:47:07 開始します(7480)
2019/11/01 15:47:07 非実行(7480)
2019/11/01 15:47:07 実行中(7480)
2019/11/01 15:58:46 終了しました(7480)
2019/11/05 18:14:17 開始します(12284)
2019/11/05 18:14:17 非実行(12284)
2019/11/05 18:14:17 実行中(12284)
2019/11/05 18:22:09 終了しました(12284)
2019/11/06 21:31:33 開始します(13156)
2019/11/06 21:31:33 非実行(13156)
2019/11/06 21:31:33 実行中(13156)
2019/11/06 21:39:30 終了しました(13156)
2019/11/07 17:04:52 開始します(11656)
2019/11/07 17:04:52 非実行(11656)
2019/11/07 17:04:52 実行中(11656)
2019/11/07 17:12:56 終了しました(11656)
2019/11/08 17:37:36 開始します(8916)
2019/11/08 17:37:36 非実行(8916)
2019/11/08 17:37:36 実行中(8916)
2019/11/08 17:45:30 終了しました(8916)
2019/11/11 17:18:47 開始します(2680)
2019/11/11 17:18:47 非実行(2680)
2019/11/11 17:18:47 実行中(2680)
2019/11/11 17:26:38 終了しました(2680)
2019/11/12 18:32:25 開始します(4252)
2019/11/12 18:32:25 非実行(4252)
2019/11/12 18:32:25 実行中(4252)
2019/11/12 18:40:23 終了しました(4252)
2019/11/13 16:04:58 開始します(11184)
2019/11/13 16:04:58 非実行(11184)
2019/11/13 16:04:58 実行中(11184)
2019/11/13 16:12:49 終了しました(11184)
2019/11/14 19:36:43 開始します(10024)
2019/11/14 19:36:43 非実行(10024)
2019/11/14 19:36:43 実行中(10024)
2019/11/14 19:44:38 終了しました(10024)
2019/11/15 19:25:08 開始します(7656)
2019/11/15 19:25:08 非実行(7656)
2019/11/15 19:25:08 実行中(7656)
2019/11/15 19:33:03 終了しました(7656)
2019/11/18 18:36:02 開始します(8380)
2019/11/18 18:36:02 非実行(8380)
2019/11/18 18:36:02 実行中(8380)
2019/11/18 18:43:52 終了しました(8380)
2019/11/20 02:09:20 開始します(4440)
2019/11/20 02:09:20 非実行(4440)
2019/11/20 02:09:20 実行中(4440)
2019/11/20 02:17:03 終了しました(4440)
2019/11/21 01:32:18 開始します(11020)
2019/11/21 01:32:18 非実行(11020)
2019/11/21 01:32:18 実行中(11020)
2019/11/21 01:39:57 終了しました(11020)
2019/11/21 18:15:29 開始します(8148)
2019/11/21 18:15:29 非実行(8148)
2019/11/21 18:15:29 実行中(8148)
2019/11/21 18:22:38 終了しました(8148)
2019/11/22 23:39:55 開始します(6792)
2019/11/22 23:39:55 非実行(6792)
2019/11/22 23:39:55 実行中(6792)
2019/11/22 23:46:48 終了しました(6792)
2019/11/25 18:14:36 開始します(7996)
2019/11/25 18:14:36 非実行(7996)
2019/11/25 18:14:36 実行中(7996)
2019/11/25 18:21:02 終了しました(7996)
2019/11/28 17:50:42 開始します(10528)
2019/11/28 17:50:42 非実行(10528)
2019/11/28 17:50:42 実行中(10528)
2019/11/28 17:55:52 終了しました(10528)
2019/11/29 18:14:07 開始します(8060)
2019/11/29 18:14:07 非実行(8060)
2019/11/29 18:14:07 実行中(8060)
2019/11/29 18:19:00 終了しました(8060)
2019/12/03 01:32:54 開始します(4452)
2019/12/03 01:32:54 非実行(4452)
2019/12/03 01:32:54 実行中(4452)
2019/12/03 01:37:41 終了しました(4452)
2019/12/23 21:23:35 開始します(7464)
2019/12/23 21:23:35 非実行(7464)
2019/12/23 21:23:35 実行中(7464)
2019/12/23 21:28:12 終了しました(7464)
2019/12/26 22:08:30 開始します(6420)
2019/12/26 22:08:30 非実行(6420)
2019/12/26 22:08:30 実行中(6420)
2019/12/26 22:12:00 終了しました(6420)
2020/02/26 13:47:45 開始します(4196)
2020/02/26 13:47:45 非実行(4196)
2020/02/26 13:47:45 実行中(4196)
2020/02/26 14:11:05 終了しました(4196)
2020/03/02 14:49:00 開始します(6092)
2020/03/02 14:49:00 非実行(6092)
2020/03/02 14:49:00 実行中(6092)
2020/03/02 15:11:59 終了しました(6092)
2020/03/05 18:10:21 開始します(5916)
2020/03/05 18:10:21 非実行(5916)
2020/03/05 18:10:21 実行中(5916)
2020/03/05 18:33:09 終了しました(5916)
2020/03/07 02:13:16 開始します(5380)
2020/03/07 02:13:16 非実行(5380)
2020/03/07 02:13:16 実行中(5380)
2020/03/07 02:36:32 終了しました(5380)
2020/03/19 02:51:53 開始します(6996)
2020/03/19 02:51:53 非実行(6996)
2020/03/19 02:51:53 実行中(6996)
2020/03/19 02:58:42 終了しました(6996)
2020/03/19 13:15:29 開始します(3776)
2020/03/19 13:15:29 非実行(3776)
2020/03/19 13:15:29 実行中(3776)
2020/03/19 13:19:22 終了しました(3776)
2020/03/23 17:52:22 開始します(4712)
2020/03/23 17:52:22 非実行(4712)
2020/03/23 17:52:22 実行中(4712)
2020/03/23 17:56:20 終了しました(4712)
2020/04/28 01:04:47 開始します(5536)
2020/04/28 01:04:47 非実行(5536)
2020/04/28 01:04:47 実行中(5536)
2020/04/28 01:09:21 終了しました(5536)
2020/06/03 16:55:27 開始します(2176)
2020/06/03 16:55:27 非実行(2176)
2020/06/03 16:55:27 実行中(2176)
2020/06/03 16:59:55 終了しました(2176)
2020/06/15 15:36:32 開始します(4824)
2020/06/15 15:36:32 非実行(4824)
2020/06/15 15:36:32 実行中(4824)
2020/06/15 15:53:55 終了しました(4824)
2020/06/19 02:31:43 開始します(6964)
2020/06/19 02:31:43 非実行(6964)
2020/06/19 02:31:43 実行中(6964)
2020/06/19 02:49:22 終了しました(6964)
2020/06/23 09:09:28 開始します(2456)
2020/06/23 09:09:28 非実行(2456)
2020/06/23 09:09:28 実行中(2456)
2020/06/23 09:25:34 終了しました(2456)
2020/07/09 12:12:50 開始します(2064)
2020/07/09 12:12:50 非実行(2064)
2020/07/09 12:12:50 実行中(2064)
2020/07/09 12:28:17 終了しました(2064)
2020/07/20 15:06:54 開始します(1052)
2020/07/20 15:06:54 非実行(1052)
2020/07/20 15:06:54 実行中(1052)
2020/07/20 15:10:11 終了しました(1052)
2020/08/20 11:16:32 開始します(7424)
2020/08/20 11:16:32 非実行(7424)
2020/08/20 11:16:32 実行中(7424)
2020/08/20 11:34:58 終了しました(7424)
2020/08/20 18:10:28 開始します(2104)
2020/08/20 18:10:28 非実行(2104)
2020/08/20 18:10:28 実行中(2104)
2020/08/20 18:27:16 終了しました(2104)
2020/08/24 09:11:11 開始します(7324)
2020/08/24 09:11:11 非実行(7324)
2020/08/24 09:11:11 実行中(7324)
2020/08/24 09:28:37 終了しました(7324)
2020/08/25 11:13:24 開始します(6980)
2020/08/25 11:13:24 非実行(6980)
2020/08/25 11:13:24 実行中(6980)
2020/08/25 11:29:49 終了しました(6980)
2020/08/26 13:27:30 開始します(5476)
2020/08/26 13:27:30 非実行(5476)
2020/08/26 13:27:30 実行中(5476)
2020/08/26 13:43:31 終了しました(5476)
2020/08/31 19:14:35 開始します(4464)
2020/08/31 19:14:35 非実行(4464)
2020/08/31 19:14:35 実行中(4464)
2020/08/31 19:29:23 終了しました(4464)
2020/09/01 20:32:03 開始します(7716)
2020/09/01 20:32:03 非実行(7716)
2020/09/01 20:32:03 実行中(7716)
2020/09/01 20:46:59 終了しました(7716)
2020/09/03 19:17:01 開始します(8140)
2020/09/03 19:17:01 非実行(8140)
2020/09/03 19:17:01 実行中(8140)
2020/09/03 19:31:30 終了しました(8140)
2020/09/04 11:53:59 開始します(4968)
2020/09/04 11:53:59 非実行(4968)
2020/09/04 11:53:59 実行中(4968)
2020/09/04 12:07:17 終了しました(4968)
2020/09/09 15:44:01 開始します(5380)
2020/09/09 15:44:01 非実行(5380)
2020/09/09 15:44:01 実行中(5380)
2020/09/09 15:56:53 終了しました(5380)
2020/09/14 10:46:03 開始します(7176)
2020/09/14 10:46:03 非実行(7176)
2020/09/14 10:46:03 実行中(7176)
2020/09/14 10:54:45 終了しました(7176)
2020/09/16 10:11:17 開始します(7728)
2020/09/16 10:11:17 非実行(7728)
2020/09/16 10:11:17 実行中(7728)
2020/09/16 10:18:55 終了しました(7728)
2020/09/25 09:32:28 開始します(936)
2020/09/25 09:32:28 非実行(936)
2020/09/25 09:32:28 実行中(936)
2020/09/25 09:39:55 終了しました(936)
2020/09/25 14:10:32 開始します(5580)
2020/09/25 14:10:32 非実行(5580)
2020/09/25 14:10:32 実行中(5580)
2020/09/25 14:17:35 終了しました(5580)
2020/09/29 13:36:42 開始します(5732)
2020/09/29 13:36:42 非実行(5732)
2020/09/29 13:36:42 実行中(5732)
2020/09/29 13:42:52 終了しました(5732)
2020/09/30 14:11:31 開始します(6912)
2020/09/30 14:11:31 非実行(6912)
2020/09/30 14:11:31 実行中(6912)
2020/09/30 14:16:29 終了しました(6912)
2020/10/01 15:11:52 開始します(7140)
2020/10/01 15:11:52 非実行(7140)
2020/10/01 15:11:52 実行中(7140)
2020/10/01 15:16:28 終了しました(7140)
2020/10/07 21:23:33 開始します(7984)
2020/10/07 21:23:33 非実行(7984)
2020/10/07 21:23:33 実行中(7984)
2020/10/07 21:27:29 終了しました(7984)
2020/10/14 11:38:50 開始します(6088)
2020/10/14 11:38:50 非実行(6088)
2020/10/14 11:38:50 実行中(6088)
2020/10/14 11:42:44 終了しました(6088)
2020/10/19 13:38:34 開始します(7836)
2020/10/19 13:38:34 非実行(7836)
2020/10/19 13:38:34 実行中(7836)
2020/10/19 13:42:21 終了しました(7836)
2020/10/23 18:16:17 開始します(2088)
2020/10/23 18:16:17 非実行(2088)
2020/10/23 18:16:17 実行中(2088)
2020/10/23 18:19:56 終了しました(2088)
2020/11/11 15:58:06 開始します(8188)
2020/11/11 15:58:06 非実行(8188)
2020/11/11 15:58:06 実行中(8188)
2020/11/11 15:58:49 終了しました(8188)
2020/11/12 16:45:31 開始します(8456)
2020/11/12 16:45:31 非実行(8456)
2020/11/12 16:45:31 実行中(8456)
2020/11/12 16:46:10 終了しました(8456)
2020/11/13 18:44:42 開始します(9828)
2020/11/13 18:44:42 非実行(9828)
2020/11/13 18:44:42 実行中(9828)
2020/11/13 18:45:30 終了しました(9828)
2020/11/16 16:43:48 開始します(5284)
2020/11/16 16:43:48 非実行(5284)
2020/11/16 16:43:48 実行中(5284)
2020/11/16 16:44:38 終了しました(5284)
2020/11/17 17:14:11 開始します(5632)
2020/11/17 17:14:11 非実行(5632)
2020/11/17 17:14:11 実行中(5632)
2020/11/17 17:15:06 終了しました(5632)
2020/11/19 16:08:52 開始します(7828)
2020/11/19 16:08:52 非実行(7828)
2020/11/19 16:08:52 実行中(7828)
2020/11/19 16:09:50 終了しました(7828)
2020/11/20 17:38:28 開始します(8984)
2020/11/20 17:38:28 非実行(8984)
2020/11/20 17:38:28 実行中(8984)
2020/11/20 17:39:22 終了しました(8984)
2020/11/24 14:50:26 開始します(8628)
2020/11/24 14:50:26 非実行(8628)
2020/11/24 14:50:26 実行中(8628)
2020/11/24 14:51:25 終了しました(8628)
2020/11/25 17:32:56 開始します(9208)
2020/11/25 17:32:56 非実行(9208)
2020/11/25 17:32:56 実行中(9208)
2020/11/25 17:33:54 終了しました(9208)
2020/11/26 16:44:12 開始します(3544)
2020/11/26 16:44:12 非実行(3544)
2020/11/26 16:44:12 実行中(3544)
2020/11/26 16:44:56 終了しました(3544)
2020/11/27 16:38:51 開始します(8372)
2020/11/27 16:38:51 非実行(8372)
2020/11/27 16:38:51 実行中(8372)
2020/11/27 16:39:38 終了しました(8372)
2020/12/01 16:56:05 開始します(5468)
2020/12/01 16:56:05 非実行(5468)
2020/12/01 16:56:05 実行中(5468)
2020/12/01 16:56:52 終了しました(5468)
2020/12/02 14:45:01 開始します(6932)
2020/12/02 14:45:01 非実行(6932)
2020/12/02 14:45:01 実行中(6932)
2020/12/02 14:45:42 終了しました(6932)
2020/12/03 15:33:53 開始します(9664)
2020/12/03 15:33:53 非実行(9664)
2020/12/03 15:33:53 実行中(9664)
2020/12/03 15:34:32 終了しました(9664)
2020/12/10 17:23:10 開始します(7196)
2020/12/10 17:23:10 非実行(7196)
2020/12/10 17:23:10 実行中(7196)
2020/12/10 17:23:49 終了しました(7196)
2021/01/12 17:00:16 開始します(6928)
2021/01/12 17:00:16 非実行(6928)
2021/01/12 17:00:16 実行中(6928)
2021/01/12 17:00:51 終了しました(6928)
2021/01/15 09:29:02 開始します(7372)
2021/01/15 09:29:02 非実行(7372)
2021/01/15 09:29:02 実行中(7372)
2021/01/15 09:29:34 終了しました(7372)
2021/01/18 09:25:09 開始します(4912)
2021/01/18 09:25:09 非実行(4912)
2021/01/18 09:25:09 実行中(4912)
2021/01/18 09:25:42 終了しました(4912)
2021/01/19 10:13:02 開始します(9260)
2021/01/19 10:13:02 非実行(9260)
2021/01/19 10:13:02 実行中(9260)
2021/01/19 10:13:34 終了しました(9260)
2021/01/21 09:14:12 開始します(6544)
2021/01/21 09:14:12 非実行(6544)
2021/01/21 09:14:12 実行中(6544)
2021/01/21 09:14:43 終了しました(6544)
2021/03/03 14:42:36 開始します(10548)
2021/03/03 14:42:36 非実行(10548)
2021/03/03 14:42:36 実行中(10548)
2021/03/03 14:43:03 終了しました(10548)
2021/03/04 13:38:14 開始します(6456)
2021/03/04 13:38:14 非実行(6456)
2021/03/04 13:38:14 実行中(6456)
2021/03/04 13:38:37 終了しました(6456)
2021/04/19 14:58:45 開始します(6528)
2021/04/19 14:58:45 非実行(6528)
2021/04/19 14:58:45 実行中(6528)
2021/04/19 15:33:32 終了しました(6528)
2021/05/07 11:58:26 開始します(4300)
2021/05/07 11:58:26 非実行(4300)
2021/05/07 11:58:26 実行中(4300)
2021/05/07 12:38:31 終了しました(4300)
2021/05/10 15:33:04 開始します(8580)
2021/05/10 15:33:04 非実行(8580)
2021/05/10 15:33:04 実行中(8580)
2021/05/10 16:09:54 終了しました(8580)
2021/05/12 03:40:58 開始します(4300)
2021/05/12 03:40:58 非実行(4300)
2021/05/12 03:40:58 実行中(4300)
2021/05/12 04:16:21 終了しました(4300)
2021/05/17 14:47:02 開始します(9204)
2021/05/17 14:47:02 非実行(9204)
2021/05/17 14:47:02 実行中(9204)
2021/05/17 15:14:07 終了しました(9204)
2021/06/09 17:59:34 開始します(3384)
2021/06/09 17:59:34 非実行(3384)
2021/06/09 17:59:34 実行中(3384)
2021/06/09 18:02:24 終了しました(3384)
2021/08/03 10:14:23 開始します(2456)
2021/08/03 10:14:23 非実行(2456)
2021/08/03 10:14:23 実行中(2456)
2021/08/03 10:14:58 終了しました(2456)
2021/11/15 23:46:10 開始します(6760)
2021/11/15 23:46:10 非実行(6760)
2021/11/15 23:46:10 実行中(6760)
2021/11/16 00:02:09 終了しました(6760)
2021/11/16 15:38:26 開始します(6760)
2021/11/16 15:38:26 非実行(6760)
2021/11/16 15:38:26 実行中(6760)
2021/11/16 15:52:51 終了しました(6760)
2021/11/17 15:06:48 開始します(4036)
2021/11/17 15:06:48 非実行(4036)
2021/11/17 15:06:48 実行中(4036)
2021/11/17 15:20:53 終了しました(4036)
2021/11/18 09:57:57 開始します(4076)
2021/11/18 09:57:57 非実行(4076)
2021/11/18 09:57:57 実行中(4076)
2021/11/18 10:11:07 終了しました(4076)
2021/11/22 15:51:48 開始します(6784)
2021/11/22 15:51:48 非実行(6784)
2021/11/22 15:51:48 実行中(6784)
2021/11/22 16:03:53 終了しました(6784)
2022/02/21 15:11:32 開始します(608)
2022/02/21 15:11:32 非実行(608)
2022/02/21 15:11:32 実行中(608)
2022/02/21 15:28:48 終了しました(608)
2022/02/25 12:14:20 開始します(5920)
2022/02/25 12:14:20 非実行(5920)
2022/02/25 12:14:20 実行中(5920)
2022/02/25 12:34:14 終了しました(5920)
2022/03/04 10:16:51 開始します(1512)
2022/03/04 10:16:51 非実行(1512)
2022/03/04 10:16:51 実行中(1512)
2022/03/04 10:33:56 終了しました(1512)
2022/03/11 10:08:27 開始します(5232)
2022/03/11 10:08:27 非実行(5232)
2022/03/11 10:08:27 実行中(5232)
2022/03/11 10:25:51 終了しました(5232)
2022/03/23 10:18:39 開始します(4888)
2022/03/23 10:18:39 非実行(4888)
2022/03/23 10:18:39 実行中(4888)
2022/03/23 10:34:44 終了しました(4888)
2022/04/06 12:15:54 開始します(256)
2022/04/06 12:15:54 非実行(256)
2022/04/06 12:15:54 実行中(256)
2022/04/06 12:32:35 終了しました(256)
2022/04/12 15:27:57 開始します(4912)
2022/04/12 15:27:57 非実行(4912)
2022/04/12 15:27:57 実行中(4912)
2022/04/12 15:41:39 終了しました(4912)
2022/04/18 15:34:54 開始します(6800)
2022/04/18 15:34:54 非実行(6800)
2022/04/18 15:34:54 実行中(6800)
2022/04/18 15:45:21 終了しました(6800)
2022/04/25 15:57:58 開始します(3812)
2022/04/25 15:57:58 非実行(3812)
2022/04/25 15:57:58 実行中(3812)
2022/04/25 16:04:48 終了しました(3812)
2022/09/21 12:50:15 開始します(968)
2022/09/21 12:50:15 非実行(968)
2022/09/21 12:50:15 実行中(968)
2022/09/21 12:50:37 終了しました(968)
2022/10/13 16:13:03 開始します(6524)
2022/10/13 16:13:03 非実行(6524)
2022/10/13 16:13:03 実行中(6524)
2022/10/13 16:13:24 終了しました(6524)
2022/12/19 17:03:52 開始します(3996)
2022/12/19 17:03:52 非実行(3996)
2022/12/19 17:03:52 実行中(3996)
2022/12/19 17:03:58 終了しました(3996)
2023/01/16 14:47:25 開始します(2184)
2023/01/16 14:47:25 非実行(2184)
2023/01/16 14:47:25 実行中(2184)
2023/01/16 15:11:02 終了しました(2184)
2023/01/17 17:47:05 開始します(6296)
2023/01/17 17:47:05 非実行(6296)
2023/01/17 17:47:05 実行中(6296)
2023/01/17 18:10:54 終了しました(6296)
2023/01/18 09:40:39 開始します(1636)
2023/01/18 09:40:39 非実行(1636)
2023/01/18 09:40:39 実行中(1636)
2023/01/18 10:04:33 終了しました(1636)
2023/01/24 09:06:53 開始します(2724)
2023/01/24 09:06:53 非実行(2724)
2023/01/24 09:06:53 実行中(2724)
2023/01/24 09:29:17 終了しました(2724)
2023/03/28 15:17:47 開始します(5228)
2023/03/28 15:17:47 非実行(5228)
2023/03/28 15:17:47 実行中(5228)
2023/03/28 15:36:36 終了しました(5228)
2023/04/25 14:51:22 開始します(6748)
2023/04/25 14:51:22 非実行(6748)
2023/04/25 14:51:22 実行中(6748)
2023/04/25 15:09:23 終了しました(6748)
2023/05/15 15:16:29 開始します(4816)
2023/05/15 15:16:29 非実行(4816)
2023/05/15 15:16:29 実行中(4816)
2023/05/15 15:36:30 終了しました(4816)
2023/05/16 13:34:37 開始します(5804)
2023/05/16 13:34:37 非実行(5804)
2023/05/16 13:34:37 実行中(5804)
2023/05/16 13:54:50 終了しました(5804)
2023/06/13 15:08:54 開始します(4460)
2023/06/13 15:08:54 非実行(4460)
2023/06/13 15:08:54 実行中(4460)
2023/06/13 15:29:55 終了しました(4460)
2023/09/08 14:23:05 開始します(4552)
2023/09/08 14:23:05 非実行(4552)
2023/09/08 14:23:05 実行中(4552)
2023/09/08 14:42:34 終了しました(4552)
2023/09/14 15:09:37 開始します(6372)
2023/09/14 15:09:37 非実行(6372)
2023/09/14 15:09:37 実行中(6372)
2023/09/14 15:32:22 終了しました(6372)
2023/09/28 15:13:02 開始します(3808)
2023/09/28 15:13:02 非実行(3808)
2023/09/28 15:13:02 実行中(3808)
2023/09/28 15:32:10 終了しました(3808)
2023/10/25 13:31:52 開始します(1664)
2023/10/25 13:31:52 非実行(1664)
2023/10/25 13:31:52 実行中(1664)
2023/10/25 13:48:15 終了しました(1664)
2024/01/29 16:12:28 開始します(2740)
2024/01/29 16:12:28 非実行(2740)
2024/01/29 16:12:28 実行中(2740)
2024/01/29 16:29:25 終了しました(2740)
2024/06/27 09:36:16 開始します(3876)
2024/06/27 09:36:16 非実行(3876)
2024/06/27 09:36:16 実行中(3876)
2024/06/27 09:36:17 終了しました(3876)
2024/07/02 11:14:41 開始します(8980)
2024/07/02 11:14:41 非実行(8980)
2024/07/02 11:14:41 実行中(8980)
2024/07/02 11:14:41 終了しました(8980)
2024/07/02 11:16:55 開始します(8592)
2024/07/02 11:16:55 非実行(8592)
2024/07/02 11:16:55 実行中(8592)
2024/07/02 11:16:56 終了しました(8592)
2024/07/02 11:23:50 開始します(1160)
2024/07/02 11:23:50 非実行(1160)
2024/07/02 11:23:50 実行中(1160)
2024/07/02 11:23:51 終了しました(1160)
2024/07/02 11:26:48 開始します(8220)
2024/07/02 11:26:48 非実行(8220)
2024/07/02 11:26:48 実行中(8220)
2024/07/02 11:26:48 終了しました(8220)
2024/07/02 11:27:38 開始します(4788)
2024/07/02 11:27:38 非実行(4788)
2024/07/02 11:27:38 実行中(4788)
2024/07/02 11:27:38 終了しました(4788)
2024/07/02 11:28:36 開始します(8992)
2024/07/02 11:28:36 非実行(8992)
2024/07/02 11:28:36 実行中(8992)
2024/07/02 11:28:36 終了しました(8992)
2024/07/02 12:33:16 開始します(9012)
2024/07/02 12:33:16 非実行(9012)
2024/07/02 12:33:16 実行中(9012)
2024/07/02 12:33:16 終了しました(9012)
2024/07/02 12:33:33 開始します(5764)
2024/07/02 12:33:33 非実行(5764)
2024/07/02 12:33:33 実行中(5764)
2024/07/02 12:33:34 終了しました(5764)
2024/07/02 13:08:16 開始します(3104)
2024/07/02 13:08:16 非実行(3104)
2024/07/02 13:08:16 実行中(3104)
2024/07/02 13:08:17 終了しました(3104)
2024/07/02 13:08:19 開始します(1972)
2024/07/02 13:08:19 非実行(1972)
2024/07/02 13:08:19 実行中(1972)
2024/07/02 13:08:19 終了しました(1972)
2024/07/02 13:10:23 開始します(1916)
2024/07/02 13:10:23 非実行(1916)
2024/07/02 13:10:23 実行中(1916)
2024/07/02 13:10:23 終了しました(1916)
2024/07/02 13:12:07 開始します(6724)
2024/07/02 13:12:07 非実行(6724)
2024/07/02 13:12:07 実行中(6724)
2024/07/02 13:12:07 終了しました(6724)
2024/07/02 13:37:24 開始します(5468)
2024/07/02 13:37:24 非実行(5468)
2024/07/02 13:37:24 実行中(5468)
2024/07/02 13:37:25 終了しました(5468)
2024/07/02 13:39:30 開始します(2124)
2024/07/02 13:39:30 非実行(2124)
2024/07/02 13:39:30 実行中(2124)
2024/07/02 13:39:30 終了しました(2124)
2024/07/02 13:42:53 開始します(6228)
2024/07/02 13:42:53 非実行(6228)
2024/07/02 13:42:53 実行中(6228)
2024/07/02 13:42:53 終了しました(6228)
2024/07/02 13:44:41 開始します(7820)
2024/07/02 13:44:41 非実行(7820)
2024/07/02 13:44:41 実行中(7820)
2024/07/02 13:44:42 終了しました(7820)
2024/07/02 13:48:34 開始します(3472)
2024/07/02 13:48:34 非実行(3472)
2024/07/02 13:48:34 実行中(3472)
2024/07/02 13:48:34 終了しました(3472)
2024/07/02 13:52:29 開始します(100)
2024/07/02 13:52:29 非実行(100)
2024/07/02 13:52:29 実行中(100)
2024/07/02 13:52:30 終了しました(100)
2024/07/02 13:53:05 開始します(8844)
2024/07/02 13:53:05 非実行(8844)
2024/07/02 13:53:05 実行中(8844)
2024/07/02 13:53:05 終了しました(8844)
2024/07/02 13:53:39 開始します(5996)
2024/07/02 13:53:39 非実行(5996)
2024/07/02 13:53:39 実行中(5996)
2024/07/02 13:53:40 終了しました(5996)
2024/07/02 13:55:43 開始します(5300)
2024/07/02 13:55:43 非実行(5300)
2024/07/02 13:55:43 実行中(5300)
2024/07/02 13:55:43 終了しました(5300)
2024/07/02 13:57:23 開始します(6112)
2024/07/02 13:57:23 非実行(6112)
2024/07/02 13:57:23 実行中(6112)
2024/07/02 13:57:23 終了しました(6112)
2024/07/02 14:46:40 開始します(9140)
2024/07/02 14:46:40 非実行(9140)
2024/07/02 14:46:40 実行中(9140)
2024/07/02 14:46:40 終了しました(9140)
2024/07/02 14:47:07 開始します(6984)
2024/07/02 14:47:07 非実行(6984)
2024/07/02 14:47:07 実行中(6984)
2024/07/02 14:47:07 終了しました(6984)
2024/07/02 14:48:15 開始します(6832)
2024/07/02 14:48:15 非実行(6832)
2024/07/02 14:48:15 実行中(6832)
2024/07/02 14:48:15 終了しました(6832)
2024/07/02 14:52:43 開始します(9072)
2024/07/02 14:52:43 非実行(9072)
2024/07/02 14:52:43 実行中(9072)
2024/07/02 14:52:43 終了しました(9072)
2024/07/02 14:54:35 開始します(6376)
2024/07/02 14:54:35 非実行(6376)
2024/07/02 14:54:35 実行中(6376)
2024/07/02 14:54:36 終了しました(6376)
2024/07/02 14:56:27 開始します(2504)
2024/07/02 14:56:27 非実行(2504)
2024/07/02 14:56:27 実行中(2504)
2024/07/02 14:56:29 終了しました(2504)
2024/07/02 15:12:09 開始します(7044)
2024/07/02 15:12:09 非実行(7044)
2024/07/02 15:12:09 実行中(7044)
2024/07/02 15:12:10 終了しました(7044)
2024/07/02 15:14:14 開始します(7468)
2024/07/02 15:14:14 非実行(7468)
2024/07/02 15:14:14 実行中(7468)
2024/07/02 15:14:15 終了しました(7468)
2024/07/02 15:16:59 開始します(4084)
2024/07/02 15:16:59 非実行(4084)
2024/07/02 15:16:59 実行中(4084)
2024/07/02 15:17:03 終了しました(4084)
2024/07/02 15:19:01 開始します(7984)
2024/07/02 15:19:01 非実行(7984)
2024/07/02 15:19:01 実行中(7984)
2024/07/02 15:19:04 終了しました(7984)
2024/08/15 13:50:39 開始します(6136)
2024/08/15 13:50:39 非実行(6136)
2024/08/15 13:50:39 実行中(6136)
2024/08/15 13:57:49 終了しました(6136)
2024/08/15 13:59:29 開始します(8104)
2024/08/15 13:59:29 非実行(8104)
2024/08/15 13:59:29 実行中(8104)
2024/08/15 14:01:50 終了しました(8104)
2024/08/22 15:19:55 開始します(3584)
2024/08/22 15:19:55 非実行(3584)
2024/08/22 15:19:55 実行中(3584)
2024/08/22 15:20:17 終了しました(3584)
2024/08/22 15:41:30 開始します(1404)
2024/08/22 15:41:30 非実行(1404)
2024/08/22 15:41:30 実行中(1404)
2024/08/22 15:41:34 終了しました(1404)
2024/08/28 09:09:38 開始します(10320)
2024/08/28 09:09:38 非実行(10320)
2024/08/28 09:09:38 実行中(10320)
2024/08/28 09:10:04 終了しました(10320)
2024/09/13 11:09:47 開始します(7656)
2024/09/13 11:09:47 非実行(7656)
2024/09/13 11:09:47 実行中(7656)
2024/09/13 11:09:51 終了しました(7656)
2024/09/17 13:08:41 開始します(9352)
2024/09/17 13:08:41 非実行(9352)
2024/09/17 13:08:41 実行中(9352)
2024/09/17 13:11:25 終了しました(9352)
2024/09/18 04:56:10 開始します(13132)
2024/09/18 04:56:10 非実行(13132)
2024/09/18 04:56:10 実行中(13132)
2024/09/18 04:57:05 終了しました(13132)
2024/09/18 16:14:26 開始します(12616)
2024/09/18 16:14:26 非実行(12616)
2024/09/18 16:14:26 実行中(12616)
2024/09/18 16:16:02 終了しました(12616)
2024/09/18 16:18:51 開始します(7136)
2024/09/18 16:18:51 非実行(7136)
2024/09/18 16:18:51 実行中(7136)
2024/09/18 16:20:28 終了しました(7136)
2024/09/18 16:32:54 開始します(4848)
2024/09/18 16:32:54 非実行(4848)
2024/09/18 16:32:54 実行中(4848)
2024/09/18 16:37:14 終了しました(4848)
2024/09/18 16:52:36 開始します(9572)
2024/09/18 16:52:36 非実行(9572)
2024/09/18 16:52:36 実行中(9572)
2024/09/18 16:57:19 終了しました(9572)
2024/09/18 16:59:55 開始します(8764)
2024/09/18 16:59:55 非実行(8764)
2024/09/18 16:59:55 実行中(8764)
2024/09/18 17:05:29 終了しました(8764)
2024/09/18 17:11:50 開始します(5716)
2024/09/18 17:11:50 非実行(5716)
2024/09/18 17:11:50 実行中(5716)
2024/09/18 17:53:36 開始します(12404)
2024/09/18 17:53:36 確認するPID：5724
2024/09/18 17:53:36 実行結果：
2024/09/18 17:53:36 非実行(12404)
2024/09/18 17:53:36 実行中(12404)
2024/09/18 17:58:21 終了しました(12404)
2024/09/19 09:18:51 開始します(11352)
2024/09/19 09:18:51 非実行(11352)
2024/09/19 09:18:51 実行中(11352)
2024/09/19 09:39:01 終了しました(11352)
2024/09/19 11:08:56 開始します(12164)
2024/09/19 11:08:56 非実行(12164)
2024/09/19 11:08:56 実行中(12164)
2024/09/19 12:59:16 終了しました(12164)
2024/09/19 13:27:41 開始します(10644)
2024/09/19 13:27:41 非実行(10644)
2024/09/19 13:27:41 実行中(10644)
2024/09/19 13:47:53 終了しました(10644)
2024/09/19 20:24:04 開始します(6024)
2024/09/19 20:24:04 非実行(6024)
2024/09/19 20:24:04 実行中(6024)
2024/09/19 22:13:20 終了しました(6024)
2024/09/20 21:59:31 開始します(5792)
2024/09/20 21:59:31 非実行(5792)
2024/09/20 21:59:31 実行中(5792)
2024/09/20 23:48:47 終了しました(5792)
2024/09/24 22:55:42 開始します(3028)
2024/09/24 22:55:42 非実行(3028)
2024/09/24 22:55:42 実行中(3028)
2024/09/25 00:45:15 終了しました(3028)
2024/09/25 21:00:44 開始します(7072)
2024/09/25 21:00:44 非実行(7072)
2024/09/25 21:00:44 実行中(7072)
2024/09/25 22:50:13 終了しました(7072)
2024/09/26 21:26:51 開始します(7320)
2024/09/26 21:26:51 非実行(7320)
2024/09/26 21:26:51 実行中(7320)
2024/09/26 23:16:20 終了しました(7320)
2024/09/27 21:53:05 開始します(9084)
2024/09/27 21:53:05 非実行(9084)
2024/09/27 21:53:05 実行中(9084)
2024/09/27 23:42:49 終了しました(9084)
2024/09/28 21:04:02 開始します(4924)
2024/09/28 21:04:02 非実行(4924)
2024/09/28 21:04:02 実行中(4924)
2024/09/28 22:53:34 終了しました(4924)
2024/10/01 20:29:06 開始します(12300)
2024/10/01 20:29:06 非実行(12300)
2024/10/01 20:29:06 実行中(12300)
2024/10/01 22:18:34 終了しました(12300)
2024/10/02 20:55:32 開始します(3268)
2024/10/02 20:55:32 非実行(3268)
2024/10/02 20:55:32 実行中(3268)
2024/10/02 22:45:31 終了しました(3268)
2024/10/03 10:18:32 開始します(6720)
2024/10/03 10:18:32 非実行(6720)
2024/10/03 10:18:32 実行中(6720)
2024/10/03 10:18:34 終了しました(6720)
2024/10/03 20:24:50 開始します(6720)
2024/10/03 20:24:50 非実行(6720)
2024/10/03 20:24:50 実行中(6720)
2024/10/03 22:15:24 終了しました(6720)
2024/10/04 20:55:08 開始します(10464)
2024/10/04 20:55:08 非実行(10464)
2024/10/04 20:55:08 実行中(10464)
2024/10/04 22:46:29 終了しました(10464)
2024/10/07 21:20:46 開始します(2200)
2024/10/07 21:20:46 非実行(2200)
2024/10/07 21:20:46 実行中(2200)
2024/10/07 23:14:36 終了しました(2200)
2024/10/08 20:57:20 開始します(9784)
2024/10/08 20:57:20 非実行(9784)
2024/10/08 20:57:20 実行中(9784)
2024/10/08 22:49:03 終了しました(9784)
2024/10/09 21:34:39 開始します(3768)
2024/10/09 21:34:39 非実行(3768)
2024/10/09 21:34:39 実行中(3768)
2024/10/09 23:16:55 終了しました(3768)
2024/10/10 20:36:03 開始します(13072)
2024/10/10 20:36:03 非実行(13072)
2024/10/10 20:36:03 実行中(13072)
2024/10/10 22:24:51 終了しました(13072)
2024/10/12 21:34:42 開始します(3284)
2024/10/12 21:34:42 非実行(3284)
2024/10/12 21:34:42 実行中(3284)
2024/10/12 23:08:49 終了しました(3284)
2024/10/15 20:08:59 開始します(3584)
2024/10/15 20:08:59 非実行(3584)
2024/10/15 20:08:59 実行中(3584)
2024/10/15 21:43:40 終了しました(3584)
2024/10/16 20:19:43 開始します(2092)
2024/10/16 20:19:43 非実行(2092)
2024/10/16 20:19:43 実行中(2092)
2024/10/16 21:48:04 終了しました(2092)
2024/10/17 21:53:35 開始します(4268)
2024/10/17 21:53:35 非実行(4268)
2024/10/17 21:53:35 実行中(4268)
2024/10/18 01:04:42 終了しました(4268)
2024/10/18 20:06:58 開始します(3184)
2024/10/18 20:06:58 非実行(3184)
2024/10/18 20:06:58 実行中(3184)
2024/10/18 21:35:21 終了しました(3184)
2024/10/21 20:03:35 開始します(7760)
2024/10/21 20:03:35 非実行(7760)
2024/10/21 20:03:35 実行中(7760)
2024/10/21 21:32:26 終了しました(7760)
2024/10/22 20:17:57 開始します(7188)
2024/10/22 20:17:57 非実行(7188)
2024/10/22 20:17:57 実行中(7188)
2024/10/22 21:48:21 終了しました(7188)
2024/10/23 19:57:54 開始します(4772)
2024/10/23 19:57:54 非実行(4772)
2024/10/23 19:57:54 実行中(4772)
2024/10/23 21:28:06 終了しました(4772)
2024/10/24 23:54:23 開始します(6556)
2024/10/24 23:54:23 非実行(6556)
2024/10/24 23:54:23 実行中(6556)
2024/10/25 01:06:06 終了しました(6556)
2024/10/27 04:24:15 開始します(2996)
2024/10/27 04:24:15 非実行(2996)
2024/10/27 04:24:15 実行中(2996)
2024/10/27 05:53:17 終了しました(2996)
2024/10/28 19:56:03 開始します(2912)
2024/10/28 19:56:03 非実行(2912)
2024/10/28 19:56:03 実行中(2912)
2024/10/28 21:24:32 終了しました(2912)
2024/10/29 21:36:02 開始します(4400)
2024/10/29 21:36:02 非実行(4400)
2024/10/29 21:36:02 実行中(4400)
2024/10/29 22:29:15 終了しました(4400)
2024/10/30 19:09:14 開始します(3532)
2024/10/30 19:09:14 非実行(3532)
2024/10/30 19:09:14 実行中(3532)
2024/10/30 20:02:24 終了しました(3532)
2024/10/31 19:58:27 開始します(8140)
2024/10/31 19:58:27 非実行(8140)
2024/10/31 19:58:27 実行中(8140)
2024/10/31 20:50:49 終了しました(8140)
2024/11/03 11:59:56 開始します(6912)
2024/11/03 11:59:56 非実行(6912)
2024/11/03 11:59:56 実行中(6912)
2024/11/03 13:15:19 終了しました(6912)
2024/11/05 21:43:32 開始します(9024)
2024/11/05 21:43:32 非実行(9024)
2024/11/05 21:43:32 実行中(9024)
2024/11/05 21:49:52 終了しました(9024)
2024/11/06 10:53:31 開始します(7600)
2024/11/06 10:53:31 非実行(7600)
2024/11/06 10:53:31 実行中(7600)
2024/11/06 12:16:28 終了しました(7600)
2024/11/06 21:09:47 開始します(7540)
2024/11/06 21:09:47 非実行(7540)
2024/11/06 21:09:47 実行中(7540)
2024/11/06 22:40:31 終了しました(7540)
2024/11/07 22:48:39 開始します(8164)
2024/11/07 22:48:39 非実行(8164)
2024/11/07 22:48:39 実行中(8164)
2024/11/08 00:19:36 終了しました(8164)
2024/11/08 23:24:57 開始します(7456)
2024/11/08 23:24:57 非実行(7456)
2024/11/08 23:24:57 実行中(7456)
2024/11/09 01:13:53 終了しました(7456)
2024/11/11 22:17:09 開始します(6188)
2024/11/11 22:17:09 非実行(6188)
2024/11/11 22:17:09 実行中(6188)
2024/11/11 23:52:52 終了しました(6188)
2024/11/12 22:46:26 開始します(2760)
2024/11/12 22:46:26 非実行(2760)
2024/11/12 22:46:26 実行中(2760)
2024/11/13 00:35:02 終了しました(2760)
2024/11/13 23:47:12 開始します(4344)
2024/11/13 23:47:12 非実行(4344)
2024/11/13 23:47:12 実行中(4344)
2024/11/14 01:28:00 終了しました(4344)
2024/11/14 23:17:31 開始します(7496)
2024/11/14 23:17:31 非実行(7496)
2024/11/14 23:17:31 実行中(7496)
2024/11/15 01:11:18 終了しました(7496)
2024/11/16 20:59:25 開始します(3768)
2024/11/16 20:59:25 非実行(3768)
2024/11/16 20:59:25 実行中(3768)
2024/11/16 23:07:29 終了しました(3768)
2024/11/18 23:08:48 開始します(5284)
2024/11/18 23:08:48 非実行(5284)
2024/11/18 23:08:48 実行中(5284)
2024/11/19 01:16:03 終了しました(5284)
2024/11/19 22:48:29 開始します(5104)
2024/11/19 22:48:29 非実行(5104)
2024/11/19 22:48:29 実行中(5104)
2024/11/20 00:57:21 終了しました(5104)
2024/11/20 14:14:38 開始します(5000)
2024/11/20 14:14:38 非実行(5000)
2024/11/20 14:14:38 実行中(5000)
2024/11/20 16:04:05 終了しました(5000)
2024/11/21 08:53:18 開始します(4980)
2024/11/21 08:53:18 非実行(4980)
2024/11/21 08:53:18 実行中(4980)
2024/11/21 10:39:27 終了しました(4980)
2024/11/21 23:16:50 開始します(5972)
2024/11/21 23:16:50 非実行(5972)
2024/11/21 23:16:50 実行中(5972)
2024/11/22 01:21:53 終了しました(5972)
2024/11/24 18:40:41 開始します(5668)
2024/11/24 18:40:41 非実行(5668)
2024/11/24 18:40:41 実行中(5668)
2024/11/24 20:46:00 終了しました(5668)
2024/12/03 22:51:10 開始します(7572)
2024/12/03 22:51:10 非実行(7572)
2024/12/03 22:51:10 実行中(7572)
2024/12/04 00:48:31 終了しました(7572)
2024/12/04 19:51:29 開始します(6316)
2024/12/04 19:51:29 非実行(6316)
2024/12/04 19:51:29 実行中(6316)
2024/12/04 21:39:34 終了しました(6316)
2024/12/05 18:45:14 開始します(416)
2024/12/05 18:45:14 非実行(416)
2024/12/05 18:45:14 実行中(416)
2024/12/05 20:15:39 終了しました(416)
2024/12/06 20:55:16 開始します(10160)
2024/12/06 20:55:16 非実行(10160)
2024/12/06 20:55:16 実行中(10160)
2024/12/06 22:29:47 終了しました(10160)
2024/12/10 21:03:00 開始します(5764)
2024/12/10 21:03:00 非実行(5764)
2024/12/10 21:03:00 実行中(5764)
2024/12/10 22:33:20 終了しました(5764)
2024/12/11 23:07:18 開始します(7052)
2024/12/11 23:07:18 非実行(7052)
2024/12/11 23:07:18 実行中(7052)
2024/12/12 00:32:04 終了しました(7052)
2024/12/12 20:12:17 開始します(8496)
2024/12/12 20:12:17 非実行(8496)
2024/12/12 20:12:17 実行中(8496)
2024/12/12 21:37:06 終了しました(8496)
2024/12/15 20:08:54 開始します(5148)
2024/12/15 20:08:54 非実行(5148)
2024/12/15 20:08:54 実行中(5148)
2024/12/15 21:31:31 終了しました(5148)
2024/12/16 23:03:39 開始します(5048)
2024/12/16 23:03:39 非実行(5048)
2024/12/16 23:03:39 実行中(5048)
2024/12/17 00:20:27 終了しました(5048)
2024/12/17 21:09:41 開始します(3276)
2024/12/17 21:09:41 非実行(3276)
2024/12/17 21:09:41 実行中(3276)
2024/12/17 22:25:00 終了しました(3276)
2024/12/18 20:13:08 開始します(6060)
2024/12/18 20:13:08 非実行(6060)
2024/12/18 20:13:08 実行中(6060)
2024/12/18 21:34:00 終了しました(6060)
2024/12/19 21:23:52 開始します(5428)
2024/12/19 21:23:52 非実行(5428)
2024/12/19 21:23:52 実行中(5428)
2024/12/19 22:42:27 終了しました(5428)
2024/12/20 21:23:26 開始します(9800)
2024/12/20 21:23:26 非実行(9800)
2024/12/20 21:23:26 実行中(9800)
2024/12/20 22:42:07 終了しました(9800)
2024/12/21 23:55:05 開始します(5888)
2024/12/21 23:55:05 非実行(5888)
2024/12/21 23:55:05 実行中(5888)
2024/12/22 01:17:11 終了しました(5888)
2024/12/23 20:14:35 開始します(10192)
2024/12/23 20:14:35 非実行(10192)
2024/12/23 20:14:35 実行中(10192)
2024/12/23 21:33:01 終了しました(10192)
2025/01/16 20:05:35 開始します(7596)
2025/01/16 20:05:35 非実行(7596)
2025/01/16 20:05:35 実行中(7596)
2025/01/16 21:14:12 終了しました(7596)
2025/01/17 14:04:45 開始します(7652)
2025/01/17 14:04:45 非実行(7652)
2025/01/17 14:04:45 実行中(7652)
2025/01/17 15:10:58 終了しました(7652)
2025/01/17 19:37:28 開始します(7248)
2025/01/17 19:37:28 非実行(7248)
2025/01/17 19:37:28 実行中(7248)
2025/01/17 20:44:54 終了しました(7248)
2025/02/04 22:39:25 開始します(4476)
2025/02/04 22:39:25 非実行(4476)
2025/02/04 22:39:25 実行中(4476)
2025/02/04 23:35:01 終了しました(4476)
2025/02/05 22:37:08 開始します(9564)
2025/02/05 22:37:08 非実行(9564)
2025/02/05 22:37:08 実行中(9564)
2025/02/05 23:31:45 終了しました(9564)
2025/02/21 00:13:47 開始します(1776)
2025/02/21 00:13:47 非実行(1776)
2025/02/21 00:13:47 実行中(1776)
2025/02/21 01:09:02 終了しました(1776)
2025/02/21 21:32:20 開始します(9732)
2025/02/21 21:32:20 非実行(9732)
2025/02/21 21:32:20 実行中(9732)
2025/02/21 22:26:54 終了しました(9732)
2025/02/22 22:59:13 開始します(10304)
2025/02/22 22:59:13 非実行(10304)
2025/02/22 22:59:13 実行中(10304)
2025/02/22 23:54:09 終了しました(10304)
2025/03/07 13:23:59 開始します(11732)
2025/03/07 13:23:59 非実行(11732)
2025/03/07 13:23:59 実行中(11732)
2025/03/07 14:20:59 終了しました(11732)
2025/03/08 13:19:44 開始します(2112)
2025/03/08 13:19:44 非実行(2112)
2025/03/08 13:19:44 実行中(2112)
2025/03/08 14:15:50 終了しました(2112)
2025/03/09 13:19:40 開始します(9432)
2025/03/09 13:19:40 非実行(9432)
2025/03/09 13:19:40 実行中(9432)
2025/03/09 14:13:46 終了しました(9432)
2025/03/10 13:19:39 開始します(10472)
2025/03/10 13:19:39 非実行(10472)
2025/03/10 13:19:39 実行中(10472)
2025/03/10 14:13:56 終了しました(10472)
2025/03/10 16:26:57 開始します(6748)
2025/03/10 16:26:57 非実行(6748)
2025/03/10 16:26:57 実行中(6748)
2025/03/10 17:21:15 終了しました(6748)
2025/03/11 08:49:40 開始します(10328)
2025/03/11 08:49:40 非実行(10328)
2025/03/11 08:49:40 実行中(10328)
2025/03/11 09:41:27 終了しました(10328)
2025/03/11 13:19:45 開始します(7724)
2025/03/11 13:19:45 非実行(7724)
2025/03/11 13:19:45 実行中(7724)
2025/03/11 14:13:10 終了しました(7724)
2025/03/12 07:59:12 開始します(7496)
2025/03/12 07:59:12 非実行(7496)
2025/03/12 07:59:12 実行中(7496)
2025/03/12 08:01:39 終了しました(7496)
2025/03/12 13:22:48 開始します(2596)
2025/03/12 13:22:48 非実行(2596)
2025/03/12 13:22:48 実行中(2596)
2025/03/12 14:14:18 終了しました(2596)
2025/03/13 13:21:14 開始します(7604)
2025/03/13 13:21:14 非実行(7604)
2025/03/13 13:21:14 実行中(7604)
2025/03/13 14:11:38 終了しました(7604)
2025/03/14 13:21:10 開始します(9356)
2025/03/14 13:21:10 非実行(9356)
2025/03/14 13:21:10 実行中(9356)
2025/03/14 14:08:39 終了しました(9356)
2025/03/15 13:21:09 開始します(11204)
2025/03/15 13:21:09 非実行(11204)
2025/03/15 13:21:09 実行中(11204)
2025/03/15 14:06:31 終了しました(11204)
2025/03/16 13:20:49 開始します(5972)
2025/03/16 13:20:49 非実行(5972)
2025/03/16 13:20:49 実行中(5972)
2025/03/16 14:04:58 終了しました(5972)
2025/03/17 13:22:57 開始します(11044)
2025/03/17 13:22:57 非実行(11044)
2025/03/17 13:22:57 実行中(11044)
2025/03/17 14:07:48 終了しました(11044)
2025/03/18 13:23:10 開始します(6012)
2025/03/18 13:23:10 非実行(6012)
2025/03/18 13:23:10 実行中(6012)
2025/03/18 14:10:58 終了しました(6012)
2025/03/19 13:25:01 開始します(6180)
2025/03/19 13:25:01 非実行(6180)
2025/03/19 13:25:01 実行中(6180)
2025/03/19 14:14:02 終了しました(6180)
2025/03/20 13:21:22 開始します(5148)
2025/03/20 13:21:22 非実行(5148)
2025/03/20 13:21:22 実行中(5148)
2025/03/20 14:10:16 終了しました(5148)
2025/03/21 13:24:03 開始します(3196)
2025/03/21 13:24:03 非実行(3196)
2025/03/21 13:24:03 実行中(3196)
2025/03/21 14:03:32 終了しました(3196)
2025/03/22 13:22:49 開始します(11400)
2025/03/22 13:22:49 非実行(11400)
2025/03/22 13:22:49 実行中(11400)
2025/03/22 14:14:29 終了しました(11400)
2025/03/23 13:21:49 開始します(8704)
2025/03/23 13:21:49 非実行(8704)
2025/03/23 13:21:49 実行中(8704)
2025/03/23 14:11:49 終了しました(8704)
2025/03/24 13:21:33 開始します(4032)
2025/03/24 13:21:33 非実行(4032)
2025/03/24 13:21:33 実行中(4032)
2025/03/24 14:13:18 終了しました(4032)
2025/03/25 13:22:03 開始します(9716)
2025/03/25 13:22:03 非実行(9716)
2025/03/25 13:22:03 実行中(9716)
2025/03/25 14:09:45 終了しました(9716)
2025/03/26 13:25:42 開始します(6000)
2025/03/26 13:25:42 非実行(6000)
2025/03/26 13:25:42 実行中(6000)
2025/03/26 14:16:53 終了しました(6000)
2025/03/27 13:22:01 開始します(1004)
2025/03/27 13:22:01 非実行(1004)
2025/03/27 13:22:01 実行中(1004)
2025/03/27 14:10:53 終了しました(1004)
2025/03/28 13:21:58 開始します(9528)
2025/03/28 13:21:58 非実行(9528)
2025/03/28 13:21:58 実行中(9528)
2025/03/28 14:08:03 終了しました(9528)
2025/03/29 13:22:12 開始します(8120)
2025/03/29 13:22:12 非実行(8120)
2025/03/29 13:22:12 実行中(8120)
2025/03/29 14:07:31 終了しました(8120)
2025/03/30 13:21:54 開始します(8032)
2025/03/30 13:21:54 非実行(8032)
2025/03/30 13:21:54 実行中(8032)
2025/03/30 14:04:51 終了しました(8032)
2025/03/31 13:23:15 開始します(4468)
2025/03/31 13:23:15 非実行(4468)
2025/03/31 13:23:15 実行中(4468)
2025/03/31 14:03:10 終了しました(4468)
2025/04/01 13:22:07 開始します(7040)
2025/04/01 13:22:07 非実行(7040)
2025/04/01 13:22:07 実行中(7040)
2025/04/01 14:00:46 終了しました(7040)
2025/04/02 13:24:25 開始します(11576)
2025/04/02 13:24:25 非実行(11576)
2025/04/02 13:24:25 実行中(11576)
2025/04/02 14:04:01 終了しました(11576)
2025/04/03 13:21:25 開始します(4588)
2025/04/03 13:21:25 非実行(4588)
2025/04/03 13:21:25 実行中(4588)
2025/04/03 14:00:21 終了しました(4588)
2025/04/04 13:22:46 開始します(10920)
2025/04/04 13:22:46 非実行(10920)
2025/04/04 13:22:46 実行中(10920)
2025/04/04 14:03:42 終了しました(10920)
2025/04/05 13:20:55 開始します(8864)
2025/04/05 13:20:55 非実行(8864)
2025/04/05 13:20:55 実行中(8864)
2025/04/05 14:00:50 終了しました(8864)
2025/04/06 13:20:40 開始します(9908)
2025/04/06 13:20:40 非実行(9908)
2025/04/06 13:20:40 実行中(9908)
2025/04/06 13:58:56 終了しました(9908)
2025/04/07 13:22:24 開始します(3952)
2025/04/07 13:22:24 非実行(3952)
2025/04/07 13:22:24 実行中(3952)
2025/04/07 13:58:59 終了しました(3952)
2025/04/08 13:22:53 開始します(5996)
2025/04/08 13:22:53 非実行(5996)
2025/04/08 13:22:53 実行中(5996)
2025/04/08 14:02:03 終了しました(5996)
2025/04/09 13:25:47 開始します(10896)
2025/04/09 13:25:47 非実行(10896)
2025/04/09 13:25:47 実行中(10896)
2025/04/09 14:07:18 終了しました(10896)
2025/04/10 13:21:47 開始します(7040)
2025/04/10 13:21:47 非実行(7040)
2025/04/10 13:21:47 実行中(7040)
2025/04/10 14:10:36 終了しました(7040)
2025/04/11 13:21:14 開始します(10640)
2025/04/11 13:21:14 非実行(10640)
2025/04/11 13:21:14 実行中(10640)
2025/04/11 14:10:18 終了しました(10640)
2025/04/12 13:21:30 開始します(9992)
2025/04/12 13:21:30 非実行(9992)
2025/04/12 13:21:30 実行中(9992)
2025/04/12 14:10:52 終了しました(9992)
2025/04/13 13:21:07 開始します(10184)
2025/04/13 13:21:07 非実行(10184)
2025/04/13 13:21:07 実行中(10184)
2025/04/13 14:09:02 終了しました(10184)
2025/04/14 13:24:03 開始します(6080)
2025/04/14 13:24:03 非実行(6080)
2025/04/14 13:24:03 実行中(6080)
2025/04/14 14:10:35 終了しました(6080)
2025/04/15 13:22:56 開始します(7056)
2025/04/15 13:22:56 非実行(7056)
2025/04/15 13:22:56 実行中(7056)
2025/04/15 14:19:51 終了しました(7056)
2025/04/16 13:27:24 開始します(7636)
2025/04/16 13:27:24 非実行(7636)
2025/04/16 13:27:24 実行中(7636)
2025/04/16 14:28:31 終了しました(7636)
2025/04/17 13:22:22 開始します(13308)
2025/04/17 13:22:22 非実行(13308)
2025/04/17 13:22:22 実行中(13308)
2025/04/17 14:23:13 終了しました(13308)
2025/04/18 13:23:11 開始します(5632)
2025/04/18 13:23:11 非実行(5632)
2025/04/18 13:23:11 実行中(5632)
2025/04/18 14:22:36 終了しました(5632)
2025/04/19 13:22:35 開始します(620)
2025/04/19 13:22:35 非実行(620)
2025/04/19 13:22:35 実行中(620)
2025/04/19 14:20:26 終了しました(620)
2025/04/20 13:22:34 開始します(3668)
2025/04/20 13:22:34 非実行(3668)
2025/04/20 13:22:34 実行中(3668)
2025/04/20 14:19:20 終了しました(3668)
2025/04/21 13:25:57 開始します(6984)
2025/04/21 13:25:57 非実行(6984)
2025/04/21 13:25:57 実行中(6984)
2025/04/21 14:20:49 終了しました(6984)
2025/04/22 13:22:35 開始します(808)
2025/04/22 13:22:35 非実行(808)
2025/04/22 13:22:35 実行中(808)
2025/04/22 14:16:45 終了しました(808)
2025/04/23 13:25:50 開始します(964)
2025/04/23 13:25:50 非実行(964)
2025/04/23 13:25:50 実行中(964)
2025/04/23 14:21:39 終了しました(964)
2025/04/24 13:22:03 開始します(6740)
2025/04/24 13:22:03 非実行(6740)
2025/04/24 13:22:03 実行中(6740)
2025/04/24 14:16:32 終了しました(6740)
2025/04/25 13:22:07 開始します(6076)
2025/04/25 13:22:07 非実行(6076)
2025/04/25 13:22:07 実行中(6076)
2025/04/25 14:15:21 終了しました(6076)
2025/04/26 13:23:43 開始します(5684)
2025/04/26 13:23:43 非実行(5684)
2025/04/26 13:23:43 実行中(5684)
2025/04/26 14:17:07 終了しました(5684)
2025/04/27 13:22:44 開始します(920)
2025/04/27 13:22:44 非実行(920)
2025/04/27 13:22:44 実行中(920)
2025/04/27 14:12:55 終了しました(920)
2025/04/28 13:21:50 開始します(5008)
2025/04/28 13:21:50 非実行(5008)
2025/04/28 13:21:50 実行中(5008)
2025/04/28 14:09:19 終了しました(5008)
2025/04/29 13:21:38 開始します(2628)
2025/04/29 13:21:38 非実行(2628)
2025/04/29 13:21:38 実行中(2628)
2025/04/29 14:06:53 終了しました(2628)
2025/04/30 13:23:22 開始します(4360)
2025/04/30 13:23:22 非実行(4360)
2025/04/30 13:23:22 実行中(4360)
2025/04/30 14:06:01 終了しました(4360)
2025/05/01 13:19:11 開始します(3172)
2025/05/01 13:19:11 非実行(3172)
2025/05/01 13:19:11 実行中(3172)
2025/05/01 13:58:18 終了しました(3172)
2025/05/02 13:19:11 開始します(7788)
2025/05/02 13:19:11 非実行(7788)
2025/05/02 13:19:11 実行中(7788)
2025/05/02 13:55:48 終了しました(7788)
2025/05/03 13:18:52 開始します(4628)
2025/05/03 13:18:52 非実行(4628)
2025/05/03 13:18:52 実行中(4628)
2025/05/03 13:53:27 終了しました(4628)
2025/05/04 13:18:43 開始します(5500)
2025/05/04 13:18:43 非実行(5500)
2025/05/04 13:18:43 実行中(5500)
2025/05/04 13:51:44 終了しました(5500)
2025/05/05 13:18:27 開始します(5804)
2025/05/05 13:18:27 非実行(5804)
2025/05/05 13:18:27 実行中(5804)
2025/05/05 13:49:44 終了しました(5804)
2025/05/06 13:18:06 開始します(5976)
2025/05/06 13:18:06 非実行(5976)
2025/05/06 13:18:06 実行中(5976)
2025/05/06 13:47:01 終了しました(5976)
2025/05/07 13:17:47 開始します(6168)
2025/05/07 13:17:47 非実行(6168)
2025/05/07 13:17:47 実行中(6168)
2025/05/07 13:45:05 終了しました(6168)
2025/05/08 13:15:17 開始します(6028)
2025/05/08 13:15:17 非実行(6028)
2025/05/08 13:15:17 実行中(6028)
2025/05/08 13:41:07 終了しました(6028)
2025/05/09 14:17:53 開始します(2204)
2025/05/09 14:17:53 非実行(2204)
2025/05/09 14:17:53 実行中(2204)
2025/05/09 14:45:48 終了しました(2204)
2025/05/10 13:23:34 開始します(352)
2025/05/10 13:23:34 非実行(352)
2025/05/10 13:23:34 実行中(352)
2025/05/10 14:15:01 終了しました(352)
2025/05/11 13:22:33 開始します(5924)
2025/05/11 13:22:33 非実行(5924)
2025/05/11 13:22:33 実行中(5924)
2025/05/11 14:12:15 終了しました(5924)
2025/05/12 13:22:00 開始します(404)
2025/05/12 13:22:00 非実行(404)
2025/05/12 13:22:00 実行中(404)
2025/05/12 14:10:39 終了しました(404)
2025/05/13 13:21:52 開始します(5656)
2025/05/13 13:21:52 非実行(5656)
2025/05/13 13:21:52 実行中(5656)
2025/05/13 14:10:00 終了しました(5656)
2025/05/14 13:21:20 開始します(7504)
2025/05/14 13:21:20 非実行(7504)
2025/05/14 13:21:20 実行中(7504)
2025/05/14 14:07:30 終了しました(7504)
2025/05/17 13:21:28 開始します(72)
2025/05/17 13:21:28 非実行(72)
2025/05/17 13:21:28 実行中(72)
2025/05/17 14:11:07 終了しました(72)
2025/05/18 13:21:30 開始します(4632)
2025/05/18 13:21:30 非実行(4632)
2025/05/18 13:21:30 実行中(4632)
2025/05/18 14:09:42 終了しました(4632)
2025/05/20 13:22:15 開始します(4088)
2025/05/20 13:22:15 非実行(4088)
2025/05/20 13:22:15 実行中(4088)
2025/05/20 14:12:14 終了しました(4088)
2025/05/23 13:22:57 開始します(6236)
2025/05/23 13:22:57 非実行(6236)
2025/05/23 13:22:57 実行中(6236)
2025/05/23 14:14:26 終了しました(6236)
2025/05/24 13:22:54 開始します(2140)
2025/05/24 13:22:54 非実行(2140)
2025/05/24 13:22:54 実行中(2140)
2025/05/24 14:12:38 終了しました(2140)
2025/05/25 13:22:17 開始します(1144)
2025/05/25 13:22:17 非実行(1144)
2025/05/25 13:22:17 実行中(1144)
2025/05/25 14:09:34 終了しました(1144)
2025/05/26 13:23:51 開始します(8008)
2025/05/26 13:23:51 非実行(8008)
2025/05/26 13:23:51 実行中(8008)
2025/05/26 14:09:21 終了しました(8008)
2025/05/27 13:22:22 開始します(3000)
2025/05/27 13:22:22 非実行(3000)
2025/05/27 13:22:22 実行中(3000)
2025/05/27 14:08:20 終了しました(3000)
2025/05/28 13:24:55 開始します(1432)
2025/05/28 13:24:55 非実行(1432)
2025/05/28 13:24:55 実行中(1432)
2025/05/28 14:11:05 終了しました(1432)
2025/05/29 13:21:43 開始します(6408)
2025/05/29 13:21:43 非実行(6408)
2025/05/29 13:21:43 実行中(6408)
2025/05/29 14:07:14 終了しました(6408)
2025/05/30 13:23:22 開始します(2128)
2025/05/30 13:23:22 非実行(2128)
2025/05/30 13:23:22 実行中(2128)
2025/05/30 14:10:19 終了しました(2128)
2025/05/31 13:23:03 開始します(2304)
2025/05/31 13:23:03 非実行(2304)
2025/05/31 13:23:03 実行中(2304)
2025/05/31 14:08:15 終了しました(2304)
2025/06/01 13:22:34 開始します(3312)
2025/06/01 13:22:34 非実行(3312)
2025/06/01 13:22:34 実行中(3312)
2025/06/01 14:05:28 終了しました(3312)
2025/06/02 13:24:17 開始します(2708)
2025/06/02 13:24:17 非実行(2708)
2025/06/02 13:24:17 実行中(2708)
2025/06/02 14:05:53 終了しました(2708)
2025/06/03 13:23:49 開始します(3456)
2025/06/03 13:23:49 非実行(3456)
2025/06/03 13:23:49 実行中(3456)
2025/06/03 14:08:00 終了しました(3456)
2025/06/04 13:26:22 開始します(248)
2025/06/04 13:26:22 非実行(248)
2025/06/04 13:26:22 実行中(248)
2025/06/04 14:16:56 終了しました(248)
2025/06/05 13:22:50 開始します(6080)
2025/06/05 13:22:50 非実行(6080)
2025/06/05 13:22:50 実行中(6080)
2025/06/05 14:13:15 終了しました(6080)
2025/06/06 13:22:41 開始します(6324)
2025/06/06 13:22:41 非実行(6324)
2025/06/06 13:22:41 実行中(6324)
2025/06/06 14:13:29 終了しました(6324)
2025/06/07 13:22:50 開始します(6032)
2025/06/07 13:22:50 非実行(6032)
2025/06/07 13:22:50 実行中(6032)
2025/06/07 14:12:50 終了しました(6032)
2025/06/08 13:23:05 開始します(3200)
2025/06/08 13:23:05 非実行(3200)
2025/06/08 13:23:05 実行中(3200)
2025/06/08 14:11:26 終了しました(3200)
2025/06/09 13:23:44 開始します(3404)
2025/06/09 13:23:44 非実行(3404)
2025/06/09 13:23:44 実行中(3404)
2025/06/09 14:10:22 終了しました(3404)
2025/06/10 13:22:58 開始します(2912)
2025/06/10 13:22:58 非実行(2912)
2025/06/10 13:22:58 実行中(2912)
2025/06/10 14:11:52 終了しました(2912)
2025/06/11 13:26:00 開始します(1300)
2025/06/11 13:26:00 非実行(1300)
2025/06/11 13:26:00 実行中(1300)
2025/06/11 14:23:43 終了しました(1300)
2025/06/12 13:22:00 開始します(4968)
2025/06/12 13:22:00 非実行(4968)
2025/06/12 13:22:00 実行中(4968)
2025/06/12 14:20:14 終了しました(4968)
2025/06/13 13:22:36 開始します(7028)
2025/06/13 13:22:36 非実行(7028)
2025/06/13 13:22:36 実行中(7028)
2025/06/13 14:21:53 終了しました(7028)
2025/06/14 13:22:28 開始します(5660)
2025/06/14 13:22:28 非実行(5660)
2025/06/14 13:22:28 実行中(5660)
2025/06/14 14:20:25 終了しました(5660)
2025/06/15 13:22:15 開始します(5600)
2025/06/15 13:22:15 非実行(5600)
2025/06/15 13:22:15 実行中(5600)
2025/06/15 14:18:41 終了しました(5600)
2025/06/16 13:24:25 開始します(6040)
2025/06/16 13:24:25 非実行(6040)
2025/06/16 13:24:25 実行中(6040)
2025/06/16 14:19:33 終了しました(6040)
2025/06/17 13:23:16 開始します(2304)
2025/06/17 13:23:16 非実行(2304)
2025/06/17 13:23:16 実行中(2304)
2025/06/17 14:19:19 終了しました(2304)
2025/06/18 13:25:54 開始します(4480)
2025/06/18 13:25:54 非実行(4480)
2025/06/18 13:25:54 実行中(4480)
2025/06/18 14:26:28 終了しました(4480)
2025/06/19 13:22:06 開始します(5712)
2025/06/19 13:22:06 非実行(5712)
2025/06/19 13:22:06 実行中(5712)
2025/06/19 14:24:14 終了しました(5712)
2025/06/20 13:22:31 開始します(2000)
2025/06/20 13:22:31 非実行(2000)
2025/06/20 13:22:31 実行中(2000)
2025/06/20 14:23:56 終了しました(2000)
2025/06/21 13:22:09 開始します(5944)
2025/06/21 13:22:09 非実行(5944)
2025/06/21 13:22:09 実行中(5944)
2025/06/21 14:21:28 終了しました(5944)
2025/06/22 13:21:48 開始します(4932)
2025/06/22 13:21:48 非実行(4932)
2025/06/22 13:21:48 実行中(4932)
2025/06/22 14:18:54 終了しました(4932)
2025/06/23 13:22:53 開始します(4648)
2025/06/23 13:22:53 非実行(4648)
2025/06/23 13:22:53 実行中(4648)
2025/06/23 14:18:24 終了しました(4648)
2025/06/24 13:22:19 開始します(956)
2025/06/24 13:22:19 非実行(956)
2025/06/24 13:22:19 実行中(956)
2025/06/24 14:20:43 終了しました(956)
2025/06/25 13:24:18 開始します(5788)
2025/06/25 13:24:18 非実行(5788)
2025/06/25 13:24:18 実行中(5788)
2025/06/25 14:20:56 終了しました(5788)
2025/06/26 13:21:34 開始します(2076)
2025/06/26 13:21:34 非実行(2076)
2025/06/26 13:21:34 実行中(2076)
2025/06/26 14:17:34 終了しました(2076)
2025/06/27 13:21:24 開始します(6604)
2025/06/27 13:21:24 非実行(6604)
2025/06/27 13:21:24 実行中(6604)
2025/06/27 14:15:14 終了しました(6604)
2025/06/28 13:21:25 開始します(4772)
2025/06/28 13:21:25 非実行(4772)
2025/06/28 13:21:25 実行中(4772)
2025/06/28 14:13:16 終了しました(4772)
2025/06/29 13:21:47 開始します(2948)
2025/06/29 13:21:47 非実行(2948)
2025/06/29 13:21:47 実行中(2948)
2025/06/29 14:11:33 終了しました(2948)
2025/06/30 13:22:31 開始します(4136)
2025/06/30 13:22:31 非実行(4136)
2025/06/30 13:22:31 実行中(4136)
2025/06/30 14:09:40 終了しました(4136)
2025/07/01 13:23:29 開始します(3820)
2025/07/01 13:23:29 非実行(3820)
2025/07/01 13:23:29 実行中(3820)
2025/07/01 14:11:42 終了しました(3820)
2025/07/02 13:26:11 開始します(2096)
2025/07/02 13:26:11 非実行(2096)
2025/07/02 13:26:11 実行中(2096)
2025/07/02 14:16:15 終了しました(2096)
2025/07/03 13:22:23 開始します(5340)
2025/07/03 13:22:23 非実行(5340)
2025/07/03 13:22:23 実行中(5340)
2025/07/03 14:09:28 終了しました(5340)
2025/07/04 13:22:41 開始します(1132)
2025/07/04 13:22:41 非実行(1132)
2025/07/04 13:22:41 実行中(1132)
2025/07/04 14:09:48 終了しました(1132)
2025/07/05 13:22:37 開始します(5452)
2025/07/05 13:22:37 非実行(5452)
2025/07/05 13:22:37 実行中(5452)
2025/07/05 14:09:30 終了しました(5452)
2025/07/06 13:22:19 開始します(5704)
2025/07/06 13:22:19 非実行(5704)
2025/07/06 13:22:19 実行中(5704)
2025/07/06 14:07:51 終了しました(5704)
2025/07/07 13:27:29 開始します(588)
2025/07/07 13:27:29 非実行(588)
2025/07/07 13:27:29 実行中(588)
2025/07/07 14:13:24 終了しました(588)
2025/07/08 13:24:33 開始します(3684)
2025/07/08 13:24:33 非実行(3684)
2025/07/08 13:24:33 実行中(3684)
2025/07/08 14:18:31 終了しました(3684)
2025/07/09 13:28:16 開始します(6872)
2025/07/09 13:28:16 非実行(6872)
2025/07/09 13:28:16 実行中(6872)
2025/07/09 14:23:27 終了しました(6872)
2025/07/10 13:23:13 開始します(1456)
2025/07/10 13:23:13 非実行(1456)
2025/07/10 13:23:13 実行中(1456)
2025/07/10 14:17:04 終了しました(1456)
2025/07/11 13:22:53 開始します(1052)
2025/07/11 13:22:53 非実行(1052)
2025/07/11 13:22:53 実行中(1052)
2025/07/11 14:17:48 終了しました(1052)
2025/07/12 13:22:48 開始します(1960)
2025/07/12 13:22:48 非実行(1960)
2025/07/12 13:22:48 実行中(1960)
2025/07/12 14:16:21 終了しました(1960)
2025/07/13 13:23:14 開始します(544)
2025/07/13 13:23:14 非実行(544)
2025/07/13 13:23:14 実行中(544)
2025/07/13 14:15:24 終了しました(544)
2025/07/14 13:25:28 開始します(3200)
2025/07/14 13:25:28 非実行(3200)
2025/07/14 13:25:28 実行中(3200)
2025/07/14 14:17:28 終了しました(3200)
2025/07/15 13:23:34 開始します(6140)
2025/07/15 13:23:34 非実行(6140)
2025/07/15 13:23:34 実行中(6140)
2025/07/15 14:18:05 終了しました(6140)
2025/07/16 13:26:57 開始します(1956)
2025/07/16 13:26:57 非実行(1956)
2025/07/16 13:26:57 実行中(1956)
2025/07/16 14:23:12 終了しました(1956)
2025/07/17 13:23:13 開始します(4904)
2025/07/17 13:23:13 非実行(4904)
2025/07/17 13:23:13 実行中(4904)
2025/07/17 14:18:05 終了しました(4904)
2025/07/18 13:23:12 開始します(4420)
2025/07/18 13:23:12 非実行(4420)
2025/07/18 13:23:12 実行中(4420)
2025/07/18 14:17:16 終了しました(4420)
2025/07/19 13:23:58 開始します(5452)
2025/07/19 13:23:58 非実行(5452)
2025/07/19 13:23:58 実行中(5452)
2025/07/19 14:18:17 終了しました(5452)
2025/07/20 13:24:21 開始します(2832)
2025/07/20 13:24:21 非実行(2832)
2025/07/20 13:24:21 実行中(2832)
2025/07/20 14:17:42 終了しました(2832)
2025/07/21 13:25:46 開始します(4040)
2025/07/21 13:25:46 非実行(4040)
2025/07/21 13:25:46 実行中(4040)
2025/07/21 14:21:11 終了しました(4040)
2025/07/22 13:24:23 開始します(3464)
2025/07/22 13:24:23 非実行(3464)
2025/07/22 13:24:23 実行中(3464)
2025/07/22 14:18:19 終了しました(3464)
2025/07/23 13:27:09 開始します(5796)
2025/07/23 13:27:09 非実行(5796)
2025/07/23 13:27:09 実行中(5796)
2025/07/23 14:23:28 終了しました(5796)
2025/07/24 13:23:57 開始します(5356)
2025/07/24 13:23:57 非実行(5356)
2025/07/24 13:23:57 実行中(5356)
2025/07/24 14:17:51 終了しました(5356)
2025/07/25 13:24:00 開始します(1192)
2025/07/25 13:24:00 非実行(1192)
2025/07/25 13:24:00 実行中(1192)
2025/07/25 14:16:46 終了しました(1192)
2025/07/26 13:25:14 開始します(5928)
2025/07/26 13:25:14 非実行(5928)
2025/07/26 13:25:14 実行中(5928)
2025/07/26 14:18:33 終了しました(5928)
2025/07/27 13:24:41 開始します(4876)
2025/07/27 13:24:41 非実行(4876)
2025/07/27 13:24:41 実行中(4876)
2025/07/27 14:15:31 終了しました(4876)
2025/07/28 13:28:23 開始します(3712)
2025/07/28 13:28:23 非実行(3712)
2025/07/28 13:28:23 実行中(3712)
2025/07/28 14:17:55 終了しました(3712)
2025/07/29 13:26:11 開始します(6912)
2025/07/29 13:26:11 非実行(6912)
2025/07/29 13:26:11 実行中(6912)
2025/07/29 14:16:20 終了しました(6912)
2025/07/30 13:28:12 開始します(5316)
2025/07/30 13:28:12 非実行(5316)
2025/07/30 13:28:12 実行中(5316)
2025/07/30 14:18:40 終了しました(5316)
2025/07/31 13:24:32 開始します(5068)
2025/07/31 13:24:32 非実行(5068)
2025/07/31 13:24:32 実行中(5068)
2025/07/31 14:13:23 終了しました(5068)
2025/08/01 13:24:31 開始します(1824)
2025/08/01 13:24:31 非実行(1824)
2025/08/01 13:24:31 実行中(1824)
2025/08/01 14:12:32 終了しました(1824)
2025/08/02 13:24:44 開始します(2712)
2025/08/02 13:24:44 非実行(2712)
2025/08/02 13:24:44 実行中(2712)
2025/08/02 14:11:28 終了しました(2712)
2025/08/03 13:24:19 開始します(5156)
2025/08/03 13:24:19 非実行(5156)
2025/08/03 13:24:19 実行中(5156)
2025/08/03 14:09:09 終了しました(5156)
2025/08/04 13:28:57 開始します(1984)
2025/08/04 13:28:57 非実行(1984)
2025/08/04 13:28:57 実行中(1984)
2025/08/04 14:12:28 終了しました(1984)
2025/08/05 13:25:44 開始します(6788)
2025/08/05 13:25:44 非実行(6788)
2025/08/05 13:25:44 実行中(6788)
2025/08/05 14:16:24 終了しました(6788)
2025/08/06 13:28:58 開始します(5948)
2025/08/06 13:28:58 非実行(5948)
2025/08/06 13:28:58 実行中(5948)
2025/08/06 14:21:03 終了しました(5948)
2025/08/07 13:23:47 開始します(6032)
2025/08/07 13:23:47 非実行(6032)
2025/08/07 13:23:47 実行中(6032)
2025/08/07 14:14:29 終了しました(6032)
2025/08/08 13:23:52 開始します(5680)
2025/08/08 13:23:52 非実行(5680)
2025/08/08 13:23:52 実行中(5680)
2025/08/08 14:15:19 終了しました(5680)
2025/08/09 13:24:46 開始します(2784)
2025/08/09 13:24:46 非実行(2784)
2025/08/09 13:24:46 実行中(2784)
2025/08/09 14:16:44 終了しました(2784)
2025/08/10 13:24:13 開始します(4148)
2025/08/10 13:24:13 非実行(4148)
2025/08/10 13:24:13 実行中(4148)
2025/08/10 14:14:18 終了しました(4148)
2025/08/11 13:24:27 開始します(4984)
2025/08/11 13:24:27 非実行(4984)
2025/08/11 13:24:27 実行中(4984)
2025/08/11 14:14:23 終了しました(4984)
2025/08/12 13:25:47 開始します(632)
2025/08/12 13:25:47 非実行(632)
2025/08/12 13:25:47 実行中(632)
2025/08/12 14:16:32 終了しました(632)
2025/08/13 13:28:43 開始します(5916)
2025/08/13 13:28:43 非実行(5916)
2025/08/13 13:28:43 実行中(5916)
2025/08/13 14:20:04 終了しました(5916)
2025/08/14 13:24:19 開始します(1440)
2025/08/14 13:24:19 非実行(1440)
2025/08/14 13:24:19 実行中(1440)
2025/08/14 14:20:19 終了しました(1440)
2025/08/15 13:24:17 開始します(2936)
2025/08/15 13:24:17 非実行(2936)
2025/08/15 13:24:17 実行中(2936)
2025/08/15 14:18:53 終了しました(2936)
2025/08/16 13:24:10 開始します(4604)
2025/08/16 13:24:10 非実行(4604)
2025/08/16 13:24:10 実行中(4604)
2025/08/16 14:17:18 終了しました(4604)
2025/08/17 13:23:53 開始します(3872)
2025/08/17 13:23:53 非実行(3872)
2025/08/17 13:23:53 実行中(3872)
2025/08/17 14:14:56 終了しました(3872)
2025/08/18 13:26:49 開始します(1004)
2025/08/18 13:26:49 非実行(1004)
2025/08/18 13:26:49 実行中(1004)
2025/08/18 14:18:27 終了しました(1004)
2025/08/19 13:24:56 開始します(2808)
2025/08/19 13:24:56 非実行(2808)
2025/08/19 13:24:56 実行中(2808)
2025/08/19 14:20:41 終了しました(2808)
2025/08/20 13:27:54 開始します(5352)
2025/08/20 13:27:54 非実行(5352)
2025/08/20 13:27:54 実行中(5352)
2025/08/20 14:24:49 終了しました(5352)
2025/08/21 13:23:26 開始します(5936)
2025/08/21 13:23:26 非実行(5936)
2025/08/21 13:23:26 実行中(5936)
2025/08/21 14:19:25 終了しました(5936)
2025/08/22 13:23:57 開始します(4584)
2025/08/22 13:23:57 非実行(4584)
2025/08/22 13:23:57 実行中(4584)
2025/08/22 14:19:23 終了しました(4584)
2025/08/23 13:24:08 開始します(4012)
2025/08/23 13:24:08 非実行(4012)
2025/08/23 13:24:08 実行中(4012)
2025/08/23 14:18:04 終了しました(4012)
2025/08/24 13:23:33 開始します(4512)
2025/08/24 13:23:33 非実行(4512)
2025/08/24 13:23:33 実行中(4512)
2025/08/24 14:14:32 終了しました(4512)
2025/08/25 13:24:46 開始します(6888)
2025/08/25 13:24:46 非実行(6888)
2025/08/25 13:24:46 実行中(6888)
2025/08/25 14:13:56 終了しました(6888)
2025/08/26 13:23:09 開始します(6028)
2025/08/26 13:23:09 非実行(6028)
2025/08/26 13:23:09 実行中(6028)
2025/08/26 14:16:24 終了しました(6028)
2025/08/27 13:25:39 開始します(3752)
2025/08/27 13:25:39 非実行(3752)
2025/08/27 13:25:39 実行中(3752)
2025/08/27 14:19:19 終了しました(3752)
2025/08/28 13:22:34 開始します(1880)
2025/08/28 13:22:34 非実行(1880)
2025/08/28 13:22:34 実行中(1880)
2025/08/28 14:14:04 終了しました(1880)
2025/08/29 13:23:31 開始します(3488)
2025/08/29 13:23:31 非実行(3488)
2025/08/29 13:23:31 実行中(3488)
2025/08/29 14:13:58 終了しました(3488)
2025/08/30 13:23:19 開始します(2316)
2025/08/30 13:23:19 非実行(2316)
2025/08/30 13:23:19 実行中(2316)
2025/08/30 14:12:53 終了しました(2316)
2025/08/31 13:22:58 開始します(6056)
2025/08/31 13:22:58 非実行(6056)
2025/08/31 13:22:58 実行中(6056)
2025/08/31 14:09:50 終了しました(6056)
2025/09/01 13:24:33 開始します(4316)
2025/09/01 13:24:33 非実行(4316)
2025/09/01 13:24:33 実行中(4316)
2025/09/01 14:09:00 終了しました(4316)
2025/09/02 13:23:49 開始します(4540)
2025/09/02 13:23:49 非実行(4540)
2025/09/02 13:23:49 実行中(4540)
2025/09/02 14:07:56 終了しました(4540)
2025/09/03 13:26:49 開始します(5332)
2025/09/03 13:26:49 非実行(5332)
2025/09/03 13:26:49 実行中(5332)
2025/09/03 14:11:25 終了しました(5332)
2025/09/04 13:22:40 開始します(5000)
2025/09/04 13:22:40 非実行(5000)
2025/09/04 13:22:40 実行中(5000)
2025/09/04 14:05:33 終了しました(5000)
2025/09/05 13:22:49 開始します(5376)
2025/09/05 13:22:49 非実行(5376)
2025/09/05 13:22:49 実行中(5376)
2025/09/05 14:05:13 終了しました(5376)
2025/09/06 13:22:30 開始します(4372)
2025/09/06 13:22:30 非実行(4372)
2025/09/06 13:22:30 実行中(4372)
2025/09/06 14:04:09 終了しました(4372)
2025/09/07 13:22:05 開始します(5980)
2025/09/07 13:22:05 非実行(5980)
2025/09/07 13:22:05 実行中(5980)
2025/09/07 14:01:55 終了しました(5980)
2025/09/08 13:25:37 開始します(3820)
2025/09/08 13:25:37 非実行(3820)
2025/09/08 13:25:37 実行中(3820)
2025/09/08 14:06:42 終了しました(3820)
2025/09/09 13:22:48 開始します(1176)
2025/09/09 13:22:48 非実行(1176)
2025/09/09 13:22:48 実行中(1176)
2025/09/09 14:08:37 終了しました(1176)
2025/09/10 13:25:59 開始します(5100)
2025/09/10 13:25:59 非実行(5100)
2025/09/10 13:25:59 実行中(5100)
2025/09/10 14:15:40 終了しました(5100)
2025/09/11 13:22:20 開始します(2388)
2025/09/11 13:22:20 非実行(2388)
2025/09/11 13:22:20 実行中(2388)
2025/09/11 14:11:05 終了しました(2388)
2025/09/12 13:22:32 開始します(852)
2025/09/12 13:22:32 非実行(852)
2025/09/12 13:22:32 実行中(852)
2025/09/12 14:11:05 終了しました(852)
2025/09/13 13:22:26 開始します(5476)
2025/09/13 13:22:26 非実行(5476)
2025/09/13 13:22:26 実行中(5476)
2025/09/13 14:09:44 終了しました(5476)
2025/09/14 13:21:55 開始します(576)
2025/09/14 13:21:55 非実行(576)
2025/09/14 13:21:55 実行中(576)
2025/09/14 14:07:37 終了しました(576)
2025/09/15 13:25:03 開始します(5336)
2025/09/15 13:25:03 非実行(5336)
2025/09/15 13:25:03 実行中(5336)
2025/09/15 14:11:04 終了しました(5336)
2025/09/16 13:23:15 開始します(4388)
2025/09/16 13:23:15 非実行(4388)
2025/09/16 13:23:15 実行中(4388)
2025/09/16 14:11:59 終了しました(4388)
2025/09/17 13:26:26 開始します(1136)
2025/09/17 13:26:26 非実行(1136)
2025/09/17 13:26:26 実行中(1136)
2025/09/17 14:17:55 終了しました(1136)
2025/09/18 13:23:01 開始します(3040)
2025/09/18 13:23:01 非実行(3040)
2025/09/18 13:23:01 実行中(3040)
2025/09/18 14:15:24 終了しました(3040)
2025/09/19 13:23:16 開始します(6112)
2025/09/19 13:23:16 非実行(6112)
2025/09/19 13:23:16 実行中(6112)
2025/09/19 14:15:19 終了しました(6112)
2025/09/20 13:22:39 開始します(3200)
2025/09/20 13:22:39 非実行(3200)
2025/09/20 13:22:39 実行中(3200)
2025/09/20 14:13:17 終了しました(3200)
2025/09/21 13:22:16 開始します(3168)
2025/09/21 13:22:16 非実行(3168)
2025/09/21 13:22:16 実行中(3168)
2025/09/21 14:11:29 終了しました(3168)
2025/09/22 13:23:14 開始します(3468)
2025/09/22 13:23:14 非実行(3468)
2025/09/22 13:23:14 実行中(3468)
2025/09/22 14:10:51 終了しました(3468)
2025/09/23 13:23:48 開始します(4640)
2025/09/23 13:23:48 非実行(4640)
2025/09/23 13:23:48 実行中(4640)
2025/09/23 14:13:16 終了しました(4640)
2025/09/24 13:26:26 開始します(1056)
2025/09/24 13:26:26 非実行(1056)
2025/09/24 13:26:26 実行中(1056)
2025/09/24 14:16:08 終了しました(1056)
2025/09/25 13:22:41 開始します(5260)
2025/09/25 13:22:41 非実行(5260)
2025/09/25 13:22:41 実行中(5260)
2025/09/25 14:10:47 終了しました(5260)
2025/09/26 13:22:38 開始します(3208)
2025/09/26 13:22:38 非実行(3208)
2025/09/26 13:22:38 実行中(3208)
2025/09/26 14:09:24 終了しました(3208)
2025/09/27 13:22:38 開始します(4152)
2025/09/27 13:22:38 非実行(4152)
2025/09/27 13:22:38 実行中(4152)
2025/09/27 14:07:23 終了しました(4152)
2025/09/28 13:22:16 開始します(3540)
2025/09/28 13:22:16 非実行(3540)
2025/09/28 13:22:16 実行中(3540)
2025/09/28 14:04:46 終了しました(3540)
2025/09/29 13:24:30 開始します(5488)
2025/09/29 13:24:30 非実行(5488)
2025/09/29 13:24:30 実行中(5488)
2025/09/29 14:05:53 終了しました(5488)
2025/09/30 13:23:20 開始します(5920)
2025/09/30 13:23:20 非実行(5920)
2025/09/30 13:23:20 実行中(5920)
2025/09/30 14:05:24 終了しました(5920)
2025/10/01 13:26:53 開始します(5492)
2025/10/01 13:26:53 非実行(5492)
2025/10/01 13:26:53 実行中(5492)
2025/10/01 14:09:54 終了しました(5492)
2025/10/02 13:22:26 開始します(3680)
2025/10/02 13:22:26 非実行(3680)
2025/10/02 13:22:26 実行中(3680)
2025/10/02 14:04:18 終了しました(3680)
2025/10/03 13:23:12 開始します(3256)
2025/10/03 13:23:12 非実行(3256)
2025/10/03 13:23:12 実行中(3256)
2025/10/03 14:06:08 終了しました(3256)
2025/10/04 13:23:11 開始します(1996)
2025/10/04 13:23:11 非実行(1996)
2025/10/04 13:23:11 実行中(1996)
2025/10/04 14:05:06 終了しました(1996)
2025/10/05 13:22:52 開始します(1836)
2025/10/05 13:22:52 非実行(1836)
2025/10/05 13:22:52 実行中(1836)
2025/10/05 14:03:38 終了しました(1836)
2025/10/06 13:23:51 開始します(4392)
2025/10/06 13:23:51 非実行(4392)
2025/10/06 13:23:51 実行中(4392)
2025/10/06 14:03:04 終了しました(4392)
2025/10/07 13:25:36 開始します(4468)
2025/10/07 13:25:36 非実行(4468)
2025/10/07 13:25:36 実行中(4468)
2025/10/07 14:12:43 終了しました(4468)
2025/10/08 13:28:50 開始します(6236)
2025/10/08 13:28:50 非実行(6236)
2025/10/08 13:28:50 実行中(6236)
2025/10/08 14:17:55 終了しました(6236)
2025/10/09 13:25:33 開始します(2508)
2025/10/09 13:25:33 非実行(2508)
2025/10/09 13:25:33 実行中(2508)
2025/10/09 14:13:37 終了しました(2508)
2025/10/10 13:25:37 開始します(3756)
2025/10/10 13:25:37 非実行(3756)
2025/10/10 13:25:37 実行中(3756)
2025/10/10 14:13:06 終了しました(3756)
2025/10/11 13:26:11 開始します(5304)
2025/10/11 13:26:11 非実行(5304)
2025/10/11 13:26:11 実行中(5304)
2025/10/11 14:12:52 終了しました(5304)
2025/10/12 13:25:02 開始します(3584)
2025/10/12 13:25:02 非実行(3584)
2025/10/12 13:25:02 実行中(3584)
2025/10/12 14:10:12 終了しました(3584)
2025/10/13 13:26:40 開始します(5712)
2025/10/13 13:26:40 非実行(5712)
2025/10/13 13:26:40 実行中(5712)
2025/10/13 14:13:04 終了しました(5712)
2025/10/14 13:26:36 開始します(4056)
2025/10/14 13:26:36 非実行(4056)
2025/10/14 13:26:36 実行中(4056)
2025/10/14 14:20:42 終了しました(4056)
2025/10/15 13:29:18 開始します(5196)
2025/10/15 13:29:18 非実行(5196)
2025/10/15 13:29:18 実行中(5196)
2025/10/15 14:24:20 終了しました(5196)
2025/10/16 13:25:43 開始します(3996)
2025/10/16 13:25:43 非実行(3996)
2025/10/16 13:25:43 実行中(3996)
2025/10/16 14:22:51 終了しました(3996)
2025/10/17 13:26:24 開始します(1008)
2025/10/17 13:26:24 非実行(1008)
2025/10/17 13:26:24 実行中(1008)
2025/10/17 14:22:31 終了しました(1008)
2025/10/18 13:27:19 開始します(2056)
2025/10/18 13:27:19 非実行(2056)
2025/10/18 13:27:19 実行中(2056)
2025/10/18 14:23:08 終了しました(2056)
2025/10/19 13:25:55 開始します(5468)
2025/10/19 13:25:55 非実行(5468)
2025/10/19 13:25:55 実行中(5468)
2025/10/19 14:20:15 終了しました(5468)
2025/10/20 13:26:50 開始します(4336)
2025/10/20 13:26:50 非実行(4336)
2025/10/20 13:26:50 実行中(4336)
2025/10/20 14:21:37 終了しました(4336)
2025/10/21 15:18:35 開始します(6440)
2025/10/21 15:18:35 非実行(6440)
2025/10/21 15:18:35 実行中(6440)
2025/10/21 16:14:40 終了しました(6440)
2025/10/22 13:30:41 開始します(3556)
2025/10/22 13:30:41 非実行(3556)
2025/10/22 13:30:41 実行中(3556)
2025/10/22 14:32:36 終了しました(3556)
2025/10/23 13:26:57 開始します(7180)
2025/10/23 13:26:57 非実行(7180)
2025/10/23 13:26:57 実行中(7180)
2025/10/23 14:30:33 終了しました(7180)
2025/10/24 13:28:28 開始します(6284)
2025/10/24 13:28:28 非実行(6284)
2025/10/24 13:28:28 実行中(6284)
2025/10/24 14:33:17 終了しました(6284)
2025/10/25 13:27:06 開始します(6800)
2025/10/25 13:27:06 非実行(6800)
2025/10/25 13:27:06 実行中(6800)
2025/10/25 14:29:54 終了しました(6800)
2025/10/26 13:27:00 開始します(6832)
2025/10/26 13:27:00 非実行(6832)
2025/10/26 13:27:00 実行中(6832)
2025/10/26 14:27:07 終了しました(6832)
2025/10/27 13:28:22 開始します(5840)
2025/10/27 13:28:22 非実行(5840)
2025/10/27 13:28:22 実行中(5840)
2025/10/27 14:27:08 終了しました(5840)
2025/10/28 13:28:17 開始します(4572)
2025/10/28 13:28:17 非実行(4572)
2025/10/28 13:28:17 実行中(4572)
2025/10/28 14:26:57 終了しました(4572)
