2019/03/26 04:12:15 開始します(936)
2019/03/26 04:12:15 非実行(936)
2019/03/26 04:12:15 実行中(936)
2019/03/26 04:12:21 終了しました(936)
2019/03/27 03:55:24 開始します(3696)
2019/03/27 03:55:24 非実行(3696)
2019/03/27 03:55:24 実行中(3696)
2019/03/27 03:55:57 終了しました(3696)
2019/03/28 04:16:01 開始します(4880)
2019/03/28 04:16:01 非実行(4880)
2019/03/28 04:16:01 実行中(4880)
2019/03/28 04:16:34 終了しました(4880)
2019/03/29 03:49:16 開始します(1348)
2019/03/29 03:49:16 非実行(1348)
2019/03/29 03:49:16 実行中(1348)
2019/03/29 03:49:48 終了しました(1348)
2019/03/30 03:24:36 開始します(3932)
2019/03/30 03:24:36 非実行(3932)
2019/03/30 03:24:36 実行中(3932)
2019/03/30 03:25:08 終了しました(3932)
2019/04/02 03:10:49 開始します(2272)
2019/04/02 03:10:49 非実行(2272)
2019/04/02 03:10:49 実行中(2272)
2019/04/02 03:11:21 終了しました(2272)
2019/04/03 02:33:25 開始します(5812)
2019/04/03 02:33:25 非実行(5812)
2019/04/03 02:33:25 実行中(5812)
2019/04/03 02:33:57 終了しました(5812)
2019/04/04 03:45:16 開始します(4760)
2019/04/04 03:45:16 非実行(4760)
2019/04/04 03:45:16 実行中(4760)
2019/04/04 03:45:48 終了しました(4760)
2019/04/05 02:06:09 開始します(5496)
2019/04/05 02:06:09 非実行(5496)
2019/04/05 02:06:09 実行中(5496)
2019/04/05 02:06:42 終了しました(5496)
2019/04/06 01:55:02 開始します(5184)
2019/04/06 01:55:02 非実行(5184)
2019/04/06 01:55:02 実行中(5184)
2019/04/06 01:55:34 終了しました(5184)
2019/04/09 02:13:21 開始します(1452)
2019/04/09 02:13:21 非実行(1452)
2019/04/09 02:13:21 実行中(1452)
2019/04/09 02:13:53 終了しました(1452)
2019/04/10 01:39:25 開始します(5024)
2019/04/10 01:39:25 非実行(5024)
2019/04/10 01:39:25 実行中(5024)
2019/04/10 01:39:56 終了しました(5024)
2019/04/11 01:52:37 開始します(4932)
2019/04/11 01:52:37 非実行(4932)
2019/04/11 01:52:37 実行中(4932)
2019/04/11 01:53:09 終了しました(4932)
2019/04/13 06:28:06 開始します(3184)
2019/04/13 06:28:06 非実行(3184)
2019/04/13 06:28:06 実行中(3184)
2019/04/13 06:28:11 終了しました(3184)
2019/04/16 11:44:58 開始します(3936)
2019/04/16 11:44:58 非実行(3936)
2019/04/16 11:44:58 実行中(3936)
2019/04/16 11:45:37 終了しました(3936)
2019/04/18 07:46:06 開始します(4676)
2019/04/18 07:46:06 非実行(4676)
2019/04/18 07:46:06 実行中(4676)
2019/04/18 07:46:11 終了しました(4676)
2019/04/19 02:44:08 開始します(4560)
2019/04/19 02:44:08 非実行(4560)
2019/04/19 02:44:08 実行中(4560)
2019/04/19 02:44:47 終了しました(4560)
2019/04/20 19:54:03 開始します(5404)
2019/04/20 19:54:03 非実行(5404)
2019/04/20 19:54:03 実行中(5404)
2019/04/20 19:54:08 終了しました(5404)
2019/04/23 21:01:53 開始します(4344)
2019/04/23 21:01:53 非実行(4344)
2019/04/23 21:01:53 実行中(4344)
2019/04/23 21:02:25 終了しました(4344)
2019/04/25 01:53:55 開始します(4324)
2019/04/25 01:53:55 非実行(4324)
2019/04/25 01:53:55 実行中(4324)
2019/04/25 01:54:28 終了しました(4324)
2019/04/26 00:14:32 開始します(5288)
2019/04/26 00:14:32 非実行(5288)
2019/04/26 00:14:32 実行中(5288)
2019/04/26 00:15:05 終了しました(5288)
2019/04/26 08:37:56 開始します(5000)
2019/04/26 08:37:56 非実行(5000)
2019/04/26 08:37:56 実行中(5000)
2019/04/26 08:38:35 終了しました(5000)
2019/04/29 10:22:29 開始します(4620)
2019/04/29 10:22:29 非実行(4620)
2019/04/29 10:22:29 実行中(4620)
2019/04/29 10:22:34 終了しました(4620)
2019/05/07 06:56:34 開始します(7116)
2019/05/07 06:56:34 非実行(7116)
2019/05/07 06:56:34 実行中(7116)
2019/05/07 06:56:39 終了しました(7116)
2019/05/09 02:45:31 開始します(7372)
2019/05/09 02:45:31 非実行(7372)
2019/05/09 02:45:31 実行中(7372)
2019/05/09 02:46:05 終了しました(7372)
2019/05/09 22:31:08 開始します(4492)
2019/05/09 22:31:08 非実行(4492)
2019/05/09 22:31:08 実行中(4492)
2019/05/09 22:31:15 終了しました(4492)
2019/05/10 12:57:29 開始します(8388)
2019/05/10 12:57:29 非実行(8388)
2019/05/10 12:57:29 実行中(8388)
2019/05/10 12:57:33 終了しました(8388)
2019/05/24 04:34:21 開始します(5596)
2019/05/24 04:34:21 非実行(5596)
2019/05/24 04:34:21 実行中(5596)
2019/05/24 04:34:25 終了しました(5596)
2019/05/29 04:34:15 開始します(1148)
2019/05/29 04:34:15 非実行(1148)
2019/05/29 04:34:15 実行中(1148)
2019/05/29 04:34:19 終了しました(1148)
2019/06/17 21:41:24 開始します(10000)
2019/06/17 21:41:24 非実行(10000)
2019/06/17 21:41:24 実行中(10000)
2019/06/17 21:41:28 終了しました(10000)
2019/06/21 11:29:40 開始します(6460)
2019/06/21 11:29:40 非実行(6460)
2019/06/21 11:29:40 実行中(6460)
2019/06/21 11:29:46 終了しました(6460)
2019/06/25 23:13:49 開始します(5616)
2019/06/25 23:13:49 非実行(5616)
2019/06/25 23:13:49 実行中(5616)
2019/06/25 23:13:54 終了しました(5616)
2019/06/27 03:50:46 開始します(7376)
2019/06/27 03:50:46 非実行(7376)
2019/06/27 03:50:46 実行中(7376)
2019/06/27 03:50:51 終了しました(7376)
2019/06/27 23:19:17 開始します(11316)
2019/06/27 23:19:17 非実行(11316)
2019/06/27 23:19:17 実行中(11316)
2019/06/27 23:19:22 終了しました(11316)
2019/06/28 22:39:38 開始します(1276)
2019/06/28 22:39:38 非実行(1276)
2019/06/28 22:39:38 実行中(1276)
2019/06/28 22:39:43 終了しました(1276)
2019/07/04 13:41:58 開始します(10288)
2019/07/04 13:41:58 非実行(10288)
2019/07/04 13:41:58 実行中(10288)
2019/07/04 13:42:03 終了しました(10288)
2019/07/09 23:38:39 開始します(12012)
2019/07/09 23:38:39 非実行(12012)
2019/07/09 23:38:39 実行中(12012)
2019/07/09 23:38:45 終了しました(12012)
2019/07/11 04:50:59 開始します(7668)
2019/07/11 04:50:59 非実行(7668)
2019/07/11 04:50:59 実行中(7668)
2019/07/11 04:51:04 終了しました(7668)
2019/07/22 23:45:36 開始します(2020)
2019/07/22 23:45:36 非実行(2020)
2019/07/22 23:45:36 実行中(2020)
2019/07/22 23:45:40 終了しました(2020)
2019/07/23 18:43:30 開始します(7756)
2019/07/23 18:43:30 非実行(7756)
2019/07/23 18:43:30 実行中(7756)
2019/07/23 18:43:35 終了しました(7756)
2019/07/25 00:32:24 開始します(5940)
2019/07/25 00:32:24 非実行(5940)
2019/07/25 00:32:24 実行中(5940)
2019/07/25 00:32:28 終了しました(5940)
2019/07/25 20:44:49 開始します(8784)
2019/07/25 20:44:49 非実行(8784)
2019/07/25 20:44:49 実行中(8784)
2019/07/25 20:44:53 終了しました(8784)
2019/07/27 07:23:08 開始します(1604)
2019/07/27 07:23:08 非実行(1604)
2019/07/27 07:23:08 実行中(1604)
2019/07/27 07:23:12 終了しました(1604)
2019/07/29 21:07:48 開始します(12024)
2019/07/29 21:07:48 非実行(12024)
2019/07/29 21:07:48 実行中(12024)
2019/07/29 21:07:52 終了しました(12024)
2019/07/31 00:22:06 開始します(12200)
2019/07/31 00:22:06 非実行(12200)
2019/07/31 00:22:06 実行中(12200)
2019/07/31 00:22:10 終了しました(12200)
2019/08/01 02:00:50 開始します(1388)
2019/08/01 02:00:50 非実行(1388)
2019/08/01 02:00:50 実行中(1388)
2019/08/01 02:00:54 終了しました(1388)
2019/08/02 16:44:05 開始します(10456)
2019/08/02 16:44:05 非実行(10456)
2019/08/02 16:44:05 実行中(10456)
2019/08/02 16:44:10 終了しました(10456)
2019/08/07 22:41:20 開始します(4492)
2019/08/07 22:41:20 非実行(4492)
2019/08/07 22:41:20 実行中(4492)
2019/08/07 22:41:24 終了しました(4492)
2019/08/08 23:00:26 開始します(10280)
2019/08/08 23:00:26 非実行(10280)
2019/08/08 23:00:26 実行中(10280)
2019/08/08 23:00:30 終了しました(10280)
2019/08/09 20:30:02 開始します(10728)
2019/08/09 20:30:02 非実行(10728)
2019/08/09 20:30:02 実行中(10728)
2019/08/09 20:30:06 終了しました(10728)
2019/08/14 22:49:12 開始します(9984)
2019/08/14 22:49:12 非実行(9984)
2019/08/14 22:49:12 実行中(9984)
2019/08/14 22:49:16 終了しました(9984)
2019/08/15 23:14:30 開始します(4376)
2019/08/15 23:14:30 非実行(4376)
2019/08/15 23:14:30 実行中(4376)
2019/08/15 23:14:34 終了しました(4376)
2019/08/16 19:59:33 開始します(10184)
2019/08/16 19:59:33 非実行(10184)
2019/08/16 19:59:33 実行中(10184)
2019/08/16 19:59:37 終了しました(10184)
2019/08/19 22:29:01 開始します(5216)
2019/08/19 22:29:01 非実行(5216)
2019/08/19 22:29:01 実行中(5216)
2019/08/19 22:29:05 終了しました(5216)
2019/08/20 22:25:13 開始します(1144)
2019/08/20 22:25:13 非実行(1144)
2019/08/20 22:25:13 実行中(1144)
2019/08/20 22:25:17 終了しました(1144)
2019/08/21 21:20:27 開始します(7820)
2019/08/21 21:20:27 非実行(7820)
2019/08/21 21:20:27 実行中(7820)
2019/08/21 21:20:31 終了しました(7820)
2019/08/22 21:34:50 開始します(10672)
2019/08/22 21:34:50 非実行(10672)
2019/08/22 21:34:50 実行中(10672)
2019/08/22 21:34:54 終了しました(10672)
2019/08/26 21:16:28 開始します(2032)
2019/08/26 21:16:28 非実行(2032)
2019/08/26 21:16:28 実行中(2032)
2019/08/26 21:16:32 終了しました(2032)
2019/08/28 20:30:47 開始します(8380)
2019/08/28 20:30:47 非実行(8380)
2019/08/28 20:30:47 実行中(8380)
2019/08/28 20:30:51 終了しました(8380)
2019/09/02 20:33:14 開始します(3216)
2019/09/02 20:33:14 非実行(3216)
2019/09/02 20:33:14 実行中(3216)
2019/09/02 20:33:18 終了しました(3216)
2019/09/04 20:43:54 開始します(7148)
2019/09/04 20:43:54 非実行(7148)
2019/09/04 20:43:54 実行中(7148)
2019/09/04 20:43:59 終了しました(7148)
2019/09/05 22:48:19 開始します(10192)
2019/09/05 22:48:19 非実行(10192)
2019/09/05 22:48:19 実行中(10192)
2019/09/05 22:48:24 終了しました(10192)
2019/09/12 02:55:43 開始します(9012)
2019/09/12 02:55:43 非実行(9012)
2019/09/12 02:55:43 実行中(9012)
2019/09/12 02:55:47 終了しました(9012)
2019/09/13 04:12:45 開始します(7844)
2019/09/13 04:12:45 非実行(7844)
2019/09/13 04:12:45 実行中(7844)
2019/09/13 04:12:50 終了しました(7844)
2019/10/05 04:30:12 開始します(7952)
2019/10/05 04:30:12 非実行(7952)
2019/10/05 04:30:12 実行中(7952)
2019/10/05 04:30:16 終了しました(7952)
2019/10/23 19:10:22 開始します(1940)
2019/10/23 19:10:22 非実行(1940)
2019/10/23 19:10:22 実行中(1940)
2019/10/23 19:10:26 終了しました(1940)
2019/10/24 14:20:19 開始します(7960)
2019/10/24 14:20:19 非実行(7960)
2019/10/24 14:20:19 実行中(7960)
2019/10/24 14:20:23 終了しました(7960)
2019/10/29 02:26:03 開始します(10016)
2019/10/29 02:26:03 非実行(10016)
2019/10/29 02:26:03 実行中(10016)
2019/10/29 02:26:07 終了しました(10016)
2019/10/31 12:43:39 開始します(10684)
2019/10/31 12:43:39 非実行(10684)
2019/10/31 12:43:39 実行中(10684)
2019/10/31 12:43:43 終了しました(10684)
2019/11/01 19:28:10 開始します(9352)
2019/11/01 19:28:10 非実行(9352)
2019/11/01 19:28:10 実行中(9352)
2019/11/01 19:28:15 終了しました(9352)
2019/11/05 21:36:40 開始します(4520)
2019/11/05 21:36:40 非実行(4520)
2019/11/05 21:36:40 実行中(4520)
2019/11/05 21:36:44 終了しました(4520)
2019/11/07 00:55:51 開始します(10996)
2019/11/07 00:55:51 非実行(10996)
2019/11/07 00:55:51 実行中(10996)
2019/11/07 00:55:55 終了しました(10996)
2019/11/07 20:27:55 開始します(8160)
2019/11/07 20:27:55 非実行(8160)
2019/11/07 20:27:55 実行中(8160)
2019/11/07 20:28:00 終了しました(8160)
2019/11/08 21:00:53 開始します(8360)
2019/11/08 21:00:53 非実行(8360)
2019/11/08 21:00:53 実行中(8360)
2019/11/08 21:00:57 終了しました(8360)
2019/11/11 20:43:42 開始します(12556)
2019/11/11 20:43:42 非実行(12556)
2019/11/11 20:43:42 実行中(12556)
2019/11/11 20:43:46 終了しました(12556)
2019/11/12 21:56:07 開始します(4028)
2019/11/12 21:56:07 非実行(4028)
2019/11/12 21:56:07 実行中(4028)
2019/11/12 21:56:11 終了しました(4028)
2019/11/13 19:26:24 開始します(10528)
2019/11/13 19:26:24 非実行(10528)
2019/11/13 19:26:24 実行中(10528)
2019/11/13 19:26:28 終了しました(10528)
2019/11/14 23:02:16 開始します(6936)
2019/11/14 23:02:16 非実行(6936)
2019/11/14 23:02:16 実行中(6936)
2019/11/14 23:02:20 終了しました(6936)
2019/11/15 22:49:10 開始します(796)
2019/11/15 22:49:10 非実行(796)
2019/11/15 22:49:10 実行中(796)
2019/11/15 22:49:14 終了しました(796)
2019/11/18 21:57:36 開始します(2808)
2019/11/18 21:57:36 非実行(2808)
2019/11/18 21:57:36 実行中(2808)
2019/11/18 21:57:41 終了しました(2808)
2019/11/20 05:33:59 開始します(8972)
2019/11/20 05:33:59 非実行(8972)
2019/11/20 05:33:59 実行中(8972)
2019/11/20 05:34:03 終了しました(8972)
2019/11/21 04:56:37 開始します(1776)
2019/11/21 04:56:37 非実行(1776)
2019/11/21 04:56:37 実行中(1776)
2019/11/21 04:56:41 終了しました(1776)
2019/11/21 21:41:52 開始します(12960)
2019/11/21 21:41:52 非実行(12960)
2019/11/21 21:41:52 実行中(12960)
2019/11/21 21:41:57 終了しました(12960)
2019/11/23 02:57:50 開始します(6336)
2019/11/23 02:57:50 非実行(6336)
2019/11/23 02:57:50 実行中(6336)
2019/11/23 02:57:54 終了しました(6336)
2019/11/27 10:54:02 開始します(8264)
2019/11/27 10:54:02 非実行(8264)
2019/11/27 10:54:02 実行中(8264)
2019/11/27 10:54:06 終了しました(8264)
2019/11/28 21:00:03 開始します(5460)
2019/11/28 21:00:03 非実行(5460)
2019/11/28 21:00:03 実行中(5460)
2019/11/28 21:00:07 終了しました(5460)
2019/11/29 21:24:39 開始します(6520)
2019/11/29 21:24:39 非実行(6520)
2019/11/29 21:24:39 実行中(6520)
2019/11/29 21:24:43 終了しました(6520)
2019/12/03 04:37:12 開始します(12644)
2019/12/03 04:37:12 非実行(12644)
2019/12/03 04:37:12 実行中(12644)
2019/12/03 04:37:16 終了しました(12644)
2019/12/12 07:11:13 開始します(5308)
2019/12/12 07:11:13 非実行(5308)
2019/12/12 07:11:13 実行中(5308)
2019/12/12 07:11:18 終了しました(5308)
2019/12/24 00:28:52 開始します(2104)
2019/12/24 00:28:52 非実行(2104)
2019/12/24 00:28:52 実行中(2104)
2019/12/24 00:28:57 終了しました(2104)
2019/12/27 01:02:27 開始します(5048)
2019/12/27 01:02:27 非実行(5048)
2019/12/27 01:02:27 実行中(5048)
2019/12/27 01:02:31 終了しました(5048)
2020/02/25 11:55:15 開始します(8008)
2020/02/25 11:55:15 非実行(8008)
2020/02/25 11:55:15 実行中(8008)
2020/02/25 11:55:20 終了しました(8008)
2020/02/28 17:34:42 開始します(6876)
2020/02/28 17:34:42 非実行(6876)
2020/02/28 17:34:42 実行中(6876)
2020/02/28 17:34:46 終了しました(6876)
2020/03/04 21:23:44 開始します(8188)
2020/03/04 21:23:44 非実行(8188)
2020/03/04 21:23:44 実行中(8188)
2020/03/04 21:23:48 終了しました(8188)
2020/03/05 22:55:17 開始します(5984)
2020/03/05 22:55:17 非実行(5984)
2020/03/05 22:55:17 実行中(5984)
2020/03/05 22:55:21 終了しました(5984)
2020/03/07 07:01:52 開始します(4660)
2020/03/07 07:01:52 非実行(4660)
2020/03/07 07:01:52 実行中(4660)
2020/03/07 07:01:56 終了しました(4660)
2020/03/19 06:18:18 開始します(3136)
2020/03/19 06:18:18 非実行(3136)
2020/03/19 06:18:18 実行中(3136)
2020/03/19 06:18:22 終了しました(3136)
2020/03/19 16:23:19 開始します(7784)
2020/03/19 16:23:19 非実行(7784)
2020/03/19 16:23:19 実行中(7784)
2020/03/19 16:23:23 終了しました(7784)
2020/03/23 21:00:04 開始します(5380)
2020/03/23 21:00:04 非実行(5380)
2020/03/23 21:00:04 実行中(5380)
2020/03/23 21:00:08 終了しました(5380)
2020/04/28 04:08:03 開始します(7248)
2020/04/28 04:08:03 非実行(7248)
2020/04/28 04:08:03 実行中(7248)
2020/04/28 04:08:07 終了しました(7248)
2020/06/03 19:59:18 開始します(5196)
2020/06/03 19:59:18 非実行(5196)
2020/06/03 19:59:18 実行中(5196)
2020/06/03 19:59:23 終了しました(5196)
2020/06/10 07:14:27 開始します(3452)
2020/06/10 07:14:27 非実行(3452)
2020/06/10 07:14:27 実行中(3452)
2020/06/10 07:14:31 終了しました(3452)
2020/06/15 20:00:28 開始します(7412)
2020/06/15 20:00:28 非実行(7412)
2020/06/15 20:00:28 実行中(7412)
2020/06/15 20:00:33 終了しました(7412)
2020/06/19 07:03:14 開始します(7252)
2020/06/19 07:03:14 非実行(7252)
2020/06/19 07:03:14 実行中(7252)
2020/06/19 07:03:19 終了しました(7252)
2020/06/23 13:31:14 開始します(5908)
2020/06/23 13:31:14 非実行(5908)
2020/06/23 13:31:14 実行中(5908)
2020/06/23 13:31:18 終了しました(5908)
2020/07/09 16:32:07 開始します(6844)
2020/07/09 16:32:07 非実行(6844)
2020/07/09 16:32:07 実行中(6844)
2020/07/09 16:32:11 終了しました(6844)
2020/07/20 18:21:35 開始します(1112)
2020/07/20 18:21:35 非実行(1112)
2020/07/20 18:21:35 実行中(1112)
2020/07/20 18:21:39 終了しました(1112)
2020/08/20 15:28:19 開始します(6808)
2020/08/20 15:28:19 非実行(6808)
2020/08/20 15:28:19 実行中(6808)
2020/08/20 15:28:23 終了しました(6808)
2020/08/20 22:20:01 開始します(6872)
2020/08/20 22:20:01 非実行(6872)
2020/08/20 22:20:01 実行中(6872)
2020/08/20 22:20:05 終了しました(6872)
2020/08/24 13:22:42 開始します(6980)
2020/08/24 13:22:42 非実行(6980)
2020/08/24 13:22:42 実行中(6980)
2020/08/24 13:22:46 終了しました(6980)
2020/08/25 15:18:59 開始します(6288)
2020/08/25 15:18:59 非実行(6288)
2020/08/25 15:18:59 実行中(6288)
2020/08/25 15:19:03 終了しました(6288)
2020/08/26 17:29:23 開始します(6624)
2020/08/26 17:29:23 非実行(6624)
2020/08/26 17:29:23 実行中(6624)
2020/08/26 17:29:27 終了しました(6624)
2020/08/31 23:11:08 開始します(5572)
2020/08/31 23:11:08 非実行(5572)
2020/08/31 23:11:08 実行中(5572)
2020/08/31 23:11:13 終了しました(5572)
2020/09/02 00:25:40 開始します(5652)
2020/09/02 00:25:40 非実行(5652)
2020/09/02 00:25:40 実行中(5652)
2020/09/02 00:25:44 終了しました(5652)
2020/09/03 23:13:10 開始します(5576)
2020/09/03 23:13:10 非実行(5576)
2020/09/03 23:13:10 実行中(5576)
2020/09/03 23:13:14 終了しました(5576)
2020/09/04 15:44:48 開始します(4476)
2020/09/04 15:44:48 非実行(4476)
2020/09/04 15:44:48 実行中(4476)
2020/09/04 15:44:52 終了しました(4476)
2020/09/09 19:34:18 開始します(6352)
2020/09/09 19:34:18 非実行(6352)
2020/09/09 19:34:18 実行中(6352)
2020/09/09 19:34:22 終了しました(6352)
2020/09/14 14:12:27 開始します(6600)
2020/09/14 14:12:27 非実行(6600)
2020/09/14 14:12:27 実行中(6600)
2020/09/14 14:12:31 終了しました(6600)
2020/09/16 13:26:32 開始します(3572)
2020/09/16 13:26:32 非実行(3572)
2020/09/16 13:26:32 実行中(3572)
2020/09/16 13:26:36 終了しました(3572)
2020/09/25 12:49:38 開始します(4768)
2020/09/25 12:49:38 非実行(4768)
2020/09/25 12:49:38 実行中(4768)
2020/09/25 12:49:43 終了しました(4768)
2020/09/25 17:23:06 開始します(4032)
2020/09/25 17:23:06 非実行(4032)
2020/09/25 17:23:06 実行中(4032)
2020/09/25 17:23:10 終了しました(4032)
2020/09/29 16:48:52 開始します(4712)
2020/09/29 16:48:52 非実行(4712)
2020/09/29 16:48:52 実行中(4712)
2020/09/29 16:48:57 終了しました(4712)
2020/09/30 17:12:58 開始します(4512)
2020/09/30 17:12:58 非実行(4512)
2020/09/30 17:12:58 実行中(4512)
2020/09/30 17:13:02 終了しました(4512)
2020/10/01 18:12:24 開始します(1288)
2020/10/01 18:12:24 非実行(1288)
2020/10/01 18:12:24 実行中(1288)
2020/10/01 18:12:28 終了しました(1288)
2020/10/08 00:15:02 開始します(6028)
2020/10/08 00:15:02 非実行(6028)
2020/10/08 00:15:02 実行中(6028)
2020/10/08 00:15:06 終了しました(6028)
2020/10/14 16:18:00 開始します(9036)
2020/10/14 16:18:00 非実行(9036)
2020/10/14 16:18:00 実行中(9036)
2020/10/14 16:18:04 終了しました(9036)
2020/10/19 16:27:52 開始します(1348)
2020/10/19 16:27:52 非実行(1348)
2020/10/19 16:27:52 実行中(1348)
2020/10/19 16:27:56 終了しました(1348)
2020/10/23 21:07:10 開始します(9036)
2020/10/23 21:07:10 非実行(9036)
2020/10/23 21:07:10 実行中(9036)
2020/10/23 21:07:14 終了しました(9036)
2020/11/11 18:43:51 開始します(8600)
2020/11/11 18:43:51 非実行(8600)
2020/11/11 18:43:51 実行中(8600)
2020/11/11 18:43:55 終了しました(8600)
2020/11/12 19:40:44 開始します(4880)
2020/11/12 19:40:44 非実行(4880)
2020/11/12 19:40:44 実行中(4880)
2020/11/12 19:40:48 終了しました(4880)
2020/11/13 21:40:49 開始します(9620)
2020/11/13 21:40:49 非実行(9620)
2020/11/13 21:40:49 実行中(9620)
2020/11/13 21:40:54 終了しました(9620)
2020/11/16 19:34:18 開始します(3804)
2020/11/16 19:34:18 非実行(3804)
2020/11/16 19:34:18 実行中(3804)
2020/11/16 19:34:22 終了しました(3804)
2020/11/17 20:09:47 開始します(2216)
2020/11/17 20:09:47 非実行(2216)
2020/11/17 20:09:47 実行中(2216)
2020/11/17 20:09:51 終了しました(2216)
2020/11/19 19:02:47 開始します(9000)
2020/11/19 19:02:47 非実行(9000)
2020/11/19 19:02:47 実行中(9000)
2020/11/19 19:02:51 終了しました(9000)
2020/11/20 20:28:09 開始します(7668)
2020/11/20 20:28:09 非実行(7668)
2020/11/20 20:28:09 実行中(7668)
2020/11/20 20:28:13 終了しました(7668)
2020/11/24 17:45:34 開始します(1424)
2020/11/24 17:45:34 非実行(1424)
2020/11/24 17:45:34 実行中(1424)
2020/11/24 17:45:38 終了しました(1424)
2020/11/25 20:27:18 開始します(5612)
2020/11/25 20:27:18 非実行(5612)
2020/11/25 20:27:18 実行中(5612)
2020/11/25 20:27:22 終了しました(5612)
2020/11/26 19:33:32 開始します(9644)
2020/11/26 19:33:32 非実行(9644)
2020/11/26 19:33:32 実行中(9644)
2020/11/26 19:33:37 終了しました(9644)
2020/11/27 19:28:10 開始します(8000)
2020/11/27 19:28:10 非実行(8000)
2020/11/27 19:28:10 実行中(8000)
2020/11/27 19:28:14 終了しました(8000)
2020/12/01 19:55:01 開始します(8900)
2020/12/01 19:55:01 非実行(8900)
2020/12/01 19:55:01 実行中(8900)
2020/12/01 19:55:06 終了しました(8900)
2020/12/02 17:36:18 開始します(8908)
2020/12/02 17:36:18 非実行(8908)
2020/12/02 17:36:18 実行中(8908)
2020/12/02 17:36:22 終了しました(8908)
2020/12/03 18:19:35 開始します(9512)
2020/12/03 18:19:35 非実行(9512)
2020/12/03 18:19:35 実行中(9512)
2020/12/03 18:19:39 終了しました(9512)
2020/12/10 20:13:33 開始します(9120)
2020/12/10 20:13:33 非実行(9120)
2020/12/10 20:13:33 実行中(9120)
2020/12/10 20:13:37 終了しました(9120)
2021/01/12 22:21:10 開始します(8476)
2021/01/12 22:21:10 非実行(8476)
2021/01/12 22:21:10 実行中(8476)
2021/01/12 22:21:14 終了しました(8476)
2021/01/15 14:48:52 開始します(4880)
2021/01/15 14:48:52 非実行(4880)
2021/01/15 14:48:52 実行中(4880)
2021/01/15 14:48:56 終了しました(4880)
2021/01/18 14:46:00 開始します(7396)
2021/01/18 14:46:00 非実行(7396)
2021/01/18 14:46:00 実行中(7396)
2021/01/18 14:46:04 終了しました(7396)
2021/01/19 15:24:20 開始します(6220)
2021/01/19 15:24:20 非実行(6220)
2021/01/19 15:24:20 実行中(6220)
2021/01/19 15:24:24 終了しました(6220)
2021/01/21 14:24:30 開始します(5660)
2021/01/21 14:24:30 非実行(5660)
2021/01/21 14:24:30 実行中(5660)
2021/01/21 14:24:34 終了しました(5660)
2021/03/03 19:20:31 開始します(9928)
2021/03/03 19:20:31 非実行(9928)
2021/03/03 19:20:31 実行中(9928)
2021/03/03 19:20:35 終了しました(9928)
2021/03/04 18:14:18 開始します(6900)
2021/03/04 18:14:18 非実行(6900)
2021/03/04 18:14:18 実行中(6900)
2021/03/04 18:14:22 終了しました(6900)
2021/04/16 11:21:03 開始します(11012)
2021/04/16 11:21:03 非実行(11012)
2021/04/16 11:21:03 実行中(11012)
2021/04/16 11:21:07 終了しました(11012)
2021/04/19 22:51:46 開始します(6128)
2021/04/19 22:51:46 非実行(6128)
2021/04/19 22:51:46 実行中(6128)
2021/04/19 22:51:51 終了しました(6128)
2021/05/07 20:02:03 開始します(1588)
2021/05/07 20:02:03 非実行(1588)
2021/05/07 20:02:03 実行中(1588)
2021/05/07 20:02:07 終了しました(1588)
2021/05/10 23:25:54 開始します(7384)
2021/05/10 23:25:54 非実行(7384)
2021/05/10 23:25:54 実行中(7384)
2021/05/10 23:25:59 終了しました(7384)
2021/05/12 11:14:48 開始します(7044)
2021/05/12 11:14:48 非実行(7044)
2021/05/12 11:14:48 実行中(7044)
2021/05/12 11:14:52 終了しました(7044)
2021/05/17 19:04:48 開始します(6700)
2021/05/17 19:04:48 非実行(6700)
2021/05/17 19:04:48 実行中(6700)
2021/05/17 19:04:52 終了しました(6700)
2021/06/09 20:22:38 開始します(1516)
2021/06/09 20:22:38 非実行(1516)
2021/06/09 20:22:38 実行中(1516)
2021/06/09 20:22:43 終了しました(1516)
2021/08/03 15:54:56 開始します(3928)
2021/08/03 15:54:56 非実行(3928)
2021/08/03 15:54:56 実行中(3928)
2021/08/03 15:55:01 終了しました(3928)
2021/11/09 13:16:27 開始します(7036)
2021/11/09 13:16:27 非実行(7036)
2021/11/09 13:16:27 実行中(7036)
2021/11/09 13:16:32 終了しました(7036)
2021/11/16 06:30:57 開始します(4332)
2021/11/16 06:30:57 非実行(4332)
2021/11/16 06:30:57 実行中(4332)
2021/11/16 06:31:02 終了しました(4332)
2021/11/16 22:06:29 開始します(3920)
2021/11/16 22:06:29 非実行(3920)
2021/11/16 22:06:29 実行中(3920)
2021/11/16 22:06:34 終了しました(3920)
2021/11/17 21:32:24 開始します(5992)
2021/11/17 21:32:24 非実行(5992)
2021/11/17 21:32:24 実行中(5992)
2021/11/17 21:32:28 終了しました(5992)
2021/11/18 12:51:55 開始します(6828)
2021/11/18 12:51:55 非実行(6828)
2021/11/18 12:51:55 実行中(6828)
2021/11/18 12:51:59 終了しました(6828)
2021/11/18 20:28:56 開始します(4400)
2021/11/18 20:28:56 非実行(4400)
2021/11/18 20:28:56 実行中(4400)
2021/11/18 20:29:01 終了しました(4400)
2021/11/22 22:02:39 開始します(6308)
2021/11/22 22:02:39 非実行(6308)
2021/11/22 22:02:39 実行中(6308)
2021/11/22 22:02:44 終了しました(6308)
2022/02/21 22:00:30 開始します(2148)
2022/02/21 22:00:30 非実行(2148)
2022/02/21 22:00:30 実行中(2148)
2022/02/21 22:00:34 終了しました(2148)
2022/02/25 19:37:36 開始します(1648)
2022/02/25 19:37:36 非実行(1648)
2022/02/25 19:37:36 実行中(1648)
2022/02/25 19:37:40 終了しました(1648)
2022/03/04 17:26:47 開始します(6576)
2022/03/04 17:26:47 非実行(6576)
2022/03/04 17:26:47 実行中(6576)
2022/03/04 17:26:52 終了しました(6576)
2022/03/11 17:38:45 開始します(1316)
2022/03/11 17:38:45 非実行(1316)
2022/03/11 17:38:45 実行中(1316)
2022/03/11 17:38:50 終了しました(1316)
2022/03/23 17:14:49 開始します(5732)
2022/03/23 17:14:49 非実行(5732)
2022/03/23 17:14:49 実行中(5732)
2022/03/23 17:14:54 終了しました(5732)
2022/04/06 18:45:45 開始します(5628)
2022/04/06 18:45:45 非実行(5628)
2022/04/06 18:45:45 実行中(5628)
2022/04/06 18:45:50 終了しました(5628)
2022/04/12 21:57:35 開始します(4456)
2022/04/12 21:57:35 非実行(4456)
2022/04/12 21:57:35 実行中(4456)
2022/04/12 21:57:40 終了しました(4456)
2022/04/18 21:40:31 開始します(860)
2022/04/18 21:40:31 非実行(860)
2022/04/18 21:40:31 実行中(860)
2022/04/18 21:40:35 終了しました(860)
2022/04/25 21:49:55 開始します(2816)
2022/04/25 21:49:55 非実行(2816)
2022/04/25 21:49:55 実行中(2816)
2022/04/25 21:49:59 終了しました(2816)
2022/09/20 21:35:30 開始します(4860)
2022/09/20 21:35:30 非実行(4860)
2022/09/20 21:35:30 実行中(4860)
2022/09/20 21:35:35 終了しました(4860)
2022/09/21 18:27:15 開始します(4124)
2022/09/21 18:27:15 非実行(4124)
2022/09/21 18:27:15 実行中(4124)
2022/09/21 18:27:20 終了しました(4124)
2022/10/13 21:18:29 開始します(7216)
2022/10/13 21:18:29 非実行(7216)
2022/10/13 21:18:29 実行中(7216)
2022/10/13 21:18:33 終了しました(7216)
2022/12/19 17:44:38 開始します(7536)
2022/12/19 17:44:38 非実行(7536)
2022/12/19 17:44:38 実行中(7536)
2022/12/19 17:44:42 終了しました(7536)
2023/01/16 18:10:31 開始します(5608)
2023/01/16 18:10:31 非実行(5608)
2023/01/16 18:10:31 実行中(5608)
2023/01/16 18:10:36 終了しました(5608)
2023/01/18 00:20:35 開始します(1736)
2023/01/18 00:20:35 非実行(1736)
2023/01/18 00:20:35 実行中(1736)
2023/01/18 00:20:40 終了しました(1736)
2023/01/18 16:09:51 開始します(4352)
2023/01/18 16:09:51 非実行(4352)
2023/01/18 16:09:51 実行中(4352)
2023/01/18 16:09:55 終了しました(4352)
2023/01/24 15:27:52 開始します(6640)
2023/01/24 15:27:52 非実行(6640)
2023/01/24 15:27:52 実行中(6640)
2023/01/24 15:27:56 終了しました(6640)
2023/03/28 21:09:35 開始します(5664)
2023/03/28 21:09:35 非実行(5664)
2023/03/28 21:09:35 実行中(5664)
2023/03/28 21:09:40 終了しました(5664)
2023/04/25 19:43:48 開始します(1516)
2023/04/25 19:43:48 非実行(1516)
2023/04/25 19:43:48 実行中(1516)
2023/04/25 19:43:52 終了しました(1516)
2023/05/15 20:54:30 開始します(2384)
2023/05/15 20:54:30 非実行(2384)
2023/05/15 20:54:30 実行中(2384)
2023/05/15 20:54:35 終了しました(2384)
2023/05/16 19:08:25 開始します(6088)
2023/05/16 19:08:25 非実行(6088)
2023/05/16 19:08:25 実行中(6088)
2023/05/16 19:08:30 終了しました(6088)
2023/06/13 20:46:24 開始します(2872)
2023/06/13 20:46:24 非実行(2872)
2023/06/13 20:46:24 実行中(2872)
2023/06/13 20:46:28 終了しました(2872)
2023/09/08 19:46:17 開始します(5412)
2023/09/08 19:46:17 非実行(5412)
2023/09/08 19:46:17 実行中(5412)
2023/09/08 19:46:22 終了しました(5412)
2023/09/14 19:15:14 開始します(1964)
2023/09/14 19:15:14 非実行(1964)
2023/09/14 19:15:14 実行中(1964)
2023/09/14 19:15:19 終了しました(1964)
2023/09/28 21:00:53 開始します(3304)
2023/09/28 21:00:53 非実行(3304)
2023/09/28 21:00:53 実行中(3304)
2023/09/28 21:00:58 終了しました(3304)
2023/10/25 19:12:32 開始します(8052)
2023/10/25 19:12:32 非実行(8052)
2023/10/25 19:12:32 実行中(8052)
2023/10/25 19:12:36 終了しました(8052)
2024/01/29 21:22:04 開始します(4056)
2024/01/29 21:22:04 非実行(4056)
2024/01/29 21:22:04 実行中(4056)
2024/01/29 21:22:09 終了しました(4056)
2024/06/13 11:08:36 開始します(3956)
2024/06/13 11:08:36 非実行(3956)
2024/06/13 11:08:36 実行中(3956)
2024/06/13 11:08:37 終了しました(3956)
2024/06/13 11:11:32 開始します(5964)
2024/06/13 11:11:32 非実行(5964)
2024/06/13 11:11:32 実行中(5964)
2024/06/13 11:11:33 終了しました(5964)
2024/06/13 11:11:37 開始します(4032)
2024/06/13 11:11:37 非実行(4032)
2024/06/13 11:11:37 実行中(4032)
2024/06/13 11:11:37 終了しました(4032)
2024/06/13 11:11:41 開始します(4980)
2024/06/13 11:11:41 非実行(4980)
2024/06/13 11:11:41 実行中(4980)
2024/06/13 11:11:42 終了しました(4980)
2024/06/13 11:13:57 開始します(760)
2024/06/13 11:13:57 非実行(760)
2024/06/13 11:13:57 実行中(760)
2024/06/13 11:15:09 終了しました(760)
2024/06/13 11:27:23 開始します(6168)
2024/06/13 11:27:23 非実行(6168)
2024/06/13 11:27:23 実行中(6168)
2024/06/13 11:28:34 終了しました(6168)
2024/06/13 13:46:33 開始します(4304)
2024/06/13 13:46:33 非実行(4304)
2024/06/13 13:46:33 実行中(4304)
2024/06/13 13:46:51 終了しました(4304)
2024/06/13 13:47:34 開始します(5968)
2024/06/13 13:47:34 非実行(5968)
2024/06/13 13:47:34 実行中(5968)
2024/06/13 13:47:52 終了しました(5968)
2024/06/13 14:24:22 開始します(3952)
2024/06/13 14:24:22 非実行(3952)
2024/06/13 14:24:22 実行中(3952)
2024/06/13 14:24:28 終了しました(3952)
2024/06/13 14:30:23 開始します(504)
2024/06/13 14:30:23 非実行(504)
2024/06/13 14:30:23 実行中(504)
2024/06/13 14:30:27 終了しました(504)
2024/06/13 14:30:40 開始します(3248)
2024/06/13 14:30:40 非実行(3248)
2024/06/13 14:30:40 実行中(3248)
2024/06/13 14:31:00 終了しました(3248)
2024/06/13 14:40:50 開始します(6856)
2024/06/13 14:40:50 非実行(6856)
2024/06/13 14:40:50 実行中(6856)
2024/06/13 14:41:02 終了しました(6856)
2024/06/13 14:53:38 開始します(6632)
2024/06/13 14:53:38 非実行(6632)
2024/06/13 14:53:38 実行中(6632)
2024/06/13 14:53:54 終了しました(6632)
2024/06/13 14:55:28 開始します(5264)
2024/06/13 14:55:28 非実行(5264)
2024/06/13 14:55:28 実行中(5264)
2024/06/13 14:55:41 終了しました(5264)
2024/06/13 15:04:26 開始します(2728)
2024/06/13 15:04:26 非実行(2728)
2024/06/13 15:04:26 実行中(2728)
2024/06/13 15:04:57 終了しました(2728)
2024/06/13 15:06:00 開始します(6700)
2024/06/13 15:06:00 非実行(6700)
2024/06/13 15:06:00 実行中(6700)
2024/06/13 15:06:26 終了しました(6700)
2024/06/13 15:23:56 開始します(5240)
2024/06/13 15:23:56 非実行(5240)
2024/06/13 15:23:56 実行中(5240)
2024/06/13 15:24:16 終了しました(5240)
2024/06/13 15:29:21 開始します(1896)
2024/06/13 15:29:21 非実行(1896)
2024/06/13 15:29:21 実行中(1896)
2024/06/13 15:29:24 終了しました(1896)
2024/06/13 15:29:46 開始します(5588)
2024/06/13 15:29:46 非実行(5588)
2024/06/13 15:29:46 実行中(5588)
2024/06/13 15:31:10 終了しました(5588)
2024/06/13 15:45:28 開始します(2476)
2024/06/13 15:45:28 非実行(2476)
2024/06/13 15:45:28 実行中(2476)
2024/06/13 15:45:44 終了しました(2476)
2024/06/13 15:49:17 開始します(4148)
2024/06/13 15:49:17 非実行(4148)
2024/06/13 15:49:17 実行中(4148)
2024/06/13 15:49:20 終了しました(4148)
2024/06/13 15:50:08 開始します(6744)
2024/06/13 15:50:08 非実行(6744)
2024/06/13 15:50:08 実行中(6744)
2024/06/13 15:50:20 終了しました(6744)
2024/06/13 16:01:04 開始します(4784)
2024/06/13 16:01:04 非実行(4784)
2024/06/13 16:01:04 実行中(4784)
2024/06/13 16:14:35 終了しました(4784)
2024/06/13 16:15:24 開始します(7120)
2024/06/13 16:15:24 非実行(7120)
2024/06/13 16:15:24 実行中(7120)
2024/06/13 16:15:39 終了しました(7120)
2024/06/13 16:15:46 開始します(2516)
2024/06/13 16:15:46 非実行(2516)
2024/06/13 16:15:46 実行中(2516)
2024/06/13 16:20:01 終了しました(2516)
2024/06/13 16:21:14 開始します(6152)
2024/06/13 16:21:14 非実行(6152)
2024/06/13 16:21:14 実行中(6152)
2024/06/13 16:26:08 終了しました(6152)
2024/06/13 16:27:53 開始します(4020)
2024/06/13 16:27:53 非実行(4020)
2024/06/13 16:27:53 実行中(4020)
2024/06/13 16:30:47 終了しました(4020)
2024/06/13 16:31:20 開始します(6536)
2024/06/13 16:31:20 非実行(6536)
2024/06/13 16:31:20 実行中(6536)
2024/06/14 13:39:50 開始します(2240)
2024/06/14 13:39:50 確認するPID：5340
2024/06/14 13:39:50 実行結果：
2024/06/14 13:39:50 非実行(2240)
2024/06/14 13:39:50 実行中(2240)
2024/06/14 13:41:36 終了しました(2240)
2024/06/14 13:41:56 開始します(5652)
2024/06/14 13:41:56 非実行(5652)
2024/06/14 13:41:56 実行中(5652)
2024/06/14 13:43:42 終了しました(5652)
2024/06/14 13:45:40 開始します(2884)
2024/06/14 13:45:40 非実行(2884)
2024/06/14 13:45:40 実行中(2884)
2024/06/14 13:55:04 終了しました(2884)
2024/06/14 14:13:40 開始します(2440)
2024/06/14 14:13:40 非実行(2440)
2024/06/14 14:13:40 実行中(2440)
2024/06/14 14:14:53 終了しました(2440)
2024/06/14 14:16:11 開始します(8088)
2024/06/14 14:16:11 非実行(8088)
2024/06/14 14:16:11 実行中(8088)
2024/06/14 14:35:54 終了しました(8088)
2024/06/17 10:49:01 開始します(5780)
2024/06/17 10:49:01 非実行(5780)
2024/06/17 10:49:01 実行中(5780)
2024/06/17 10:55:48 終了しました(5780)
2024/06/17 10:58:56 開始します(6544)
2024/06/17 10:58:56 非実行(6544)
2024/06/17 10:58:56 実行中(6544)
2024/06/17 10:58:57 終了しました(6544)
2024/06/17 13:39:50 開始します(6556)
2024/06/17 13:39:50 非実行(6556)
2024/06/17 13:39:50 実行中(6556)
2024/06/17 13:39:50 終了しました(6556)
2024/06/17 13:43:53 開始します(7844)
2024/06/17 13:43:53 非実行(7844)
2024/06/17 13:43:53 実行中(7844)
2024/06/17 13:43:54 終了しました(7844)
2024/06/17 13:50:06 開始します(1200)
2024/06/17 13:50:06 非実行(1200)
2024/06/17 13:50:06 実行中(1200)
2024/06/17 13:50:08 終了しました(1200)
2024/06/17 13:52:52 開始します(5736)
2024/06/17 13:52:52 非実行(5736)
2024/06/17 13:52:52 実行中(5736)
2024/06/17 13:52:54 終了しました(5736)
2024/06/17 14:41:34 開始します(5728)
2024/06/17 14:41:34 非実行(5728)
2024/06/17 14:41:34 実行中(5728)
2024/06/17 14:41:35 終了しました(5728)
2024/06/17 14:42:34 開始します(5668)
2024/06/17 14:42:34 非実行(5668)
2024/06/17 14:42:34 実行中(5668)
2024/06/17 14:42:35 終了しました(5668)
2024/06/17 15:13:14 開始します(2948)
2024/06/17 15:13:14 非実行(2948)
2024/06/17 15:13:14 実行中(2948)
2024/06/17 15:13:15 終了しました(2948)
2024/06/17 15:16:31 開始します(6340)
2024/06/17 15:16:31 非実行(6340)
2024/06/17 15:16:31 実行中(6340)
2024/06/17 15:16:33 終了しました(6340)
2024/08/16 09:46:37 開始します(8112)
2024/08/16 09:46:37 非実行(8112)
2024/08/16 09:46:37 実行中(8112)
2024/08/16 09:46:44 終了しました(8112)
2024/08/23 12:34:37 開始します(6456)
2024/08/23 12:34:37 非実行(6456)
2024/08/23 12:34:37 実行中(6456)
2024/08/23 12:34:40 終了しました(6456)
2024/08/27 14:59:25 開始します(9312)
2024/08/27 14:59:25 非実行(9312)
2024/08/27 14:59:25 実行中(9312)
2024/08/27 14:59:27 終了しました(9312)
2024/09/12 04:49:24 開始します(2788)
2024/09/12 04:49:24 非実行(2788)
2024/09/12 04:49:24 実行中(2788)
2024/09/12 04:49:38 終了しました(2788)
2024/09/18 12:12:35 開始します(12632)
2024/09/18 12:12:35 非実行(12632)
2024/09/18 12:12:35 実行中(12632)
2024/09/18 12:12:38 終了しました(12632)
2024/09/18 22:17:12 開始します(12104)
2024/09/18 22:17:12 非実行(12104)
2024/09/18 22:17:12 実行中(12104)
2024/09/18 22:17:14 終了しました(12104)
2024/09/20 05:09:00 開始します(1432)
2024/09/20 05:09:00 非実行(1432)
2024/09/20 05:09:00 実行中(1432)
2024/09/20 05:09:03 終了しました(1432)
2024/09/23 10:05:06 開始します(10284)
2024/09/23 10:05:06 非実行(10284)
2024/09/23 10:05:06 実行中(10284)
2024/09/23 10:05:09 終了しました(10284)
2024/09/26 13:29:44 開始します(5956)
2024/09/26 13:29:44 非実行(5956)
2024/09/26 13:29:44 実行中(5956)
2024/09/26 13:29:47 終了しました(5956)
2024/09/28 14:16:27 開始します(3296)
2024/09/28 14:16:27 非実行(3296)
2024/09/28 14:16:27 実行中(3296)
2024/09/28 14:16:30 終了しました(3296)
2024/09/29 13:28:08 開始します(11544)
2024/09/29 13:28:08 非実行(11544)
2024/09/29 13:28:08 実行中(11544)
2024/09/29 13:28:11 終了しました(11544)
2024/10/02 04:32:31 開始します(8436)
2024/10/02 04:32:31 非実行(8436)
2024/10/02 04:32:31 実行中(8436)
2024/10/02 04:32:34 終了しました(8436)
2024/10/03 07:09:23 開始します(5320)
2024/10/03 07:09:23 非実行(5320)
2024/10/03 07:09:23 実行中(5320)
2024/10/03 07:09:26 終了しました(5320)
2024/10/05 11:40:06 開始します(1436)
2024/10/05 11:40:06 非実行(1436)
2024/10/05 11:40:06 実行中(1436)
2024/10/05 11:40:09 終了しました(1436)
2024/10/08 09:00:14 開始します(11112)
2024/10/08 09:00:14 非実行(11112)
2024/10/08 09:00:14 実行中(11112)
2024/10/08 09:00:17 終了しました(11112)
2024/10/09 08:22:33 開始します(12536)
2024/10/09 08:22:33 非実行(12536)
2024/10/09 08:22:33 実行中(12536)
2024/10/09 08:22:35 終了しました(12536)
2024/10/10 09:00:43 開始します(2232)
2024/10/10 09:00:43 非実行(2232)
2024/10/10 09:00:43 実行中(2232)
2024/10/10 09:00:46 終了しました(2232)
2024/10/11 08:07:51 開始します(4440)
2024/10/11 08:07:51 非実行(4440)
2024/10/11 08:07:51 実行中(4440)
2024/10/11 08:07:53 終了しました(4440)
2024/10/13 11:29:45 開始します(4696)
2024/10/13 11:29:45 非実行(4696)
2024/10/13 11:29:45 実行中(4696)
2024/10/13 11:29:54 終了しました(4696)
2024/10/16 10:30:24 開始します(6180)
2024/10/16 10:30:24 非実行(6180)
2024/10/16 10:30:24 実行中(6180)
2024/10/16 10:30:28 終了しました(6180)
2024/10/17 07:36:16 開始します(784)
2024/10/17 07:36:16 非実行(784)
2024/10/17 07:36:16 実行中(784)
2024/10/17 07:36:19 終了しました(784)
2024/10/18 13:44:56 開始します(5232)
2024/10/18 13:44:56 非実行(5232)
2024/10/18 13:44:56 実行中(5232)
2024/10/18 13:45:00 終了しました(5232)
2024/10/19 08:35:24 開始します(7608)
2024/10/19 08:35:24 非実行(7608)
2024/10/19 08:35:24 実行中(7608)
2024/10/19 08:35:27 終了しました(7608)
2024/10/22 06:41:30 開始します(8728)
2024/10/22 06:41:30 非実行(8728)
2024/10/22 06:41:30 実行中(8728)
2024/10/22 06:41:33 終了しました(8728)
2024/10/23 06:33:39 開始します(5108)
2024/10/23 06:33:39 非実行(5108)
2024/10/23 06:33:39 実行中(5108)
2024/10/23 06:33:42 終了しました(5108)
2024/10/24 06:45:57 開始します(8936)
2024/10/24 06:45:57 非実行(8936)
2024/10/24 06:45:57 実行中(8936)
2024/10/24 06:46:00 終了しました(8936)
2024/10/25 09:57:59 開始します(2704)
2024/10/25 09:57:59 非実行(2704)
2024/10/25 09:57:59 実行中(2704)
2024/10/25 09:58:11 終了しました(2704)
2024/10/27 19:34:39 開始します(5028)
2024/10/27 19:34:39 非実行(5028)
2024/10/27 19:34:39 実行中(5028)
2024/10/27 19:34:47 終了しました(5028)
2024/10/29 05:08:31 開始します(3600)
2024/10/29 05:08:31 非実行(3600)
2024/10/29 05:08:31 実行中(3600)
2024/10/29 05:08:39 終了しました(3600)
2024/10/30 03:25:58 開始します(7864)
2024/10/30 03:25:58 非実行(7864)
2024/10/30 03:25:58 実行中(7864)
2024/10/30 03:26:01 終了しました(7864)
2024/10/31 02:52:40 開始します(7840)
2024/10/31 02:52:40 非実行(7840)
2024/10/31 02:52:40 実行中(7840)
2024/10/31 02:52:43 終了しました(7840)
2024/11/01 04:24:33 開始します(5568)
2024/11/01 04:24:33 非実行(5568)
2024/11/01 04:24:33 実行中(5568)
2024/11/01 04:24:36 終了しました(5568)
2024/11/04 02:21:30 開始します(7236)
2024/11/04 02:21:30 非実行(7236)
2024/11/04 02:21:30 実行中(7236)
2024/11/04 02:21:33 終了しました(7236)
2024/11/06 02:50:10 開始します(8036)
2024/11/06 02:50:10 非実行(8036)
2024/11/06 02:50:10 実行中(8036)
2024/11/06 02:50:19 終了しました(8036)
2024/11/07 12:23:28 開始します(7048)
2024/11/07 12:23:28 非実行(7048)
2024/11/07 12:23:28 実行中(7048)
2024/11/07 12:23:31 終了しました(7048)
2024/11/08 11:43:18 開始します(2556)
2024/11/08 11:43:18 非実行(2556)
2024/11/08 11:43:18 実行中(2556)
2024/11/08 11:43:21 終了しました(2556)
2024/11/09 13:21:10 開始します(7828)
2024/11/09 13:21:10 非実行(7828)
2024/11/09 13:21:10 実行中(7828)
2024/11/09 13:21:14 終了しました(7828)
2024/11/12 09:43:56 開始します(7600)
2024/11/12 09:43:56 非実行(7600)
2024/11/12 09:43:56 実行中(7600)
2024/11/12 09:43:59 終了しました(7600)
2024/11/13 12:42:02 開始します(5924)
2024/11/13 12:42:02 非実行(5924)
2024/11/13 12:42:02 実行中(5924)
2024/11/13 12:42:11 終了しました(5924)
2024/11/14 13:32:44 開始します(5720)
2024/11/14 13:32:44 非実行(5720)
2024/11/14 13:32:44 実行中(5720)
2024/11/14 13:32:53 終了しました(5720)
2024/11/15 13:32:39 開始します(4520)
2024/11/15 13:32:39 非実行(4520)
2024/11/15 13:32:39 実行中(4520)
2024/11/15 13:32:42 終了しました(4520)
2024/11/17 12:06:11 開始します(2500)
2024/11/17 12:06:11 非実行(2500)
2024/11/17 12:06:11 実行中(2500)
2024/11/17 12:06:20 終了しました(2500)
2024/11/19 14:18:45 開始します(7432)
2024/11/19 14:18:45 非実行(7432)
2024/11/19 14:18:45 実行中(7432)
2024/11/19 14:18:54 終了しました(7432)
2024/11/21 03:28:26 開始します(1992)
2024/11/21 03:28:26 非実行(1992)
2024/11/21 03:28:26 実行中(1992)
2024/11/21 03:28:29 終了しました(1992)
2024/11/22 18:04:39 開始します(8576)
2024/11/22 18:04:39 非実行(8576)
2024/11/22 18:04:39 実行中(8576)
2024/11/22 18:04:42 終了しました(8576)
2024/12/05 06:22:34 開始します(7256)
2024/12/05 06:22:34 非実行(7256)
2024/12/05 06:22:34 実行中(7256)
2024/12/05 06:22:37 終了しました(7256)
2024/12/06 08:43:37 開始します(8344)
2024/12/06 08:43:37 非実行(8344)
2024/12/06 08:43:37 実行中(8344)
2024/12/06 08:43:40 終了しました(8344)
2024/12/09 19:32:45 開始します(4252)
2024/12/09 19:32:45 非実行(4252)
2024/12/09 19:32:45 実行中(4252)
2024/12/09 19:32:54 終了しました(4252)
2024/12/11 11:04:18 開始します(2196)
2024/12/11 11:04:18 非実行(2196)
2024/12/11 11:04:18 実行中(2196)
2024/12/11 11:04:21 終了しました(2196)
2024/12/13 08:36:17 開始します(5164)
2024/12/13 08:36:17 非実行(5164)
2024/12/13 08:36:17 実行中(5164)
2024/12/13 08:36:27 終了しました(5164)
2024/12/16 09:14:20 開始します(7532)
2024/12/16 09:14:20 非実行(7532)
2024/12/16 09:14:20 実行中(7532)
2024/12/16 09:14:30 終了しました(7532)
2024/12/17 12:07:27 開始します(1104)
2024/12/17 12:07:27 非実行(1104)
2024/12/17 12:07:27 実行中(1104)
2024/12/17 12:07:30 終了しました(1104)
2024/12/18 13:37:21 開始します(9796)
2024/12/18 13:37:21 非実行(9796)
2024/12/18 13:37:21 実行中(9796)
2024/12/18 13:37:30 終了しました(9796)
2024/12/20 17:11:49 開始します(5172)
2024/12/20 17:11:49 非実行(5172)
2024/12/20 17:11:49 実行中(5172)
2024/12/20 17:11:53 終了しました(5172)
2024/12/21 15:23:43 開始します(6412)
2024/12/21 15:23:43 非実行(6412)
2024/12/21 15:23:43 実行中(6412)
2024/12/21 15:23:46 終了しました(6412)
2024/12/22 18:02:22 開始します(9100)
2024/12/22 18:02:22 非実行(9100)
2024/12/22 18:02:22 実行中(9100)
2024/12/22 18:02:25 終了しました(9100)
2024/12/24 10:20:08 開始します(6300)
2024/12/24 10:20:08 非実行(6300)
2024/12/24 10:20:08 実行中(6300)
2024/12/24 10:20:11 終了しました(6300)
2024/12/27 06:27:27 開始します(4336)
2024/12/27 06:27:27 非実行(4336)
2024/12/27 06:27:27 実行中(4336)
2024/12/27 06:27:36 終了しました(4336)
2025/02/05 06:54:07 開始します(4368)
2025/02/05 06:54:07 非実行(4368)
2025/02/05 06:54:07 実行中(4368)
2025/02/05 06:54:15 終了しました(4368)
2025/02/06 09:50:21 開始します(3992)
2025/02/06 09:50:21 非実行(3992)
2025/02/06 09:50:21 実行中(3992)
2025/02/06 09:50:31 終了しました(3992)
2025/02/08 05:04:24 開始します(6800)
2025/02/08 05:04:24 非実行(6800)
2025/02/08 05:04:24 実行中(6800)
2025/02/08 05:04:34 終了しました(6800)
2025/02/11 05:53:48 開始します(6728)
2025/02/11 05:53:48 非実行(6728)
2025/02/11 05:53:48 実行中(6728)
2025/02/11 05:53:56 終了しました(6728)
2025/02/14 02:43:16 開始します(9756)
2025/02/14 02:43:16 非実行(9756)
2025/02/14 02:43:16 実行中(9756)
2025/02/14 02:43:25 終了しました(9756)
2025/02/14 20:50:28 開始します(2940)
2025/02/14 20:50:28 非実行(2940)
2025/02/14 20:50:28 実行中(2940)
2025/02/14 20:50:37 終了しました(2940)
2025/02/15 20:05:07 開始します(10556)
2025/02/15 20:05:07 非実行(10556)
2025/02/15 20:05:07 実行中(10556)
2025/02/15 20:05:16 終了しました(10556)
2025/02/19 07:40:33 開始します(4848)
2025/02/19 07:40:33 非実行(4848)
2025/02/19 07:40:33 実行中(4848)
2025/02/19 07:40:41 終了しました(4848)
2025/02/19 16:51:09 開始します(5700)
2025/02/19 16:51:09 非実行(5700)
2025/02/19 16:51:09 実行中(5700)
2025/02/19 16:51:18 終了しました(5700)
2025/02/20 04:33:37 開始します(7380)
2025/02/20 04:33:37 非実行(7380)
2025/02/20 04:33:37 実行中(7380)
2025/02/20 04:33:46 終了しました(7380)
2025/02/21 10:34:27 開始します(2264)
2025/02/21 10:34:27 非実行(2264)
2025/02/21 10:34:27 実行中(2264)
2025/02/21 10:34:31 終了しました(2264)
2025/02/22 08:39:22 開始します(9924)
2025/02/22 08:39:22 非実行(9924)
2025/02/22 08:39:22 実行中(9924)
2025/02/22 08:39:23 終了しました(9924)
2025/02/23 10:04:19 開始します(6820)
2025/02/23 10:04:19 非実行(6820)
2025/02/23 10:04:19 実行中(6820)
2025/02/23 10:04:20 終了しました(6820)
2025/02/27 08:34:25 開始します(10604)
2025/02/27 08:34:25 非実行(10604)
2025/02/27 08:34:25 実行中(10604)
2025/02/27 08:34:29 終了しました(10604)
2025/02/27 17:25:43 開始します(10304)
2025/02/27 17:25:43 非実行(10304)
2025/02/27 17:25:43 実行中(10304)
2025/02/27 17:25:46 終了しました(10304)
2025/02/28 05:11:19 開始します(8524)
2025/02/28 05:11:19 非実行(8524)
2025/02/28 05:11:19 実行中(8524)
2025/02/28 05:11:23 終了しました(8524)
2025/03/01 04:58:32 開始します(5368)
2025/03/01 04:58:32 非実行(5368)
2025/03/01 04:58:32 実行中(5368)
2025/03/01 04:58:35 終了しました(5368)
2025/03/08 06:50:02 開始します(10076)
2025/03/08 06:50:02 非実行(10076)
2025/03/08 06:50:02 実行中(10076)
2025/03/08 06:50:12 終了しました(10076)
2025/03/09 06:50:02 開始します(8316)
2025/03/09 06:50:02 非実行(8316)
2025/03/09 06:50:02 実行中(8316)
2025/03/09 06:50:03 終了しました(8316)
2025/03/10 06:50:02 開始します(7408)
2025/03/10 06:50:02 非実行(7408)
2025/03/10 06:50:02 実行中(7408)
2025/03/10 06:50:03 終了しました(7408)
2025/03/11 06:50:02 開始します(10856)
2025/03/11 06:50:02 非実行(10856)
2025/03/11 06:50:02 実行中(10856)
2025/03/11 06:50:05 終了しました(10856)
2025/03/12 06:50:02 開始します(5604)
2025/03/12 06:50:02 非実行(5604)
2025/03/12 06:50:02 実行中(5604)
2025/03/12 06:50:05 終了しました(5604)
2025/03/13 06:50:02 開始します(2976)
2025/03/13 06:50:02 非実行(2976)
2025/03/13 06:50:02 実行中(2976)
2025/03/13 06:50:11 終了しました(2976)
2025/03/14 06:50:02 開始します(8648)
2025/03/14 06:50:02 非実行(8648)
2025/03/14 06:50:02 実行中(8648)
2025/03/14 06:50:05 終了しました(8648)
2025/03/15 06:50:02 開始します(3424)
2025/03/15 06:50:02 非実行(3424)
2025/03/15 06:50:02 実行中(3424)
2025/03/15 06:50:05 終了しました(3424)
2025/03/16 06:50:02 開始します(8168)
2025/03/16 06:50:02 非実行(8168)
2025/03/16 06:50:02 実行中(8168)
2025/03/16 06:50:11 終了しました(8168)
2025/03/17 06:50:02 開始します(8824)
2025/03/17 06:50:02 非実行(8824)
2025/03/17 06:50:02 実行中(8824)
2025/03/17 06:50:11 終了しました(8824)
2025/03/18 06:50:02 開始します(10628)
2025/03/18 06:50:02 非実行(10628)
2025/03/18 06:50:02 実行中(10628)
2025/03/18 06:50:05 終了しました(10628)
2025/03/19 06:50:02 開始します(10560)
2025/03/19 06:50:02 非実行(10560)
2025/03/19 06:50:02 実行中(10560)
2025/03/19 06:50:05 終了しました(10560)
2025/03/20 06:50:02 開始します(11076)
2025/03/20 06:50:02 非実行(11076)
2025/03/20 06:50:02 実行中(11076)
2025/03/20 06:50:12 終了しました(11076)
2025/03/21 06:50:02 開始します(5068)
2025/03/21 06:50:02 非実行(5068)
2025/03/21 06:50:02 実行中(5068)
2025/03/21 06:50:12 終了しました(5068)
2025/03/22 06:50:02 開始します(332)
2025/03/22 06:50:02 非実行(332)
2025/03/22 06:50:02 実行中(332)
2025/03/22 06:50:12 終了しました(332)
2025/03/23 06:50:01 開始します(5012)
2025/03/23 06:50:01 非実行(5012)
2025/03/23 06:50:01 実行中(5012)
2025/03/23 06:50:11 終了しました(5012)
2025/03/24 06:50:01 開始します(7484)
2025/03/24 06:50:01 非実行(7484)
2025/03/24 06:50:01 実行中(7484)
2025/03/24 06:50:05 終了しました(7484)
2025/03/25 06:50:01 開始します(5480)
2025/03/25 06:50:01 非実行(5480)
2025/03/25 06:50:01 実行中(5480)
2025/03/25 06:50:10 終了しました(5480)
2025/03/26 06:50:01 開始します(11504)
2025/03/26 06:50:01 非実行(11504)
2025/03/26 06:50:01 実行中(11504)
2025/03/26 06:50:04 終了しました(11504)
2025/03/27 06:50:01 開始します(7472)
2025/03/27 06:50:01 非実行(7472)
2025/03/27 06:50:01 実行中(7472)
2025/03/27 06:50:04 終了しました(7472)
2025/03/28 06:50:01 開始します(3104)
2025/03/28 06:50:01 非実行(3104)
2025/03/28 06:50:01 実行中(3104)
2025/03/28 06:50:05 終了しました(3104)
2025/03/29 06:50:01 開始します(740)
2025/03/29 06:50:01 非実行(740)
2025/03/29 06:50:01 実行中(740)
2025/03/29 06:50:11 終了しました(740)
2025/03/30 06:50:01 開始します(8156)
2025/03/30 06:50:01 非実行(8156)
2025/03/30 06:50:01 実行中(8156)
2025/03/30 06:50:04 終了しました(8156)
2025/03/31 06:50:01 開始します(1140)
2025/03/31 06:50:01 非実行(1140)
2025/03/31 06:50:01 実行中(1140)
2025/03/31 06:50:04 終了しました(1140)
2025/04/01 06:50:01 開始します(6216)
2025/04/01 06:50:01 非実行(6216)
2025/04/01 06:50:01 実行中(6216)
2025/04/01 06:50:11 終了しました(6216)
2025/04/02 06:50:01 開始します(8800)
2025/04/02 06:50:01 非実行(8800)
2025/04/02 06:50:01 実行中(8800)
2025/04/02 06:50:11 終了しました(8800)
2025/04/03 06:50:01 開始します(4056)
2025/04/03 06:50:01 非実行(4056)
2025/04/03 06:50:01 実行中(4056)
2025/04/03 06:50:11 終了しました(4056)
2025/04/04 06:50:01 開始します(7552)
2025/04/04 06:50:01 非実行(7552)
2025/04/04 06:50:01 実行中(7552)
2025/04/04 06:50:04 終了しました(7552)
2025/04/05 06:50:01 開始します(8764)
2025/04/05 06:50:01 非実行(8764)
2025/04/05 06:50:01 実行中(8764)
2025/04/05 06:50:04 終了しました(8764)
2025/04/06 06:50:01 開始します(208)
2025/04/06 06:50:01 非実行(208)
2025/04/06 06:50:01 実行中(208)
2025/04/06 06:50:12 終了しました(208)
2025/04/07 06:50:01 開始します(6512)
2025/04/07 06:50:01 非実行(6512)
2025/04/07 06:50:01 実行中(6512)
2025/04/07 06:50:04 終了しました(6512)
2025/04/08 06:50:01 開始します(5756)
2025/04/08 06:50:01 非実行(5756)
2025/04/08 06:50:01 実行中(5756)
2025/04/08 06:50:04 終了しました(5756)
2025/04/09 06:50:01 開始します(11856)
2025/04/09 06:50:01 非実行(11856)
2025/04/09 06:50:01 実行中(11856)
2025/04/09 06:50:11 終了しました(11856)
2025/04/10 06:50:01 開始します(10684)
2025/04/10 06:50:01 非実行(10684)
2025/04/10 06:50:01 実行中(10684)
2025/04/10 06:50:05 終了しました(10684)
2025/04/11 06:50:01 開始します(10564)
2025/04/11 06:50:01 非実行(10564)
2025/04/11 06:50:01 実行中(10564)
2025/04/11 06:50:11 終了しました(10564)
2025/04/12 06:50:01 開始します(3788)
2025/04/12 06:50:01 非実行(3788)
2025/04/12 06:50:01 実行中(3788)
2025/04/12 06:50:12 終了しました(3788)
2025/04/13 06:50:01 開始します(8216)
2025/04/13 06:50:01 非実行(8216)
2025/04/13 06:50:01 実行中(8216)
2025/04/13 06:50:05 終了しました(8216)
2025/04/14 06:50:01 開始します(9024)
2025/04/14 06:50:01 非実行(9024)
2025/04/14 06:50:01 実行中(9024)
2025/04/14 06:50:04 終了しました(9024)
2025/04/15 06:50:01 開始します(7612)
2025/04/15 06:50:01 非実行(7612)
2025/04/15 06:50:01 実行中(7612)
2025/04/15 06:50:05 終了しました(7612)
2025/04/16 06:50:01 開始します(8352)
2025/04/16 06:50:01 非実行(8352)
2025/04/16 06:50:01 実行中(8352)
2025/04/16 06:50:12 終了しました(8352)
2025/04/17 06:50:01 開始します(6528)
2025/04/17 06:50:01 非実行(6528)
2025/04/17 06:50:01 実行中(6528)
2025/04/17 06:50:11 終了しました(6528)
2025/04/18 06:50:02 開始します(428)
2025/04/18 06:50:02 非実行(428)
2025/04/18 06:50:02 実行中(428)
2025/04/18 06:50:05 終了しました(428)
2025/04/19 06:50:01 開始します(4816)
2025/04/19 06:50:01 非実行(4816)
2025/04/19 06:50:01 実行中(4816)
2025/04/19 06:50:12 終了しました(4816)
2025/04/20 06:50:01 開始します(2396)
2025/04/20 06:50:01 非実行(2396)
2025/04/20 06:50:01 実行中(2396)
2025/04/20 06:50:12 終了しました(2396)
2025/04/21 06:50:01 開始します(2040)
2025/04/21 06:50:01 非実行(2040)
2025/04/21 06:50:01 実行中(2040)
2025/04/21 06:50:05 終了しました(2040)
2025/04/22 06:50:02 開始します(2500)
2025/04/22 06:50:02 非実行(2500)
2025/04/22 06:50:02 実行中(2500)
2025/04/22 06:50:12 終了しました(2500)
2025/04/23 06:50:01 開始します(1780)
2025/04/23 06:50:01 非実行(1780)
2025/04/23 06:50:01 実行中(1780)
2025/04/23 06:50:12 終了しました(1780)
2025/04/24 06:50:01 開始します(2820)
2025/04/24 06:50:01 非実行(2820)
2025/04/24 06:50:01 実行中(2820)
2025/04/24 06:50:05 終了しました(2820)
2025/04/25 06:50:01 開始します(3792)
2025/04/25 06:50:01 非実行(3792)
2025/04/25 06:50:01 実行中(3792)
2025/04/25 06:50:05 終了しました(3792)
2025/04/26 06:50:01 開始します(3316)
2025/04/26 06:50:01 非実行(3316)
2025/04/26 06:50:01 実行中(3316)
2025/04/26 06:50:12 終了しました(3316)
2025/04/27 06:50:01 開始します(5896)
2025/04/27 06:50:01 非実行(5896)
2025/04/27 06:50:01 実行中(5896)
2025/04/27 06:50:05 終了しました(5896)
2025/04/28 06:50:02 開始します(2244)
2025/04/28 06:50:02 非実行(2244)
2025/04/28 06:50:02 実行中(2244)
2025/04/28 06:50:12 終了しました(2244)
2025/04/29 06:50:01 開始します(1268)
2025/04/29 06:50:01 非実行(1268)
2025/04/29 06:50:01 実行中(1268)
2025/04/29 06:50:05 終了しました(1268)
2025/04/30 06:50:01 開始します(4176)
2025/04/30 06:50:01 非実行(4176)
2025/04/30 06:50:01 実行中(4176)
2025/04/30 06:50:05 終了しました(4176)
2025/05/01 06:50:01 開始します(760)
2025/05/01 06:50:01 非実行(760)
2025/05/01 06:50:01 実行中(760)
2025/05/01 06:50:05 終了しました(760)
2025/05/02 06:50:01 開始します(3556)
2025/05/02 06:50:01 非実行(3556)
2025/05/02 06:50:01 実行中(3556)
2025/05/02 06:50:05 終了しました(3556)
2025/05/03 06:50:02 開始します(5248)
2025/05/03 06:50:02 非実行(5248)
2025/05/03 06:50:02 実行中(5248)
2025/05/03 06:50:05 終了しました(5248)
2025/05/04 06:50:01 開始します(4460)
2025/05/04 06:50:01 非実行(4460)
2025/05/04 06:50:01 実行中(4460)
2025/05/04 06:50:05 終了しました(4460)
2025/05/05 06:50:01 開始します(5716)
2025/05/05 06:50:01 非実行(5716)
2025/05/05 06:50:01 実行中(5716)
2025/05/05 06:50:05 終了しました(5716)
2025/05/06 06:50:01 開始します(876)
2025/05/06 06:50:01 非実行(876)
2025/05/06 06:50:01 実行中(876)
2025/05/06 06:50:05 終了しました(876)
2025/05/07 06:50:01 開始します(5624)
2025/05/07 06:50:01 非実行(5624)
2025/05/07 06:50:01 実行中(5624)
2025/05/07 06:50:05 終了しました(5624)
2025/05/08 06:50:01 開始します(4076)
2025/05/08 06:50:01 非実行(4076)
2025/05/08 06:50:01 実行中(4076)
2025/05/08 06:50:05 終了しました(4076)
2025/05/09 06:50:01 開始します(1352)
2025/05/09 06:50:01 非実行(1352)
2025/05/09 06:50:01 実行中(1352)
2025/05/09 06:50:13 終了しました(1352)
2025/05/09 16:31:14 開始します(7780)
2025/05/09 16:31:14 非実行(7780)
2025/05/09 16:31:14 実行中(7780)
2025/05/09 16:31:26 終了しました(7780)
2025/05/09 16:40:17 開始します(7636)
2025/05/09 16:40:17 非実行(7636)
2025/05/09 16:40:17 実行中(7636)
2025/05/09 16:40:30 終了しました(7636)
2025/05/10 06:50:01 開始します(6020)
2025/05/10 06:50:01 非実行(6020)
2025/05/10 06:50:01 実行中(6020)
2025/05/10 06:50:13 終了しました(6020)
2025/05/13 11:28:11 開始します(6528)
2025/05/13 11:28:11 非実行(6528)
2025/05/13 11:28:11 実行中(6528)
2025/05/13 11:28:14 終了しました(6528)
2025/05/14 06:50:01 開始します(5796)
2025/05/14 06:50:01 非実行(5796)
2025/05/14 06:50:01 実行中(5796)
2025/05/14 06:50:05 終了しました(5796)
2025/05/15 06:50:01 開始します(4048)
2025/05/15 06:50:01 非実行(4048)
2025/05/15 06:50:01 実行中(4048)
2025/05/15 06:50:05 終了しました(4048)
2025/05/16 06:50:01 開始します(2572)
2025/05/16 06:50:01 非実行(2572)
2025/05/16 06:50:01 実行中(2572)
2025/05/16 06:50:05 終了しました(2572)
2025/05/17 06:50:01 開始します(5244)
2025/05/17 06:50:01 非実行(5244)
2025/05/17 06:50:01 実行中(5244)
2025/05/17 06:50:05 終了しました(5244)
2025/05/18 06:50:01 開始します(1068)
2025/05/18 06:50:01 非実行(1068)
2025/05/18 06:50:01 実行中(1068)
2025/05/18 06:50:05 終了しました(1068)
2025/05/19 06:50:01 開始します(3612)
2025/05/19 06:50:01 非実行(3612)
2025/05/19 06:50:01 実行中(3612)
2025/05/19 06:50:05 終了しました(3612)
2025/05/20 06:50:01 開始します(5684)
2025/05/20 06:50:01 非実行(5684)
2025/05/20 06:50:01 実行中(5684)
2025/05/20 06:50:05 終了しました(5684)
2025/05/21 06:50:01 開始します(3932)
2025/05/21 06:50:01 非実行(3932)
2025/05/21 06:50:01 実行中(3932)
2025/05/21 06:50:05 終了しました(3932)
2025/05/22 06:50:01 開始します(3372)
2025/05/22 06:50:01 非実行(3372)
2025/05/22 06:50:01 実行中(3372)
2025/05/22 06:50:05 終了しました(3372)
2025/05/23 06:50:00 開始します(4704)
2025/05/23 06:50:00 非実行(4704)
2025/05/23 06:50:00 実行中(4704)
2025/05/23 06:50:03 終了しました(4704)
2025/05/24 06:50:00 開始します(3644)
2025/05/24 06:50:00 非実行(3644)
2025/05/24 06:50:00 実行中(3644)
2025/05/24 06:50:03 終了しました(3644)
2025/05/25 06:49:59 開始します(5840)
2025/05/25 06:49:59 非実行(5840)
2025/05/25 06:49:59 実行中(5840)
2025/05/25 06:50:03 終了しました(5840)
2025/05/26 06:49:59 開始します(1616)
2025/05/26 06:49:59 非実行(1616)
2025/05/26 06:49:59 実行中(1616)
2025/05/26 06:50:03 終了しました(1616)
2025/05/27 06:50:00 開始します(5352)
2025/05/27 06:50:00 非実行(5352)
2025/05/27 06:50:00 実行中(5352)
2025/05/27 06:50:03 終了しました(5352)
2025/05/28 06:50:00 開始します(1104)
2025/05/28 06:50:00 非実行(1104)
2025/05/28 06:50:00 実行中(1104)
2025/05/28 06:50:04 終了しました(1104)
2025/05/29 06:50:00 開始します(2776)
2025/05/29 06:50:00 非実行(2776)
2025/05/29 06:50:00 実行中(2776)
2025/05/29 06:50:04 終了しました(2776)
2025/05/30 06:50:00 開始します(3896)
2025/05/30 06:50:00 非実行(3896)
2025/05/30 06:50:00 実行中(3896)
2025/05/30 06:50:04 終了しました(3896)
2025/05/31 06:50:00 開始します(688)
2025/05/31 06:50:00 非実行(688)
2025/05/31 06:50:00 実行中(688)
2025/05/31 06:50:04 終了しました(688)
2025/06/01 06:50:00 開始します(3160)
2025/06/01 06:50:00 非実行(3160)
2025/06/01 06:50:00 実行中(3160)
2025/06/01 06:50:03 終了しました(3160)
2025/06/02 06:49:59 開始します(5632)
2025/06/02 06:49:59 非実行(5632)
2025/06/02 06:49:59 実行中(5632)
2025/06/02 06:50:02 終了しました(5632)
2025/06/03 06:50:00 開始します(3628)
2025/06/03 06:50:00 非実行(3628)
2025/06/03 06:50:00 実行中(3628)
2025/06/03 06:50:03 終了しました(3628)
2025/06/04 06:50:00 開始します(5236)
2025/06/04 06:50:00 非実行(5236)
2025/06/04 06:50:00 実行中(5236)
2025/06/04 06:50:03 終了しました(5236)
2025/06/05 06:50:00 開始します(2044)
2025/06/05 06:50:00 非実行(2044)
2025/06/05 06:50:00 実行中(2044)
2025/06/05 06:50:03 終了しました(2044)
2025/06/06 06:50:00 開始します(4280)
2025/06/06 06:50:00 非実行(4280)
2025/06/06 06:50:00 実行中(4280)
2025/06/06 06:50:04 終了しました(4280)
2025/06/07 06:49:59 開始します(3512)
2025/06/07 06:49:59 非実行(3512)
2025/06/07 06:49:59 実行中(3512)
2025/06/07 06:50:03 終了しました(3512)
2025/06/08 06:49:59 開始します(5872)
2025/06/08 06:49:59 非実行(5872)
2025/06/08 06:49:59 実行中(5872)
2025/06/08 06:50:02 終了しました(5872)
2025/06/09 06:49:59 開始します(4704)
2025/06/09 06:49:59 非実行(4704)
2025/06/09 06:49:59 実行中(4704)
2025/06/09 06:50:03 終了しました(4704)
2025/06/10 06:50:00 開始します(3532)
2025/06/10 06:50:00 非実行(3532)
2025/06/10 06:50:00 実行中(3532)
2025/06/10 06:50:03 終了しました(3532)
2025/06/11 06:50:00 開始します(3684)
2025/06/11 06:50:00 非実行(3684)
2025/06/11 06:50:00 実行中(3684)
2025/06/11 06:50:03 終了しました(3684)
2025/06/12 06:49:59 開始します(6108)
2025/06/12 06:49:59 非実行(6108)
2025/06/12 06:49:59 実行中(6108)
2025/06/12 06:50:02 終了しました(6108)
2025/06/13 06:49:59 開始します(908)
2025/06/13 06:49:59 非実行(908)
2025/06/13 06:49:59 実行中(908)
2025/06/13 06:50:03 終了しました(908)
2025/06/14 06:49:59 開始します(664)
2025/06/14 06:49:59 非実行(664)
2025/06/14 06:49:59 実行中(664)
2025/06/14 06:50:03 終了しました(664)
2025/06/15 06:50:00 開始します(1244)
2025/06/15 06:50:00 非実行(1244)
2025/06/15 06:50:00 実行中(1244)
2025/06/15 06:50:03 終了しました(1244)
2025/06/16 06:50:00 開始します(2368)
2025/06/16 06:50:00 非実行(2368)
2025/06/16 06:50:00 実行中(2368)
2025/06/16 06:50:03 終了しました(2368)
2025/06/17 06:49:59 開始します(4672)
2025/06/17 06:49:59 非実行(4672)
2025/06/17 06:49:59 実行中(4672)
2025/06/17 06:50:02 終了しました(4672)
2025/06/18 06:49:59 開始します(1092)
2025/06/18 06:49:59 非実行(1092)
2025/06/18 06:49:59 実行中(1092)
2025/06/18 06:50:02 終了しました(1092)
2025/06/19 06:49:59 開始します(3116)
2025/06/19 06:49:59 非実行(3116)
2025/06/19 06:49:59 実行中(3116)
2025/06/19 06:50:03 終了しました(3116)
2025/06/20 06:49:59 開始します(3732)
2025/06/20 06:49:59 非実行(3732)
2025/06/20 06:49:59 実行中(3732)
2025/06/20 06:50:03 終了しました(3732)
2025/06/21 06:49:59 開始します(4636)
2025/06/21 06:49:59 非実行(4636)
2025/06/21 06:49:59 実行中(4636)
2025/06/21 06:50:02 終了しました(4636)
2025/06/22 06:49:59 開始します(700)
2025/06/22 06:49:59 非実行(700)
2025/06/22 06:49:59 実行中(700)
2025/06/22 06:50:02 終了しました(700)
2025/06/23 06:49:59 開始します(5388)
2025/06/23 06:49:59 非実行(5388)
2025/06/23 06:49:59 実行中(5388)
2025/06/23 06:50:02 終了しました(5388)
2025/06/24 06:49:59 開始します(1228)
2025/06/24 06:49:59 非実行(1228)
2025/06/24 06:49:59 実行中(1228)
2025/06/24 06:50:02 終了しました(1228)
2025/06/25 06:49:59 開始します(628)
2025/06/25 06:49:59 非実行(628)
2025/06/25 06:49:59 実行中(628)
2025/06/25 06:50:02 終了しました(628)
2025/06/26 06:49:59 開始します(5636)
2025/06/26 06:49:59 非実行(5636)
2025/06/26 06:49:59 実行中(5636)
2025/06/26 06:50:03 終了しました(5636)
2025/06/27 06:49:59 開始します(3656)
2025/06/27 06:49:59 非実行(3656)
2025/06/27 06:49:59 実行中(3656)
2025/06/27 06:50:03 終了しました(3656)
2025/06/28 06:49:59 開始します(5252)
2025/06/28 06:49:59 非実行(5252)
2025/06/28 06:49:59 実行中(5252)
2025/06/28 06:50:03 終了しました(5252)
2025/06/29 06:49:59 開始します(1228)
2025/06/29 06:49:59 非実行(1228)
2025/06/29 06:49:59 実行中(1228)
2025/06/29 06:50:02 終了しました(1228)
2025/06/30 06:49:59 開始します(4524)
2025/06/30 06:49:59 非実行(4524)
2025/06/30 06:49:59 実行中(4524)
2025/06/30 06:50:03 終了しました(4524)
2025/07/01 06:50:00 開始します(6104)
2025/07/01 06:50:00 非実行(6104)
2025/07/01 06:50:00 実行中(6104)
2025/07/01 06:50:03 終了しました(6104)
2025/07/02 06:49:59 開始します(5632)
2025/07/02 06:49:59 非実行(5632)
2025/07/02 06:49:59 実行中(5632)
2025/07/02 06:50:03 終了しました(5632)
2025/07/03 06:50:00 開始します(5536)
2025/07/03 06:50:00 非実行(5536)
2025/07/03 06:50:00 実行中(5536)
2025/07/03 06:50:04 終了しました(5536)
2025/07/04 06:50:00 開始します(4448)
2025/07/04 06:50:00 非実行(4448)
2025/07/04 06:50:00 実行中(4448)
2025/07/04 06:50:03 終了しました(4448)
2025/07/05 06:49:59 開始します(2968)
2025/07/05 06:49:59 非実行(2968)
2025/07/05 06:49:59 実行中(2968)
2025/07/05 06:50:02 終了しました(2968)
2025/07/06 06:49:59 開始します(3708)
2025/07/06 06:49:59 非実行(3708)
2025/07/06 06:49:59 実行中(3708)
2025/07/06 06:50:03 終了しました(3708)
2025/07/07 06:49:59 開始します(2216)
2025/07/07 06:49:59 非実行(2216)
2025/07/07 06:49:59 実行中(2216)
2025/07/07 06:50:03 終了しました(2216)
2025/07/08 06:49:59 開始します(1328)
2025/07/08 06:49:59 非実行(1328)
2025/07/08 06:49:59 実行中(1328)
2025/07/08 06:50:03 終了しました(1328)
2025/07/09 06:49:59 開始します(1140)
2025/07/09 06:49:59 非実行(1140)
2025/07/09 06:49:59 実行中(1140)
2025/07/09 06:50:02 終了しました(1140)
2025/07/10 06:50:00 開始します(584)
2025/07/10 06:50:00 非実行(584)
2025/07/10 06:50:00 実行中(584)
2025/07/10 06:50:03 終了しました(584)
2025/07/11 06:49:59 開始します(1652)
2025/07/11 06:49:59 非実行(1652)
2025/07/11 06:49:59 実行中(1652)
2025/07/11 06:50:03 終了しました(1652)
2025/07/12 06:49:59 開始します(2716)
2025/07/12 06:49:59 非実行(2716)
2025/07/12 06:49:59 実行中(2716)
2025/07/12 06:50:03 終了しました(2716)
2025/07/13 06:50:00 開始します(5808)
2025/07/13 06:50:00 非実行(5808)
2025/07/13 06:50:00 実行中(5808)
2025/07/13 06:50:04 終了しました(5808)
2025/07/14 06:49:59 開始します(3528)
2025/07/14 06:49:59 非実行(3528)
2025/07/14 06:49:59 実行中(3528)
2025/07/14 06:50:03 終了しました(3528)
2025/07/15 06:50:00 開始します(4152)
2025/07/15 06:50:00 非実行(4152)
2025/07/15 06:50:00 実行中(4152)
2025/07/15 06:50:03 終了しました(4152)
2025/07/16 06:50:00 開始します(1768)
2025/07/16 06:50:00 非実行(1768)
2025/07/16 06:50:00 実行中(1768)
2025/07/16 06:50:03 終了しました(1768)
2025/07/17 06:49:59 開始します(3472)
2025/07/17 06:49:59 非実行(3472)
2025/07/17 06:49:59 実行中(3472)
2025/07/17 06:50:03 終了しました(3472)
2025/07/18 06:50:00 開始します(5240)
2025/07/18 06:50:00 非実行(5240)
2025/07/18 06:50:00 実行中(5240)
2025/07/18 06:50:03 終了しました(5240)
2025/07/19 06:49:59 開始します(4796)
2025/07/19 06:49:59 非実行(4796)
2025/07/19 06:49:59 実行中(4796)
2025/07/19 06:50:03 終了しました(4796)
2025/07/20 06:49:59 開始します(2936)
2025/07/20 06:49:59 非実行(2936)
2025/07/20 06:49:59 実行中(2936)
2025/07/20 06:50:03 終了しました(2936)
2025/07/21 06:49:59 開始します(1864)
2025/07/21 06:49:59 非実行(1864)
2025/07/21 06:49:59 実行中(1864)
2025/07/21 06:50:03 終了しました(1864)
2025/07/22 06:49:59 開始します(5712)
2025/07/22 06:49:59 非実行(5712)
2025/07/22 06:49:59 実行中(5712)
2025/07/22 06:50:03 終了しました(5712)
2025/07/23 06:49:59 開始します(984)
2025/07/23 06:49:59 非実行(984)
2025/07/23 06:49:59 実行中(984)
2025/07/23 06:50:03 終了しました(984)
2025/07/24 06:50:00 開始します(1312)
2025/07/24 06:50:00 非実行(1312)
2025/07/24 06:50:00 実行中(1312)
2025/07/24 06:50:03 終了しました(1312)
2025/07/25 06:49:59 開始します(512)
2025/07/25 06:49:59 非実行(512)
2025/07/25 06:49:59 実行中(512)
2025/07/25 06:50:03 終了しました(512)
2025/07/26 06:49:59 開始します(1316)
2025/07/26 06:49:59 非実行(1316)
2025/07/26 06:49:59 実行中(1316)
2025/07/26 06:50:02 終了しました(1316)
2025/07/27 06:49:59 開始します(3004)
2025/07/27 06:49:59 非実行(3004)
2025/07/27 06:49:59 実行中(3004)
2025/07/27 06:50:03 終了しました(3004)
2025/07/28 06:50:00 開始します(4148)
2025/07/28 06:50:00 非実行(4148)
2025/07/28 06:50:00 実行中(4148)
2025/07/28 06:50:03 終了しました(4148)
2025/07/29 06:50:00 開始します(7056)
2025/07/29 06:50:00 非実行(7056)
2025/07/29 06:50:00 実行中(7056)
2025/07/29 06:50:03 終了しました(7056)
2025/07/30 06:49:59 開始します(5724)
2025/07/30 06:49:59 非実行(5724)
2025/07/30 06:49:59 実行中(5724)
2025/07/30 06:50:03 終了しました(5724)
2025/07/31 06:50:00 開始します(4916)
2025/07/31 06:50:00 非実行(4916)
2025/07/31 06:50:00 実行中(4916)
2025/07/31 06:50:03 終了しました(4916)
2025/08/01 06:49:59 開始します(1072)
2025/08/01 06:49:59 非実行(1072)
2025/08/01 06:49:59 実行中(1072)
2025/08/01 06:50:03 終了しました(1072)
2025/08/02 06:50:00 開始します(4632)
2025/08/02 06:50:00 非実行(4632)
2025/08/02 06:50:00 実行中(4632)
2025/08/02 06:50:03 終了しました(4632)
2025/08/03 06:49:59 開始します(1464)
2025/08/03 06:49:59 非実行(1464)
2025/08/03 06:49:59 実行中(1464)
2025/08/03 06:50:03 終了しました(1464)
2025/08/04 06:50:00 開始します(4128)
2025/08/04 06:50:00 非実行(4128)
2025/08/04 06:50:00 実行中(4128)
2025/08/04 06:50:04 終了しました(4128)
2025/08/05 06:49:59 開始します(5664)
2025/08/05 06:49:59 非実行(5664)
2025/08/05 06:49:59 実行中(5664)
2025/08/05 06:50:02 終了しました(5664)
2025/08/06 06:50:00 開始します(2456)
2025/08/06 06:50:00 非実行(2456)
2025/08/06 06:50:00 実行中(2456)
2025/08/06 06:50:03 終了しました(2456)
2025/08/07 06:49:59 開始します(4276)
2025/08/07 06:49:59 非実行(4276)
2025/08/07 06:49:59 実行中(4276)
2025/08/07 06:50:02 終了しました(4276)
2025/08/08 06:49:59 開始します(5516)
2025/08/08 06:49:59 非実行(5516)
2025/08/08 06:49:59 実行中(5516)
2025/08/08 06:50:03 終了しました(5516)
2025/08/09 06:50:00 開始します(2884)
2025/08/09 06:50:00 非実行(2884)
2025/08/09 06:50:00 実行中(2884)
2025/08/09 06:50:04 終了しました(2884)
2025/08/10 06:49:59 開始します(3372)
2025/08/10 06:49:59 非実行(3372)
2025/08/10 06:49:59 実行中(3372)
2025/08/10 06:50:02 終了しました(3372)
2025/08/11 06:49:59 開始します(5204)
2025/08/11 06:49:59 非実行(5204)
2025/08/11 06:49:59 実行中(5204)
2025/08/11 06:50:03 終了しました(5204)
2025/08/12 06:50:00 開始します(4556)
2025/08/12 06:50:00 非実行(4556)
2025/08/12 06:50:00 実行中(4556)
2025/08/12 06:50:04 終了しました(4556)
2025/08/13 06:50:00 開始します(5984)
2025/08/13 06:50:00 非実行(5984)
2025/08/13 06:50:00 実行中(5984)
2025/08/13 06:50:03 終了しました(5984)
2025/08/14 06:49:59 開始します(2008)
2025/08/14 06:49:59 非実行(2008)
2025/08/14 06:49:59 実行中(2008)
2025/08/14 06:50:03 終了しました(2008)
2025/08/15 06:49:59 開始します(4116)
2025/08/15 06:49:59 非実行(4116)
2025/08/15 06:49:59 実行中(4116)
2025/08/15 06:50:02 終了しました(4116)
2025/08/16 06:50:00 開始します(3520)
2025/08/16 06:50:00 非実行(3520)
2025/08/16 06:50:00 実行中(3520)
2025/08/16 06:50:03 終了しました(3520)
2025/08/17 06:50:00 開始します(1504)
2025/08/17 06:50:00 非実行(1504)
2025/08/17 06:50:00 実行中(1504)
2025/08/17 06:50:03 終了しました(1504)
2025/08/18 06:50:00 開始します(4948)
2025/08/18 06:50:00 非実行(4948)
2025/08/18 06:50:00 実行中(4948)
2025/08/18 06:50:03 終了しました(4948)
2025/08/19 06:49:59 開始します(6076)
2025/08/19 06:49:59 非実行(6076)
2025/08/19 06:49:59 実行中(6076)
2025/08/19 06:50:03 終了しました(6076)
2025/08/20 06:50:00 開始します(4516)
2025/08/20 06:50:00 非実行(4516)
2025/08/20 06:50:00 実行中(4516)
2025/08/20 06:50:03 終了しました(4516)
2025/08/21 06:50:00 開始します(5912)
2025/08/21 06:50:00 非実行(5912)
2025/08/21 06:50:00 実行中(5912)
2025/08/21 06:50:03 終了しました(5912)
2025/08/22 06:49:59 開始します(1080)
2025/08/22 06:49:59 非実行(1080)
2025/08/22 06:49:59 実行中(1080)
2025/08/22 06:50:03 終了しました(1080)
2025/08/23 06:50:00 開始します(976)
2025/08/23 06:50:00 非実行(976)
2025/08/23 06:50:00 実行中(976)
2025/08/23 06:50:03 終了しました(976)
2025/08/24 06:49:59 開始します(5996)
2025/08/24 06:49:59 非実行(5996)
2025/08/24 06:49:59 実行中(5996)
2025/08/24 06:50:02 終了しました(5996)
2025/08/25 06:50:00 開始します(976)
2025/08/25 06:50:00 非実行(976)
2025/08/25 06:50:00 実行中(976)
2025/08/25 06:50:04 終了しました(976)
2025/08/26 06:50:00 開始します(532)
2025/08/26 06:50:00 非実行(532)
2025/08/26 06:50:00 実行中(532)
2025/08/26 06:50:03 終了しました(532)
2025/08/27 06:49:59 開始します(4720)
2025/08/27 06:49:59 非実行(4720)
2025/08/27 06:49:59 実行中(4720)
2025/08/27 06:50:02 終了しました(4720)
2025/08/28 06:50:00 開始します(5660)
2025/08/28 06:50:00 非実行(5660)
2025/08/28 06:50:00 実行中(5660)
2025/08/28 06:50:04 終了しました(5660)
2025/08/29 06:49:59 開始します(5464)
2025/08/29 06:49:59 非実行(5464)
2025/08/29 06:49:59 実行中(5464)
2025/08/29 06:50:03 終了しました(5464)
2025/08/30 06:49:59 開始します(2908)
2025/08/30 06:49:59 非実行(2908)
2025/08/30 06:49:59 実行中(2908)
2025/08/30 06:50:02 終了しました(2908)
2025/08/31 06:50:00 開始します(5696)
2025/08/31 06:50:00 非実行(5696)
2025/08/31 06:50:00 実行中(5696)
2025/08/31 06:50:03 終了しました(5696)
2025/09/01 06:49:59 開始します(3044)
2025/09/01 06:49:59 非実行(3044)
2025/09/01 06:49:59 実行中(3044)
2025/09/01 06:50:03 終了しました(3044)
2025/09/02 06:49:59 開始します(1152)
2025/09/02 06:49:59 非実行(1152)
2025/09/02 06:49:59 実行中(1152)
2025/09/02 06:50:03 終了しました(1152)
2025/09/03 06:49:59 開始します(1552)
2025/09/03 06:49:59 非実行(1552)
2025/09/03 06:49:59 実行中(1552)
2025/09/03 06:50:02 終了しました(1552)
2025/09/04 06:50:00 開始します(3536)
2025/09/04 06:50:00 非実行(3536)
2025/09/04 06:50:00 実行中(3536)
2025/09/04 06:50:04 終了しました(3536)
2025/09/05 06:49:59 開始します(1176)
2025/09/05 06:49:59 非実行(1176)
2025/09/05 06:49:59 実行中(1176)
2025/09/05 06:50:02 終了しました(1176)
2025/09/06 06:49:59 開始します(620)
2025/09/06 06:49:59 非実行(620)
2025/09/06 06:49:59 実行中(620)
2025/09/06 06:50:02 終了しました(620)
2025/09/07 06:50:00 開始します(5844)
2025/09/07 06:50:00 非実行(5844)
2025/09/07 06:50:00 実行中(5844)
2025/09/07 06:50:03 終了しました(5844)
2025/09/08 06:49:59 開始します(2024)
2025/09/08 06:49:59 非実行(2024)
2025/09/08 06:49:59 実行中(2024)
2025/09/08 06:50:03 終了しました(2024)
2025/09/09 06:49:59 開始します(4400)
2025/09/09 06:49:59 非実行(4400)
2025/09/09 06:49:59 実行中(4400)
2025/09/09 06:50:03 終了しました(4400)
2025/09/10 06:50:00 開始します(4588)
2025/09/10 06:50:00 非実行(4588)
2025/09/10 06:50:00 実行中(4588)
2025/09/10 06:50:03 終了しました(4588)
2025/09/11 06:49:59 開始します(6032)
2025/09/11 06:49:59 非実行(6032)
2025/09/11 06:49:59 実行中(6032)
2025/09/11 06:50:03 終了しました(6032)
2025/09/12 06:50:00 開始します(5552)
2025/09/12 06:50:00 非実行(5552)
2025/09/12 06:50:00 実行中(5552)
2025/09/12 06:50:04 終了しました(5552)
2025/09/13 06:50:00 開始します(1992)
2025/09/13 06:50:00 非実行(1992)
2025/09/13 06:50:00 実行中(1992)
2025/09/13 06:50:03 終了しました(1992)
2025/09/14 06:49:59 開始します(824)
2025/09/14 06:49:59 非実行(824)
2025/09/14 06:49:59 実行中(824)
2025/09/14 06:50:03 終了しました(824)
2025/09/15 06:49:59 開始します(1064)
2025/09/15 06:49:59 非実行(1064)
2025/09/15 06:49:59 実行中(1064)
2025/09/15 06:50:03 終了しました(1064)
2025/09/16 06:50:00 開始します(5612)
2025/09/16 06:50:00 非実行(5612)
2025/09/16 06:50:00 実行中(5612)
2025/09/16 06:50:03 終了しました(5612)
2025/09/17 06:50:00 開始します(4568)
2025/09/17 06:50:00 非実行(4568)
2025/09/17 06:50:00 実行中(4568)
2025/09/17 06:50:03 終了しました(4568)
2025/09/18 06:49:59 開始します(3476)
2025/09/18 06:49:59 非実行(3476)
2025/09/18 06:49:59 実行中(3476)
2025/09/18 06:50:03 終了しました(3476)
2025/09/19 06:49:59 開始します(3396)
2025/09/19 06:49:59 非実行(3396)
2025/09/19 06:49:59 実行中(3396)
2025/09/19 06:50:02 終了しました(3396)
2025/09/20 06:49:59 開始します(4448)
2025/09/20 06:49:59 非実行(4448)
2025/09/20 06:49:59 実行中(4448)
2025/09/20 06:50:03 終了しました(4448)
2025/09/21 06:49:59 開始します(5984)
2025/09/21 06:49:59 非実行(5984)
2025/09/21 06:49:59 実行中(5984)
2025/09/21 06:50:03 終了しました(5984)
2025/09/22 06:49:59 開始します(5148)
2025/09/22 06:49:59 非実行(5148)
2025/09/22 06:49:59 実行中(5148)
2025/09/22 06:50:02 終了しました(5148)
2025/09/23 06:50:00 開始します(2116)
2025/09/23 06:50:00 非実行(2116)
2025/09/23 06:50:00 実行中(2116)
2025/09/23 06:50:03 終了しました(2116)
2025/09/24 06:50:00 開始します(5612)
2025/09/24 06:50:00 非実行(5612)
2025/09/24 06:50:00 実行中(5612)
2025/09/24 06:50:03 終了しました(5612)
2025/09/25 06:50:00 開始します(3708)
2025/09/25 06:50:00 非実行(3708)
2025/09/25 06:50:00 実行中(3708)
2025/09/25 06:50:03 終了しました(3708)
2025/09/26 06:50:00 開始します(6008)
2025/09/26 06:50:00 非実行(6008)
2025/09/26 06:50:00 実行中(6008)
2025/09/26 06:50:03 終了しました(6008)
2025/09/27 06:49:59 開始します(4340)
2025/09/27 06:49:59 非実行(4340)
2025/09/27 06:49:59 実行中(4340)
2025/09/27 06:50:02 終了しました(4340)
2025/09/28 06:49:59 開始します(2132)
2025/09/28 06:49:59 非実行(2132)
2025/09/28 06:49:59 実行中(2132)
2025/09/28 06:50:02 終了しました(2132)
2025/09/29 06:49:59 開始します(3624)
2025/09/29 06:49:59 非実行(3624)
2025/09/29 06:49:59 実行中(3624)
2025/09/29 06:50:02 終了しました(3624)
2025/09/30 06:50:00 開始します(932)
2025/09/30 06:50:00 非実行(932)
2025/09/30 06:50:00 実行中(932)
2025/09/30 06:50:03 終了しました(932)
2025/10/01 06:49:59 開始します(6036)
2025/10/01 06:49:59 非実行(6036)
2025/10/01 06:49:59 実行中(6036)
2025/10/01 06:50:02 終了しました(6036)
2025/10/02 06:49:59 開始します(4968)
2025/10/02 06:49:59 非実行(4968)
2025/10/02 06:49:59 実行中(4968)
2025/10/02 06:50:03 終了しました(4968)
2025/10/03 06:49:59 開始します(5288)
2025/10/03 06:49:59 非実行(5288)
2025/10/03 06:49:59 実行中(5288)
2025/10/03 06:50:02 終了しました(5288)
2025/10/04 06:49:59 開始します(5484)
2025/10/04 06:49:59 非実行(5484)
2025/10/04 06:49:59 実行中(5484)
2025/10/04 06:50:03 終了しました(5484)
2025/10/05 06:50:00 開始します(4916)
2025/10/05 06:50:00 非実行(4916)
2025/10/05 06:50:00 実行中(4916)
2025/10/05 06:50:03 終了しました(4916)
2025/10/06 06:49:59 開始します(1092)
2025/10/06 06:49:59 非実行(1092)
2025/10/06 06:49:59 実行中(1092)
2025/10/06 06:50:03 終了しました(1092)
2025/10/07 06:50:00 開始します(1820)
2025/10/07 06:50:00 非実行(1820)
2025/10/07 06:50:00 実行中(1820)
2025/10/07 06:50:03 終了しました(1820)
2025/10/08 06:50:00 開始します(212)
2025/10/08 06:50:00 非実行(212)
2025/10/08 06:50:00 実行中(212)
2025/10/08 06:50:03 終了しました(212)
2025/10/09 06:50:00 開始します(6092)
2025/10/09 06:50:00 非実行(6092)
2025/10/09 06:50:00 実行中(6092)
2025/10/09 06:50:04 終了しました(6092)
2025/10/10 06:49:59 開始します(3056)
2025/10/10 06:49:59 非実行(3056)
2025/10/10 06:49:59 実行中(3056)
2025/10/10 06:50:03 終了しました(3056)
2025/10/11 06:49:59 開始します(3888)
2025/10/11 06:49:59 非実行(3888)
2025/10/11 06:49:59 実行中(3888)
2025/10/11 06:50:03 終了しました(3888)
2025/10/12 06:49:59 開始します(5768)
2025/10/12 06:49:59 非実行(5768)
2025/10/12 06:49:59 実行中(5768)
2025/10/12 06:50:03 終了しました(5768)
2025/10/13 06:49:59 開始します(5468)
2025/10/13 06:49:59 非実行(5468)
2025/10/13 06:49:59 実行中(5468)
2025/10/13 06:50:03 終了しました(5468)
2025/10/14 06:49:59 開始します(1012)
2025/10/14 06:49:59 非実行(1012)
2025/10/14 06:49:59 実行中(1012)
2025/10/14 06:50:03 終了しました(1012)
2025/10/15 06:50:00 開始します(5772)
2025/10/15 06:50:00 非実行(5772)
2025/10/15 06:50:00 実行中(5772)
2025/10/15 06:50:03 終了しました(5772)
2025/10/16 06:49:59 開始します(1084)
2025/10/16 06:49:59 非実行(1084)
2025/10/16 06:49:59 実行中(1084)
2025/10/16 06:50:03 終了しました(1084)
2025/10/17 06:50:00 開始します(5988)
2025/10/17 06:50:00 非実行(5988)
2025/10/17 06:50:00 実行中(5988)
2025/10/17 06:50:03 終了しました(5988)
2025/10/18 06:50:00 開始します(5300)
2025/10/18 06:50:00 非実行(5300)
2025/10/18 06:50:00 実行中(5300)
2025/10/18 06:50:04 終了しました(5300)
2025/10/19 06:50:00 開始します(4836)
2025/10/19 06:50:00 非実行(4836)
2025/10/19 06:50:00 実行中(4836)
2025/10/19 06:50:03 終了しました(4836)
2025/10/20 06:49:59 開始します(5128)
2025/10/20 06:49:59 非実行(5128)
2025/10/20 06:49:59 実行中(5128)
2025/10/20 06:50:03 終了しました(5128)
2025/10/21 06:49:59 開始します(6752)
2025/10/21 06:49:59 非実行(6752)
2025/10/21 06:49:59 実行中(6752)
2025/10/21 06:50:03 終了しました(6752)
2025/10/22 06:49:59 開始します(7928)
2025/10/22 06:49:59 非実行(7928)
2025/10/22 06:49:59 実行中(7928)
2025/10/22 06:50:02 終了しました(7928)
2025/10/23 06:49:57 開始します(7472)
2025/10/23 06:49:57 非実行(7472)
2025/10/23 06:49:57 実行中(7472)
2025/10/23 06:50:01 終了しました(7472)
2025/10/24 06:49:57 開始します(4696)
2025/10/24 06:49:57 非実行(4696)
2025/10/24 06:49:57 実行中(4696)
2025/10/24 06:50:00 終了しました(4696)
2025/10/25 06:49:57 開始します(6964)
2025/10/25 06:49:57 非実行(6964)
2025/10/25 06:49:57 実行中(6964)
2025/10/25 06:50:01 終了しました(6964)
2025/10/26 06:49:56 開始します(7252)
2025/10/26 06:49:56 非実行(7252)
2025/10/26 06:49:56 実行中(7252)
2025/10/26 06:50:00 終了しました(7252)
2025/10/27 06:49:56 開始します(6872)
2025/10/27 06:49:56 非実行(6872)
2025/10/27 06:49:56 実行中(6872)
2025/10/27 06:49:59 終了しました(6872)
2025/10/28 06:49:55 開始します(1520)
2025/10/28 06:49:55 非実行(1520)
2025/10/28 06:49:55 実行中(1520)
2025/10/28 06:49:59 終了しました(1520)
