2018/10/19 14:07:42 開始します(4812)
2018/10/19 14:07:42 非実行(4812)
2018/10/19 14:07:42 実行中(4812)
2018/10/19 14:07:46 終了しました(4812)
2018/10/24 20:35:20 開始します(3680)
2018/10/24 20:35:20 非実行(3680)
2018/10/24 20:35:20 実行中(3680)
2018/10/24 20:37:16 終了しました(3680)
2018/10/25 21:58:29 開始します(5424)
2018/10/25 21:58:29 非実行(5424)
2018/10/25 21:58:29 実行中(5424)
2018/10/25 21:59:02 終了しました(5424)
2018/10/26 22:50:54 開始します(4844)
2018/10/26 22:50:54 非実行(4844)
2018/10/26 22:50:54 実行中(4844)
2018/10/26 22:51:25 終了しました(4844)
2018/11/02 06:38:50 開始します(7444)
2018/11/02 06:38:50 非実行(7444)
2018/11/02 06:38:50 実行中(7444)
2018/11/02 06:39:22 終了しました(7444)
2018/11/02 18:55:27 開始します(1884)
2018/11/02 18:55:27 非実行(1884)
2018/11/02 18:55:27 実行中(1884)
2018/11/02 18:55:59 終了しました(1884)
2018/11/06 23:10:53 開始します(2452)
2018/11/06 23:10:53 非実行(2452)
2018/11/06 23:10:53 実行中(2452)
2018/11/06 23:11:24 終了しました(2452)
2018/11/07 23:15:48 開始します(4288)
2018/11/07 23:15:48 非実行(4288)
2018/11/07 23:15:48 実行中(4288)
2018/11/07 23:16:20 終了しました(4288)
2018/11/17 03:57:47 開始します(3128)
2018/11/17 03:57:47 非実行(3128)
2018/11/17 03:57:47 実行中(3128)
2018/11/17 03:58:24 終了しました(3128)
2018/11/20 16:57:20 開始します(5480)
2018/11/20 16:57:20 非実行(5480)
2018/11/20 16:57:20 実行中(5480)
2018/11/20 16:57:53 終了しました(5480)
2018/11/21 22:21:17 開始します(4856)
2018/11/21 22:21:17 非実行(4856)
2018/11/21 22:21:17 実行中(4856)
2018/11/21 22:21:53 終了しました(4856)
2018/11/22 22:07:10 開始します(4320)
2018/11/22 22:07:10 非実行(4320)
2018/11/22 22:07:10 実行中(4320)
2018/11/22 22:07:48 終了しました(4320)
2018/11/23 22:29:45 開始します(4356)
2018/11/23 22:29:45 非実行(4356)
2018/11/23 22:29:45 実行中(4356)
2018/11/23 22:30:23 終了しました(4356)
2018/11/26 17:51:47 開始します(5524)
2018/11/26 17:51:47 非実行(5524)
2018/11/26 17:51:47 実行中(5524)
2018/11/26 17:52:38 終了しました(5524)
2018/11/27 03:02:58 開始します(2320)
2018/11/27 03:02:58 非実行(2320)
2018/11/27 03:02:58 実行中(2320)
2018/11/27 03:03:47 終了しました(2320)
2018/11/28 02:43:35 開始します(1540)
2018/11/28 02:43:35 非実行(1540)
2018/11/28 02:43:35 実行中(1540)
2018/11/28 02:44:18 終了しました(1540)
2018/11/29 02:24:23 開始します(6344)
2018/11/29 02:24:23 非実行(6344)
2018/11/29 02:24:23 実行中(6344)
2018/11/29 02:25:13 終了しました(6344)
2018/11/30 02:09:19 開始します(5132)
2018/11/30 02:09:19 非実行(5132)
2018/11/30 02:09:19 実行中(5132)
2018/11/30 02:10:07 終了しました(5132)
2018/12/01 01:10:52 開始します(1576)
2018/12/01 01:10:52 非実行(1576)
2018/12/01 01:10:52 実行中(1576)
2018/12/01 01:11:30 終了しました(1576)
2018/12/08 07:56:26 開始します(3336)
2018/12/08 07:56:26 非実行(3336)
2018/12/08 07:56:26 実行中(3336)
2018/12/08 07:58:49 終了しました(3336)
2018/12/11 05:52:35 開始します(3028)
2018/12/11 05:52:35 非実行(3028)
2018/12/11 05:52:35 実行中(3028)
2018/12/11 05:55:54 終了しました(3028)
2018/12/12 05:17:53 開始します(1740)
2018/12/12 05:17:53 非実行(1740)
2018/12/12 05:17:53 実行中(1740)
2018/12/12 05:20:08 終了しました(1740)
2018/12/13 05:09:28 開始します(5952)
2018/12/13 05:09:28 非実行(5952)
2018/12/13 05:09:28 実行中(5952)
2018/12/13 05:11:51 終了しました(5952)
2018/12/26 01:37:43 開始します(6648)
2018/12/26 01:37:43 非実行(6648)
2018/12/26 01:37:43 実行中(6648)
2018/12/26 01:39:59 終了しました(6648)
2019/01/19 00:49:36 開始します(6152)
2019/01/19 00:49:36 非実行(6152)
2019/01/19 00:49:36 実行中(6152)
2019/01/19 00:52:54 終了しました(6152)
2019/01/23 01:55:15 開始します(4600)
2019/01/23 01:55:15 非実行(4600)
2019/01/23 01:55:15 実行中(4600)
2019/01/23 02:07:14 終了しました(4600)
2019/01/25 03:17:38 開始します(5260)
2019/01/25 03:17:38 非実行(5260)
2019/01/25 03:17:38 実行中(5260)
2019/01/25 03:21:41 終了しました(5260)
2019/01/26 07:18:56 開始します(5312)
2019/01/26 07:18:56 非実行(5312)
2019/01/26 07:18:56 実行中(5312)
2019/01/26 07:21:42 終了しました(5312)
2019/01/29 05:55:47 開始します(5004)
2019/01/29 05:55:47 非実行(5004)
2019/01/29 05:55:47 実行中(5004)
2019/01/29 05:58:25 終了しました(5004)
2019/01/30 06:21:00 開始します(4736)
2019/01/30 06:21:00 非実行(4736)
2019/01/30 06:21:00 実行中(4736)
2019/01/30 06:23:40 終了しました(4736)
2019/01/31 04:01:15 開始します(7060)
2019/01/31 04:01:15 非実行(7060)
2019/01/31 04:01:15 実行中(7060)
2019/01/31 04:05:21 終了しました(7060)
2019/02/01 02:41:47 開始します(6584)
2019/02/01 02:41:47 非実行(6584)
2019/02/01 02:41:47 実行中(6584)
2019/02/01 02:44:17 終了しました(6584)
2019/02/02 02:17:51 開始します(3440)
2019/02/02 02:17:51 非実行(3440)
2019/02/02 02:17:51 実行中(3440)
2019/02/02 02:20:27 終了しました(3440)
2019/02/05 06:03:40 開始します(5680)
2019/02/05 06:03:40 非実行(5680)
2019/02/05 06:03:40 実行中(5680)
2019/02/05 06:05:57 終了しました(5680)
2019/02/06 06:55:17 開始します(5392)
2019/02/06 06:55:17 非実行(5392)
2019/02/06 06:55:17 実行中(5392)
2019/02/06 06:57:32 終了しました(5392)
2019/02/07 00:41:19 開始します(5740)
2019/02/07 00:41:19 非実行(5740)
2019/02/07 00:41:19 実行中(5740)
2019/02/07 00:43:31 終了しました(5740)
2019/02/08 00:51:03 開始します(2488)
2019/02/08 00:51:03 非実行(2488)
2019/02/08 00:51:03 実行中(2488)
2019/02/08 00:54:41 終了しました(2488)
2019/02/09 01:55:34 開始します(6396)
2019/02/09 01:55:34 非実行(6396)
2019/02/09 01:55:34 実行中(6396)
2019/02/09 01:57:30 終了しました(6396)
2019/02/12 01:21:26 開始します(1820)
2019/02/12 01:21:26 非実行(1820)
2019/02/12 01:21:26 実行中(1820)
2019/02/12 01:23:05 終了しました(1820)
2019/02/13 04:03:57 開始します(4244)
2019/02/13 04:03:57 非実行(4244)
2019/02/13 04:03:57 実行中(4244)
2019/02/13 04:05:41 終了しました(4244)
2019/02/14 01:32:28 開始します(2276)
2019/02/14 01:32:28 非実行(2276)
2019/02/14 01:32:28 実行中(2276)
2019/02/14 01:34:09 終了しました(2276)
2019/02/15 00:09:02 開始します(5044)
2019/02/15 00:09:02 非実行(5044)
2019/02/15 00:09:02 実行中(5044)
2019/02/15 00:10:44 終了しました(5044)
2019/03/08 20:19:29 開始します(5752)
2019/03/08 20:19:29 非実行(5752)
2019/03/08 20:19:29 実行中(5752)
2019/03/08 20:20:52 終了しました(5752)
2019/03/12 00:23:33 開始します(6148)
2019/03/12 00:23:33 非実行(6148)
2019/03/12 00:23:33 実行中(6148)
2019/03/12 00:24:56 終了しました(6148)
2019/03/13 04:47:42 開始します(2056)
2019/03/13 04:47:42 非実行(2056)
2019/03/13 04:47:42 実行中(2056)
2019/03/13 04:49:03 終了しました(2056)
2019/03/14 00:48:57 開始します(3112)
2019/03/14 00:48:57 非実行(3112)
2019/03/14 00:48:57 実行中(3112)
2019/03/14 00:50:25 終了しました(3112)
2019/03/15 00:13:33 開始します(3820)
2019/03/15 00:13:33 非実行(3820)
2019/03/15 00:13:33 実行中(3820)
2019/03/15 00:14:44 終了しました(3820)
2019/03/15 23:49:37 開始します(4820)
2019/03/15 23:49:37 非実行(4820)
2019/03/15 23:49:37 実行中(4820)
2019/03/15 23:50:47 終了しました(4820)
2019/03/19 00:13:09 開始します(5392)
2019/03/19 00:13:09 非実行(5392)
2019/03/19 00:13:09 実行中(5392)
2019/03/19 00:14:13 終了しました(5392)
2019/03/20 00:20:53 開始します(4820)
2019/03/20 00:20:53 非実行(4820)
2019/03/20 00:20:53 実行中(4820)
2019/03/20 00:21:49 終了しました(4820)
2019/03/20 23:56:58 開始します(3864)
2019/03/20 23:56:58 非実行(3864)
2019/03/20 23:56:58 実行中(3864)
2019/03/20 23:57:53 終了しました(3864)
2019/03/22 00:34:56 開始します(5700)
2019/03/22 00:34:56 非実行(5700)
2019/03/22 00:34:56 実行中(5700)
2019/03/22 00:35:42 終了しました(5700)
2019/03/23 00:25:47 開始します(6496)
2019/03/23 00:25:47 非実行(6496)
2019/03/23 00:25:47 実行中(6496)
2019/03/23 00:26:34 終了しました(6496)
2019/03/26 00:52:55 開始します(3232)
2019/03/26 00:52:55 非実行(3232)
2019/03/26 00:52:55 実行中(3232)
2019/03/26 00:53:42 終了しました(3232)
2019/03/27 00:41:43 開始します(5556)
2019/03/27 00:41:43 非実行(5556)
2019/03/27 00:41:43 実行中(5556)
2019/03/27 00:42:31 終了しました(5556)
2019/03/28 01:06:08 開始します(636)
2019/03/28 01:06:08 非実行(636)
2019/03/28 01:06:08 実行中(636)
2019/03/28 01:06:54 終了しました(636)
2019/03/29 00:37:55 開始します(4708)
2019/03/29 00:37:55 非実行(4708)
2019/03/29 00:37:55 実行中(4708)
2019/03/29 00:38:41 終了しました(4708)
2019/03/30 00:09:13 開始します(5276)
2019/03/30 00:09:13 非実行(5276)
2019/03/30 00:09:13 実行中(5276)
2019/03/30 00:10:02 終了しました(5276)
2019/04/01 23:59:26 開始します(2576)
2019/04/01 23:59:26 非実行(2576)
2019/04/01 23:59:26 実行中(2576)
2019/04/02 00:00:14 終了しました(2576)
2019/04/02 23:18:15 開始します(5752)
2019/04/02 23:18:15 非実行(5752)
2019/04/02 23:18:15 実行中(5752)
2019/04/02 23:19:08 終了しました(5752)
2019/04/04 00:26:29 開始します(3716)
2019/04/04 00:26:29 非実行(3716)
2019/04/04 00:26:29 実行中(3716)
2019/04/04 00:27:17 終了しました(3716)
2019/04/04 22:57:55 開始します(2760)
2019/04/04 22:57:55 非実行(2760)
2019/04/04 22:57:55 実行中(2760)
2019/04/04 22:58:43 終了しました(2760)
2019/04/05 22:56:36 開始します(4856)
2019/04/05 22:56:36 非実行(4856)
2019/04/05 22:56:36 実行中(4856)
2019/04/05 22:57:25 終了しました(4856)
2019/04/08 23:19:18 開始します(6764)
2019/04/08 23:19:18 非実行(6764)
2019/04/08 23:19:18 実行中(6764)
2019/04/08 23:20:05 終了しました(6764)
2019/04/09 22:47:29 開始します(5680)
2019/04/09 22:47:29 非実行(5680)
2019/04/09 22:47:29 実行中(5680)
2019/04/09 22:48:18 終了しました(5680)
2019/04/10 23:03:08 開始します(2664)
2019/04/10 23:03:08 非実行(2664)
2019/04/10 23:03:08 実行中(2664)
2019/04/10 23:03:57 終了しました(2664)
2019/04/13 01:57:09 開始します(3396)
2019/04/13 01:57:09 非実行(3396)
2019/04/13 01:57:09 実行中(3396)
2019/04/13 01:59:03 終了しました(3396)
2019/04/18 03:14:05 開始します(6568)
2019/04/18 03:14:05 非実行(6568)
2019/04/18 03:14:05 実行中(6568)
2019/04/18 03:16:29 終了しました(6568)
2019/04/20 14:41:45 開始します(7080)
2019/04/20 14:41:45 非実行(7080)
2019/04/20 14:41:45 実行中(7080)
2019/04/20 14:45:17 終了しました(7080)
2019/04/23 18:22:56 開始します(4444)
2019/04/23 18:22:56 非実行(4444)
2019/04/23 18:22:56 実行中(4444)
2019/04/23 18:23:44 終了しました(4444)
2019/04/24 23:13:21 開始します(1784)
2019/04/24 23:13:21 非実行(1784)
2019/04/24 23:13:21 実行中(1784)
2019/04/24 23:14:11 終了しました(1784)
2019/04/25 21:36:32 開始します(3080)
2019/04/25 21:36:32 非実行(3080)
2019/04/25 21:36:32 実行中(3080)
2019/04/25 21:37:21 終了しました(3080)
2019/04/29 05:40:12 開始します(3976)
2019/04/29 05:40:12 非実行(3976)
2019/04/29 05:40:12 実行中(3976)
2019/04/29 05:43:38 終了しました(3976)
2019/05/07 02:22:54 開始します(3788)
2019/05/07 02:22:54 非実行(3788)
2019/05/07 02:22:54 実行中(3788)
2019/05/07 02:25:40 終了しました(3788)
2019/05/09 20:45:03 開始します(4440)
2019/05/09 20:45:03 非実行(4440)
2019/05/09 20:45:03 実行中(4440)
2019/05/09 20:47:21 終了しました(4440)
2019/05/10 11:20:37 開始します(7268)
2019/05/10 11:20:37 非実行(7268)
2019/05/10 11:20:37 実行中(7268)
2019/05/10 11:22:49 終了しました(7268)
2019/05/24 03:02:34 開始します(8532)
2019/05/24 03:02:34 非実行(8532)
2019/05/24 03:02:34 実行中(8532)
2019/05/24 03:04:25 終了しました(8532)
2019/05/29 03:03:46 開始します(6216)
2019/05/29 03:03:46 非実行(6216)
2019/05/29 03:03:46 実行中(6216)
2019/05/29 03:05:34 終了しました(6216)
2019/06/17 20:37:31 開始します(10164)
2019/06/17 20:37:31 非実行(10164)
2019/06/17 20:37:31 実行中(10164)
2019/06/17 20:39:21 終了しました(10164)
2019/06/25 21:42:59 開始します(12156)
2019/06/25 21:42:59 非実行(12156)
2019/06/25 21:42:59 実行中(12156)
2019/06/25 21:44:59 終了しました(12156)
2019/06/27 02:22:58 開始します(2932)
2019/06/27 02:22:58 非実行(2932)
2019/06/27 02:22:58 実行中(2932)
2019/06/27 02:24:50 終了しました(2932)
2019/06/27 21:52:39 開始します(6160)
2019/06/27 21:52:39 非実行(6160)
2019/06/27 21:52:39 実行中(6160)
2019/06/27 21:54:30 終了しました(6160)
2019/06/28 21:13:35 開始します(8048)
2019/06/28 21:13:35 非実行(8048)
2019/06/28 21:13:35 実行中(8048)
2019/06/28 21:15:26 終了しました(8048)
2019/07/04 16:07:42 開始します(736)
2019/07/04 16:07:42 非実行(736)
2019/07/04 16:07:42 実行中(736)
2019/07/04 16:09:38 終了しました(736)
2019/07/09 22:13:16 開始します(10980)
2019/07/09 22:13:16 非実行(10980)
2019/07/09 22:13:16 実行中(10980)
2019/07/09 22:15:08 終了しました(10980)
2019/07/11 03:48:16 開始します(7680)
2019/07/11 03:48:16 非実行(7680)
2019/07/11 03:48:16 実行中(7680)
2019/07/11 03:50:04 終了しました(7680)
2019/07/22 22:36:06 開始します(11640)
2019/07/22 22:36:06 非実行(11640)
2019/07/22 22:36:06 実行中(11640)
2019/07/22 22:37:54 終了しました(11640)
2019/07/23 17:34:03 開始します(9428)
2019/07/23 17:34:03 非実行(9428)
2019/07/23 17:34:03 実行中(9428)
2019/07/23 17:35:51 終了しました(9428)
2019/07/24 22:56:47 開始します(6704)
2019/07/24 22:56:47 非実行(6704)
2019/07/24 22:56:47 実行中(6704)
2019/07/24 22:58:41 終了しました(6704)
2019/07/25 19:11:40 開始します(6468)
2019/07/25 19:11:40 非実行(6468)
2019/07/25 19:11:40 実行中(6468)
2019/07/25 19:13:28 終了しました(6468)
2019/07/27 05:51:11 開始します(10472)
2019/07/27 05:51:11 非実行(10472)
2019/07/27 05:51:11 実行中(10472)
2019/07/27 05:52:53 終了しました(10472)
2019/07/29 19:39:13 開始します(8360)
2019/07/29 19:39:13 非実行(8360)
2019/07/29 19:39:13 実行中(8360)
2019/07/29 19:40:55 終了しました(8360)
2019/07/30 22:54:38 開始します(5076)
2019/07/30 22:54:38 非実行(5076)
2019/07/30 22:54:38 実行中(5076)
2019/07/30 22:56:22 終了しました(5076)
2019/08/01 01:35:17 開始します(11756)
2019/08/01 01:35:17 非実行(11756)
2019/08/01 01:35:17 実行中(11756)
2019/08/01 01:36:33 終了しました(11756)
2019/08/02 14:54:24 開始します(9712)
2019/08/02 14:54:24 非実行(9712)
2019/08/02 14:54:24 実行中(9712)
2019/08/02 14:54:55 終了しました(9712)
2019/08/07 21:16:16 開始します(6704)
2019/08/07 21:16:16 非実行(6704)
2019/08/07 21:16:16 実行中(6704)
2019/08/07 21:17:54 終了しました(6704)
2019/08/08 21:38:36 開始します(6580)
2019/08/08 21:38:36 非実行(6580)
2019/08/08 21:38:36 実行中(6580)
2019/08/08 21:40:07 終了しました(6580)
2019/08/09 19:08:29 開始します(8224)
2019/08/09 19:08:29 非実行(8224)
2019/08/09 19:08:29 実行中(8224)
2019/08/09 19:09:59 終了しました(8224)
2019/08/14 21:30:36 開始します(10460)
2019/08/14 21:30:36 非実行(10460)
2019/08/14 21:30:36 実行中(10460)
2019/08/14 21:31:58 終了しました(10460)
2019/08/15 21:56:59 開始します(5816)
2019/08/15 21:56:59 非実行(5816)
2019/08/15 21:56:59 実行中(5816)
2019/08/15 21:58:19 終了しました(5816)
2019/08/16 18:43:35 開始します(7776)
2019/08/16 18:43:35 非実行(7776)
2019/08/16 18:43:35 実行中(7776)
2019/08/16 18:44:55 終了しました(7776)
2019/08/19 21:14:01 開始します(1280)
2019/08/19 21:14:01 非実行(1280)
2019/08/19 21:14:01 実行中(1280)
2019/08/19 21:15:18 終了しました(1280)
2019/08/20 21:15:37 開始します(9200)
2019/08/20 21:15:37 非実行(9200)
2019/08/20 21:15:37 実行中(9200)
2019/08/20 21:16:53 終了しました(9200)
2019/08/21 20:13:29 開始します(1404)
2019/08/21 20:13:29 非実行(1404)
2019/08/21 20:13:29 実行中(1404)
2019/08/21 20:14:31 終了しました(1404)
2019/08/22 20:27:44 開始します(6508)
2019/08/22 20:27:44 非実行(6508)
2019/08/22 20:27:44 実行中(6508)
2019/08/22 20:28:47 終了しました(6508)
2019/08/26 20:11:59 開始します(5440)
2019/08/26 20:11:59 非実行(5440)
2019/08/26 20:11:59 実行中(5440)
2019/08/26 20:12:56 終了しました(5440)
2019/08/28 19:28:00 開始します(10892)
2019/08/28 19:28:00 非実行(10892)
2019/08/28 19:28:00 実行中(10892)
2019/08/28 19:28:56 終了しました(10892)
2019/09/02 19:31:14 開始します(8748)
2019/09/02 19:31:14 非実行(8748)
2019/09/02 19:31:14 実行中(8748)
2019/09/02 19:32:05 終了しました(8748)
2019/09/04 19:41:10 開始します(1336)
2019/09/04 19:41:10 非実行(1336)
2019/09/04 19:41:10 実行中(1336)
2019/09/04 19:42:02 終了しました(1336)
2019/09/05 21:47:03 開始します(12772)
2019/09/05 21:47:03 非実行(12772)
2019/09/05 21:47:03 実行中(12772)
2019/09/05 21:47:55 終了しました(12772)
2019/09/12 01:55:00 開始します(10796)
2019/09/12 01:55:00 非実行(10796)
2019/09/12 01:55:00 実行中(10796)
2019/09/12 01:55:48 終了しました(10796)
2019/09/13 03:10:07 開始します(12480)
2019/09/13 03:10:07 非実行(12480)
2019/09/13 03:10:07 実行中(12480)
2019/09/13 03:10:57 終了しました(12480)
2019/10/05 03:32:56 開始します(10412)
2019/10/05 03:32:56 非実行(10412)
2019/10/05 03:32:56 実行中(10412)
2019/10/05 03:33:43 終了しました(10412)
2019/10/23 18:14:31 開始します(7204)
2019/10/23 18:14:31 非実行(7204)
2019/10/23 18:14:31 実行中(7204)
2019/10/23 18:15:11 終了しました(7204)
2019/10/24 13:24:32 開始します(12920)
2019/10/24 13:24:32 非実行(12920)
2019/10/24 13:24:32 実行中(12920)
2019/10/24 13:25:13 終了しました(12920)
2019/10/29 01:31:15 開始します(3996)
2019/10/29 01:31:15 非実行(3996)
2019/10/29 01:31:15 実行中(3996)
2019/10/29 01:31:58 終了しました(3996)
2019/11/01 18:10:32 開始します(2280)
2019/11/01 18:10:32 非実行(2280)
2019/11/01 18:10:32 実行中(2280)
2019/11/01 18:12:25 終了しました(2280)
2019/11/05 20:29:31 開始します(12500)
2019/11/05 20:29:31 非実行(12500)
2019/11/05 20:29:31 実行中(12500)
2019/11/05 20:30:12 終了しました(12500)
2019/11/06 23:45:36 開始します(10604)
2019/11/06 23:45:36 非実行(10604)
2019/11/06 23:45:36 実行中(10604)
2019/11/06 23:46:46 終了しました(10604)
2019/11/07 19:18:57 開始します(6992)
2019/11/07 19:18:57 非実行(6992)
2019/11/07 19:18:57 実行中(6992)
2019/11/07 19:20:10 終了しました(6992)
2019/11/08 19:51:33 開始します(5504)
2019/11/08 19:51:33 非実行(5504)
2019/11/08 19:51:33 実行中(5504)
2019/11/08 19:52:15 終了しました(5504)
2019/11/11 19:34:43 開始します(6692)
2019/11/11 19:34:43 非実行(6692)
2019/11/11 19:34:43 実行中(6692)
2019/11/11 19:35:25 終了しました(6692)
2019/11/12 20:48:24 開始します(4264)
2019/11/12 20:48:24 非実行(4264)
2019/11/12 20:48:24 実行中(4264)
2019/11/12 20:49:06 終了しました(4264)
2019/11/13 18:18:25 開始します(9716)
2019/11/13 18:18:25 非実行(9716)
2019/11/13 18:18:25 実行中(9716)
2019/11/13 18:19:08 終了しました(9716)
2019/11/14 21:52:57 開始します(8868)
2019/11/14 21:52:57 非実行(8868)
2019/11/14 21:52:57 実行中(8868)
2019/11/14 21:53:39 終了しました(8868)
2019/11/15 21:38:40 開始します(9276)
2019/11/15 21:38:40 非実行(9276)
2019/11/15 21:38:40 実行中(9276)
2019/11/15 21:39:22 終了しました(9276)
2019/11/18 20:50:00 開始します(8824)
2019/11/18 20:50:00 非実行(8824)
2019/11/18 20:50:00 実行中(8824)
2019/11/18 20:50:43 終了しました(8824)
2019/11/20 04:24:03 開始します(6328)
2019/11/20 04:24:03 非実行(6328)
2019/11/20 04:24:03 実行中(6328)
2019/11/20 04:24:46 終了しました(6328)
2019/11/21 03:47:09 開始します(5708)
2019/11/21 03:47:09 非実行(5708)
2019/11/21 03:47:09 実行中(5708)
2019/11/21 03:47:51 終了しました(5708)
2019/11/21 20:28:15 開始します(8452)
2019/11/21 20:28:15 非実行(8452)
2019/11/21 20:28:15 実行中(8452)
2019/11/21 20:28:59 終了しました(8452)
2019/11/23 01:49:59 開始します(6928)
2019/11/23 01:49:59 非実行(6928)
2019/11/23 01:49:59 実行中(6928)
2019/11/23 01:50:43 終了しました(6928)
2019/11/25 20:26:04 開始します(780)
2019/11/25 20:26:04 非実行(780)
2019/11/25 20:26:04 実行中(780)
2019/11/25 20:26:46 終了しました(780)
2019/11/28 19:56:11 開始します(4768)
2019/11/28 19:56:11 非実行(4768)
2019/11/28 19:56:11 実行中(4768)
2019/11/28 19:56:55 終了しました(4768)
2019/11/29 20:20:19 開始します(11256)
2019/11/29 20:20:19 非実行(11256)
2019/11/29 20:20:19 実行中(11256)
2019/11/29 20:21:02 終了しました(11256)
2019/12/03 03:35:13 開始します(12856)
2019/12/03 03:35:13 非実行(12856)
2019/12/03 03:35:13 実行中(12856)
2019/12/03 03:35:57 終了しました(12856)
2019/12/23 23:27:49 開始します(6628)
2019/12/23 23:27:49 非実行(6628)
2019/12/23 23:27:49 実行中(6628)
2019/12/23 23:28:34 終了しました(6628)
2019/12/27 00:05:42 開始します(5748)
2019/12/27 00:05:42 非実行(5748)
2019/12/27 00:05:42 実行中(5748)
2019/12/27 00:06:27 終了しました(5748)
2020/02/28 15:52:02 開始します(5360)
2020/02/28 15:52:02 非実行(5360)
2020/02/28 15:52:02 実行中(5360)
2020/02/28 15:54:09 終了しました(5360)
2020/03/04 19:43:50 開始します(7620)
2020/03/04 19:43:50 非実行(7620)
2020/03/04 19:43:50 実行中(7620)
2020/03/04 19:46:06 終了しました(7620)
2020/03/05 21:12:24 開始します(1172)
2020/03/05 21:12:24 非実行(1172)
2020/03/05 21:12:24 実行中(1172)
2020/03/05 21:14:22 終了しました(1172)
2020/03/07 05:21:28 開始します(5000)
2020/03/07 05:21:28 非実行(5000)
2020/03/07 05:21:28 実行中(5000)
2020/03/07 05:23:26 終了しました(5000)
2020/03/19 05:08:06 開始します(616)
2020/03/19 05:08:06 非実行(616)
2020/03/19 05:08:06 実行中(616)
2020/03/19 05:10:03 終了しました(616)
2020/03/19 15:20:43 開始します(5048)
2020/03/19 15:20:43 非実行(5048)
2020/03/19 15:20:43 実行中(5048)
2020/03/19 15:21:32 終了しました(5048)
2020/03/23 19:56:25 開始します(4312)
2020/03/23 19:56:25 非実行(4312)
2020/03/23 19:56:25 実行中(4312)
2020/03/23 19:57:15 終了しました(4312)
2020/04/28 03:04:37 開始します(8132)
2020/04/28 03:04:37 非実行(8132)
2020/04/28 03:04:37 実行中(8132)
2020/04/28 03:05:26 終了しました(8132)
2020/06/03 18:57:05 開始します(7128)
2020/06/03 18:57:05 非実行(7128)
2020/06/03 18:57:05 実行中(7128)
2020/06/03 18:57:55 終了しました(7128)
2020/06/15 18:29:37 開始します(7216)
2020/06/15 18:29:37 非実行(7216)
2020/06/15 18:29:37 実行中(7216)
2020/06/15 18:30:55 終了しました(7216)
2020/06/19 05:35:47 開始します(2340)
2020/06/19 05:35:47 非実行(2340)
2020/06/19 05:35:47 実行中(2340)
2020/06/19 05:37:07 終了しました(2340)
2020/06/23 12:04:20 開始します(3996)
2020/06/23 12:04:20 非実行(3996)
2020/06/23 12:04:20 実行中(3996)
2020/06/23 12:05:38 終了しました(3996)
2020/07/09 15:06:32 開始します(7768)
2020/07/09 15:06:32 非実行(7768)
2020/07/09 15:06:32 実行中(7768)
2020/07/09 15:07:52 終了しました(7768)
2020/07/20 17:19:18 開始します(7480)
2020/07/20 17:19:18 非実行(7480)
2020/07/20 17:19:18 実行中(7480)
2020/07/20 17:20:35 終了しました(7480)
2020/08/20 14:01:06 開始します(4140)
2020/08/20 14:01:06 非実行(4140)
2020/08/20 14:01:06 実行中(4140)
2020/08/20 14:02:37 終了しました(4140)
2020/08/20 20:50:32 開始します(5596)
2020/08/20 20:50:32 非実行(5596)
2020/08/20 20:50:32 実行中(5596)
2020/08/20 20:52:04 終了しました(5596)
2020/08/24 11:55:41 開始します(4908)
2020/08/24 11:55:41 非実行(4908)
2020/08/24 11:55:41 実行中(4908)
2020/08/24 11:57:12 終了しました(4908)
2020/08/25 13:53:45 開始します(4532)
2020/08/25 13:53:45 非実行(4532)
2020/08/25 13:53:45 実行中(4532)
2020/08/25 13:55:08 終了しました(4532)
2020/08/26 16:06:47 開始します(6432)
2020/08/26 16:06:47 非実行(6432)
2020/08/26 16:06:47 実行中(6432)
2020/08/26 16:08:07 終了しました(6432)
2020/08/31 21:48:23 開始します(4196)
2020/08/31 21:48:23 非実行(4196)
2020/08/31 21:48:23 実行中(4196)
2020/08/31 21:49:44 終了しました(4196)
2020/09/01 23:03:43 開始します(6916)
2020/09/01 23:03:43 非実行(6916)
2020/09/01 23:03:43 実行中(6916)
2020/09/01 23:05:03 終了しました(6916)
2020/09/03 21:51:30 開始します(8160)
2020/09/03 21:51:30 非実行(8160)
2020/09/03 21:51:30 実行中(8160)
2020/09/03 21:52:50 終了しました(8160)
2020/09/04 14:23:48 開始します(7896)
2020/09/04 14:23:48 非実行(7896)
2020/09/04 14:23:48 実行中(7896)
2020/09/04 14:25:10 終了しました(7896)
2020/09/09 18:14:36 開始します(4448)
2020/09/09 18:14:36 非実行(4448)
2020/09/09 18:14:36 実行中(4448)
2020/09/09 18:15:56 終了しました(4448)
2020/09/14 13:01:45 開始します(5972)
2020/09/14 13:01:45 非実行(5972)
2020/09/14 13:01:45 実行中(5972)
2020/09/14 13:02:56 終了しました(5972)
2020/09/16 12:19:01 開始します(1828)
2020/09/16 12:19:01 非実行(1828)
2020/09/16 12:19:01 実行中(1828)
2020/09/16 12:19:59 終了しました(1828)
2020/09/25 11:41:23 開始します(6156)
2020/09/25 11:41:23 非実行(6156)
2020/09/25 11:41:23 実行中(6156)
2020/09/25 11:42:21 終了しました(6156)
2020/09/25 16:16:48 開始します(5324)
2020/09/25 16:16:48 非実行(5324)
2020/09/25 16:16:48 実行中(5324)
2020/09/25 16:17:46 終了しました(5324)
2020/09/29 15:43:59 開始します(3924)
2020/09/29 15:43:59 非実行(3924)
2020/09/29 15:43:59 実行中(3924)
2020/09/29 15:44:55 終了しました(3924)
2020/09/30 16:11:27 開始します(1580)
2020/09/30 16:11:27 非実行(1580)
2020/09/30 16:11:27 実行中(1580)
2020/09/30 16:12:23 終了しました(1580)
2020/10/01 17:11:32 開始します(2936)
2020/10/01 17:11:32 非実行(2936)
2020/10/01 17:11:32 実行中(2936)
2020/10/01 17:12:24 終了しました(2936)
2020/10/07 23:16:11 開始します(8492)
2020/10/07 23:16:11 非実行(8492)
2020/10/07 23:16:11 実行中(8492)
2020/10/07 23:17:01 終了しました(8492)
2020/10/14 13:31:32 開始します(1936)
2020/10/14 13:31:32 非実行(1936)
2020/10/14 13:31:32 実行中(1936)
2020/10/14 13:32:20 終了しました(1936)
2020/10/19 15:30:34 開始します(7608)
2020/10/19 15:30:34 非実行(7608)
2020/10/19 15:30:34 実行中(7608)
2020/10/19 15:31:24 終了しました(7608)
2020/10/23 20:09:11 開始します(5304)
2020/10/23 20:09:11 非実行(5304)
2020/10/23 20:09:11 実行中(5304)
2020/10/23 20:10:01 終了しました(5304)
2020/11/11 17:48:53 開始します(7332)
2020/11/11 17:48:53 非実行(7332)
2020/11/11 17:48:53 実行中(7332)
2020/11/11 17:49:42 終了しました(7332)
2020/11/12 18:46:39 開始します(7464)
2020/11/12 18:46:39 非実行(7464)
2020/11/12 18:46:39 実行中(7464)
2020/11/12 18:47:23 終了しました(7464)
2020/11/13 20:43:37 開始します(8564)
2020/11/13 20:43:37 非実行(8564)
2020/11/13 20:43:37 実行中(8564)
2020/11/13 20:44:23 終了しました(8564)
2020/11/16 18:37:54 開始します(7620)
2020/11/16 18:37:54 非実行(7620)
2020/11/16 18:37:54 実行中(7620)
2020/11/16 18:38:39 終了しました(7620)
2020/11/17 19:09:59 開始します(2764)
2020/11/17 19:09:59 非実行(2764)
2020/11/17 19:09:59 実行中(2764)
2020/11/17 19:10:44 終了しました(2764)
2020/11/19 18:07:52 開始します(8916)
2020/11/19 18:07:52 非実行(8916)
2020/11/19 18:07:52 実行中(8916)
2020/11/19 18:08:37 終了しました(8916)
2020/11/20 19:30:17 開始します(8432)
2020/11/20 19:30:17 非実行(8432)
2020/11/20 19:30:17 実行中(8432)
2020/11/20 19:30:59 終了しました(8432)
2020/11/24 16:48:50 開始します(6644)
2020/11/24 16:48:50 非実行(6644)
2020/11/24 16:48:50 実行中(6644)
2020/11/24 16:49:36 終了しました(6644)
2020/11/25 19:29:18 開始します(9328)
2020/11/25 19:29:18 非実行(9328)
2020/11/25 19:29:18 実行中(9328)
2020/11/25 19:29:59 終了しました(9328)
2020/11/26 18:35:59 開始します(9316)
2020/11/26 18:35:59 非実行(9316)
2020/11/26 18:35:59 実行中(9316)
2020/11/26 18:36:43 終了しました(9316)
2020/11/27 18:32:44 開始します(7600)
2020/11/27 18:32:44 非実行(7600)
2020/11/27 18:32:44 実行中(7600)
2020/11/27 18:33:28 終了しました(7600)
2020/12/01 18:51:11 開始します(4180)
2020/12/01 18:51:11 非実行(4180)
2020/12/01 18:51:11 実行中(4180)
2020/12/01 18:51:55 終了しました(4180)
2020/12/02 16:37:27 開始します(5148)
2020/12/02 16:37:27 非実行(5148)
2020/12/02 16:37:27 実行中(5148)
2020/12/02 16:38:10 終了しました(5148)
2020/12/03 17:23:10 開始します(10172)
2020/12/03 17:23:10 非実行(10172)
2020/12/03 17:23:10 実行中(10172)
2020/12/03 17:23:57 終了しました(10172)
2020/12/10 19:18:28 開始します(5348)
2020/12/10 19:18:28 非実行(5348)
2020/12/10 19:18:28 実行中(5348)
2020/12/10 19:19:14 終了しました(5348)
2021/01/12 21:20:34 開始します(260)
2021/01/12 21:20:34 非実行(260)
2021/01/12 21:20:34 実行中(260)
2021/01/12 21:21:22 終了しました(260)
2021/01/15 13:50:14 開始します(8548)
2021/01/15 13:50:14 非実行(8548)
2021/01/15 13:50:14 実行中(8548)
2021/01/15 13:51:01 終了しました(8548)
2021/01/18 13:45:36 開始します(264)
2021/01/18 13:45:36 非実行(264)
2021/01/18 13:45:36 実行中(264)
2021/01/18 13:46:26 終了しました(264)
2021/01/19 14:24:21 開始します(9900)
2021/01/19 14:24:21 非実行(9900)
2021/01/19 14:24:21 実行中(9900)
2021/01/19 14:25:10 終了しました(9900)
2021/01/21 13:26:47 開始します(8992)
2021/01/21 13:26:47 非実行(8992)
2021/01/21 13:26:47 実行中(8992)
2021/01/21 13:27:37 終了しました(8992)
2021/03/03 18:23:40 開始します(4452)
2021/03/03 18:23:40 非実行(4452)
2021/03/03 18:23:40 実行中(4452)
2021/03/03 18:24:28 終了しました(4452)
2021/03/04 17:22:09 開始します(5308)
2021/03/04 17:22:09 非実行(5308)
2021/03/04 17:22:09 実行中(5308)
2021/03/04 17:22:51 終了しました(5308)
2021/04/19 20:52:18 開始します(5784)
2021/04/19 20:52:18 非実行(5784)
2021/04/19 20:52:18 実行中(5784)
2021/04/19 20:53:49 終了しました(5784)
2021/05/07 18:02:58 開始します(1684)
2021/05/07 18:02:58 非実行(1684)
2021/05/07 18:02:58 実行中(1684)
2021/05/07 18:04:34 終了しました(1684)
2021/05/10 21:29:57 開始します(8412)
2021/05/10 21:29:57 非実行(8412)
2021/05/10 21:29:57 実行中(8412)
2021/05/10 21:31:31 終了しました(8412)
2021/05/12 09:25:08 開始します(9948)
2021/05/12 09:25:08 非実行(9948)
2021/05/12 09:25:08 実行中(9948)
2021/05/12 09:26:42 終了しました(9948)
2021/05/17 18:18:27 開始します(8184)
2021/05/17 18:18:27 非実行(8184)
2021/05/17 18:18:27 実行中(8184)
2021/05/17 18:19:58 終了しました(8184)
2021/06/09 20:04:33 開始します(4292)
2021/06/09 20:04:33 非実行(4292)
2021/06/09 20:04:33 実行中(4292)
2021/06/09 20:06:08 終了しました(4292)
2021/08/03 14:45:38 開始します(2332)
2021/08/03 14:45:38 非実行(2332)
2021/08/03 14:45:38 実行中(2332)
2021/08/03 14:47:18 終了しました(2332)
2021/11/16 04:59:26 開始します(3832)
2021/11/16 04:59:26 非実行(3832)
2021/11/16 04:59:26 実行中(3832)
2021/11/16 05:01:09 終了しました(3832)
2021/11/16 20:38:19 開始します(4052)
2021/11/16 20:38:19 非実行(4052)
2021/11/16 20:38:19 実行中(4052)
2021/11/16 20:39:13 終了しました(4052)
2021/11/17 20:06:33 開始します(6500)
2021/11/17 20:06:33 非実行(6500)
2021/11/17 20:06:33 実行中(6500)
2021/11/17 20:07:34 終了しました(6500)
2021/11/18 12:23:59 開始します(6672)
2021/11/18 12:23:59 非実行(6672)
2021/11/18 12:23:59 実行中(6672)
2021/11/18 12:24:58 終了しました(6672)
2021/11/22 20:45:48 開始します(5684)
2021/11/22 20:45:48 非実行(5684)
2021/11/22 20:45:48 実行中(5684)
2021/11/22 20:46:48 終了しました(5684)
2022/02/21 20:16:25 開始します(5972)
2022/02/21 20:16:25 非実行(5972)
2022/02/21 20:16:25 実行中(5972)
2022/02/21 20:18:09 終了しました(5972)
2022/02/25 17:57:16 開始します(6100)
2022/02/25 17:57:16 非実行(6100)
2022/02/25 17:57:16 実行中(6100)
2022/02/25 17:58:58 終了しました(6100)
2022/03/04 15:40:39 開始します(4100)
2022/03/04 15:40:39 非実行(4100)
2022/03/04 15:40:39 実行中(4100)
2022/03/04 15:42:25 終了しました(4100)
2022/03/11 15:59:28 開始します(4292)
2022/03/11 15:59:28 非実行(4292)
2022/03/11 15:59:28 実行中(4292)
2022/03/11 16:01:07 終了しました(4292)
2022/03/23 15:39:52 開始します(6812)
2022/03/23 15:39:52 非実行(6812)
2022/03/23 15:39:52 実行中(6812)
2022/03/23 15:41:32 終了しました(6812)
2022/04/06 17:12:14 開始します(860)
2022/04/06 17:12:14 非実行(860)
2022/04/06 17:12:14 実行中(860)
2022/04/06 17:13:48 終了しました(860)
2022/04/12 20:26:43 開始します(2848)
2022/04/12 20:26:43 非実行(2848)
2022/04/12 20:26:43 実行中(2848)
2022/04/12 20:28:31 終了しました(2848)
2022/04/18 20:18:03 開始します(6256)
2022/04/18 20:18:03 非実行(6256)
2022/04/18 20:18:03 実行中(6256)
2022/04/18 20:19:41 終了しました(6256)
2022/04/25 20:35:47 開始します(8020)
2022/04/25 20:35:47 非実行(8020)
2022/04/25 20:35:47 実行中(8020)
2022/04/25 20:37:18 終了しました(8020)
2022/09/20 20:32:27 開始します(6624)
2022/09/20 20:32:27 非実行(6624)
2022/09/20 20:32:27 実行中(6624)
2022/09/20 20:33:35 終了しました(6624)
2022/09/21 17:28:15 開始します(5016)
2022/09/21 17:28:15 非実行(5016)
2022/09/21 17:28:15 実行中(5016)
2022/09/21 17:29:20 終了しました(5016)
2022/10/13 20:17:56 開始します(6372)
2022/10/13 20:17:56 非実行(6372)
2022/10/13 20:17:56 実行中(6372)
2022/10/13 20:18:57 終了しました(6372)
2022/12/19 17:25:45 開始します(6944)
2022/12/19 17:25:45 非実行(6944)
2022/12/19 17:25:45 実行中(6944)
2022/12/19 17:26:50 終了しました(6944)
2023/01/16 17:30:23 開始します(7376)
2023/01/16 17:30:23 非実行(7376)
2023/01/16 17:30:23 実行中(7376)
2023/01/16 17:32:10 終了しました(7376)
2023/01/17 22:37:12 開始します(6332)
2023/01/17 22:37:12 非実行(6332)
2023/01/17 22:37:12 実行中(6332)
2023/01/17 22:39:00 終了しました(6332)
2023/01/18 14:28:17 開始します(868)
2023/01/18 14:28:17 非実行(868)
2023/01/18 14:28:17 実行中(868)
2023/01/18 14:30:07 終了しました(868)
2023/01/24 13:44:44 開始します(3120)
2023/01/24 13:44:44 非実行(3120)
2023/01/24 13:44:44 実行中(3120)
2023/01/24 13:46:32 終了しました(3120)
2023/03/28 19:40:14 開始します(3492)
2023/03/28 19:40:14 非実行(3492)
2023/03/28 19:40:14 実行中(3492)
2023/03/28 19:42:01 終了しました(3492)
2023/04/25 18:18:41 開始します(5300)
2023/04/25 18:18:41 非実行(5300)
2023/04/25 18:18:41 実行中(5300)
2023/04/25 18:20:20 終了しました(5300)
2023/05/15 19:24:36 開始します(3132)
2023/05/15 19:24:36 非実行(3132)
2023/05/15 19:24:36 実行中(3132)
2023/05/15 19:26:29 終了しました(3132)
2023/05/16 17:32:25 開始します(6300)
2023/05/16 17:32:25 非実行(6300)
2023/05/16 17:32:25 実行中(6300)
2023/05/16 17:34:36 終了しました(6300)
2023/06/13 19:17:04 開始します(6880)
2023/06/13 19:17:04 非実行(6880)
2023/06/13 19:17:04 実行中(6880)
2023/06/13 19:18:48 終了しました(6880)
2023/09/08 18:20:33 開始します(4820)
2023/09/08 18:20:33 非実行(4820)
2023/09/08 18:20:33 実行中(4820)
2023/09/08 18:22:13 終了しました(4820)
2023/09/14 17:42:18 開始します(5156)
2023/09/14 17:42:18 非実行(5156)
2023/09/14 17:42:18 実行中(5156)
2023/09/14 17:44:05 終了しました(5156)
2023/09/28 19:25:29 開始します(1464)
2023/09/28 19:25:29 非実行(1464)
2023/09/28 19:25:29 実行中(1464)
2023/09/28 19:27:23 終了しました(1464)
2023/10/25 17:34:47 開始します(4000)
2023/10/25 17:34:47 非実行(4000)
2023/10/25 17:34:47 実行中(4000)
2023/10/25 17:36:49 終了しました(4000)
2024/01/29 19:53:24 開始します(8164)
2024/01/29 19:53:24 非実行(8164)
2024/01/29 19:53:24 実行中(8164)
2024/01/29 19:55:01 終了しました(8164)
2024/07/11 09:12:08 開始します(1340)
2024/07/11 09:12:08 非実行(1340)
2024/07/11 09:12:08 実行中(1340)
2024/07/11 09:12:09 終了しました(1340)
2024/07/11 09:15:19 開始します(7928)
2024/07/11 09:15:19 非実行(7928)
2024/07/11 09:15:19 実行中(7928)
2024/07/11 09:15:19 終了しました(7928)
2024/07/11 09:16:24 開始します(7984)
2024/07/11 09:16:24 非実行(7984)
2024/07/11 09:16:24 実行中(7984)
2024/07/11 09:16:25 終了しました(7984)
2024/07/11 09:17:19 開始します(6268)
2024/07/11 09:17:19 非実行(6268)
2024/07/11 09:17:19 実行中(6268)
2024/07/11 09:17:24 終了しました(6268)
2024/07/11 09:18:06 開始します(4300)
2024/07/11 09:18:06 非実行(4300)
2024/07/11 09:18:06 実行中(4300)
2024/07/11 09:18:42 終了しました(4300)
2024/07/11 09:19:36 開始します(3272)
2024/07/11 09:19:36 非実行(3272)
2024/07/11 09:19:36 実行中(3272)
2024/07/11 09:20:12 終了しました(3272)
2024/07/11 09:23:30 開始します(4980)
2024/07/11 09:23:30 非実行(4980)
2024/07/11 09:23:30 実行中(4980)
2024/07/11 09:36:23 終了しました(4980)
2024/07/11 09:36:49 開始します(7988)
2024/07/11 09:36:49 非実行(7988)
2024/07/11 09:36:49 実行中(7988)
2024/07/11 09:37:38 終了しました(7988)
2024/07/11 09:43:46 開始します(1852)
2024/07/11 09:43:46 非実行(1852)
2024/07/11 09:43:46 実行中(1852)
2024/07/11 09:43:47 終了しました(1852)
2024/07/11 09:44:25 開始します(9180)
2024/07/11 09:44:25 非実行(9180)
2024/07/11 09:44:25 実行中(9180)
2024/07/11 09:45:15 終了しました(9180)
2024/07/11 11:17:08 開始します(9296)
2024/07/11 11:17:08 非実行(9296)
2024/07/11 11:17:08 実行中(9296)
2024/07/11 11:18:07 終了しました(9296)
2024/07/11 14:12:58 開始します(6556)
2024/07/11 14:12:58 非実行(6556)
2024/07/11 14:12:58 実行中(6556)
2024/07/11 14:13:53 終了しました(6556)
2024/07/11 15:21:13 開始します(8820)
2024/07/11 15:21:13 非実行(8820)
2024/07/11 15:21:13 実行中(8820)
2024/07/11 15:22:08 終了しました(8820)
2024/07/11 15:24:59 開始します(6568)
2024/07/11 15:24:59 非実行(6568)
2024/07/11 15:24:59 実行中(6568)
2024/07/11 15:25:55 終了しました(6568)
2024/07/11 16:10:38 開始します(2728)
2024/07/11 16:10:38 非実行(2728)
2024/07/11 16:10:38 実行中(2728)
2024/07/11 16:11:35 終了しました(2728)
2024/07/11 16:29:23 開始します(4972)
2024/07/11 16:29:23 非実行(4972)
2024/07/11 16:29:23 実行中(4972)
2024/07/11 16:30:22 終了しました(4972)
2024/07/12 14:58:22 開始します(7676)
2024/07/12 14:58:22 非実行(7676)
2024/07/12 14:58:22 実行中(7676)
2024/07/12 14:59:21 終了しました(7676)
2024/08/16 09:13:13 開始します(11092)
2024/08/16 09:13:13 非実行(11092)
2024/08/16 09:13:13 実行中(11092)
2024/08/16 09:17:17 終了しました(11092)
2024/08/22 16:42:23 開始します(3568)
2024/08/22 16:42:23 非実行(3568)
2024/08/22 16:42:23 実行中(3568)
2024/08/22 16:45:56 終了しました(3568)
2024/08/23 10:29:01 開始します(11060)
2024/08/23 10:29:01 非実行(11060)
2024/08/23 10:29:01 実行中(11060)
2024/08/23 10:32:35 終了しました(11060)
2024/08/23 10:40:06 開始します(10468)
2024/08/23 10:40:06 非実行(10468)
2024/08/23 10:40:06 実行中(10468)
2024/08/23 10:43:39 終了しました(10468)
2024/08/23 10:48:33 開始します(6344)
2024/08/23 10:48:33 非実行(6344)
2024/08/23 10:48:33 実行中(6344)
2024/08/23 10:48:36 終了しました(6344)
2024/08/27 13:22:05 開始します(2148)
2024/08/27 13:22:05 非実行(2148)
2024/08/27 13:22:05 実行中(2148)
2024/08/27 13:25:40 終了しました(2148)
2024/08/28 15:04:02 開始します(10768)
2024/08/28 15:04:02 非実行(10768)
2024/08/28 15:04:02 実行中(10768)
2024/08/28 15:07:28 終了しました(10768)
2024/09/17 16:32:13 開始します(5544)
2024/09/17 16:32:13 非実行(5544)
2024/09/17 16:32:13 実行中(5544)
2024/09/17 16:35:22 終了しました(5544)
2024/09/18 09:40:25 開始します(5292)
2024/09/18 09:40:25 非実行(5292)
2024/09/18 09:40:25 実行中(5292)
2024/09/18 09:44:16 終了しました(5292)
2024/09/18 20:09:24 開始します(10452)
2024/09/18 20:09:24 非実行(10452)
2024/09/18 20:09:24 実行中(10452)
2024/09/18 20:12:04 終了しました(10452)
2024/09/20 02:50:07 開始します(2272)
2024/09/20 02:50:07 非実行(2272)
2024/09/20 02:50:07 実行中(2272)
2024/09/20 02:53:05 終了しました(2272)
2024/09/23 02:56:31 開始します(11928)
2024/09/23 02:56:31 非実行(11928)
2024/09/23 02:56:31 実行中(11928)
2024/09/23 03:00:36 終了しました(11928)
2024/09/26 06:14:39 開始します(6660)
2024/09/26 06:14:39 非実行(6660)
2024/09/26 06:14:39 実行中(6660)
2024/09/26 06:18:38 終了しました(6660)
2024/09/27 06:36:46 開始します(6368)
2024/09/27 06:36:46 非実行(6368)
2024/09/27 06:36:46 実行中(6368)
2024/09/27 06:40:44 終了しました(6368)
2024/09/28 07:03:32 開始します(6436)
2024/09/28 07:03:32 非実行(6436)
2024/09/28 07:03:32 実行中(6436)
2024/09/28 07:07:29 終了しました(6436)
2024/09/29 06:14:25 開始します(11432)
2024/09/29 06:14:25 非実行(11432)
2024/09/29 06:14:25 実行中(11432)
2024/09/29 06:18:22 終了しました(11432)
2024/10/02 01:07:20 開始します(1336)
2024/10/02 01:07:20 非実行(1336)
2024/10/02 01:07:20 実行中(1336)
2024/10/02 01:10:19 終了しました(1336)
2024/10/03 01:37:55 開始します(7968)
2024/10/03 01:37:55 非実行(7968)
2024/10/03 01:37:55 実行中(7968)
2024/10/03 01:40:56 終了しました(7968)
2024/10/04 04:05:40 開始します(13080)
2024/10/04 04:05:40 非実行(13080)
2024/10/04 04:05:40 実行中(13080)
2024/10/04 04:08:42 終了しました(13080)
2024/10/05 04:33:56 開始します(10396)
2024/10/05 04:33:56 非実行(10396)
2024/10/05 04:33:56 実行中(10396)
2024/10/05 04:38:04 終了しました(10396)
2024/10/08 04:31:40 開始します(6956)
2024/10/08 04:31:40 非実行(6956)
2024/10/08 04:31:40 実行中(6956)
2024/10/08 04:34:41 終了しました(6956)
2024/10/09 03:58:05 開始します(4896)
2024/10/09 03:58:05 非実行(4896)
2024/10/09 03:58:05 実行中(4896)
2024/10/09 04:01:05 終了しました(4896)
2024/10/10 04:36:25 開始します(12704)
2024/10/10 04:36:25 非実行(12704)
2024/10/10 04:36:25 実行中(12704)
2024/10/10 04:39:24 終了しました(12704)
2024/10/11 03:44:31 開始します(3032)
2024/10/11 03:44:31 非実行(3032)
2024/10/11 03:44:31 実行中(3032)
2024/10/11 03:47:05 終了しました(3032)
2024/10/13 05:29:41 開始します(5184)
2024/10/13 05:29:41 非実行(5184)
2024/10/13 05:29:41 実行中(5184)
2024/10/13 05:32:44 終了しました(5184)
2024/10/16 04:05:29 開始します(5464)
2024/10/16 04:05:29 非実行(5464)
2024/10/16 04:05:29 実行中(5464)
2024/10/16 04:08:33 終了しました(5464)
2024/10/17 03:16:35 開始します(6156)
2024/10/17 03:16:35 非実行(6156)
2024/10/17 03:16:35 実行中(6156)
2024/10/17 03:19:14 終了しました(6156)
2024/10/18 08:53:23 開始します(5900)
2024/10/18 08:53:23 非実行(5900)
2024/10/18 08:53:23 実行中(5900)
2024/10/18 08:56:03 終了しました(5900)
2024/10/19 02:47:29 開始します(3416)
2024/10/19 02:47:29 非実行(3416)
2024/10/19 02:47:29 実行中(3416)
2024/10/19 02:50:32 終了しました(3416)
2024/10/22 00:56:22 開始します(7184)
2024/10/22 00:56:22 非実行(7184)
2024/10/22 00:56:22 実行中(7184)
2024/10/22 00:59:02 終了しました(7184)
2024/10/23 01:13:24 開始します(3892)
2024/10/23 01:13:24 非実行(3892)
2024/10/23 01:13:24 実行中(3892)
2024/10/23 01:16:05 終了しました(3892)
2024/10/24 02:44:18 開始します(3520)
2024/10/24 02:44:18 非実行(3520)
2024/10/24 02:44:18 実行中(3520)
2024/10/24 02:47:22 終了しました(3520)
2024/10/25 04:08:21 開始します(4676)
2024/10/25 04:08:21 非実行(4676)
2024/10/25 04:08:21 実行中(4676)
2024/10/25 04:10:37 終了しました(4676)
2024/10/27 14:04:36 開始します(6432)
2024/10/27 14:04:36 非実行(6432)
2024/10/27 14:04:36 実行中(6432)
2024/10/27 14:07:05 終了しました(6432)
2024/10/29 01:07:31 開始します(7820)
2024/10/29 01:07:31 非実行(7820)
2024/10/29 01:07:31 実行中(7820)
2024/10/29 01:09:37 終了しました(7820)
2024/10/30 00:09:38 開始します(3340)
2024/10/30 00:09:38 非実行(3340)
2024/10/30 00:09:38 実行中(3340)
2024/10/30 00:09:58 終了しました(3340)
2024/10/30 23:38:30 開始します(1872)
2024/10/30 23:38:30 非実行(1872)
2024/10/30 23:38:30 実行中(1872)
2024/10/30 23:38:49 終了しました(1872)
2024/11/01 00:21:39 開始します(4524)
2024/11/01 00:21:39 非実行(4524)
2024/11/01 00:21:39 実行中(4524)
2024/11/01 00:21:59 終了しました(4524)
2024/11/03 20:57:28 開始します(7108)
2024/11/03 20:57:28 非実行(7108)
2024/11/03 20:57:28 実行中(7108)
2024/11/03 21:00:00 終了しました(7108)
2024/11/05 23:53:35 開始します(6140)
2024/11/05 23:53:35 非実行(6140)
2024/11/05 23:53:35 実行中(6140)
2024/11/05 23:53:42 終了しました(6140)
2024/11/07 06:45:25 開始します(1372)
2024/11/07 06:45:25 非実行(1372)
2024/11/07 06:45:25 実行中(1372)
2024/11/07 06:48:42 終了しました(1372)
2024/11/08 05:50:58 開始します(7700)
2024/11/08 05:50:58 非実行(7700)
2024/11/08 05:50:58 実行中(7700)
2024/11/08 05:54:13 終了しました(7700)
2024/11/09 07:17:30 開始します(6076)
2024/11/09 07:17:30 非実行(6076)
2024/11/09 07:17:30 実行中(6076)
2024/11/09 07:20:51 終了しました(6076)
2024/11/12 03:53:51 開始します(5128)
2024/11/12 03:53:51 非実行(5128)
2024/11/12 03:53:51 実行中(5128)
2024/11/12 03:56:45 終了しました(5128)
2024/11/13 06:38:34 開始します(2264)
2024/11/13 06:38:34 非実行(2264)
2024/11/13 06:38:34 実行中(2264)
2024/11/13 06:42:04 終了しました(2264)
2024/11/14 07:30:06 開始します(2056)
2024/11/14 07:30:06 非実行(2056)
2024/11/14 07:30:06 実行中(2056)
2024/11/14 07:34:12 終了しました(2056)
2024/11/15 07:09:42 開始します(7272)
2024/11/15 07:09:42 非実行(7272)
2024/11/15 07:09:42 実行中(7272)
2024/11/15 07:13:43 終了しました(7272)
2024/11/17 05:39:58 開始します(8184)
2024/11/17 05:39:58 非実行(8184)
2024/11/17 05:39:58 実行中(8184)
2024/11/17 05:43:36 終了しました(8184)
2024/11/19 07:48:34 開始します(8296)
2024/11/19 07:48:34 非実行(8296)
2024/11/19 07:48:34 実行中(8296)
2024/11/19 07:52:31 終了しました(8296)
2024/11/20 07:34:38 開始します(4016)
2024/11/20 07:34:38 非実行(4016)
2024/11/20 07:34:38 実行中(4016)
2024/11/20 07:38:34 終了しました(4016)
2024/11/20 22:22:16 開始します(1980)
2024/11/20 22:22:16 非実行(1980)
2024/11/20 22:22:16 実行中(1980)
2024/11/20 22:24:46 終了しました(1980)
2024/11/22 11:33:46 開始します(7956)
2024/11/22 11:33:46 非実行(7956)
2024/11/22 11:33:46 実行中(7956)
2024/11/22 11:37:32 終了しました(7956)
2024/12/05 00:15:53 開始します(5528)
2024/12/05 00:15:53 非実行(5528)
2024/12/05 00:15:53 実行中(5528)
2024/12/05 00:19:11 終了しました(5528)
2024/12/06 02:33:29 開始します(9600)
2024/12/06 02:33:29 非実行(9600)
2024/12/06 02:33:29 実行中(9600)
2024/12/06 02:36:47 終了しました(9600)
2024/12/07 04:48:48 開始します(8748)
2024/12/07 04:48:48 非実行(8748)
2024/12/07 04:48:48 実行中(8748)
2024/12/09 09:11:56 開始します(8320)
2024/12/09 09:11:56 非実行(8320)
2024/12/09 09:11:56 実行中(8320)
2024/12/09 09:11:58 終了しました(8320)
2024/12/09 09:12:05 開始します(4040)
2024/12/09 09:12:05 非実行(4040)
2024/12/09 09:12:05 実行中(4040)
2024/12/09 09:12:07 終了しました(4040)
2024/12/09 09:12:46 開始します(8300)
2024/12/09 09:12:46 非実行(8300)
2024/12/09 09:12:46 実行中(8300)
2024/12/09 09:12:48 終了しました(8300)
2024/12/09 09:18:47 開始します(6116)
2024/12/09 09:18:47 非実行(6116)
2024/12/09 09:18:47 実行中(6116)
2024/12/09 09:18:48 終了しました(6116)
2024/12/09 09:26:28 開始します(7292)
2024/12/09 09:26:28 非実行(7292)
2024/12/09 09:26:28 実行中(7292)
2024/12/09 09:26:29 終了しました(7292)
2024/12/09 09:36:13 開始します(6592)
2024/12/09 09:36:13 非実行(6592)
2024/12/09 09:36:13 実行中(6592)
2024/12/09 09:36:19 終了しました(6592)
2024/12/09 09:36:22 開始します(4416)
2024/12/09 09:36:22 非実行(4416)
2024/12/09 09:36:22 実行中(4416)
2024/12/09 09:36:24 終了しました(4416)
2024/12/09 09:36:29 開始します(7860)
2024/12/09 09:36:29 非実行(7860)
2024/12/09 09:36:29 実行中(7860)
2024/12/09 09:36:31 終了しました(7860)
2024/12/09 09:36:35 開始します(456)
2024/12/09 09:36:35 非実行(456)
2024/12/09 09:36:35 実行中(456)
2024/12/09 09:36:37 終了しました(456)
2024/12/09 10:02:09 開始します(4952)
2024/12/09 10:02:09 非実行(4952)
2024/12/09 10:02:09 実行中(4952)
2024/12/09 10:02:11 終了しました(4952)
2024/12/09 10:18:15 開始します(604)
2024/12/09 10:18:15 非実行(604)
2024/12/09 10:18:15 実行中(604)
2024/12/09 10:18:17 終了しました(604)
2024/12/09 13:10:06 開始します(7376)
2024/12/09 13:10:06 非実行(7376)
2024/12/09 13:10:06 実行中(7376)
2024/12/09 13:10:15 終了しました(7376)
2024/12/11 05:10:08 開始します(8604)
2024/12/11 05:10:08 非実行(8604)
2024/12/11 05:10:08 実行中(8604)
2024/12/11 05:13:01 終了しました(8604)
2024/12/12 06:23:40 開始します(9208)
2024/12/12 06:23:40 非実行(9208)
2024/12/12 06:23:40 実行中(9208)
2024/12/12 06:26:41 終了しました(9208)
2024/12/13 03:22:39 開始します(8440)
2024/12/13 03:22:39 非実行(8440)
2024/12/13 03:22:39 実行中(8440)
2024/12/13 03:25:37 終了しました(8440)
2024/12/16 03:53:35 開始します(1376)
2024/12/16 03:53:35 非実行(1376)
2024/12/16 03:53:35 実行中(1376)
2024/12/16 03:56:38 終了しました(1376)
2024/12/17 06:35:44 開始します(6420)
2024/12/17 06:35:44 非実行(6420)
2024/12/17 06:35:44 実行中(6420)
2024/12/17 06:38:43 終了しました(6420)
2024/12/18 07:57:51 開始します(8244)
2024/12/18 07:57:51 非実行(8244)
2024/12/18 07:57:51 実行中(8244)
2024/12/18 08:01:10 終了しました(8244)
2024/12/19 08:14:56 開始します(1240)
2024/12/19 08:14:56 非実行(1240)
2024/12/19 08:14:56 実行中(1240)
2024/12/19 08:18:12 終了しました(1240)
2024/12/20 11:42:28 開始します(9832)
2024/12/20 11:42:28 非実行(9832)
2024/12/20 11:42:28 実行中(9832)
2024/12/20 11:46:30 終了しました(9832)
2024/12/21 09:46:49 開始します(5440)
2024/12/21 09:46:49 非実行(5440)
2024/12/21 09:46:49 実行中(5440)
2024/12/21 09:50:49 終了しました(5440)
2024/12/22 12:17:36 開始します(8596)
2024/12/22 12:17:36 非実行(8596)
2024/12/22 12:17:36 実行中(8596)
2024/12/22 12:21:32 終了しました(8596)
2024/12/24 04:38:15 開始します(9308)
2024/12/24 04:38:15 非実行(9308)
2024/12/24 04:38:15 実行中(9308)
2024/12/24 04:42:17 終了しました(9308)
2024/12/27 00:42:00 開始します(2452)
2024/12/27 00:42:00 非実行(2452)
2024/12/27 00:42:00 実行中(2452)
2024/12/27 00:45:26 終了しました(2452)
2025/01/24 14:59:36 開始します(9504)
2025/01/24 14:59:36 非実行(9504)
2025/01/24 14:59:36 実行中(9504)
2025/01/24 15:02:22 終了しました(9504)
2025/01/31 14:24:48 開始します(2408)
2025/01/31 14:24:48 非実行(2408)
2025/01/31 14:24:48 実行中(2408)
2025/01/31 14:24:53 終了しました(2408)
2025/01/31 17:30:53 開始します(2408)
2025/01/31 17:30:53 非実行(2408)
2025/01/31 17:30:53 実行中(2408)
2025/01/31 17:30:54 終了しました(2408)
2025/02/05 05:09:07 開始します(6152)
2025/02/05 05:09:07 非実行(6152)
2025/02/05 05:09:07 実行中(6152)
2025/02/05 05:11:38 終了しました(6152)
2025/02/05 14:46:13 開始します(6384)
2025/02/05 14:46:13 非実行(6384)
2025/02/05 14:46:13 実行中(6384)
2025/02/05 14:48:55 終了しました(6384)
2025/02/05 15:05:12 開始します(5264)
2025/02/05 15:05:12 非実行(5264)
2025/02/05 15:05:12 実行中(5264)
2025/02/05 15:50:57 終了しました(5264)
2025/02/06 05:08:33 開始します(4460)
2025/02/06 05:08:33 非実行(4460)
2025/02/06 05:08:33 実行中(4460)
2025/02/06 05:12:32 終了しました(4460)
2025/02/08 00:12:42 開始します(6716)
2025/02/08 00:12:42 非実行(6716)
2025/02/08 00:12:42 実行中(6716)
2025/02/08 00:15:18 終了しました(6716)
2025/02/11 00:56:45 開始します(8900)
2025/02/11 00:56:45 非実行(8900)
2025/02/11 00:56:45 実行中(8900)
2025/02/11 00:59:24 終了しました(8900)
2025/02/13 22:44:48 開始します(10524)
2025/02/13 22:44:48 非実行(10524)
2025/02/13 22:44:48 実行中(10524)
2025/02/13 22:47:27 終了しました(10524)
2025/02/14 15:52:42 開始します(2628)
2025/02/14 15:52:42 非実行(2628)
2025/02/14 15:52:42 実行中(2628)
2025/02/14 15:55:22 終了しました(2628)
2025/02/15 15:20:05 開始します(7308)
2025/02/15 15:20:05 非実行(7308)
2025/02/15 15:20:05 実行中(7308)
2025/02/15 15:24:07 終了しました(7308)
2025/02/18 04:44:03 開始します(3888)
2025/02/18 04:44:03 非実行(3888)
2025/02/18 04:44:03 実行中(3888)
2025/02/18 04:46:43 終了しました(3888)
2025/02/19 02:43:15 開始します(9016)
2025/02/19 02:43:15 非実行(9016)
2025/02/19 02:43:15 実行中(9016)
2025/02/19 02:45:55 終了しました(9016)
2025/02/19 23:48:39 開始します(9912)
2025/02/19 23:48:39 非実行(9912)
2025/02/19 23:48:39 実行中(9912)
2025/02/19 23:52:40 終了しました(9912)
2025/02/21 06:40:12 開始します(2932)
2025/02/21 06:40:12 非実行(2932)
2025/02/21 06:40:12 実行中(2932)
2025/02/21 06:42:53 終了しました(2932)
2025/02/22 03:58:59 開始します(3040)
2025/02/22 03:58:59 非実行(3040)
2025/02/22 03:58:59 実行中(3040)
2025/02/22 04:01:41 終了しました(3040)
2025/02/23 05:23:10 開始します(832)
2025/02/23 05:23:10 非実行(832)
2025/02/23 05:23:10 実行中(832)
2025/02/23 05:25:51 終了しました(832)
2025/02/27 03:49:28 開始します(4964)
2025/02/27 03:49:28 非実行(4964)
2025/02/27 03:49:28 実行中(4964)
2025/02/27 03:53:30 終了しました(4964)
2025/02/28 00:25:50 開始します(7484)
2025/02/28 00:25:50 非実行(7484)
2025/02/28 00:25:50 実行中(7484)
2025/02/28 00:29:54 終了しました(7484)
2025/02/28 16:28:07 開始します(1332)
2025/02/28 16:28:07 非実行(1332)
2025/02/28 16:28:07 実行中(1332)
2025/02/28 16:30:32 終了しました(1332)
2025/03/01 00:12:51 開始します(4692)
2025/03/01 00:12:51 非実行(4692)
2025/03/01 00:12:51 実行中(4692)
2025/03/01 00:16:56 終了しました(4692)
2025/03/07 22:11:39 開始します(7280)
2025/03/07 22:11:39 非実行(7280)
2025/03/07 22:11:39 実行中(7280)
2025/03/07 22:15:14 終了しました(7280)
2025/03/10 22:11:24 開始します(6912)
2025/03/10 22:11:24 非実行(6912)
2025/03/10 22:11:24 実行中(6912)
2025/03/10 22:14:19 終了しました(6912)
2025/03/11 22:11:34 開始します(1364)
2025/03/11 22:11:34 非実行(1364)
2025/03/11 22:11:34 実行中(1364)
2025/03/11 22:14:21 終了しました(1364)
2025/03/12 22:11:57 開始します(9484)
2025/03/12 22:11:57 非実行(9484)
2025/03/12 22:11:57 実行中(9484)
2025/03/12 22:15:57 終了しました(9484)
2025/03/13 22:11:49 開始します(6720)
2025/03/13 22:11:49 非実行(6720)
2025/03/13 22:11:49 実行中(6720)
2025/03/13 22:15:07 終了しました(6720)
2025/03/14 22:11:36 開始します(7452)
2025/03/14 22:11:36 非実行(7452)
2025/03/14 22:11:36 実行中(7452)
2025/03/14 22:14:17 終了しました(7452)
2025/03/15 22:11:31 開始します(7660)
2025/03/15 22:11:31 非実行(7660)
2025/03/15 22:11:31 実行中(7660)
2025/03/15 22:14:14 終了しました(7660)
2025/03/16 22:11:31 開始します(7668)
2025/03/16 22:11:31 非実行(7668)
2025/03/16 22:11:31 実行中(7668)
2025/03/16 22:14:16 終了しました(7668)
2025/03/17 22:11:35 開始します(2164)
2025/03/17 22:11:35 非実行(2164)
2025/03/17 22:11:35 実行中(2164)
2025/03/17 22:14:15 終了しました(2164)
2025/03/18 22:11:35 開始します(10308)
2025/03/18 22:11:35 非実行(10308)
2025/03/18 22:11:35 実行中(10308)
2025/03/18 22:14:31 終了しました(10308)
2025/03/19 22:11:49 開始します(11516)
2025/03/19 22:11:49 非実行(11516)
2025/03/19 22:11:49 実行中(11516)
2025/03/19 22:15:08 終了しました(11516)
2025/03/20 22:11:50 開始します(1880)
2025/03/20 22:11:50 非実行(1880)
2025/03/20 22:11:50 実行中(1880)
2025/03/20 22:15:17 終了しました(1880)
2025/03/21 22:11:54 開始します(7740)
2025/03/21 22:11:54 非実行(7740)
2025/03/21 22:11:54 実行中(7740)
2025/03/21 22:15:21 終了しました(7740)
2025/03/24 22:11:34 開始します(10940)
2025/03/24 22:11:34 非実行(10940)
2025/03/24 22:11:34 実行中(10940)
2025/03/24 22:14:54 終了しました(10940)
2025/03/25 22:10:18 開始します(5396)
2025/03/25 22:10:18 非実行(5396)
2025/03/25 22:10:18 実行中(5396)
2025/03/25 22:13:19 終了しました(5396)
2025/03/26 22:11:52 開始します(1680)
2025/03/26 22:11:52 非実行(1680)
2025/03/26 22:11:52 実行中(1680)
2025/03/26 22:15:29 終了しました(1680)
2025/03/27 22:11:37 開始します(2448)
2025/03/27 22:11:37 非実行(2448)
2025/03/27 22:11:37 実行中(2448)
2025/03/27 22:14:21 終了しました(2448)
2025/03/28 21:49:37 開始します(9844)
2025/03/28 21:49:37 非実行(9844)
2025/03/28 21:49:37 実行中(9844)
2025/03/28 21:52:48 終了しました(9844)
2025/03/29 21:52:28 開始します(1360)
2025/03/29 21:52:28 非実行(1360)
2025/03/29 21:52:28 実行中(1360)
2025/03/29 21:55:25 終了しました(1360)
2025/03/30 21:47:56 開始します(7352)
2025/03/30 21:47:56 非実行(7352)
2025/03/30 21:47:56 実行中(7352)
2025/03/30 21:51:16 終了しました(7352)
2025/03/31 21:47:19 開始します(6576)
2025/03/31 21:47:19 非実行(6576)
2025/03/31 21:47:19 実行中(6576)
2025/03/31 21:50:30 終了しました(6576)
2025/04/01 21:39:22 開始します(8816)
2025/04/01 21:39:22 非実行(8816)
2025/04/01 21:39:22 実行中(8816)
2025/04/01 21:42:45 終了しました(8816)
2025/04/02 21:43:10 開始します(9820)
2025/04/02 21:43:10 非実行(9820)
2025/04/02 21:43:10 実行中(9820)
2025/04/02 21:46:10 終了しました(9820)
2025/04/03 21:42:14 開始します(6176)
2025/04/03 21:42:14 非実行(6176)
2025/04/03 21:42:14 実行中(6176)
2025/04/03 21:45:02 終了しました(6176)
2025/04/04 21:42:46 開始します(11436)
2025/04/04 21:42:46 非実行(11436)
2025/04/04 21:42:46 実行中(11436)
2025/04/04 21:45:37 終了しました(11436)
2025/04/05 21:40:35 開始します(6152)
2025/04/05 21:40:35 非実行(6152)
2025/04/05 21:40:35 実行中(6152)
2025/04/05 21:43:25 終了しました(6152)
2025/04/06 21:37:18 開始します(4060)
2025/04/06 21:37:18 非実行(4060)
2025/04/06 21:37:18 実行中(4060)
2025/04/06 21:39:47 終了しました(4060)
2025/04/07 21:37:30 開始します(7764)
2025/04/07 21:37:30 非実行(7764)
2025/04/07 21:37:30 実行中(7764)
2025/04/07 21:40:18 終了しました(7764)
2025/04/08 21:43:09 開始します(12012)
2025/04/08 21:43:09 非実行(12012)
2025/04/08 21:43:09 実行中(12012)
2025/04/08 21:46:12 終了しました(12012)
2025/04/09 21:53:57 開始します(3924)
2025/04/09 21:53:57 非実行(3924)
2025/04/09 21:53:57 実行中(3924)
2025/04/09 21:57:23 終了しました(3924)
2025/04/10 21:59:00 開始します(1932)
2025/04/10 21:59:00 非実行(1932)
2025/04/10 21:59:00 実行中(1932)
2025/04/10 22:01:31 終了しました(1932)
2025/04/11 22:11:55 開始します(9012)
2025/04/11 22:11:55 非実行(9012)
2025/04/11 22:11:55 実行中(9012)
2025/04/11 22:14:50 終了しました(9012)
2025/04/13 22:11:52 開始します(4192)
2025/04/13 22:11:52 非実行(4192)
2025/04/13 22:11:52 実行中(4192)
2025/04/13 22:14:49 終了しました(4192)
2025/04/14 22:11:57 開始します(6036)
2025/04/14 22:11:57 非実行(6036)
2025/04/14 22:11:57 実行中(6036)
2025/04/14 22:14:26 終了しました(6036)
2025/04/15 22:15:04 開始します(12340)
2025/04/15 22:15:04 非実行(12340)
2025/04/15 22:15:04 実行中(12340)
2025/04/15 22:18:34 終了しました(12340)
2025/04/16 22:29:40 開始します(6372)
2025/04/16 22:29:40 非実行(6372)
2025/04/16 22:29:40 実行中(6372)
2025/04/16 22:32:54 終了しました(6372)
2025/04/17 22:18:44 開始します(7020)
2025/04/17 22:18:44 非実行(7020)
2025/04/17 22:18:44 実行中(7020)
2025/04/17 22:21:52 終了しました(7020)
2025/04/18 22:18:11 開始します(4624)
2025/04/18 22:18:11 非実行(4624)
2025/04/18 22:18:11 実行中(4624)
2025/04/18 22:21:25 終了しました(4624)
2025/04/19 22:14:41 開始します(6008)
2025/04/19 22:14:41 非実行(6008)
2025/04/19 22:14:41 実行中(6008)
2025/04/19 22:18:02 終了しました(6008)
2025/04/20 22:14:01 開始します(5308)
2025/04/20 22:14:01 非実行(5308)
2025/04/20 22:14:01 実行中(5308)
2025/04/20 22:16:34 終了しました(5308)
2025/04/21 22:15:52 開始します(2268)
2025/04/21 22:15:52 非実行(2268)
2025/04/21 22:15:52 実行中(2268)
2025/04/21 22:18:24 終了しました(2268)
2025/04/22 22:11:42 開始します(2064)
2025/04/22 22:11:42 非実行(2064)
2025/04/22 22:11:42 実行中(2064)
2025/04/22 22:14:13 終了しました(2064)
2025/04/23 22:18:58 開始します(1524)
2025/04/23 22:18:58 非実行(1524)
2025/04/23 22:18:58 実行中(1524)
2025/04/23 22:22:55 終了しました(1524)
2025/04/24 22:11:58 開始します(2492)
2025/04/24 22:11:58 非実行(2492)
2025/04/24 22:11:58 実行中(2492)
2025/04/24 22:14:06 終了しました(2492)
2025/04/25 22:11:51 開始します(2092)
2025/04/25 22:11:51 非実行(2092)
2025/04/25 22:11:51 実行中(2092)
2025/04/25 22:14:28 終了しました(2092)
2025/04/26 22:12:06 開始します(1952)
2025/04/26 22:12:06 非実行(1952)
2025/04/26 22:12:06 実行中(1952)
2025/04/26 22:15:24 終了しました(1952)
2025/04/27 22:11:50 開始します(3796)
2025/04/27 22:11:50 非実行(3796)
2025/04/27 22:11:50 実行中(3796)
2025/04/27 22:14:19 終了しました(3796)
2025/04/28 22:11:46 開始します(2484)
2025/04/28 22:11:46 非実行(2484)
2025/04/28 22:11:46 実行中(2484)
2025/04/28 22:14:14 終了しました(2484)
2025/04/29 22:11:41 開始します(4000)
2025/04/29 22:11:41 非実行(4000)
2025/04/29 22:11:41 実行中(4000)
2025/04/29 22:14:15 終了しました(4000)
2025/04/30 22:11:43 開始します(2500)
2025/04/30 22:11:43 非実行(2500)
2025/04/30 22:11:43 実行中(2500)
2025/04/30 22:15:23 終了しました(2500)
2025/05/01 22:11:46 開始します(6492)
2025/05/01 22:11:46 非実行(6492)
2025/05/01 22:11:46 実行中(6492)
2025/05/01 22:14:10 終了しました(6492)
2025/05/02 22:11:44 開始します(6336)
2025/05/02 22:11:44 非実行(6336)
2025/05/02 22:11:44 実行中(6336)
2025/05/02 22:14:29 終了しました(6336)
2025/05/03 22:11:31 開始します(5212)
2025/05/03 22:11:31 非実行(5212)
2025/05/03 22:11:31 実行中(5212)
2025/05/03 22:13:59 終了しました(5212)
2025/05/04 22:11:43 開始します(4456)
2025/05/04 22:11:43 非実行(4456)
2025/05/04 22:11:43 実行中(4456)
2025/05/04 22:14:13 終了しました(4456)
2025/05/05 22:11:47 開始します(5692)
2025/05/05 22:11:47 非実行(5692)
2025/05/05 22:11:47 実行中(5692)
2025/05/05 22:14:17 終了しました(5692)
2025/05/06 22:11:39 開始します(440)
2025/05/06 22:11:39 非実行(440)
2025/05/06 22:11:39 実行中(440)
2025/05/06 22:13:54 終了しました(440)
2025/05/07 22:11:58 開始します(4092)
2025/05/07 22:11:58 非実行(4092)
2025/05/07 22:11:58 実行中(4092)
2025/05/07 22:14:16 終了しました(4092)
2025/05/08 22:11:47 開始します(8828)
2025/05/08 22:11:47 非実行(8828)
2025/05/08 22:11:47 実行中(8828)
2025/05/08 22:13:42 終了しました(8828)
2025/05/09 22:11:40 開始します(6736)
2025/05/09 22:11:40 非実行(6736)
2025/05/09 22:11:40 実行中(6736)
2025/05/09 22:13:35 終了しました(6736)
2025/05/10 22:11:54 開始します(6564)
2025/05/10 22:11:54 非実行(6564)
2025/05/10 22:11:54 実行中(6564)
2025/05/10 22:15:01 終了しました(6564)
2025/05/11 22:11:54 開始します(6932)
2025/05/11 22:11:54 非実行(6932)
2025/05/11 22:11:54 実行中(6932)
2025/05/11 22:15:12 終了しました(6932)
2025/05/12 22:11:45 開始します(7120)
2025/05/12 22:11:45 非実行(7120)
2025/05/12 22:11:45 実行中(7120)
2025/05/12 22:15:02 終了しました(7120)
2025/05/13 22:12:00 開始します(6720)
2025/05/13 22:12:00 非実行(6720)
2025/05/13 22:12:00 実行中(6720)
2025/05/13 22:15:05 終了しました(6720)
2025/05/14 22:11:34 開始します(6036)
2025/05/14 22:11:34 非実行(6036)
2025/05/14 22:11:34 実行中(6036)
2025/05/14 22:15:02 終了しました(6036)
2025/05/15 23:28:18 開始します(6828)
2025/05/15 23:28:18 非実行(6828)
2025/05/15 23:28:18 実行中(6828)
2025/05/15 23:32:37 終了しました(6828)
2025/05/16 22:25:41 開始します(2912)
2025/05/16 22:25:41 非実行(2912)
2025/05/16 22:25:41 実行中(2912)
2025/05/16 22:29:27 終了しました(2912)
2025/05/17 22:12:06 開始します(5304)
2025/05/17 22:12:06 非実行(5304)
2025/05/17 22:12:06 実行中(5304)
2025/05/17 22:15:19 終了しました(5304)
2025/05/18 22:12:02 開始します(2560)
2025/05/18 22:12:02 非実行(2560)
2025/05/18 22:12:02 実行中(2560)
2025/05/18 22:14:30 終了しました(2560)
2025/05/19 22:18:13 開始します(164)
2025/05/19 22:18:13 非実行(164)
2025/05/19 22:18:13 実行中(164)
2025/05/19 22:21:34 終了しました(164)
2025/05/20 22:11:45 開始します(2128)
2025/05/20 22:11:45 非実行(2128)
2025/05/20 22:11:45 実行中(2128)
2025/05/20 22:15:05 終了しました(2128)
2025/05/21 22:11:50 開始します(6548)
2025/05/21 22:11:50 非実行(6548)
2025/05/21 22:11:50 実行中(6548)
2025/05/21 22:15:15 終了しました(6548)
2025/05/23 22:11:33 開始します(6212)
2025/05/23 22:11:33 非実行(6212)
2025/05/23 22:11:33 実行中(6212)
2025/05/23 22:14:13 終了しました(6212)
2025/05/24 22:11:23 開始します(3128)
2025/05/24 22:11:23 非実行(3128)
2025/05/24 22:11:23 実行中(3128)
2025/05/24 22:14:01 終了しました(3128)
2025/05/25 22:12:06 開始します(592)
2025/05/25 22:12:06 非実行(592)
2025/05/25 22:12:06 実行中(592)
2025/05/25 22:14:45 終了しました(592)
2025/05/26 22:11:34 開始します(7488)
2025/05/26 22:11:34 非実行(7488)
2025/05/26 22:11:34 実行中(7488)
2025/05/26 22:14:17 終了しました(7488)
2025/05/27 22:11:24 開始します(1184)
2025/05/27 22:11:24 非実行(1184)
2025/05/27 22:11:24 実行中(1184)
2025/05/27 22:13:51 終了しました(1184)
2025/05/28 22:11:30 開始します(4580)
2025/05/28 22:11:30 非実行(4580)
2025/05/28 22:11:30 実行中(4580)
2025/05/28 22:15:29 終了しました(4580)
2025/05/29 22:11:24 開始します(6924)
2025/05/29 22:11:24 非実行(6924)
2025/05/29 22:11:24 実行中(6924)
2025/05/29 22:14:30 終了しました(6924)
2025/05/30 22:11:24 開始します(1104)
2025/05/30 22:11:24 非実行(1104)
2025/05/30 22:11:24 実行中(1104)
2025/05/30 22:14:15 終了しました(1104)
2025/05/31 22:11:24 開始します(1480)
2025/05/31 22:11:24 非実行(1480)
2025/05/31 22:11:24 実行中(1480)
2025/05/31 22:14:08 終了しました(1480)
2025/06/01 22:11:24 開始します(3912)
2025/06/01 22:11:24 非実行(3912)
2025/06/01 22:11:24 実行中(3912)
2025/06/01 22:14:08 終了しました(3912)
2025/06/02 22:11:43 開始します(5128)
2025/06/02 22:11:43 非実行(5128)
2025/06/02 22:11:43 実行中(5128)
2025/06/02 22:14:33 終了しました(5128)
2025/06/03 22:11:26 開始します(5632)
2025/06/03 22:11:26 非実行(5632)
2025/06/03 22:11:26 実行中(5632)
2025/06/03 22:14:21 終了しました(5632)
2025/06/04 22:14:05 開始します(6964)
2025/06/04 22:14:05 非実行(6964)
2025/06/04 22:14:05 実行中(6964)
2025/06/04 22:18:25 終了しました(6964)
2025/06/05 22:11:25 開始します(5100)
2025/06/05 22:11:25 非実行(5100)
2025/06/05 22:11:25 実行中(5100)
2025/06/05 22:14:13 終了しました(5100)
2025/06/06 22:11:26 開始します(2536)
2025/06/06 22:11:26 非実行(2536)
2025/06/06 22:11:26 実行中(2536)
2025/06/06 22:13:55 終了しました(2536)
2025/06/07 22:11:27 開始します(5520)
2025/06/07 22:11:27 非実行(5520)
2025/06/07 22:11:27 実行中(5520)
2025/06/07 22:13:58 終了しました(5520)
2025/06/08 22:11:23 開始します(5736)
2025/06/08 22:11:23 非実行(5736)
2025/06/08 22:11:23 実行中(5736)
2025/06/08 22:13:55 終了しました(5736)
2025/06/09 22:11:33 開始します(4176)
2025/06/09 22:11:33 非実行(4176)
2025/06/09 22:11:33 実行中(4176)
2025/06/09 22:14:04 終了しました(4176)
2025/06/10 22:11:23 開始します(2616)
2025/06/10 22:11:23 非実行(2616)
2025/06/10 22:11:23 実行中(2616)
2025/06/10 22:14:00 終了しました(2616)
2025/06/11 22:26:02 開始します(7080)
2025/06/11 22:26:02 非実行(7080)
2025/06/11 22:26:02 実行中(7080)
2025/06/11 22:30:05 終了しました(7080)
2025/06/12 22:21:44 開始します(5844)
2025/06/12 22:21:44 非実行(5844)
2025/06/12 22:21:44 実行中(5844)
2025/06/12 22:24:21 終了しました(5844)
2025/06/13 22:26:15 開始します(3524)
2025/06/13 22:26:15 非実行(3524)
2025/06/13 22:26:15 実行中(3524)
2025/06/13 22:28:39 終了しました(3524)
2025/06/14 22:18:20 開始します(1876)
2025/06/14 22:18:20 非実行(1876)
2025/06/14 22:18:20 実行中(1876)
2025/06/14 22:20:43 終了しました(1876)
2025/06/15 22:12:49 開始します(564)
2025/06/15 22:12:49 非実行(564)
2025/06/15 22:12:49 実行中(564)
2025/06/15 22:15:12 終了しました(564)
2025/06/16 22:17:58 開始します(5376)
2025/06/16 22:17:58 非実行(5376)
2025/06/16 22:17:58 実行中(5376)
2025/06/16 22:20:27 終了しました(5376)
2025/06/17 22:21:36 開始します(6184)
2025/06/17 22:21:36 非実行(6184)
2025/06/17 22:21:36 実行中(6184)
2025/06/17 22:24:17 終了しました(6184)
2025/06/18 22:36:43 開始します(7972)
2025/06/18 22:36:43 非実行(7972)
2025/06/18 22:36:43 実行中(7972)
2025/06/18 22:40:57 終了しました(7972)
2025/06/19 22:23:33 開始します(6924)
2025/06/19 22:23:33 非実行(6924)
2025/06/19 22:23:33 実行中(6924)
2025/06/19 22:26:06 終了しました(6924)
2025/06/20 22:21:30 開始します(1044)
2025/06/20 22:21:30 非実行(1044)
2025/06/20 22:21:30 実行中(1044)
2025/06/20 22:23:54 終了しました(1044)
2025/06/21 22:18:36 開始します(6000)
2025/06/21 22:18:36 非実行(6000)
2025/06/21 22:18:36 実行中(6000)
2025/06/21 22:20:58 終了しました(6000)
2025/06/22 22:13:08 開始します(5596)
2025/06/22 22:13:08 非実行(5596)
2025/06/22 22:13:08 実行中(5596)
2025/06/22 22:15:31 終了しました(5596)
2025/06/23 22:18:17 開始します(5576)
2025/06/23 22:18:17 非実行(5576)
2025/06/23 22:18:17 実行中(5576)
2025/06/23 22:20:51 終了しました(5576)
2025/06/24 22:20:20 開始します(4300)
2025/06/24 22:20:20 非実行(4300)
2025/06/24 22:20:20 実行中(4300)
2025/06/24 22:22:37 終了しました(4300)
2025/06/25 22:23:57 開始します(3456)
2025/06/25 22:23:57 非実行(3456)
2025/06/25 22:23:57 実行中(3456)
2025/06/25 22:27:39 終了しました(3456)
2025/06/26 22:12:06 開始します(7148)
2025/06/26 22:12:06 非実行(7148)
2025/06/26 22:12:06 実行中(7148)
2025/06/26 22:14:31 終了しました(7148)
2025/06/27 22:11:23 開始します(1080)
2025/06/27 22:11:23 非実行(1080)
2025/06/27 22:11:23 実行中(1080)
2025/06/27 22:13:35 終了しました(1080)
2025/06/28 22:11:26 開始します(5472)
2025/06/28 22:11:26 非実行(5472)
2025/06/28 22:11:26 実行中(5472)
2025/06/28 22:13:39 終了しました(5472)
2025/06/29 22:11:23 開始します(1028)
2025/06/29 22:11:23 非実行(1028)
2025/06/29 22:11:23 実行中(1028)
2025/06/29 22:13:35 終了しました(1028)
2025/06/30 22:11:33 開始します(5312)
2025/06/30 22:11:33 非実行(5312)
2025/06/30 22:11:33 実行中(5312)
2025/06/30 22:13:51 終了しました(5312)
2025/07/01 22:12:14 開始します(1196)
2025/07/01 22:12:14 非実行(1196)
2025/07/01 22:12:14 実行中(1196)
2025/07/01 22:15:07 終了しました(1196)
2025/07/02 22:13:34 開始します(5116)
2025/07/02 22:13:34 非実行(5116)
2025/07/02 22:13:34 実行中(5116)
2025/07/02 22:17:14 終了しました(5116)
2025/07/03 22:11:24 開始します(4984)
2025/07/03 22:11:24 非実行(4984)
2025/07/03 22:11:24 実行中(4984)
2025/07/03 22:13:55 終了しました(4984)
2025/07/04 22:11:24 開始します(5440)
2025/07/04 22:11:24 非実行(5440)
2025/07/04 22:11:24 実行中(5440)
2025/07/04 22:13:45 終了しました(5440)
2025/07/05 22:11:25 開始します(3544)
2025/07/05 22:11:25 非実行(3544)
2025/07/05 22:11:25 実行中(3544)
2025/07/05 22:13:45 終了しました(3544)
2025/07/06 22:11:26 開始します(1600)
2025/07/06 22:11:26 非実行(1600)
2025/07/06 22:11:26 実行中(1600)
2025/07/06 22:13:46 終了しました(1600)
2025/07/07 22:11:36 開始します(2144)
2025/07/07 22:11:36 非実行(2144)
2025/07/07 22:11:36 実行中(2144)
2025/07/07 22:14:28 終了しました(2144)
2025/07/08 22:21:42 開始します(6556)
2025/07/08 22:21:42 非実行(6556)
2025/07/08 22:21:42 実行中(6556)
2025/07/08 22:24:37 終了しました(6556)
2025/07/09 22:29:37 開始します(5992)
2025/07/09 22:29:37 非実行(5992)
2025/07/09 22:29:37 実行中(5992)
2025/07/09 22:34:03 終了しました(5992)
2025/07/10 22:13:51 開始します(3248)
2025/07/10 22:13:51 非実行(3248)
2025/07/10 22:13:51 実行中(3248)
2025/07/10 22:16:35 終了しました(3248)
2025/07/11 22:14:30 開始します(7000)
2025/07/11 22:14:30 非実行(7000)
2025/07/11 22:14:30 実行中(7000)
2025/07/11 22:17:03 終了しました(7000)
2025/07/12 22:11:28 開始します(628)
2025/07/12 22:11:28 非実行(628)
2025/07/12 22:11:28 実行中(628)
2025/07/12 22:13:55 終了しました(628)
2025/07/13 22:11:23 開始します(624)
2025/07/13 22:11:23 非実行(624)
2025/07/13 22:11:23 実行中(624)
2025/07/13 22:13:49 終了しました(624)
2025/07/14 22:21:17 開始します(5476)
2025/07/14 22:21:17 非実行(5476)
2025/07/14 22:21:17 実行中(5476)
2025/07/14 22:24:15 終了しました(5476)
2025/07/15 22:16:42 開始します(6108)
2025/07/15 22:16:42 非実行(6108)
2025/07/15 22:16:42 実行中(6108)
2025/07/15 22:19:26 終了しました(6108)
2025/07/16 22:25:43 開始します(6196)
2025/07/16 22:25:43 非実行(6196)
2025/07/16 22:25:43 実行中(6196)
2025/07/16 22:29:46 終了しました(6196)
2025/07/17 22:15:12 開始します(2080)
2025/07/17 22:15:12 非実行(2080)
2025/07/17 22:15:12 実行中(2080)
2025/07/17 22:18:09 終了しました(2080)
2025/07/18 22:17:37 開始します(6084)
2025/07/18 22:17:37 非実行(6084)
2025/07/18 22:17:37 実行中(6084)
2025/07/18 22:20:36 終了しました(6084)
2025/07/19 22:15:12 開始します(5704)
2025/07/19 22:15:12 非実行(5704)
2025/07/19 22:15:12 実行中(5704)
2025/07/19 22:18:06 終了しました(5704)
2025/07/20 22:13:02 開始します(1880)
2025/07/20 22:13:02 非実行(1880)
2025/07/20 22:13:02 実行中(1880)
2025/07/20 22:15:57 終了しました(1880)
2025/07/21 22:23:14 開始します(6560)
2025/07/21 22:23:14 非実行(6560)
2025/07/21 22:23:14 実行中(6560)
2025/07/21 22:26:18 終了しました(6560)
2025/07/22 22:25:34 開始します(6804)
2025/07/22 22:25:34 非実行(6804)
2025/07/22 22:25:34 実行中(6804)
2025/07/22 22:28:52 終了しました(6804)
2025/07/23 22:26:36 開始します(4260)
2025/07/23 22:26:36 非実行(4260)
2025/07/23 22:26:36 実行中(4260)
2025/07/23 22:30:42 終了しました(4260)
2025/07/24 22:14:57 開始します(5084)
2025/07/24 22:14:57 非実行(5084)
2025/07/24 22:14:57 実行中(5084)
2025/07/24 22:18:08 終了しました(5084)
2025/07/25 22:21:59 開始します(5776)
2025/07/25 22:21:59 非実行(5776)
2025/07/25 22:21:59 実行中(5776)
2025/07/25 22:25:23 終了しました(5776)
2025/07/26 22:16:12 開始します(6136)
2025/07/26 22:16:12 非実行(6136)
2025/07/26 22:16:12 実行中(6136)
2025/07/26 22:19:27 終了しました(6136)
2025/07/27 22:13:02 開始します(3504)
2025/07/27 22:13:02 非実行(3504)
2025/07/27 22:13:02 実行中(3504)
2025/07/27 22:16:20 終了しました(3504)
2025/07/28 22:20:34 開始します(5616)
2025/07/28 22:20:34 非実行(5616)
2025/07/28 22:20:34 実行中(5616)
2025/07/28 22:24:05 終了しました(5616)
2025/07/29 22:18:08 開始します(6320)
2025/07/29 22:18:08 非実行(6320)
2025/07/29 22:18:08 実行中(6320)
2025/07/29 22:21:52 終了しました(6320)
2025/07/30 22:21:20 開始します(4220)
2025/07/30 22:21:20 非実行(4220)
2025/07/30 22:21:20 実行中(4220)
2025/07/30 22:25:36 終了しました(4220)
2025/07/31 22:11:27 開始します(2772)
2025/07/31 22:11:27 非実行(2772)
2025/07/31 22:11:27 実行中(2772)
2025/07/31 22:14:52 終了しました(2772)
2025/08/01 22:11:27 開始します(4672)
2025/08/01 22:11:27 非実行(4672)
2025/08/01 22:11:27 実行中(4672)
2025/08/01 22:14:37 終了しました(4672)
2025/08/02 22:11:27 開始します(5392)
2025/08/02 22:11:27 非実行(5392)
2025/08/02 22:11:27 実行中(5392)
2025/08/02 22:14:37 終了しました(5392)
2025/08/03 22:11:26 開始します(2440)
2025/08/03 22:11:26 非実行(2440)
2025/08/03 22:11:26 実行中(2440)
2025/08/03 22:14:37 終了しました(2440)
2025/08/04 22:11:37 開始します(2856)
2025/08/04 22:11:37 非実行(2856)
2025/08/04 22:11:37 実行中(2856)
2025/08/04 22:14:50 終了しました(2856)
2025/08/05 22:16:21 開始します(808)
2025/08/05 22:16:21 非実行(808)
2025/08/05 22:16:21 実行中(808)
2025/08/05 22:19:44 終了しました(808)
2025/08/06 22:28:21 開始します(3564)
2025/08/06 22:28:21 非実行(3564)
2025/08/06 22:28:21 実行中(3564)
2025/08/06 22:33:29 終了しました(3564)
2025/08/07 22:11:26 開始します(4360)
2025/08/07 22:11:26 非実行(4360)
2025/08/07 22:11:26 実行中(4360)
2025/08/07 22:14:12 終了しました(4360)
2025/08/08 22:17:53 開始します(5068)
2025/08/08 22:17:53 非実行(5068)
2025/08/08 22:17:53 実行中(5068)
2025/08/08 22:20:51 終了しました(5068)
2025/08/09 22:13:40 開始します(5384)
2025/08/09 22:13:40 非実行(5384)
2025/08/09 22:13:40 実行中(5384)
2025/08/09 22:16:40 終了しました(5384)
2025/08/10 22:11:25 開始します(6660)
2025/08/10 22:11:25 非実行(6660)
2025/08/10 22:11:25 実行中(6660)
2025/08/10 22:14:22 終了しました(6660)
2025/08/11 22:11:49 開始します(1016)
2025/08/11 22:11:49 非実行(1016)
2025/08/11 22:11:49 実行中(1016)
2025/08/11 22:14:51 終了しました(1016)
2025/08/12 22:20:15 開始します(5872)
2025/08/12 22:20:15 非実行(5872)
2025/08/12 22:20:15 実行中(5872)
2025/08/12 22:23:20 終了しました(5872)
2025/08/13 22:25:42 開始します(5648)
2025/08/13 22:25:42 非実行(5648)
2025/08/13 22:25:42 実行中(5648)
2025/08/13 22:30:27 終了しました(5648)
2025/08/14 22:20:45 開始します(2056)
2025/08/14 22:20:45 非実行(2056)
2025/08/14 22:20:45 実行中(2056)
2025/08/14 22:23:47 終了しました(2056)
2025/08/15 22:17:40 開始します(3000)
2025/08/15 22:17:40 非実行(3000)
2025/08/15 22:17:40 実行中(3000)
2025/08/15 22:20:23 終了しました(3000)
2025/08/16 22:13:35 開始します(6400)
2025/08/16 22:13:35 非実行(6400)
2025/08/16 22:13:35 実行中(6400)
2025/08/16 22:16:17 終了しました(6400)
2025/08/17 22:11:27 開始します(5404)
2025/08/17 22:11:27 非実行(5404)
2025/08/17 22:11:27 実行中(5404)
2025/08/17 22:14:07 終了しました(5404)
2025/08/18 22:24:23 開始します(3560)
2025/08/18 22:24:23 非実行(3560)
2025/08/18 22:24:23 実行中(3560)
2025/08/18 22:27:23 終了しました(3560)
2025/08/19 22:21:34 開始します(5336)
2025/08/19 22:21:34 非実行(5336)
2025/08/19 22:21:34 実行中(5336)
2025/08/19 22:24:25 終了しました(5336)
2025/08/20 22:30:16 開始します(5156)
2025/08/20 22:30:16 非実行(5156)
2025/08/20 22:30:16 実行中(5156)
2025/08/20 22:34:03 終了しました(5156)
2025/08/21 22:20:10 開始します(6220)
2025/08/21 22:20:10 非実行(6220)
2025/08/21 22:20:10 実行中(6220)
2025/08/21 22:22:55 終了しました(6220)
2025/08/22 22:19:54 開始します(4416)
2025/08/22 22:19:54 非実行(4416)
2025/08/22 22:19:54 実行中(4416)
2025/08/22 22:22:34 終了しました(4416)
2025/08/23 22:15:25 開始します(3432)
2025/08/23 22:15:25 非実行(3432)
2025/08/23 22:15:25 実行中(3432)
2025/08/23 22:18:07 終了しました(3432)
2025/08/24 22:11:27 開始します(5956)
2025/08/24 22:11:27 非実行(5956)
2025/08/24 22:11:27 実行中(5956)
2025/08/24 22:14:02 終了しました(5956)
2025/08/25 22:15:15 開始します(6716)
2025/08/25 22:15:15 非実行(6716)
2025/08/25 22:15:15 実行中(6716)
2025/08/25 22:18:01 終了しました(6716)
2025/08/26 22:19:04 開始します(6140)
2025/08/26 22:19:04 非実行(6140)
2025/08/26 22:19:04 実行中(6140)
2025/08/26 22:21:25 終了しました(6140)
2025/08/27 22:23:22 開始します(3716)
2025/08/27 22:23:22 非実行(3716)
2025/08/27 22:23:22 実行中(3716)
2025/08/27 22:26:44 終了しました(3716)
2025/08/28 22:11:25 開始します(4252)
2025/08/28 22:11:25 非実行(4252)
2025/08/28 22:11:25 実行中(4252)
2025/08/28 22:13:48 終了しました(4252)
2025/08/29 22:12:49 開始します(252)
2025/08/29 22:12:49 非実行(252)
2025/08/29 22:12:49 実行中(252)
2025/08/29 22:15:28 終了しました(252)
2025/08/30 22:11:25 開始します(4520)
2025/08/30 22:11:25 非実行(4520)
2025/08/30 22:11:25 実行中(4520)
2025/08/30 22:13:59 終了しました(4520)
2025/08/31 22:11:24 開始します(3216)
2025/08/31 22:11:24 非実行(3216)
2025/08/31 22:11:24 実行中(3216)
2025/08/31 22:13:56 終了しました(3216)
2025/09/01 22:11:35 開始します(6008)
2025/09/01 22:11:35 非実行(6008)
2025/09/01 22:11:35 実行中(6008)
2025/09/01 22:14:12 終了しました(6008)
2025/09/02 22:11:25 開始します(2580)
2025/09/02 22:11:25 非実行(2580)
2025/09/02 22:11:25 実行中(2580)
2025/09/02 22:14:07 終了しました(2580)
2025/09/03 22:11:31 開始します(1128)
2025/09/03 22:11:31 非実行(1128)
2025/09/03 22:11:31 実行中(1128)
2025/09/03 22:15:16 終了しました(1128)
2025/09/04 22:11:25 開始します(4044)
2025/09/04 22:11:25 非実行(4044)
2025/09/04 22:11:25 実行中(4044)
2025/09/04 22:14:02 終了しました(4044)
2025/09/05 22:11:25 開始します(3188)
2025/09/05 22:11:25 非実行(3188)
2025/09/05 22:11:25 実行中(3188)
2025/09/05 22:13:52 終了しました(3188)
2025/09/06 22:11:29 開始します(920)
2025/09/06 22:11:29 非実行(920)
2025/09/06 22:11:29 実行中(920)
2025/09/06 22:13:56 終了しました(920)
2025/09/07 22:11:24 開始します(3420)
2025/09/07 22:11:24 非実行(3420)
2025/09/07 22:11:24 実行中(3420)
2025/09/07 22:13:52 終了しました(3420)
2025/09/08 22:11:34 開始します(5672)
2025/09/08 22:11:34 非実行(5672)
2025/09/08 22:11:34 実行中(5672)
2025/09/08 22:14:21 終了しました(5672)
2025/09/09 22:11:25 開始します(6020)
2025/09/09 22:11:25 非実行(6020)
2025/09/09 22:11:25 実行中(6020)
2025/09/09 22:13:48 終了しました(6020)
2025/09/10 22:14:33 開始します(4212)
2025/09/10 22:14:33 非実行(4212)
2025/09/10 22:14:33 実行中(4212)
2025/09/10 22:18:16 終了しました(4212)
2025/09/11 22:11:25 開始します(2196)
2025/09/11 22:11:25 非実行(2196)
2025/09/11 22:11:25 実行中(2196)
2025/09/11 22:13:52 終了しました(2196)
2025/09/12 22:11:24 開始します(5780)
2025/09/12 22:11:24 非実行(5780)
2025/09/12 22:11:24 実行中(5780)
2025/09/12 22:13:43 終了しました(5780)
2025/09/13 22:11:26 開始します(4156)
2025/09/13 22:11:26 非実行(4156)
2025/09/13 22:11:26 実行中(4156)
2025/09/13 22:13:41 終了しました(4156)
2025/09/14 22:11:25 開始します(3572)
2025/09/14 22:11:25 非実行(3572)
2025/09/14 22:11:25 実行中(3572)
2025/09/14 22:13:41 終了しました(3572)
2025/09/15 22:11:34 開始します(5940)
2025/09/15 22:11:34 非実行(5940)
2025/09/15 22:11:34 実行中(5940)
2025/09/15 22:14:09 終了しました(5940)
2025/09/16 22:13:17 開始します(5680)
2025/09/16 22:13:17 非実行(5680)
2025/09/16 22:13:17 実行中(5680)
2025/09/16 22:15:45 終了しました(5680)
2025/09/17 22:17:12 開始します(584)
2025/09/17 22:17:12 非実行(584)
2025/09/17 22:17:12 実行中(584)
2025/09/17 22:21:18 終了しました(584)
2025/09/18 22:13:40 開始します(3420)
2025/09/18 22:13:40 非実行(3420)
2025/09/18 22:13:40 実行中(3420)
2025/09/18 22:16:14 終了しました(3420)
2025/09/19 22:12:41 開始します(7152)
2025/09/19 22:12:41 非実行(7152)
2025/09/19 22:12:41 実行中(7152)
2025/09/19 22:15:05 終了しました(7152)
2025/09/20 22:11:28 開始します(6060)
2025/09/20 22:11:28 非実行(6060)
2025/09/20 22:11:28 実行中(6060)
2025/09/20 22:13:49 終了しました(6060)
2025/09/21 22:11:24 開始します(1048)
2025/09/21 22:11:24 非実行(1048)
2025/09/21 22:11:24 実行中(1048)
2025/09/21 22:13:46 終了しました(1048)
2025/09/22 22:11:36 開始します(6076)
2025/09/22 22:11:36 非実行(6076)
2025/09/22 22:11:36 実行中(6076)
2025/09/22 22:14:10 終了しました(6076)
2025/09/23 22:15:53 開始します(5992)
2025/09/23 22:15:53 非実行(5992)
2025/09/23 22:15:53 実行中(5992)
2025/09/23 22:18:29 終了しました(5992)
2025/09/24 22:15:08 開始します(1364)
2025/09/24 22:15:08 非実行(1364)
2025/09/24 22:15:08 実行中(1364)
2025/09/24 22:19:00 終了しました(1364)
2025/09/25 22:11:25 開始します(5548)
2025/09/25 22:11:25 非実行(5548)
2025/09/25 22:11:25 実行中(5548)
2025/09/25 22:13:54 終了しました(5548)
2025/09/26 22:11:24 開始します(4148)
2025/09/26 22:11:24 非実行(4148)
2025/09/26 22:11:24 実行中(4148)
2025/09/26 22:13:51 終了しました(4148)
2025/09/27 22:11:28 開始します(3484)
2025/09/27 22:11:28 非実行(3484)
2025/09/27 22:11:28 実行中(3484)
2025/09/27 22:13:51 終了しました(3484)
2025/09/28 22:11:25 開始します(1240)
2025/09/28 22:11:25 非実行(1240)
2025/09/28 22:11:25 実行中(1240)
2025/09/28 22:13:51 終了しました(1240)
2025/09/29 22:11:34 開始します(4248)
2025/09/29 22:11:34 非実行(4248)
2025/09/29 22:11:34 実行中(4248)
2025/09/29 22:14:10 終了しました(4248)
2025/09/30 22:11:26 開始します(5564)
2025/09/30 22:11:26 非実行(5564)
2025/09/30 22:11:26 実行中(5564)
2025/09/30 22:14:03 終了しました(5564)
2025/10/01 22:11:31 開始します(5040)
2025/10/01 22:11:31 非実行(5040)
2025/10/01 22:11:31 実行中(5040)
2025/10/01 22:15:39 終了しました(5040)
2025/10/02 22:11:26 開始します(6116)
2025/10/02 22:11:26 非実行(6116)
2025/10/02 22:11:26 実行中(6116)
2025/10/02 22:13:36 終了しました(6116)
2025/10/03 22:11:23 開始します(1128)
2025/10/03 22:11:23 非実行(1128)
2025/10/03 22:11:23 実行中(1128)
2025/10/03 22:13:30 終了しました(1128)
2025/10/04 22:11:27 開始します(1172)
2025/10/04 22:11:27 非実行(1172)
2025/10/04 22:11:27 実行中(1172)
2025/10/04 22:13:31 終了しました(1172)
2025/10/05 22:11:26 開始します(1316)
2025/10/05 22:11:26 非実行(1316)
2025/10/05 22:11:26 実行中(1316)
2025/10/05 22:13:30 終了しました(1316)
2025/10/06 22:11:34 開始します(5724)
2025/10/06 22:11:34 非実行(5724)
2025/10/06 22:11:34 実行中(5724)
2025/10/06 22:13:53 終了しました(5724)
2025/10/07 22:31:09 開始します(2896)
2025/10/07 22:31:09 非実行(2896)
2025/10/07 22:31:09 実行中(2896)
2025/10/07 22:33:25 終了しました(2896)
2025/10/08 22:38:02 開始します(2308)
2025/10/08 22:38:02 非実行(2308)
2025/10/08 22:38:02 実行中(2308)
2025/10/08 22:41:19 終了しました(2308)
2025/10/09 22:32:16 開始します(2932)
2025/10/09 22:32:16 非実行(2932)
2025/10/09 22:32:16 実行中(2932)
2025/10/09 22:34:38 終了しました(2932)
2025/10/10 22:26:39 開始します(6416)
2025/10/10 22:26:39 非実行(6416)
2025/10/10 22:26:39 実行中(6416)
2025/10/10 22:29:02 終了しました(6416)
2025/10/11 22:24:50 開始します(5564)
2025/10/11 22:24:50 非実行(5564)
2025/10/11 22:24:50 実行中(5564)
2025/10/11 22:27:08 終了しました(5564)
2025/10/12 22:20:59 開始します(4692)
2025/10/12 22:20:59 非実行(4692)
2025/10/12 22:20:59 実行中(4692)
2025/10/12 22:23:17 終了しました(4692)
2025/10/13 22:30:26 開始します(4272)
2025/10/13 22:30:26 非実行(4272)
2025/10/13 22:30:26 実行中(4272)
2025/10/13 22:32:47 終了しました(4272)
2025/10/14 22:44:20 開始します(5268)
2025/10/14 22:44:20 非実行(5268)
2025/10/14 22:44:20 実行中(5268)
2025/10/14 22:46:44 終了しました(5268)
2025/10/15 22:51:25 開始します(5716)
2025/10/15 22:51:25 非実行(5716)
2025/10/15 22:51:25 実行中(5716)
2025/10/15 22:55:21 終了しました(5716)
2025/10/16 22:43:45 開始します(5868)
2025/10/16 22:43:45 非実行(5868)
2025/10/16 22:43:45 実行中(5868)
2025/10/16 22:46:11 終了しました(5868)
2025/10/17 22:44:15 開始します(3460)
2025/10/17 22:44:15 非実行(3460)
2025/10/17 22:44:15 実行中(3460)
2025/10/17 22:46:37 終了しました(3460)
2025/10/18 22:42:59 開始します(6112)
2025/10/18 22:42:59 非実行(6112)
2025/10/18 22:42:59 実行中(6112)
2025/10/18 22:45:18 終了しました(6112)
2025/10/19 22:37:48 開始します(4396)
2025/10/19 22:37:48 非実行(4396)
2025/10/19 22:37:48 実行中(4396)
2025/10/19 22:40:07 終了しました(4396)
2025/10/20 22:42:21 開始します(1204)
2025/10/20 22:42:21 非実行(1204)
2025/10/20 22:42:21 実行中(1204)
2025/10/20 22:44:50 終了しました(1204)
2025/10/21 22:58:48 開始します(3892)
2025/10/21 22:58:48 非実行(3892)
2025/10/21 22:58:48 実行中(3892)
2025/10/21 23:01:19 終了しました(3892)
2025/10/22 23:06:16 開始します(7264)
2025/10/22 23:06:16 非実行(7264)
2025/10/22 23:06:16 実行中(7264)
2025/10/22 23:09:45 終了しました(7264)
2025/10/23 22:56:31 開始します(6552)
2025/10/23 22:56:31 非実行(6552)
2025/10/23 22:56:31 実行中(6552)
2025/10/23 22:59:03 終了しました(6552)
2025/10/24 22:11:55 開始します(7556)
2025/10/24 22:11:55 非実行(7556)
2025/10/24 22:11:55 実行中(7556)
2025/10/24 22:14:06 終了しました(7556)
2025/10/25 22:12:29 開始します(7572)
2025/10/25 22:12:29 非実行(7572)
2025/10/25 22:12:29 実行中(7572)
2025/10/25 22:14:36 終了しました(7572)
2025/10/26 22:11:34 開始します(4160)
2025/10/26 22:11:34 非実行(4160)
2025/10/26 22:11:34 実行中(4160)
2025/10/26 22:13:42 終了しました(4160)
2025/10/27 22:11:43 開始します(5820)
2025/10/27 22:11:43 非実行(5820)
2025/10/27 22:11:43 実行中(5820)
2025/10/27 22:13:58 終了しました(5820)
