2018/10/19 16:40:34 開始します(6820)
2018/10/19 16:40:34 非実行(6820)
2018/10/19 16:40:34 実行中(6820)
2018/10/19 16:40:48 終了しました(6820)
2018/10/24 22:32:52 開始します(3964)
2018/10/24 22:32:52 非実行(3964)
2018/10/24 22:32:52 実行中(3964)
2018/10/24 22:33:03 終了しました(3964)
2018/10/25 23:45:13 開始します(2776)
2018/10/25 23:45:13 非実行(2776)
2018/10/25 23:45:13 実行中(2776)
2018/10/25 23:45:24 終了しました(2776)
2018/10/27 00:37:40 開始します(4460)
2018/10/27 00:37:40 非実行(4460)
2018/10/27 00:37:40 実行中(4460)
2018/10/27 00:38:00 終了しました(4460)
2018/11/02 09:13:28 開始します(3952)
2018/11/02 09:13:28 非実行(3952)
2018/11/02 09:13:28 実行中(3952)
2018/11/02 09:13:47 終了しました(3952)
2018/11/02 19:04:56 開始します(5204)
2018/11/02 19:04:56 非実行(5204)
2018/11/02 19:04:56 実行中(5204)
2018/11/02 19:05:06 終了しました(5204)
2018/11/06 23:20:49 開始します(456)
2018/11/06 23:20:49 非実行(456)
2018/11/06 23:20:49 実行中(456)
2018/11/06 23:20:59 終了しました(456)
2018/11/07 23:25:42 開始します(2056)
2018/11/07 23:25:42 非実行(2056)
2018/11/07 23:25:42 実行中(2056)
2018/11/07 23:25:53 終了しました(2056)
2018/11/17 04:08:13 開始します(4664)
2018/11/17 04:08:13 非実行(4664)
2018/11/17 04:08:13 実行中(4664)
2018/11/17 04:08:24 終了しました(4664)
2018/11/20 17:07:25 開始します(5892)
2018/11/20 17:07:25 非実行(5892)
2018/11/20 17:07:25 実行中(5892)
2018/11/20 17:07:35 終了しました(5892)
2018/11/21 22:31:51 開始します(5548)
2018/11/21 22:31:51 非実行(5548)
2018/11/21 22:31:51 実行中(5548)
2018/11/21 22:32:02 終了しました(5548)
2018/11/22 22:17:28 開始します(5352)
2018/11/22 22:17:28 非実行(5352)
2018/11/22 22:17:28 実行中(5352)
2018/11/22 22:17:39 終了しました(5352)
2018/11/23 22:39:05 開始します(5184)
2018/11/23 22:39:05 非実行(5184)
2018/11/23 22:39:05 実行中(5184)
2018/11/23 22:39:15 終了しました(5184)
2018/11/26 18:09:03 開始します(1484)
2018/11/26 18:09:03 非実行(1484)
2018/11/26 18:09:03 実行中(1484)
2018/11/26 18:09:16 終了しました(1484)
2018/11/27 03:20:12 開始します(5704)
2018/11/27 03:20:12 非実行(5704)
2018/11/27 03:20:12 実行中(5704)
2018/11/27 03:20:26 終了しました(5704)
2018/11/28 03:00:43 開始します(924)
2018/11/28 03:00:43 非実行(924)
2018/11/28 03:00:43 実行中(924)
2018/11/28 03:00:55 終了しました(924)
2018/11/29 02:41:36 開始します(2344)
2018/11/29 02:41:36 非実行(2344)
2018/11/29 02:41:36 実行中(2344)
2018/11/29 02:41:49 終了しました(2344)
2018/11/30 02:26:58 開始します(5608)
2018/11/30 02:26:58 非実行(5608)
2018/11/30 02:26:58 実行中(5608)
2018/11/30 02:27:19 終了しました(5608)
2018/12/01 01:21:20 開始します(2620)
2018/12/01 01:21:20 非実行(2620)
2018/12/01 01:21:20 実行中(2620)
2018/12/01 01:21:31 終了しました(2620)
2018/12/08 10:27:45 開始します(5732)
2018/12/08 10:27:45 非実行(5732)
2018/12/08 10:27:45 実行中(5732)
2018/12/08 10:27:58 終了しました(5732)
2018/12/11 08:47:37 開始します(5448)
2018/12/11 08:47:37 非実行(5448)
2018/12/11 08:47:37 実行中(5448)
2018/12/11 08:47:48 終了しました(5448)
2018/12/12 07:48:57 開始します(5520)
2018/12/12 07:48:57 非実行(5520)
2018/12/12 07:48:57 実行中(5520)
2018/12/12 07:49:08 終了しました(5520)
2018/12/13 07:40:29 開始します(1644)
2018/12/13 07:40:29 非実行(1644)
2018/12/13 07:40:29 実行中(1644)
2018/12/13 07:40:41 終了しました(1644)
2018/12/26 04:13:02 開始します(6972)
2018/12/26 04:13:02 非実行(6972)
2018/12/26 04:13:02 実行中(6972)
2018/12/26 04:13:13 終了しました(6972)
2019/01/19 03:48:43 開始します(3668)
2019/01/19 03:48:43 非実行(3668)
2019/01/19 03:48:43 実行中(3668)
2019/01/19 03:48:56 終了しました(3668)
2019/01/23 05:02:55 開始します(2232)
2019/01/23 05:02:55 非実行(2232)
2019/01/23 05:02:55 実行中(2232)
2019/01/23 05:03:06 終了しました(2232)
2019/01/25 06:20:57 開始します(1692)
2019/01/25 06:20:57 非実行(1692)
2019/01/25 06:20:57 実行中(1692)
2019/01/25 06:21:08 終了しました(1692)
2019/01/26 10:17:23 開始します(3104)
2019/01/26 10:17:23 非実行(3104)
2019/01/26 10:17:23 実行中(3104)
2019/01/26 10:17:42 終了しました(3104)
2019/01/29 08:49:17 開始します(6836)
2019/01/29 08:49:17 非実行(6836)
2019/01/29 08:49:17 実行中(6836)
2019/01/29 08:49:29 終了しました(6836)
2019/01/30 08:57:14 開始します(5412)
2019/01/30 08:57:14 非実行(5412)
2019/01/30 08:57:14 実行中(5412)
2019/01/30 08:57:25 終了しました(5412)
2019/01/31 06:51:57 開始します(5484)
2019/01/31 06:51:57 非実行(5484)
2019/01/31 06:51:57 実行中(5484)
2019/01/31 06:52:08 終了しました(5484)
2019/02/01 05:28:24 開始します(2416)
2019/02/01 05:28:24 非実行(2416)
2019/02/01 05:28:24 実行中(2416)
2019/02/01 05:28:34 終了しました(2416)
2019/02/02 05:06:44 開始します(4696)
2019/02/02 05:06:44 非実行(4696)
2019/02/02 05:06:44 実行中(4696)
2019/02/02 05:06:56 終了しました(4696)
2019/02/05 08:39:44 開始します(5040)
2019/02/05 08:39:44 非実行(5040)
2019/02/05 08:39:44 実行中(5040)
2019/02/05 08:39:55 終了しました(5040)
2019/02/06 09:21:44 開始します(3908)
2019/02/06 09:21:44 非実行(3908)
2019/02/06 09:21:44 実行中(3908)
2019/02/06 09:21:55 終了しました(3908)
2019/02/07 03:08:05 開始します(3284)
2019/02/07 03:08:05 非実行(3284)
2019/02/07 03:08:05 実行中(3284)
2019/02/07 03:08:16 終了しました(3284)
2019/02/08 03:27:23 開始します(3828)
2019/02/08 03:27:23 非実行(3828)
2019/02/08 03:27:23 実行中(3828)
2019/02/08 03:27:35 終了しました(3828)
2019/02/09 04:25:55 開始します(6896)
2019/02/09 04:25:55 非実行(6896)
2019/02/09 04:25:55 実行中(6896)
2019/02/09 04:26:06 終了しました(6896)
2019/02/12 03:55:48 開始します(6880)
2019/02/12 03:55:48 非実行(6880)
2019/02/12 03:55:48 実行中(6880)
2019/02/12 03:56:00 終了しました(6880)
2019/02/13 06:38:01 開始します(6588)
2019/02/13 06:38:01 非実行(6588)
2019/02/13 06:38:01 実行中(6588)
2019/02/13 06:38:11 終了しました(6588)
2019/02/14 04:00:54 開始します(2460)
2019/02/14 04:00:54 非実行(2460)
2019/02/14 04:00:54 実行中(2460)
2019/02/14 04:01:14 終了しました(2460)
2019/02/15 02:26:50 開始します(3524)
2019/02/15 02:26:50 非実行(3524)
2019/02/15 02:26:50 実行中(3524)
2019/02/15 02:27:01 終了しました(3524)
2019/03/08 22:41:13 開始します(2260)
2019/03/08 22:41:13 非実行(2260)
2019/03/08 22:41:13 実行中(2260)
2019/03/08 22:41:24 終了しました(2260)
2019/03/12 02:42:59 開始します(4352)
2019/03/12 02:42:59 非実行(4352)
2019/03/12 02:42:59 実行中(4352)
2019/03/12 02:43:10 終了しました(4352)
2019/03/13 07:12:58 開始します(3104)
2019/03/13 07:12:58 非実行(3104)
2019/03/13 07:12:58 実行中(3104)
2019/03/13 07:13:09 終了しました(3104)
2019/03/14 03:10:50 開始します(3184)
2019/03/14 03:10:50 非実行(3184)
2019/03/14 03:10:50 実行中(3184)
2019/03/14 03:11:00 終了しました(3184)
2019/03/15 02:32:57 開始します(4716)
2019/03/15 02:32:57 非実行(4716)
2019/03/15 02:32:57 実行中(4716)
2019/03/15 02:33:08 終了しました(4716)
2019/03/16 02:09:37 開始します(4700)
2019/03/16 02:09:37 非実行(4700)
2019/03/16 02:09:37 実行中(4700)
2019/03/16 02:09:48 終了しました(4700)
2019/03/19 02:29:57 開始します(3976)
2019/03/19 02:29:57 非実行(3976)
2019/03/19 02:29:57 実行中(3976)
2019/03/19 02:30:08 終了しました(3976)
2019/03/20 02:34:34 開始します(2256)
2019/03/20 02:34:34 非実行(2256)
2019/03/20 02:34:34 実行中(2256)
2019/03/20 02:34:45 終了しました(2256)
2019/03/21 02:18:33 開始します(4224)
2019/03/21 02:18:33 非実行(4224)
2019/03/21 02:18:33 実行中(4224)
2019/03/21 02:18:44 終了しました(4224)
2019/03/22 02:56:54 開始します(7100)
2019/03/22 02:56:54 非実行(7100)
2019/03/22 02:56:54 実行中(7100)
2019/03/22 02:57:05 終了しました(7100)
2019/03/23 02:51:50 開始します(1640)
2019/03/23 02:51:50 非実行(1640)
2019/03/23 02:51:50 実行中(1640)
2019/03/23 02:52:09 終了しました(1640)
2019/03/26 03:14:52 開始します(5068)
2019/03/26 03:14:52 非実行(5068)
2019/03/26 03:14:52 実行中(5068)
2019/03/26 03:15:03 終了しました(5068)
2019/03/27 02:59:14 開始します(2416)
2019/03/27 02:59:14 非実行(2416)
2019/03/27 02:59:14 実行中(2416)
2019/03/27 02:59:25 終了しました(2416)
2019/03/28 03:20:26 開始します(5500)
2019/03/28 03:20:26 非実行(5500)
2019/03/28 03:20:26 実行中(5500)
2019/03/28 03:20:45 終了しました(5500)
2019/03/29 02:53:29 開始します(4668)
2019/03/29 02:53:29 非実行(4668)
2019/03/29 02:53:29 実行中(4668)
2019/03/29 02:53:48 終了しました(4668)
2019/03/30 02:30:42 開始します(3756)
2019/03/30 02:30:42 非実行(3756)
2019/03/30 02:30:42 実行中(3756)
2019/03/30 02:30:53 終了しました(3756)
2019/04/02 02:17:16 開始します(5756)
2019/04/02 02:17:16 非実行(5756)
2019/04/02 02:17:16 実行中(5756)
2019/04/02 02:17:27 終了しました(5756)
2019/04/03 01:41:36 開始します(3916)
2019/04/03 01:41:36 非実行(3916)
2019/04/03 01:41:36 実行中(3916)
2019/04/03 01:41:47 終了しました(3916)
2019/04/04 02:54:41 開始します(5192)
2019/04/04 02:54:41 非実行(5192)
2019/04/04 02:54:41 実行中(5192)
2019/04/04 02:54:52 終了しました(5192)
2019/04/05 01:18:12 開始します(3876)
2019/04/05 01:18:12 非実行(3876)
2019/04/05 01:18:12 実行中(3876)
2019/04/05 01:18:23 終了しました(3876)
2019/04/06 01:09:53 開始します(2556)
2019/04/06 01:09:53 非実行(2556)
2019/04/06 01:09:53 実行中(2556)
2019/04/06 01:10:04 終了しました(2556)
2019/04/09 01:31:03 開始します(1880)
2019/04/09 01:31:03 非実行(1880)
2019/04/09 01:31:03 実行中(1880)
2019/04/09 01:31:13 終了しました(1880)
2019/04/10 00:58:49 開始します(3636)
2019/04/10 00:58:49 非実行(3636)
2019/04/10 00:58:49 実行中(3636)
2019/04/10 00:59:00 終了しました(3636)
2019/04/11 01:14:17 開始します(4292)
2019/04/11 01:14:17 非実行(4292)
2019/04/11 01:14:17 実行中(4292)
2019/04/11 01:14:28 終了しました(4292)
2019/04/13 05:07:32 開始します(4996)
2019/04/13 05:07:32 非実行(4996)
2019/04/13 05:07:32 実行中(4996)
2019/04/13 05:07:40 終了しました(4996)
2019/04/18 06:16:10 開始します(3752)
2019/04/18 06:16:10 非実行(3752)
2019/04/18 06:16:10 実行中(3752)
2019/04/18 06:16:30 終了しました(3752)
2019/04/20 18:07:13 開始します(1152)
2019/04/20 18:07:13 非実行(1152)
2019/04/20 18:07:13 実行中(1152)
2019/04/20 18:07:34 終了しました(1152)
2019/04/23 20:34:15 開始します(4996)
2019/04/23 20:34:15 非実行(4996)
2019/04/23 20:34:15 実行中(4996)
2019/04/23 20:34:22 終了しました(4996)
2019/04/25 01:22:20 開始します(6020)
2019/04/25 01:22:20 非実行(6020)
2019/04/25 01:22:20 実行中(6020)
2019/04/25 01:22:38 終了しました(6020)
2019/04/25 23:43:54 開始します(4084)
2019/04/25 23:43:54 非実行(4084)
2019/04/25 23:43:54 実行中(4084)
2019/04/25 23:44:13 終了しました(4084)
2019/04/29 08:42:19 開始します(5132)
2019/04/29 08:42:19 非実行(5132)
2019/04/29 08:42:19 実行中(5132)
2019/04/29 08:42:41 終了しました(5132)
2019/05/07 05:19:10 開始します(5608)
2019/05/07 05:19:10 非実行(5608)
2019/05/07 05:19:10 実行中(5608)
2019/05/07 05:19:32 終了しました(5608)
2019/05/09 21:49:09 開始します(7056)
2019/05/09 21:49:09 非実行(7056)
2019/05/09 21:49:09 実行中(7056)
2019/05/09 21:49:27 終了しました(7056)
2019/05/10 12:22:10 開始します(8280)
2019/05/10 12:22:10 非実行(8280)
2019/05/10 12:22:10 実行中(8280)
2019/05/10 12:22:25 終了しました(8280)
2019/05/24 03:59:43 開始します(9180)
2019/05/24 03:59:43 非実行(9180)
2019/05/24 03:59:43 実行中(9180)
2019/05/24 03:59:59 終了しました(9180)
2019/05/29 04:01:18 開始します(2156)
2019/05/29 04:01:18 非実行(2156)
2019/05/29 04:01:18 実行中(2156)
2019/05/29 04:01:33 終了しました(2156)
2019/06/17 21:23:56 開始します(10052)
2019/06/17 21:23:56 非実行(10052)
2019/06/17 21:23:56 実行中(10052)
2019/06/17 21:24:12 終了しました(10052)
2019/06/25 22:42:09 開始します(2028)
2019/06/25 22:42:09 非実行(2028)
2019/06/25 22:42:09 実行中(2028)
2019/06/25 22:42:26 終了しました(2028)
2019/06/27 03:19:37 開始します(6148)
2019/06/27 03:19:37 非実行(6148)
2019/06/27 03:19:37 実行中(6148)
2019/06/27 03:19:55 終了しました(6148)
2019/06/27 22:48:52 開始します(9984)
2019/06/27 22:48:52 非実行(9984)
2019/06/27 22:48:52 実行中(9984)
2019/06/27 22:49:08 終了しました(9984)
2019/06/28 22:10:08 開始します(9568)
2019/06/28 22:10:08 非実行(9568)
2019/06/28 22:10:08 実行中(9568)
2019/06/28 22:10:25 終了しました(9568)
2019/07/04 17:06:16 開始します(4512)
2019/07/04 17:06:16 非実行(4512)
2019/07/04 17:06:16 実行中(4512)
2019/07/04 17:06:34 終了しました(4512)
2019/07/09 23:09:50 開始します(4368)
2019/07/09 23:09:50 非実行(4368)
2019/07/09 23:09:50 実行中(4368)
2019/07/09 23:10:07 終了しました(4368)
2019/07/24 23:59:35 開始します(7196)
2019/07/24 23:59:35 非実行(7196)
2019/07/24 23:59:35 実行中(7196)
2019/07/24 23:59:52 終了しました(7196)
2019/07/25 20:12:57 開始します(9372)
2019/07/25 20:12:57 非実行(9372)
2019/07/25 20:12:57 実行中(9372)
2019/07/25 20:13:14 終了しました(9372)
2019/07/27 06:50:02 開始します(1664)
2019/07/27 06:50:02 非実行(1664)
2019/07/27 06:50:02 実行中(1664)
2019/07/27 06:50:19 終了しました(1664)
2019/07/29 20:36:59 開始します(10736)
2019/07/29 20:36:59 非実行(10736)
2019/07/29 20:36:59 実行中(10736)
2019/07/29 20:37:16 終了しました(10736)
2019/07/30 23:51:14 開始します(4604)
2019/07/30 23:51:14 非実行(4604)
2019/07/30 23:51:14 実行中(4604)
2019/07/30 23:51:32 終了しました(4604)
2019/08/02 16:13:24 開始します(3724)
2019/08/02 16:13:24 非実行(3724)
2019/08/02 16:13:24 実行中(3724)
2019/08/02 16:13:42 終了しました(3724)
2019/08/07 22:12:44 開始します(2388)
2019/08/07 22:12:44 非実行(2388)
2019/08/07 22:12:44 実行中(2388)
2019/08/07 22:13:03 終了しました(2388)
2019/08/08 22:33:48 開始します(11096)
2019/08/08 22:33:48 非実行(11096)
2019/08/08 22:33:48 実行中(11096)
2019/08/08 22:34:05 終了しました(11096)
2019/08/09 20:03:59 開始します(9984)
2019/08/09 20:03:59 非実行(9984)
2019/08/09 20:03:59 実行中(9984)
2019/08/09 20:04:16 終了しました(9984)
2019/08/14 22:24:20 開始します(12144)
2019/08/14 22:24:20 非実行(12144)
2019/08/14 22:24:20 実行中(12144)
2019/08/14 22:24:38 終了しました(12144)
2019/08/15 22:50:37 開始します(2364)
2019/08/15 22:50:37 非実行(2364)
2019/08/15 22:50:37 実行中(2364)
2019/08/15 22:50:55 終了しました(2364)
2019/08/16 19:36:41 開始します(4452)
2019/08/16 19:36:41 非実行(4452)
2019/08/16 19:36:41 実行中(4452)
2019/08/16 19:36:58 終了しました(4452)
2019/08/19 22:07:10 開始します(8372)
2019/08/19 22:07:10 非実行(8372)
2019/08/19 22:07:10 実行中(8372)
2019/08/19 22:07:27 終了しました(8372)
2019/08/20 22:05:28 開始します(3396)
2019/08/20 22:05:28 非実行(3396)
2019/08/20 22:05:28 実行中(3396)
2019/08/20 22:05:46 終了しました(3396)
2019/08/21 21:01:58 開始します(10692)
2019/08/21 21:01:58 非実行(10692)
2019/08/21 21:01:58 実行中(10692)
2019/08/21 21:02:15 終了しました(10692)
2019/08/22 21:16:49 開始します(2368)
2019/08/22 21:16:49 非実行(2368)
2019/08/22 21:16:49 実行中(2368)
2019/08/22 21:17:06 終了しました(2368)
2019/08/26 20:59:36 開始します(9364)
2019/08/26 20:59:36 非実行(9364)
2019/08/26 20:59:36 実行中(9364)
2019/08/26 20:59:53 終了しました(9364)
2019/08/28 20:14:34 開始します(11796)
2019/08/28 20:14:34 非実行(11796)
2019/08/28 20:14:34 実行中(11796)
2019/08/28 20:14:52 終了しました(11796)
2019/09/02 20:17:29 開始します(3616)
2019/09/02 20:17:29 非実行(3616)
2019/09/02 20:17:29 実行中(3616)
2019/09/02 20:17:46 終了しました(3616)
2019/09/04 20:27:27 開始します(10612)
2019/09/04 20:27:27 非実行(10612)
2019/09/04 20:27:27 実行中(10612)
2019/09/04 20:27:44 終了しました(10612)
2019/09/05 22:33:13 開始します(13112)
2019/09/05 22:33:13 非実行(13112)
2019/09/05 22:33:13 実行中(13112)
2019/09/05 22:33:29 終了しました(13112)
2019/09/12 02:41:03 開始します(9056)
2019/09/12 02:41:03 非実行(9056)
2019/09/12 02:41:03 実行中(9056)
2019/09/12 02:41:22 終了しました(9056)
2019/09/13 03:58:08 開始します(9736)
2019/09/13 03:58:08 非実行(9736)
2019/09/13 03:58:08 実行中(9736)
2019/09/13 03:58:27 終了しました(9736)
2019/10/05 04:16:45 開始します(7812)
2019/10/05 04:16:45 非実行(7812)
2019/10/05 04:16:45 実行中(7812)
2019/10/05 04:17:02 終了しました(7812)
2019/10/23 18:57:26 開始します(13128)
2019/10/23 18:57:26 非実行(13128)
2019/10/23 18:57:26 実行中(13128)
2019/10/23 18:57:43 終了しました(13128)
2019/10/24 14:07:38 開始します(3004)
2019/10/24 14:07:38 非実行(3004)
2019/10/24 14:07:38 実行中(3004)
2019/10/24 14:07:55 終了しました(3004)
2019/10/29 02:13:09 開始します(10932)
2019/10/29 02:13:09 非実行(10932)
2019/10/29 02:13:09 実行中(10932)
2019/10/29 02:13:27 終了しました(10932)
2019/11/01 19:05:31 開始します(8636)
2019/11/01 19:05:31 非実行(8636)
2019/11/01 19:05:31 実行中(8636)
2019/11/01 19:05:50 終了しました(8636)
2019/11/05 21:17:46 開始します(5452)
2019/11/05 21:17:46 非実行(5452)
2019/11/05 21:17:46 実行中(5452)
2019/11/05 21:18:04 終了しました(5452)
2019/11/07 00:36:15 開始します(8224)
2019/11/07 00:36:15 非実行(8224)
2019/11/07 00:36:15 実行中(8224)
2019/11/07 00:36:31 終了しました(8224)
2019/11/07 20:08:14 開始します(6248)
2019/11/07 20:08:14 非実行(6248)
2019/11/07 20:08:14 実行中(6248)
2019/11/07 20:08:31 終了しました(6248)
2019/11/08 20:41:29 開始します(7980)
2019/11/08 20:41:29 非実行(7980)
2019/11/08 20:41:29 実行中(7980)
2019/11/08 20:41:46 終了しました(7980)
2019/11/11 20:24:29 開始します(12568)
2019/11/11 20:24:29 非実行(12568)
2019/11/11 20:24:29 実行中(12568)
2019/11/11 20:24:46 終了しました(12568)
2019/11/12 21:37:11 開始します(3988)
2019/11/12 21:37:11 非実行(3988)
2019/11/12 21:37:11 実行中(3988)
2019/11/12 21:37:27 終了しました(3988)
2019/11/13 19:07:39 開始します(6916)
2019/11/13 19:07:39 非実行(6916)
2019/11/13 19:07:39 実行中(6916)
2019/11/13 19:07:55 終了しました(6916)
2019/11/14 22:43:11 開始します(12392)
2019/11/14 22:43:11 非実行(12392)
2019/11/14 22:43:11 実行中(12392)
2019/11/14 22:43:29 終了しました(12392)
2019/11/15 22:30:19 開始します(3976)
2019/11/15 22:30:19 非実行(3976)
2019/11/15 22:30:19 実行中(3976)
2019/11/15 22:30:36 終了しました(3976)
2019/11/18 21:39:00 開始します(5076)
2019/11/18 21:39:00 非実行(5076)
2019/11/18 21:39:00 実行中(5076)
2019/11/18 21:39:18 終了しました(5076)
2019/11/20 05:15:36 開始します(4864)
2019/11/20 05:15:36 非実行(4864)
2019/11/20 05:15:36 実行中(4864)
2019/11/20 05:15:54 終了しました(4864)
2019/11/21 04:38:27 開始します(1448)
2019/11/21 04:38:27 非実行(1448)
2019/11/21 04:38:27 実行中(1448)
2019/11/21 04:38:45 終了しました(1448)
2019/11/21 21:24:09 開始します(3924)
2019/11/21 21:24:09 非実行(3924)
2019/11/21 21:24:09 実行中(3924)
2019/11/21 21:24:28 終了しました(3924)
2019/11/23 02:40:33 開始します(7844)
2019/11/23 02:40:33 非実行(7844)
2019/11/23 02:40:33 実行中(7844)
2019/11/23 02:40:49 終了しました(7844)
2019/11/25 21:13:41 開始します(11672)
2019/11/25 21:13:41 非実行(11672)
2019/11/25 21:13:41 実行中(11672)
2019/11/25 21:14:00 終了しました(11672)
2019/11/28 20:44:10 開始します(10024)
2019/11/28 20:44:10 非実行(10024)
2019/11/28 20:44:10 実行中(10024)
2019/11/28 20:44:28 終了しました(10024)
2019/11/29 21:08:57 開始します(8160)
2019/11/29 21:08:57 非実行(8160)
2019/11/29 21:08:57 実行中(8160)
2019/11/29 21:09:14 終了しました(8160)
2019/12/03 04:21:44 開始します(10008)
2019/12/03 04:21:44 非実行(10008)
2019/12/03 04:21:44 実行中(10008)
2019/12/03 04:22:02 終了しました(10008)
2019/12/24 00:13:46 開始します(8544)
2019/12/24 00:13:46 非実行(8544)
2019/12/24 00:13:46 実行中(8544)
2019/12/24 00:14:04 終了しました(8544)
2019/12/27 00:48:40 開始します(7748)
2019/12/27 00:48:40 非実行(7748)
2019/12/27 00:48:40 実行中(7748)
2019/12/27 00:48:57 終了しました(7748)
2020/02/28 16:56:20 開始します(5100)
2020/02/28 16:56:20 非実行(5100)
2020/02/28 16:56:20 実行中(5100)
2020/02/28 16:56:38 終了しました(5100)
2020/03/04 20:45:44 開始します(6596)
2020/03/04 20:45:44 非実行(6596)
2020/03/04 20:45:44 実行中(6596)
2020/03/04 20:46:03 終了しました(6596)
2020/03/05 22:17:45 開始します(6408)
2020/03/05 22:17:45 非実行(6408)
2020/03/05 22:17:45 実行中(6408)
2020/03/05 22:18:02 終了しました(6408)
2020/03/07 06:25:29 開始します(5516)
2020/03/07 06:25:29 非実行(5516)
2020/03/07 06:25:29 実行中(5516)
2020/03/07 06:25:47 終了しました(5516)
2020/03/19 06:00:27 開始します(5476)
2020/03/19 06:00:27 非実行(5476)
2020/03/19 06:00:27 実行中(5476)
2020/03/19 06:00:46 終了しました(5476)
2020/03/19 16:07:46 開始します(4656)
2020/03/19 16:07:46 非実行(4656)
2020/03/19 16:07:46 実行中(4656)
2020/03/19 16:08:05 終了しました(4656)
2020/03/23 20:43:48 開始します(4520)
2020/03/23 20:43:48 非実行(4520)
2020/03/23 20:43:48 実行中(4520)
2020/03/23 20:44:10 終了しました(4520)
2020/04/28 03:51:43 開始します(8784)
2020/04/28 03:51:43 非実行(8784)
2020/04/28 03:51:43 実行中(8784)
2020/04/28 03:52:04 終了しました(8784)
2020/06/03 19:43:28 開始します(6268)
2020/06/03 19:43:28 非実行(6268)
2020/06/03 19:43:28 実行中(6268)
2020/06/03 19:43:46 終了しました(6268)
2020/06/15 19:27:52 開始します(1396)
2020/06/15 19:27:52 非実行(1396)
2020/06/15 19:27:52 実行中(1396)
2020/06/15 19:28:11 終了しました(1396)
2020/06/19 06:32:15 開始します(4604)
2020/06/19 06:32:15 非実行(4604)
2020/06/19 06:32:15 実行中(4604)
2020/06/19 06:32:33 終了しました(4604)
2020/06/23 13:00:49 開始します(6980)
2020/06/23 13:00:49 非実行(6980)
2020/06/23 13:00:49 実行中(6980)
2020/06/23 13:01:08 終了しました(6980)
2020/07/09 16:02:24 開始します(6988)
2020/07/09 16:02:24 非実行(6988)
2020/07/09 16:02:24 実行中(6988)
2020/07/09 16:02:44 終了しました(6988)
2020/07/20 18:06:24 開始します(3424)
2020/07/20 18:06:24 非実行(3424)
2020/07/20 18:06:24 実行中(3424)
2020/07/20 18:06:42 終了しました(3424)
2020/08/20 14:56:47 開始します(7000)
2020/08/20 14:56:47 非実行(7000)
2020/08/20 14:56:47 実行中(7000)
2020/08/20 14:57:05 終了しました(7000)
2020/08/20 21:47:48 開始します(7764)
2020/08/20 21:47:48 非実行(7764)
2020/08/20 21:47:48 実行中(7764)
2020/08/20 21:48:04 終了しました(7764)
2020/08/24 12:51:12 開始します(7336)
2020/08/24 12:51:12 非実行(7336)
2020/08/24 12:51:12 実行中(7336)
2020/08/24 12:51:30 終了しました(7336)
2020/08/25 14:48:36 開始します(5128)
2020/08/25 14:48:36 非実行(5128)
2020/08/25 14:48:36 実行中(5128)
2020/08/25 14:48:53 終了しました(5128)
2020/08/26 17:00:58 開始します(7444)
2020/08/26 17:00:58 非実行(7444)
2020/08/26 17:00:58 実行中(7444)
2020/08/26 17:01:14 終了しました(7444)
2020/08/31 22:42:51 開始します(5636)
2020/08/31 22:42:51 非実行(5636)
2020/08/31 22:42:51 実行中(5636)
2020/08/31 22:43:08 終了しました(5636)
2020/09/01 23:57:24 開始します(6400)
2020/09/01 23:57:24 非実行(6400)
2020/09/01 23:57:24 実行中(6400)
2020/09/01 23:57:41 終了しました(6400)
2020/09/03 22:45:43 開始します(4492)
2020/09/03 22:45:43 非実行(4492)
2020/09/03 22:45:43 実行中(4492)
2020/09/03 22:46:00 終了しました(4492)
2020/09/04 15:18:16 開始します(5440)
2020/09/04 15:18:16 非実行(5440)
2020/09/04 15:18:16 実行中(5440)
2020/09/04 15:18:33 終了しました(5440)
2020/09/09 19:08:34 開始します(3872)
2020/09/09 19:08:34 非実行(3872)
2020/09/09 19:08:34 実行中(3872)
2020/09/09 19:08:53 終了しました(3872)
2020/09/14 13:51:27 開始します(5884)
2020/09/14 13:51:27 非実行(5884)
2020/09/14 13:51:27 実行中(5884)
2020/09/14 13:51:45 終了しました(5884)
2020/09/16 13:06:17 開始します(6844)
2020/09/16 13:06:17 非実行(6844)
2020/09/16 13:06:17 実行中(6844)
2020/09/16 13:06:34 終了しました(6844)
2020/09/25 12:29:59 開始します(5572)
2020/09/25 12:29:59 非実行(5572)
2020/09/25 12:29:59 実行中(5572)
2020/09/25 12:30:16 終了しました(5572)
2020/09/25 17:03:49 開始します(5976)
2020/09/25 17:03:49 非実行(5976)
2020/09/25 17:03:49 実行中(5976)
2020/09/25 17:04:07 終了しました(5976)
2020/09/29 16:31:25 開始します(4768)
2020/09/29 16:31:25 非実行(4768)
2020/09/29 16:31:25 実行中(4768)
2020/09/29 16:31:43 終了しました(4768)
2020/09/30 16:56:20 開始します(6612)
2020/09/30 16:56:20 非実行(6612)
2020/09/30 16:56:20 実行中(6612)
2020/09/30 16:56:38 終了しました(6612)
2020/10/01 17:56:15 開始します(7560)
2020/10/01 17:56:15 非実行(7560)
2020/10/01 17:56:15 実行中(7560)
2020/10/01 17:56:33 終了しました(7560)
2020/10/07 23:59:58 開始します(8456)
2020/10/07 23:59:58 非実行(8456)
2020/10/07 23:59:58 実行中(8456)
2020/10/08 00:00:11 終了しました(8456)
2020/10/14 14:13:13 開始します(4984)
2020/10/14 14:13:13 非実行(4984)
2020/10/14 14:13:13 実行中(4984)
2020/10/14 14:13:26 終了しました(4984)
2020/10/19 16:13:01 開始します(9156)
2020/10/19 16:13:01 非実行(9156)
2020/10/19 16:13:01 実行中(9156)
2020/10/19 16:13:15 終了しました(9156)
2020/10/23 20:52:13 開始します(2856)
2020/10/23 20:52:13 非実行(2856)
2020/10/23 20:52:13 実行中(2856)
2020/10/23 20:52:26 終了しました(2856)
2020/11/11 18:31:01 開始します(7816)
2020/11/11 18:31:01 非実行(7816)
2020/11/11 18:31:01 実行中(7816)
2020/11/11 18:31:18 終了しました(7816)
2020/11/12 19:29:16 開始します(9240)
2020/11/12 19:29:16 非実行(9240)
2020/11/12 19:29:16 実行中(9240)
2020/11/12 19:29:33 終了しました(9240)
2020/11/13 21:28:53 開始します(4508)
2020/11/13 21:28:53 非実行(4508)
2020/11/13 21:28:53 実行中(4508)
2020/11/13 21:29:10 終了しました(4508)
2020/11/16 19:22:28 開始します(9852)
2020/11/16 19:22:28 非実行(9852)
2020/11/16 19:22:28 実行中(9852)
2020/11/16 19:22:46 終了しました(9852)
2020/11/17 19:57:49 開始します(10188)
2020/11/17 19:57:49 非実行(10188)
2020/11/17 19:57:49 実行中(10188)
2020/11/17 19:58:04 終了しました(10188)
2020/11/19 18:51:14 開始します(5936)
2020/11/19 18:51:14 非実行(5936)
2020/11/19 18:51:14 実行中(5936)
2020/11/19 18:51:30 終了しました(5936)
2020/11/20 20:16:11 開始します(4408)
2020/11/20 20:16:11 非実行(4408)
2020/11/20 20:16:11 実行中(4408)
2020/11/20 20:16:31 終了しました(4408)
2020/11/24 17:34:06 開始します(7520)
2020/11/24 17:34:06 非実行(7520)
2020/11/24 17:34:06 実行中(7520)
2020/11/24 17:34:22 終了しました(7520)
2020/11/25 20:16:25 開始します(9928)
2020/11/25 20:16:25 非実行(9928)
2020/11/25 20:16:25 実行中(9928)
2020/11/25 20:16:43 終了しました(9928)
2020/11/26 19:22:31 開始します(4992)
2020/11/26 19:22:31 非実行(4992)
2020/11/26 19:22:31 実行中(4992)
2020/11/26 19:22:48 終了しました(4992)
2020/11/27 19:16:42 開始します(7336)
2020/11/27 19:16:42 非実行(7336)
2020/11/27 19:16:42 実行中(7336)
2020/11/27 19:16:59 終了しました(7336)
2020/12/01 19:43:28 開始します(7616)
2020/12/01 19:43:28 非実行(7616)
2020/12/01 19:43:28 実行中(7616)
2020/12/01 19:43:53 終了しました(7616)
2020/12/02 17:25:05 開始します(2100)
2020/12/02 17:25:05 非実行(2100)
2020/12/02 17:25:05 実行中(2100)
2020/12/02 17:25:22 終了しました(2100)
2020/12/03 18:07:57 開始します(9792)
2020/12/03 18:07:57 非実行(9792)
2020/12/03 18:07:57 実行中(9792)
2020/12/03 18:08:15 終了しました(9792)
2020/12/10 20:02:36 開始します(6836)
2020/12/10 20:02:36 非実行(6836)
2020/12/10 20:02:36 実行中(6836)
2020/12/10 20:02:54 終了しました(6836)
2021/01/12 22:10:30 開始します(8332)
2021/01/12 22:10:30 非実行(8332)
2021/01/12 22:10:30 実行中(8332)
2021/01/12 22:10:47 終了しました(8332)
2021/01/15 14:38:08 開始します(4208)
2021/01/15 14:38:08 非実行(4208)
2021/01/15 14:38:08 実行中(4208)
2021/01/15 14:38:27 終了しました(4208)
2021/01/18 14:35:05 開始します(9268)
2021/01/18 14:35:05 非実行(9268)
2021/01/18 14:35:05 実行中(9268)
2021/01/18 14:35:22 終了しました(9268)
2021/01/19 15:13:38 開始します(7720)
2021/01/19 15:13:38 非実行(7720)
2021/01/19 15:13:38 実行中(7720)
2021/01/19 15:13:58 終了しました(7720)
2021/01/21 14:13:40 開始します(6176)
2021/01/21 14:13:40 非実行(6176)
2021/01/21 14:13:40 実行中(6176)
2021/01/21 14:14:00 終了しました(6176)
2021/03/03 19:09:49 開始します(11124)
2021/03/03 19:09:49 非実行(11124)
2021/03/03 19:09:49 実行中(11124)
2021/03/03 19:10:08 終了しました(11124)
2021/03/04 18:04:32 開始します(6724)
2021/03/04 18:04:32 非実行(6724)
2021/03/04 18:04:32 実行中(6724)
2021/03/04 18:04:45 終了しました(6724)
2021/04/19 21:55:26 開始します(4860)
2021/04/19 21:55:26 非実行(4860)
2021/04/19 21:55:26 実行中(4860)
2021/04/19 21:55:45 終了しました(4860)
2021/05/07 19:09:30 開始します(540)
2021/05/07 19:09:30 非実行(540)
2021/05/07 19:09:30 実行中(540)
2021/05/07 19:09:46 終了しました(540)
2021/05/10 22:34:41 開始します(8140)
2021/05/10 22:34:41 非実行(8140)
2021/05/10 22:34:41 実行中(8140)
2021/05/10 22:34:59 終了しました(8140)
2021/05/12 10:30:55 開始します(7160)
2021/05/12 10:30:55 非実行(7160)
2021/05/12 10:30:55 実行中(7160)
2021/05/12 10:31:12 終了しました(7160)
2021/08/03 15:38:43 開始します(7444)
2021/08/03 15:38:43 非実行(7444)
2021/08/03 15:38:43 実行中(7444)
2021/08/03 15:39:01 終了しました(7444)
2021/11/16 05:58:30 開始します(5212)
2021/11/16 05:58:30 非実行(5212)
2021/11/16 05:58:30 実行中(5212)
2021/11/16 05:58:48 終了しました(5212)
2021/11/16 21:37:25 開始します(6920)
2021/11/16 21:37:25 非実行(6920)
2021/11/16 21:37:25 実行中(6920)
2021/11/16 21:37:42 終了しました(6920)
2021/11/17 21:03:03 開始します(8180)
2021/11/17 21:03:03 非実行(8180)
2021/11/17 21:03:03 実行中(8180)
2021/11/17 21:03:20 終了しました(8180)
2021/11/18 20:00:30 開始します(5944)
2021/11/18 20:00:30 非実行(5944)
2021/11/18 20:00:30 実行中(5944)
2021/11/18 20:00:49 終了しました(5944)
2021/11/22 21:35:39 開始します(1376)
2021/11/22 21:35:39 非実行(1376)
2021/11/22 21:35:39 実行中(1376)
2021/11/22 21:35:56 終了しました(1376)
2022/02/21 21:22:28 開始します(3996)
2022/02/21 21:22:28 非実行(3996)
2022/02/21 21:22:28 実行中(3996)
2022/02/21 21:22:44 終了しました(3996)
2022/02/25 18:59:35 開始します(5504)
2022/02/25 18:59:35 非実行(5504)
2022/02/25 18:59:35 実行中(5504)
2022/02/25 18:59:52 終了しました(5504)
2022/03/04 16:48:14 開始します(7164)
2022/03/04 16:48:14 非実行(7164)
2022/03/04 16:48:14 実行中(7164)
2022/03/04 16:48:30 終了しました(7164)
2022/03/11 17:01:17 開始します(3616)
2022/03/11 17:01:17 非実行(3616)
2022/03/11 17:01:17 実行中(3616)
2022/03/11 17:01:34 終了しました(3616)
2022/03/23 16:39:43 開始します(4860)
2022/03/23 16:39:43 非実行(4860)
2022/03/23 16:39:43 実行中(4860)
2022/03/23 16:40:00 終了しました(4860)
2022/04/06 18:11:50 開始します(6276)
2022/04/06 18:11:50 非実行(6276)
2022/04/06 18:11:50 実行中(6276)
2022/04/06 18:12:07 終了しました(6276)
2022/04/12 21:26:08 開始します(1944)
2022/04/12 21:26:08 非実行(1944)
2022/04/12 21:26:08 実行中(1944)
2022/04/12 21:26:25 終了しました(1944)
2022/04/18 21:13:53 開始します(5792)
2022/04/18 21:13:53 非実行(5792)
2022/04/18 21:13:53 実行中(5792)
2022/04/18 21:14:11 終了しました(5792)
2022/04/25 21:27:13 開始します(5344)
2022/04/25 21:27:13 非実行(5344)
2022/04/25 21:27:13 実行中(5344)
2022/04/25 21:27:29 終了しました(5344)
2022/09/20 21:18:40 開始します(4204)
2022/09/20 21:18:40 非実行(4204)
2022/09/20 21:18:40 実行中(4204)
2022/09/20 21:18:56 終了しました(4204)
2022/09/21 18:12:41 開始します(6340)
2022/09/21 18:12:41 非実行(6340)
2022/09/21 18:12:41 実行中(6340)
2022/09/21 18:12:58 終了しました(6340)
2022/10/13 21:03:43 開始します(7500)
2022/10/13 21:03:43 非実行(7500)
2022/10/13 21:03:43 実行中(7500)
2022/10/13 21:04:01 終了しました(7500)
2023/01/17 23:36:59 開始します(5228)
2023/01/17 23:36:59 非実行(5228)
2023/01/17 23:36:59 実行中(5228)
2023/01/17 23:37:15 終了しました(5228)
2023/01/18 15:26:34 開始します(5964)
2023/01/18 15:26:34 非実行(5964)
2023/01/18 15:26:34 実行中(5964)
2023/01/18 15:26:51 終了しました(5964)
2023/01/24 14:44:47 開始します(256)
2023/01/24 14:44:47 非実行(256)
2023/01/24 14:44:47 実行中(256)
2023/01/24 14:45:03 終了しました(256)
2023/03/28 20:32:27 開始します(2776)
2023/03/28 20:32:27 非実行(2776)
2023/03/28 20:32:27 実行中(2776)
2023/03/28 20:32:41 終了しました(2776)
2023/04/25 19:08:48 開始します(2880)
2023/04/25 19:08:48 非実行(2880)
2023/04/25 19:08:48 実行中(2880)
2023/04/25 19:09:01 終了しました(2880)
2023/05/15 20:14:38 開始します(6340)
2023/05/15 20:14:38 非実行(6340)
2023/05/15 20:14:38 実行中(6340)
2023/05/15 20:14:52 終了しました(6340)
2023/05/16 18:26:22 開始します(7864)
2023/05/16 18:26:22 非実行(7864)
2023/05/16 18:26:22 実行中(7864)
2023/05/16 18:26:36 終了しました(7864)
2023/06/13 20:06:51 開始します(5352)
2023/06/13 20:06:51 非実行(5352)
2023/06/13 20:06:51 実行中(5352)
2023/06/13 20:07:06 終了しました(5352)
2023/09/08 19:08:49 開始します(4112)
2023/09/08 19:08:49 非実行(4112)
2023/09/08 19:08:49 実行中(4112)
2023/09/08 19:09:02 終了しました(4112)
2023/09/14 18:33:41 開始します(5276)
2023/09/14 18:33:41 非実行(5276)
2023/09/14 18:33:41 実行中(5276)
2023/09/14 18:33:55 終了しました(5276)
2023/09/28 20:19:32 開始します(4540)
2023/09/28 20:19:32 非実行(4540)
2023/09/28 20:19:32 実行中(4540)
2023/09/28 20:19:46 終了しました(4540)
2023/10/25 18:33:13 開始します(4080)
2023/10/25 18:33:13 非実行(4080)
2023/10/25 18:33:13 実行中(4080)
2023/10/25 18:33:27 終了しました(4080)
2024/01/29 20:44:06 開始します(4696)
2024/01/29 20:44:06 非実行(4696)
2024/01/29 20:44:06 実行中(4696)
2024/01/29 20:44:18 終了しました(4696)
2024/06/20 10:40:35 開始します(7264)
2024/06/20 10:40:35 非実行(7264)
2024/06/20 10:40:35 実行中(7264)
2024/06/20 10:40:36 終了しました(7264)
2024/06/20 10:57:22 開始します(3064)
2024/06/20 10:57:22 非実行(3064)
2024/06/20 10:57:22 実行中(3064)
2024/06/20 10:57:23 終了しました(3064)
2024/06/20 10:59:22 開始します(7188)
2024/06/20 10:59:22 非実行(7188)
2024/06/20 10:59:22 実行中(7188)
2024/06/20 10:59:23 終了しました(7188)
2024/06/20 11:10:21 開始します(5644)
2024/06/20 11:10:21 非実行(5644)
2024/06/20 11:10:21 実行中(5644)
2024/06/20 11:10:45 終了しました(5644)
2024/06/20 11:13:27 開始します(6048)
2024/06/20 11:13:27 非実行(6048)
2024/06/20 11:13:27 実行中(6048)
2024/06/20 11:13:35 終了しました(6048)
2024/06/20 11:14:00 開始します(5552)
2024/06/20 11:14:00 非実行(5552)
2024/06/20 11:14:00 実行中(5552)
2024/06/20 11:14:18 終了しました(5552)
2024/06/20 11:17:44 開始します(2064)
2024/06/20 11:17:44 非実行(2064)
2024/06/20 11:17:44 実行中(2064)
2024/06/20 11:18:00 終了しました(2064)
2024/06/20 11:18:25 開始します(3496)
2024/06/20 11:18:25 非実行(3496)
2024/06/20 11:18:25 実行中(3496)
2024/06/20 11:18:28 終了しました(3496)
2024/06/20 11:20:36 開始します(4568)
2024/06/20 11:20:36 非実行(4568)
2024/06/20 11:20:36 実行中(4568)
2024/06/20 11:20:37 終了しました(4568)
2024/06/21 10:18:57 開始します(6564)
2024/06/21 10:18:57 非実行(6564)
2024/06/21 10:18:57 実行中(6564)
2024/06/21 10:18:57 終了しました(6564)
2024/06/21 10:20:09 開始します(2856)
2024/06/21 10:20:09 非実行(2856)
2024/06/21 10:20:09 実行中(2856)
2024/06/21 10:20:10 終了しました(2856)
2024/06/21 10:21:28 開始します(7964)
2024/06/21 10:21:28 非実行(7964)
2024/06/21 10:21:28 実行中(7964)
2024/06/21 10:21:42 終了しました(7964)
2024/06/21 10:23:13 開始します(1340)
2024/06/21 10:23:13 非実行(1340)
2024/06/21 10:23:13 実行中(1340)
2024/06/21 10:23:14 終了しました(1340)
2024/06/21 10:24:49 開始します(6856)
2024/06/21 10:24:49 非実行(6856)
2024/06/21 10:24:49 実行中(6856)
2024/06/21 10:24:50 終了しました(6856)
2024/06/21 10:25:39 開始します(2892)
2024/06/21 10:25:39 非実行(2892)
2024/06/21 10:25:39 実行中(2892)
2024/06/21 10:25:40 終了しました(2892)
2024/06/21 10:28:34 開始します(4148)
2024/06/21 10:28:34 非実行(4148)
2024/06/21 10:28:34 実行中(4148)
2024/06/21 10:28:35 終了しました(4148)
2024/06/21 10:29:50 開始します(5896)
2024/06/21 10:29:50 非実行(5896)
2024/06/21 10:29:50 実行中(5896)
2024/06/21 10:29:51 終了しました(5896)
2024/06/21 10:33:08 開始します(7160)
2024/06/21 10:33:08 非実行(7160)
2024/06/21 10:33:08 実行中(7160)
2024/06/21 10:33:09 終了しました(7160)
2024/08/16 09:35:14 開始します(2476)
2024/08/16 09:35:14 非実行(2476)
2024/08/16 09:35:14 実行中(2476)
2024/08/16 09:35:16 終了しました(2476)
2024/08/22 13:22:23 開始します(3872)
2024/08/22 13:22:23 非実行(3872)
2024/08/22 13:22:23 実行中(3872)
2024/08/22 13:22:31 終了しました(3872)
2024/08/23 11:01:23 開始します(9116)
2024/08/23 11:01:23 非実行(9116)
2024/08/23 11:01:23 実行中(9116)
2024/08/23 11:01:30 終了しました(9116)
2024/08/28 14:17:24 開始します(4768)
2024/08/28 14:17:24 非実行(4768)
2024/08/28 14:17:24 実行中(4768)
2024/08/28 14:17:32 終了しました(4768)
2024/09/12 03:51:37 開始します(10316)
2024/09/12 03:51:37 非実行(10316)
2024/09/12 03:51:37 実行中(10316)
2024/09/12 03:51:45 終了しました(10316)
2024/09/17 16:37:39 開始します(9732)
2024/09/17 16:37:39 非実行(9732)
2024/09/17 16:37:39 実行中(9732)
2024/09/17 16:38:38 終了しました(9732)
2024/09/18 11:04:18 開始します(4316)
2024/09/18 11:04:18 非実行(4316)
2024/09/18 11:04:18 実行中(4316)
2024/09/18 11:04:25 終了しました(4316)
2024/09/18 21:24:51 開始します(7876)
2024/09/18 21:24:51 非実行(7876)
2024/09/18 21:24:51 実行中(7876)
2024/09/18 21:24:58 終了しました(7876)
2024/09/20 04:01:31 開始します(376)
2024/09/20 04:01:31 非実行(376)
2024/09/20 04:01:31 実行中(376)
2024/09/20 04:01:38 終了しました(376)
2024/09/23 07:26:13 開始します(11348)
2024/09/23 07:26:13 非実行(11348)
2024/09/23 07:26:13 実行中(11348)
2024/09/23 07:26:30 終了しました(11348)
2024/09/26 10:43:58 開始します(8856)
2024/09/26 10:43:58 非実行(8856)
2024/09/26 10:43:58 実行中(8856)
2024/09/26 10:44:14 終了しました(8856)
2024/09/28 11:35:57 開始します(12364)
2024/09/28 11:35:57 非実行(12364)
2024/09/28 11:35:57 実行中(12364)
2024/09/28 11:36:13 終了しました(12364)
2024/09/29 10:42:57 開始します(2768)
2024/09/29 10:42:57 非実行(2768)
2024/09/29 10:42:57 実行中(2768)
2024/09/29 10:43:14 終了しました(2768)
2024/10/03 06:13:12 開始します(4068)
2024/10/03 06:13:12 非実行(4068)
2024/10/03 06:13:12 実行中(4068)
2024/10/03 06:13:29 終了しました(4068)
2024/10/04 08:48:54 開始します(10648)
2024/10/04 08:48:54 非実行(10648)
2024/10/04 08:48:54 実行中(10648)
2024/10/04 08:49:11 終了しました(10648)
2024/10/05 08:22:56 開始します(12116)
2024/10/05 08:22:56 非実行(12116)
2024/10/05 08:22:56 実行中(12116)
2024/10/05 08:23:13 終了しました(12116)
2024/10/08 08:07:26 開始します(5324)
2024/10/08 08:07:26 非実行(5324)
2024/10/08 08:07:26 実行中(5324)
2024/10/08 08:07:43 終了しました(5324)
2024/10/09 07:29:48 開始します(11756)
2024/10/09 07:29:48 非実行(11756)
2024/10/09 07:29:48 実行中(11756)
2024/10/09 07:30:05 終了しました(11756)
2024/10/10 08:08:52 開始します(4356)
2024/10/10 08:08:52 非実行(4356)
2024/10/10 08:08:52 実行中(4356)
2024/10/10 08:09:09 終了しました(4356)
2024/10/11 07:16:50 開始します(4404)
2024/10/11 07:16:50 非実行(4404)
2024/10/11 07:16:50 実行中(4404)
2024/10/11 07:17:06 終了しました(4404)
2024/10/13 08:58:21 開始します(6456)
2024/10/13 08:58:21 非実行(6456)
2024/10/13 08:58:21 実行中(6456)
2024/10/13 08:58:38 終了しました(6456)
2024/10/16 07:34:07 開始します(5388)
2024/10/16 07:34:07 非実行(5388)
2024/10/16 07:34:07 実行中(5388)
2024/10/16 07:34:23 終了しました(5388)
2024/10/17 06:44:05 開始します(6564)
2024/10/17 06:44:05 非実行(6564)
2024/10/17 06:44:05 実行中(6564)
2024/10/17 06:44:21 終了しました(6564)
2024/10/18 12:46:17 開始します(1480)
2024/10/18 12:46:17 非実行(1480)
2024/10/18 12:46:17 実行中(1480)
2024/10/18 12:46:49 終了しました(1480)
2024/10/19 05:54:17 開始します(7464)
2024/10/19 05:54:17 非実行(7464)
2024/10/19 05:54:17 実行中(7464)
2024/10/19 05:54:33 終了しました(7464)
2024/10/22 03:58:27 開始します(208)
2024/10/22 03:58:27 非実行(208)
2024/10/22 03:58:27 実行中(208)
2024/10/22 03:58:43 終了しました(208)
2024/10/23 04:10:51 開始します(4988)
2024/10/23 04:10:51 非実行(4988)
2024/10/23 04:10:51 実行中(4988)
2024/10/23 04:11:09 終了しました(4988)
2024/10/24 05:52:35 開始します(2420)
2024/10/24 05:52:35 非実行(2420)
2024/10/24 05:52:35 実行中(2420)
2024/10/24 05:52:53 終了しました(2420)
2024/10/25 07:14:53 開始します(3940)
2024/10/25 07:14:53 非実行(3940)
2024/10/25 07:14:53 実行中(3940)
2024/10/25 07:15:10 終了しました(3940)
2024/10/27 17:10:02 開始します(3492)
2024/10/27 17:10:02 非実行(3492)
2024/10/27 17:10:02 実行中(3492)
2024/10/27 17:10:09 終了しました(3492)
2024/10/29 04:14:11 開始します(4000)
2024/10/29 04:14:11 非実行(4000)
2024/10/29 04:14:11 実行中(4000)
2024/10/29 04:14:28 終了しました(4000)
2024/10/30 02:38:59 開始します(7840)
2024/10/30 02:38:59 非実行(7840)
2024/10/30 02:38:59 実行中(7840)
2024/10/30 02:39:21 終了しました(7840)
2024/10/31 02:08:47 開始します(5740)
2024/10/31 02:08:47 非実行(5740)
2024/10/31 02:08:47 実行中(5740)
2024/10/31 02:09:04 終了しました(5740)
2024/11/01 02:52:43 開始します(2652)
2024/11/01 02:52:43 非実行(2652)
2024/11/01 02:52:43 実行中(2652)
2024/11/01 02:53:01 終了しました(2652)
2024/11/04 00:05:37 開始します(3608)
2024/11/04 00:05:37 非実行(3608)
2024/11/04 00:05:37 実行中(3608)
2024/11/04 00:05:54 終了しました(3608)
2024/11/06 02:04:18 開始します(700)
2024/11/06 02:04:18 非実行(700)
2024/11/06 02:04:18 実行中(700)
2024/11/06 02:04:37 終了しました(700)
2024/11/07 10:01:49 開始します(9008)
2024/11/07 10:01:49 非実行(9008)
2024/11/07 10:01:49 実行中(9008)
2024/11/07 10:02:06 終了しました(9008)
2024/11/08 09:06:29 開始します(7516)
2024/11/08 09:06:29 非実行(7516)
2024/11/08 09:06:29 実行中(7516)
2024/11/08 09:06:46 終了しました(7516)
2024/11/09 10:32:21 開始します(6976)
2024/11/09 10:32:21 非実行(6976)
2024/11/09 10:32:21 実行中(6976)
2024/11/09 10:32:40 終了しました(6976)
2024/11/12 07:10:21 開始します(5148)
2024/11/12 07:10:21 非実行(5148)
2024/11/12 07:10:21 実行中(5148)
2024/11/12 07:10:43 終了しました(5148)
2024/11/13 09:54:16 開始します(6924)
2024/11/13 09:54:16 非実行(6924)
2024/11/13 09:54:16 実行中(6924)
2024/11/13 09:54:34 終了しました(6924)
2024/11/14 10:55:07 開始します(3444)
2024/11/14 10:55:07 非実行(3444)
2024/11/14 10:55:07 実行中(3444)
2024/11/14 10:55:28 終了しました(3444)
2024/11/15 10:39:54 開始します(5552)
2024/11/15 10:39:54 非実行(5552)
2024/11/15 10:39:54 実行中(5552)
2024/11/15 10:40:12 終了しました(5552)
2024/11/17 09:01:48 開始します(9124)
2024/11/17 09:01:48 非実行(9124)
2024/11/17 09:01:48 実行中(9124)
2024/11/17 09:02:04 終了しました(9124)
2024/11/19 11:09:38 開始します(8200)
2024/11/19 11:09:38 非実行(8200)
2024/11/19 11:09:38 実行中(8200)
2024/11/19 11:09:55 終了しました(8200)
2024/11/20 11:00:53 開始します(8348)
2024/11/20 11:00:53 非実行(8348)
2024/11/20 11:00:53 実行中(8348)
2024/11/20 11:01:11 終了しました(8348)
2024/11/21 00:12:02 開始します(4656)
2024/11/21 00:12:02 非実行(4656)
2024/11/21 00:12:02 実行中(4656)
2024/11/21 00:12:09 終了しました(4656)
2024/11/22 14:58:25 開始します(8064)
2024/11/22 14:58:25 非実行(8064)
2024/11/22 14:58:25 実行中(8064)
2024/11/22 14:58:44 終了しました(8064)
2024/12/05 03:30:50 開始します(6484)
2024/12/05 03:30:50 非実行(6484)
2024/12/05 03:30:50 実行中(6484)
2024/12/05 03:31:07 終了しました(6484)
2024/12/06 05:46:55 開始します(808)
2024/12/06 05:46:55 非実行(808)
2024/12/06 05:46:55 実行中(808)
2024/12/06 05:47:13 終了しました(808)
2024/12/09 16:34:08 開始します(8904)
2024/12/09 16:34:08 非実行(8904)
2024/12/09 16:34:08 実行中(8904)
2024/12/09 16:34:25 終了しました(8904)
2024/12/11 08:21:51 開始します(8256)
2024/12/11 08:21:51 非実行(8256)
2024/12/11 08:21:51 実行中(8256)
2024/12/11 08:22:00 終了しました(8256)
2024/12/13 06:23:13 開始します(7156)
2024/12/13 06:23:13 非実行(7156)
2024/12/13 06:23:13 実行中(7156)
2024/12/13 06:23:23 終了しました(7156)
2024/12/16 06:49:49 開始します(752)
2024/12/16 06:49:49 非実行(752)
2024/12/16 06:49:49 実行中(752)
2024/12/16 06:49:58 終了しました(752)
2024/12/17 09:36:00 開始します(5436)
2024/12/17 09:36:00 非実行(5436)
2024/12/17 09:36:00 実行中(5436)
2024/12/17 09:36:09 終了しました(5436)
2024/12/18 11:03:32 開始します(3000)
2024/12/18 11:03:32 非実行(3000)
2024/12/18 11:03:32 実行中(3000)
2024/12/18 11:03:41 終了しました(3000)
2024/12/19 11:22:09 開始します(5152)
2024/12/19 11:22:09 非実行(5152)
2024/12/19 11:22:09 実行中(5152)
2024/12/19 11:22:18 終了しました(5152)
2024/12/20 14:31:49 開始します(940)
2024/12/20 14:31:49 非実行(940)
2024/12/20 14:31:49 実行中(940)
2024/12/20 14:31:58 終了しました(940)
2024/12/21 12:54:58 開始します(10100)
2024/12/21 12:54:58 非実行(10100)
2024/12/21 12:54:58 実行中(10100)
2024/12/21 12:55:07 終了しました(10100)
2024/12/22 15:28:08 開始します(2112)
2024/12/22 15:28:08 非実行(2112)
2024/12/22 15:28:08 実行中(2112)
2024/12/22 15:28:18 終了しました(2112)
2024/12/24 07:46:12 開始します(9624)
2024/12/24 07:46:12 非実行(9624)
2024/12/24 07:46:12 実行中(9624)
2024/12/24 07:46:22 終了しました(9624)
2024/12/27 03:52:38 開始します(7928)
2024/12/27 03:52:38 非実行(7928)
2024/12/27 03:52:38 実行中(7928)
2024/12/27 03:52:48 終了しました(7928)
2025/02/06 08:03:25 開始します(8564)
2025/02/06 08:03:25 非実行(8564)
2025/02/06 08:03:25 実行中(8564)
2025/02/06 08:03:34 終了しました(8564)
2025/02/08 03:12:41 開始します(8356)
2025/02/08 03:12:41 非実行(8356)
2025/02/08 03:12:41 実行中(8356)
2025/02/08 03:12:51 終了しました(8356)
2025/02/11 03:59:04 開始します(7932)
2025/02/11 03:59:04 非実行(7932)
2025/02/11 03:59:04 実行中(7932)
2025/02/11 03:59:13 終了しました(7932)
2025/02/14 18:55:34 開始します(4456)
2025/02/14 18:55:34 非実行(4456)
2025/02/14 18:55:34 実行中(4456)
2025/02/14 18:55:43 終了しました(4456)
2025/02/15 18:16:43 開始します(3108)
2025/02/15 18:16:43 非実行(3108)
2025/02/15 18:16:43 実行中(3108)
2025/02/15 18:16:52 終了しました(3108)
2025/02/18 07:46:51 開始します(776)
2025/02/18 07:46:51 非実行(776)
2025/02/18 07:46:51 実行中(776)
2025/02/18 07:47:00 終了しました(776)
2025/02/19 05:45:34 開始します(5540)
2025/02/19 05:45:34 非実行(5540)
2025/02/19 05:45:34 実行中(5540)
2025/02/19 05:45:43 終了しました(5540)
2025/02/20 02:45:11 開始します(3100)
2025/02/20 02:45:11 非実行(3100)
2025/02/20 02:45:11 実行中(3100)
2025/02/20 02:45:21 終了しました(3100)
2025/02/21 14:42:33 開始します(8960)
2025/02/21 14:42:33 非実行(8960)
2025/02/21 14:42:33 実行中(8960)
2025/02/21 14:42:42 終了しました(8960)
2025/02/22 06:52:04 開始します(5764)
2025/02/22 06:52:04 非実行(5764)
2025/02/22 06:52:04 実行中(5764)
2025/02/22 06:52:15 終了しました(5764)
2025/02/23 08:16:49 開始します(2440)
2025/02/23 08:16:49 非実行(2440)
2025/02/23 08:16:49 実行中(2440)
2025/02/23 08:16:58 終了しました(2440)
2025/02/27 06:45:52 開始します(8016)
2025/02/27 06:45:52 非実行(8016)
2025/02/27 06:45:52 実行中(8016)
2025/02/27 06:46:02 終了しました(8016)
2025/02/27 17:32:43 開始します(8684)
2025/02/27 17:32:43 非実行(8684)
2025/02/27 17:32:43 実行中(8684)
2025/02/27 17:32:52 終了しました(8684)
2025/02/28 03:22:48 開始します(9456)
2025/02/28 03:22:48 非実行(9456)
2025/02/28 03:22:48 実行中(9456)
2025/02/28 03:22:58 終了しました(9456)
2025/03/01 03:09:59 開始します(8596)
2025/03/01 03:09:59 非実行(8596)
2025/03/01 03:09:59 実行中(8596)
2025/03/01 03:10:09 終了しました(8596)
2025/03/07 23:57:02 開始します(4792)
2025/03/07 23:57:02 非実行(4792)
2025/03/07 23:57:02 実行中(4792)
2025/03/07 23:57:11 終了しました(4792)
2025/03/10 23:34:11 開始します(6608)
2025/03/10 23:34:11 非実行(6608)
2025/03/10 23:34:11 実行中(6608)
2025/03/10 23:34:20 終了しました(6608)
2025/03/11 23:33:06 開始します(5276)
2025/03/11 23:33:06 非実行(5276)
2025/03/11 23:33:06 実行中(5276)
2025/03/11 23:33:07 終了しました(5276)
2025/03/12 23:56:31 開始します(11212)
2025/03/12 23:56:31 非実行(11212)
2025/03/12 23:56:31 実行中(11212)
2025/03/12 23:56:32 終了しました(11212)
2025/03/13 23:50:19 開始します(8940)
2025/03/13 23:50:19 非実行(8940)
2025/03/13 23:50:19 実行中(8940)
2025/03/13 23:50:29 終了しました(8940)
2025/03/14 23:49:57 開始します(7288)
2025/03/14 23:49:57 非実行(7288)
2025/03/14 23:49:57 実行中(7288)
2025/03/14 23:50:07 終了しました(7288)
2025/03/15 23:50:16 開始します(6824)
2025/03/15 23:50:16 非実行(6824)
2025/03/15 23:50:16 実行中(6824)
2025/03/15 23:50:27 終了しました(6824)
2025/03/16 23:51:01 開始します(10652)
2025/03/16 23:51:01 非実行(10652)
2025/03/16 23:51:01 実行中(10652)
2025/03/16 23:51:11 終了しました(10652)
2025/03/17 23:47:49 開始します(1364)
2025/03/17 23:47:49 非実行(1364)
2025/03/17 23:47:49 実行中(1364)
2025/03/17 23:47:59 終了しました(1364)
2025/03/18 23:59:36 開始します(8568)
2025/03/18 23:59:36 非実行(8568)
2025/03/18 23:59:36 実行中(8568)
2025/03/18 23:59:45 終了しました(8568)
2025/03/20 23:52:05 開始します(12200)
2025/03/20 23:52:05 非実行(12200)
2025/03/20 23:52:05 実行中(12200)
2025/03/20 23:52:15 終了しました(12200)
2025/03/21 23:51:46 開始します(11512)
2025/03/21 23:51:46 非実行(11512)
2025/03/21 23:51:46 実行中(11512)
2025/03/21 23:51:56 終了しました(11512)
2025/03/22 23:52:57 開始します(7588)
2025/03/22 23:52:57 非実行(7588)
2025/03/22 23:52:57 実行中(7588)
2025/03/22 23:53:07 終了しました(7588)
2025/03/23 23:51:36 開始します(10332)
2025/03/23 23:51:36 非実行(10332)
2025/03/23 23:51:36 実行中(10332)
2025/03/23 23:51:46 終了しました(10332)
2025/03/24 23:56:52 開始します(9280)
2025/03/24 23:56:52 非実行(9280)
2025/03/24 23:56:52 実行中(9280)
2025/03/24 23:57:03 終了しました(9280)
2025/03/25 23:51:17 開始します(10392)
2025/03/25 23:51:17 非実行(10392)
2025/03/25 23:51:17 実行中(10392)
2025/03/25 23:51:26 終了しました(10392)
2025/03/26 23:55:08 開始します(12064)
2025/03/26 23:55:08 非実行(12064)
2025/03/26 23:55:08 実行中(12064)
2025/03/26 23:55:18 終了しました(12064)
2025/03/27 23:50:49 開始します(10864)
2025/03/27 23:50:49 非実行(10864)
2025/03/27 23:50:49 実行中(10864)
2025/03/27 23:50:59 終了しました(10864)
2025/03/29 00:22:07 開始します(7704)
2025/03/29 00:22:07 非実行(7704)
2025/03/29 00:22:07 実行中(7704)
2025/03/29 00:22:18 終了しました(7704)
2025/03/30 00:25:56 開始します(1536)
2025/03/30 00:25:56 非実行(1536)
2025/03/30 00:25:56 実行中(1536)
2025/03/30 00:26:07 終了しました(1536)
2025/03/31 00:16:22 開始します(3240)
2025/03/31 00:16:22 非実行(3240)
2025/03/31 00:16:22 実行中(3240)
2025/03/31 00:16:33 終了しました(3240)
2025/04/01 00:13:13 開始します(5276)
2025/04/01 00:13:13 非実行(5276)
2025/04/01 00:13:13 実行中(5276)
2025/04/01 00:13:23 終了しました(5276)
2025/04/02 00:10:04 開始します(8384)
2025/04/02 00:10:04 非実行(8384)
2025/04/02 00:10:04 実行中(8384)
2025/04/02 00:10:14 終了しました(8384)
2025/04/03 00:12:17 開始します(7104)
2025/04/03 00:12:17 非実行(7104)
2025/04/03 00:12:17 実行中(7104)
2025/04/03 00:12:27 終了しました(7104)
2025/04/04 00:04:53 開始します(8280)
2025/04/04 00:04:53 非実行(8280)
2025/04/04 00:04:53 実行中(8280)
2025/04/04 00:05:03 終了しました(8280)
2025/04/05 00:07:22 開始します(10832)
2025/04/05 00:07:22 非実行(10832)
2025/04/05 00:07:22 実行中(10832)
2025/04/05 00:07:32 終了しました(10832)
2025/04/06 00:04:41 開始します(8764)
2025/04/06 00:04:41 非実行(8764)
2025/04/06 00:04:41 実行中(8764)
2025/04/06 00:04:52 終了しました(8764)
2025/04/06 23:56:39 開始します(8568)
2025/04/06 23:56:39 非実行(8568)
2025/04/06 23:56:39 実行中(8568)
2025/04/06 23:56:48 終了しました(8568)
2025/04/07 23:56:46 開始します(2088)
2025/04/07 23:56:46 非実行(2088)
2025/04/07 23:56:46 実行中(2088)
2025/04/07 23:56:56 終了しました(2088)
2025/04/09 00:08:11 開始します(9536)
2025/04/09 00:08:11 非実行(9536)
2025/04/09 00:08:11 実行中(9536)
2025/04/09 00:08:20 終了しました(9536)
2025/04/10 00:20:52 開始します(2968)
2025/04/10 00:20:52 非実行(2968)
2025/04/10 00:20:52 実行中(2968)
2025/04/10 00:21:02 終了しました(2968)
2025/04/11 00:27:47 開始します(5580)
2025/04/11 00:27:47 非実行(5580)
2025/04/11 00:27:47 実行中(5580)
2025/04/11 00:27:57 終了しました(5580)
2025/04/12 23:51:17 開始します(10100)
2025/04/12 23:51:17 非実行(10100)
2025/04/12 23:51:17 実行中(10100)
2025/04/12 23:51:26 終了しました(10100)
2025/04/14 00:39:07 開始します(7704)
2025/04/14 00:39:07 非実行(7704)
2025/04/14 00:39:07 実行中(7704)
2025/04/14 00:39:18 終了しました(7704)
2025/04/15 00:39:06 開始します(12892)
2025/04/15 00:39:06 非実行(12892)
2025/04/15 00:39:06 実行中(12892)
2025/04/15 00:39:16 終了しました(12892)
2025/04/16 00:55:22 開始します(8064)
2025/04/16 00:55:22 非実行(8064)
2025/04/16 00:55:22 実行中(8064)
2025/04/16 00:55:32 終了しました(8064)
2025/04/17 01:11:14 開始します(10612)
2025/04/17 01:11:14 非実行(10612)
2025/04/17 01:11:14 実行中(10612)
2025/04/17 01:11:24 終了しました(10612)
2025/04/18 00:57:38 開始します(32)
2025/04/18 00:57:38 非実行(32)
2025/04/18 00:57:38 実行中(32)
2025/04/18 00:57:48 終了しました(32)
2025/04/19 00:58:14 開始します(9540)
2025/04/19 00:58:14 非実行(9540)
2025/04/19 00:58:14 実行中(9540)
2025/04/19 00:58:24 終了しました(9540)
2025/04/20 00:53:28 開始します(5868)
2025/04/20 00:53:28 非実行(5868)
2025/04/20 00:53:28 実行中(5868)
2025/04/20 00:53:38 終了しました(5868)
2025/04/21 00:52:24 開始します(3836)
2025/04/21 00:52:24 非実行(3836)
2025/04/21 00:52:24 実行中(3836)
2025/04/21 00:52:34 終了しました(3836)
2025/04/22 00:49:55 開始します(8576)
2025/04/22 00:49:55 非実行(8576)
2025/04/22 00:49:55 実行中(8576)
2025/04/22 00:50:06 終了しました(8576)
2025/04/23 00:52:59 開始します(5856)
2025/04/23 00:52:59 非実行(5856)
2025/04/23 00:52:59 実行中(5856)
2025/04/23 00:53:09 終了しました(5856)
2025/04/24 00:58:38 開始します(6456)
2025/04/24 00:58:38 非実行(6456)
2025/04/24 00:58:38 実行中(6456)
2025/04/24 00:58:48 終了しました(6456)
2025/04/25 00:45:22 開始します(764)
2025/04/25 00:45:22 非実行(764)
2025/04/25 00:45:22 実行中(764)
2025/04/25 00:45:32 終了しました(764)
2025/04/26 00:44:30 開始します(4380)
2025/04/26 00:44:30 非実行(4380)
2025/04/26 00:44:30 実行中(4380)
2025/04/26 00:44:40 終了しました(4380)
2025/04/27 00:47:36 開始します(8)
2025/04/27 00:47:36 非実行(8)
2025/04/27 00:47:36 実行中(8)
2025/04/27 00:47:46 終了しました(8)
2025/04/28 00:38:06 開始します(6268)
2025/04/28 00:38:06 非実行(6268)
2025/04/28 00:38:06 実行中(6268)
2025/04/28 00:38:15 終了しました(6268)
2025/04/29 00:36:41 開始します(3008)
2025/04/29 00:36:41 非実行(3008)
2025/04/29 00:36:41 実行中(3008)
2025/04/29 00:36:51 終了しました(3008)
2025/04/30 00:40:46 開始します(2460)
2025/04/30 00:40:46 非実行(2460)
2025/04/30 00:40:46 実行中(2460)
2025/04/30 00:40:56 終了しました(2460)
2025/05/01 00:39:01 開始します(1416)
2025/05/01 00:39:01 非実行(1416)
2025/05/01 00:39:01 実行中(1416)
2025/05/01 00:39:10 終了しました(1416)
2025/05/02 00:32:31 開始します(4684)
2025/05/02 00:32:31 非実行(4684)
2025/05/02 00:32:31 実行中(4684)
2025/05/02 00:32:41 終了しました(4684)
2025/05/03 00:34:19 開始します(6336)
2025/05/03 00:34:19 非実行(6336)
2025/05/03 00:34:19 実行中(6336)
2025/05/03 00:34:29 終了しました(6336)
2025/05/04 00:32:52 開始します(924)
2025/05/04 00:32:52 非実行(924)
2025/05/04 00:32:52 実行中(924)
2025/05/04 00:33:02 終了しました(924)
2025/05/05 00:29:52 開始します(868)
2025/05/05 00:29:52 非実行(868)
2025/05/05 00:29:52 実行中(868)
2025/05/05 00:30:02 終了しました(868)
2025/05/06 00:28:35 開始します(4324)
2025/05/06 00:28:35 非実行(4324)
2025/05/06 00:28:35 実行中(4324)
2025/05/06 00:28:45 終了しました(4324)
2025/05/07 00:30:55 開始します(640)
2025/05/07 00:30:55 非実行(640)
2025/05/07 00:30:55 実行中(640)
2025/05/07 00:31:04 終了しました(640)
2025/05/08 00:26:36 開始します(672)
2025/05/08 00:26:36 非実行(672)
2025/05/08 00:26:36 実行中(672)
2025/05/08 00:26:46 終了しました(672)
2025/05/09 00:28:14 開始します(2068)
2025/05/09 00:28:14 非実行(2068)
2025/05/09 00:28:14 実行中(2068)
2025/05/09 00:28:24 終了しました(2068)
2025/05/10 00:27:01 開始します(5296)
2025/05/10 00:27:01 非実行(5296)
2025/05/10 00:27:01 実行中(5296)
2025/05/10 00:27:11 終了しました(5296)
2025/05/11 00:47:07 開始します(4504)
2025/05/11 00:47:07 非実行(4504)
2025/05/11 00:47:07 実行中(4504)
2025/05/11 00:47:17 終了しました(4504)
2025/05/12 00:41:38 開始します(4348)
2025/05/12 00:41:38 非実行(4348)
2025/05/12 00:41:38 実行中(4348)
2025/05/12 00:41:47 終了しました(4348)
2025/05/13 00:43:53 開始します(2576)
2025/05/13 00:43:53 非実行(2576)
2025/05/13 00:43:53 実行中(2576)
2025/05/13 00:44:02 終了しました(2576)
2025/05/14 00:47:09 開始します(2120)
2025/05/14 00:47:09 非実行(2120)
2025/05/14 00:47:09 実行中(2120)
2025/05/14 00:47:18 終了しました(2120)
2025/05/15 00:42:13 開始します(7700)
2025/05/15 00:42:13 非実行(7700)
2025/05/15 00:42:13 実行中(7700)
2025/05/15 00:42:23 終了しました(7700)
2025/05/16 02:07:18 開始します(7092)
2025/05/16 02:07:18 非実行(7092)
2025/05/16 02:07:18 実行中(7092)
2025/05/16 02:07:27 終了しました(7092)
2025/05/17 01:04:46 開始します(6960)
2025/05/17 01:04:46 非実行(6960)
2025/05/17 01:04:46 実行中(6960)
2025/05/17 01:04:56 終了しました(6960)
2025/05/18 00:45:51 開始します(1908)
2025/05/18 00:45:51 非実行(1908)
2025/05/18 00:45:51 実行中(1908)
2025/05/18 00:46:01 終了しました(1908)
2025/05/19 00:44:03 開始します(3592)
2025/05/19 00:44:03 非実行(3592)
2025/05/19 00:44:03 実行中(3592)
2025/05/19 00:44:13 終了しました(3592)
2025/05/20 00:55:50 開始します(1496)
2025/05/20 00:55:50 非実行(1496)
2025/05/20 00:55:50 実行中(1496)
2025/05/20 00:56:00 終了しました(1496)
2025/05/21 00:48:26 開始します(2764)
2025/05/21 00:48:26 非実行(2764)
2025/05/21 00:48:26 実行中(2764)
2025/05/21 00:48:37 終了しました(2764)
2025/05/22 00:49:09 開始します(5572)
2025/05/22 00:49:09 非実行(5572)
2025/05/22 00:49:09 実行中(5572)
2025/05/22 00:49:20 終了しました(5572)
2025/05/24 00:45:12 開始します(8492)
2025/05/24 00:45:12 非実行(8492)
2025/05/24 00:45:12 実行中(8492)
2025/05/24 00:45:21 終了しました(8492)
2025/05/25 00:44:10 開始します(2740)
2025/05/25 00:44:10 非実行(2740)
2025/05/25 00:44:10 実行中(2740)
2025/05/25 00:44:20 終了しました(2740)
2025/05/26 00:43:39 開始します(2912)
2025/05/26 00:43:39 非実行(2912)
2025/05/26 00:43:39 実行中(2912)
2025/05/26 00:43:48 終了しました(2912)
2025/05/27 01:06:14 開始します(6816)
2025/05/27 01:06:14 非実行(6816)
2025/05/27 01:06:14 実行中(6816)
2025/05/27 01:06:23 終了しました(6816)
2025/05/28 00:46:32 開始します(7004)
2025/05/28 00:46:32 非実行(7004)
2025/05/28 00:46:32 実行中(7004)
2025/05/28 00:46:42 終了しました(7004)
2025/05/29 00:46:48 開始します(3820)
2025/05/29 00:46:48 非実行(3820)
2025/05/29 00:46:48 実行中(3820)
2025/05/29 00:46:57 終了しました(3820)
2025/05/30 00:43:29 開始します(6728)
2025/05/30 00:43:29 非実行(6728)
2025/05/30 00:43:29 実行中(6728)
2025/05/30 00:43:39 終了しました(6728)
2025/05/31 00:43:41 開始します(2196)
2025/05/31 00:43:41 非実行(2196)
2025/05/31 00:43:41 実行中(2196)
2025/05/31 00:43:51 終了しました(2196)
2025/06/01 00:41:25 開始します(5568)
2025/06/01 00:41:25 非実行(5568)
2025/06/01 00:41:25 実行中(5568)
2025/06/01 00:41:35 終了しました(5568)
2025/06/02 00:40:15 開始します(1712)
2025/06/02 00:40:15 非実行(1712)
2025/06/02 00:40:15 実行中(1712)
2025/06/02 00:40:25 終了しました(1712)
2025/06/03 00:40:42 開始します(6852)
2025/06/03 00:40:42 非実行(6852)
2025/06/03 00:40:42 実行中(6852)
2025/06/03 00:40:52 終了しました(6852)
2025/06/04 00:53:03 開始します(6272)
2025/06/04 00:53:03 非実行(6272)
2025/06/04 00:53:03 実行中(6272)
2025/06/04 00:53:12 終了しました(6272)
2025/06/05 00:51:59 開始します(1776)
2025/06/05 00:51:59 非実行(1776)
2025/06/05 00:51:59 実行中(1776)
2025/06/05 00:52:08 終了しました(1776)
2025/06/06 00:48:06 開始します(936)
2025/06/06 00:48:06 非実行(936)
2025/06/06 00:48:06 実行中(936)
2025/06/06 00:48:16 終了しました(936)
2025/06/07 00:44:49 開始します(5496)
2025/06/07 00:44:49 非実行(5496)
2025/06/07 00:44:49 実行中(5496)
2025/06/07 00:44:58 終了しました(5496)
2025/06/08 00:44:17 開始します(632)
2025/06/08 00:44:17 非実行(632)
2025/06/08 00:44:17 実行中(632)
2025/06/08 00:44:27 終了しました(632)
2025/06/09 00:44:13 開始します(5288)
2025/06/09 00:44:13 非実行(5288)
2025/06/09 00:44:13 実行中(5288)
2025/06/09 00:44:22 終了しました(5288)
2025/06/10 01:18:55 開始します(4476)
2025/06/10 01:18:55 非実行(4476)
2025/06/10 01:18:55 実行中(4476)
2025/06/10 01:19:05 終了しました(4476)
2025/06/11 00:51:07 開始します(6140)
2025/06/11 00:51:07 非実行(6140)
2025/06/11 00:51:07 実行中(6140)
2025/06/11 00:51:16 終了しました(6140)
2025/06/12 01:09:50 開始します(4916)
2025/06/12 01:09:50 非実行(4916)
2025/06/12 01:09:50 実行中(4916)
2025/06/12 01:09:59 終了しました(4916)
2025/06/13 01:03:07 開始します(4444)
2025/06/13 01:03:07 非実行(4444)
2025/06/13 01:03:07 実行中(4444)
2025/06/13 01:03:17 終了しました(4444)
2025/06/14 01:07:18 開始します(1920)
2025/06/14 01:07:18 非実行(1920)
2025/06/14 01:07:18 実行中(1920)
2025/06/14 01:07:28 終了しました(1920)
2025/06/15 00:57:18 開始します(980)
2025/06/15 00:57:18 非実行(980)
2025/06/15 00:57:18 実行中(980)
2025/06/15 00:57:28 終了しました(980)
2025/06/16 00:51:22 開始します(3276)
2025/06/16 00:51:22 非実行(3276)
2025/06/16 00:51:22 実行中(3276)
2025/06/16 00:51:30 終了しました(3276)
2025/06/17 00:55:25 開始します(5936)
2025/06/17 00:55:25 非実行(5936)
2025/06/17 00:55:25 実行中(5936)
2025/06/17 00:55:35 終了しました(5936)
2025/06/18 01:07:17 開始します(1380)
2025/06/18 01:07:17 非実行(1380)
2025/06/18 01:07:17 実行中(1380)
2025/06/18 01:07:27 終了しました(1380)
2025/06/19 01:23:00 開始します(1072)
2025/06/19 01:23:00 非実行(1072)
2025/06/19 01:23:00 実行中(1072)
2025/06/19 01:23:09 終了しました(1072)
2025/06/20 01:05:06 開始します(6612)
2025/06/20 01:05:06 非実行(6612)
2025/06/20 01:05:06 実行中(6612)
2025/06/20 01:05:15 終了しました(6612)
2025/06/21 01:01:38 開始します(7148)
2025/06/21 01:01:38 非実行(7148)
2025/06/21 01:01:38 実行中(7148)
2025/06/21 01:01:48 終了しました(7148)
2025/06/22 00:59:02 開始します(4652)
2025/06/22 00:59:02 非実行(4652)
2025/06/22 00:59:02 実行中(4652)
2025/06/22 00:59:12 終了しました(4652)
2025/06/23 00:50:41 開始します(5536)
2025/06/23 00:50:41 非実行(5536)
2025/06/23 00:50:41 実行中(5536)
2025/06/23 00:50:50 終了しました(5536)
2025/06/24 01:59:08 開始します(1936)
2025/06/24 01:59:08 非実行(1936)
2025/06/24 01:59:08 実行中(1936)
2025/06/24 01:59:16 終了しました(1936)
2025/06/25 01:02:34 開始します(2120)
2025/06/25 01:02:34 非実行(2120)
2025/06/25 01:02:34 実行中(2120)
2025/06/25 01:02:44 終了しました(2120)
2025/06/26 01:05:48 開始します(1436)
2025/06/26 01:05:48 非実行(1436)
2025/06/26 01:05:48 実行中(1436)
2025/06/26 01:05:58 終了しました(1436)
2025/06/27 00:49:44 開始します(984)
2025/06/27 00:49:44 非実行(984)
2025/06/27 00:49:44 実行中(984)
2025/06/27 00:49:54 終了しました(984)
2025/06/28 00:45:19 開始します(2056)
2025/06/28 00:45:19 非実行(2056)
2025/06/28 00:45:19 実行中(2056)
2025/06/28 00:45:28 終了しました(2056)
2025/06/29 00:45:22 開始します(2004)
2025/06/29 00:45:22 非実行(2004)
2025/06/29 00:45:22 実行中(2004)
2025/06/29 00:45:30 終了しました(2004)
2025/06/30 00:40:14 開始します(4776)
2025/06/30 00:40:14 非実行(4776)
2025/06/30 00:40:14 実行中(4776)
2025/06/30 00:40:24 終了しました(4776)
2025/07/01 00:44:34 開始します(1668)
2025/07/01 00:44:34 非実行(1668)
2025/07/01 00:44:34 実行中(1668)
2025/07/01 00:44:43 終了しました(1668)
2025/07/02 00:50:42 開始します(908)
2025/07/02 00:50:42 非実行(908)
2025/07/02 00:50:42 実行中(908)
2025/07/02 00:50:51 終了しました(908)
2025/07/03 00:50:46 開始します(5432)
2025/07/03 00:50:46 非実行(5432)
2025/07/03 00:50:46 実行中(5432)
2025/07/03 00:50:56 終了しました(5432)
2025/07/04 00:44:01 開始します(1396)
2025/07/04 00:44:01 非実行(1396)
2025/07/04 00:44:01 実行中(1396)
2025/07/04 00:44:10 終了しました(1396)
2025/07/05 00:43:51 開始します(1544)
2025/07/05 00:43:51 非実行(1544)
2025/07/05 00:43:51 実行中(1544)
2025/07/05 00:44:01 終了しました(1544)
2025/07/06 00:42:33 開始します(3508)
2025/07/06 00:42:33 非実行(3508)
2025/07/06 00:42:33 実行中(3508)
2025/07/06 00:42:43 終了しました(3508)
2025/07/07 00:42:39 開始します(5528)
2025/07/07 00:42:39 非実行(5528)
2025/07/07 00:42:39 実行中(5528)
2025/07/07 00:42:47 終了しました(5528)
2025/07/08 00:42:54 開始します(4272)
2025/07/08 00:42:54 非実行(4272)
2025/07/08 00:42:54 実行中(4272)
2025/07/08 00:43:03 終了しました(4272)
2025/07/09 01:06:22 開始します(6544)
2025/07/09 01:06:22 非実行(6544)
2025/07/09 01:06:22 実行中(6544)
2025/07/09 01:06:32 終了しました(6544)
2025/07/10 01:12:37 開始します(6072)
2025/07/10 01:12:37 非実行(6072)
2025/07/10 01:12:37 実行中(6072)
2025/07/10 01:12:46 終了しました(6072)
2025/07/11 00:51:41 開始します(4884)
2025/07/11 00:51:41 非実行(4884)
2025/07/11 00:51:41 実行中(4884)
2025/07/11 00:51:51 終了しました(4884)
2025/07/12 00:53:07 開始します(5468)
2025/07/12 00:53:07 非実行(5468)
2025/07/12 00:53:07 実行中(5468)
2025/07/12 00:53:16 終了しました(5468)
2025/07/13 00:48:55 開始します(2060)
2025/07/13 00:48:55 非実行(2060)
2025/07/13 00:48:55 実行中(2060)
2025/07/13 00:49:04 終了しました(2060)
2025/07/14 00:48:26 開始します(1052)
2025/07/14 00:48:26 非実行(1052)
2025/07/14 00:48:26 実行中(1052)
2025/07/14 00:48:35 終了しました(1052)
2025/07/15 00:56:35 開始します(6492)
2025/07/15 00:56:35 非実行(6492)
2025/07/15 00:56:35 実行中(6492)
2025/07/15 00:56:45 終了しました(6492)
2025/07/16 00:59:39 開始します(5908)
2025/07/16 00:59:39 非実行(5908)
2025/07/16 00:59:39 実行中(5908)
2025/07/16 00:59:48 終了しました(5908)
2025/07/17 01:06:48 開始します(6268)
2025/07/17 01:06:48 非実行(6268)
2025/07/17 01:06:48 実行中(6268)
2025/07/17 01:06:58 終了しました(6268)
2025/07/18 00:53:04 開始します(6068)
2025/07/18 00:53:04 非実行(6068)
2025/07/18 00:53:04 実行中(6068)
2025/07/18 00:53:12 終了しました(6068)
2025/07/19 00:56:58 開始します(1364)
2025/07/19 00:56:58 非実行(1364)
2025/07/19 00:56:58 実行中(1364)
2025/07/19 00:57:08 終了しました(1364)
2025/07/20 00:51:42 開始します(1204)
2025/07/20 00:51:42 非実行(1204)
2025/07/20 00:51:42 実行中(1204)
2025/07/20 00:51:52 終了しました(1204)
2025/07/21 00:47:39 開始します(5184)
2025/07/21 00:47:39 非実行(5184)
2025/07/21 00:47:39 実行中(5184)
2025/07/21 00:47:49 終了しました(5184)
2025/07/22 00:59:19 開始します(6220)
2025/07/22 00:59:19 非実行(6220)
2025/07/22 00:59:19 実行中(6220)
2025/07/22 00:59:29 終了しました(6220)
2025/07/23 01:10:20 開始します(3424)
2025/07/23 01:10:20 非実行(3424)
2025/07/23 01:10:20 実行中(3424)
2025/07/23 01:10:29 終了しました(3424)
2025/07/24 01:08:56 開始します(2228)
2025/07/24 01:08:56 非実行(2228)
2025/07/24 01:08:56 実行中(2228)
2025/07/24 01:09:05 終了しました(2228)
2025/07/25 00:51:18 開始します(2480)
2025/07/25 00:51:18 非実行(2480)
2025/07/25 00:51:18 実行中(2480)
2025/07/25 00:51:27 終了しました(2480)
2025/07/26 00:59:40 開始します(5332)
2025/07/26 00:59:40 非実行(5332)
2025/07/26 00:59:40 実行中(5332)
2025/07/26 00:59:50 終了しました(5332)
2025/07/27 00:53:08 開始します(5900)
2025/07/27 00:53:08 非実行(5900)
2025/07/27 00:53:08 実行中(5900)
2025/07/27 00:53:18 終了しました(5900)
2025/07/28 00:51:14 開始します(4276)
2025/07/28 00:51:14 非実行(4276)
2025/07/28 00:51:14 実行中(4276)
2025/07/28 00:51:24 終了しました(4276)
2025/07/29 00:54:51 開始します(6508)
2025/07/29 00:54:51 非実行(6508)
2025/07/29 00:54:51 実行中(6508)
2025/07/29 00:55:01 終了しました(6508)
2025/07/30 01:00:42 開始します(3872)
2025/07/30 01:00:42 非実行(3872)
2025/07/30 01:00:42 実行中(3872)
2025/07/30 01:00:52 終了しました(3872)
2025/07/31 00:58:59 開始します(1392)
2025/07/31 00:58:59 非実行(1392)
2025/07/31 00:58:59 実行中(1392)
2025/07/31 00:59:09 終了しました(1392)
2025/08/01 00:46:04 開始します(4572)
2025/08/01 00:46:04 非実行(4572)
2025/08/01 00:46:04 実行中(4572)
2025/08/01 00:46:12 終了しました(4572)
2025/08/02 00:44:48 開始します(2968)
2025/08/02 00:44:48 非実行(2968)
2025/08/02 00:44:48 実行中(2968)
2025/08/02 00:44:57 終了しました(2968)
2025/08/03 00:44:02 開始します(4820)
2025/08/03 00:44:02 非実行(4820)
2025/08/03 00:44:02 実行中(4820)
2025/08/03 00:44:10 終了しました(4820)
2025/08/04 00:45:40 開始します(5720)
2025/08/04 00:45:40 非実行(5720)
2025/08/04 00:45:40 実行中(5720)
2025/08/04 00:45:48 終了しました(5720)
2025/08/05 00:42:06 開始します(5812)
2025/08/05 00:42:06 非実行(5812)
2025/08/05 00:42:06 実行中(5812)
2025/08/05 00:42:16 終了しました(5812)
2025/08/06 01:01:45 開始します(6808)
2025/08/06 01:01:45 非実行(6808)
2025/08/06 01:01:45 実行中(6808)
2025/08/06 01:01:54 終了しました(6808)
2025/08/07 01:10:06 開始します(4708)
2025/08/07 01:10:06 非実行(4708)
2025/08/07 01:10:06 実行中(4708)
2025/08/07 01:10:16 終了しました(4708)
2025/08/08 00:47:30 開始します(2164)
2025/08/08 00:47:30 非実行(2164)
2025/08/08 00:47:30 実行中(2164)
2025/08/08 00:47:39 終了しました(2164)
2025/08/09 00:57:48 開始します(5072)
2025/08/09 00:57:48 非実行(5072)
2025/08/09 00:57:48 実行中(5072)
2025/08/09 00:57:57 終了しました(5072)
2025/08/10 00:50:58 開始します(972)
2025/08/10 00:50:58 非実行(972)
2025/08/10 00:50:58 実行中(972)
2025/08/10 00:51:06 終了しました(972)
2025/08/11 00:43:35 開始します(4464)
2025/08/11 00:43:35 非実行(4464)
2025/08/11 00:43:35 実行中(4464)
2025/08/11 00:43:45 終了しました(4464)
2025/08/12 00:44:38 開始します(4524)
2025/08/12 00:44:38 非実行(4524)
2025/08/12 00:44:38 実行中(4524)
2025/08/12 00:44:48 終了しました(4524)
2025/08/13 01:05:02 開始します(6412)
2025/08/13 01:05:02 非実行(6412)
2025/08/13 01:05:02 実行中(6412)
2025/08/13 01:05:11 終了しました(6412)
2025/08/14 01:07:33 開始します(5144)
2025/08/14 01:07:33 非実行(5144)
2025/08/14 01:07:33 実行中(5144)
2025/08/14 01:07:43 終了しました(5144)
2025/08/15 01:01:58 開始します(2972)
2025/08/15 01:01:58 非実行(2972)
2025/08/15 01:01:58 実行中(2972)
2025/08/15 01:02:08 終了しました(2972)
2025/08/16 00:58:05 開始します(4428)
2025/08/16 00:58:05 非実行(4428)
2025/08/16 00:58:05 実行中(4428)
2025/08/16 00:58:15 終了しました(4428)
2025/08/17 00:51:53 開始します(7124)
2025/08/17 00:51:53 非実行(7124)
2025/08/17 00:51:53 実行中(7124)
2025/08/17 00:52:03 終了しました(7124)
2025/08/18 00:48:10 開始します(4436)
2025/08/18 00:48:10 非実行(4436)
2025/08/18 00:48:10 実行中(4436)
2025/08/18 00:48:19 終了しました(4436)
2025/08/19 01:06:10 開始します(2924)
2025/08/19 01:06:10 非実行(2924)
2025/08/19 01:06:10 実行中(2924)
2025/08/19 01:06:20 終了しました(2924)
2025/08/20 01:08:30 開始します(1424)
2025/08/20 01:08:30 非実行(1424)
2025/08/20 01:08:30 実行中(1424)
2025/08/20 01:08:40 終了しました(1424)
2025/08/21 01:16:07 開始します(5036)
2025/08/21 01:16:07 非実行(5036)
2025/08/21 01:16:07 実行中(5036)
2025/08/21 01:16:17 終了しました(5036)
2025/08/22 01:00:00 開始します(3152)
2025/08/22 01:00:00 非実行(3152)
2025/08/22 01:00:00 実行中(3152)
2025/08/22 01:00:09 終了しました(3152)
2025/08/23 00:59:16 開始します(2916)
2025/08/23 00:59:16 非実行(2916)
2025/08/23 00:59:16 実行中(2916)
2025/08/23 00:59:27 終了しました(2916)
2025/08/24 00:52:59 開始します(628)
2025/08/24 00:52:59 非実行(628)
2025/08/24 00:52:59 実行中(628)
2025/08/24 00:53:09 終了しました(628)
2025/08/25 00:45:49 開始します(6120)
2025/08/25 00:45:49 非実行(6120)
2025/08/25 00:45:49 実行中(6120)
2025/08/25 00:45:58 終了しました(6120)
2025/08/26 00:55:19 開始します(4248)
2025/08/26 00:55:19 非実行(4248)
2025/08/26 00:55:19 実行中(4248)
2025/08/26 00:55:29 終了しました(4248)
2025/08/27 01:01:38 開始します(5236)
2025/08/27 01:01:38 非実行(5236)
2025/08/27 01:01:38 実行中(5236)
2025/08/27 01:01:48 終了しました(5236)
2025/08/28 01:04:08 開始します(1156)
2025/08/28 01:04:08 非実行(1156)
2025/08/28 01:04:08 実行中(1156)
2025/08/28 01:04:18 終了しました(1156)
2025/08/29 00:45:36 開始します(5492)
2025/08/29 00:45:36 非実行(5492)
2025/08/29 00:45:36 実行中(5492)
2025/08/29 00:45:44 終了しました(5492)
2025/08/30 00:47:47 開始します(5608)
2025/08/30 00:47:47 非実行(5608)
2025/08/30 00:47:47 実行中(5608)
2025/08/30 00:47:58 終了しました(5608)
2025/08/31 00:44:34 開始します(5876)
2025/08/31 00:44:34 非実行(5876)
2025/08/31 00:44:34 実行中(5876)
2025/08/31 00:44:44 終了しました(5876)
2025/09/01 00:42:42 開始します(6124)
2025/09/01 00:42:42 非実行(6124)
2025/09/01 00:42:42 実行中(6124)
2025/09/01 00:42:50 終了しました(6124)
2025/09/02 00:57:04 開始します(3464)
2025/09/02 00:57:04 非実行(3464)
2025/09/02 00:57:04 実行中(3464)
2025/09/02 00:57:14 終了しました(3464)
2025/09/03 00:50:45 開始します(1388)
2025/09/03 00:50:45 非実行(1388)
2025/09/03 00:50:45 実行中(1388)
2025/09/03 00:50:55 終了しました(1388)
2025/09/04 00:47:00 開始します(668)
2025/09/04 00:47:00 非実行(668)
2025/09/04 00:47:00 実行中(668)
2025/09/04 00:47:10 終了しました(668)
2025/09/05 00:42:48 開始します(4884)
2025/09/05 00:42:48 非実行(4884)
2025/09/05 00:42:48 実行中(4884)
2025/09/05 00:42:58 終了しました(4884)
2025/09/06 00:41:14 開始します(2108)
2025/09/06 00:41:14 非実行(2108)
2025/09/06 00:41:14 実行中(2108)
2025/09/06 00:41:24 終了しました(2108)
2025/09/07 00:41:46 開始します(3296)
2025/09/07 00:41:46 非実行(3296)
2025/09/07 00:41:46 実行中(3296)
2025/09/07 00:41:55 終了しました(3296)
2025/09/08 00:40:03 開始します(2392)
2025/09/08 00:40:03 非実行(2392)
2025/09/08 00:40:03 実行中(2392)
2025/09/08 00:40:12 終了しました(2392)
2025/09/09 01:14:32 開始します(5220)
2025/09/09 01:14:32 非実行(5220)
2025/09/09 01:14:32 実行中(5220)
2025/09/09 01:14:42 終了しました(5220)
2025/09/10 00:53:28 開始します(1564)
2025/09/10 00:53:28 非実行(1564)
2025/09/10 00:53:28 実行中(1564)
2025/09/10 00:53:38 終了しました(1564)
2025/09/11 00:54:06 開始します(4280)
2025/09/11 00:54:06 非実行(4280)
2025/09/11 00:54:06 実行中(4280)
2025/09/11 00:54:15 終了しました(4280)
2025/09/12 00:44:44 開始します(4532)
2025/09/12 00:44:44 非実行(4532)
2025/09/12 00:44:44 実行中(4532)
2025/09/12 00:44:54 終了しました(4532)
2025/09/13 00:46:41 開始します(2916)
2025/09/13 00:46:41 非実行(2916)
2025/09/13 00:46:41 実行中(2916)
2025/09/13 00:46:51 終了しました(2916)
2025/09/14 00:46:29 開始します(1136)
2025/09/14 00:46:29 非実行(1136)
2025/09/14 00:46:29 実行中(1136)
2025/09/14 00:46:39 終了しました(1136)
2025/09/15 00:44:29 開始します(1136)
2025/09/15 00:44:29 非実行(1136)
2025/09/15 00:44:29 実行中(1136)
2025/09/15 00:44:39 終了しました(1136)
2025/09/16 00:45:48 開始します(5636)
2025/09/16 00:45:48 非実行(5636)
2025/09/16 00:45:48 実行中(5636)
2025/09/16 00:45:58 終了しました(5636)
2025/09/17 00:57:54 開始します(5804)
2025/09/17 00:57:54 非実行(5804)
2025/09/17 00:57:54 実行中(5804)
2025/09/17 00:58:04 終了しました(5804)
2025/09/18 00:58:26 開始します(5228)
2025/09/18 00:58:26 非実行(5228)
2025/09/18 00:58:26 実行中(5228)
2025/09/18 00:58:35 終了しました(5228)
2025/09/19 00:52:16 開始します(4176)
2025/09/19 00:52:16 非実行(4176)
2025/09/19 00:52:16 実行中(4176)
2025/09/19 00:52:26 終了しました(4176)
2025/09/20 00:51:10 開始します(5656)
2025/09/20 00:51:10 非実行(5656)
2025/09/20 00:51:10 実行中(5656)
2025/09/20 00:51:19 終了しました(5656)
2025/09/21 00:47:34 開始します(2224)
2025/09/21 00:47:34 非実行(2224)
2025/09/21 00:47:34 実行中(2224)
2025/09/21 00:47:43 終了しました(2224)
2025/09/22 00:46:21 開始します(4572)
2025/09/22 00:46:21 非実行(4572)
2025/09/22 00:46:21 実行中(4572)
2025/09/22 00:46:31 終了しました(4572)
2025/09/23 01:13:36 開始します(6368)
2025/09/23 01:13:36 非実行(6368)
2025/09/23 01:13:36 実行中(6368)
2025/09/23 01:13:46 終了しました(6368)
2025/09/24 01:00:54 開始します(3064)
2025/09/24 01:00:54 非実行(3064)
2025/09/24 01:00:54 実行中(3064)
2025/09/24 01:01:04 終了しました(3064)
2025/09/25 00:53:10 開始します(3428)
2025/09/25 00:53:10 非実行(3428)
2025/09/25 00:53:10 実行中(3428)
2025/09/25 00:53:19 終了しました(3428)
2025/09/26 00:46:31 開始します(3464)
2025/09/26 00:46:31 非実行(3464)
2025/09/26 00:46:31 実行中(3464)
2025/09/26 00:46:40 終了しました(3464)
2025/09/27 00:47:27 開始します(3316)
2025/09/27 00:47:27 非実行(3316)
2025/09/27 00:47:27 実行中(3316)
2025/09/27 00:47:36 終了しました(3316)
2025/09/28 00:44:58 開始します(1072)
2025/09/28 00:44:58 非実行(1072)
2025/09/28 00:44:58 実行中(1072)
2025/09/28 00:45:08 終了しました(1072)
2025/09/29 00:40:56 開始します(4828)
2025/09/29 00:40:56 非実行(4828)
2025/09/29 00:40:56 実行中(4828)
2025/09/29 00:41:05 終了しました(4828)
2025/09/30 00:40:30 開始します(3224)
2025/09/30 00:40:30 非実行(3224)
2025/09/30 00:40:30 実行中(3224)
2025/09/30 00:40:38 終了しました(3224)
2025/10/01 00:51:22 開始します(7148)
2025/10/01 00:51:22 非実行(7148)
2025/10/01 00:51:22 実行中(7148)
2025/10/01 00:51:32 終了しました(7148)
2025/10/02 00:48:24 開始します(7092)
2025/10/02 00:48:24 非実行(7092)
2025/10/02 00:48:24 実行中(7092)
2025/10/02 00:48:34 終了しました(7092)
2025/10/03 00:44:07 開始します(1516)
2025/10/03 00:44:07 非実行(1516)
2025/10/03 00:44:07 実行中(1516)
2025/10/03 00:44:16 終了しました(1516)
2025/10/04 00:45:57 開始します(2376)
2025/10/04 00:45:57 非実行(2376)
2025/10/04 00:45:57 実行中(2376)
2025/10/04 00:46:06 終了しました(2376)
2025/10/05 00:45:00 開始します(2068)
2025/10/05 00:45:00 非実行(2068)
2025/10/05 00:45:00 実行中(2068)
2025/10/05 00:45:10 終了しました(2068)
2025/10/06 00:42:23 開始します(4844)
2025/10/06 00:42:23 非実行(4844)
2025/10/06 00:42:23 実行中(4844)
2025/10/06 00:42:33 終了しました(4844)
2025/10/07 01:10:06 開始します(1388)
2025/10/07 01:10:06 非実行(1388)
2025/10/07 01:10:06 実行中(1388)
2025/10/07 01:10:16 終了しました(1388)
2025/10/08 01:24:54 開始します(4352)
2025/10/08 01:24:54 非実行(4352)
2025/10/08 01:24:54 実行中(4352)
2025/10/08 01:25:04 終了しました(4352)
2025/10/09 01:27:37 開始します(6732)
2025/10/09 01:27:37 非実行(6732)
2025/10/09 01:27:37 実行中(6732)
2025/10/09 01:27:48 終了しました(6732)
2025/10/10 01:17:18 開始します(4252)
2025/10/10 01:17:18 非実行(4252)
2025/10/10 01:17:18 実行中(4252)
2025/10/10 01:17:28 終了しました(4252)
2025/10/11 01:11:59 開始します(5936)
2025/10/11 01:11:59 非実行(5936)
2025/10/11 01:11:59 実行中(5936)
2025/10/11 01:12:09 終了しました(5936)
2025/10/12 01:08:26 開始します(4800)
2025/10/12 01:08:26 非実行(4800)
2025/10/12 01:08:26 実行中(4800)
2025/10/12 01:08:37 終了しました(4800)
2025/10/13 01:05:47 開始します(784)
2025/10/13 01:05:47 非実行(784)
2025/10/13 01:05:47 実行中(784)
2025/10/13 01:05:57 終了しました(784)
2025/10/14 01:37:17 開始します(852)
2025/10/14 01:37:17 非実行(852)
2025/10/14 01:37:17 実行中(852)
2025/10/14 01:37:27 終了しました(852)
2025/10/15 01:40:49 開始します(1676)
2025/10/15 01:40:49 非実行(1676)
2025/10/15 01:40:49 実行中(1676)
2025/10/15 01:41:00 終了しました(1676)
2025/10/16 01:48:06 開始します(3032)
2025/10/16 01:48:06 非実行(3032)
2025/10/16 01:48:06 実行中(3032)
2025/10/16 01:48:17 終了しました(3032)
2025/10/17 01:36:22 開始します(5796)
2025/10/17 01:36:22 非実行(5796)
2025/10/17 01:36:22 実行中(5796)
2025/10/17 01:36:32 終了しました(5796)
2025/10/18 01:39:22 開始します(644)
2025/10/18 01:39:22 非実行(644)
2025/10/18 01:39:22 実行中(644)
2025/10/18 01:39:32 終了しました(644)
2025/10/19 01:37:27 開始します(5248)
2025/10/19 01:37:27 非実行(5248)
2025/10/19 01:37:27 実行中(5248)
2025/10/19 01:37:38 終了しました(5248)
2025/10/20 01:30:20 開始します(1448)
2025/10/20 01:30:20 非実行(1448)
2025/10/20 01:30:20 実行中(1448)
2025/10/20 01:30:31 終了しました(1448)
2025/10/21 03:06:43 開始します(6524)
2025/10/21 03:06:43 非実行(6524)
2025/10/21 03:06:43 実行中(6524)
2025/10/21 03:06:53 終了しました(6524)
2025/10/22 02:03:51 開始します(7604)
2025/10/22 02:03:51 非実行(7604)
2025/10/22 02:03:51 実行中(7604)
2025/10/22 02:04:01 終了しました(7604)
2025/10/23 02:08:47 開始します(5960)
2025/10/23 02:08:47 非実行(5960)
2025/10/23 02:08:47 実行中(5960)
2025/10/23 02:08:57 終了しました(5960)
2025/10/24 01:54:42 開始します(3316)
2025/10/24 01:54:42 非実行(3316)
2025/10/24 01:54:42 実行中(3316)
2025/10/24 01:54:51 終了しました(3316)
2025/10/25 02:22:32 開始します(4328)
2025/10/25 02:22:32 非実行(4328)
2025/10/25 02:22:32 実行中(4328)
2025/10/25 02:22:42 終了しました(4328)
2025/10/26 02:20:06 開始します(6084)
2025/10/26 02:20:06 非実行(6084)
2025/10/26 02:20:06 実行中(6084)
2025/10/26 02:20:16 終了しました(6084)
2025/10/27 02:15:38 開始します(7832)
2025/10/27 02:15:38 非実行(7832)
2025/10/27 02:15:38 実行中(7832)
2025/10/27 02:15:49 終了しました(7832)
2025/10/28 02:17:46 開始します(4800)
2025/10/28 02:17:46 非実行(4800)
2025/10/28 02:17:46 実行中(4800)
2025/10/28 02:17:56 終了しました(4800)
