2018/10/12 16:21:04 開始します(3684)
2018/10/12 16:21:04 非実行(3684)
2018/10/12 16:21:04 実行中(3684)
2018/10/12 16:21:10 終了しました(3684)
2018/10/19 14:07:32 開始します(3160)
2018/10/19 14:07:32 非実行(3160)
2018/10/19 14:07:32 実行中(3160)
2018/10/19 14:07:37 終了しました(3160)
2018/10/24 20:34:53 開始します(472)
2018/10/24 20:34:53 非実行(472)
2018/10/24 20:34:53 実行中(472)
2018/10/24 20:34:59 終了しました(472)
2018/10/25 21:58:03 開始します(3780)
2018/10/25 21:58:03 非実行(3780)
2018/10/25 21:58:03 実行中(3780)
2018/10/25 21:58:08 終了しました(3780)
2018/10/26 22:50:28 開始します(5868)
2018/10/26 22:50:28 非実行(5868)
2018/10/26 22:50:28 実行中(5868)
2018/10/26 22:50:33 終了しました(5868)
2018/11/02 06:38:24 開始します(4784)
2018/11/02 06:38:24 非実行(4784)
2018/11/02 06:38:24 実行中(4784)
2018/11/02 06:38:29 終了しました(4784)
2018/11/02 18:55:01 開始します(5204)
2018/11/02 18:55:01 非実行(5204)
2018/11/02 18:55:01 実行中(5204)
2018/11/02 18:55:06 終了しました(5204)
2018/11/06 23:10:27 開始します(4376)
2018/11/06 23:10:27 非実行(4376)
2018/11/06 23:10:27 実行中(4376)
2018/11/06 23:10:32 終了しました(4376)
2018/11/07 23:15:22 開始します(3336)
2018/11/07 23:15:22 非実行(3336)
2018/11/07 23:15:22 実行中(3336)
2018/11/07 23:15:27 終了しました(3336)
2018/11/17 03:57:21 開始します(5868)
2018/11/17 03:57:21 非実行(5868)
2018/11/17 03:57:21 実行中(5868)
2018/11/17 03:57:26 終了しました(5868)
2018/11/20 16:56:54 開始します(5400)
2018/11/20 16:56:54 非実行(5400)
2018/11/20 16:56:54 実行中(5400)
2018/11/20 16:56:59 終了しました(5400)
2018/11/21 22:20:51 開始します(3780)
2018/11/21 22:20:51 非実行(3780)
2018/11/21 22:20:51 実行中(3780)
2018/11/21 22:20:56 終了しました(3780)
2018/11/22 22:06:44 開始します(6732)
2018/11/22 22:06:44 非実行(6732)
2018/11/22 22:06:44 実行中(6732)
2018/11/22 22:06:49 終了しました(6732)
2018/11/23 22:29:19 開始します(3568)
2018/11/23 22:29:19 非実行(3568)
2018/11/23 22:29:19 実行中(3568)
2018/11/23 22:29:24 終了しました(3568)
2018/11/26 17:51:15 開始します(2764)
2018/11/26 17:51:15 非実行(2764)
2018/11/26 17:51:15 実行中(2764)
2018/11/26 17:51:22 終了しました(2764)
2018/11/27 03:02:26 開始します(4172)
2018/11/27 03:02:26 非実行(4172)
2018/11/27 03:02:26 実行中(4172)
2018/11/27 03:02:33 終了しました(4172)
2018/11/28 02:43:04 開始します(5648)
2018/11/28 02:43:04 非実行(5648)
2018/11/28 02:43:04 実行中(5648)
2018/11/28 02:43:10 終了しました(5648)
2018/11/29 02:23:52 開始します(4588)
2018/11/29 02:23:52 非実行(4588)
2018/11/29 02:23:52 実行中(4588)
2018/11/29 02:23:59 終了しました(4588)
2018/11/30 02:08:48 開始します(4944)
2018/11/30 02:08:48 非実行(4944)
2018/11/30 02:08:48 実行中(4944)
2018/11/30 02:08:54 終了しました(4944)
2018/12/01 01:10:25 開始します(5404)
2018/12/01 01:10:25 非実行(5404)
2018/12/01 01:10:25 実行中(5404)
2018/12/01 01:10:31 終了しました(5404)
2018/12/04 14:54:56 開始します(4884)
2018/12/04 14:54:56 非実行(4884)
2018/12/04 14:54:56 実行中(4884)
2018/12/04 14:55:02 終了しました(4884)
2018/12/08 07:56:02 開始します(5868)
2018/12/08 07:56:02 非実行(5868)
2018/12/08 07:56:02 実行中(5868)
2018/12/08 07:56:07 終了しました(5868)
2018/12/11 05:52:11 開始します(5292)
2018/12/11 05:52:11 非実行(5292)
2018/12/11 05:52:11 実行中(5292)
2018/12/11 05:52:16 終了しました(5292)
2018/12/12 05:17:29 開始します(6024)
2018/12/12 05:17:29 非実行(6024)
2018/12/12 05:17:29 実行中(6024)
2018/12/12 05:17:34 終了しました(6024)
2018/12/13 05:09:04 開始します(5056)
2018/12/13 05:09:04 非実行(5056)
2018/12/13 05:09:04 実行中(5056)
2018/12/13 05:09:09 終了しました(5056)
2018/12/26 01:37:19 開始します(5548)
2018/12/26 01:37:19 非実行(5548)
2018/12/26 01:37:19 実行中(5548)
2018/12/26 01:37:24 終了しました(5548)
2019/01/15 16:51:40 開始します(7624)
2019/01/15 16:51:40 非実行(7624)
2019/01/15 16:51:40 実行中(7624)
2019/01/15 16:51:45 終了しました(7624)
2019/01/19 00:49:11 開始します(4744)
2019/01/19 00:49:11 非実行(4744)
2019/01/19 00:49:11 実行中(4744)
2019/01/19 00:49:17 終了しました(4744)
2019/01/23 01:54:50 開始します(4976)
2019/01/23 01:54:50 非実行(4976)
2019/01/23 01:54:50 実行中(4976)
2019/01/23 01:54:55 終了しました(4976)
2019/01/25 03:17:14 開始します(464)
2019/01/25 03:17:14 非実行(464)
2019/01/25 03:17:14 実行中(464)
2019/01/25 03:17:19 終了しました(464)
2019/01/26 07:18:32 開始します(5568)
2019/01/26 07:18:32 非実行(5568)
2019/01/26 07:18:32 実行中(5568)
2019/01/26 07:18:37 終了しました(5568)
2019/01/29 05:55:22 開始します(3044)
2019/01/29 05:55:22 非実行(3044)
2019/01/29 05:55:22 実行中(3044)
2019/01/29 05:55:28 終了しました(3044)
2019/01/30 06:20:35 開始します(1884)
2019/01/30 06:20:35 非実行(1884)
2019/01/30 06:20:35 実行中(1884)
2019/01/30 06:20:40 終了しました(1884)
2019/01/31 04:00:50 開始します(1796)
2019/01/31 04:00:50 非実行(1796)
2019/01/31 04:00:50 実行中(1796)
2019/01/31 04:00:55 終了しました(1796)
2019/02/01 02:41:23 開始します(4256)
2019/02/01 02:41:23 非実行(4256)
2019/02/01 02:41:23 実行中(4256)
2019/02/01 02:41:28 終了しました(4256)
2019/02/02 02:17:27 開始します(6104)
2019/02/02 02:17:27 非実行(6104)
2019/02/02 02:17:27 実行中(6104)
2019/02/02 02:17:32 終了しました(6104)
2019/02/05 06:03:17 開始します(2324)
2019/02/05 06:03:17 非実行(2324)
2019/02/05 06:03:17 実行中(2324)
2019/02/05 06:03:22 終了しました(2324)
2019/02/06 06:54:53 開始します(1180)
2019/02/06 06:54:53 非実行(1180)
2019/02/06 06:54:53 実行中(1180)
2019/02/06 06:54:58 終了しました(1180)
2019/02/07 00:40:55 開始します(4184)
2019/02/07 00:40:55 非実行(4184)
2019/02/07 00:40:55 実行中(4184)
2019/02/07 00:41:00 終了しました(4184)
2019/02/08 00:50:39 開始します(2388)
2019/02/08 00:50:39 非実行(2388)
2019/02/08 00:50:39 実行中(2388)
2019/02/08 00:50:44 終了しました(2388)
2019/02/09 01:55:09 開始します(4388)
2019/02/09 01:55:09 非実行(4388)
2019/02/09 01:55:09 実行中(4388)
2019/02/09 01:55:15 終了しました(4388)
2019/02/12 01:21:02 開始します(4900)
2019/02/12 01:21:02 非実行(4900)
2019/02/12 01:21:02 実行中(4900)
2019/02/12 01:21:07 終了しました(4900)
2019/02/13 04:03:33 開始します(6424)
2019/02/13 04:03:33 非実行(6424)
2019/02/13 04:03:33 実行中(6424)
2019/02/13 04:03:38 終了しました(6424)
2019/02/14 01:32:05 開始します(3920)
2019/02/14 01:32:05 非実行(3920)
2019/02/14 01:32:05 実行中(3920)
2019/02/14 01:32:10 終了しました(3920)
2019/02/15 00:08:38 開始します(6000)
2019/02/15 00:08:38 非実行(6000)
2019/02/15 00:08:38 実行中(6000)
2019/02/15 00:08:43 終了しました(6000)
2019/03/08 20:19:05 開始します(6476)
2019/03/08 20:19:05 非実行(6476)
2019/03/08 20:19:05 実行中(6476)
2019/03/08 20:19:10 終了しました(6476)
2019/03/12 00:23:09 開始します(6508)
2019/03/12 00:23:09 非実行(6508)
2019/03/12 00:23:09 実行中(6508)
2019/03/12 00:23:14 終了しました(6508)
2019/03/13 04:47:17 開始します(5796)
2019/03/13 04:47:17 非実行(5796)
2019/03/13 04:47:17 実行中(5796)
2019/03/13 04:47:22 終了しました(5796)
2019/03/14 00:48:33 開始します(6372)
2019/03/14 00:48:33 非実行(6372)
2019/03/14 00:48:33 実行中(6372)
2019/03/14 00:48:38 終了しました(6372)
2019/03/15 00:13:09 開始します(4376)
2019/03/15 00:13:09 非実行(4376)
2019/03/15 00:13:09 実行中(4376)
2019/03/15 00:13:14 終了しました(4376)
2019/03/15 23:49:13 開始します(2628)
2019/03/15 23:49:13 非実行(2628)
2019/03/15 23:49:13 実行中(2628)
2019/03/15 23:49:18 終了しました(2628)
2019/03/19 00:12:45 開始します(904)
2019/03/19 00:12:45 非実行(904)
2019/03/19 00:12:45 実行中(904)
2019/03/19 00:12:50 終了しました(904)
2019/03/20 00:20:28 開始します(6284)
2019/03/20 00:20:28 非実行(6284)
2019/03/20 00:20:28 実行中(6284)
2019/03/20 00:20:33 終了しました(6284)
2019/03/20 23:56:34 開始します(464)
2019/03/20 23:56:34 非実行(464)
2019/03/20 23:56:34 実行中(464)
2019/03/20 23:56:39 終了しました(464)
2019/03/22 00:34:31 開始します(3188)
2019/03/22 00:34:31 非実行(3188)
2019/03/22 00:34:31 実行中(3188)
2019/03/22 00:34:36 終了しました(3188)
2019/03/23 00:25:23 開始します(5372)
2019/03/23 00:25:23 非実行(5372)
2019/03/23 00:25:23 実行中(5372)
2019/03/23 00:25:28 終了しました(5372)
2019/03/26 00:52:31 開始します(6040)
2019/03/26 00:52:31 非実行(6040)
2019/03/26 00:52:31 実行中(6040)
2019/03/26 00:52:36 終了しました(6040)
2019/03/27 00:41:19 開始します(2248)
2019/03/27 00:41:19 非実行(2248)
2019/03/27 00:41:19 実行中(2248)
2019/03/27 00:41:24 終了しました(2248)
2019/03/28 01:05:44 開始します(4604)
2019/03/28 01:05:44 非実行(4604)
2019/03/28 01:05:44 実行中(4604)
2019/03/28 01:05:49 終了しました(4604)
2019/03/29 00:37:31 開始します(3972)
2019/03/29 00:37:31 非実行(3972)
2019/03/29 00:37:31 実行中(3972)
2019/03/29 00:37:36 終了しました(3972)
2019/03/30 00:08:49 開始します(4536)
2019/03/30 00:08:49 非実行(4536)
2019/03/30 00:08:49 実行中(4536)
2019/03/30 00:08:54 終了しました(4536)
2019/04/01 23:59:02 開始します(4000)
2019/04/01 23:59:02 非実行(4000)
2019/04/01 23:59:02 実行中(4000)
2019/04/01 23:59:07 終了しました(4000)
2019/04/02 23:17:50 開始します(2640)
2019/04/02 23:17:50 非実行(2640)
2019/04/02 23:17:50 実行中(2640)
2019/04/02 23:17:55 終了しました(2640)
2019/04/04 00:26:04 開始します(5060)
2019/04/04 00:26:04 非実行(5060)
2019/04/04 00:26:04 実行中(5060)
2019/04/04 00:26:09 終了しました(5060)
2019/04/04 22:57:30 開始します(3936)
2019/04/04 22:57:30 非実行(3936)
2019/04/04 22:57:30 実行中(3936)
2019/04/04 22:57:35 終了しました(3936)
2019/04/05 22:56:11 開始します(4560)
2019/04/05 22:56:11 非実行(4560)
2019/04/05 22:56:11 実行中(4560)
2019/04/05 22:56:17 終了しました(4560)
2019/04/08 23:18:54 開始します(2228)
2019/04/08 23:18:54 非実行(2228)
2019/04/08 23:18:54 実行中(2228)
2019/04/08 23:18:59 終了しました(2228)
2019/04/09 22:47:04 開始します(3808)
2019/04/09 22:47:04 非実行(3808)
2019/04/09 22:47:04 実行中(3808)
2019/04/09 22:47:09 終了しました(3808)
2019/04/10 23:02:43 開始します(2160)
2019/04/10 23:02:43 非実行(2160)
2019/04/10 23:02:43 実行中(2160)
2019/04/10 23:02:49 終了しました(2160)
2019/04/13 01:56:45 開始します(3588)
2019/04/13 01:56:45 非実行(3588)
2019/04/13 01:56:45 実行中(3588)
2019/04/13 01:56:50 終了しました(3588)
2019/04/18 03:13:37 開始します(5328)
2019/04/18 03:13:37 非実行(5328)
2019/04/18 03:13:37 実行中(5328)
2019/04/18 03:13:43 終了しました(5328)
2019/04/20 14:41:19 開始します(3928)
2019/04/20 14:41:19 非実行(3928)
2019/04/20 14:41:19 実行中(3928)
2019/04/20 14:41:24 終了しました(3928)
2019/04/23 18:22:32 開始します(5740)
2019/04/23 18:22:32 非実行(5740)
2019/04/23 18:22:32 実行中(5740)
2019/04/23 18:22:37 終了しました(5740)
2019/04/24 23:12:56 開始します(6048)
2019/04/24 23:12:56 非実行(6048)
2019/04/24 23:12:56 実行中(6048)
2019/04/24 23:13:01 終了しました(6048)
2019/04/25 21:36:07 開始します(5788)
2019/04/25 21:36:07 非実行(5788)
2019/04/25 21:36:07 実行中(5788)
2019/04/25 21:36:12 終了しました(5788)
2019/04/29 05:39:45 開始します(6024)
2019/04/29 05:39:45 非実行(6024)
2019/04/29 05:39:45 実行中(6024)
2019/04/29 05:39:50 終了しました(6024)
2019/05/07 02:22:28 開始します(4308)
2019/05/07 02:22:28 非実行(4308)
2019/05/07 02:22:28 実行中(4308)
2019/05/07 02:22:33 終了しました(4308)
2019/05/09 20:44:36 開始します(7156)
2019/05/09 20:44:36 非実行(7156)
2019/05/09 20:44:36 実行中(7156)
2019/05/09 20:44:42 終了しました(7156)
2019/05/10 11:20:12 開始します(6944)
2019/05/10 11:20:12 非実行(6944)
2019/05/10 11:20:12 実行中(6944)
2019/05/10 11:20:18 終了しました(6944)
2019/05/24 03:02:10 開始します(4404)
2019/05/24 03:02:10 非実行(4404)
2019/05/24 03:02:10 実行中(4404)
2019/05/24 03:02:15 終了しました(4404)
2019/05/29 03:03:23 開始します(7072)
2019/05/29 03:03:23 非実行(7072)
2019/05/29 03:03:23 実行中(7072)
2019/05/29 03:03:28 終了しました(7072)
2019/06/17 20:37:07 開始します(12184)
2019/06/17 20:37:07 非実行(12184)
2019/06/17 20:37:07 実行中(12184)
2019/06/17 20:37:13 終了しました(12184)
2019/06/25 21:42:24 開始します(8912)
2019/06/25 21:42:24 非実行(8912)
2019/06/25 21:42:24 実行中(8912)
2019/06/25 21:42:30 終了しました(8912)
2019/06/27 02:22:24 開始します(9516)
2019/06/27 02:22:24 非実行(9516)
2019/06/27 02:22:24 実行中(9516)
2019/06/27 02:22:29 終了しました(9516)
2019/06/27 21:52:06 開始します(2416)
2019/06/27 21:52:06 非実行(2416)
2019/06/27 21:52:06 実行中(2416)
2019/06/27 21:52:11 終了しました(2416)
2019/06/28 21:13:01 開始します(2684)
2019/06/28 21:13:01 非実行(2684)
2019/06/28 21:13:01 実行中(2684)
2019/06/28 21:13:06 終了しました(2684)
2019/07/04 16:07:03 開始します(3216)
2019/07/04 16:07:03 非実行(3216)
2019/07/04 16:07:03 実行中(3216)
2019/07/04 16:07:08 終了しました(3216)
2019/07/09 22:12:42 開始します(2888)
2019/07/09 22:12:42 非実行(2888)
2019/07/09 22:12:42 実行中(2888)
2019/07/09 22:12:48 終了しました(2888)
2019/07/11 03:47:42 開始します(3672)
2019/07/11 03:47:42 非実行(3672)
2019/07/11 03:47:42 実行中(3672)
2019/07/11 03:47:48 終了しました(3672)
2019/07/22 22:35:31 開始します(10108)
2019/07/22 22:35:31 非実行(10108)
2019/07/22 22:35:31 実行中(10108)
2019/07/22 22:35:36 終了しました(10108)
2019/07/23 17:33:25 開始します(5840)
2019/07/23 17:33:25 非実行(5840)
2019/07/23 17:33:25 実行中(5840)
2019/07/23 17:33:31 終了しました(5840)
2019/07/24 22:56:11 開始します(7468)
2019/07/24 22:56:11 非実行(7468)
2019/07/24 22:56:11 実行中(7468)
2019/07/24 22:56:16 終了しました(7468)
2019/07/25 19:11:04 開始します(10880)
2019/07/25 19:11:04 非実行(10880)
2019/07/25 19:11:04 実行中(10880)
2019/07/25 19:11:09 終了しました(10880)
2019/07/27 05:50:36 開始します(6816)
2019/07/27 05:50:36 非実行(6816)
2019/07/27 05:50:36 実行中(6816)
2019/07/27 05:50:41 終了しました(6816)
2019/07/29 19:38:34 開始します(9128)
2019/07/29 19:38:34 非実行(9128)
2019/07/29 19:38:34 実行中(9128)
2019/07/29 19:38:40 終了しました(9128)
2019/07/30 22:54:00 開始します(10992)
2019/07/30 22:54:00 非実行(10992)
2019/07/30 22:54:00 実行中(10992)
2019/07/30 22:54:06 終了しました(10992)
2019/08/01 01:34:40 開始します(12036)
2019/08/01 01:34:40 非実行(12036)
2019/08/01 01:34:40 実行中(12036)
2019/08/01 01:34:46 終了しました(12036)
2019/08/07 21:15:39 開始します(7640)
2019/08/07 21:15:39 非実行(7640)
2019/08/07 21:15:39 実行中(7640)
2019/08/07 21:15:45 終了しました(7640)
2019/08/08 21:37:58 開始します(6308)
2019/08/08 21:37:58 非実行(6308)
2019/08/08 21:37:58 実行中(6308)
2019/08/08 21:38:04 終了しました(6308)
2019/08/09 19:07:53 開始します(11456)
2019/08/09 19:07:53 非実行(11456)
2019/08/09 19:07:53 実行中(11456)
2019/08/09 19:07:58 終了しました(11456)
2019/08/14 21:29:58 開始します(3184)
2019/08/14 21:29:58 非実行(3184)
2019/08/14 21:29:58 実行中(3184)
2019/08/14 21:30:04 終了しました(3184)
2019/08/15 21:56:23 開始します(8048)
2019/08/15 21:56:23 非実行(8048)
2019/08/15 21:56:23 実行中(8048)
2019/08/15 21:56:29 終了しました(8048)
2019/08/16 18:42:56 開始します(5308)
2019/08/16 18:42:56 非実行(5308)
2019/08/16 18:42:56 実行中(5308)
2019/08/16 18:43:01 終了しました(5308)
2019/08/19 21:13:24 開始します(9196)
2019/08/19 21:13:24 非実行(9196)
2019/08/19 21:13:24 実行中(9196)
2019/08/19 21:13:29 終了しました(9196)
2019/08/20 21:15:00 開始します(7196)
2019/08/20 21:15:00 非実行(7196)
2019/08/20 21:15:00 実行中(7196)
2019/08/20 21:15:06 終了しました(7196)
2019/08/21 20:12:53 開始します(6704)
2019/08/21 20:12:53 非実行(6704)
2019/08/21 20:12:53 実行中(6704)
2019/08/21 20:12:58 終了しました(6704)
2019/08/22 20:27:07 開始します(5816)
2019/08/22 20:27:07 非実行(5816)
2019/08/22 20:27:07 実行中(5816)
2019/08/22 20:27:12 終了しました(5816)
2019/08/26 20:11:23 開始します(8712)
2019/08/26 20:11:23 非実行(8712)
2019/08/26 20:11:23 実行中(8712)
2019/08/26 20:11:29 終了しました(8712)
2019/08/28 19:27:22 開始します(10000)
2019/08/28 19:27:22 非実行(10000)
2019/08/28 19:27:22 実行中(10000)
2019/08/28 19:27:28 終了しました(10000)
2019/09/02 19:30:37 開始します(5668)
2019/09/02 19:30:37 非実行(5668)
2019/09/02 19:30:37 実行中(5668)
2019/09/02 19:30:43 終了しました(5668)
2019/09/04 19:40:33 開始します(8712)
2019/09/04 19:40:33 非実行(8712)
2019/09/04 19:40:33 実行中(8712)
2019/09/04 19:40:39 終了しました(8712)
2019/09/05 21:46:26 開始します(8420)
2019/09/05 21:46:26 非実行(8420)
2019/09/05 21:46:26 実行中(8420)
2019/09/05 21:46:32 終了しました(8420)
2019/09/12 01:54:26 開始します(7872)
2019/09/12 01:54:26 非実行(7872)
2019/09/12 01:54:26 実行中(7872)
2019/09/12 01:54:31 終了しました(7872)
2019/09/13 03:09:28 開始します(1944)
2019/09/13 03:09:28 非実行(1944)
2019/09/13 03:09:28 実行中(1944)
2019/09/13 03:09:33 終了しました(1944)
2019/10/05 03:32:20 開始します(10220)
2019/10/05 03:32:20 非実行(10220)
2019/10/05 03:32:20 実行中(10220)
2019/10/05 03:32:25 終了しました(10220)
2019/10/23 18:13:58 開始します(7492)
2019/10/23 18:13:58 非実行(7492)
2019/10/23 18:13:58 実行中(7492)
2019/10/23 18:14:03 終了しました(7492)
2019/10/24 13:23:57 開始します(2892)
2019/10/24 13:23:57 非実行(2892)
2019/10/24 13:23:57 実行中(2892)
2019/10/24 13:24:03 終了しました(2892)
2019/10/29 01:30:40 開始します(7860)
2019/10/29 01:30:40 非実行(7860)
2019/10/29 01:30:40 実行中(7860)
2019/10/29 01:30:45 終了しました(7860)
2019/11/01 18:09:19 開始します(2744)
2019/11/01 18:09:19 非実行(2744)
2019/11/01 18:09:19 実行中(2744)
2019/11/01 18:09:25 終了しました(2744)
2019/11/05 20:28:24 開始します(4268)
2019/11/05 20:28:24 非実行(4268)
2019/11/05 20:28:24 実行中(4268)
2019/11/05 20:28:29 終了しました(4268)
2019/11/06 23:44:30 開始します(692)
2019/11/06 23:44:30 非実行(692)
2019/11/06 23:44:30 実行中(692)
2019/11/06 23:44:35 終了しました(692)
2019/11/07 19:17:50 開始します(8312)
2019/11/07 19:17:50 非実行(8312)
2019/11/07 19:17:50 実行中(8312)
2019/11/07 19:17:55 終了しました(8312)
2019/11/08 19:50:25 開始します(4912)
2019/11/08 19:50:25 非実行(4912)
2019/11/08 19:50:25 実行中(4912)
2019/11/08 19:50:30 終了しました(4912)
2019/11/11 19:33:33 開始します(9012)
2019/11/11 19:33:33 非実行(9012)
2019/11/11 19:33:33 実行中(9012)
2019/11/11 19:33:38 終了しました(9012)
2019/11/12 20:47:15 開始します(6128)
2019/11/12 20:47:15 非実行(6128)
2019/11/12 20:47:15 実行中(6128)
2019/11/12 20:47:20 終了しました(6128)
2019/11/13 18:17:18 開始します(6320)
2019/11/13 18:17:18 非実行(6320)
2019/11/13 18:17:18 実行中(6320)
2019/11/13 18:17:23 終了しました(6320)
2019/11/14 21:51:50 開始します(4764)
2019/11/14 21:51:50 非実行(4764)
2019/11/14 21:51:50 実行中(4764)
2019/11/14 21:51:56 終了しました(4764)
2019/11/15 21:37:33 開始します(6172)
2019/11/15 21:37:33 非実行(6172)
2019/11/15 21:37:33 実行中(6172)
2019/11/15 21:37:38 終了しました(6172)
2019/11/18 20:48:52 開始します(12068)
2019/11/18 20:48:52 非実行(12068)
2019/11/18 20:48:52 実行中(12068)
2019/11/18 20:48:57 終了しました(12068)
2019/11/20 04:22:55 開始します(6212)
2019/11/20 04:22:55 非実行(6212)
2019/11/20 04:22:55 実行中(6212)
2019/11/20 04:23:01 終了しました(6212)
2019/11/21 03:45:59 開始します(9832)
2019/11/21 03:45:59 非実行(9832)
2019/11/21 03:45:59 実行中(9832)
2019/11/21 03:46:04 終了しました(9832)
2019/11/21 20:27:07 開始します(11004)
2019/11/21 20:27:07 非実行(11004)
2019/11/21 20:27:07 実行中(11004)
2019/11/21 20:27:12 終了しました(11004)
2019/11/23 01:48:50 開始します(4476)
2019/11/23 01:48:50 非実行(4476)
2019/11/23 01:48:50 実行中(4476)
2019/11/23 01:48:55 終了しました(4476)
2019/11/25 20:24:56 開始します(12464)
2019/11/25 20:24:56 非実行(12464)
2019/11/25 20:24:56 実行中(12464)
2019/11/25 20:25:01 終了しました(12464)
2019/11/28 19:55:02 開始します(7664)
2019/11/28 19:55:02 非実行(7664)
2019/11/28 19:55:02 実行中(7664)
2019/11/28 19:55:07 終了しました(7664)
2019/11/29 20:19:12 開始します(668)
2019/11/29 20:19:12 非実行(668)
2019/11/29 20:19:12 実行中(668)
2019/11/29 20:19:18 終了しました(668)
2019/12/03 03:34:05 開始します(12680)
2019/12/03 03:34:05 非実行(12680)
2019/12/03 03:34:05 実行中(12680)
2019/12/03 03:34:10 終了しました(12680)
2019/12/23 23:26:37 開始します(7780)
2019/12/23 23:26:37 非実行(7780)
2019/12/23 23:26:37 実行中(7780)
2019/12/23 23:26:43 終了しました(7780)
2019/12/27 00:04:31 開始します(32)
2019/12/27 00:04:31 非実行(32)
2019/12/27 00:04:31 実行中(32)
2019/12/27 00:04:36 終了しました(32)
2020/02/28 15:50:19 開始します(2300)
2020/02/28 15:50:19 非実行(2300)
2020/02/28 15:50:19 実行中(2300)
2020/02/28 15:50:25 終了しました(2300)
2020/03/04 19:42:16 開始します(1440)
2020/03/04 19:42:16 非実行(1440)
2020/03/04 19:42:16 実行中(1440)
2020/03/04 19:42:21 終了しました(1440)
2020/03/05 21:10:39 開始します(6672)
2020/03/05 21:10:39 非実行(6672)
2020/03/05 21:10:39 実行中(6672)
2020/03/05 21:10:44 終了しました(6672)
2020/03/07 05:19:48 開始します(5504)
2020/03/07 05:19:48 非実行(5504)
2020/03/07 05:19:48 実行中(5504)
2020/03/07 05:19:54 終了しました(5504)
2020/03/19 05:06:06 開始します(4236)
2020/03/19 05:06:06 非実行(4236)
2020/03/19 05:06:06 実行中(4236)
2020/03/19 05:06:12 終了しました(4236)
2020/03/19 15:18:27 開始します(4732)
2020/03/19 15:18:27 非実行(4732)
2020/03/19 15:18:27 実行中(4732)
2020/03/19 15:18:33 終了しました(4732)
2020/03/23 19:54:16 開始します(8040)
2020/03/23 19:54:16 非実行(8040)
2020/03/23 19:54:16 実行中(8040)
2020/03/23 19:54:22 終了しました(8040)
2020/04/28 03:02:26 開始します(8808)
2020/04/28 03:02:26 非実行(8808)
2020/04/28 03:02:26 実行中(8808)
2020/04/28 03:02:32 終了しました(8808)
2020/06/03 18:55:23 開始します(8908)
2020/06/03 18:55:23 非実行(8908)
2020/06/03 18:55:23 実行中(8908)
2020/06/03 18:55:29 終了しました(8908)
2020/06/15 18:27:14 開始します(1852)
2020/06/15 18:27:14 非実行(1852)
2020/06/15 18:27:14 実行中(1852)
2020/06/15 18:27:20 終了しました(1852)
2020/06/19 05:33:45 開始します(3872)
2020/06/19 05:33:45 非実行(3872)
2020/06/19 05:33:45 実行中(3872)
2020/06/19 05:33:50 終了しました(3872)
2020/06/23 12:01:45 開始します(1612)
2020/06/23 12:01:45 非実行(1612)
2020/06/23 12:01:45 実行中(1612)
2020/06/23 12:01:51 終了しました(1612)
2020/07/09 15:03:59 開始します(7916)
2020/07/09 15:03:59 非実行(7916)
2020/07/09 15:03:59 実行中(7916)
2020/07/09 15:04:05 終了しました(7916)
2020/07/20 17:17:24 開始します(5964)
2020/07/20 17:17:24 非実行(5964)
2020/07/20 17:17:24 実行中(5964)
2020/07/20 17:17:30 終了しました(5964)
2020/08/20 13:58:35 開始します(7536)
2020/08/20 13:58:35 非実行(7536)
2020/08/20 13:58:35 実行中(7536)
2020/08/20 13:58:41 終了しました(7536)
2020/08/20 20:48:14 開始します(1800)
2020/08/20 20:48:14 非実行(1800)
2020/08/20 20:48:14 実行中(1800)
2020/08/20 20:48:20 終了しました(1800)
2020/08/24 11:53:10 開始します(5476)
2020/08/24 11:53:10 非実行(5476)
2020/08/24 11:53:10 実行中(5476)
2020/08/24 11:53:16 終了しました(5476)
2020/08/25 13:51:22 開始します(7128)
2020/08/25 13:51:22 非実行(7128)
2020/08/25 13:51:22 実行中(7128)
2020/08/25 13:51:28 終了しました(7128)
2020/08/26 16:04:26 開始します(4136)
2020/08/26 16:04:26 非実行(4136)
2020/08/26 16:04:26 実行中(4136)
2020/08/26 16:04:31 終了しました(4136)
2020/08/31 21:46:18 開始します(4752)
2020/08/31 21:46:18 非実行(4752)
2020/08/31 21:46:18 実行中(4752)
2020/08/31 21:46:24 終了しました(4752)
2020/09/01 23:01:22 開始します(6664)
2020/09/01 23:01:22 非実行(6664)
2020/09/01 23:01:22 実行中(6664)
2020/09/01 23:01:28 終了しました(6664)
2020/09/03 21:49:17 開始します(2148)
2020/09/03 21:49:17 非実行(2148)
2020/09/03 21:49:17 実行中(2148)
2020/09/03 21:49:22 終了しました(2148)
2020/09/04 14:21:25 開始します(5236)
2020/09/04 14:21:25 非実行(5236)
2020/09/04 14:21:25 実行中(5236)
2020/09/04 14:21:31 終了しました(5236)
2020/09/09 18:12:14 開始します(3816)
2020/09/09 18:12:14 非実行(3816)
2020/09/09 18:12:14 実行中(3816)
2020/09/09 18:12:19 終了しました(3816)
2020/09/14 12:59:13 開始します(4836)
2020/09/14 12:59:13 非実行(4836)
2020/09/14 12:59:13 実行中(4836)
2020/09/14 12:59:18 終了しました(4836)
2020/09/16 12:16:37 開始します(552)
2020/09/16 12:16:37 非実行(552)
2020/09/16 12:16:37 実行中(552)
2020/09/16 12:16:42 終了しました(552)
2020/09/25 11:38:43 開始します(6640)
2020/09/25 11:38:43 非実行(6640)
2020/09/25 11:38:43 実行中(6640)
2020/09/25 11:38:48 終了しました(6640)
2020/09/25 16:14:23 開始します(5808)
2020/09/25 16:14:23 非実行(5808)
2020/09/25 16:14:23 実行中(5808)
2020/09/25 16:14:28 終了しました(5808)
2020/09/29 15:41:31 開始します(4668)
2020/09/29 15:41:31 非実行(4668)
2020/09/29 15:41:31 実行中(4668)
2020/09/29 15:41:37 終了しました(4668)
2020/09/30 16:08:54 開始します(3364)
2020/09/30 16:08:54 非実行(3364)
2020/09/30 16:08:54 実行中(3364)
2020/09/30 16:09:00 終了しました(3364)
2020/10/01 17:09:02 開始します(5016)
2020/10/01 17:09:02 非実行(5016)
2020/10/01 17:09:02 実行中(5016)
2020/10/01 17:09:07 終了しました(5016)
2020/10/07 23:13:51 開始します(2148)
2020/10/07 23:13:51 非実行(2148)
2020/10/07 23:13:51 実行中(2148)
2020/10/07 23:13:57 終了しました(2148)
2020/10/14 13:29:06 開始します(4952)
2020/10/14 13:29:06 非実行(4952)
2020/10/14 13:29:06 実行中(4952)
2020/10/14 13:29:11 終了しました(4952)
2020/10/19 15:27:57 開始します(4712)
2020/10/19 15:27:57 非実行(4712)
2020/10/19 15:27:57 実行中(4712)
2020/10/19 15:28:02 終了しました(4712)
2020/10/23 20:06:52 開始します(2016)
2020/10/23 20:06:52 非実行(2016)
2020/10/23 20:06:52 実行中(2016)
2020/10/23 20:06:57 終了しました(2016)
2020/11/11 17:46:51 開始します(9308)
2020/11/11 17:46:51 非実行(9308)
2020/11/11 17:46:51 実行中(9308)
2020/11/11 17:46:57 終了しました(9308)
2020/11/12 18:44:43 開始します(5164)
2020/11/12 18:44:43 非実行(5164)
2020/11/12 18:44:43 実行中(5164)
2020/11/12 18:44:48 終了しました(5164)
2020/11/13 20:41:39 開始します(9676)
2020/11/13 20:41:39 非実行(9676)
2020/11/13 20:41:39 実行中(9676)
2020/11/13 20:41:45 終了しました(9676)
2020/11/16 18:35:57 開始します(9712)
2020/11/16 18:35:57 非実行(9712)
2020/11/16 18:35:57 実行中(9712)
2020/11/16 18:36:03 終了しました(9712)
2020/11/17 19:08:03 開始します(9024)
2020/11/17 19:08:03 非実行(9024)
2020/11/17 19:08:03 実行中(9024)
2020/11/17 19:08:09 終了しました(9024)
2020/11/19 18:05:42 開始します(8044)
2020/11/19 18:05:42 非実行(8044)
2020/11/19 18:05:42 実行中(8044)
2020/11/19 18:05:47 終了しました(8044)
2020/11/20 19:28:17 開始します(4972)
2020/11/20 19:28:17 非実行(4972)
2020/11/20 19:28:17 実行中(4972)
2020/11/20 19:28:22 終了しました(4972)
2020/11/24 16:46:52 開始します(6488)
2020/11/24 16:46:52 非実行(6488)
2020/11/24 16:46:52 実行中(6488)
2020/11/24 16:46:58 終了しました(6488)
2020/11/25 19:27:13 開始します(9936)
2020/11/25 19:27:13 非実行(9936)
2020/11/25 19:27:13 実行中(9936)
2020/11/25 19:27:18 終了しました(9936)
2020/11/26 18:33:51 開始します(8732)
2020/11/26 18:33:51 非実行(8732)
2020/11/26 18:33:51 実行中(8732)
2020/11/26 18:33:57 終了しました(8732)
2020/11/27 18:30:47 開始します(8428)
2020/11/27 18:30:47 非実行(8428)
2020/11/27 18:30:47 実行中(8428)
2020/11/27 18:30:53 終了しました(8428)
2020/12/01 18:49:15 開始します(3984)
2020/12/01 18:49:15 非実行(3984)
2020/12/01 18:49:15 実行中(3984)
2020/12/01 18:49:20 終了しました(3984)
2020/12/02 16:35:31 開始します(8924)
2020/12/02 16:35:31 非実行(8924)
2020/12/02 16:35:31 実行中(8924)
2020/12/02 16:35:37 終了しました(8924)
2020/12/03 17:21:04 開始します(4476)
2020/12/03 17:21:04 非実行(4476)
2020/12/03 17:21:04 実行中(4476)
2020/12/03 17:21:10 終了しました(4476)
2020/12/10 19:16:28 開始します(3880)
2020/12/10 19:16:28 非実行(3880)
2020/12/10 19:16:28 実行中(3880)
2020/12/10 19:16:34 終了しました(3880)
2021/01/12 21:18:10 開始します(7708)
2021/01/12 21:18:10 非実行(7708)
2021/01/12 21:18:10 実行中(7708)
2021/01/12 21:18:15 終了しました(7708)
2021/01/15 13:47:39 開始します(6932)
2021/01/15 13:47:39 非実行(6932)
2021/01/15 13:47:39 実行中(6932)
2021/01/15 13:47:44 終了しました(6932)
2021/01/18 13:43:08 開始します(8540)
2021/01/18 13:43:08 非実行(8540)
2021/01/18 13:43:08 実行中(8540)
2021/01/18 13:43:14 終了しました(8540)
2021/01/19 14:21:50 開始します(4912)
2021/01/19 14:21:50 非実行(4912)
2021/01/19 14:21:50 実行中(4912)
2021/01/19 14:21:55 終了しました(4912)
2021/01/21 13:24:27 開始します(7548)
2021/01/21 13:24:27 非実行(7548)
2021/01/21 13:24:27 実行中(7548)
2021/01/21 13:24:32 終了しました(7548)
2021/03/03 18:21:27 開始します(8092)
2021/03/03 18:21:27 非実行(8092)
2021/03/03 18:21:27 実行中(8092)
2021/03/03 18:21:33 終了しました(8092)
2021/03/04 17:19:49 開始します(9984)
2021/03/04 17:19:49 非実行(9984)
2021/03/04 17:19:49 実行中(9984)
2021/03/04 17:19:54 終了しました(9984)
2021/04/19 20:49:13 開始します(6048)
2021/04/19 20:49:13 非実行(6048)
2021/04/19 20:49:13 実行中(6048)
2021/04/19 20:49:19 終了しました(6048)
2021/05/07 17:59:53 開始します(3316)
2021/05/07 17:59:53 非実行(3316)
2021/05/07 17:59:53 実行中(3316)
2021/05/07 17:59:59 終了しました(3316)
2021/05/10 21:26:55 開始します(8472)
2021/05/10 21:26:55 非実行(8472)
2021/05/10 21:26:55 実行中(8472)
2021/05/10 21:27:01 終了しました(8472)
2021/05/12 09:22:03 開始します(2836)
2021/05/12 09:22:03 非実行(2836)
2021/05/12 09:22:03 実行中(2836)
2021/05/12 09:22:09 終了しました(2836)
2021/05/17 18:15:29 開始します(5132)
2021/05/17 18:15:29 非実行(5132)
2021/05/17 18:15:29 実行中(5132)
2021/05/17 18:15:35 終了しました(5132)
2021/06/09 20:01:10 開始します(9988)
2021/06/09 20:01:10 非実行(9988)
2021/06/09 20:01:10 実行中(9988)
2021/06/09 20:01:16 終了しました(9988)
2021/08/03 14:41:12 開始します(5552)
2021/08/03 14:41:12 非実行(5552)
2021/08/03 14:41:12 実行中(5552)
2021/08/03 14:41:18 終了しました(5552)
2021/11/16 04:54:57 開始します(1044)
2021/11/16 04:54:57 非実行(1044)
2021/11/16 04:54:57 実行中(1044)
2021/11/16 04:55:03 終了しました(1044)
2021/11/16 20:33:45 開始します(3404)
2021/11/16 20:33:45 非実行(3404)
2021/11/16 20:33:45 実行中(3404)
2021/11/16 20:33:51 終了しました(3404)
2021/11/17 20:01:58 開始します(6200)
2021/11/17 20:01:58 非実行(6200)
2021/11/17 20:01:58 実行中(6200)
2021/11/17 20:02:04 終了しました(6200)
2021/11/18 12:19:13 開始します(7120)
2021/11/18 12:19:13 非実行(7120)
2021/11/18 12:19:13 実行中(7120)
2021/11/18 12:19:19 終了しました(7120)
2021/11/22 20:41:21 開始します(3544)
2021/11/22 20:41:21 非実行(3544)
2021/11/22 20:41:21 実行中(3544)
2021/11/22 20:41:27 終了しました(3544)
2022/02/21 20:11:36 開始します(7736)
2022/02/21 20:11:36 非実行(7736)
2022/02/21 20:11:36 実行中(7736)
2022/02/21 20:11:42 終了しました(7736)
2022/02/25 17:52:07 開始します(5116)
2022/02/25 17:52:07 非実行(5116)
2022/02/25 17:52:07 実行中(5116)
2022/02/25 17:52:13 終了しました(5116)
2022/03/04 15:35:20 開始します(1356)
2022/03/04 15:35:20 非実行(1356)
2022/03/04 15:35:20 実行中(1356)
2022/03/04 15:35:26 終了しました(1356)
2022/03/11 15:54:10 開始します(5808)
2022/03/11 15:54:10 非実行(5808)
2022/03/11 15:54:10 実行中(5808)
2022/03/11 15:54:16 終了しました(5808)
2022/03/23 15:34:18 開始します(552)
2022/03/23 15:34:18 非実行(552)
2022/03/23 15:34:18 実行中(552)
2022/03/23 15:34:23 終了しました(552)
2022/04/06 17:06:39 開始します(6316)
2022/04/06 17:06:39 非実行(6316)
2022/04/06 17:06:39 実行中(6316)
2022/04/06 17:06:45 終了しました(6316)
2022/04/12 20:20:19 開始します(4920)
2022/04/12 20:20:19 非実行(4920)
2022/04/12 20:20:19 実行中(4920)
2022/04/12 20:20:25 終了しました(4920)
2022/04/18 20:12:11 開始します(3624)
2022/04/18 20:12:11 非実行(3624)
2022/04/18 20:12:11 実行中(3624)
2022/04/18 20:12:17 終了しました(3624)
2022/04/25 20:29:51 開始します(6132)
2022/04/25 20:29:51 非実行(6132)
2022/04/25 20:29:51 実行中(6132)
2022/04/25 20:29:57 終了しました(6132)
2022/09/20 20:26:21 開始します(6340)
2022/09/20 20:26:21 非実行(6340)
2022/09/20 20:26:21 実行中(6340)
2022/09/20 20:26:27 終了しました(6340)
2022/09/21 17:21:41 開始します(1264)
2022/09/21 17:21:41 非実行(1264)
2022/09/21 17:21:41 実行中(1264)
2022/09/21 17:21:47 終了しました(1264)
2022/10/13 20:12:15 開始します(3324)
2022/10/13 20:12:15 非実行(3324)
2022/10/13 20:12:15 実行中(3324)
2022/10/13 20:12:21 終了しました(3324)
2022/12/19 17:19:49 開始します(1492)
2022/12/19 17:19:49 非実行(1492)
2022/12/19 17:19:49 実行中(1492)
2022/12/19 17:19:54 終了しました(1492)
2023/01/16 17:22:29 開始します(5172)
2023/01/16 17:22:29 非実行(5172)
2023/01/16 17:22:29 実行中(5172)
2023/01/16 17:22:35 終了しました(5172)
2023/01/17 22:29:21 開始します(2696)
2023/01/17 22:29:21 非実行(2696)
2023/01/17 22:29:21 実行中(2696)
2023/01/17 22:29:26 終了しました(2696)
2023/01/18 14:20:56 開始します(5872)
2023/01/18 14:20:56 非実行(5872)
2023/01/18 14:20:56 実行中(5872)
2023/01/18 14:21:02 終了しました(5872)
2023/01/24 13:36:58 開始します(7024)
2023/01/24 13:36:58 非実行(7024)
2023/01/24 13:36:58 実行中(7024)
2023/01/24 13:37:04 終了しました(7024)
2023/03/28 19:32:27 開始します(7352)
2023/03/28 19:32:27 非実行(7352)
2023/03/28 19:32:27 実行中(7352)
2023/03/28 19:32:32 終了しました(7352)
2023/04/25 18:10:57 開始します(4388)
2023/04/25 18:10:57 非実行(4388)
2023/04/25 18:10:57 実行中(4388)
2023/04/25 18:11:03 終了しました(4388)
2023/05/15 19:16:38 開始します(6684)
2023/05/15 19:16:38 非実行(6684)
2023/05/15 19:16:38 実行中(6684)
2023/05/15 19:16:44 終了しました(6684)
2023/05/16 17:24:49 開始します(3852)
2023/05/16 17:24:49 非実行(3852)
2023/05/16 17:24:49 実行中(3852)
2023/05/16 17:24:54 終了しました(3852)
2023/06/13 19:10:39 開始します(6692)
2023/06/13 19:10:39 非実行(6692)
2023/06/13 19:10:39 実行中(6692)
2023/06/13 19:10:44 終了しました(6692)
2023/09/08 18:14:41 開始します(7400)
2023/09/08 18:14:41 非実行(7400)
2023/09/08 18:14:41 実行中(7400)
2023/09/08 18:14:47 終了しました(7400)
2023/09/14 17:36:02 開始します(6600)
2023/09/14 17:36:02 非実行(6600)
2023/09/14 17:36:02 実行中(6600)
2023/09/14 17:36:08 終了しました(6600)
2023/09/28 19:17:58 開始します(2916)
2023/09/28 19:17:58 非実行(2916)
2023/09/28 19:17:58 実行中(2916)
2023/09/28 19:18:03 終了しました(2916)
2023/10/25 17:27:07 開始します(32)
2023/10/25 17:27:07 非実行(32)
2023/10/25 17:27:07 実行中(32)
2023/10/25 17:27:12 終了しました(32)
2024/01/29 19:46:50 開始します(6128)
2024/01/29 19:46:50 非実行(6128)
2024/01/29 19:46:50 実行中(6128)
2024/01/29 19:46:55 終了しました(6128)
2024/06/20 13:40:23 開始します(3732)
2024/06/20 13:40:23 非実行(3732)
2024/06/20 13:40:23 実行中(3732)
2024/06/20 13:40:24 終了しました(3732)
2024/07/02 16:42:03 開始します(8888)
2024/07/02 16:42:03 非実行(8888)
2024/07/02 16:42:03 実行中(8888)
2024/07/02 16:42:04 終了しました(8888)
2024/08/16 09:10:26 開始します(7980)
2024/08/16 09:10:26 非実行(7980)
2024/08/16 09:10:26 実行中(7980)
2024/08/16 09:10:27 終了しました(7980)
2024/08/16 09:10:41 開始します(9536)
2024/08/16 09:10:41 非実行(9536)
2024/08/16 09:10:41 実行中(9536)
2024/08/16 09:10:42 終了しました(9536)
2024/08/22 16:42:10 開始します(2840)
2024/08/22 16:42:10 非実行(2840)
2024/08/22 16:42:10 実行中(2840)
2024/08/22 16:42:11 終了しました(2840)
2024/08/23 10:28:48 開始します(264)
2024/08/23 10:28:48 非実行(264)
2024/08/23 10:28:48 実行中(264)
2024/08/23 10:28:49 終了しました(264)
2024/08/23 10:39:54 開始します(7968)
2024/08/23 10:39:54 非実行(7968)
2024/08/23 10:39:54 実行中(7968)
2024/08/23 10:39:55 終了しました(7968)
2024/08/23 10:48:26 開始します(7892)
2024/08/23 10:48:26 非実行(7892)
2024/08/23 10:48:26 実行中(7892)
2024/08/23 10:48:27 終了しました(7892)
2024/08/28 14:02:19 開始します(6472)
2024/08/28 14:02:19 非実行(6472)
2024/08/28 14:02:19 実行中(6472)
2024/08/28 14:02:20 終了しました(6472)
2024/09/12 03:38:58 開始します(8152)
2024/09/12 03:38:58 非実行(8152)
2024/09/12 03:38:58 実行中(8152)
2024/09/12 03:38:58 終了しました(8152)
2024/09/17 15:48:42 開始します(6368)
2024/09/17 15:48:42 非実行(6368)
2024/09/17 15:48:42 実行中(6368)
2024/09/17 15:48:42 終了しました(6368)
2024/09/17 16:19:49 開始します(10980)
2024/09/17 16:19:49 非実行(10980)
2024/09/17 16:19:49 実行中(10980)
2024/09/17 16:19:50 終了しました(10980)
2024/09/18 09:40:12 開始します(8820)
2024/09/18 09:40:12 非実行(8820)
2024/09/18 09:40:12 実行中(8820)
2024/09/18 09:40:13 終了しました(8820)
2024/09/18 20:09:12 開始します(11616)
2024/09/18 20:09:12 非実行(11616)
2024/09/18 20:09:12 実行中(11616)
2024/09/18 20:09:12 終了しました(11616)
2024/09/20 02:49:54 開始します(4592)
2024/09/20 02:49:54 非実行(4592)
2024/09/20 02:49:54 実行中(4592)
2024/09/20 02:49:55 終了しました(4592)
2024/09/23 02:56:18 開始します(3396)
2024/09/23 02:56:18 非実行(3396)
2024/09/23 02:56:18 実行中(3396)
2024/09/23 02:56:19 終了しました(3396)
2024/09/24 17:17:35 開始します(6952)
2024/09/24 17:17:35 非実行(6952)
2024/09/24 17:17:35 実行中(6952)
2024/09/24 17:17:36 終了しました(6952)
2024/09/24 17:20:59 開始します(4024)
2024/09/24 17:20:59 非実行(4024)
2024/09/24 17:20:59 実行中(4024)
2024/09/24 17:21:00 終了しました(4024)
2024/09/26 06:14:27 開始します(10796)
2024/09/26 06:14:27 非実行(10796)
2024/09/26 06:14:27 実行中(10796)
2024/09/26 06:14:27 終了しました(10796)
2024/09/27 06:36:34 開始します(11400)
2024/09/27 06:36:34 非実行(11400)
2024/09/27 06:36:34 実行中(11400)
2024/09/27 06:36:34 終了しました(11400)
2024/09/28 07:03:20 開始します(9196)
2024/09/28 07:03:20 非実行(9196)
2024/09/28 07:03:20 実行中(9196)
2024/09/28 07:03:21 終了しました(9196)
2024/09/29 06:14:12 開始します(2276)
2024/09/29 06:14:12 非実行(2276)
2024/09/29 06:14:12 実行中(2276)
2024/09/29 06:14:13 終了しました(2276)
2024/10/02 01:07:07 開始します(13144)
2024/10/02 01:07:07 非実行(13144)
2024/10/02 01:07:07 実行中(13144)
2024/10/02 01:07:08 終了しました(13144)
2024/10/03 01:37:43 開始します(12888)
2024/10/03 01:37:43 非実行(12888)
2024/10/03 01:37:43 実行中(12888)
2024/10/03 01:37:43 終了しました(12888)
2024/10/04 04:05:28 開始します(3900)
2024/10/04 04:05:28 非実行(3900)
2024/10/04 04:05:28 実行中(3900)
2024/10/04 04:05:28 終了しました(3900)
2024/10/05 04:33:43 開始します(11760)
2024/10/05 04:33:43 非実行(11760)
2024/10/05 04:33:43 実行中(11760)
2024/10/05 04:33:44 終了しました(11760)
2024/10/08 04:31:27 開始します(3904)
2024/10/08 04:31:27 非実行(3904)
2024/10/08 04:31:27 実行中(3904)
2024/10/08 04:31:28 終了しました(3904)
2024/10/09 03:57:52 開始します(11956)
2024/10/09 03:57:52 非実行(11956)
2024/10/09 03:57:52 実行中(11956)
2024/10/09 03:57:53 終了しました(11956)
2024/10/09 13:26:07 開始します(2148)
2024/10/09 13:26:07 非実行(2148)
2024/10/09 13:26:07 実行中(2148)
2024/10/09 13:26:08 終了しました(2148)
2024/10/10 04:36:12 開始します(4344)
2024/10/10 04:36:12 非実行(4344)
2024/10/10 04:36:12 実行中(4344)
2024/10/10 04:36:13 終了しました(4344)
2024/10/11 03:44:18 開始します(4524)
2024/10/11 03:44:18 非実行(4524)
2024/10/11 03:44:18 実行中(4524)
2024/10/11 03:44:19 終了しました(4524)
2024/10/13 05:29:29 開始します(3400)
2024/10/13 05:29:29 非実行(3400)
2024/10/13 05:29:29 実行中(3400)
2024/10/13 05:29:29 終了しました(3400)
2024/10/16 04:05:16 開始します(4424)
2024/10/16 04:05:16 非実行(4424)
2024/10/16 04:05:16 実行中(4424)
2024/10/16 04:05:17 終了しました(4424)
2024/10/17 03:16:22 開始します(6992)
2024/10/17 03:16:22 非実行(6992)
2024/10/17 03:16:22 実行中(6992)
2024/10/17 03:16:23 終了しました(6992)
2024/10/18 08:53:11 開始します(4664)
2024/10/18 08:53:11 非実行(4664)
2024/10/18 08:53:11 実行中(4664)
2024/10/18 08:53:12 終了しました(4664)
2024/10/19 02:47:16 開始します(6108)
2024/10/19 02:47:16 非実行(6108)
2024/10/19 02:47:16 実行中(6108)
2024/10/19 02:47:17 終了しました(6108)
2024/10/22 00:56:09 開始します(7088)
2024/10/22 00:56:09 非実行(7088)
2024/10/22 00:56:09 実行中(7088)
2024/10/22 00:56:10 終了しました(7088)
2024/10/23 01:13:11 開始します(8136)
2024/10/23 01:13:11 非実行(8136)
2024/10/23 01:13:11 実行中(8136)
2024/10/23 01:13:12 終了しました(8136)
2024/10/24 02:44:06 開始します(6692)
2024/10/24 02:44:06 非実行(6692)
2024/10/24 02:44:06 実行中(6692)
2024/10/24 02:44:06 終了しました(6692)
2024/10/25 04:08:09 開始します(8956)
2024/10/25 04:08:09 非実行(8956)
2024/10/25 04:08:09 実行中(8956)
2024/10/25 04:08:09 終了しました(8956)
2024/10/27 14:04:23 開始します(3216)
2024/10/27 14:04:23 非実行(3216)
2024/10/27 14:04:23 実行中(3216)
2024/10/27 14:04:24 終了しました(3216)
2024/10/29 01:07:18 開始します(6316)
2024/10/29 01:07:18 非実行(6316)
2024/10/29 01:07:18 実行中(6316)
2024/10/29 01:07:19 終了しました(6316)
2024/10/30 00:09:25 開始します(3632)
2024/10/30 00:09:25 非実行(3632)
2024/10/30 00:09:25 実行中(3632)
2024/10/30 00:09:26 終了しました(3632)
2024/10/30 23:38:17 開始します(1212)
2024/10/30 23:38:17 非実行(1212)
2024/10/30 23:38:17 実行中(1212)
2024/10/30 23:38:18 終了しました(1212)
2024/11/01 00:21:26 開始します(8348)
2024/11/01 00:21:26 非実行(8348)
2024/11/01 00:21:26 実行中(8348)
2024/11/01 00:21:26 終了しました(8348)
2024/11/03 20:57:15 開始します(2196)
2024/11/03 20:57:15 非実行(2196)
2024/11/03 20:57:15 実行中(2196)
2024/11/03 20:57:16 終了しました(2196)
2024/11/05 23:53:22 開始します(7308)
2024/11/05 23:53:22 非実行(7308)
2024/11/05 23:53:22 実行中(7308)
2024/11/05 23:53:23 終了しました(7308)
2024/11/07 06:45:12 開始します(4700)
2024/11/07 06:45:12 非実行(4700)
2024/11/07 06:45:12 実行中(4700)
2024/11/07 06:45:13 終了しました(4700)
2024/11/07 14:55:49 開始します(4060)
2024/11/07 14:55:49 非実行(4060)
2024/11/07 14:55:49 実行中(4060)
2024/11/07 14:55:50 終了しました(4060)
2024/11/07 16:30:57 開始します(2520)
2024/11/07 16:30:57 非実行(2520)
2024/11/07 16:30:57 実行中(2520)
2024/11/07 16:30:58 終了しました(2520)
2024/11/08 05:50:45 開始します(5700)
2024/11/08 05:50:45 非実行(5700)
2024/11/08 05:50:45 実行中(5700)
2024/11/08 05:50:46 終了しました(5700)
2024/11/09 07:17:17 開始します(5944)
2024/11/09 07:17:17 非実行(5944)
2024/11/09 07:17:17 実行中(5944)
2024/11/09 07:17:17 終了しました(5944)
2024/11/12 03:53:38 開始します(1884)
2024/11/12 03:53:38 非実行(1884)
2024/11/12 03:53:38 実行中(1884)
2024/11/12 03:53:39 終了しました(1884)
2024/11/13 06:38:22 開始します(6636)
2024/11/13 06:38:22 非実行(6636)
2024/11/13 06:38:22 実行中(6636)
2024/11/13 06:38:22 終了しました(6636)
2024/11/14 07:29:52 開始します(8672)
2024/11/14 07:29:52 非実行(8672)
2024/11/14 07:29:52 実行中(8672)
2024/11/14 07:29:53 終了しました(8672)
2024/11/15 07:09:29 開始します(6512)
2024/11/15 07:09:29 非実行(6512)
2024/11/15 07:09:29 実行中(6512)
2024/11/15 07:09:30 終了しました(6512)
2024/11/17 05:39:45 開始します(7016)
2024/11/17 05:39:45 非実行(7016)
2024/11/17 05:39:45 実行中(7016)
2024/11/17 05:39:46 終了しました(7016)
2024/11/19 07:48:21 開始します(2232)
2024/11/19 07:48:21 非実行(2232)
2024/11/19 07:48:21 実行中(2232)
2024/11/19 07:48:22 終了しました(2232)
2024/11/20 07:34:25 開始します(904)
2024/11/20 07:34:25 非実行(904)
2024/11/20 07:34:25 実行中(904)
2024/11/20 07:34:26 終了しました(904)
2024/11/20 22:22:02 開始します(7736)
2024/11/20 22:22:02 非実行(7736)
2024/11/20 22:22:02 実行中(7736)
2024/11/20 22:22:03 終了しました(7736)
2024/11/22 11:33:34 開始します(7428)
2024/11/22 11:33:34 非実行(7428)
2024/11/22 11:33:34 実行中(7428)
2024/11/22 11:33:35 終了しました(7428)
2024/12/05 00:15:41 開始します(7436)
2024/12/05 00:15:41 非実行(7436)
2024/12/05 00:15:41 実行中(7436)
2024/12/05 00:15:41 終了しました(7436)
2024/12/06 02:33:16 開始します(1512)
2024/12/06 02:33:16 非実行(1512)
2024/12/06 02:33:16 実行中(1512)
2024/12/06 02:33:17 終了しました(1512)
2024/12/07 04:48:35 開始します(3196)
2024/12/07 04:48:35 非実行(3196)
2024/12/07 04:48:35 実行中(3196)
2024/12/07 04:48:36 終了しました(3196)
2024/12/11 05:09:55 開始します(8696)
2024/12/11 05:09:55 非実行(8696)
2024/12/11 05:09:55 実行中(8696)
2024/12/11 05:09:56 終了しました(8696)
2024/12/12 06:23:27 開始します(8616)
2024/12/12 06:23:27 非実行(8616)
2024/12/12 06:23:27 実行中(8616)
2024/12/12 06:23:28 終了しました(8616)
2024/12/13 03:22:26 開始します(4832)
2024/12/13 03:22:26 非実行(4832)
2024/12/13 03:22:26 実行中(4832)
2024/12/13 03:22:27 終了しました(4832)
2024/12/16 03:53:22 開始します(2944)
2024/12/16 03:53:22 非実行(2944)
2024/12/16 03:53:22 実行中(2944)
2024/12/16 03:53:23 終了しました(2944)
2024/12/17 06:35:31 開始します(7604)
2024/12/17 06:35:31 非実行(7604)
2024/12/17 06:35:31 実行中(7604)
2024/12/17 06:35:32 終了しました(7604)
2024/12/18 07:57:37 開始します(5768)
2024/12/18 07:57:37 非実行(5768)
2024/12/18 07:57:37 実行中(5768)
2024/12/18 07:57:38 終了しました(5768)
2024/12/19 08:14:43 開始します(7236)
2024/12/19 08:14:43 非実行(7236)
2024/12/19 08:14:43 実行中(7236)
2024/12/19 08:14:43 終了しました(7236)
2024/12/20 11:42:15 開始します(324)
2024/12/20 11:42:15 非実行(324)
2024/12/20 11:42:15 実行中(324)
2024/12/20 11:42:16 終了しました(324)
2024/12/21 09:46:36 開始します(9324)
2024/12/21 09:46:36 非実行(9324)
2024/12/21 09:46:36 実行中(9324)
2024/12/21 09:46:37 終了しました(9324)
2024/12/22 12:17:22 開始します(8964)
2024/12/22 12:17:22 非実行(8964)
2024/12/22 12:17:22 実行中(8964)
2024/12/22 12:17:23 終了しました(8964)
2024/12/24 04:38:02 開始します(8824)
2024/12/24 04:38:02 非実行(8824)
2024/12/24 04:38:02 実行中(8824)
2024/12/24 04:38:03 終了しました(8824)
2024/12/27 00:41:48 開始します(7832)
2024/12/27 00:41:48 非実行(7832)
2024/12/27 00:41:48 実行中(7832)
2024/12/27 00:41:48 終了しました(7832)
2025/02/05 05:08:54 開始します(1028)
2025/02/05 05:08:54 非実行(1028)
2025/02/05 05:08:54 実行中(1028)
2025/02/05 05:08:55 終了しました(1028)
2025/02/06 05:08:21 開始します(7900)
2025/02/06 05:08:21 非実行(7900)
2025/02/06 05:08:21 実行中(7900)
2025/02/06 05:08:21 終了しました(7900)
2025/02/08 00:12:29 開始します(3872)
2025/02/08 00:12:29 非実行(3872)
2025/02/08 00:12:29 実行中(3872)
2025/02/08 00:12:30 終了しました(3872)
2025/02/11 00:56:33 開始します(2408)
2025/02/11 00:56:33 非実行(2408)
2025/02/11 00:56:33 実行中(2408)
2025/02/11 00:56:33 終了しました(2408)
2025/02/13 22:44:35 開始します(9912)
2025/02/13 22:44:35 非実行(9912)
2025/02/13 22:44:35 実行中(9912)
2025/02/13 22:44:36 終了しました(9912)
2025/02/14 15:52:30 開始します(11128)
2025/02/14 15:52:30 非実行(11128)
2025/02/14 15:52:30 実行中(11128)
2025/02/14 15:52:30 終了しました(11128)
2025/02/15 15:19:53 開始します(3928)
2025/02/15 15:19:53 非実行(3928)
2025/02/15 15:19:53 実行中(3928)
2025/02/15 15:19:54 終了しました(3928)
2025/02/18 04:43:50 開始します(6648)
2025/02/18 04:43:50 非実行(6648)
2025/02/18 04:43:50 実行中(6648)
2025/02/18 04:43:51 終了しました(6648)
2025/02/19 02:43:03 開始します(3876)
2025/02/19 02:43:03 非実行(3876)
2025/02/19 02:43:03 実行中(3876)
2025/02/19 02:43:03 終了しました(3876)
2025/02/19 23:48:27 開始します(6760)
2025/02/19 23:48:27 非実行(6760)
2025/02/19 23:48:27 実行中(6760)
2025/02/19 23:48:27 終了しました(6760)
2025/02/21 06:39:59 開始します(5472)
2025/02/21 06:39:59 非実行(5472)
2025/02/21 06:39:59 実行中(5472)
2025/02/21 06:40:00 終了しました(5472)
2025/02/22 03:58:47 開始します(4448)
2025/02/22 03:58:47 非実行(4448)
2025/02/22 03:58:47 実行中(4448)
2025/02/22 03:58:48 終了しました(4448)
2025/02/23 05:22:58 開始します(5672)
2025/02/23 05:22:58 非実行(5672)
2025/02/23 05:22:58 実行中(5672)
2025/02/23 05:22:58 終了しました(5672)
2025/02/27 03:49:15 開始します(5244)
2025/02/27 03:49:15 非実行(5244)
2025/02/27 03:49:15 実行中(5244)
2025/02/27 03:49:16 終了しました(5244)
2025/02/28 00:25:38 開始します(7480)
2025/02/28 00:25:38 非実行(7480)
2025/02/28 00:25:38 実行中(7480)
2025/02/28 00:25:38 終了しました(7480)
2025/03/01 00:12:41 開始します(10188)
2025/03/01 00:12:41 非実行(10188)
2025/03/01 00:12:41 実行中(10188)
2025/03/01 00:12:41 終了しました(10188)
2025/03/07 22:11:26 開始します(10292)
2025/03/07 22:11:26 非実行(10292)
2025/03/07 22:11:26 実行中(10292)
2025/03/07 22:11:27 終了しました(10292)
2025/03/08 22:11:12 開始します(9712)
2025/03/08 22:11:12 非実行(9712)
2025/03/08 22:11:12 実行中(9712)
2025/03/08 22:11:12 終了しました(9712)
2025/03/09 22:11:11 開始します(10664)
2025/03/09 22:11:11 非実行(10664)
2025/03/09 22:11:11 実行中(10664)
2025/03/09 22:11:12 終了しました(10664)
2025/03/10 22:11:12 開始します(2284)
2025/03/10 22:11:12 非実行(2284)
2025/03/10 22:11:12 実行中(2284)
2025/03/10 22:11:13 終了しました(2284)
2025/03/11 22:11:23 開始します(9600)
2025/03/11 22:11:23 非実行(9600)
2025/03/11 22:11:23 実行中(9600)
2025/03/11 22:11:23 終了しました(9600)
2025/03/12 22:11:44 開始します(8156)
2025/03/12 22:11:44 非実行(8156)
2025/03/12 22:11:44 実行中(8156)
2025/03/12 22:11:45 終了しました(8156)
2025/03/13 22:11:35 開始します(10100)
2025/03/13 22:11:35 非実行(10100)
2025/03/13 22:11:35 実行中(10100)
2025/03/13 22:11:36 終了しました(10100)
2025/03/14 22:11:24 開始します(2700)
2025/03/14 22:11:24 非実行(2700)
2025/03/14 22:11:24 実行中(2700)
2025/03/14 22:11:25 終了しました(2700)
2025/03/15 22:11:19 開始します(11260)
2025/03/15 22:11:19 非実行(11260)
2025/03/15 22:11:19 実行中(11260)
2025/03/15 22:11:20 終了しました(11260)
2025/03/16 22:11:19 開始します(2640)
2025/03/16 22:11:19 非実行(2640)
2025/03/16 22:11:19 実行中(2640)
2025/03/16 22:11:20 終了しました(2640)
2025/03/17 22:11:23 開始します(10604)
2025/03/17 22:11:23 非実行(10604)
2025/03/17 22:11:23 実行中(10604)
2025/03/17 22:11:24 終了しました(10604)
2025/03/18 22:11:23 開始します(7652)
2025/03/18 22:11:23 非実行(7652)
2025/03/18 22:11:23 実行中(7652)
2025/03/18 22:11:24 終了しました(7652)
2025/03/19 22:11:36 開始します(8140)
2025/03/19 22:11:36 非実行(8140)
2025/03/19 22:11:36 実行中(8140)
2025/03/19 22:11:37 終了しました(8140)
2025/03/20 22:11:37 開始します(7760)
2025/03/20 22:11:37 非実行(7760)
2025/03/20 22:11:37 実行中(7760)
2025/03/20 22:11:38 終了しました(7760)
2025/03/21 22:11:41 開始します(8760)
2025/03/21 22:11:41 非実行(8760)
2025/03/21 22:11:41 実行中(8760)
2025/03/21 22:11:42 終了しました(8760)
2025/03/24 22:11:22 開始します(8680)
2025/03/24 22:11:22 非実行(8680)
2025/03/24 22:11:22 実行中(8680)
2025/03/24 22:11:23 終了しました(8680)
2025/03/25 22:10:08 開始します(10364)
2025/03/25 22:10:08 非実行(10364)
2025/03/25 22:10:08 実行中(10364)
2025/03/25 22:10:08 終了しました(10364)
2025/03/26 22:11:40 開始します(4188)
2025/03/26 22:11:40 非実行(4188)
2025/03/26 22:11:40 実行中(4188)
2025/03/26 22:11:41 終了しました(4188)
2025/03/27 22:11:25 開始します(10704)
2025/03/27 22:11:25 非実行(10704)
2025/03/27 22:11:25 実行中(10704)
2025/03/27 22:11:26 終了しました(10704)
2025/03/28 21:49:28 開始します(4844)
2025/03/28 21:49:28 非実行(4844)
2025/03/28 21:49:28 実行中(4844)
2025/03/28 21:49:28 終了しました(4844)
2025/03/29 21:52:17 開始します(8804)
2025/03/29 21:52:17 非実行(8804)
2025/03/29 21:52:17 実行中(8804)
2025/03/29 21:52:17 終了しました(8804)
2025/03/30 21:47:45 開始します(2976)
2025/03/30 21:47:45 非実行(2976)
2025/03/30 21:47:45 実行中(2976)
2025/03/30 21:47:45 終了しました(2976)
2025/03/31 21:47:06 開始します(1252)
2025/03/31 21:47:06 非実行(1252)
2025/03/31 21:47:06 実行中(1252)
2025/03/31 21:47:08 終了しました(1252)
2025/04/01 21:39:11 開始します(5112)
2025/04/01 21:39:11 非実行(5112)
2025/04/01 21:39:11 実行中(5112)
2025/04/01 21:39:11 終了しました(5112)
2025/04/02 21:42:59 開始します(5036)
2025/04/02 21:42:59 非実行(5036)
2025/04/02 21:42:59 実行中(5036)
2025/04/02 21:42:59 終了しました(5036)
2025/04/03 21:42:02 開始します(8756)
2025/04/03 21:42:02 非実行(8756)
2025/04/03 21:42:02 実行中(8756)
2025/04/03 21:42:03 終了しました(8756)
2025/04/04 21:42:35 開始します(7356)
2025/04/04 21:42:35 非実行(7356)
2025/04/04 21:42:35 実行中(7356)
2025/04/04 21:42:35 終了しました(7356)
2025/04/05 21:40:23 開始します(6792)
2025/04/05 21:40:23 非実行(6792)
2025/04/05 21:40:23 実行中(6792)
2025/04/05 21:40:24 終了しました(6792)
2025/04/06 21:37:06 開始します(10744)
2025/04/06 21:37:06 非実行(10744)
2025/04/06 21:37:06 実行中(10744)
2025/04/06 21:37:07 終了しました(10744)
2025/04/07 21:37:18 開始します(11536)
2025/04/07 21:37:18 非実行(11536)
2025/04/07 21:37:18 実行中(11536)
2025/04/07 21:37:19 終了しました(11536)
2025/04/08 21:42:57 開始します(8540)
2025/04/08 21:42:57 非実行(8540)
2025/04/08 21:42:57 実行中(8540)
2025/04/08 21:42:58 終了しました(8540)
2025/04/09 21:53:45 開始します(9276)
2025/04/09 21:53:45 非実行(9276)
2025/04/09 21:53:45 実行中(9276)
2025/04/09 21:53:46 終了しました(9276)
2025/04/10 21:58:48 開始します(10132)
2025/04/10 21:58:48 非実行(10132)
2025/04/10 21:58:48 実行中(10132)
2025/04/10 21:58:49 終了しました(10132)
2025/04/11 22:11:43 開始します(10440)
2025/04/11 22:11:43 非実行(10440)
2025/04/11 22:11:43 実行中(10440)
2025/04/11 22:11:44 終了しました(10440)
2025/04/13 22:11:41 開始します(3276)
2025/04/13 22:11:41 非実行(3276)
2025/04/13 22:11:41 実行中(3276)
2025/04/13 22:11:41 終了しました(3276)
2025/04/14 22:11:45 開始します(11664)
2025/04/14 22:11:45 非実行(11664)
2025/04/14 22:11:45 実行中(11664)
2025/04/14 22:11:46 終了しました(11664)
2025/04/15 22:14:53 開始します(8576)
2025/04/15 22:14:53 非実行(8576)
2025/04/15 22:14:53 実行中(8576)
2025/04/15 22:14:53 終了しました(8576)
2025/04/16 22:29:29 開始します(7280)
2025/04/16 22:29:29 非実行(7280)
2025/04/16 22:29:29 実行中(7280)
2025/04/16 22:29:29 終了しました(7280)
2025/04/17 22:18:32 開始します(648)
2025/04/17 22:18:32 非実行(648)
2025/04/17 22:18:32 実行中(648)
2025/04/17 22:18:33 終了しました(648)
2025/04/18 22:17:59 開始します(6556)
2025/04/18 22:17:59 非実行(6556)
2025/04/18 22:17:59 実行中(6556)
2025/04/18 22:18:00 終了しました(6556)
2025/04/19 22:14:29 開始します(1264)
2025/04/19 22:14:29 非実行(1264)
2025/04/19 22:14:29 実行中(1264)
2025/04/19 22:14:30 終了しました(1264)
2025/04/20 22:13:49 開始します(3232)
2025/04/20 22:13:49 非実行(3232)
2025/04/20 22:13:49 実行中(3232)
2025/04/20 22:13:50 終了しました(3232)
2025/04/21 22:15:40 開始します(2524)
2025/04/21 22:15:40 非実行(2524)
2025/04/21 22:15:40 実行中(2524)
2025/04/21 22:15:41 終了しました(2524)
2025/04/22 22:11:31 開始します(6416)
2025/04/22 22:11:31 非実行(6416)
2025/04/22 22:11:31 実行中(6416)
2025/04/22 22:11:31 終了しました(6416)
2025/04/23 22:18:46 開始します(1188)
2025/04/23 22:18:46 非実行(1188)
2025/04/23 22:18:46 実行中(1188)
2025/04/23 22:18:47 終了しました(1188)
2025/04/24 22:11:46 開始します(3124)
2025/04/24 22:11:46 非実行(3124)
2025/04/24 22:11:46 実行中(3124)
2025/04/24 22:11:47 終了しました(3124)
2025/04/25 22:11:39 開始します(7912)
2025/04/25 22:11:39 非実行(7912)
2025/04/25 22:11:39 実行中(7912)
2025/04/25 22:11:40 終了しました(7912)
2025/04/26 22:11:55 開始します(5936)
2025/04/26 22:11:55 非実行(5936)
2025/04/26 22:11:55 実行中(5936)
2025/04/26 22:11:56 終了しました(5936)
2025/04/27 22:11:38 開始します(3652)
2025/04/27 22:11:38 非実行(3652)
2025/04/27 22:11:38 実行中(3652)
2025/04/27 22:11:38 終了しました(3652)
2025/04/28 22:11:35 開始します(3040)
2025/04/28 22:11:35 非実行(3040)
2025/04/28 22:11:35 実行中(3040)
2025/04/28 22:11:36 終了しました(3040)
2025/04/29 22:11:29 開始します(1032)
2025/04/29 22:11:29 非実行(1032)
2025/04/29 22:11:29 実行中(1032)
2025/04/29 22:11:30 終了しました(1032)
2025/04/30 22:11:32 開始します(5140)
2025/04/30 22:11:32 非実行(5140)
2025/04/30 22:11:32 実行中(5140)
2025/04/30 22:11:33 終了しました(5140)
2025/05/01 22:11:35 開始します(5456)
2025/05/01 22:11:35 非実行(5456)
2025/05/01 22:11:35 実行中(5456)
2025/05/01 22:11:35 終了しました(5456)
2025/05/02 22:11:32 開始します(8108)
2025/05/02 22:11:32 非実行(8108)
2025/05/02 22:11:32 実行中(8108)
2025/05/02 22:11:33 終了しました(8108)
2025/05/03 22:11:20 開始します(3324)
2025/05/03 22:11:20 非実行(3324)
2025/05/03 22:11:20 実行中(3324)
2025/05/03 22:11:20 終了しました(3324)
2025/05/04 22:11:31 開始します(4388)
2025/05/04 22:11:31 非実行(4388)
2025/05/04 22:11:31 実行中(4388)
2025/05/04 22:11:32 終了しました(4388)
2025/05/05 22:11:35 開始します(1488)
2025/05/05 22:11:35 非実行(1488)
2025/05/05 22:11:35 実行中(1488)
2025/05/05 22:11:36 終了しました(1488)
2025/05/06 22:11:27 開始します(5684)
2025/05/06 22:11:27 非実行(5684)
2025/05/06 22:11:27 実行中(5684)
2025/05/06 22:11:28 終了しました(5684)
2025/05/07 22:11:47 開始します(4912)
2025/05/07 22:11:47 非実行(4912)
2025/05/07 22:11:47 実行中(4912)
2025/05/07 22:11:48 終了しました(4912)
2025/05/08 22:11:35 開始します(7688)
2025/05/08 22:11:35 非実行(7688)
2025/05/08 22:11:35 実行中(7688)
2025/05/08 22:11:36 終了しました(7688)
2025/05/09 22:11:29 開始します(5672)
2025/05/09 22:11:29 非実行(5672)
2025/05/09 22:11:29 実行中(5672)
2025/05/09 22:11:29 終了しました(5672)
2025/05/10 22:11:43 開始します(7108)
2025/05/10 22:11:43 非実行(7108)
2025/05/10 22:11:43 実行中(7108)
2025/05/10 22:11:43 終了しました(7108)
2025/05/11 22:11:43 開始します(2348)
2025/05/11 22:11:43 非実行(2348)
2025/05/11 22:11:43 実行中(2348)
2025/05/11 22:11:44 終了しました(2348)
2025/05/12 22:11:33 開始します(7064)
2025/05/12 22:11:33 非実行(7064)
2025/05/12 22:11:33 実行中(7064)
2025/05/12 22:11:34 終了しました(7064)
2025/05/13 22:11:49 開始します(6524)
2025/05/13 22:11:49 非実行(6524)
2025/05/13 22:11:49 実行中(6524)
2025/05/13 22:11:49 終了しました(6524)
2025/05/14 22:11:22 開始します(5464)
2025/05/14 22:11:22 非実行(5464)
2025/05/14 22:11:22 実行中(5464)
2025/05/14 22:11:23 終了しました(5464)
2025/05/15 23:28:07 開始します(4568)
2025/05/15 23:28:07 非実行(4568)
2025/05/15 23:28:07 実行中(4568)
2025/05/15 23:28:07 終了しました(4568)
2025/05/16 22:25:29 開始します(5636)
2025/05/16 22:25:29 非実行(5636)
2025/05/16 22:25:29 実行中(5636)
2025/05/16 22:25:30 終了しました(5636)
2025/05/17 22:11:54 開始します(5184)
2025/05/17 22:11:54 非実行(5184)
2025/05/17 22:11:54 実行中(5184)
2025/05/17 22:11:55 終了しました(5184)
2025/05/18 22:11:50 開始します(3884)
2025/05/18 22:11:50 非実行(3884)
2025/05/18 22:11:50 実行中(3884)
2025/05/18 22:11:51 終了しました(3884)
2025/05/19 22:18:02 開始します(9184)
2025/05/19 22:18:02 非実行(9184)
2025/05/19 22:18:02 実行中(9184)
2025/05/19 22:18:02 終了しました(9184)
2025/05/20 22:11:33 開始します(2232)
2025/05/20 22:11:33 非実行(2232)
2025/05/20 22:11:33 実行中(2232)
2025/05/20 22:11:34 終了しました(2232)
2025/05/21 12:18:10 開始します(6968)
2025/05/21 12:18:10 非実行(6968)
2025/05/21 12:18:10 実行中(6968)
2025/05/21 12:18:10 終了しました(6968)
2025/05/21 22:11:39 開始します(5876)
2025/05/21 22:11:39 非実行(5876)
2025/05/21 22:11:39 実行中(5876)
2025/05/21 22:11:39 終了しました(5876)
2025/05/23 22:11:29 開始します(8048)
2025/05/23 22:11:29 非実行(8048)
2025/05/23 22:11:29 実行中(8048)
2025/05/23 22:11:29 終了しました(8048)
2025/05/24 22:11:19 開始します(4412)
2025/05/24 22:11:19 非実行(4412)
2025/05/24 22:11:19 実行中(4412)
2025/05/24 22:11:20 終了しました(4412)
2025/05/25 22:11:21 開始します(832)
2025/05/25 22:11:21 非実行(832)
2025/05/25 22:11:21 実行中(832)
2025/05/25 22:11:21 終了しました(832)
2025/05/26 22:11:20 開始します(7388)
2025/05/26 22:11:20 非実行(7388)
2025/05/26 22:11:20 実行中(7388)
2025/05/26 22:11:21 終了しました(7388)
2025/05/27 22:11:20 開始します(6688)
2025/05/27 22:11:20 非実行(6688)
2025/05/27 22:11:20 実行中(6688)
2025/05/27 22:11:21 終了しました(6688)
2025/05/28 22:11:20 開始します(2036)
2025/05/28 22:11:20 非実行(2036)
2025/05/28 22:11:20 実行中(2036)
2025/05/28 22:11:20 終了しました(2036)
2025/05/29 22:11:20 開始します(5716)
2025/05/29 22:11:20 非実行(5716)
2025/05/29 22:11:20 実行中(5716)
2025/05/29 22:11:21 終了しました(5716)
2025/05/30 22:11:19 開始します(1832)
2025/05/30 22:11:19 非実行(1832)
2025/05/30 22:11:19 実行中(1832)
2025/05/30 22:11:21 終了しました(1832)
2025/05/31 22:11:19 開始します(920)
2025/05/31 22:11:19 非実行(920)
2025/05/31 22:11:19 実行中(920)
2025/05/31 22:11:20 終了しました(920)
2025/06/01 22:11:21 開始します(5292)
2025/06/01 22:11:21 非実行(5292)
2025/06/01 22:11:21 実行中(5292)
2025/06/01 22:11:22 終了しました(5292)
2025/06/02 22:11:27 開始します(6244)
2025/06/02 22:11:27 非実行(6244)
2025/06/02 22:11:27 実行中(6244)
2025/06/02 22:11:29 終了しました(6244)
2025/06/03 22:11:21 開始します(1216)
2025/06/03 22:11:21 非実行(1216)
2025/06/03 22:11:21 実行中(1216)
2025/06/03 22:11:22 終了しました(1216)
2025/06/04 22:13:55 開始します(6476)
2025/06/04 22:13:55 非実行(6476)
2025/06/04 22:13:55 実行中(6476)
2025/06/04 22:13:56 終了しました(6476)
2025/06/05 22:11:21 開始します(2044)
2025/06/05 22:11:21 非実行(2044)
2025/06/05 22:11:21 実行中(2044)
2025/06/05 22:11:22 終了しました(2044)
2025/06/06 22:11:21 開始します(5776)
2025/06/06 22:11:21 非実行(5776)
2025/06/06 22:11:21 実行中(5776)
2025/06/06 22:11:22 終了しました(5776)
2025/06/07 22:11:20 開始します(5656)
2025/06/07 22:11:20 非実行(5656)
2025/06/07 22:11:20 実行中(5656)
2025/06/07 22:11:21 終了しました(5656)
2025/06/08 22:11:19 開始します(5488)
2025/06/08 22:11:19 非実行(5488)
2025/06/08 22:11:19 実行中(5488)
2025/06/08 22:11:20 終了しました(5488)
2025/06/09 22:11:19 開始します(6360)
2025/06/09 22:11:19 非実行(6360)
2025/06/09 22:11:19 実行中(6360)
2025/06/09 22:11:20 終了しました(6360)
2025/06/10 22:11:20 開始します(1704)
2025/06/10 22:11:20 非実行(1704)
2025/06/10 22:11:20 実行中(1704)
2025/06/10 22:11:20 終了しました(1704)
2025/06/11 22:25:52 開始します(6856)
2025/06/11 22:25:52 非実行(6856)
2025/06/11 22:25:52 実行中(6856)
2025/06/11 22:25:53 終了しました(6856)
2025/06/12 22:21:35 開始します(644)
2025/06/12 22:21:35 非実行(644)
2025/06/12 22:21:35 実行中(644)
2025/06/12 22:21:36 終了しました(644)
2025/06/13 22:26:11 開始します(6776)
2025/06/13 22:26:11 非実行(6776)
2025/06/13 22:26:11 実行中(6776)
2025/06/13 22:26:12 終了しました(6776)
2025/06/14 22:18:16 開始します(1036)
2025/06/14 22:18:16 非実行(1036)
2025/06/14 22:18:16 実行中(1036)
2025/06/14 22:18:17 終了しました(1036)
2025/06/15 22:12:46 開始します(1244)
2025/06/15 22:12:46 非実行(1244)
2025/06/15 22:12:46 実行中(1244)
2025/06/15 22:12:46 終了しました(1244)
2025/06/16 22:17:45 開始します(5560)
2025/06/16 22:17:45 非実行(5560)
2025/06/16 22:17:45 実行中(5560)
2025/06/16 22:17:46 終了しました(5560)
2025/06/17 22:21:32 開始します(6312)
2025/06/17 22:21:32 非実行(6312)
2025/06/17 22:21:32 実行中(6312)
2025/06/17 22:21:33 終了しました(6312)
2025/06/18 22:36:32 開始します(4464)
2025/06/18 22:36:32 非実行(4464)
2025/06/18 22:36:32 実行中(4464)
2025/06/18 22:36:33 終了しました(4464)
2025/06/19 22:23:29 開始します(6632)
2025/06/19 22:23:29 非実行(6632)
2025/06/19 22:23:29 実行中(6632)
2025/06/19 22:23:30 終了しました(6632)
2025/06/20 22:21:26 開始します(6988)
2025/06/20 22:21:26 非実行(6988)
2025/06/20 22:21:26 実行中(6988)
2025/06/20 22:21:26 終了しました(6988)
2025/06/21 22:18:31 開始します(6024)
2025/06/21 22:18:31 非実行(6024)
2025/06/21 22:18:31 実行中(6024)
2025/06/21 22:18:32 終了しました(6024)
2025/06/22 22:13:04 開始します(5944)
2025/06/22 22:13:04 非実行(5944)
2025/06/22 22:13:04 実行中(5944)
2025/06/22 22:13:05 終了しました(5944)
2025/06/23 22:17:38 開始します(948)
2025/06/23 22:17:38 非実行(948)
2025/06/23 22:17:38 実行中(948)
2025/06/23 22:17:38 終了しました(948)
2025/06/24 22:19:34 開始します(1996)
2025/06/24 22:19:34 非実行(1996)
2025/06/24 22:19:34 実行中(1996)
2025/06/24 22:19:35 終了しました(1996)
2025/06/25 22:23:49 開始します(5600)
2025/06/25 22:23:49 非実行(5600)
2025/06/25 22:23:49 実行中(5600)
2025/06/25 22:23:50 終了しました(5600)
2025/06/26 22:12:01 開始します(1380)
2025/06/26 22:12:01 非実行(1380)
2025/06/26 22:12:01 実行中(1380)
2025/06/26 22:12:02 終了しました(1380)
2025/06/27 22:11:19 開始します(2248)
2025/06/27 22:11:19 非実行(2248)
2025/06/27 22:11:19 実行中(2248)
2025/06/27 22:11:20 終了しました(2248)
2025/06/28 22:11:20 開始します(5424)
2025/06/28 22:11:20 非実行(5424)
2025/06/28 22:11:20 実行中(5424)
2025/06/28 22:11:21 終了しました(5424)
2025/06/29 22:11:19 開始します(4748)
2025/06/29 22:11:19 非実行(4748)
2025/06/29 22:11:19 実行中(4748)
2025/06/29 22:11:20 終了しました(4748)
2025/06/30 22:11:20 開始します(876)
2025/06/30 22:11:20 非実行(876)
2025/06/30 22:11:20 実行中(876)
2025/06/30 22:11:21 終了しました(876)
2025/07/01 22:12:09 開始します(4240)
2025/07/01 22:12:09 非実行(4240)
2025/07/01 22:12:09 実行中(4240)
2025/07/01 22:12:10 終了しました(4240)
2025/07/02 22:13:16 開始します(5848)
2025/07/02 22:13:16 非実行(5848)
2025/07/02 22:13:16 実行中(5848)
2025/07/02 22:13:17 終了しました(5848)
2025/07/03 22:11:20 開始します(4496)
2025/07/03 22:11:20 非実行(4496)
2025/07/03 22:11:20 実行中(4496)
2025/07/03 22:11:20 終了しました(4496)
2025/07/04 22:11:20 開始します(6508)
2025/07/04 22:11:20 非実行(6508)
2025/07/04 22:11:20 実行中(6508)
2025/07/04 22:11:21 終了しました(6508)
2025/07/05 22:11:20 開始します(4940)
2025/07/05 22:11:20 非実行(4940)
2025/07/05 22:11:20 実行中(4940)
2025/07/05 22:11:21 終了しました(4940)
2025/07/06 22:11:22 開始します(5032)
2025/07/06 22:11:22 非実行(5032)
2025/07/06 22:11:22 実行中(5032)
2025/07/06 22:11:23 終了しました(5032)
2025/07/07 22:11:21 開始します(5964)
2025/07/07 22:11:21 非実行(5964)
2025/07/07 22:11:21 実行中(5964)
2025/07/07 22:11:22 終了しました(5964)
2025/07/08 22:21:38 開始します(6064)
2025/07/08 22:21:38 非実行(6064)
2025/07/08 22:21:38 実行中(6064)
2025/07/08 22:21:39 終了しました(6064)
2025/07/09 22:29:25 開始します(5916)
2025/07/09 22:29:25 非実行(5916)
2025/07/09 22:29:25 実行中(5916)
2025/07/09 22:29:25 終了しました(5916)
2025/07/10 22:13:47 開始します(1544)
2025/07/10 22:13:47 非実行(1544)
2025/07/10 22:13:47 実行中(1544)
2025/07/10 22:13:48 終了しました(1544)
2025/07/11 22:14:26 開始します(6476)
2025/07/11 22:14:26 非実行(6476)
2025/07/11 22:14:26 実行中(6476)
2025/07/11 22:14:27 終了しました(6476)
2025/07/12 22:11:22 開始します(1344)
2025/07/12 22:11:22 非実行(1344)
2025/07/12 22:11:22 実行中(1344)
2025/07/12 22:11:23 終了しました(1344)
2025/07/13 22:11:19 開始します(2212)
2025/07/13 22:11:19 非実行(2212)
2025/07/13 22:11:19 実行中(2212)
2025/07/13 22:11:20 終了しました(2212)
2025/07/14 22:21:05 開始します(5584)
2025/07/14 22:21:05 非実行(5584)
2025/07/14 22:21:05 実行中(5584)
2025/07/14 22:21:06 終了しました(5584)
2025/07/15 22:16:38 開始します(2220)
2025/07/15 22:16:38 非実行(2220)
2025/07/15 22:16:38 実行中(2220)
2025/07/15 22:16:39 終了しました(2220)
2025/07/16 22:25:29 開始します(1552)
2025/07/16 22:25:29 非実行(1552)
2025/07/16 22:25:29 実行中(1552)
2025/07/16 22:25:30 終了しました(1552)
2025/07/17 22:15:08 開始します(6288)
2025/07/17 22:15:08 非実行(6288)
2025/07/17 22:15:08 実行中(6288)
2025/07/17 22:15:08 終了しました(6288)
2025/07/18 22:17:33 開始します(3252)
2025/07/18 22:17:33 非実行(3252)
2025/07/18 22:17:33 実行中(3252)
2025/07/18 22:17:34 終了しました(3252)
2025/07/19 22:15:08 開始します(4052)
2025/07/19 22:15:08 非実行(4052)
2025/07/19 22:15:08 実行中(4052)
2025/07/19 22:15:09 終了しました(4052)
2025/07/20 22:12:58 開始します(832)
2025/07/20 22:12:58 非実行(832)
2025/07/20 22:12:58 実行中(832)
2025/07/20 22:12:59 終了しました(832)
2025/07/21 22:23:00 開始します(6796)
2025/07/21 22:23:00 非実行(6796)
2025/07/21 22:23:00 実行中(6796)
2025/07/21 22:23:01 終了しました(6796)
2025/07/22 22:25:30 開始します(5684)
2025/07/22 22:25:30 非実行(5684)
2025/07/22 22:25:30 実行中(5684)
2025/07/22 22:25:31 終了しました(5684)
2025/07/23 22:26:28 開始します(5164)
2025/07/23 22:26:28 非実行(5164)
2025/07/23 22:26:28 実行中(5164)
2025/07/23 22:26:29 終了しました(5164)
2025/07/24 22:14:52 開始します(3644)
2025/07/24 22:14:52 非実行(3644)
2025/07/24 22:14:52 実行中(3644)
2025/07/24 22:14:53 終了しました(3644)
2025/07/25 22:21:12 開始します(4672)
2025/07/25 22:21:12 非実行(4672)
2025/07/25 22:21:12 実行中(4672)
2025/07/25 22:21:13 終了しました(4672)
2025/07/26 22:16:02 開始します(1468)
2025/07/26 22:16:02 非実行(1468)
2025/07/26 22:16:02 実行中(1468)
2025/07/26 22:16:03 終了しました(1468)
2025/07/27 22:12:58 開始します(4448)
2025/07/27 22:12:58 非実行(4448)
2025/07/27 22:12:58 実行中(4448)
2025/07/27 22:12:59 終了しました(4448)
2025/07/28 22:20:19 開始します(7016)
2025/07/28 22:20:19 非実行(7016)
2025/07/28 22:20:19 実行中(7016)
2025/07/28 22:20:20 終了しました(7016)
2025/07/29 22:18:04 開始します(5644)
2025/07/29 22:18:04 非実行(5644)
2025/07/29 22:18:04 実行中(5644)
2025/07/29 22:18:05 終了しました(5644)
2025/07/30 22:21:07 開始します(4376)
2025/07/30 22:21:07 非実行(4376)
2025/07/30 22:21:07 実行中(4376)
2025/07/30 22:21:08 終了しました(4376)
2025/07/31 22:11:23 開始します(616)
2025/07/31 22:11:23 非実行(616)
2025/07/31 22:11:23 実行中(616)
2025/07/31 22:11:23 終了しました(616)
2025/08/01 22:11:23 開始します(3044)
2025/08/01 22:11:23 非実行(3044)
2025/08/01 22:11:23 実行中(3044)
2025/08/01 22:11:24 終了しました(3044)
2025/08/02 22:11:22 開始します(2272)
2025/08/02 22:11:22 非実行(2272)
2025/08/02 22:11:22 実行中(2272)
2025/08/02 22:11:23 終了しました(2272)
2025/08/03 22:11:22 開始します(4120)
2025/08/03 22:11:22 非実行(4120)
2025/08/03 22:11:22 実行中(4120)
2025/08/03 22:11:23 終了しました(4120)
2025/08/04 22:11:22 開始します(812)
2025/08/04 22:11:22 非実行(812)
2025/08/04 22:11:22 実行中(812)
2025/08/04 22:11:23 終了しました(812)
2025/08/05 22:16:17 開始します(1072)
2025/08/05 22:16:17 非実行(1072)
2025/08/05 22:16:17 実行中(1072)
2025/08/05 22:16:18 終了しました(1072)
2025/08/06 22:28:08 開始します(2124)
2025/08/06 22:28:08 非実行(2124)
2025/08/06 22:28:08 実行中(2124)
2025/08/06 22:28:09 終了しました(2124)
2025/08/07 22:11:22 開始します(1940)
2025/08/07 22:11:22 非実行(1940)
2025/08/07 22:11:22 実行中(1940)
2025/08/07 22:11:23 終了しました(1940)
2025/08/08 22:17:49 開始します(3692)
2025/08/08 22:17:49 非実行(3692)
2025/08/08 22:17:49 実行中(3692)
2025/08/08 22:17:50 終了しました(3692)
2025/08/09 22:13:32 開始します(5460)
2025/08/09 22:13:32 非実行(5460)
2025/08/09 22:13:32 実行中(5460)
2025/08/09 22:13:33 終了しました(5460)
2025/08/10 22:11:21 開始します(4040)
2025/08/10 22:11:21 非実行(4040)
2025/08/10 22:11:21 実行中(4040)
2025/08/10 22:11:22 終了しました(4040)
2025/08/11 22:11:36 開始します(6044)
2025/08/11 22:11:36 非実行(6044)
2025/08/11 22:11:36 実行中(6044)
2025/08/11 22:11:37 終了しました(6044)
2025/08/12 22:20:11 開始します(3448)
2025/08/12 22:20:11 非実行(3448)
2025/08/12 22:20:11 実行中(3448)
2025/08/12 22:20:11 終了しました(3448)
2025/08/13 22:25:32 開始します(996)
2025/08/13 22:25:32 非実行(996)
2025/08/13 22:25:32 実行中(996)
2025/08/13 22:25:33 終了しました(996)
2025/08/14 22:20:37 開始します(2708)
2025/08/14 22:20:37 非実行(2708)
2025/08/14 22:20:37 実行中(2708)
2025/08/14 22:20:38 終了しました(2708)
2025/08/15 22:17:36 開始します(4108)
2025/08/15 22:17:36 非実行(4108)
2025/08/15 22:17:36 実行中(4108)
2025/08/15 22:17:37 終了しました(4108)
2025/08/16 22:13:30 開始します(5940)
2025/08/16 22:13:30 非実行(5940)
2025/08/16 22:13:30 実行中(5940)
2025/08/16 22:13:31 終了しました(5940)
2025/08/17 22:11:23 開始します(4316)
2025/08/17 22:11:23 非実行(4316)
2025/08/17 22:11:23 実行中(4316)
2025/08/17 22:11:24 終了しました(4316)
2025/08/18 22:24:09 開始します(3164)
2025/08/18 22:24:09 非実行(3164)
2025/08/18 22:24:09 実行中(3164)
2025/08/18 22:24:10 終了しました(3164)
2025/08/19 22:21:30 開始します(5764)
2025/08/19 22:21:30 非実行(5764)
2025/08/19 22:21:30 実行中(5764)
2025/08/19 22:21:31 終了しました(5764)
2025/08/20 22:30:05 開始します(528)
2025/08/20 22:30:05 非実行(528)
2025/08/20 22:30:05 実行中(528)
2025/08/20 22:30:06 終了しました(528)
2025/08/21 22:20:06 開始します(4732)
2025/08/21 22:20:06 非実行(4732)
2025/08/21 22:20:06 実行中(4732)
2025/08/21 22:20:07 終了しました(4732)
2025/08/22 22:19:50 開始します(1208)
2025/08/22 22:19:50 非実行(1208)
2025/08/22 22:19:50 実行中(1208)
2025/08/22 22:19:51 終了しました(1208)
2025/08/23 22:15:19 開始します(5376)
2025/08/23 22:15:19 非実行(5376)
2025/08/23 22:15:19 実行中(5376)
2025/08/23 22:15:19 終了しました(5376)
2025/08/24 22:11:22 開始します(5264)
2025/08/24 22:11:22 非実行(5264)
2025/08/24 22:11:22 実行中(5264)
2025/08/24 22:11:23 終了しました(5264)
2025/08/25 22:14:12 開始します(6416)
2025/08/25 22:14:12 非実行(6416)
2025/08/25 22:14:12 実行中(6416)
2025/08/25 22:14:13 終了しました(6416)
2025/08/26 22:19:00 開始します(1704)
2025/08/26 22:19:00 非実行(1704)
2025/08/26 22:19:00 実行中(1704)
2025/08/26 22:19:01 終了しました(1704)
2025/08/27 22:23:12 開始します(4484)
2025/08/27 22:23:12 非実行(4484)
2025/08/27 22:23:12 実行中(4484)
2025/08/27 22:23:13 終了しました(4484)
2025/08/28 22:11:21 開始します(1256)
2025/08/28 22:11:21 非実行(1256)
2025/08/28 22:11:21 実行中(1256)
2025/08/28 22:11:22 終了しました(1256)
2025/08/29 22:12:46 開始します(1856)
2025/08/29 22:12:46 非実行(1856)
2025/08/29 22:12:46 実行中(1856)
2025/08/29 22:12:46 終了しました(1856)
2025/08/30 22:11:20 開始します(5000)
2025/08/30 22:11:20 非実行(5000)
2025/08/30 22:11:20 実行中(5000)
2025/08/30 22:11:21 終了しました(5000)
2025/08/31 22:11:21 開始します(2184)
2025/08/31 22:11:21 非実行(2184)
2025/08/31 22:11:21 実行中(2184)
2025/08/31 22:11:21 終了しました(2184)
2025/09/01 22:11:21 開始します(4868)
2025/09/01 22:11:21 非実行(4868)
2025/09/01 22:11:21 実行中(4868)
2025/09/01 22:11:22 終了しました(4868)
2025/09/02 22:11:21 開始します(3552)
2025/09/02 22:11:21 非実行(3552)
2025/09/02 22:11:21 実行中(3552)
2025/09/02 22:11:22 終了しました(3552)
2025/09/03 22:11:21 開始します(5648)
2025/09/03 22:11:21 非実行(5648)
2025/09/03 22:11:21 実行中(5648)
2025/09/03 22:11:22 終了しました(5648)
2025/09/04 22:11:22 開始します(648)
2025/09/04 22:11:22 非実行(648)
2025/09/04 22:11:22 実行中(648)
2025/09/04 22:11:23 終了しました(648)
2025/09/05 22:11:21 開始します(988)
2025/09/05 22:11:21 非実行(988)
2025/09/05 22:11:21 実行中(988)
2025/09/05 22:11:22 終了しました(988)
2025/09/06 22:11:23 開始します(5240)
2025/09/06 22:11:23 非実行(5240)
2025/09/06 22:11:23 実行中(5240)
2025/09/06 22:11:24 終了しました(5240)
2025/09/07 22:11:20 開始します(3088)
2025/09/07 22:11:20 非実行(3088)
2025/09/07 22:11:20 実行中(3088)
2025/09/07 22:11:21 終了しました(3088)
2025/09/08 22:11:21 開始します(5788)
2025/09/08 22:11:21 非実行(5788)
2025/09/08 22:11:21 実行中(5788)
2025/09/08 22:11:22 終了しました(5788)
2025/09/09 22:11:21 開始します(6128)
2025/09/09 22:11:21 非実行(6128)
2025/09/09 22:11:21 実行中(6128)
2025/09/09 22:11:22 終了しました(6128)
2025/09/10 22:14:22 開始します(764)
2025/09/10 22:14:22 非実行(764)
2025/09/10 22:14:22 実行中(764)
2025/09/10 22:14:23 終了しました(764)
2025/09/11 22:11:21 開始します(4708)
2025/09/11 22:11:21 非実行(4708)
2025/09/11 22:11:21 実行中(4708)
2025/09/11 22:11:22 終了しました(4708)
2025/09/12 22:11:21 開始します(6176)
2025/09/12 22:11:21 非実行(6176)
2025/09/12 22:11:21 実行中(6176)
2025/09/12 22:11:21 終了しました(6176)
2025/09/13 22:11:21 開始します(1028)
2025/09/13 22:11:21 非実行(1028)
2025/09/13 22:11:21 実行中(1028)
2025/09/13 22:11:22 終了しました(1028)
2025/09/14 22:11:21 開始します(1000)
2025/09/14 22:11:21 非実行(1000)
2025/09/14 22:11:21 実行中(1000)
2025/09/14 22:11:22 終了しました(1000)
2025/09/15 22:11:21 開始します(6012)
2025/09/15 22:11:21 非実行(6012)
2025/09/15 22:11:21 実行中(6012)
2025/09/15 22:11:22 終了しました(6012)
2025/09/16 22:13:12 開始します(604)
2025/09/16 22:13:12 非実行(604)
2025/09/16 22:13:12 実行中(604)
2025/09/16 22:13:13 終了しました(604)
2025/09/17 22:17:02 開始します(5828)
2025/09/17 22:17:02 非実行(5828)
2025/09/17 22:17:02 実行中(5828)
2025/09/17 22:17:03 終了しました(5828)
2025/09/18 22:13:37 開始します(2780)
2025/09/18 22:13:37 非実行(2780)
2025/09/18 22:13:37 実行中(2780)
2025/09/18 22:13:37 終了しました(2780)
2025/09/19 22:12:37 開始します(3828)
2025/09/19 22:12:37 非実行(3828)
2025/09/19 22:12:37 実行中(3828)
2025/09/19 22:12:38 終了しました(3828)
2025/09/20 22:11:21 開始します(264)
2025/09/20 22:11:21 非実行(264)
2025/09/20 22:11:21 実行中(264)
2025/09/20 22:11:22 終了しました(264)
2025/09/21 22:11:21 開始します(2004)
2025/09/21 22:11:21 非実行(2004)
2025/09/21 22:11:21 実行中(2004)
2025/09/21 22:11:21 終了しました(2004)
2025/09/22 22:11:23 開始します(3104)
2025/09/22 22:11:23 非実行(3104)
2025/09/22 22:11:23 実行中(3104)
2025/09/22 22:11:24 終了しました(3104)
2025/09/23 22:15:49 開始します(5260)
2025/09/23 22:15:49 非実行(5260)
2025/09/23 22:15:49 実行中(5260)
2025/09/23 22:15:50 終了しました(5260)
2025/09/24 22:14:18 開始します(2016)
2025/09/24 22:14:18 非実行(2016)
2025/09/24 22:14:18 実行中(2016)
2025/09/24 22:14:19 終了しました(2016)
2025/09/25 22:11:21 開始します(5748)
2025/09/25 22:11:21 非実行(5748)
2025/09/25 22:11:21 実行中(5748)
2025/09/25 22:11:22 終了しました(5748)
2025/09/26 22:11:20 開始します(944)
2025/09/26 22:11:20 非実行(944)
2025/09/26 22:11:20 実行中(944)
2025/09/26 22:11:21 終了しました(944)
2025/09/27 22:11:22 開始します(580)
2025/09/27 22:11:22 非実行(580)
2025/09/27 22:11:22 実行中(580)
2025/09/27 22:11:22 終了しました(580)
2025/09/28 22:11:22 開始します(904)
2025/09/28 22:11:22 非実行(904)
2025/09/28 22:11:22 実行中(904)
2025/09/28 22:11:23 終了しました(904)
2025/09/29 22:11:21 開始します(968)
2025/09/29 22:11:21 非実行(968)
2025/09/29 22:11:21 実行中(968)
2025/09/29 22:11:22 終了しました(968)
2025/09/30 22:11:22 開始します(6124)
2025/09/30 22:11:22 非実行(6124)
2025/09/30 22:11:22 実行中(6124)
2025/09/30 22:11:23 終了しました(6124)
2025/10/01 22:11:22 開始します(5072)
2025/10/01 22:11:22 非実行(5072)
2025/10/01 22:11:22 実行中(5072)
2025/10/01 22:11:22 終了しました(5072)
2025/10/02 22:11:22 開始します(4432)
2025/10/02 22:11:22 非実行(4432)
2025/10/02 22:11:22 実行中(4432)
2025/10/02 22:11:23 終了しました(4432)
2025/10/03 22:11:20 開始します(4808)
2025/10/03 22:11:20 非実行(4808)
2025/10/03 22:11:20 実行中(4808)
2025/10/03 22:11:21 終了しました(4808)
2025/10/04 22:11:23 開始します(5644)
2025/10/04 22:11:23 非実行(5644)
2025/10/04 22:11:23 実行中(5644)
2025/10/04 22:11:23 終了しました(5644)
2025/10/05 22:11:22 開始します(3220)
2025/10/05 22:11:22 非実行(3220)
2025/10/05 22:11:22 実行中(3220)
2025/10/05 22:11:23 終了しました(3220)
2025/10/06 22:11:21 開始します(3288)
2025/10/06 22:11:21 非実行(3288)
2025/10/06 22:11:21 実行中(3288)
2025/10/06 22:11:22 終了しました(3288)
2025/10/07 22:31:05 開始します(6084)
2025/10/07 22:31:05 非実行(6084)
2025/10/07 22:31:05 実行中(6084)
2025/10/07 22:31:06 終了しました(6084)
2025/10/08 22:37:51 開始します(1448)
2025/10/08 22:37:51 非実行(1448)
2025/10/08 22:37:51 実行中(1448)
2025/10/08 22:37:53 終了しました(1448)
2025/10/09 22:32:06 開始します(1076)
2025/10/09 22:32:06 非実行(1076)
2025/10/09 22:32:06 実行中(1076)
2025/10/09 22:32:07 終了しました(1076)
2025/10/10 22:26:35 開始します(6912)
2025/10/10 22:26:35 非実行(6912)
2025/10/10 22:26:35 実行中(6912)
2025/10/10 22:26:36 終了しました(6912)
2025/10/11 22:24:46 開始します(5428)
2025/10/11 22:24:46 非実行(5428)
2025/10/11 22:24:46 実行中(5428)
2025/10/11 22:24:47 終了しました(5428)
2025/10/12 22:20:55 開始します(1204)
2025/10/12 22:20:55 非実行(1204)
2025/10/12 22:20:55 実行中(1204)
2025/10/12 22:20:56 終了しました(1204)
2025/10/13 22:30:12 開始します(6088)
2025/10/13 22:30:12 非実行(6088)
2025/10/13 22:30:12 実行中(6088)
2025/10/13 22:30:13 終了しました(6088)
2025/10/14 22:44:16 開始します(3864)
2025/10/14 22:44:16 非実行(3864)
2025/10/14 22:44:16 実行中(3864)
2025/10/14 22:44:17 終了しました(3864)
2025/10/15 22:51:13 開始します(3236)
2025/10/15 22:51:13 非実行(3236)
2025/10/15 22:51:13 実行中(3236)
2025/10/15 22:51:14 終了しました(3236)
2025/10/16 22:43:40 開始します(2272)
2025/10/16 22:43:40 非実行(2272)
2025/10/16 22:43:40 実行中(2272)
2025/10/16 22:43:41 終了しました(2272)
2025/10/17 22:44:11 開始します(1968)
2025/10/17 22:44:11 非実行(1968)
2025/10/17 22:44:11 実行中(1968)
2025/10/17 22:44:12 終了しました(1968)
2025/10/18 22:42:53 開始します(1348)
2025/10/18 22:42:53 非実行(1348)
2025/10/18 22:42:53 実行中(1348)
2025/10/18 22:42:54 終了しました(1348)
2025/10/19 22:37:44 開始します(2496)
2025/10/19 22:37:44 非実行(2496)
2025/10/19 22:37:44 実行中(2496)
2025/10/19 22:37:45 終了しました(2496)
2025/10/20 22:42:07 開始します(4560)
2025/10/20 22:42:07 非実行(4560)
2025/10/20 22:42:07 実行中(4560)
2025/10/20 22:42:08 終了しました(4560)
2025/10/21 22:58:44 開始します(7384)
2025/10/21 22:58:44 非実行(7384)
2025/10/21 22:58:44 実行中(7384)
2025/10/21 22:58:45 終了しました(7384)
2025/10/22 23:06:08 開始します(1276)
2025/10/22 23:06:08 非実行(1276)
2025/10/22 23:06:08 実行中(1276)
2025/10/22 23:06:09 終了しました(1276)
2025/10/23 22:56:27 開始します(5088)
2025/10/23 22:56:27 非実行(5088)
2025/10/23 22:56:27 実行中(5088)
2025/10/23 22:56:28 終了しました(5088)
2025/10/24 22:11:30 開始します(8148)
2025/10/24 22:11:30 非実行(8148)
2025/10/24 22:11:30 実行中(8148)
2025/10/24 22:11:31 終了しました(8148)
2025/10/25 22:11:29 開始します(6056)
2025/10/25 22:11:29 非実行(6056)
2025/10/25 22:11:29 実行中(6056)
2025/10/25 22:11:30 終了しました(6056)
2025/10/26 22:11:30 開始します(6688)
2025/10/26 22:11:30 非実行(6688)
2025/10/26 22:11:30 実行中(6688)
2025/10/26 22:11:31 終了しました(6688)
2025/10/27 22:11:29 開始します(4252)
2025/10/27 22:11:29 非実行(4252)
2025/10/27 22:11:29 実行中(4252)
2025/10/27 22:11:30 終了しました(4252)
