2018/10/19 10:27:45 開始します(5924)
2018/10/19 10:27:45 非実行(5924)
2018/10/19 10:27:45 実行中(5924)
2018/10/19 10:28:49 終了しました(5924)
2018/10/24 17:31:54 開始します(6344)
2018/10/24 17:31:54 非実行(6344)
2018/10/24 17:31:54 実行中(6344)
2018/10/24 17:33:01 終了しました(6344)
2018/10/25 19:19:51 開始します(1376)
2018/10/25 19:19:51 非実行(1376)
2018/10/25 19:19:51 実行中(1376)
2018/10/25 19:20:54 終了しました(1376)
2018/10/26 19:59:41 開始します(7084)
2018/10/26 19:59:41 非実行(7084)
2018/10/26 19:59:41 実行中(7084)
2018/10/26 20:00:45 終了しました(7084)
2018/11/02 01:45:00 開始します(1028)
2018/11/02 01:45:00 非実行(1028)
2018/11/02 01:45:00 実行中(1028)
2018/11/02 01:45:51 終了しました(1028)
2018/11/02 15:08:01 開始します(2388)
2018/11/02 15:08:01 非実行(2388)
2018/11/02 15:08:01 実行中(2388)
2018/11/02 15:08:56 終了しました(2388)
2018/11/02 16:41:28 開始します(5540)
2018/11/02 16:41:28 非実行(5540)
2018/11/02 16:41:28 実行中(5540)
2018/11/02 16:42:23 終了しました(5540)
2018/11/06 20:56:53 開始します(6068)
2018/11/06 20:56:53 非実行(6068)
2018/11/06 20:56:53 実行中(6068)
2018/11/06 20:57:47 終了しました(6068)
2018/11/07 21:03:20 開始します(2208)
2018/11/07 21:03:20 非実行(2208)
2018/11/07 21:03:20 実行中(2208)
2018/11/07 21:04:16 終了しました(2208)
2018/11/17 01:46:19 開始します(5656)
2018/11/17 01:46:19 非実行(5656)
2018/11/17 01:46:19 実行中(5656)
2018/11/17 01:47:11 終了しました(5656)
2018/11/20 14:47:43 開始します(4596)
2018/11/20 14:47:43 非実行(4596)
2018/11/20 14:47:43 実行中(4596)
2018/11/20 14:48:39 終了しました(4596)
2018/11/21 20:09:44 開始します(2432)
2018/11/21 20:09:44 非実行(2432)
2018/11/21 20:09:44 実行中(2432)
2018/11/21 20:10:39 終了しました(2432)
2018/11/22 19:55:31 開始します(4756)
2018/11/22 19:55:31 非実行(4756)
2018/11/22 19:55:31 実行中(4756)
2018/11/22 19:56:27 終了しました(4756)
2018/11/23 20:18:51 開始します(2968)
2018/11/23 20:18:51 非実行(2968)
2018/11/23 20:18:51 実行中(2968)
2018/11/23 20:19:46 終了しました(2968)
2018/11/26 14:33:46 開始します(1956)
2018/11/26 14:33:46 非実行(1956)
2018/11/26 14:33:46 実行中(1956)
2018/11/26 14:35:16 終了しました(1956)
2018/11/26 23:46:26 開始します(5564)
2018/11/26 23:46:26 非実行(5564)
2018/11/26 23:46:26 実行中(5564)
2018/11/26 23:47:58 終了しました(5564)
2018/11/27 23:28:10 開始します(5640)
2018/11/27 23:28:10 非実行(5640)
2018/11/27 23:28:10 実行中(5640)
2018/11/27 23:29:40 終了しました(5640)
2018/11/28 23:08:42 開始します(6840)
2018/11/28 23:08:42 非実行(6840)
2018/11/28 23:08:42 実行中(6840)
2018/11/28 23:10:12 終了しました(6840)
2018/11/29 22:50:36 開始します(3140)
2018/11/29 22:50:36 非実行(3140)
2018/11/29 22:50:36 実行中(3140)
2018/11/29 22:52:06 終了しました(3140)
2018/11/30 22:59:24 開始します(2852)
2018/11/30 22:59:24 非実行(2852)
2018/11/30 22:59:24 実行中(2852)
2018/11/30 23:00:19 終了しました(2852)
2018/12/08 04:02:24 開始します(2424)
2018/12/08 04:02:24 非実行(2424)
2018/12/08 04:02:24 実行中(2424)
2018/12/08 04:03:17 終了しました(2424)
2018/12/11 01:48:11 開始します(5648)
2018/12/11 01:48:11 非実行(5648)
2018/12/11 01:48:11 実行中(5648)
2018/12/11 01:49:04 終了しました(5648)
2018/12/12 01:48:24 開始します(1804)
2018/12/12 01:48:24 非実行(1804)
2018/12/12 01:48:24 実行中(1804)
2018/12/12 01:49:14 終了しました(1804)
2018/12/13 01:40:32 開始します(3992)
2018/12/13 01:40:32 非実行(3992)
2018/12/13 01:40:32 実行中(3992)
2018/12/13 01:41:26 終了しました(3992)
2018/12/25 22:21:14 開始します(2284)
2018/12/25 22:21:14 非実行(2284)
2018/12/25 22:21:14 実行中(2284)
2018/12/25 22:22:04 終了しました(2284)
2019/01/18 20:47:29 開始します(3212)
2019/01/18 20:47:29 非実行(3212)
2019/01/18 20:47:29 実行中(3212)
2019/01/18 20:48:25 終了しました(3212)
2019/01/22 21:37:12 開始します(3508)
2019/01/22 21:37:12 非実行(3508)
2019/01/22 21:37:12 実行中(3508)
2019/01/22 21:38:06 終了しました(3508)
2019/01/24 23:12:27 開始します(5412)
2019/01/24 23:12:27 非実行(5412)
2019/01/24 23:12:27 実行中(5412)
2019/01/24 23:13:20 終了しました(5412)
2019/01/26 03:11:44 開始します(4872)
2019/01/26 03:11:44 非実行(4872)
2019/01/26 03:11:44 実行中(4872)
2019/01/26 03:12:35 終了しました(4872)
2019/01/29 02:21:55 開始します(3116)
2019/01/29 02:21:55 非実行(3116)
2019/01/29 02:21:55 実行中(3116)
2019/01/29 02:22:48 終了しました(3116)
2019/01/30 03:07:01 開始します(2872)
2019/01/30 03:07:01 非実行(2872)
2019/01/30 03:07:01 実行中(2872)
2019/01/30 03:07:54 終了しました(2872)
2019/01/31 00:44:09 開始します(5524)
2019/01/31 00:44:09 非実行(5524)
2019/01/31 00:44:09 実行中(5524)
2019/01/31 00:45:03 終了しました(5524)
2019/01/31 23:27:19 開始します(5936)
2019/01/31 23:27:19 非実行(5936)
2019/01/31 23:27:19 実行中(5936)
2019/01/31 23:28:12 終了しました(5936)
2019/02/01 22:18:05 開始します(4320)
2019/02/01 22:18:05 非実行(4320)
2019/02/01 22:18:05 実行中(4320)
2019/02/01 22:18:57 終了しました(4320)
2019/02/05 01:50:57 開始します(5076)
2019/02/05 01:50:57 非実行(5076)
2019/02/05 01:50:57 実行中(5076)
2019/02/05 01:51:49 終了しました(5076)
2019/02/06 03:21:26 開始します(1884)
2019/02/06 03:21:26 非実行(1884)
2019/02/06 03:21:26 実行中(1884)
2019/02/06 03:22:20 終了しました(1884)
2019/02/06 21:18:53 開始します(2188)
2019/02/06 21:18:53 非実行(2188)
2019/02/06 21:18:53 実行中(2188)
2019/02/06 21:19:47 終了しました(2188)
2019/02/07 21:43:48 開始します(6364)
2019/02/07 21:43:48 非実行(6364)
2019/02/07 21:43:48 実行中(6364)
2019/02/07 21:44:42 終了しました(6364)
2019/02/08 22:19:04 開始します(5232)
2019/02/08 22:19:04 非実行(5232)
2019/02/08 22:19:04 実行中(5232)
2019/02/08 22:19:58 終了しました(5232)
2019/02/11 21:32:48 開始します(4612)
2019/02/11 21:32:48 非実行(4612)
2019/02/11 21:32:48 実行中(4612)
2019/02/11 21:33:42 終了しました(4612)
2019/02/13 00:32:42 開始します(3928)
2019/02/13 00:32:42 非実行(3928)
2019/02/13 00:32:42 実行中(3928)
2019/02/13 00:33:36 終了しました(3928)
2019/02/13 21:50:19 開始します(6468)
2019/02/13 21:50:19 非実行(6468)
2019/02/13 21:50:19 実行中(6468)
2019/02/13 21:51:13 終了しました(6468)
2019/02/14 21:12:23 開始します(7064)
2019/02/14 21:12:23 非実行(7064)
2019/02/14 21:12:23 実行中(7064)
2019/02/14 21:13:16 終了しました(7064)
2019/03/08 17:24:31 開始します(6424)
2019/03/08 17:24:31 非実行(6424)
2019/03/08 17:24:31 実行中(6424)
2019/03/08 17:25:25 終了しました(6424)
2019/03/11 21:18:08 開始します(4920)
2019/03/11 21:18:08 非実行(4920)
2019/03/11 21:18:08 実行中(4920)
2019/03/11 21:19:00 終了しました(4920)
2019/03/13 01:39:53 開始します(3400)
2019/03/13 01:39:53 非実行(3400)
2019/03/13 01:39:53 実行中(3400)
2019/03/13 01:40:46 終了しました(3400)
2019/03/13 21:40:23 開始します(6100)
2019/03/13 21:40:23 非実行(6100)
2019/03/13 21:40:23 実行中(6100)
2019/03/13 21:41:16 終了しました(6100)
2019/03/14 21:02:58 開始します(5520)
2019/03/14 21:02:58 非実行(5520)
2019/03/14 21:02:58 実行中(5520)
2019/03/14 21:03:50 終了しました(5520)
2019/03/15 20:36:37 開始します(1200)
2019/03/15 20:36:37 非実行(1200)
2019/03/15 20:36:37 実行中(1200)
2019/03/15 20:37:31 終了しました(1200)
2019/03/18 21:03:11 開始します(1712)
2019/03/18 21:03:11 非実行(1712)
2019/03/18 21:03:11 実行中(1712)
2019/03/18 21:04:04 終了しました(1712)
2019/03/19 21:25:59 開始します(3972)
2019/03/19 21:25:59 非実行(3972)
2019/03/19 21:25:59 実行中(3972)
2019/03/19 21:26:52 終了しました(3972)
2019/03/20 20:47:56 開始します(7024)
2019/03/20 20:47:56 非実行(7024)
2019/03/20 20:47:56 実行中(7024)
2019/03/20 20:48:50 終了しました(7024)
2019/03/21 21:35:18 開始します(3680)
2019/03/21 21:35:18 非実行(3680)
2019/03/21 21:35:18 実行中(3680)
2019/03/21 21:36:12 終了しました(3680)
2019/03/22 21:30:10 開始します(6100)
2019/03/22 21:30:10 非実行(6100)
2019/03/22 21:30:10 実行中(6100)
2019/03/22 21:31:03 終了しました(6100)
2019/03/25 21:19:00 開始します(6116)
2019/03/25 21:19:00 非実行(6116)
2019/03/25 21:19:00 実行中(6116)
2019/03/25 21:19:53 終了しました(6116)
2019/03/26 21:08:01 開始します(5320)
2019/03/26 21:08:01 非実行(5320)
2019/03/26 21:08:01 実行中(5320)
2019/03/26 21:08:54 終了しました(5320)
2019/03/27 21:28:21 開始します(1416)
2019/03/27 21:28:21 非実行(1416)
2019/03/27 21:28:21 実行中(1416)
2019/03/27 21:29:14 終了しました(1416)
2019/03/28 21:42:15 開始します(1032)
2019/03/28 21:42:15 非実行(1032)
2019/03/28 21:42:15 実行中(1032)
2019/03/28 21:43:08 終了しました(1032)
2019/03/29 21:12:52 開始します(6080)
2019/03/29 21:12:52 非実行(6080)
2019/03/29 21:12:52 実行中(6080)
2019/03/29 21:13:45 終了しました(6080)
2019/04/01 20:57:29 開始します(1748)
2019/04/01 20:57:29 非実行(1748)
2019/04/01 20:57:29 実行中(1748)
2019/04/01 20:58:22 終了しました(1748)
2019/04/02 20:17:03 開始します(5192)
2019/04/02 20:17:03 非実行(5192)
2019/04/02 20:17:03 実行中(5192)
2019/04/02 20:17:56 終了しました(5192)
2019/04/03 21:39:39 開始します(4476)
2019/04/03 21:39:39 非実行(4476)
2019/04/03 21:39:39 実行中(4476)
2019/04/03 21:40:33 終了しました(4476)
2019/04/04 20:13:50 開始します(4712)
2019/04/04 20:13:50 非実行(4712)
2019/04/04 20:13:50 実行中(4712)
2019/04/04 20:14:43 終了しました(4712)
2019/04/05 20:11:44 開始します(4496)
2019/04/05 20:11:44 非実行(4496)
2019/04/05 20:11:44 実行中(4496)
2019/04/05 20:12:37 終了しました(4496)
2019/04/08 20:38:50 開始します(5516)
2019/04/08 20:38:50 非実行(5516)
2019/04/08 20:38:50 実行中(5516)
2019/04/08 20:39:43 終了しました(5516)
2019/04/09 19:56:02 開始します(3128)
2019/04/09 19:56:02 非実行(3128)
2019/04/09 19:56:02 実行中(3128)
2019/04/09 19:56:55 終了しました(3128)
2019/04/10 20:27:01 開始します(392)
2019/04/10 20:27:01 非実行(392)
2019/04/10 20:27:01 実行中(392)
2019/04/10 20:27:55 終了しました(392)
2019/04/12 21:59:07 開始します(6252)
2019/04/12 21:59:07 非実行(6252)
2019/04/12 21:59:07 実行中(6252)
2019/04/12 22:00:05 終了しました(6252)
2019/04/17 22:56:22 開始します(6188)
2019/04/17 22:56:22 非実行(6188)
2019/04/17 22:56:22 実行中(6188)
2019/04/17 22:57:23 終了しました(6188)
2019/04/20 11:16:59 開始します(764)
2019/04/20 11:16:59 非実行(764)
2019/04/20 11:16:59 実行中(764)
2019/04/20 11:17:58 終了しました(764)
2019/04/24 20:04:47 開始します(4720)
2019/04/24 20:04:47 非実行(4720)
2019/04/24 20:04:47 実行中(4720)
2019/04/24 20:05:40 終了しました(4720)
2019/04/25 19:09:12 開始します(4676)
2019/04/25 19:09:12 非実行(4676)
2019/04/25 19:09:12 実行中(4676)
2019/04/25 19:10:05 終了しました(4676)
2019/04/29 01:15:00 開始します(5572)
2019/04/29 01:15:00 非実行(5572)
2019/04/29 01:15:00 実行中(5572)
2019/04/29 01:16:00 終了しました(5572)
2019/05/06 22:05:46 開始します(6748)
2019/05/06 22:05:46 非実行(6748)
2019/05/06 22:05:46 実行中(6748)
2019/05/06 22:06:48 終了しました(6748)
2019/05/08 17:42:25 開始します(4796)
2019/05/08 17:42:25 非実行(4796)
2019/05/08 17:42:25 実行中(4796)
2019/05/08 17:43:17 終了しました(4796)
2019/05/09 18:44:18 開始します(916)
2019/05/09 18:44:18 非実行(916)
2019/05/09 18:44:18 実行中(916)
2019/05/09 18:45:15 終了しました(916)
2019/05/10 09:30:41 開始します(5416)
2019/05/10 09:30:41 非実行(5416)
2019/05/10 09:30:41 実行中(5416)
2019/05/10 09:31:36 終了しました(5416)
2019/05/24 01:12:53 開始します(7732)
2019/05/24 01:12:53 非実行(7732)
2019/05/24 01:12:53 実行中(7732)
2019/05/24 01:13:45 終了しました(7732)
2019/05/29 01:11:45 開始します(6616)
2019/05/29 01:11:45 非実行(6616)
2019/05/29 01:11:45 実行中(6616)
2019/05/29 01:12:36 終了しました(6616)
2019/06/17 19:01:20 開始します(2044)
2019/06/17 19:01:20 非実行(2044)
2019/06/17 19:01:20 実行中(2044)
2019/06/17 19:02:12 終了しました(2044)
2019/06/25 19:45:11 開始します(6784)
2019/06/25 19:45:11 非実行(6784)
2019/06/25 19:45:11 実行中(6784)
2019/06/25 19:46:06 終了しました(6784)
2019/06/27 00:29:48 開始します(8596)
2019/06/27 00:29:48 非実行(8596)
2019/06/27 00:29:48 実行中(8596)
2019/06/27 00:30:40 終了しました(8596)
2019/06/27 19:56:28 開始します(5212)
2019/06/27 19:56:28 非実行(5212)
2019/06/27 19:56:28 実行中(5212)
2019/06/27 19:57:21 終了しました(5212)
2019/06/28 19:16:19 開始します(5612)
2019/06/28 19:16:19 非実行(5612)
2019/06/28 19:16:19 実行中(5612)
2019/06/28 19:17:13 終了しました(5612)
2019/07/04 14:19:37 開始します(9508)
2019/07/04 14:19:37 非実行(9508)
2019/07/04 14:19:37 実行中(9508)
2019/07/04 14:20:31 終了しました(9508)
2019/07/09 20:26:15 開始します(11932)
2019/07/09 20:26:15 非実行(11932)
2019/07/09 20:26:15 実行中(11932)
2019/07/09 20:27:08 終了しました(11932)
2019/07/11 02:00:30 開始します(12044)
2019/07/11 02:00:30 非実行(12044)
2019/07/11 02:00:30 実行中(12044)
2019/07/11 02:01:22 終了しました(12044)
2019/07/22 20:43:03 開始します(7748)
2019/07/22 20:43:03 非実行(7748)
2019/07/22 20:43:03 実行中(7748)
2019/07/22 20:43:57 終了しました(7748)
2019/07/23 15:41:32 開始します(7412)
2019/07/23 15:41:32 非実行(7412)
2019/07/23 15:41:32 実行中(7412)
2019/07/23 15:42:24 終了しました(7412)
2019/07/24 21:06:44 開始します(5516)
2019/07/24 21:06:44 非実行(5516)
2019/07/24 21:06:44 実行中(5516)
2019/07/24 21:07:36 終了しました(5516)
2019/07/25 17:18:22 開始します(5356)
2019/07/25 17:18:22 非実行(5356)
2019/07/25 17:18:22 実行中(5356)
2019/07/25 17:19:15 終了しました(5356)
2019/07/27 03:57:41 開始します(7064)
2019/07/27 03:57:41 非実行(7064)
2019/07/27 03:57:41 実行中(7064)
2019/07/27 03:58:34 終了しました(7064)
2019/07/29 17:43:25 開始します(11360)
2019/07/29 17:43:25 非実行(11360)
2019/07/29 17:43:25 実行中(11360)
2019/07/29 17:44:20 終了しました(11360)
2019/07/30 20:55:21 開始します(8952)
2019/07/30 20:55:21 非実行(8952)
2019/07/30 20:55:21 実行中(8952)
2019/07/30 20:56:14 終了しました(8952)
2019/07/31 23:38:11 開始します(4492)
2019/07/31 23:38:11 非実行(4492)
2019/07/31 23:38:11 実行中(4492)
2019/07/31 23:39:04 終了しました(4492)
2019/08/07 19:26:05 開始します(10212)
2019/08/07 19:26:05 非実行(10212)
2019/08/07 19:26:05 実行中(10212)
2019/08/07 19:27:00 終了しました(10212)
2019/08/08 19:48:32 開始します(2488)
2019/08/08 19:48:32 非実行(2488)
2019/08/08 19:48:32 実行中(2488)
2019/08/08 19:49:26 終了しました(2488)
2019/08/09 17:20:34 開始します(7944)
2019/08/09 17:20:34 非実行(7944)
2019/08/09 17:20:34 実行中(7944)
2019/08/09 17:21:28 終了しました(7944)
2019/08/14 19:29:51 開始します(10632)
2019/08/14 19:29:51 非実行(10632)
2019/08/14 19:29:51 実行中(10632)
2019/08/14 19:30:45 終了しました(10632)
2019/08/15 20:11:43 開始します(7928)
2019/08/15 20:11:43 非実行(7928)
2019/08/15 20:11:43 実行中(7928)
2019/08/15 20:12:39 終了しました(7928)
2019/08/16 16:58:15 開始します(8424)
2019/08/16 16:58:15 非実行(8424)
2019/08/16 16:58:15 実行中(8424)
2019/08/16 16:59:09 終了しました(8424)
2019/08/19 19:25:40 開始します(9456)
2019/08/19 19:25:40 非実行(9456)
2019/08/19 19:25:40 実行中(9456)
2019/08/19 19:26:35 終了しました(9456)
2019/08/20 19:32:52 開始します(6332)
2019/08/20 19:32:52 非実行(6332)
2019/08/20 19:32:52 実行中(6332)
2019/08/20 19:33:46 終了しました(6332)
2019/08/21 18:30:16 開始します(8652)
2019/08/21 18:30:16 非実行(8652)
2019/08/21 18:30:16 実行中(8652)
2019/08/21 18:31:09 終了しました(8652)
2019/08/22 18:44:03 開始します(7032)
2019/08/22 18:44:03 非実行(7032)
2019/08/22 18:44:03 実行中(7032)
2019/08/22 18:44:58 終了しました(7032)
2019/08/26 18:30:11 開始します(9228)
2019/08/26 18:30:11 非実行(9228)
2019/08/26 18:30:11 実行中(9228)
2019/08/26 18:31:04 終了しました(9228)
2019/08/28 17:47:59 開始します(7772)
2019/08/28 17:47:59 非実行(7772)
2019/08/28 17:47:59 実行中(7772)
2019/08/28 17:48:54 終了しました(7772)
2019/09/02 17:53:18 開始します(9352)
2019/09/02 17:53:18 非実行(9352)
2019/09/02 17:53:18 実行中(9352)
2019/09/02 17:54:12 終了しました(9352)
2019/09/04 18:00:33 開始します(9240)
2019/09/04 18:00:33 非実行(9240)
2019/09/04 18:00:33 実行中(9240)
2019/09/04 18:01:27 終了しました(9240)
2019/09/05 20:07:03 開始します(10480)
2019/09/05 20:07:03 非実行(10480)
2019/09/05 20:07:03 実行中(10480)
2019/09/05 20:07:57 終了しました(10480)
2019/09/12 00:15:08 開始します(124)
2019/09/12 00:15:08 非実行(124)
2019/09/12 00:15:08 実行中(124)
2019/09/12 00:16:02 終了しました(124)
2019/09/13 01:25:42 開始します(7844)
2019/09/13 01:25:42 非実行(7844)
2019/09/13 01:25:42 実行中(7844)
2019/09/13 01:26:35 終了しました(7844)
2019/10/05 01:54:32 開始します(2196)
2019/10/05 01:54:32 非実行(2196)
2019/10/05 01:54:32 実行中(2196)
2019/10/05 01:55:26 終了しました(2196)
2019/10/23 16:39:17 開始します(9028)
2019/10/23 16:39:17 非実行(9028)
2019/10/23 16:39:17 実行中(9028)
2019/10/23 16:40:11 終了しました(9028)
2019/10/24 11:45:05 開始します(11396)
2019/10/24 11:45:05 非実行(11396)
2019/10/24 11:45:05 実行中(11396)
2019/10/24 11:46:00 終了しました(11396)
2019/10/28 23:57:55 開始します(11228)
2019/10/28 23:57:55 非実行(11228)
2019/10/28 23:57:55 実行中(11228)
2019/10/28 23:58:48 終了しました(11228)
2019/11/01 16:19:58 開始します(5896)
2019/11/01 16:19:58 非実行(5896)
2019/11/01 16:19:58 実行中(5896)
2019/11/01 16:20:55 終了しました(5896)
2019/11/05 18:38:39 開始します(8364)
2019/11/05 18:38:39 非実行(8364)
2019/11/05 18:38:39 実行中(8364)
2019/11/05 18:39:36 終了しました(8364)
2019/11/06 21:55:52 開始します(7276)
2019/11/06 21:55:52 非実行(7276)
2019/11/06 21:55:52 実行中(7276)
2019/11/06 21:56:48 終了しました(7276)
2019/11/07 17:29:28 開始します(3728)
2019/11/07 17:29:28 非実行(3728)
2019/11/07 17:29:28 実行中(3728)
2019/11/07 17:30:23 終了しました(3728)
2019/11/08 18:02:05 開始します(4188)
2019/11/08 18:02:05 非実行(4188)
2019/11/08 18:02:05 実行中(4188)
2019/11/08 18:03:01 終了しました(4188)
2019/11/11 17:43:02 開始します(6436)
2019/11/11 17:43:02 非実行(6436)
2019/11/11 17:43:02 実行中(6436)
2019/11/11 17:43:59 終了しました(6436)
2019/11/12 18:56:51 開始します(11728)
2019/11/12 18:56:51 非実行(11728)
2019/11/12 18:56:51 実行中(11728)
2019/11/12 18:57:48 終了しました(11728)
2019/11/13 16:29:23 開始します(12840)
2019/11/13 16:29:23 非実行(12840)
2019/11/13 16:29:23 実行中(12840)
2019/11/13 16:30:19 終了しました(12840)
2019/11/14 20:00:53 開始します(11800)
2019/11/14 20:00:53 非実行(11800)
2019/11/14 20:00:53 実行中(11800)
2019/11/14 20:01:50 終了しました(11800)
2019/11/15 19:49:41 開始します(7740)
2019/11/15 19:49:41 非実行(7740)
2019/11/15 19:49:41 実行中(7740)
2019/11/15 19:50:39 終了しました(7740)
2019/11/18 19:00:14 開始します(4016)
2019/11/18 19:00:14 非実行(4016)
2019/11/18 19:00:14 実行中(4016)
2019/11/18 19:01:11 終了しました(4016)
2019/11/20 02:33:00 開始します(10260)
2019/11/20 02:33:00 非実行(10260)
2019/11/20 02:33:00 実行中(10260)
2019/11/20 02:33:58 終了しました(10260)
2019/11/21 01:56:12 開始します(10020)
2019/11/21 01:56:12 非実行(10020)
2019/11/21 01:56:12 実行中(10020)
2019/11/21 01:57:08 終了しました(10020)
2019/11/21 18:38:28 開始します(6032)
2019/11/21 18:38:28 非実行(6032)
2019/11/21 18:38:28 実行中(6032)
2019/11/21 18:39:25 終了しました(6032)
2019/11/23 00:02:11 開始します(32)
2019/11/23 00:02:11 非実行(32)
2019/11/23 00:02:11 実行中(32)
2019/11/23 00:03:09 終了しました(32)
2019/11/25 18:35:57 開始します(4976)
2019/11/25 18:35:57 非実行(4976)
2019/11/25 18:35:57 実行中(4976)
2019/11/25 18:36:52 終了しました(4976)
2019/11/28 18:09:36 開始します(11980)
2019/11/28 18:09:36 非実行(11980)
2019/11/28 18:09:36 実行中(11980)
2019/11/28 18:10:35 終了しました(11980)
2019/11/29 18:32:22 開始します(10044)
2019/11/29 18:32:22 非実行(10044)
2019/11/29 18:32:22 実行中(10044)
2019/11/29 18:33:20 終了しました(10044)
2019/12/03 01:51:02 開始します(9808)
2019/12/03 01:51:02 非実行(9808)
2019/12/03 01:51:02 実行中(9808)
2019/12/03 01:51:59 終了しました(9808)
2019/12/23 21:41:15 開始します(7628)
2019/12/23 21:41:15 非実行(7628)
2019/12/23 21:41:15 実行中(7628)
2019/12/23 21:42:12 終了しました(7628)
2019/12/26 22:23:52 開始します(1128)
2019/12/26 22:23:52 非実行(1128)
2019/12/26 22:23:52 実行中(1128)
2019/12/26 22:24:49 終了しました(1128)
2020/02/28 13:44:38 開始します(7888)
2020/02/28 13:44:38 非実行(7888)
2020/02/28 13:44:38 実行中(7888)
2020/02/28 13:45:37 終了しました(7888)
2020/03/04 17:42:29 開始します(6824)
2020/03/04 17:42:29 非実行(6824)
2020/03/04 17:42:29 実行中(6824)
2020/03/04 17:43:30 終了しました(6824)
2020/03/05 19:10:08 開始します(7700)
2020/03/05 19:10:08 非実行(7700)
2020/03/05 19:10:08 実行中(7700)
2020/03/05 19:11:07 終了しました(7700)
2020/03/07 03:13:00 開始します(3476)
2020/03/07 03:13:00 非実行(3476)
2020/03/07 03:13:00 実行中(3476)
2020/03/07 03:13:57 終了しました(3476)
2020/03/19 03:13:44 開始します(5356)
2020/03/19 03:13:44 非実行(5356)
2020/03/19 03:13:44 実行中(5356)
2020/03/19 03:14:43 終了しました(5356)
2020/03/19 13:31:17 開始します(7784)
2020/03/19 13:31:17 非実行(7784)
2020/03/19 13:31:17 実行中(7784)
2020/03/19 13:32:17 終了しました(7784)
2020/03/23 18:08:23 開始します(7128)
2020/03/23 18:08:23 非実行(7128)
2020/03/23 18:08:23 実行中(7128)
2020/03/23 18:09:22 終了しました(7128)
2020/04/28 01:22:03 開始します(6788)
2020/04/28 01:22:03 非実行(6788)
2020/04/28 01:22:03 実行中(6788)
2020/04/28 01:23:03 終了しました(6788)
2020/06/03 17:12:07 開始します(2768)
2020/06/03 17:12:07 非実行(2768)
2020/06/03 17:12:07 実行中(2768)
2020/06/03 17:13:08 終了しました(2768)
2020/06/15 16:24:59 開始します(3784)
2020/06/15 16:24:59 非実行(3784)
2020/06/15 16:24:59 実行中(3784)
2020/06/15 16:25:59 終了しました(3784)
2020/06/19 03:19:48 開始します(4644)
2020/06/19 03:19:48 非実行(4644)
2020/06/19 03:19:48 実行中(4644)
2020/06/19 03:20:47 終了しました(4644)
2020/06/23 09:54:45 開始します(8056)
2020/06/23 09:54:45 非実行(8056)
2020/06/23 09:54:45 実行中(8056)
2020/06/23 09:55:44 終了しました(8056)
2020/07/09 12:56:25 開始します(5912)
2020/07/09 12:56:25 非実行(5912)
2020/07/09 12:56:25 実行中(5912)
2020/07/09 12:57:26 終了しました(5912)
2020/07/20 15:21:57 開始します(8148)
2020/07/20 15:21:57 非実行(8148)
2020/07/20 15:21:57 実行中(8148)
2020/07/20 15:22:58 終了しました(8148)
2020/07/29 16:28:01 開始します(6716)
2020/07/29 16:28:01 非実行(6716)
2020/07/29 16:28:01 実行中(6716)
2020/07/29 16:29:03 終了しました(6716)
2020/07/29 17:21:46 開始します(6928)
2020/07/29 17:21:46 非実行(6928)
2020/07/29 17:21:46 実行中(6928)
2020/07/29 17:22:45 終了しました(6928)
2020/07/30 14:20:27 開始します(7548)
2020/07/30 14:20:27 非実行(7548)
2020/07/30 14:20:27 実行中(7548)
2020/07/30 14:21:18 終了しました(7548)
2020/08/03 15:46:26 開始します(7724)
2020/08/03 15:46:26 非実行(7724)
2020/08/03 15:46:26 実行中(7724)
2020/08/03 15:47:17 終了しました(7724)
2020/08/05 09:30:20 開始します(8088)
2020/08/05 09:30:20 非実行(8088)
2020/08/05 09:30:20 実行中(8088)
2020/08/05 09:31:10 終了しました(8088)
2020/08/05 15:32:22 開始します(6312)
2020/08/05 15:32:22 非実行(6312)
2020/08/05 15:32:22 実行中(6312)
2020/08/05 15:33:13 終了しました(6312)
2020/08/07 15:48:50 開始します(5796)
2020/08/07 15:48:50 非実行(5796)
2020/08/07 15:48:50 実行中(5796)
2020/08/07 15:49:40 終了しました(5796)
2020/08/20 12:07:06 開始します(3904)
2020/08/20 12:07:06 非実行(3904)
2020/08/20 12:07:06 実行中(3904)
2020/08/20 12:08:01 終了しました(3904)
2020/08/20 18:57:45 開始します(6744)
2020/08/20 18:57:45 非実行(6744)
2020/08/20 18:57:45 実行中(6744)
2020/08/20 18:58:42 終了しました(6744)
2020/08/24 09:59:22 開始します(3952)
2020/08/24 09:59:22 非実行(3952)
2020/08/24 09:59:22 実行中(3952)
2020/08/24 10:00:17 終了しました(3952)
2020/08/25 11:59:10 開始します(5468)
2020/08/25 11:59:10 非実行(5468)
2020/08/25 11:59:10 実行中(5468)
2020/08/25 12:00:06 終了しました(5468)
2020/08/26 14:11:48 開始します(3024)
2020/08/26 14:11:48 非実行(3024)
2020/08/26 14:11:48 実行中(3024)
2020/08/26 14:12:43 終了しました(3024)
2020/08/31 19:56:07 開始します(7884)
2020/08/31 19:56:07 非実行(7884)
2020/08/31 19:56:07 実行中(7884)
2020/08/31 19:57:02 終了しました(7884)
2020/09/01 21:14:13 開始します(7732)
2020/09/01 21:14:13 非実行(7732)
2020/09/01 21:14:13 実行中(7732)
2020/09/01 21:15:08 終了しました(7732)
2020/09/03 19:58:04 開始します(6432)
2020/09/03 19:58:04 非実行(6432)
2020/09/03 19:58:04 実行中(6432)
2020/09/03 19:58:59 終了しました(6432)
2020/09/04 12:32:44 開始します(5768)
2020/09/04 12:32:44 非実行(5768)
2020/09/04 12:32:44 実行中(5768)
2020/09/04 12:33:40 終了しました(5768)
2020/09/09 16:21:57 開始します(5600)
2020/09/09 16:21:57 非実行(5600)
2020/09/09 16:21:57 実行中(5600)
2020/09/09 16:22:51 終了しました(5600)
2020/09/14 11:13:25 開始します(7080)
2020/09/14 11:13:25 非実行(7080)
2020/09/14 11:13:25 実行中(7080)
2020/09/14 11:14:20 終了しました(7080)
2020/09/16 10:35:53 開始します(4672)
2020/09/16 10:35:53 非実行(4672)
2020/09/16 10:35:53 実行中(4672)
2020/09/16 10:36:48 終了しました(4672)
2020/09/25 09:56:55 開始します(1144)
2020/09/25 09:56:55 非実行(1144)
2020/09/25 09:56:55 実行中(1144)
2020/09/25 09:57:51 終了しました(1144)
2020/09/25 14:33:54 開始します(832)
2020/09/25 14:33:54 非実行(832)
2020/09/25 14:33:54 実行中(832)
2020/09/25 14:34:51 終了しました(832)
2020/09/29 13:57:46 開始します(6896)
2020/09/29 13:57:46 非実行(6896)
2020/09/29 13:57:46 実行中(6896)
2020/09/29 13:58:40 終了しました(6896)
2020/09/30 14:29:44 開始します(1580)
2020/09/30 14:29:44 非実行(1580)
2020/09/30 14:29:44 実行中(1580)
2020/09/30 14:30:43 終了しました(1580)
2020/10/01 15:29:38 開始します(1328)
2020/10/01 15:29:38 非実行(1328)
2020/10/01 15:29:38 実行中(1328)
2020/10/01 15:30:36 終了しました(1328)
2020/10/07 21:38:40 開始します(3024)
2020/10/07 21:38:40 非実行(3024)
2020/10/07 21:38:40 実行中(3024)
2020/10/07 21:39:28 終了しました(3024)
2020/10/14 11:53:47 開始します(7344)
2020/10/14 11:53:47 非実行(7344)
2020/10/14 11:53:47 実行中(7344)
2020/10/14 11:54:35 終了しました(7344)
2020/10/19 13:53:12 開始します(5652)
2020/10/19 13:53:12 非実行(5652)
2020/10/19 13:53:12 実行中(5652)
2020/10/19 13:54:00 終了しました(5652)
2020/10/23 18:30:50 開始します(7232)
2020/10/23 18:30:50 非実行(7232)
2020/10/23 18:30:50 実行中(7232)
2020/10/23 18:31:38 終了しました(7232)
2020/11/11 16:06:56 開始します(9396)
2020/11/11 16:06:56 非実行(9396)
2020/11/11 16:06:56 実行中(9396)
2020/11/11 16:07:52 終了しました(9396)
2020/11/12 16:54:56 開始します(1028)
2020/11/12 16:54:56 非実行(1028)
2020/11/12 16:54:56 実行中(1028)
2020/11/12 16:55:56 終了しました(1028)
2020/11/13 18:54:18 開始します(8236)
2020/11/13 18:54:18 非実行(8236)
2020/11/13 18:54:18 実行中(8236)
2020/11/13 18:55:17 終了しました(8236)
2020/11/16 16:53:23 開始します(8884)
2020/11/16 16:53:23 非実行(8884)
2020/11/16 16:53:23 実行中(8884)
2020/11/16 16:54:20 終了しました(8884)
2020/11/17 17:23:54 開始します(9504)
2020/11/17 17:23:54 非実行(9504)
2020/11/17 17:23:54 実行中(9504)
2020/11/17 17:24:53 終了しました(9504)
2020/11/19 16:19:04 開始します(4460)
2020/11/19 16:19:04 非実行(4460)
2020/11/19 16:19:04 実行中(4460)
2020/11/19 16:20:03 終了しました(4460)
2020/11/20 17:47:52 開始します(9416)
2020/11/20 17:47:52 非実行(9416)
2020/11/20 17:47:52 実行中(9416)
2020/11/20 17:48:49 終了しました(9416)
2020/11/24 15:00:27 開始します(9252)
2020/11/24 15:00:27 非実行(9252)
2020/11/24 15:00:27 実行中(9252)
2020/11/24 15:01:25 終了しました(9252)
2020/11/25 17:42:46 開始します(9416)
2020/11/25 17:42:46 非実行(9416)
2020/11/25 17:42:46 実行中(9416)
2020/11/25 17:43:43 終了しました(9416)
2020/11/26 16:53:02 開始します(10052)
2020/11/26 16:53:02 非実行(10052)
2020/11/26 16:53:02 実行中(10052)
2020/11/26 16:53:57 終了しました(10052)
2020/11/27 16:47:49 開始します(7848)
2020/11/27 16:47:49 非実行(7848)
2020/11/27 16:47:49 実行中(7848)
2020/11/27 16:48:45 終了しました(7848)
2020/12/01 17:05:25 開始します(10072)
2020/12/01 17:05:25 非実行(10072)
2020/12/01 17:05:25 実行中(10072)
2020/12/01 17:06:24 終了しました(10072)
2020/12/02 14:53:48 開始します(2832)
2020/12/02 14:53:48 非実行(2832)
2020/12/02 14:53:48 実行中(2832)
2020/12/02 14:54:44 終了しました(2832)
2020/12/03 15:42:54 開始します(5132)
2020/12/03 15:42:54 非実行(5132)
2020/12/03 15:42:54 実行中(5132)
2020/12/03 15:43:51 終了しました(5132)
2020/12/10 17:32:20 開始します(5396)
2020/12/10 17:32:20 非実行(5396)
2020/12/10 17:32:20 実行中(5396)
2020/12/10 17:33:18 終了しました(5396)
2021/01/12 17:08:55 開始します(5448)
2021/01/12 17:08:55 非実行(5448)
2021/01/12 17:08:55 実行中(5448)
2021/01/12 17:09:52 終了しました(5448)
2021/01/15 09:37:24 開始します(10052)
2021/01/15 09:37:24 非実行(10052)
2021/01/15 09:37:24 実行中(10052)
2021/01/15 09:38:20 終了しました(10052)
2021/01/18 09:33:46 開始します(8628)
2021/01/18 09:33:46 非実行(8628)
2021/01/18 09:33:46 実行中(8628)
2021/01/18 09:34:43 終了しました(8628)
2021/01/19 10:21:17 開始します(8420)
2021/01/19 10:21:17 非実行(8420)
2021/01/19 10:21:17 実行中(8420)
2021/01/19 10:22:14 終了しました(8420)
2021/01/21 09:22:28 開始します(3560)
2021/01/21 09:22:28 非実行(3560)
2021/01/21 09:22:28 実行中(3560)
2021/01/21 09:23:25 終了しました(3560)
2021/03/03 14:50:48 開始します(10568)
2021/03/03 14:50:48 非実行(10568)
2021/03/03 14:50:48 実行中(10568)
2021/03/03 14:51:46 終了しました(10568)
2021/03/04 13:45:33 開始します(10144)
2021/03/04 13:45:33 非実行(10144)
2021/03/04 13:45:33 実行中(10144)
2021/03/04 13:46:21 終了しました(10144)
2021/04/19 16:21:30 開始します(3360)
2021/04/19 16:21:30 非実行(3360)
2021/04/19 16:21:30 実行中(3360)
2021/04/19 16:22:15 終了しました(3360)
2021/05/07 13:31:35 開始します(3880)
2021/05/07 13:31:35 非実行(3880)
2021/05/07 13:31:35 実行中(3880)
2021/05/07 13:32:20 終了しました(3880)
2021/05/10 16:58:48 開始します(8324)
2021/05/10 16:58:48 非実行(8324)
2021/05/10 16:58:48 実行中(8324)
2021/05/10 16:59:35 終了しました(8324)
2021/05/12 05:03:53 開始します(7412)
2021/05/12 05:03:53 非実行(7412)
2021/05/12 05:03:53 実行中(7412)
2021/05/12 05:04:39 終了しました(7412)
2021/05/17 15:54:27 開始します(9488)
2021/05/17 15:54:27 非実行(9488)
2021/05/17 15:54:27 実行中(9488)
2021/05/17 15:55:10 終了しました(9488)
2021/06/09 18:13:48 開始します(2004)
2021/06/09 18:13:48 非実行(2004)
2021/06/09 18:13:48 実行中(2004)
2021/06/09 18:14:31 終了しました(2004)
2021/08/03 10:27:19 開始します(3932)
2021/08/03 10:27:19 非実行(3932)
2021/08/03 10:27:19 実行中(3932)
2021/08/03 10:28:08 終了しました(3932)
2021/11/16 00:28:29 開始します(3856)
2021/11/16 00:28:29 非実行(3856)
2021/11/16 00:28:29 実行中(3856)
2021/11/16 00:29:15 終了しました(3856)
2021/11/16 16:17:15 開始します(3052)
2021/11/16 16:17:15 非実行(3052)
2021/11/16 16:17:15 実行中(3052)
2021/11/16 16:18:00 終了しました(3052)
2021/11/17 15:45:35 開始します(6956)
2021/11/17 15:45:35 非実行(6956)
2021/11/17 15:45:35 実行中(6956)
2021/11/17 15:46:22 終了しました(6956)
2021/11/18 10:34:41 開始します(5812)
2021/11/18 10:34:41 非実行(5812)
2021/11/18 10:34:41 実行中(5812)
2021/11/18 10:35:26 終了しました(5812)
2021/11/18 16:23:54 開始します(5432)
2021/11/18 16:23:54 非実行(5432)
2021/11/18 16:23:54 実行中(5432)
2021/11/18 16:25:02 終了しました(5432)
2021/11/22 16:25:50 開始します(4020)
2021/11/22 16:25:50 非実行(4020)
2021/11/22 16:25:50 実行中(4020)
2021/11/22 16:26:34 終了しました(4020)
2022/02/21 16:00:01 開始します(3828)
2022/02/21 16:00:01 非実行(3828)
2022/02/21 16:00:01 実行中(3828)
2022/02/21 16:00:49 終了しました(3828)
2022/02/25 13:07:38 開始します(6600)
2022/02/25 13:07:38 非実行(6600)
2022/02/25 13:07:38 実行中(6600)
2022/02/25 13:08:26 終了しました(6600)
2022/03/04 11:05:49 開始します(7032)
2022/03/04 11:05:49 非実行(7032)
2022/03/04 11:05:49 実行中(7032)
2022/03/04 11:06:38 終了しました(7032)
2022/03/11 10:56:58 開始します(5672)
2022/03/11 10:56:58 非実行(5672)
2022/03/11 10:56:58 実行中(5672)
2022/03/11 10:57:45 終了しました(5672)
2022/03/23 11:03:41 開始します(2200)
2022/03/23 11:03:41 非実行(2200)
2022/03/23 11:03:41 実行中(2200)
2022/03/23 11:04:29 終了しました(2200)
2022/04/06 13:01:55 開始します(6152)
2022/04/06 13:01:55 非実行(6152)
2022/04/06 13:01:55 実行中(6152)
2022/04/06 13:02:42 終了しました(6152)
2022/04/12 16:07:42 開始します(7116)
2022/04/12 16:07:42 非実行(7116)
2022/04/12 16:07:42 実行中(7116)
2022/04/12 16:08:30 終了しました(7116)
2022/04/18 16:06:42 開始します(4896)
2022/04/18 16:06:42 非実行(4896)
2022/04/18 16:06:42 実行中(4896)
2022/04/18 16:07:30 終了しました(4896)
2022/04/25 16:20:27 開始します(8120)
2022/04/25 16:20:27 非実行(8120)
2022/04/25 16:20:27 実行中(8120)
2022/04/25 16:21:16 終了しました(8120)
2022/09/20 13:49:31 開始します(5256)
2022/09/20 13:49:31 非実行(5256)
2022/09/20 13:49:31 実行中(5256)
2022/09/20 13:50:19 終了しました(5256)
2022/09/21 12:58:39 開始します(3180)
2022/09/21 12:58:39 非実行(3180)
2022/09/21 12:58:39 実行中(3180)
2022/09/21 12:59:29 終了しました(3180)
2022/10/13 16:21:13 開始します(2736)
2022/10/13 16:21:13 非実行(2736)
2022/10/13 16:21:13 実行中(2736)
2022/10/13 16:22:01 終了しました(2736)
2022/12/19 17:11:39 開始します(5804)
2022/12/19 17:11:39 非実行(5804)
2022/12/19 17:11:39 実行中(5804)
2022/12/19 17:12:22 終了しました(5804)
2023/01/16 15:47:43 開始します(3148)
2023/01/16 15:47:43 非実行(3148)
2023/01/16 15:47:43 実行中(3148)
2023/01/16 15:48:21 終了しました(3148)
2023/01/17 18:48:18 開始します(3380)
2023/01/17 18:48:18 非実行(3380)
2023/01/17 18:48:18 実行中(3380)
2023/01/17 18:49:01 終了しました(3380)
2023/01/18 10:41:52 開始します(2840)
2023/01/18 10:41:52 非実行(2840)
2023/01/18 10:41:52 実行中(2840)
2023/01/18 10:42:34 終了しました(2840)
2023/01/24 10:05:40 開始します(6224)
2023/01/24 10:05:40 非実行(6224)
2023/01/24 10:05:40 実行中(6224)
2023/01/24 10:06:21 終了しました(6224)
2023/03/28 16:07:41 開始します(5800)
2023/03/28 16:07:41 非実行(5800)
2023/03/28 16:07:41 実行中(5800)
2023/03/28 16:08:23 終了しました(5800)
2023/04/25 15:38:21 開始します(6532)
2023/04/25 15:38:21 非実行(6532)
2023/04/25 15:38:21 実行中(6532)
2023/04/25 15:39:04 終了しました(6532)
2023/05/15 16:09:47 開始します(2732)
2023/05/15 16:09:47 非実行(2732)
2023/05/15 16:09:47 実行中(2732)
2023/05/15 16:10:28 終了しました(2732)
2023/05/16 14:27:56 開始します(6384)
2023/05/16 14:27:56 非実行(6384)
2023/05/16 14:27:56 実行中(6384)
2023/05/16 14:28:36 終了しました(6384)
2023/06/13 16:03:09 開始します(6256)
2023/06/13 16:03:09 非実行(6256)
2023/06/13 16:03:09 実行中(6256)
2023/06/13 16:03:50 終了しました(6256)
2023/09/08 15:14:40 開始します(6532)
2023/09/08 15:14:40 非実行(6532)
2023/09/08 15:14:40 実行中(6532)
2023/09/08 15:15:22 終了しました(6532)
2023/09/14 16:08:55 開始します(1508)
2023/09/14 16:08:55 非実行(1508)
2023/09/14 16:08:55 実行中(1508)
2023/09/14 16:09:34 終了しました(1508)
2023/09/28 16:06:35 開始します(2916)
2023/09/28 16:06:35 非実行(2916)
2023/09/28 16:06:35 実行中(2916)
2023/09/28 16:07:16 終了しました(2916)
2023/10/25 14:19:52 開始します(8016)
2023/10/25 14:19:52 非実行(8016)
2023/10/25 14:19:52 実行中(8016)
2023/10/25 14:20:35 終了しました(8016)
2024/01/29 16:59:06 開始します(7604)
2024/01/29 16:59:06 非実行(7604)
2024/01/29 16:59:06 実行中(7604)
2024/01/29 16:59:45 終了しました(7604)
2024/07/25 16:03:32 開始します(5616)
2024/07/25 16:03:32 非実行(5616)
2024/07/25 16:03:32 実行中(5616)
2024/07/25 16:03:47 終了しました(5616)
2024/07/25 16:05:27 開始します(7860)
2024/07/25 16:05:27 非実行(7860)
2024/07/25 16:05:27 実行中(7860)
2024/07/25 16:05:51 終了しました(7860)
2024/08/15 15:18:19 開始します(5320)
2024/08/15 15:18:19 非実行(5320)
2024/08/15 15:18:19 実行中(5320)
2024/08/15 15:19:17 終了しました(5320)
2024/08/15 15:19:35 開始します(5148)
2024/08/15 15:19:35 非実行(5148)
2024/08/15 15:19:35 実行中(5148)
2024/08/15 15:20:33 終了しました(5148)
2024/08/22 16:38:26 開始します(3824)
2024/08/22 16:38:26 非実行(3824)
2024/08/22 16:38:26 実行中(3824)
2024/08/22 16:38:43 終了しました(3824)
2024/08/28 09:52:57 開始します(3076)
2024/08/28 09:52:57 非実行(3076)
2024/08/28 09:52:57 実行中(3076)
2024/08/28 09:53:13 終了しました(3076)
2024/09/12 03:20:14 開始します(6444)
2024/09/12 03:20:14 非実行(6444)
2024/09/12 03:20:14 実行中(6444)
2024/09/12 03:20:30 終了しました(6444)
2024/09/17 14:25:57 開始します(3308)
2024/09/17 14:25:57 非実行(3308)
2024/09/17 14:25:57 実行中(3308)
2024/09/17 14:26:14 終了しました(3308)
2024/09/18 07:45:02 開始します(13176)
2024/09/18 07:45:02 非実行(13176)
2024/09/18 07:45:02 実行中(13176)
2024/09/18 07:45:18 終了しました(13176)
2024/09/18 18:54:03 開始します(9148)
2024/09/18 18:54:03 非実行(9148)
2024/09/18 18:54:03 実行中(9148)
2024/09/18 18:54:18 終了しました(9148)
2024/09/19 12:50:22 開始します(11752)
2024/09/19 12:50:22 非実行(11752)
2024/09/19 12:50:22 実行中(11752)
2024/09/19 12:50:24 終了しました(11752)
2024/09/19 12:54:47 開始します(7352)
2024/09/19 12:54:47 非実行(7352)
2024/09/19 12:54:47 実行中(7352)
2024/09/19 12:54:49 終了しました(7352)
2024/09/19 12:55:34 開始します(7052)
2024/09/19 12:55:34 非実行(7052)
2024/09/19 12:55:34 実行中(7052)
2024/09/19 12:56:04 終了しました(7052)
2024/09/19 13:37:18 開始します(11764)
2024/09/19 13:37:18 非実行(11764)
2024/09/19 13:37:18 実行中(11764)
2024/09/19 13:37:24 終了しました(11764)
2024/09/19 13:39:26 開始します(5132)
2024/09/19 13:39:26 非実行(5132)
2024/09/19 13:39:26 実行中(5132)
2024/09/19 13:39:32 終了しました(5132)
2024/09/19 13:40:09 開始します(5168)
2024/09/19 13:40:09 非実行(5168)
2024/09/19 13:40:09 実行中(5168)
2024/09/19 13:40:16 終了しました(5168)
2024/09/19 13:42:22 開始します(2240)
2024/09/19 13:42:22 非実行(2240)
2024/09/19 13:42:22 実行中(2240)
2024/09/19 13:42:33 終了しました(2240)
2024/09/19 13:46:17 開始します(10816)
2024/09/19 13:46:17 非実行(10816)
2024/09/19 13:46:17 実行中(10816)
2024/09/19 13:46:23 終了しました(10816)
2024/09/19 13:47:06 開始します(3456)
2024/09/19 13:47:06 非実行(3456)
2024/09/19 13:47:06 実行中(3456)
2024/09/19 13:47:13 終了しました(3456)
2024/09/19 13:49:26 開始します(5272)
2024/09/19 13:49:26 非実行(5272)
2024/09/19 13:49:26 実行中(5272)
2024/09/19 13:49:32 終了しました(5272)
2024/09/19 13:52:49 開始します(5320)
2024/09/19 13:52:49 非実行(5320)
2024/09/19 13:52:49 実行中(5320)
2024/09/19 13:53:05 終了しました(5320)
2024/09/19 15:02:11 開始します(10112)
2024/09/19 15:02:11 非実行(10112)
2024/09/19 15:02:11 実行中(10112)
2024/09/19 15:03:03 終了しました(10112)
2024/09/20 01:02:59 開始します(9324)
2024/09/20 01:02:59 非実行(9324)
2024/09/20 01:02:59 実行中(9324)
2024/09/20 01:03:14 終了しました(9324)
2024/09/21 02:39:20 開始します(12356)
2024/09/21 02:39:20 非実行(12356)
2024/09/21 02:39:20 実行中(12356)
2024/09/21 02:40:11 終了しました(12356)
2024/09/25 03:40:23 開始します(6632)
2024/09/25 03:40:23 非実行(6632)
2024/09/25 03:40:23 実行中(6632)
2024/09/25 03:40:57 終了しました(6632)
2024/09/26 01:44:56 開始します(10768)
2024/09/26 01:44:56 非実行(10768)
2024/09/26 01:44:56 実行中(10768)
2024/09/26 01:45:44 終了しました(10768)
2024/09/27 02:08:04 開始します(7124)
2024/09/27 02:08:04 非実行(7124)
2024/09/27 02:08:04 実行中(7124)
2024/09/27 02:08:52 終了しました(7124)
2024/09/28 02:35:23 開始します(10392)
2024/09/28 02:35:23 非実行(10392)
2024/09/28 02:35:23 実行中(10392)
2024/09/28 02:36:11 終了しました(10392)
2024/09/29 01:45:46 開始します(8956)
2024/09/29 01:45:46 非実行(8956)
2024/09/29 01:45:46 実行中(8956)
2024/09/29 01:46:35 終了しました(8956)
2024/10/01 22:36:15 開始します(12720)
2024/10/01 22:36:15 非実行(12720)
2024/10/01 22:36:15 実行中(12720)
2024/10/01 22:37:03 終了しました(12720)
2024/10/02 23:02:26 開始します(3012)
2024/10/02 23:02:26 非実行(3012)
2024/10/02 23:02:26 実行中(3012)
2024/10/02 23:03:18 終了しました(3012)
2024/10/04 01:13:45 開始します(11668)
2024/10/04 01:13:45 非実行(11668)
2024/10/04 01:13:45 実行中(11668)
2024/10/04 01:14:38 終了しました(11668)
2024/10/05 00:05:07 開始します(3952)
2024/10/05 00:05:07 非実行(3952)
2024/10/05 00:05:07 実行中(3952)
2024/10/05 00:05:59 終了しました(3952)
2024/10/08 01:58:32 開始します(5136)
2024/10/08 01:58:32 非実行(5136)
2024/10/08 01:58:32 実行中(5136)
2024/10/08 01:59:25 終了しました(5136)
2024/10/09 01:28:23 開始します(4812)
2024/10/09 01:28:23 非実行(4812)
2024/10/09 01:28:23 実行中(4812)
2024/10/09 01:29:14 終了しました(4812)
2024/10/10 01:58:40 開始します(10640)
2024/10/10 01:58:40 非実行(10640)
2024/10/10 01:58:40 実行中(10640)
2024/10/10 01:59:32 終了しました(10640)
2024/10/11 01:07:58 開始します(11180)
2024/10/11 01:07:58 非実行(11180)
2024/10/11 01:07:58 実行中(11180)
2024/10/11 01:08:50 終了しました(11180)
2024/10/13 01:36:33 開始します(7732)
2024/10/13 01:36:33 非実行(7732)
2024/10/13 01:36:33 実行中(7732)
2024/10/13 01:37:25 終了しました(7732)
2024/10/16 00:11:21 開始します(1276)
2024/10/16 00:11:21 非実行(1276)
2024/10/16 00:11:21 実行中(1276)
2024/10/16 00:12:14 終了しました(1276)
2024/10/17 00:41:03 開始します(3956)
2024/10/17 00:41:03 非実行(3956)
2024/10/17 00:41:03 実行中(3956)
2024/10/17 00:41:55 終了しました(3956)
2024/10/18 05:07:14 開始します(3140)
2024/10/18 05:07:14 非実行(3140)
2024/10/18 05:07:14 実行中(3140)
2024/10/18 05:08:07 終了しました(3140)
2024/10/18 23:29:21 開始します(7188)
2024/10/18 23:29:21 非実行(7188)
2024/10/18 23:29:21 実行中(7188)
2024/10/18 23:30:13 終了しました(7188)
2024/10/21 23:22:27 開始します(8232)
2024/10/21 23:22:27 非実行(8232)
2024/10/21 23:22:27 実行中(8232)
2024/10/21 23:23:19 終了しました(8232)
2024/10/22 23:39:19 開始します(3204)
2024/10/22 23:39:19 非実行(3204)
2024/10/22 23:39:19 実行中(3204)
2024/10/22 23:40:12 終了しました(3204)
2024/10/23 23:18:52 開始します(8348)
2024/10/23 23:18:52 非実行(8348)
2024/10/23 23:18:52 実行中(8348)
2024/10/23 23:19:45 終了しました(8348)
2024/10/25 02:41:18 開始します(6760)
2024/10/25 02:41:18 非実行(6760)
2024/10/25 02:41:18 実行中(6760)
2024/10/25 02:42:11 終了しました(6760)
2024/10/27 07:47:20 開始します(3568)
2024/10/27 07:47:20 非実行(3568)
2024/10/27 07:47:20 実行中(3568)
2024/10/27 07:48:12 終了しました(3568)
2024/10/28 23:18:21 開始します(1500)
2024/10/28 23:18:21 非実行(1500)
2024/10/28 23:18:21 実行中(1500)
2024/10/28 23:19:14 終了しました(1500)
2024/10/29 23:23:40 開始します(7608)
2024/10/29 23:23:40 非実行(7608)
2024/10/29 23:23:40 実行中(7608)
2024/10/29 23:24:32 終了しました(7608)
2024/10/30 20:56:55 開始します(3412)
2024/10/30 20:56:55 非実行(3412)
2024/10/30 20:56:55 実行中(3412)
2024/10/30 20:57:49 終了しました(3412)
2024/10/31 21:44:23 開始します(2372)
2024/10/31 21:44:23 非実行(2372)
2024/10/31 21:44:23 実行中(2372)
2024/10/31 21:45:16 終了しました(2372)
2024/11/03 14:55:49 開始します(2012)
2024/11/03 14:55:49 非実行(2012)
2024/11/03 14:55:49 実行中(2012)
2024/11/03 14:56:42 終了しました(2012)
2024/11/05 21:55:02 開始します(6104)
2024/11/05 21:55:02 非実行(6104)
2024/11/05 21:55:02 実行中(6104)
2024/11/05 21:55:55 終了しました(6104)
2024/11/06 14:01:51 開始します(7620)
2024/11/06 14:01:51 非実行(7620)
2024/11/06 14:01:51 実行中(7620)
2024/11/06 14:02:45 終了しました(7620)
2024/11/07 00:39:34 開始します(280)
2024/11/07 00:39:34 非実行(280)
2024/11/07 00:39:34 実行中(280)
2024/11/07 00:40:26 終了しました(280)
2024/11/08 02:18:56 開始します(5164)
2024/11/08 02:18:56 非実行(5164)
2024/11/08 02:18:56 実行中(5164)
2024/11/08 02:19:49 終了しました(5164)
2024/11/09 03:30:43 開始します(456)
2024/11/09 03:30:43 非実行(456)
2024/11/09 03:30:43 実行中(456)
2024/11/09 03:31:36 終了しました(456)
2024/11/12 01:53:44 開始します(3424)
2024/11/12 01:53:44 非実行(3424)
2024/11/12 01:53:44 実行中(3424)
2024/11/12 01:54:37 終了しました(3424)
2024/11/13 02:51:27 開始します(8084)
2024/11/13 02:51:27 非実行(8084)
2024/11/13 02:51:27 実行中(8084)
2024/11/13 02:52:20 終了しました(8084)
2024/11/14 03:39:16 開始します(4040)
2024/11/14 03:39:16 非実行(4040)
2024/11/14 03:39:16 実行中(4040)
2024/11/14 03:40:10 終了しました(4040)
2024/11/15 03:30:56 開始します(9104)
2024/11/15 03:30:56 非実行(9104)
2024/11/15 03:30:56 実行中(9104)
2024/11/15 03:31:49 終了しました(9104)
2024/11/17 01:45:47 開始します(8276)
2024/11/17 01:45:47 非実行(8276)
2024/11/17 01:45:47 実行中(8276)
2024/11/17 01:46:40 終了しました(8276)
2024/11/19 03:53:06 開始します(6116)
2024/11/19 03:53:06 非実行(6116)
2024/11/19 03:53:06 実行中(6116)
2024/11/19 03:53:59 終了しました(6116)
2024/11/20 03:36:13 開始します(1724)
2024/11/20 03:36:13 非実行(1724)
2024/11/20 03:36:13 実行中(1724)
2024/11/20 03:37:05 終了しました(1724)
2024/11/20 18:22:22 開始します(688)
2024/11/20 18:22:22 非実行(688)
2024/11/20 18:22:22 実行中(688)
2024/11/20 18:23:13 終了しました(688)
2024/11/22 03:43:19 開始します(8260)
2024/11/22 03:43:19 非実行(8260)
2024/11/22 03:43:19 実行中(8260)
2024/11/22 03:44:12 終了しました(8260)
2024/11/25 03:15:38 開始します(4336)
2024/11/25 03:15:38 非実行(4336)
2024/11/25 03:15:38 実行中(4336)
2024/11/25 03:16:31 終了しました(4336)
2024/12/04 03:16:20 開始します(6608)
2024/12/04 03:16:20 非実行(6608)
2024/12/04 03:16:20 実行中(6608)
2024/12/04 03:17:11 終了しました(6608)
2024/12/04 10:47:56 開始します(1060)
2024/12/04 10:47:56 非実行(1060)
2024/12/04 10:47:56 実行中(1060)
2024/12/04 10:47:58 終了しました(1060)
2024/12/04 11:54:48 開始します(5472)
2024/12/04 11:54:48 非実行(5472)
2024/12/04 11:54:48 実行中(5472)
2024/12/04 11:54:50 終了しました(5472)
2024/12/05 00:09:05 開始します(9148)
2024/12/05 00:09:05 非実行(9148)
2024/12/05 00:09:05 実行中(9148)
2024/12/05 00:09:56 終了しました(9148)
2024/12/05 22:43:30 開始します(9588)
2024/12/05 22:43:30 非実行(9588)
2024/12/05 22:43:30 実行中(9588)
2024/12/05 22:44:23 終了しました(9588)
2024/12/07 00:55:11 開始します(8092)
2024/12/07 00:55:11 非実行(8092)
2024/12/07 00:55:11 実行中(8092)
2024/12/07 00:56:02 終了しました(8092)
2024/12/11 01:00:08 開始します(5856)
2024/12/11 01:00:08 非実行(5856)
2024/12/11 01:00:08 実行中(5856)
2024/12/11 01:01:00 終了しました(5856)
2024/12/12 02:34:23 開始します(4252)
2024/12/12 02:34:23 非実行(4252)
2024/12/12 02:34:23 実行中(4252)
2024/12/12 02:35:16 終了しました(4252)
2024/12/12 23:36:52 開始します(8028)
2024/12/12 23:36:52 非実行(8028)
2024/12/12 23:36:52 実行中(8028)
2024/12/12 23:37:45 終了しました(8028)
2024/12/15 23:49:30 開始します(3888)
2024/12/15 23:49:30 非実行(3888)
2024/12/15 23:49:30 実行中(3888)
2024/12/15 23:50:23 終了しました(3888)
2024/12/17 02:35:08 開始します(3892)
2024/12/17 02:35:08 非実行(3892)
2024/12/17 02:35:08 実行中(3892)
2024/12/17 02:36:01 終了しました(3892)
2024/12/18 00:47:11 開始します(5432)
2024/12/18 00:47:11 非実行(5432)
2024/12/18 00:47:11 実行中(5432)
2024/12/18 00:48:04 終了しました(5432)
2024/12/18 23:59:32 開始します(5232)
2024/12/18 23:59:32 非実行(5232)
2024/12/18 23:59:32 実行中(5232)
2024/12/19 00:00:25 終了しました(5232)
2024/12/20 01:15:29 開始します(1252)
2024/12/20 01:15:29 非実行(1252)
2024/12/20 01:15:29 実行中(1252)
2024/12/20 01:16:21 終了しました(1252)
2024/12/21 01:13:15 開始します(7076)
2024/12/21 01:13:15 非実行(7076)
2024/12/21 01:13:15 実行中(7076)
2024/12/21 01:14:09 終了しました(7076)
2024/12/22 03:48:05 開始します(7248)
2024/12/22 03:48:05 非実行(7248)
2024/12/22 03:48:05 実行中(7248)
2024/12/22 03:49:05 終了しました(7248)
2024/12/24 00:03:27 開始します(5632)
2024/12/24 00:03:27 非実行(5632)
2024/12/24 00:03:27 実行中(5632)
2024/12/24 00:04:21 終了しました(5632)
2024/12/26 20:04:00 開始します(4344)
2024/12/26 20:04:00 非実行(4344)
2024/12/26 20:04:00 実行中(4344)
2024/12/26 20:04:55 終了しました(4344)
2025/02/05 01:09:23 開始します(7804)
2025/02/05 01:09:23 非実行(7804)
2025/02/05 01:09:23 実行中(7804)
2025/02/05 01:10:16 終了しました(7804)
2025/02/06 01:07:37 開始します(6800)
2025/02/06 01:07:37 非実行(6800)
2025/02/06 01:07:37 実行中(6800)
2025/02/06 01:08:31 終了しました(6800)
2025/02/07 20:21:09 開始します(7164)
2025/02/07 20:21:09 非実行(7164)
2025/02/07 20:21:09 実行中(7164)
2025/02/07 20:22:02 終了しました(7164)
2025/02/10 21:02:43 開始します(348)
2025/02/10 21:02:43 非実行(348)
2025/02/10 21:02:43 実行中(348)
2025/02/10 21:03:37 終了しました(348)
2025/02/12 23:50:33 開始します(5992)
2025/02/12 23:50:33 非実行(5992)
2025/02/12 23:50:33 実行中(5992)
2025/02/12 23:51:26 終了しました(5992)
2025/02/13 19:02:58 開始します(6452)
2025/02/13 19:02:58 非実行(6452)
2025/02/13 19:02:58 実行中(6452)
2025/02/13 19:03:51 終了しました(6452)
2025/02/14 12:32:01 開始します(4452)
2025/02/14 12:32:01 非実行(4452)
2025/02/14 12:32:01 実行中(4452)
2025/02/14 12:32:54 終了しました(4452)
2025/02/15 11:55:25 開始します(4844)
2025/02/15 11:55:25 非実行(4844)
2025/02/15 11:55:25 実行中(4844)
2025/02/15 11:56:18 終了しました(4844)
2025/02/18 00:50:23 開始します(10456)
2025/02/18 00:50:23 非実行(10456)
2025/02/18 00:50:23 実行中(10456)
2025/02/18 00:51:16 終了しました(10456)
2025/02/18 22:50:19 開始します(6036)
2025/02/18 22:50:19 非実行(6036)
2025/02/18 22:50:19 実行中(6036)
2025/02/18 22:51:12 終了しました(6036)
2025/02/19 19:49:52 開始します(8008)
2025/02/19 19:49:52 非実行(8008)
2025/02/19 19:49:52 実行中(8008)
2025/02/19 19:50:45 終了しました(8008)
2025/02/21 02:45:20 開始します(5732)
2025/02/21 02:45:20 非実行(5732)
2025/02/21 02:45:20 実行中(5732)
2025/02/21 02:46:14 終了しました(5732)
2025/02/22 00:01:30 開始します(3876)
2025/02/22 00:01:30 非実行(3876)
2025/02/22 00:01:30 実行中(3876)
2025/02/22 00:02:22 終了しました(3876)
2025/02/23 01:29:18 開始します(6176)
2025/02/23 01:29:18 非実行(6176)
2025/02/23 01:29:18 実行中(6176)
2025/02/23 01:30:11 終了しました(6176)
2025/02/26 23:50:54 開始します(5420)
2025/02/26 23:50:54 非実行(5420)
2025/02/26 23:50:54 実行中(5420)
2025/02/26 23:51:47 終了しました(5420)
2025/02/27 20:28:36 開始します(6420)
2025/02/27 20:28:36 非実行(6420)
2025/02/27 20:28:36 実行中(6420)
2025/02/27 20:29:29 終了しました(6420)
2025/02/28 20:12:53 開始します(2472)
2025/02/28 20:12:53 非実行(2472)
2025/02/28 20:12:53 実行中(2472)
2025/02/28 20:13:47 終了しました(2472)
2025/03/07 19:06:30 開始します(6444)
2025/03/07 19:06:30 非実行(6444)
2025/03/07 19:06:30 実行中(6444)
2025/03/07 19:07:01 終了しました(6444)
2025/03/08 19:03:40 開始します(10164)
2025/03/08 19:03:40 非実行(10164)
2025/03/08 19:03:40 実行中(10164)
2025/03/08 19:03:55 終了しました(10164)
2025/03/09 19:03:31 開始します(5384)
2025/03/09 19:03:31 非実行(5384)
2025/03/09 19:03:31 実行中(5384)
2025/03/09 19:03:46 終了しました(5384)
2025/03/10 19:01:02 開始します(7188)
2025/03/10 19:01:02 非実行(7188)
2025/03/10 19:01:02 実行中(7188)
2025/03/10 19:01:17 終了しました(7188)
2025/03/11 19:01:05 開始します(9576)
2025/03/11 19:01:05 非実行(9576)
2025/03/11 19:01:05 実行中(9576)
2025/03/11 19:01:21 終了しました(9576)
2025/03/12 19:01:18 開始します(5372)
2025/03/12 19:01:18 非実行(5372)
2025/03/12 19:01:18 実行中(5372)
2025/03/12 19:01:50 終了しました(5372)
2025/03/13 19:01:22 開始します(5920)
2025/03/13 19:01:22 非実行(5920)
2025/03/13 19:01:22 実行中(5920)
2025/03/13 19:01:56 終了しました(5920)
2025/03/14 19:01:34 開始します(6760)
2025/03/14 19:01:34 非実行(6760)
2025/03/14 19:01:34 実行中(6760)
2025/03/14 19:02:29 終了しました(6760)
2025/03/15 19:01:26 開始します(972)
2025/03/15 19:01:26 非実行(972)
2025/03/15 19:01:26 実行中(972)
2025/03/15 19:02:22 終了しました(972)
2025/03/16 19:01:20 開始します(3524)
2025/03/16 19:01:20 非実行(3524)
2025/03/16 19:01:20 実行中(3524)
2025/03/16 19:02:14 終了しました(3524)
2025/03/17 19:01:23 開始します(8240)
2025/03/17 19:01:23 非実行(8240)
2025/03/17 19:01:23 実行中(8240)
2025/03/17 19:02:17 終了しました(8240)
2025/03/18 19:01:15 開始します(9524)
2025/03/18 19:01:15 非実行(9524)
2025/03/18 19:01:15 実行中(9524)
2025/03/18 19:02:09 終了しました(9524)
2025/03/19 19:01:23 開始します(9944)
2025/03/19 19:01:23 非実行(9944)
2025/03/19 19:01:23 実行中(9944)
2025/03/19 19:02:20 終了しました(9944)
2025/03/20 19:01:20 開始します(12196)
2025/03/20 19:01:20 非実行(12196)
2025/03/20 19:01:20 実行中(12196)
2025/03/20 19:02:14 終了しました(12196)
2025/03/21 19:01:28 開始します(7728)
2025/03/21 19:01:28 非実行(7728)
2025/03/21 19:01:28 実行中(7728)
2025/03/21 19:02:24 終了しました(7728)
2025/03/22 19:01:30 開始します(7156)
2025/03/22 19:01:30 非実行(7156)
2025/03/22 19:01:30 実行中(7156)
2025/03/22 19:02:29 終了しました(7156)
2025/03/23 19:01:27 開始します(5000)
2025/03/23 19:01:27 非実行(5000)
2025/03/23 19:01:27 実行中(5000)
2025/03/23 19:02:23 終了しました(5000)
2025/03/24 19:01:25 開始します(1136)
2025/03/24 19:01:25 非実行(1136)
2025/03/24 19:01:25 実行中(1136)
2025/03/24 19:02:26 終了しました(1136)
2025/03/25 19:01:01 開始します(5016)
2025/03/25 19:01:01 非実行(5016)
2025/03/25 19:01:01 実行中(5016)
2025/03/25 19:02:01 終了しました(5016)
2025/03/26 19:01:28 開始します(960)
2025/03/26 19:01:28 非実行(960)
2025/03/26 19:01:28 実行中(960)
2025/03/26 19:02:27 終了しました(960)
2025/03/27 19:01:19 開始します(10480)
2025/03/27 19:01:19 非実行(10480)
2025/03/27 19:01:19 実行中(10480)
2025/03/27 19:02:15 終了しました(10480)
2025/03/28 19:07:02 開始します(11452)
2025/03/28 19:07:02 非実行(11452)
2025/03/28 19:07:02 実行中(11452)
2025/03/28 19:07:57 終了しました(11452)
2025/03/29 19:07:49 開始します(11472)
2025/03/29 19:07:49 非実行(11472)
2025/03/29 19:07:49 実行中(11472)
2025/03/29 19:08:43 終了しました(11472)
2025/03/30 19:05:03 開始します(3696)
2025/03/30 19:05:03 非実行(3696)
2025/03/30 19:05:03 実行中(3696)
2025/03/30 19:05:57 終了しました(3696)
2025/03/31 19:03:01 開始します(11204)
2025/03/31 19:03:01 非実行(11204)
2025/03/31 19:03:01 実行中(11204)
2025/03/31 19:03:54 終了しました(11204)
2025/04/01 19:00:11 開始します(5848)
2025/04/01 19:00:11 非実行(5848)
2025/04/01 19:00:11 実行中(5848)
2025/04/01 19:01:05 終了しました(5848)
2025/04/02 19:02:04 開始します(10512)
2025/04/02 19:02:04 非実行(10512)
2025/04/02 19:02:04 実行中(10512)
2025/04/02 19:02:57 終了しました(10512)
2025/04/03 18:59:19 開始します(9232)
2025/04/03 18:59:19 非実行(9232)
2025/04/03 18:59:19 実行中(9232)
2025/04/03 19:00:13 終了しました(9232)
2025/04/04 19:01:33 開始します(6552)
2025/04/04 19:01:33 非実行(6552)
2025/04/04 19:01:33 実行中(6552)
2025/04/04 19:02:28 終了しました(6552)
2025/04/05 19:00:36 開始します(12016)
2025/04/05 19:00:36 非実行(12016)
2025/04/05 19:00:36 実行中(12016)
2025/04/05 19:01:30 終了しました(12016)
2025/04/06 18:58:54 開始します(10784)
2025/04/06 18:58:54 非実行(10784)
2025/04/06 18:58:54 実行中(10784)
2025/04/06 18:59:48 終了しました(10784)
2025/04/07 18:58:42 開始します(5452)
2025/04/07 18:58:42 非実行(5452)
2025/04/07 18:58:42 実行中(5452)
2025/04/07 18:59:36 終了しました(5452)
2025/04/08 19:01:23 開始します(10976)
2025/04/08 19:01:23 非実行(10976)
2025/04/08 19:01:23 実行中(10976)
2025/04/08 19:02:17 終了しました(10976)
2025/04/09 19:07:00 開始します(2040)
2025/04/09 19:07:00 非実行(2040)
2025/04/09 19:07:00 実行中(2040)
2025/04/09 19:07:54 終了しました(2040)
2025/04/10 19:11:00 開始します(6404)
2025/04/10 19:11:00 非実行(6404)
2025/04/10 19:11:00 実行中(6404)
2025/04/10 19:11:54 終了しました(6404)
2025/04/11 19:11:29 開始します(10584)
2025/04/11 19:11:29 非実行(10584)
2025/04/11 19:11:29 実行中(10584)
2025/04/11 19:12:23 終了しました(10584)
2025/04/13 19:09:54 開始します(6072)
2025/04/13 19:09:54 非実行(6072)
2025/04/13 19:09:54 実行中(6072)
2025/04/13 19:10:48 終了しました(6072)
2025/04/14 19:11:42 開始します(5308)
2025/04/14 19:11:42 非実行(5308)
2025/04/14 19:11:42 実行中(5308)
2025/04/14 19:12:35 終了しました(5308)
2025/04/15 19:22:15 開始します(9232)
2025/04/15 19:22:15 非実行(9232)
2025/04/15 19:22:15 実行中(9232)
2025/04/15 19:23:08 終了しました(9232)
2025/04/16 19:29:53 開始します(1936)
2025/04/16 19:29:53 非実行(1936)
2025/04/16 19:29:53 実行中(1936)
2025/04/16 19:30:54 終了しました(1936)
2025/04/17 19:25:19 開始します(1664)
2025/04/17 19:25:19 非実行(1664)
2025/04/17 19:25:19 実行中(1664)
2025/04/17 19:26:12 終了しました(1664)
2025/04/18 19:24:32 開始します(10184)
2025/04/18 19:24:32 非実行(10184)
2025/04/18 19:24:32 実行中(10184)
2025/04/18 19:25:26 終了しました(10184)
2025/04/19 19:22:33 開始します(5588)
2025/04/19 19:22:33 非実行(5588)
2025/04/19 19:22:33 実行中(5588)
2025/04/19 19:23:27 終了しました(5588)
2025/04/20 19:21:42 開始します(3976)
2025/04/20 19:21:42 非実行(3976)
2025/04/20 19:21:42 実行中(3976)
2025/04/20 19:22:36 終了しました(3976)
2025/04/21 19:22:43 開始します(6576)
2025/04/21 19:22:43 非実行(6576)
2025/04/21 19:22:43 実行中(6576)
2025/04/21 19:23:38 終了しました(6576)
2025/04/22 19:18:47 開始します(7240)
2025/04/22 19:18:47 非実行(7240)
2025/04/22 19:18:47 実行中(7240)
2025/04/22 19:19:43 終了しました(7240)
2025/04/23 19:23:39 開始します(1416)
2025/04/23 19:23:39 非実行(1416)
2025/04/23 19:23:39 実行中(1416)
2025/04/23 19:24:33 終了しました(1416)
2025/04/24 19:17:30 開始します(5732)
2025/04/24 19:17:30 非実行(5732)
2025/04/24 19:17:30 実行中(5732)
2025/04/24 19:18:24 終了しました(5732)
2025/04/25 19:15:59 開始します(2244)
2025/04/25 19:15:59 非実行(2244)
2025/04/25 19:15:59 実行中(2244)
2025/04/25 19:16:53 終了しました(2244)
2025/04/26 19:18:00 開始します(5312)
2025/04/26 19:18:00 非実行(5312)
2025/04/26 19:18:00 実行中(5312)
2025/04/26 19:18:54 終了しました(5312)
2025/04/27 19:13:21 開始します(3264)
2025/04/27 19:13:21 非実行(3264)
2025/04/27 19:13:21 実行中(3264)
2025/04/27 19:14:14 終了しました(3264)
2025/04/28 19:10:15 開始します(2344)
2025/04/28 19:10:15 非実行(2344)
2025/04/28 19:10:15 実行中(2344)
2025/04/28 19:11:09 終了しました(2344)
2025/04/29 19:07:30 開始します(5448)
2025/04/29 19:07:30 非実行(5448)
2025/04/29 19:07:30 実行中(5448)
2025/04/29 19:08:24 終了しました(5448)
2025/04/30 19:05:44 開始します(6936)
2025/04/30 19:05:44 非実行(6936)
2025/04/30 19:05:44 実行中(6936)
2025/04/30 19:06:39 終了しました(6936)
2025/05/01 19:01:31 開始します(6168)
2025/05/01 19:01:31 非実行(6168)
2025/05/01 19:01:31 実行中(6168)
2025/05/01 19:02:25 終了しました(6168)
2025/05/02 19:01:26 開始します(8072)
2025/05/02 19:01:26 非実行(8072)
2025/05/02 19:01:26 実行中(8072)
2025/05/02 19:02:19 終了しました(8072)
2025/05/03 19:01:22 開始します(2680)
2025/05/03 19:01:22 非実行(2680)
2025/05/03 19:01:22 実行中(2680)
2025/05/03 19:02:15 終了しました(2680)
2025/05/04 19:01:33 開始します(3940)
2025/05/04 19:01:33 非実行(3940)
2025/05/04 19:01:33 実行中(3940)
2025/05/04 19:02:27 終了しました(3940)
2025/05/05 19:01:16 開始します(3920)
2025/05/05 19:01:16 非実行(3920)
2025/05/05 19:01:16 実行中(3920)
2025/05/05 19:02:10 終了しました(3920)
2025/05/06 19:01:14 開始します(4680)
2025/05/06 19:01:14 非実行(4680)
2025/05/06 19:01:14 実行中(4680)
2025/05/06 19:02:08 終了しました(4680)
2025/05/07 19:01:29 開始します(4720)
2025/05/07 19:01:29 非実行(4720)
2025/05/07 19:01:29 実行中(4720)
2025/05/07 19:02:23 終了しました(4720)
2025/05/08 19:01:24 開始します(3252)
2025/05/08 19:01:24 非実行(3252)
2025/05/08 19:01:24 実行中(3252)
2025/05/08 19:02:18 終了しました(3252)
2025/05/09 19:01:37 開始します(3688)
2025/05/09 19:01:37 非実行(3688)
2025/05/09 19:01:37 実行中(3688)
2025/05/09 19:02:33 終了しました(3688)
2025/05/10 19:15:53 開始します(1548)
2025/05/10 19:15:53 非実行(1548)
2025/05/10 19:15:53 実行中(1548)
2025/05/10 19:16:45 終了しました(1548)
2025/05/11 19:13:10 開始します(6772)
2025/05/11 19:13:10 非実行(6772)
2025/05/11 19:13:10 実行中(6772)
2025/05/11 19:14:01 終了しました(6772)
2025/05/12 19:11:53 開始します(6324)
2025/05/12 19:11:53 非実行(6324)
2025/05/12 19:11:53 実行中(6324)
2025/05/12 19:12:44 終了しました(6324)
2025/05/13 19:10:20 開始します(2280)
2025/05/13 19:10:20 非実行(2280)
2025/05/13 19:10:20 実行中(2280)
2025/05/13 19:11:12 終了しました(2280)
2025/05/14 19:08:26 開始します(5464)
2025/05/14 19:08:26 非実行(5464)
2025/05/14 19:08:26 実行中(5464)
2025/05/14 19:09:17 終了しました(5464)
2025/05/15 20:31:24 開始します(5360)
2025/05/15 20:31:24 非実行(5360)
2025/05/15 20:31:24 実行中(5360)
2025/05/15 20:32:16 終了しました(5360)
2025/05/16 13:32:41 開始します(6960)
2025/05/16 13:32:41 非実行(6960)
2025/05/16 13:32:41 実行中(6960)
2025/05/16 13:33:34 終了しました(6960)
2025/05/16 17:27:10 開始します(6596)
2025/05/16 17:27:10 非実行(6596)
2025/05/16 17:27:10 実行中(6596)
2025/05/16 17:28:02 終了しました(6596)
2025/05/16 19:24:05 開始します(4456)
2025/05/16 19:24:05 非実行(4456)
2025/05/16 19:24:05 実行中(4456)
2025/05/16 19:24:57 終了しました(4456)
2025/05/17 19:12:19 開始します(1052)
2025/05/17 19:12:19 非実行(1052)
2025/05/17 19:12:19 実行中(1052)
2025/05/17 19:13:07 終了しました(1052)
2025/05/18 19:10:31 開始します(7156)
2025/05/18 19:10:31 非実行(7156)
2025/05/18 19:10:31 実行中(7156)
2025/05/18 19:11:20 終了しました(7156)
2025/05/19 13:50:56 開始します(5688)
2025/05/19 13:50:56 非実行(5688)
2025/05/19 13:50:56 実行中(5688)
2025/05/19 13:51:49 終了しました(5688)
2025/05/19 19:23:53 開始します(8772)
2025/05/19 19:23:53 非実行(8772)
2025/05/19 19:23:53 実行中(8772)
2025/05/19 19:24:44 終了しました(8772)
2025/05/20 19:13:16 開始します(7896)
2025/05/20 19:13:16 非実行(7896)
2025/05/20 19:13:16 実行中(7896)
2025/05/20 19:14:06 終了しました(7896)
2025/05/21 19:19:18 開始します(440)
2025/05/21 19:19:18 非実行(440)
2025/05/21 19:19:18 実行中(440)
2025/05/21 19:20:08 終了しました(440)
2025/05/23 19:16:28 開始します(8740)
2025/05/23 19:16:28 非実行(8740)
2025/05/23 19:16:28 実行中(8740)
2025/05/23 19:18:09 終了しました(8740)
2025/05/24 19:13:38 開始します(5104)
2025/05/24 19:13:38 非実行(5104)
2025/05/24 19:13:38 実行中(5104)
2025/05/24 19:15:18 終了しました(5104)
2025/05/25 19:11:13 開始します(1244)
2025/05/25 19:11:13 非実行(1244)
2025/05/25 19:11:13 実行中(1244)
2025/05/25 19:12:53 終了しました(1244)
2025/05/26 19:11:08 開始します(7436)
2025/05/26 19:11:08 非実行(7436)
2025/05/26 19:11:08 実行中(7436)
2025/05/26 19:12:49 終了しました(7436)
2025/05/27 19:11:26 開始します(6784)
2025/05/27 19:11:26 非実行(6784)
2025/05/27 19:11:26 実行中(6784)
2025/05/27 19:13:07 終了しました(6784)
2025/05/28 19:14:17 開始します(5816)
2025/05/28 19:14:17 非実行(5816)
2025/05/28 19:14:17 実行中(5816)
2025/05/28 19:15:58 終了しました(5816)
2025/05/29 19:11:25 開始します(6340)
2025/05/29 19:11:25 非実行(6340)
2025/05/29 19:11:25 実行中(6340)
2025/05/29 19:13:05 終了しました(6340)
2025/05/30 19:11:57 開始します(5928)
2025/05/30 19:11:57 非実行(5928)
2025/05/30 19:11:57 実行中(5928)
2025/05/30 19:13:38 終了しました(5928)
2025/05/31 19:08:52 開始します(3740)
2025/05/31 19:08:52 非実行(3740)
2025/05/31 19:08:52 実行中(3740)
2025/05/31 19:10:33 終了しました(3740)
2025/06/01 19:06:06 開始します(5472)
2025/06/01 19:06:06 非実行(5472)
2025/06/01 19:06:06 実行中(5472)
2025/06/01 19:07:47 終了しました(5472)
2025/06/02 19:07:04 開始します(5372)
2025/06/02 19:07:04 非実行(5372)
2025/06/02 19:07:04 実行中(5372)
2025/06/02 19:08:44 終了しました(5372)
2025/06/03 19:17:06 開始します(6924)
2025/06/03 19:17:06 非実行(6924)
2025/06/03 19:17:06 実行中(6924)
2025/06/03 19:18:46 終了しました(6924)
2025/06/04 19:19:26 開始します(4900)
2025/06/04 19:19:26 非実行(4900)
2025/06/04 19:19:26 実行中(4900)
2025/06/04 19:21:08 終了しました(4900)
2025/06/05 19:16:43 開始します(5344)
2025/06/05 19:16:43 非実行(5344)
2025/06/05 19:16:43 実行中(5344)
2025/06/05 19:18:21 終了しました(5344)
2025/06/06 19:15:35 開始します(2056)
2025/06/06 19:15:35 非実行(2056)
2025/06/06 19:15:35 実行中(2056)
2025/06/06 19:17:13 終了しました(2056)
2025/06/07 19:13:47 開始します(5684)
2025/06/07 19:13:47 非実行(5684)
2025/06/07 19:13:47 実行中(5684)
2025/06/07 19:15:24 終了しました(5684)
2025/06/08 19:13:11 開始します(6108)
2025/06/08 19:13:11 非実行(6108)
2025/06/08 19:13:11 実行中(6108)
2025/06/08 19:14:47 終了しました(6108)
2025/06/09 19:13:28 開始します(4356)
2025/06/09 19:13:28 非実行(4356)
2025/06/09 19:13:28 実行中(4356)
2025/06/09 19:15:05 終了しました(4356)
2025/06/10 19:15:57 開始します(5580)
2025/06/10 19:15:57 非実行(5580)
2025/06/10 19:15:57 実行中(5580)
2025/06/10 19:17:35 終了しました(5580)
2025/06/11 19:27:22 開始します(4944)
2025/06/11 19:27:22 非実行(4944)
2025/06/11 19:27:22 実行中(4944)
2025/06/11 19:28:59 終了しました(4944)
2025/06/12 19:26:14 開始します(596)
2025/06/12 19:26:14 非実行(596)
2025/06/12 19:26:14 実行中(596)
2025/06/12 19:27:49 終了しました(596)
2025/06/13 19:31:59 開始します(5968)
2025/06/13 19:31:59 非実行(5968)
2025/06/13 19:31:59 実行中(5968)
2025/06/13 19:33:34 終了しました(5968)
2025/06/14 19:25:03 開始します(5964)
2025/06/14 19:25:03 非実行(5964)
2025/06/14 19:25:03 実行中(5964)
2025/06/14 19:26:38 終了しました(5964)
2025/06/15 19:21:39 開始します(5472)
2025/06/15 19:21:39 非実行(5472)
2025/06/15 19:21:39 実行中(5472)
2025/06/15 19:23:13 終了しました(5472)
2025/06/16 19:23:59 開始します(3816)
2025/06/16 19:23:59 非実行(3816)
2025/06/16 19:23:59 実行中(3816)
2025/06/16 19:25:34 終了しました(3816)
2025/06/17 19:25:49 開始します(3852)
2025/06/17 19:25:49 非実行(3852)
2025/06/17 19:25:49 実行中(3852)
2025/06/17 19:27:25 終了しました(3852)
2025/06/18 19:31:46 開始します(6964)
2025/06/18 19:31:46 非実行(6964)
2025/06/18 19:31:46 実行中(6964)
2025/06/18 19:33:20 終了しました(6964)
2025/06/19 19:27:55 開始します(1068)
2025/06/19 19:27:55 非実行(1068)
2025/06/19 19:27:55 実行中(1068)
2025/06/19 19:29:30 終了しました(1068)
2025/06/20 19:27:14 開始します(2308)
2025/06/20 19:27:14 非実行(2308)
2025/06/20 19:27:14 実行中(2308)
2025/06/20 19:28:49 終了しました(2308)
2025/06/21 19:24:39 開始します(4248)
2025/06/21 19:24:39 非実行(4248)
2025/06/21 19:24:39 実行中(4248)
2025/06/21 19:26:14 終了しました(4248)
2025/06/22 19:22:02 開始します(5004)
2025/06/22 19:22:02 非実行(5004)
2025/06/22 19:22:02 実行中(5004)
2025/06/22 19:23:35 終了しました(5004)
2025/06/23 19:23:49 開始します(1984)
2025/06/23 19:23:49 非実行(1984)
2025/06/23 19:23:49 実行中(1984)
2025/06/23 19:25:24 終了しました(1984)
2025/06/24 19:24:59 開始します(3568)
2025/06/24 19:24:59 非実行(3568)
2025/06/24 19:24:59 実行中(3568)
2025/06/24 19:26:33 終了しました(3568)
2025/06/25 19:25:49 開始します(6040)
2025/06/25 19:25:49 非実行(6040)
2025/06/25 19:25:49 実行中(6040)
2025/06/25 19:27:25 終了しました(6040)
2025/06/26 19:20:13 開始します(5640)
2025/06/26 19:20:13 非実行(5640)
2025/06/26 19:20:13 実行中(5640)
2025/06/26 19:21:48 終了しました(5640)
2025/06/27 19:18:25 開始します(5904)
2025/06/27 19:18:25 非実行(5904)
2025/06/27 19:18:25 実行中(5904)
2025/06/27 19:20:00 終了しました(5904)
2025/06/28 19:16:29 開始します(4472)
2025/06/28 19:16:29 非実行(4472)
2025/06/28 19:16:29 実行中(4472)
2025/06/28 19:18:05 終了しました(4472)
2025/06/29 19:12:51 開始します(1096)
2025/06/29 19:12:51 非実行(1096)
2025/06/29 19:12:51 実行中(1096)
2025/06/29 19:14:26 終了しました(1096)
2025/06/30 19:12:25 開始します(4552)
2025/06/30 19:12:25 非実行(4552)
2025/06/30 19:12:25 実行中(4552)
2025/06/30 19:13:59 終了しました(4552)
2025/07/01 19:17:56 開始します(3832)
2025/07/01 19:17:56 非実行(3832)
2025/07/01 19:17:56 実行中(3832)
2025/07/01 19:19:32 終了しました(3832)
2025/07/02 19:18:23 開始します(1180)
2025/07/02 19:18:23 非実行(1180)
2025/07/02 19:18:23 実行中(1180)
2025/07/02 19:19:57 終了しました(1180)
2025/07/03 19:11:20 開始します(3244)
2025/07/03 19:11:20 非実行(3244)
2025/07/03 19:11:20 実行中(3244)
2025/07/03 19:12:55 終了しました(3244)
2025/07/04 19:11:59 開始します(1528)
2025/07/04 19:11:59 非実行(1528)
2025/07/04 19:11:59 実行中(1528)
2025/07/04 19:13:33 終了しました(1528)
2025/07/05 19:10:28 開始します(776)
2025/07/05 19:10:28 非実行(776)
2025/07/05 19:10:28 実行中(776)
2025/07/05 19:12:04 終了しました(776)
2025/07/06 19:08:54 開始します(1444)
2025/07/06 19:08:54 非実行(1444)
2025/07/06 19:08:54 実行中(1444)
2025/07/06 19:10:29 終了しました(1444)
2025/07/07 19:16:29 開始します(5356)
2025/07/07 19:16:29 非実行(5356)
2025/07/07 19:16:29 実行中(5356)
2025/07/07 19:18:03 終了しました(5356)
2025/07/08 19:23:33 開始します(3828)
2025/07/08 19:23:33 非実行(3828)
2025/07/08 19:23:33 実行中(3828)
2025/07/08 19:25:07 終了しました(3828)
2025/07/09 19:26:01 開始します(6300)
2025/07/09 19:26:01 非実行(6300)
2025/07/09 19:26:01 実行中(6300)
2025/07/09 19:27:36 終了しました(6300)
2025/07/10 19:19:04 開始します(1688)
2025/07/10 19:19:04 非実行(1688)
2025/07/10 19:19:04 実行中(1688)
2025/07/10 19:20:38 終了しました(1688)
2025/07/11 19:20:00 開始します(4216)
2025/07/11 19:20:00 非実行(4216)
2025/07/11 19:20:00 実行中(4216)
2025/07/11 19:21:35 終了しました(4216)
2025/07/12 19:18:53 開始します(920)
2025/07/12 19:18:53 非実行(920)
2025/07/12 19:18:53 実行中(920)
2025/07/12 19:20:27 終了しました(920)
2025/07/13 19:17:47 開始します(5524)
2025/07/13 19:17:47 非実行(5524)
2025/07/13 19:17:47 実行中(5524)
2025/07/13 19:19:22 終了しました(5524)
2025/07/14 19:23:14 開始します(1876)
2025/07/14 19:23:14 非実行(1876)
2025/07/14 19:23:14 実行中(1876)
2025/07/14 19:24:49 終了しました(1876)
2025/07/15 19:21:34 開始します(6220)
2025/07/15 19:21:34 非実行(6220)
2025/07/15 19:21:34 実行中(6220)
2025/07/15 19:23:09 終了しました(6220)
2025/07/16 19:26:05 開始します(6952)
2025/07/16 19:26:05 非実行(6952)
2025/07/16 19:26:05 実行中(6952)
2025/07/16 19:27:40 終了しました(6952)
2025/07/17 19:21:00 開始します(4296)
2025/07/17 19:21:00 非実行(4296)
2025/07/17 19:21:00 実行中(4296)
2025/07/17 19:22:34 終了しました(4296)
2025/07/18 19:20:16 開始します(5680)
2025/07/18 19:20:16 非実行(5680)
2025/07/18 19:20:16 実行中(5680)
2025/07/18 19:21:51 終了しました(5680)
2025/07/19 19:20:36 開始します(584)
2025/07/19 19:20:36 非実行(584)
2025/07/19 19:20:36 実行中(584)
2025/07/19 19:22:11 終了しました(584)
2025/07/20 19:19:04 開始します(2076)
2025/07/20 19:19:04 非実行(2076)
2025/07/20 19:19:04 実行中(2076)
2025/07/20 19:20:38 終了しました(2076)
2025/07/21 19:25:23 開始します(1152)
2025/07/21 19:25:23 非実行(1152)
2025/07/21 19:25:23 実行中(1152)
2025/07/21 19:26:58 終了しました(1152)
2025/07/22 19:26:33 開始します(6844)
2025/07/22 19:26:33 非実行(6844)
2025/07/22 19:26:33 実行中(6844)
2025/07/22 19:28:08 終了しました(6844)
2025/07/23 19:27:11 開始します(1632)
2025/07/23 19:27:11 非実行(1632)
2025/07/23 19:27:11 実行中(1632)
2025/07/23 19:28:46 終了しました(1632)
2025/07/24 19:19:51 開始します(2096)
2025/07/24 19:19:51 非実行(2096)
2025/07/24 19:19:51 実行中(2096)
2025/07/24 19:21:27 終了しました(2096)
2025/07/25 19:22:56 開始します(4672)
2025/07/25 19:22:56 非実行(4672)
2025/07/25 19:22:56 実行中(4672)
2025/07/25 19:24:31 終了しました(4672)
2025/07/26 19:19:56 開始します(5780)
2025/07/26 19:19:56 非実行(5780)
2025/07/26 19:19:56 実行中(5780)
2025/07/26 19:21:32 終了しました(5780)
2025/07/27 19:17:21 開始します(5544)
2025/07/27 19:17:21 非実行(5544)
2025/07/27 19:17:21 実行中(5544)
2025/07/27 19:18:56 終了しました(5544)
2025/07/28 19:21:56 開始します(32)
2025/07/28 19:21:56 非実行(32)
2025/07/28 19:21:56 実行中(32)
2025/07/28 19:23:31 終了しました(32)
2025/07/29 19:20:23 開始します(6680)
2025/07/29 19:20:23 非実行(6680)
2025/07/29 19:20:23 実行中(6680)
2025/07/29 19:22:00 終了しました(6680)
2025/07/30 19:21:23 開始します(1212)
2025/07/30 19:21:23 非実行(1212)
2025/07/30 19:21:23 実行中(1212)
2025/07/30 19:22:58 終了しました(1212)
2025/07/31 19:15:10 開始します(956)
2025/07/31 19:15:10 非実行(956)
2025/07/31 19:15:10 実行中(956)
2025/07/31 19:16:44 終了しました(956)
2025/08/01 19:14:54 開始します(4648)
2025/08/01 19:14:54 非実行(4648)
2025/08/01 19:14:54 実行中(4648)
2025/08/01 19:16:29 終了しました(4648)
2025/08/02 19:12:03 開始します(5788)
2025/08/02 19:12:03 非実行(5788)
2025/08/02 19:12:03 実行中(5788)
2025/08/02 19:13:39 終了しました(5788)
2025/08/03 19:10:07 開始します(2300)
2025/08/03 19:10:07 非実行(2300)
2025/08/03 19:10:07 実行中(2300)
2025/08/03 19:11:41 終了しました(2300)
2025/08/04 19:14:10 開始します(3340)
2025/08/04 19:14:10 非実行(3340)
2025/08/04 19:14:10 実行中(3340)
2025/08/04 19:15:44 終了しました(3340)
2025/08/05 19:18:42 開始します(4636)
2025/08/05 19:18:42 非実行(4636)
2025/08/05 19:18:42 実行中(4636)
2025/08/05 19:20:17 終了しました(4636)
2025/08/06 19:24:03 開始します(4252)
2025/08/06 19:24:03 非実行(4252)
2025/08/06 19:24:03 実行中(4252)
2025/08/06 19:25:38 終了しました(4252)
2025/08/07 19:16:13 開始します(5416)
2025/08/07 19:16:13 非実行(5416)
2025/08/07 19:16:13 実行中(5416)
2025/08/07 19:17:44 終了しました(5416)
2025/08/08 19:20:28 開始します(1664)
2025/08/08 19:20:28 非実行(1664)
2025/08/08 19:20:28 実行中(1664)
2025/08/08 19:22:03 終了しました(1664)
2025/08/09 19:18:12 開始します(2296)
2025/08/09 19:18:12 非実行(2296)
2025/08/09 19:18:12 実行中(2296)
2025/08/09 19:19:47 終了しました(2296)
2025/08/10 19:15:51 開始します(6688)
2025/08/10 19:15:51 非実行(6688)
2025/08/10 19:15:51 実行中(6688)
2025/08/10 19:17:26 終了しました(6688)
2025/08/11 19:16:54 開始します(5116)
2025/08/11 19:16:54 非実行(5116)
2025/08/11 19:16:54 実行中(5116)
2025/08/11 19:18:29 終了しました(5116)
2025/08/12 19:20:52 開始します(1316)
2025/08/12 19:20:52 非実行(1316)
2025/08/12 19:20:52 実行中(1316)
2025/08/12 19:22:29 終了しました(1316)
2025/08/13 19:24:36 開始します(256)
2025/08/13 19:24:36 非実行(256)
2025/08/13 19:24:36 実行中(256)
2025/08/13 19:26:13 終了しました(256)
2025/08/14 19:23:10 開始します(3948)
2025/08/14 19:23:10 非実行(3948)
2025/08/14 19:23:10 実行中(3948)
2025/08/14 19:24:47 終了しました(3948)
2025/08/15 19:21:24 開始します(4172)
2025/08/15 19:21:24 非実行(4172)
2025/08/15 19:21:24 実行中(4172)
2025/08/15 19:22:59 終了しました(4172)
2025/08/16 19:19:35 開始します(576)
2025/08/16 19:19:35 非実行(576)
2025/08/16 19:19:35 実行中(576)
2025/08/16 19:21:11 終了しました(576)
2025/08/17 19:17:17 開始します(4348)
2025/08/17 19:17:17 非実行(4348)
2025/08/17 19:17:17 実行中(4348)
2025/08/17 19:18:53 終了しました(4348)
2025/08/18 19:25:07 開始します(5740)
2025/08/18 19:25:07 非実行(5740)
2025/08/18 19:25:07 実行中(5740)
2025/08/18 19:26:43 終了しました(5740)
2025/08/19 19:23:29 開始します(2504)
2025/08/19 19:23:29 非実行(2504)
2025/08/19 19:23:29 実行中(2504)
2025/08/19 19:25:04 終了しました(2504)
2025/08/20 19:28:35 開始します(6084)
2025/08/20 19:28:35 非実行(6084)
2025/08/20 19:28:35 実行中(6084)
2025/08/20 19:30:11 終了しました(6084)
2025/08/21 19:23:28 開始します(4076)
2025/08/21 19:23:28 非実行(4076)
2025/08/21 19:23:28 実行中(4076)
2025/08/21 19:25:04 終了しました(4076)
2025/08/22 19:23:31 開始します(2196)
2025/08/22 19:23:31 非実行(2196)
2025/08/22 19:23:31 実行中(2196)
2025/08/22 19:25:06 終了しました(2196)
2025/08/23 19:20:53 開始します(1404)
2025/08/23 19:20:53 非実行(1404)
2025/08/23 19:20:53 実行中(1404)
2025/08/23 19:22:29 終了しました(1404)
2025/08/24 19:16:02 開始します(2712)
2025/08/24 19:16:02 非実行(2712)
2025/08/24 19:16:02 実行中(2712)
2025/08/24 19:17:37 終了しました(2712)
2025/08/25 19:18:56 開始します(4628)
2025/08/25 19:18:56 非実行(4628)
2025/08/25 19:18:56 実行中(4628)
2025/08/25 19:20:32 終了しました(4628)
2025/08/26 19:21:41 開始します(5528)
2025/08/26 19:21:41 非実行(5528)
2025/08/26 19:21:41 実行中(5528)
2025/08/26 19:23:17 終了しました(5528)
2025/08/27 19:21:59 開始します(2928)
2025/08/27 19:21:59 非実行(2928)
2025/08/27 19:21:59 実行中(2928)
2025/08/27 19:23:34 終了しました(2928)
2025/08/28 19:15:59 開始します(5840)
2025/08/28 19:15:59 非実行(5840)
2025/08/28 19:15:59 実行中(5840)
2025/08/28 19:17:35 終了しました(5840)
2025/08/29 19:17:04 開始します(5672)
2025/08/29 19:17:04 非実行(5672)
2025/08/29 19:17:04 実行中(5672)
2025/08/29 19:18:40 終了しました(5672)
2025/08/30 19:14:05 開始します(3644)
2025/08/30 19:14:05 非実行(3644)
2025/08/30 19:14:05 実行中(3644)
2025/08/30 19:15:41 終了しました(3644)
2025/08/31 19:10:53 開始します(5604)
2025/08/31 19:10:53 非実行(5604)
2025/08/31 19:10:53 実行中(5604)
2025/08/31 19:12:28 終了しました(5604)
2025/09/01 19:12:28 開始します(4612)
2025/09/01 19:12:28 非実行(4612)
2025/09/01 19:12:28 実行中(4612)
2025/09/01 19:14:04 終了しました(4612)
2025/09/02 19:11:28 開始します(3740)
2025/09/02 19:11:28 非実行(3740)
2025/09/02 19:11:28 実行中(3740)
2025/09/02 19:13:04 終了しました(3740)
2025/09/03 19:12:46 開始します(5432)
2025/09/03 19:12:46 非実行(5432)
2025/09/03 19:12:46 実行中(5432)
2025/09/03 19:14:21 終了しました(5432)
2025/09/04 19:06:37 開始します(7008)
2025/09/04 19:06:37 非実行(7008)
2025/09/04 19:06:37 実行中(7008)
2025/09/04 19:08:14 終了しました(7008)
2025/09/05 19:05:29 開始します(3476)
2025/09/05 19:05:29 非実行(3476)
2025/09/05 19:05:29 実行中(3476)
2025/09/05 19:07:05 終了しました(3476)
2025/09/06 19:04:49 開始します(2972)
2025/09/06 19:04:49 非実行(2972)
2025/09/06 19:04:49 実行中(2972)
2025/09/06 19:06:25 終了しました(2972)
2025/09/07 19:02:37 開始します(2548)
2025/09/07 19:02:37 非実行(2548)
2025/09/07 19:02:37 実行中(2548)
2025/09/07 19:04:13 終了しました(2548)
2025/09/08 19:08:32 開始します(1996)
2025/09/08 19:08:32 非実行(1996)
2025/09/08 19:08:32 実行中(1996)
2025/09/08 19:10:08 終了しました(1996)
2025/09/09 19:13:25 開始します(5948)
2025/09/09 19:13:25 非実行(5948)
2025/09/09 19:13:25 実行中(5948)
2025/09/09 19:15:01 終了しました(5948)
2025/09/10 19:17:50 開始します(3888)
2025/09/10 19:17:50 非実行(3888)
2025/09/10 19:17:50 実行中(3888)
2025/09/10 19:19:27 終了しました(3888)
2025/09/11 19:12:46 開始します(4524)
2025/09/11 19:12:46 非実行(4524)
2025/09/11 19:12:46 実行中(4524)
2025/09/11 19:14:19 終了しました(4524)
2025/09/12 19:12:29 開始します(6848)
2025/09/12 19:12:29 非実行(6848)
2025/09/12 19:12:29 実行中(6848)
2025/09/12 19:14:03 終了しました(6848)
2025/09/13 19:11:00 開始します(2548)
2025/09/13 19:11:00 非実行(2548)
2025/09/13 19:11:00 実行中(2548)
2025/09/13 19:12:34 終了しました(2548)
2025/09/14 19:08:55 開始します(2148)
2025/09/14 19:08:55 非実行(2148)
2025/09/14 19:08:55 実行中(2148)
2025/09/14 19:10:28 終了しました(2148)
2025/09/15 19:14:36 開始します(1656)
2025/09/15 19:14:36 非実行(1656)
2025/09/15 19:14:36 実行中(1656)
2025/09/15 19:16:10 終了しました(1656)
2025/09/16 19:17:57 開始します(6780)
2025/09/16 19:17:57 非実行(6780)
2025/09/16 19:17:57 実行中(6780)
2025/09/16 19:19:32 終了しました(6780)
2025/09/17 19:20:05 開始します(5744)
2025/09/17 19:20:05 非実行(5744)
2025/09/17 19:20:05 実行中(5744)
2025/09/17 19:21:39 終了しました(5744)
2025/09/18 19:18:18 開始します(7164)
2025/09/18 19:18:18 非実行(7164)
2025/09/18 19:18:18 実行中(7164)
2025/09/18 19:19:51 終了しました(7164)
2025/09/19 19:17:42 開始します(820)
2025/09/19 19:17:42 非実行(820)
2025/09/19 19:17:42 実行中(820)
2025/09/19 19:19:17 終了しました(820)
2025/09/20 19:14:57 開始します(5588)
2025/09/20 19:14:57 非実行(5588)
2025/09/20 19:14:57 実行中(5588)
2025/09/20 19:16:29 終了しました(5588)
2025/09/21 19:12:46 開始します(5280)
2025/09/21 19:12:46 非実行(5280)
2025/09/21 19:12:46 実行中(5280)
2025/09/21 19:14:19 終了しました(5280)
2025/09/22 19:16:08 開始します(2912)
2025/09/22 19:16:08 非実行(2912)
2025/09/22 19:16:08 実行中(2912)
2025/09/22 19:17:42 終了しました(2912)
2025/09/23 19:18:59 開始します(2176)
2025/09/23 19:18:59 非実行(2176)
2025/09/23 19:18:59 実行中(2176)
2025/09/23 19:20:34 終了しました(2176)
2025/09/24 19:18:06 開始します(4396)
2025/09/24 19:18:06 非実行(4396)
2025/09/24 19:18:06 実行中(4396)
2025/09/24 19:19:39 終了しました(4396)
2025/09/25 19:12:19 開始します(2144)
2025/09/25 19:12:19 非実行(2144)
2025/09/25 19:12:19 実行中(2144)
2025/09/25 19:13:52 終了しました(2144)
2025/09/26 19:11:10 開始します(2300)
2025/09/26 19:11:10 非実行(2300)
2025/09/26 19:11:10 実行中(2300)
2025/09/26 19:12:43 終了しました(2300)
2025/09/27 19:08:16 開始します(3428)
2025/09/27 19:08:16 非実行(3428)
2025/09/27 19:08:16 実行中(3428)
2025/09/27 19:09:50 終了しました(3428)
2025/09/28 19:05:24 開始します(5516)
2025/09/28 19:05:24 非実行(5516)
2025/09/28 19:05:24 実行中(5516)
2025/09/28 19:06:57 終了しました(5516)
2025/09/29 19:08:51 開始します(6564)
2025/09/29 19:08:51 非実行(6564)
2025/09/29 19:08:51 実行中(6564)
2025/09/29 19:10:26 終了しました(6564)
2025/09/30 19:09:30 開始します(1116)
2025/09/30 19:09:30 非実行(1116)
2025/09/30 19:09:30 実行中(1116)
2025/09/30 19:11:06 終了しました(1116)
2025/10/01 19:12:59 開始します(5636)
2025/10/01 19:12:59 非実行(5636)
2025/10/01 19:12:59 実行中(5636)
2025/10/01 19:14:32 終了しました(5636)
2025/10/02 19:05:41 開始します(1872)
2025/10/02 19:05:41 非実行(1872)
2025/10/02 19:05:41 実行中(1872)
2025/10/02 19:07:15 終了しました(1872)
2025/10/03 19:07:05 開始します(5720)
2025/10/03 19:07:05 非実行(5720)
2025/10/03 19:07:05 実行中(5720)
2025/10/03 19:08:40 終了しました(5720)
2025/10/04 19:05:52 開始します(5620)
2025/10/04 19:05:52 非実行(5620)
2025/10/04 19:05:52 実行中(5620)
2025/10/04 19:07:26 終了しました(5620)
2025/10/05 19:03:58 開始します(3264)
2025/10/05 19:03:58 非実行(3264)
2025/10/05 19:03:58 実行中(3264)
2025/10/05 19:05:31 終了しました(3264)
2025/10/06 19:06:40 開始します(3712)
2025/10/06 19:06:40 非実行(3712)
2025/10/06 19:06:40 実行中(3712)
2025/10/06 19:08:15 終了しました(3712)
2025/10/07 19:16:37 開始します(5264)
2025/10/07 19:16:37 非実行(5264)
2025/10/07 19:16:37 実行中(5264)
2025/10/07 19:18:14 終了しました(5264)
2025/10/08 19:20:13 開始します(4824)
2025/10/08 19:20:13 非実行(4824)
2025/10/08 19:20:13 実行中(4824)
2025/10/08 19:21:50 終了しました(4824)
2025/10/09 19:15:26 開始します(2220)
2025/10/09 19:15:26 非実行(2220)
2025/10/09 19:15:26 実行中(2220)
2025/10/09 19:17:03 終了しました(2220)
2025/10/10 19:14:54 開始します(5460)
2025/10/10 19:14:54 非実行(5460)
2025/10/10 19:14:54 実行中(5460)
2025/10/10 19:16:30 終了しました(5460)
2025/10/11 19:13:58 開始します(5716)
2025/10/11 19:13:58 非実行(5716)
2025/10/11 19:13:58 実行中(5716)
2025/10/11 19:15:35 終了しました(5716)
2025/10/12 19:11:16 開始します(4056)
2025/10/12 19:11:16 非実行(4056)
2025/10/12 19:11:16 実行中(4056)
2025/10/12 19:12:53 終了しました(4056)
2025/10/13 19:17:26 開始します(1016)
2025/10/13 19:17:26 非実行(1016)
2025/10/13 19:17:26 実行中(1016)
2025/10/13 19:19:04 終了しました(1016)
2025/10/14 19:26:11 開始します(5688)
2025/10/14 19:26:11 非実行(5688)
2025/10/14 19:26:11 実行中(5688)
2025/10/14 19:27:49 終了しました(5688)
2025/10/15 19:28:44 開始します(984)
2025/10/15 19:28:44 非実行(984)
2025/10/15 19:28:44 実行中(984)
2025/10/15 19:30:21 終了しました(984)
2025/10/16 19:26:58 開始します(3708)
2025/10/16 19:26:58 非実行(3708)
2025/10/16 19:26:58 実行中(3708)
2025/10/16 19:28:36 終了しました(3708)
2025/10/17 19:26:10 開始します(5708)
2025/10/17 19:26:10 非実行(5708)
2025/10/17 19:26:10 実行中(5708)
2025/10/17 19:27:47 終了しました(5708)
2025/10/18 19:25:40 開始します(5484)
2025/10/18 19:25:40 非実行(5484)
2025/10/18 19:25:40 実行中(5484)
2025/10/18 19:27:17 終了しました(5484)
2025/10/19 19:23:08 開始します(668)
2025/10/19 19:23:08 非実行(668)
2025/10/19 19:23:08 実行中(668)
2025/10/19 19:24:45 終了しました(668)
2025/10/20 19:25:34 開始します(560)
2025/10/20 19:25:34 非実行(560)
2025/10/20 19:25:34 実行中(560)
2025/10/20 19:27:12 終了しました(560)
2025/10/21 19:34:41 開始します(1180)
2025/10/21 19:34:41 非実行(1180)
2025/10/21 19:34:41 実行中(1180)
2025/10/21 19:36:19 終了しました(1180)
2025/10/22 19:40:10 開始します(688)
2025/10/22 19:40:10 非実行(688)
2025/10/22 19:40:10 実行中(688)
2025/10/22 19:41:48 終了しました(688)
2025/10/23 19:34:34 開始します(5276)
2025/10/23 19:34:34 非実行(5276)
2025/10/23 19:34:34 実行中(5276)
2025/10/23 19:36:11 終了しました(5276)
2025/10/24 19:37:11 開始します(2056)
2025/10/24 19:37:11 非実行(2056)
2025/10/24 19:37:11 実行中(2056)
2025/10/24 19:38:48 終了しました(2056)
2025/10/25 19:32:47 開始します(6012)
2025/10/25 19:32:47 非実行(6012)
2025/10/25 19:32:47 実行中(6012)
2025/10/25 19:34:24 終了しました(6012)
2025/10/26 19:29:34 開始します(7120)
2025/10/26 19:29:34 非実行(7120)
2025/10/26 19:29:34 実行中(7120)
2025/10/26 19:31:11 終了しました(7120)
2025/10/27 19:31:14 開始します(7820)
2025/10/27 19:31:14 非実行(7820)
2025/10/27 19:31:14 実行中(7820)
2025/10/27 19:32:50 終了しました(7820)
