2019/03/25 21:15:59 開始します(32)
2019/03/25 21:15:59 非実行(32)
2019/03/25 21:15:59 実行中(32)
2019/03/25 21:16:05 終了しました(32)
2019/03/26 21:05:02 開始します(396)
2019/03/26 21:05:02 非実行(396)
2019/03/26 21:05:02 実行中(396)
2019/03/26 21:05:06 終了しました(396)
2019/03/27 21:25:24 開始します(6040)
2019/03/27 21:25:24 非実行(6040)
2019/03/27 21:25:24 実行中(6040)
2019/03/27 21:25:28 終了しました(6040)
2019/03/28 21:39:20 開始します(4648)
2019/03/28 21:39:20 非実行(4648)
2019/03/28 21:39:20 実行中(4648)
2019/03/28 21:39:24 終了しました(4648)
2019/03/29 21:09:55 開始します(5884)
2019/03/29 21:09:55 非実行(5884)
2019/03/29 21:09:55 実行中(5884)
2019/03/29 21:09:59 終了しました(5884)
2019/04/01 20:54:32 開始します(5692)
2019/04/01 20:54:32 非実行(5692)
2019/04/01 20:54:32 実行中(5692)
2019/04/01 20:54:37 終了しました(5692)
2019/04/02 20:14:03 開始します(712)
2019/04/02 20:14:03 非実行(712)
2019/04/02 20:14:03 実行中(712)
2019/04/02 20:14:07 終了しました(712)
2019/04/03 21:36:40 開始します(4496)
2019/04/03 21:36:40 非実行(4496)
2019/04/03 21:36:40 実行中(4496)
2019/04/03 21:36:45 終了しました(4496)
2019/04/04 20:10:54 開始します(5096)
2019/04/04 20:10:54 非実行(5096)
2019/04/04 20:10:54 実行中(5096)
2019/04/04 20:10:58 終了しました(5096)
2019/04/05 20:08:47 開始します(1888)
2019/04/05 20:08:47 非実行(1888)
2019/04/05 20:08:47 実行中(1888)
2019/04/05 20:08:51 終了しました(1888)
2019/04/08 20:35:51 開始します(1952)
2019/04/08 20:35:51 非実行(1952)
2019/04/08 20:35:51 実行中(1952)
2019/04/08 20:35:55 終了しました(1952)
2019/04/09 19:53:05 開始します(6904)
2019/04/09 19:53:05 非実行(6904)
2019/04/09 19:53:05 実行中(6904)
2019/04/09 19:53:09 終了しました(6904)
2019/04/10 20:23:56 開始します(4380)
2019/04/10 20:23:56 非実行(4380)
2019/04/10 20:23:56 実行中(4380)
2019/04/10 20:24:00 終了しました(4380)
2019/04/12 21:55:40 開始します(6808)
2019/04/12 21:55:40 非実行(6808)
2019/04/12 21:55:40 実行中(6808)
2019/04/12 21:55:44 終了しました(6808)
2019/04/17 22:52:18 開始します(4656)
2019/04/17 22:52:18 非実行(4656)
2019/04/17 22:52:18 実行中(4656)
2019/04/17 22:52:22 終了しました(4656)
2019/04/20 11:12:50 開始します(4304)
2019/04/20 11:12:50 非実行(4304)
2019/04/20 11:12:50 実行中(4304)
2019/04/20 11:12:54 終了しました(4304)
2019/04/23 18:18:35 開始します(624)
2019/04/23 18:18:35 非実行(624)
2019/04/23 18:18:35 実行中(624)
2019/04/23 18:18:39 終了しました(624)
2019/04/24 20:01:41 開始します(5184)
2019/04/24 20:01:41 非実行(5184)
2019/04/24 20:01:41 実行中(5184)
2019/04/24 20:01:45 終了しました(5184)
2019/04/25 19:06:01 開始します(3384)
2019/04/25 19:06:01 非実行(3384)
2019/04/25 19:06:01 実行中(3384)
2019/04/25 19:06:05 終了しました(3384)
2019/04/29 01:10:51 開始します(2444)
2019/04/29 01:10:51 非実行(2444)
2019/04/29 01:10:51 実行中(2444)
2019/04/29 01:10:55 終了しました(2444)
2019/05/06 22:02:03 開始します(5840)
2019/05/06 22:02:03 非実行(5840)
2019/05/06 22:02:03 実行中(5840)
2019/05/06 22:02:07 終了しました(5840)
2019/05/09 18:40:37 開始します(4116)
2019/05/09 18:40:37 非実行(4116)
2019/05/09 18:40:37 実行中(4116)
2019/05/09 18:40:41 終了しました(4116)
2019/05/24 01:09:58 開始します(8996)
2019/05/24 01:09:58 非実行(8996)
2019/05/24 01:09:58 実行中(8996)
2019/05/24 01:10:02 終了しました(8996)
2019/05/29 01:08:51 開始します(8188)
2019/05/29 01:08:51 非実行(8188)
2019/05/29 01:08:51 実行中(8188)
2019/05/29 01:08:55 終了しました(8188)
2019/06/17 18:58:28 開始します(9824)
2019/06/17 18:58:28 非実行(9824)
2019/06/17 18:58:28 実行中(9824)
2019/06/17 18:58:32 終了しました(9824)
2019/06/25 19:41:58 開始します(7492)
2019/06/25 19:41:58 非実行(7492)
2019/06/25 19:41:58 実行中(7492)
2019/06/25 19:42:02 終了しました(7492)
2019/06/27 00:26:45 開始します(2136)
2019/06/27 00:26:45 非実行(2136)
2019/06/27 00:26:45 実行中(2136)
2019/06/27 00:26:49 終了しました(2136)
2019/06/27 19:53:30 開始します(6700)
2019/06/27 19:53:30 非実行(6700)
2019/06/27 19:53:30 実行中(6700)
2019/06/27 19:53:34 終了しました(6700)
2019/06/28 19:13:23 開始します(8536)
2019/06/28 19:13:23 非実行(8536)
2019/06/28 19:13:23 実行中(8536)
2019/06/28 19:13:27 終了しました(8536)
2019/07/09 20:23:23 開始します(10156)
2019/07/09 20:23:23 非実行(10156)
2019/07/09 20:23:23 実行中(10156)
2019/07/09 20:23:27 終了しました(10156)
2019/07/11 01:57:29 開始します(7032)
2019/07/11 01:57:29 非実行(7032)
2019/07/11 01:57:29 実行中(7032)
2019/07/11 01:57:33 終了しました(7032)
2019/07/22 20:40:01 開始します(5368)
2019/07/22 20:40:01 非実行(5368)
2019/07/22 20:40:01 実行中(5368)
2019/07/22 20:40:05 終了しました(5368)
2019/07/23 15:38:35 開始します(6372)
2019/07/23 15:38:35 非実行(6372)
2019/07/23 15:38:35 実行中(6372)
2019/07/23 15:38:40 終了しました(6372)
2019/07/24 21:03:43 開始します(5488)
2019/07/24 21:03:43 非実行(5488)
2019/07/24 21:03:43 実行中(5488)
2019/07/24 21:03:47 終了しました(5488)
2019/07/25 17:15:15 開始します(10252)
2019/07/25 17:15:15 非実行(10252)
2019/07/25 17:15:15 実行中(10252)
2019/07/25 17:15:19 終了しました(10252)
2019/07/27 03:54:35 開始します(4868)
2019/07/27 03:54:35 非実行(4868)
2019/07/27 03:54:35 実行中(4868)
2019/07/27 03:54:39 終了しました(4868)
2019/07/29 17:40:04 開始します(11840)
2019/07/29 17:40:04 非実行(11840)
2019/07/29 17:40:04 実行中(11840)
2019/07/29 17:40:08 終了しました(11840)
2019/07/30 20:52:16 開始します(1640)
2019/07/30 20:52:16 非実行(1640)
2019/07/30 20:52:16 実行中(1640)
2019/07/30 20:52:20 終了しました(1640)
2019/07/31 23:35:02 開始します(10796)
2019/07/31 23:35:02 非実行(10796)
2019/07/31 23:35:02 実行中(10796)
2019/07/31 23:35:06 終了しました(10796)
2019/08/07 19:22:52 開始します(8812)
2019/08/07 19:22:52 非実行(8812)
2019/08/07 19:22:52 実行中(8812)
2019/08/07 19:22:56 終了しました(8812)
2019/08/08 19:45:21 開始します(3960)
2019/08/08 19:45:21 非実行(3960)
2019/08/08 19:45:21 実行中(3960)
2019/08/08 19:45:25 終了しました(3960)
2019/08/09 17:17:28 開始します(10748)
2019/08/09 17:17:28 非実行(10748)
2019/08/09 17:17:28 実行中(10748)
2019/08/09 17:17:32 終了しました(10748)
2019/08/14 19:26:47 開始します(8600)
2019/08/14 19:26:47 非実行(8600)
2019/08/14 19:26:47 実行中(8600)
2019/08/14 19:26:51 終了しました(8600)
2019/08/15 20:08:25 開始します(11028)
2019/08/15 20:08:25 非実行(11028)
2019/08/15 20:08:25 実行中(11028)
2019/08/15 20:08:29 終了しました(11028)
2019/08/16 16:54:58 開始します(728)
2019/08/16 16:54:58 非実行(728)
2019/08/16 16:54:58 実行中(728)
2019/08/16 16:55:02 終了しました(728)
2019/08/19 19:22:31 開始します(10020)
2019/08/19 19:22:31 非実行(10020)
2019/08/19 19:22:31 実行中(10020)
2019/08/19 19:22:35 終了しました(10020)
2019/08/20 19:29:40 開始します(11220)
2019/08/20 19:29:40 非実行(11220)
2019/08/20 19:29:40 実行中(11220)
2019/08/20 19:29:44 終了しました(11220)
2019/08/21 18:27:13 開始します(10584)
2019/08/21 18:27:13 非実行(10584)
2019/08/21 18:27:13 実行中(10584)
2019/08/21 18:27:17 終了しました(10584)
2019/08/22 18:41:07 開始します(6612)
2019/08/22 18:41:07 非実行(6612)
2019/08/22 18:41:07 実行中(6612)
2019/08/22 18:41:11 終了しました(6612)
2019/08/26 18:27:08 開始します(9260)
2019/08/26 18:27:08 非実行(9260)
2019/08/26 18:27:08 実行中(9260)
2019/08/26 18:27:12 終了しました(9260)
2019/08/28 17:44:54 開始します(7892)
2019/08/28 17:44:54 非実行(7892)
2019/08/28 17:44:54 実行中(7892)
2019/08/28 17:44:58 終了しました(7892)
2019/09/02 17:50:13 開始します(11516)
2019/09/02 17:50:13 非実行(11516)
2019/09/02 17:50:13 実行中(11516)
2019/09/02 17:50:17 終了しました(11516)
2019/09/04 17:57:30 開始します(12052)
2019/09/04 17:57:30 非実行(12052)
2019/09/04 17:57:30 実行中(12052)
2019/09/04 17:57:34 終了しました(12052)
2019/09/05 20:04:00 開始します(9848)
2019/09/05 20:04:00 非実行(9848)
2019/09/05 20:04:00 実行中(9848)
2019/09/05 20:04:04 終了しました(9848)
2019/09/12 00:12:08 開始します(6708)
2019/09/12 00:12:08 非実行(6708)
2019/09/12 00:12:08 実行中(6708)
2019/09/12 00:12:12 終了しました(6708)
2019/09/13 01:22:39 開始します(5756)
2019/09/13 01:22:39 非実行(5756)
2019/09/13 01:22:39 実行中(5756)
2019/09/13 01:22:44 終了しました(5756)
2019/10/05 01:51:32 開始します(5368)
2019/10/05 01:51:32 非実行(5368)
2019/10/05 01:51:32 実行中(5368)
2019/10/05 01:51:36 終了しました(5368)
2019/11/01 16:16:38 開始します(12220)
2019/11/01 16:16:38 非実行(12220)
2019/11/01 16:16:38 実行中(12220)
2019/11/01 16:16:42 終了しました(12220)
2019/11/05 18:35:26 開始します(7656)
2019/11/05 18:35:26 非実行(7656)
2019/11/05 18:35:26 実行中(7656)
2019/11/05 18:35:30 終了しました(7656)
2019/11/06 21:52:48 開始します(4576)
2019/11/06 21:52:48 非実行(4576)
2019/11/06 21:52:48 実行中(4576)
2019/11/06 21:52:52 終了しました(4576)
2019/11/07 17:26:30 開始します(2500)
2019/11/07 17:26:30 非実行(2500)
2019/11/07 17:26:30 実行中(2500)
2019/11/07 17:26:34 終了しました(2500)
2019/11/08 17:58:57 開始します(6652)
2019/11/08 17:58:57 非実行(6652)
2019/11/08 17:58:57 実行中(6652)
2019/11/08 17:59:01 終了しました(6652)
2019/11/11 17:40:00 開始します(7812)
2019/11/11 17:40:00 非実行(7812)
2019/11/11 17:40:00 実行中(7812)
2019/11/11 17:40:04 終了しました(7812)
2019/11/12 18:53:42 開始します(9128)
2019/11/12 18:53:42 非実行(9128)
2019/11/12 18:53:42 実行中(9128)
2019/11/12 18:53:46 終了しました(9128)
2019/11/13 16:26:16 開始します(11576)
2019/11/13 16:26:16 非実行(11576)
2019/11/13 16:26:16 実行中(11576)
2019/11/13 16:26:20 終了しました(11576)
2019/11/14 19:57:50 開始します(780)
2019/11/14 19:57:50 非実行(780)
2019/11/14 19:57:50 実行中(780)
2019/11/14 19:57:54 終了しました(780)
2019/11/15 19:46:29 開始します(6816)
2019/11/15 19:46:29 非実行(6816)
2019/11/15 19:46:29 実行中(6816)
2019/11/15 19:46:33 終了しました(6816)
2019/11/18 18:57:09 開始します(4868)
2019/11/18 18:57:09 非実行(4868)
2019/11/18 18:57:09 実行中(4868)
2019/11/18 18:57:13 終了しました(4868)
2019/11/20 02:30:01 開始します(4864)
2019/11/20 02:30:01 非実行(4864)
2019/11/20 02:30:01 実行中(4864)
2019/11/20 02:30:05 終了しました(4864)
2019/11/21 01:53:07 開始します(6300)
2019/11/21 01:53:07 非実行(6300)
2019/11/21 01:53:07 実行中(6300)
2019/11/21 01:53:11 終了しました(6300)
2019/11/21 18:35:19 開始します(2728)
2019/11/21 18:35:19 非実行(2728)
2019/11/21 18:35:19 実行中(2728)
2019/11/21 18:35:23 終了しました(2728)
2019/11/22 23:59:04 開始します(3568)
2019/11/22 23:59:04 非実行(3568)
2019/11/22 23:59:04 実行中(3568)
2019/11/22 23:59:08 終了しました(3568)
2019/11/25 18:32:51 開始します(7008)
2019/11/25 18:32:51 非実行(7008)
2019/11/25 18:32:51 実行中(7008)
2019/11/25 18:32:55 終了しました(7008)
2019/11/28 18:06:27 開始します(12060)
2019/11/28 18:06:27 非実行(12060)
2019/11/28 18:06:27 実行中(12060)
2019/11/28 18:06:31 終了しました(12060)
2019/11/29 18:29:16 開始します(12960)
2019/11/29 18:29:16 非実行(12960)
2019/11/29 18:29:16 実行中(12960)
2019/11/29 18:29:20 終了しました(12960)
2019/12/03 01:47:53 開始します(4632)
2019/12/03 01:47:53 非実行(4632)
2019/12/03 01:47:53 実行中(4632)
2019/12/03 01:47:57 終了しました(4632)
2019/12/23 21:38:10 開始します(8520)
2019/12/23 21:38:10 非実行(8520)
2019/12/23 21:38:10 実行中(8520)
2019/12/23 21:38:14 終了しました(8520)
2019/12/26 22:20:42 開始します(7468)
2019/12/26 22:20:42 非実行(7468)
2019/12/26 22:20:42 実行中(7468)
2019/12/26 22:20:45 終了しました(7468)
2020/02/27 16:18:19 開始します(2984)
2020/02/27 16:18:19 非実行(2984)
2020/02/27 16:18:19 実行中(2984)
2020/02/27 16:18:23 終了しました(2984)
2020/03/04 09:22:57 開始します(7616)
2020/03/04 09:22:57 非実行(7616)
2020/03/04 09:22:57 実行中(7616)
2020/03/04 09:23:01 終了しました(7616)
2020/03/05 19:06:58 開始します(1828)
2020/03/05 19:06:58 非実行(1828)
2020/03/05 19:06:58 実行中(1828)
2020/03/05 19:07:02 終了しました(1828)
2020/03/07 03:09:59 開始します(5356)
2020/03/07 03:09:59 非実行(5356)
2020/03/07 03:09:59 実行中(5356)
2020/03/07 03:10:03 終了しました(5356)
2020/03/19 03:10:39 開始します(7612)
2020/03/19 03:10:39 非実行(7612)
2020/03/19 03:10:39 実行中(7612)
2020/03/19 03:10:43 終了しました(7612)
2020/03/19 13:28:01 開始します(6240)
2020/03/19 13:28:01 非実行(6240)
2020/03/19 13:28:01 実行中(6240)
2020/03/19 13:28:05 終了しました(6240)
2020/03/23 18:04:54 開始します(7216)
2020/03/23 18:04:54 非実行(7216)
2020/03/23 18:04:54 実行中(7216)
2020/03/23 18:04:58 終了しました(7216)
2020/04/28 01:18:41 開始します(3628)
2020/04/28 01:18:41 非実行(3628)
2020/04/28 01:18:41 実行中(3628)
2020/04/28 01:18:45 終了しました(3628)
2020/06/03 17:08:42 開始します(7860)
2020/06/03 17:08:42 非実行(7860)
2020/06/03 17:08:42 実行中(7860)
2020/06/03 17:08:46 終了しました(7860)
2020/06/15 16:22:03 開始します(7864)
2020/06/15 16:22:03 非実行(7864)
2020/06/15 16:22:03 実行中(7864)
2020/06/15 16:22:07 終了しました(7864)
2020/06/19 03:16:49 開始します(7456)
2020/06/19 03:16:49 非実行(7456)
2020/06/19 03:16:49 実行中(7456)
2020/06/19 03:16:53 終了しました(7456)
2020/06/23 09:51:47 開始します(952)
2020/06/23 09:51:47 非実行(952)
2020/06/23 09:51:47 実行中(952)
2020/06/23 09:51:51 終了しました(952)
2020/07/09 12:53:16 開始します(632)
2020/07/09 12:53:16 非実行(632)
2020/07/09 12:53:16 実行中(632)
2020/07/09 12:53:20 終了しました(632)
2020/07/20 15:18:47 開始します(3884)
2020/07/20 15:18:47 非実行(3884)
2020/07/20 15:18:47 実行中(3884)
2020/07/20 15:18:51 終了しました(3884)
2020/08/20 12:04:10 開始します(4712)
2020/08/20 12:04:10 非実行(4712)
2020/08/20 12:04:10 実行中(4712)
2020/08/20 12:04:14 終了しました(4712)
2020/08/20 18:54:43 開始します(2084)
2020/08/20 18:54:43 非実行(2084)
2020/08/20 18:54:43 実行中(2084)
2020/08/20 18:54:47 終了しました(2084)
2020/08/24 09:56:19 開始します(1856)
2020/08/24 09:56:19 非実行(1856)
2020/08/24 09:56:19 実行中(1856)
2020/08/24 09:56:23 終了しました(1856)
2020/08/25 11:56:09 開始します(7888)
2020/08/25 11:56:09 非実行(7888)
2020/08/25 11:56:09 実行中(7888)
2020/08/25 11:56:13 終了しました(7888)
2020/08/26 14:08:52 開始します(7444)
2020/08/26 14:08:52 非実行(7444)
2020/08/26 14:08:52 実行中(7444)
2020/08/26 14:08:56 終了しました(7444)
2020/08/31 19:53:14 開始します(3564)
2020/08/31 19:53:14 非実行(3564)
2020/08/31 19:53:14 実行中(3564)
2020/08/31 19:53:18 終了しました(3564)
2020/09/01 21:11:12 開始します(4180)
2020/09/01 21:11:12 非実行(4180)
2020/09/01 21:11:12 実行中(4180)
2020/09/01 21:11:16 終了しました(4180)
2020/09/03 19:55:09 開始します(2900)
2020/09/03 19:55:09 非実行(2900)
2020/09/03 19:55:09 実行中(2900)
2020/09/03 19:55:13 終了しました(2900)
2020/09/04 12:29:39 開始します(1208)
2020/09/04 12:29:39 非実行(1208)
2020/09/04 12:29:39 実行中(1208)
2020/09/04 12:29:43 終了しました(1208)
2020/09/09 16:18:56 開始します(3232)
2020/09/09 16:18:56 非実行(3232)
2020/09/09 16:18:56 実行中(3232)
2020/09/09 16:19:00 終了しました(3232)
2020/09/14 11:10:23 開始します(4808)
2020/09/14 11:10:23 非実行(4808)
2020/09/14 11:10:23 実行中(4808)
2020/09/14 11:10:27 終了しました(4808)
2020/09/16 10:32:54 開始します(5820)
2020/09/16 10:32:54 非実行(5820)
2020/09/16 10:32:54 実行中(5820)
2020/09/16 10:32:58 終了しました(5820)
2020/09/25 09:53:56 開始します(6392)
2020/09/25 09:53:56 非実行(6392)
2020/09/25 09:53:56 実行中(6392)
2020/09/25 09:54:00 終了しました(6392)
2020/09/25 14:30:50 開始します(5704)
2020/09/25 14:30:50 非実行(5704)
2020/09/25 14:30:50 実行中(5704)
2020/09/25 14:30:54 終了しました(5704)
2020/09/29 13:54:46 開始します(2148)
2020/09/29 13:54:46 非実行(2148)
2020/09/29 13:54:46 実行中(2148)
2020/09/29 13:54:50 終了しました(2148)
2020/09/30 14:26:33 開始します(7328)
2020/09/30 14:26:33 非実行(7328)
2020/09/30 14:26:33 実行中(7328)
2020/09/30 14:26:37 終了しました(7328)
2020/10/01 15:26:11 開始します(5432)
2020/10/01 15:26:11 非実行(5432)
2020/10/01 15:26:11 実行中(5432)
2020/10/01 15:26:15 終了しました(5432)
2020/10/07 21:36:01 開始します(8456)
2020/10/07 21:36:01 非実行(8456)
2020/10/07 21:36:01 実行中(8456)
2020/10/07 21:36:05 終了しました(8456)
2020/10/14 11:51:08 開始します(8816)
2020/10/14 11:51:08 非実行(8816)
2020/10/14 11:51:08 実行中(8816)
2020/10/14 11:51:11 終了しました(8816)
2020/10/19 13:50:32 開始します(8464)
2020/10/19 13:50:32 非実行(8464)
2020/10/19 13:50:32 実行中(8464)
2020/10/19 13:50:36 終了しました(8464)
2020/10/23 18:28:07 開始します(7780)
2020/10/23 18:28:07 非実行(7780)
2020/10/23 18:28:07 実行中(7780)
2020/10/23 18:28:11 終了しました(7780)
2020/11/11 16:03:55 開始します(7896)
2020/11/11 16:03:55 非実行(7896)
2020/11/11 16:03:55 実行中(7896)
2020/11/11 16:03:59 終了しました(7896)
2020/11/12 16:51:38 開始します(696)
2020/11/12 16:51:38 非実行(696)
2020/11/12 16:51:38 実行中(696)
2020/11/12 16:51:42 終了しました(696)
2020/11/13 18:51:11 開始します(4668)
2020/11/13 18:51:11 非実行(4668)
2020/11/13 18:51:11 実行中(4668)
2020/11/13 18:51:15 終了しました(4668)
2020/11/16 16:50:18 開始します(9192)
2020/11/16 16:50:18 非実行(9192)
2020/11/16 16:50:18 実行中(9192)
2020/11/16 16:50:22 終了しました(9192)
2020/11/17 17:20:47 開始します(8596)
2020/11/17 17:20:47 非実行(8596)
2020/11/17 17:20:47 実行中(8596)
2020/11/17 17:20:51 終了しました(8596)
2020/11/19 16:15:40 開始します(10144)
2020/11/19 16:15:40 非実行(10144)
2020/11/19 16:15:40 実行中(10144)
2020/11/19 16:15:44 終了しました(10144)
2020/11/20 17:44:46 開始します(9552)
2020/11/20 17:44:46 非実行(9552)
2020/11/20 17:44:46 実行中(9552)
2020/11/20 17:44:50 終了しました(9552)
2020/11/24 14:57:03 開始します(4224)
2020/11/24 14:57:03 非実行(4224)
2020/11/24 14:57:03 実行中(4224)
2020/11/24 14:57:07 終了しました(4224)
2020/11/25 17:39:29 開始します(9908)
2020/11/25 17:39:29 非実行(9908)
2020/11/25 17:39:29 実行中(9908)
2020/11/25 17:39:33 終了しました(9908)
2020/11/26 16:50:06 開始します(6408)
2020/11/26 16:50:06 非実行(6408)
2020/11/26 16:50:06 実行中(6408)
2020/11/26 16:50:10 終了しました(6408)
2020/11/27 16:44:49 開始します(8772)
2020/11/27 16:44:49 非実行(8772)
2020/11/27 16:44:49 実行中(8772)
2020/11/27 16:44:53 終了しました(8772)
2020/12/01 17:02:15 開始します(5832)
2020/12/01 17:02:15 非実行(5832)
2020/12/01 17:02:15 実行中(5832)
2020/12/01 17:02:19 終了しました(5832)
2020/12/02 14:50:46 開始します(2008)
2020/12/02 14:50:46 非実行(2008)
2020/12/02 14:50:46 実行中(2008)
2020/12/02 14:50:50 終了しました(2008)
2020/12/03 15:39:48 開始します(4996)
2020/12/03 15:39:48 非実行(4996)
2020/12/03 15:39:48 実行中(4996)
2020/12/03 15:39:52 終了しました(4996)
2020/12/10 17:28:59 開始します(5364)
2020/12/10 17:28:59 非実行(5364)
2020/12/10 17:28:59 実行中(5364)
2020/12/10 17:29:03 終了しました(5364)
2021/01/12 17:05:53 開始します(5396)
2021/01/12 17:05:53 非実行(5396)
2021/01/12 17:05:53 実行中(5396)
2021/01/12 17:05:57 終了しました(5396)
2021/01/15 09:34:26 開始します(10088)
2021/01/15 09:34:26 非実行(10088)
2021/01/15 09:34:26 実行中(10088)
2021/01/15 09:34:30 終了しました(10088)
2021/01/18 09:30:43 開始します(7728)
2021/01/18 09:30:43 非実行(7728)
2021/01/18 09:30:43 実行中(7728)
2021/01/18 09:30:47 終了しました(7728)
2021/01/19 10:18:23 開始します(4480)
2021/01/19 10:18:23 非実行(4480)
2021/01/19 10:18:23 実行中(4480)
2021/01/19 10:18:27 終了しました(4480)
2021/01/21 09:19:31 開始します(9028)
2021/01/21 09:19:31 非実行(9028)
2021/01/21 09:19:31 実行中(9028)
2021/01/21 09:19:35 終了しました(9028)
2021/03/03 14:47:52 開始します(11828)
2021/03/03 14:47:52 非実行(11828)
2021/03/03 14:47:52 実行中(11828)
2021/03/03 14:47:56 終了しました(11828)
2021/03/04 13:42:56 開始します(10180)
2021/03/04 13:42:56 非実行(10180)
2021/03/04 13:42:56 実行中(10180)
2021/03/04 13:43:00 終了しました(10180)
2021/04/19 16:18:30 開始します(4184)
2021/04/19 16:18:30 非実行(4184)
2021/04/19 16:18:30 実行中(4184)
2021/04/19 16:18:34 終了しました(4184)
2021/05/07 13:28:33 開始します(5112)
2021/05/07 13:28:33 非実行(5112)
2021/05/07 13:28:33 実行中(5112)
2021/05/07 13:28:37 終了しました(5112)
2021/05/10 16:55:47 開始します(8776)
2021/05/10 16:55:47 非実行(8776)
2021/05/10 16:55:47 実行中(8776)
2021/05/10 16:55:51 終了しました(8776)
2021/05/12 05:00:49 開始します(6600)
2021/05/12 05:00:49 非実行(6600)
2021/05/12 05:00:49 実行中(6600)
2021/05/12 05:00:53 終了しました(6600)
2021/05/17 15:51:24 開始します(5928)
2021/05/17 15:51:24 非実行(5928)
2021/05/17 15:51:24 実行中(5928)
2021/05/17 15:51:28 終了しました(5928)
2021/06/09 18:10:47 開始します(9460)
2021/06/09 18:10:47 非実行(9460)
2021/06/09 18:10:47 実行中(9460)
2021/06/09 18:10:51 終了しました(9460)
2021/08/03 10:24:00 開始します(7636)
2021/08/03 10:24:00 非実行(7636)
2021/08/03 10:24:00 実行中(7636)
2021/08/03 10:24:04 終了しました(7636)
2021/11/16 00:25:30 開始します(6052)
2021/11/16 00:25:30 非実行(6052)
2021/11/16 00:25:30 実行中(6052)
2021/11/16 00:25:34 終了しました(6052)
2021/11/16 16:14:11 開始します(5344)
2021/11/16 16:14:11 非実行(5344)
2021/11/16 16:14:11 実行中(5344)
2021/11/16 16:14:15 終了しました(5344)
2021/11/17 15:42:33 開始します(6976)
2021/11/17 15:42:33 非実行(6976)
2021/11/17 15:42:33 実行中(6976)
2021/11/17 15:42:37 終了しました(6976)
2021/11/18 10:31:39 開始します(5208)
2021/11/18 10:31:39 非実行(5208)
2021/11/18 10:31:39 実行中(5208)
2021/11/18 10:31:43 終了しました(5208)
2021/11/22 16:22:53 開始します(1044)
2021/11/22 16:22:53 非実行(1044)
2021/11/22 16:22:53 実行中(1044)
2021/11/22 16:22:57 終了しました(1044)
2022/02/21 15:56:47 開始します(3628)
2022/02/21 15:56:47 非実行(3628)
2022/02/21 15:56:47 実行中(3628)
2022/02/21 15:56:51 終了しました(3628)
2022/02/25 13:04:32 開始します(7516)
2022/02/25 13:04:32 非実行(7516)
2022/02/25 13:04:32 実行中(7516)
2022/02/25 13:04:36 終了しました(7516)
2022/03/04 11:02:31 開始します(1284)
2022/03/04 11:02:31 非実行(1284)
2022/03/04 11:02:31 実行中(1284)
2022/03/04 11:02:35 終了しました(1284)
2022/03/11 10:53:50 開始します(4608)
2022/03/11 10:53:50 非実行(4608)
2022/03/11 10:53:50 実行中(4608)
2022/03/11 10:53:54 終了しました(4608)
2022/03/23 11:00:21 開始します(2240)
2022/03/23 11:00:21 非実行(2240)
2022/03/23 11:00:21 実行中(2240)
2022/03/23 11:00:25 終了しました(2240)
2022/04/06 12:58:56 開始します(5648)
2022/04/06 12:58:56 非実行(5648)
2022/04/06 12:58:56 実行中(5648)
2022/04/06 12:59:00 終了しました(5648)
2022/04/12 16:04:35 開始します(6512)
2022/04/12 16:04:35 非実行(6512)
2022/04/12 16:04:35 実行中(6512)
2022/04/12 16:04:39 終了しました(6512)
2022/04/18 16:03:41 開始します(1984)
2022/04/18 16:03:41 非実行(1984)
2022/04/18 16:03:41 実行中(1984)
2022/04/18 16:03:45 終了しました(1984)
2022/04/25 16:17:19 開始します(5908)
2022/04/25 16:17:19 非実行(5908)
2022/04/25 16:17:19 実行中(5908)
2022/04/25 16:17:23 終了しました(5908)
2022/09/21 12:55:33 開始します(1284)
2022/09/21 12:55:33 非実行(1284)
2022/09/21 12:55:33 実行中(1284)
2022/09/21 12:55:37 終了しました(1284)
2022/10/13 16:18:16 開始します(7236)
2022/10/13 16:18:16 非実行(7236)
2022/10/13 16:18:16 実行中(7236)
2022/10/13 16:18:20 終了しました(7236)
2023/01/16 15:44:49 開始します(1072)
2023/01/16 15:44:49 非実行(1072)
2023/01/16 15:44:49 実行中(1072)
2023/01/16 15:44:53 終了しました(1072)
2023/01/17 18:45:30 開始します(1808)
2023/01/17 18:45:30 非実行(1808)
2023/01/17 18:45:30 実行中(1808)
2023/01/17 18:45:34 終了しました(1808)
2023/01/18 10:39:06 開始します(8068)
2023/01/18 10:39:06 非実行(8068)
2023/01/18 10:39:06 実行中(8068)
2023/01/18 10:39:10 終了しました(8068)
2023/01/24 10:02:46 開始します(5080)
2023/01/24 10:02:46 非実行(5080)
2023/01/24 10:02:46 実行中(5080)
2023/01/24 10:02:50 終了しました(5080)
2023/03/28 16:04:40 開始します(6852)
2023/03/28 16:04:40 非実行(6852)
2023/03/28 16:04:40 実行中(6852)
2023/03/28 16:04:44 終了しました(6852)
2023/04/25 15:35:30 開始します(1068)
2023/04/25 15:35:30 非実行(1068)
2023/04/25 15:35:30 実行中(1068)
2023/04/25 15:35:34 終了しました(1068)
2023/05/15 16:06:57 開始します(2808)
2023/05/15 16:06:57 非実行(2808)
2023/05/15 16:06:57 実行中(2808)
2023/05/15 16:07:00 終了しました(2808)
2023/05/16 14:25:05 開始します(2056)
2023/05/16 14:25:05 非実行(2056)
2023/05/16 14:25:05 実行中(2056)
2023/05/16 14:25:09 終了しました(2056)
2023/06/13 16:00:17 開始します(6076)
2023/06/13 16:00:17 非実行(6076)
2023/06/13 16:00:17 実行中(6076)
2023/06/13 16:00:20 終了しました(6076)
2023/09/08 15:11:59 開始します(5316)
2023/09/08 15:11:59 非実行(5316)
2023/09/08 15:11:59 実行中(5316)
2023/09/08 15:12:03 終了しました(5316)
2023/09/14 16:06:13 開始します(6084)
2023/09/14 16:06:13 非実行(6084)
2023/09/14 16:06:13 実行中(6084)
2023/09/14 16:06:17 終了しました(6084)
2023/09/28 16:03:42 開始します(8008)
2023/09/28 16:03:42 非実行(8008)
2023/09/28 16:03:42 実行中(8008)
2023/09/28 16:03:46 終了しました(8008)
2023/10/25 14:16:43 開始します(3940)
2023/10/25 14:16:43 非実行(3940)
2023/10/25 14:16:43 実行中(3940)
2023/10/25 14:16:47 終了しました(3940)
2024/01/29 16:56:15 開始します(4896)
2024/01/29 16:56:15 非実行(4896)
2024/01/29 16:56:15 実行中(4896)
2024/01/29 16:56:19 終了しました(4896)
2024/08/22 13:01:59 開始します(7208)
2024/08/22 13:01:59 非実行(7208)
2024/08/22 13:01:59 実行中(7208)
2024/08/22 13:02:00 終了しました(7208)
2024/08/22 16:20:43 開始します(4576)
2024/08/22 16:20:43 非実行(4576)
2024/08/22 16:20:43 実行中(4576)
2024/08/22 16:28:20 終了しました(4576)
2024/08/27 13:17:37 開始します(4848)
2024/08/27 13:17:37 非実行(4848)
2024/08/27 13:17:37 実行中(4848)
2024/08/27 13:17:38 終了しました(4848)
2024/09/02 16:21:10 開始します(8768)
2024/09/02 16:21:10 非実行(8768)
2024/09/02 16:21:10 実行中(8768)
2024/09/02 16:21:11 終了しました(8768)
2024/09/02 16:22:52 開始します(3184)
2024/09/02 16:22:52 非実行(3184)
2024/09/02 16:22:52 実行中(3184)
2024/09/02 16:22:53 終了しました(3184)
2024/09/02 16:24:03 開始します(3260)
2024/09/02 16:24:03 非実行(3260)
2024/09/02 16:24:03 実行中(3260)
2024/09/02 16:24:04 終了しました(3260)
2024/09/12 03:19:26 開始します(10004)
2024/09/12 03:19:26 非実行(10004)
2024/09/12 03:19:26 実行中(10004)
2024/09/12 03:19:27 終了しました(10004)
2024/09/17 14:24:02 開始します(10312)
2024/09/17 14:24:02 非実行(10312)
2024/09/17 14:24:02 実行中(10312)
2024/09/17 14:24:03 終了しました(10312)
2024/09/17 15:24:12 開始します(8036)
2024/09/17 15:24:12 非実行(8036)
2024/09/17 15:24:12 実行中(8036)
2024/09/17 15:24:13 終了しました(8036)
2024/09/18 07:42:54 開始します(5076)
2024/09/18 07:42:54 非実行(5076)
2024/09/18 07:42:54 実行中(5076)
2024/09/18 07:42:55 終了しました(5076)
2024/09/18 18:52:42 開始します(4168)
2024/09/18 18:52:42 非実行(4168)
2024/09/18 18:52:42 実行中(4168)
2024/09/18 18:52:42 終了しました(4168)
2024/09/20 01:01:07 開始します(13056)
2024/09/20 01:01:07 非実行(13056)
2024/09/20 01:01:07 実行中(13056)
2024/09/20 01:01:08 終了しました(13056)
2024/09/21 02:37:15 開始します(7772)
2024/09/21 02:37:15 非実行(7772)
2024/09/21 02:37:15 実行中(7772)
2024/09/21 02:37:16 終了しました(7772)
2024/09/25 03:38:17 開始します(10488)
2024/09/25 03:38:17 非実行(10488)
2024/09/25 03:38:17 実行中(10488)
2024/09/25 03:38:17 終了しました(10488)
2024/09/26 01:42:49 開始します(1508)
2024/09/26 01:42:49 非実行(1508)
2024/09/26 01:42:49 実行中(1508)
2024/09/26 01:42:49 終了しました(1508)
2024/09/27 02:06:02 開始します(7008)
2024/09/27 02:06:02 非実行(7008)
2024/09/27 02:06:02 実行中(7008)
2024/09/27 02:06:03 終了しました(7008)
2024/09/28 02:33:22 開始します(12628)
2024/09/28 02:33:22 非実行(12628)
2024/09/28 02:33:22 実行中(12628)
2024/09/28 02:33:23 終了しました(12628)
2024/09/29 01:43:44 開始します(11072)
2024/09/29 01:43:44 非実行(11072)
2024/09/29 01:43:44 実行中(11072)
2024/09/29 01:43:44 終了しました(11072)
2024/10/01 22:34:37 開始します(11208)
2024/10/01 22:34:37 非実行(11208)
2024/10/01 22:34:37 実行中(11208)
2024/10/01 22:34:37 終了しました(11208)
2024/10/02 23:00:43 開始します(10284)
2024/10/02 23:00:43 非実行(10284)
2024/10/02 23:00:43 実行中(10284)
2024/10/02 23:00:44 終了しました(10284)
2024/10/04 01:11:34 開始します(3392)
2024/10/04 01:11:34 非実行(3392)
2024/10/04 01:11:34 実行中(3392)
2024/10/04 01:11:35 終了しました(3392)
2024/10/05 00:03:28 開始します(6856)
2024/10/05 00:03:28 非実行(6856)
2024/10/05 00:03:28 実行中(6856)
2024/10/05 00:03:29 終了しました(6856)
2024/10/08 01:54:42 開始します(12864)
2024/10/08 01:54:42 非実行(12864)
2024/10/08 01:54:42 実行中(12864)
2024/10/08 01:54:42 終了しました(12864)
2024/10/09 01:24:40 開始します(8632)
2024/10/09 01:24:40 非実行(8632)
2024/10/09 01:24:40 実行中(8632)
2024/10/09 01:24:41 終了しました(8632)
2024/10/10 01:55:19 開始します(1280)
2024/10/10 01:55:19 非実行(1280)
2024/10/10 01:55:19 実行中(1280)
2024/10/10 01:55:20 終了しました(1280)
2024/10/11 01:04:25 開始します(12492)
2024/10/11 01:04:25 非実行(12492)
2024/10/11 01:04:25 実行中(12492)
2024/10/11 01:04:26 終了しました(12492)
2024/10/13 01:33:12 開始します(1056)
2024/10/13 01:33:12 非実行(1056)
2024/10/13 01:33:12 実行中(1056)
2024/10/13 01:33:13 終了しました(1056)
2024/10/16 00:07:58 開始します(1256)
2024/10/16 00:07:58 非実行(1256)
2024/10/16 00:07:58 実行中(1256)
2024/10/16 00:07:59 終了しました(1256)
2024/10/17 00:37:32 開始します(5248)
2024/10/17 00:37:32 非実行(5248)
2024/10/17 00:37:32 実行中(5248)
2024/10/17 00:37:32 終了しました(5248)
2024/10/18 05:03:13 開始します(3384)
2024/10/18 05:03:13 非実行(3384)
2024/10/18 05:03:13 実行中(3384)
2024/10/18 05:03:14 終了しました(3384)
2024/10/18 23:25:48 開始します(6540)
2024/10/18 23:25:48 非実行(6540)
2024/10/18 23:25:48 実行中(6540)
2024/10/18 23:25:49 終了しました(6540)
2024/10/21 23:19:02 開始します(8920)
2024/10/21 23:19:02 非実行(8920)
2024/10/21 23:19:02 実行中(8920)
2024/10/21 23:19:03 終了しました(8920)
2024/10/22 23:35:42 開始します(4836)
2024/10/22 23:35:42 非実行(4836)
2024/10/22 23:35:42 実行中(4836)
2024/10/22 23:35:43 終了しました(4836)
2024/10/23 23:15:21 開始します(3076)
2024/10/23 23:15:21 非実行(3076)
2024/10/23 23:15:21 実行中(3076)
2024/10/23 23:15:22 終了しました(3076)
2024/10/25 02:37:46 開始します(3892)
2024/10/25 02:37:46 非実行(3892)
2024/10/25 02:37:46 実行中(3892)
2024/10/25 02:37:47 終了しました(3892)
2024/10/27 07:43:53 開始します(4104)
2024/10/27 07:43:53 非実行(4104)
2024/10/27 07:43:53 実行中(4104)
2024/10/27 07:43:54 終了しました(4104)
2024/10/28 23:14:44 開始します(6240)
2024/10/28 23:14:44 非実行(6240)
2024/10/28 23:14:44 実行中(6240)
2024/10/28 23:14:45 終了しました(6240)
2024/10/29 23:20:18 開始します(2132)
2024/10/29 23:20:18 非実行(2132)
2024/10/29 23:20:18 実行中(2132)
2024/10/29 23:20:19 終了しました(2132)
2024/10/30 20:53:36 開始します(6120)
2024/10/30 20:53:36 非実行(6120)
2024/10/30 20:53:36 実行中(6120)
2024/10/30 20:53:36 終了しました(6120)
2024/10/31 21:41:06 開始します(8832)
2024/10/31 21:41:06 非実行(8832)
2024/10/31 21:41:06 実行中(8832)
2024/10/31 21:41:07 終了しました(8832)
2024/11/03 14:52:09 開始します(1172)
2024/11/03 14:52:09 非実行(1172)
2024/11/03 14:52:09 実行中(1172)
2024/11/03 14:52:10 終了しました(1172)
2024/11/05 21:52:27 開始します(1156)
2024/11/05 21:52:27 非実行(1156)
2024/11/05 21:52:27 実行中(1156)
2024/11/05 21:52:28 終了しました(1156)
2024/11/06 13:58:12 開始します(6372)
2024/11/06 13:58:12 非実行(6372)
2024/11/06 13:58:12 実行中(6372)
2024/11/06 13:58:12 終了しました(6372)
2024/11/07 00:35:06 開始します(7552)
2024/11/07 00:35:06 非実行(7552)
2024/11/07 00:35:06 実行中(7552)
2024/11/07 00:35:07 終了しました(7552)
2024/11/08 02:14:33 開始します(7420)
2024/11/08 02:14:33 非実行(7420)
2024/11/08 02:14:33 実行中(7420)
2024/11/08 02:14:34 終了しました(7420)
2024/11/09 03:26:12 開始します(7248)
2024/11/09 03:26:12 非実行(7248)
2024/11/09 03:26:12 実行中(7248)
2024/11/09 03:26:13 終了しました(7248)
2024/11/12 01:49:14 開始します(6460)
2024/11/12 01:49:14 非実行(6460)
2024/11/12 01:49:14 実行中(6460)
2024/11/12 01:49:15 終了しました(6460)
2024/11/13 02:47:20 開始します(2476)
2024/11/13 02:47:20 非実行(2476)
2024/11/13 02:47:20 実行中(2476)
2024/11/13 02:47:20 終了しました(2476)
2024/11/14 03:34:16 開始します(8144)
2024/11/14 03:34:16 非実行(8144)
2024/11/14 03:34:16 実行中(8144)
2024/11/14 03:34:16 終了しました(8144)
2024/11/15 03:26:26 開始します(4108)
2024/11/15 03:26:26 非実行(4108)
2024/11/15 03:26:26 実行中(4108)
2024/11/15 03:26:27 終了しました(4108)
2024/11/17 01:40:51 開始します(5548)
2024/11/17 01:40:51 非実行(5548)
2024/11/17 01:40:51 実行中(5548)
2024/11/17 01:40:52 終了しました(5548)
2024/11/19 03:48:30 開始します(6312)
2024/11/19 03:48:30 非実行(6312)
2024/11/19 03:48:30 実行中(6312)
2024/11/19 03:48:30 終了しました(6312)
2024/11/20 03:31:41 開始します(5724)
2024/11/20 03:31:41 非実行(5724)
2024/11/20 03:31:41 実行中(5724)
2024/11/20 03:31:42 終了しました(5724)
2024/11/20 18:20:30 開始します(5136)
2024/11/20 18:20:30 非実行(5136)
2024/11/20 18:20:30 実行中(5136)
2024/11/20 18:20:31 終了しました(5136)
2024/11/22 03:38:27 開始します(5700)
2024/11/22 03:38:27 非実行(5700)
2024/11/22 03:38:27 実行中(5700)
2024/11/22 03:38:28 終了しました(5700)
2024/11/25 03:11:03 開始します(4280)
2024/11/25 03:11:03 非実行(4280)
2024/11/25 03:11:03 実行中(4280)
2024/11/25 03:11:04 終了しました(4280)
2024/12/04 03:12:03 開始します(8204)
2024/12/04 03:12:03 非実行(8204)
2024/12/04 03:12:03 実行中(8204)
2024/12/04 03:12:03 終了しました(8204)
2024/12/05 00:04:50 開始します(7904)
2024/12/05 00:04:50 非実行(7904)
2024/12/05 00:04:50 実行中(7904)
2024/12/05 00:04:50 終了しました(7904)
2024/12/05 22:39:18 開始します(8452)
2024/12/05 22:39:18 非実行(8452)
2024/12/05 22:39:18 実行中(8452)
2024/12/05 22:39:18 終了しました(8452)
2024/12/07 00:50:39 開始します(10220)
2024/12/07 00:50:39 非実行(10220)
2024/12/07 00:50:39 実行中(10220)
2024/12/07 00:50:39 終了しました(10220)
2024/12/11 00:57:24 開始します(372)
2024/12/11 00:57:24 非実行(372)
2024/12/11 00:57:24 実行中(372)
2024/12/11 00:57:25 終了しました(372)
2024/12/12 02:31:39 開始します(3112)
2024/12/12 02:31:39 非実行(3112)
2024/12/12 02:31:39 実行中(3112)
2024/12/12 02:31:40 終了しました(3112)
2024/12/12 23:34:07 開始します(4472)
2024/12/12 23:34:07 非実行(4472)
2024/12/12 23:34:07 実行中(4472)
2024/12/12 23:34:08 終了しました(4472)
2024/12/15 23:46:48 開始します(6316)
2024/12/15 23:46:48 非実行(6316)
2024/12/15 23:46:48 実行中(6316)
2024/12/15 23:46:48 終了しました(6316)
2024/12/17 02:32:25 開始します(5676)
2024/12/17 02:32:25 非実行(5676)
2024/12/17 02:32:25 実行中(5676)
2024/12/17 02:32:26 終了しました(5676)
2024/12/18 00:44:27 開始します(164)
2024/12/18 00:44:27 非実行(164)
2024/12/18 00:44:27 実行中(164)
2024/12/18 00:44:28 終了しました(164)
2024/12/18 23:56:48 開始します(8340)
2024/12/18 23:56:48 非実行(8340)
2024/12/18 23:56:48 実行中(8340)
2024/12/18 23:56:49 終了しました(8340)
2024/12/20 01:12:46 開始します(5224)
2024/12/20 01:12:46 非実行(5224)
2024/12/20 01:12:46 実行中(5224)
2024/12/20 01:12:47 終了しました(5224)
2024/12/21 01:10:29 開始します(5004)
2024/12/21 01:10:29 非実行(5004)
2024/12/21 01:10:29 実行中(5004)
2024/12/21 01:10:30 終了しました(5004)
2024/12/22 03:45:14 開始します(2500)
2024/12/22 03:45:14 非実行(2500)
2024/12/22 03:45:14 実行中(2500)
2024/12/22 03:45:15 終了しました(2500)
2024/12/24 00:00:42 開始します(3064)
2024/12/24 00:00:42 非実行(3064)
2024/12/24 00:00:42 実行中(3064)
2024/12/24 00:00:43 終了しました(3064)
2025/01/31 10:24:52 開始します(9840)
2025/01/31 10:24:52 非実行(9840)
2025/01/31 10:24:52 実行中(9840)
2025/01/31 10:24:53 終了しました(9840)
2025/01/31 13:47:13 開始します(4608)
2025/01/31 13:47:13 非実行(4608)
2025/01/31 13:47:13 実行中(4608)
2025/01/31 13:47:14 終了しました(4608)
2025/01/31 14:02:30 開始します(5448)
2025/01/31 14:02:30 非実行(5448)
2025/01/31 14:02:30 実行中(5448)
2025/01/31 14:02:31 終了しました(5448)
2025/01/31 14:07:18 開始します(3556)
2025/01/31 14:07:18 非実行(3556)
2025/01/31 14:07:18 実行中(3556)
2025/01/31 14:07:20 終了しました(3556)
2025/01/31 14:09:50 開始します(9564)
2025/01/31 14:09:50 非実行(9564)
2025/01/31 14:09:50 実行中(9564)
2025/01/31 14:09:51 終了しました(9564)
2025/01/31 14:10:30 開始します(5792)
2025/01/31 14:10:30 非実行(5792)
2025/01/31 14:10:30 実行中(5792)
2025/01/31 14:10:32 終了しました(5792)
2025/02/03 09:53:58 開始します(2692)
2025/02/03 09:53:58 非実行(2692)
2025/02/03 09:53:58 実行中(2692)
2025/02/03 09:53:59 終了しました(2692)
2025/02/05 01:06:38 開始します(8252)
2025/02/05 01:06:38 非実行(8252)
2025/02/05 01:06:38 実行中(8252)
2025/02/05 01:06:39 終了しました(8252)
2025/02/05 14:24:37 開始します(2364)
2025/02/05 14:24:37 非実行(2364)
2025/02/05 14:24:37 実行中(2364)
2025/02/05 14:24:39 終了しました(2364)
2025/02/05 14:28:50 開始します(9168)
2025/02/05 14:28:50 非実行(9168)
2025/02/05 14:28:50 実行中(9168)
2025/02/05 14:28:52 終了しました(9168)
2025/02/06 01:04:54 開始します(9440)
2025/02/06 01:04:54 非実行(9440)
2025/02/06 01:04:54 実行中(9440)
2025/02/06 01:04:56 終了しました(9440)
2025/02/21 02:42:36 開始します(6356)
2025/02/21 02:42:36 非実行(6356)
2025/02/21 02:42:36 実行中(6356)
2025/02/21 02:42:38 終了しました(6356)
2025/02/21 23:58:48 開始します(1276)
2025/02/21 23:58:48 非実行(1276)
2025/02/21 23:58:48 実行中(1276)
2025/02/21 23:58:49 終了しました(1276)
2025/02/23 01:26:37 開始します(5888)
2025/02/23 01:26:37 非実行(5888)
2025/02/23 01:26:37 実行中(5888)
2025/02/23 01:26:38 終了しました(5888)
2025/02/27 20:30:10 開始します(4984)
2025/02/27 20:30:10 非実行(4984)
2025/02/27 20:30:10 実行中(4984)
2025/02/27 20:30:12 終了しました(4984)
2025/02/28 20:14:28 開始します(9492)
2025/02/28 20:14:28 非実行(9492)
2025/02/28 20:14:28 実行中(9492)
2025/02/28 20:14:29 終了しました(9492)
2025/03/07 19:04:02 開始します(7672)
2025/03/07 19:04:02 非実行(7672)
2025/03/07 19:04:02 実行中(7672)
2025/03/07 19:04:04 終了しました(7672)
2025/03/08 19:04:02 開始します(6896)
2025/03/08 19:04:02 非実行(6896)
2025/03/08 19:04:02 実行中(6896)
2025/03/08 19:04:03 終了しました(6896)
2025/03/09 19:04:02 開始します(9876)
2025/03/09 19:04:02 非実行(9876)
2025/03/09 19:04:02 実行中(9876)
2025/03/09 19:04:03 終了しました(9876)
2025/03/10 19:04:02 開始します(7568)
2025/03/10 19:04:02 非実行(7568)
2025/03/10 19:04:02 実行中(7568)
2025/03/10 19:04:03 終了しました(7568)
2025/03/11 19:04:02 開始します(2068)
2025/03/11 19:04:02 非実行(2068)
2025/03/11 19:04:02 実行中(2068)
2025/03/11 19:04:04 終了しました(2068)
2025/03/12 19:04:02 開始します(1620)
2025/03/12 19:04:02 非実行(1620)
2025/03/12 19:04:02 実行中(1620)
2025/03/12 19:04:04 終了しました(1620)
2025/03/13 19:04:02 開始します(11144)
2025/03/13 19:04:02 非実行(11144)
2025/03/13 19:04:02 実行中(11144)
2025/03/13 19:04:04 終了しました(11144)
2025/03/14 19:04:01 開始します(5168)
2025/03/14 19:04:01 非実行(5168)
2025/03/14 19:04:01 実行中(5168)
2025/03/14 19:04:02 終了しました(5168)
2025/03/15 19:04:01 開始します(4620)
2025/03/15 19:04:01 非実行(4620)
2025/03/15 19:04:01 実行中(4620)
2025/03/15 19:04:02 終了しました(4620)
2025/03/16 19:04:01 開始します(7616)
2025/03/16 19:04:01 非実行(7616)
2025/03/16 19:04:01 実行中(7616)
2025/03/16 19:04:03 終了しました(7616)
2025/03/17 19:04:01 開始します(7600)
2025/03/17 19:04:01 非実行(7600)
2025/03/17 19:04:01 実行中(7600)
2025/03/17 19:04:02 終了しました(7600)
2025/03/18 19:04:01 開始します(696)
2025/03/18 19:04:01 非実行(696)
2025/03/18 19:04:01 実行中(696)
2025/03/18 19:04:02 終了しました(696)
2025/03/19 19:04:01 開始します(3092)
2025/03/19 19:04:01 非実行(3092)
2025/03/19 19:04:01 実行中(3092)
2025/03/19 19:04:03 終了しました(3092)
2025/03/20 19:04:01 開始します(9744)
2025/03/20 19:04:01 非実行(9744)
2025/03/20 19:04:01 実行中(9744)
2025/03/20 19:04:03 終了しました(9744)
2025/03/21 19:04:01 開始します(8344)
2025/03/21 19:04:01 非実行(8344)
2025/03/21 19:04:01 実行中(8344)
2025/03/21 19:04:03 終了しました(8344)
2025/03/22 19:04:01 開始します(5580)
2025/03/22 19:04:01 非実行(5580)
2025/03/22 19:04:01 実行中(5580)
2025/03/22 19:04:02 終了しました(5580)
2025/03/23 19:04:01 開始します(4120)
2025/03/23 19:04:01 非実行(4120)
2025/03/23 19:04:01 実行中(4120)
2025/03/23 19:04:03 終了しました(4120)
2025/03/24 19:04:01 開始します(1660)
2025/03/24 19:04:01 非実行(1660)
2025/03/24 19:04:01 実行中(1660)
2025/03/24 19:04:03 終了しました(1660)
2025/03/25 19:04:01 開始します(6800)
2025/03/25 19:04:01 非実行(6800)
2025/03/25 19:04:01 実行中(6800)
2025/03/25 19:04:03 終了しました(6800)
2025/03/26 19:04:01 開始します(2688)
2025/03/26 19:04:01 非実行(2688)
2025/03/26 19:04:01 実行中(2688)
2025/03/26 19:04:03 終了しました(2688)
2025/03/27 19:04:01 開始します(6468)
2025/03/27 19:04:01 非実行(6468)
2025/03/27 19:04:01 実行中(6468)
2025/03/27 19:04:03 終了しました(6468)
2025/03/28 19:04:01 開始します(7304)
2025/03/28 19:04:01 非実行(7304)
2025/03/28 19:04:01 実行中(7304)
2025/03/28 19:04:03 終了しました(7304)
2025/03/29 19:04:01 開始します(5100)
2025/03/29 19:04:01 非実行(5100)
2025/03/29 19:04:01 実行中(5100)
2025/03/29 19:04:03 終了しました(5100)
2025/03/30 19:04:01 開始します(11212)
2025/03/30 19:04:01 非実行(11212)
2025/03/30 19:04:01 実行中(11212)
2025/03/30 19:04:03 終了しました(11212)
2025/03/31 19:04:01 開始します(9876)
2025/03/31 19:04:01 非実行(9876)
2025/03/31 19:04:01 実行中(9876)
2025/03/31 19:04:03 終了しました(9876)
2025/04/01 19:04:01 開始します(8732)
2025/04/01 19:04:01 非実行(8732)
2025/04/01 19:04:01 実行中(8732)
2025/04/01 19:04:03 終了しました(8732)
2025/04/02 19:04:01 開始します(9416)
2025/04/02 19:04:01 非実行(9416)
2025/04/02 19:04:01 実行中(9416)
2025/04/02 19:04:03 終了しました(9416)
2025/04/03 19:04:01 開始します(4692)
2025/04/03 19:04:01 非実行(4692)
2025/04/03 19:04:01 実行中(4692)
2025/04/03 19:04:03 終了しました(4692)
2025/04/04 19:04:01 開始します(9984)
2025/04/04 19:04:01 非実行(9984)
2025/04/04 19:04:01 実行中(9984)
2025/04/04 19:04:03 終了しました(9984)
2025/04/05 19:04:01 開始します(4760)
2025/04/05 19:04:01 非実行(4760)
2025/04/05 19:04:01 実行中(4760)
2025/04/05 19:04:03 終了しました(4760)
2025/04/06 19:04:01 開始します(6880)
2025/04/06 19:04:01 非実行(6880)
2025/04/06 19:04:01 実行中(6880)
2025/04/06 19:04:03 終了しました(6880)
2025/04/07 19:04:01 開始します(816)
2025/04/07 19:04:01 非実行(816)
2025/04/07 19:04:01 実行中(816)
2025/04/07 19:04:03 終了しました(816)
2025/04/08 19:04:01 開始します(6964)
2025/04/08 19:04:01 非実行(6964)
2025/04/08 19:04:01 実行中(6964)
2025/04/08 19:04:03 終了しました(6964)
2025/04/09 19:04:01 開始します(4268)
2025/04/09 19:04:01 非実行(4268)
2025/04/09 19:04:01 実行中(4268)
2025/04/09 19:04:03 終了しました(4268)
2025/04/10 19:04:01 開始します(4948)
2025/04/10 19:04:01 非実行(4948)
2025/04/10 19:04:01 実行中(4948)
2025/04/10 19:04:03 終了しました(4948)
2025/04/11 19:04:01 開始します(6972)
2025/04/11 19:04:01 非実行(6972)
2025/04/11 19:04:01 実行中(6972)
2025/04/11 19:04:03 終了しました(6972)
2025/04/12 19:04:01 開始します(11664)
2025/04/12 19:04:01 非実行(11664)
2025/04/12 19:04:01 実行中(11664)
2025/04/12 19:04:03 終了しました(11664)
2025/04/13 19:04:01 開始します(3448)
2025/04/13 19:04:01 非実行(3448)
2025/04/13 19:04:01 実行中(3448)
2025/04/13 19:04:03 終了しました(3448)
2025/04/14 19:04:01 開始します(12076)
2025/04/14 19:04:01 非実行(12076)
2025/04/14 19:04:01 実行中(12076)
2025/04/14 19:04:03 終了しました(12076)
2025/04/15 19:04:01 開始します(8600)
2025/04/15 19:04:01 非実行(8600)
2025/04/15 19:04:01 実行中(8600)
2025/04/15 19:04:03 終了しました(8600)
2025/04/16 19:04:01 開始します(3576)
2025/04/16 19:04:01 非実行(3576)
2025/04/16 19:04:01 実行中(3576)
2025/04/16 19:04:03 終了しました(3576)
2025/04/17 19:04:02 開始します(4720)
2025/04/17 19:04:02 非実行(4720)
2025/04/17 19:04:02 実行中(4720)
2025/04/17 19:04:04 終了しました(4720)
2025/04/18 19:04:02 開始します(3196)
2025/04/18 19:04:02 非実行(3196)
2025/04/18 19:04:02 実行中(3196)
2025/04/18 19:04:04 終了しました(3196)
2025/04/19 19:04:01 開始します(5452)
2025/04/19 19:04:01 非実行(5452)
2025/04/19 19:04:01 実行中(5452)
2025/04/19 19:04:03 終了しました(5452)
2025/04/20 19:04:01 開始します(4128)
2025/04/20 19:04:01 非実行(4128)
2025/04/20 19:04:01 実行中(4128)
2025/04/20 19:04:03 終了しました(4128)
2025/04/21 19:04:01 開始します(8052)
2025/04/21 19:04:01 非実行(8052)
2025/04/21 19:04:01 実行中(8052)
2025/04/21 19:04:03 終了しました(8052)
2025/04/22 19:04:02 開始します(6096)
2025/04/22 19:04:02 非実行(6096)
2025/04/22 19:04:02 実行中(6096)
2025/04/22 19:04:04 終了しました(6096)
2025/04/23 19:04:01 開始します(1060)
2025/04/23 19:04:01 非実行(1060)
2025/04/23 19:04:01 実行中(1060)
2025/04/23 19:04:03 終了しました(1060)
2025/04/24 19:04:02 開始します(5020)
2025/04/24 19:04:02 非実行(5020)
2025/04/24 19:04:02 実行中(5020)
2025/04/24 19:04:03 終了しました(5020)
2025/04/25 19:04:02 開始します(2028)
2025/04/25 19:04:02 非実行(2028)
2025/04/25 19:04:02 実行中(2028)
2025/04/25 19:04:04 終了しました(2028)
2025/04/26 19:04:01 開始します(5340)
2025/04/26 19:04:01 非実行(5340)
2025/04/26 19:04:01 実行中(5340)
2025/04/26 19:04:03 終了しました(5340)
2025/04/27 19:04:01 開始します(964)
2025/04/27 19:04:01 非実行(964)
2025/04/27 19:04:01 実行中(964)
2025/04/27 19:04:03 終了しました(964)
2025/04/28 19:04:02 開始します(2972)
2025/04/28 19:04:02 非実行(2972)
2025/04/28 19:04:02 実行中(2972)
2025/04/28 19:04:03 終了しました(2972)
2025/04/29 19:04:01 開始します(2348)
2025/04/29 19:04:01 非実行(2348)
2025/04/29 19:04:01 実行中(2348)
2025/04/29 19:04:03 終了しました(2348)
2025/04/30 19:04:01 開始します(7340)
2025/04/30 19:04:01 非実行(7340)
2025/04/30 19:04:01 実行中(7340)
2025/04/30 19:04:03 終了しました(7340)
2025/05/01 19:04:01 開始します(7120)
2025/05/01 19:04:01 非実行(7120)
2025/05/01 19:04:01 実行中(7120)
2025/05/01 19:04:03 終了しました(7120)
2025/05/02 19:04:01 開始します(6452)
2025/05/02 19:04:01 非実行(6452)
2025/05/02 19:04:01 実行中(6452)
2025/05/02 19:04:03 終了しました(6452)
2025/05/03 19:04:02 開始します(1828)
2025/05/03 19:04:02 非実行(1828)
2025/05/03 19:04:02 実行中(1828)
2025/05/03 19:04:03 終了しました(1828)
2025/05/04 19:04:01 開始します(4912)
2025/05/04 19:04:01 非実行(4912)
2025/05/04 19:04:01 実行中(4912)
2025/05/04 19:04:03 終了しました(4912)
2025/05/05 19:04:02 開始します(952)
2025/05/05 19:04:02 非実行(952)
2025/05/05 19:04:02 実行中(952)
2025/05/05 19:04:04 終了しました(952)
2025/05/06 19:04:01 開始します(1952)
2025/05/06 19:04:01 非実行(1952)
2025/05/06 19:04:01 実行中(1952)
2025/05/06 19:04:03 終了しました(1952)
2025/05/07 19:04:02 開始します(6096)
2025/05/07 19:04:02 非実行(6096)
2025/05/07 19:04:02 実行中(6096)
2025/05/07 19:04:03 終了しました(6096)
2025/05/08 19:04:01 開始します(5720)
2025/05/08 19:04:01 非実行(5720)
2025/05/08 19:04:01 実行中(5720)
2025/05/08 19:04:03 終了しました(5720)
2025/05/09 19:04:01 開始します(7256)
2025/05/09 19:04:01 非実行(7256)
2025/05/09 19:04:01 実行中(7256)
2025/05/09 19:04:03 終了しました(7256)
2025/05/10 19:04:01 開始します(4248)
2025/05/10 19:04:01 非実行(4248)
2025/05/10 19:04:01 実行中(4248)
2025/05/10 19:04:03 終了しました(4248)
2025/05/11 19:04:02 開始します(5452)
2025/05/11 19:04:02 非実行(5452)
2025/05/11 19:04:02 実行中(5452)
2025/05/11 19:04:03 終了しました(5452)
2025/05/12 19:04:01 開始します(5992)
2025/05/12 19:04:01 非実行(5992)
2025/05/12 19:04:01 実行中(5992)
2025/05/12 19:04:03 終了しました(5992)
2025/05/13 19:04:01 開始します(5372)
2025/05/13 19:04:01 非実行(5372)
2025/05/13 19:04:01 実行中(5372)
2025/05/13 19:04:03 終了しました(5372)
2025/05/14 19:04:01 開始します(3564)
2025/05/14 19:04:01 非実行(3564)
2025/05/14 19:04:01 実行中(3564)
2025/05/14 19:04:03 終了しました(3564)
2025/05/15 19:04:01 開始します(1240)
2025/05/15 19:04:01 非実行(1240)
2025/05/15 19:04:01 実行中(1240)
2025/05/15 19:04:03 終了しました(1240)
2025/05/16 19:04:01 開始します(3740)
2025/05/16 19:04:01 非実行(3740)
2025/05/16 19:04:01 実行中(3740)
2025/05/16 19:04:03 終了しました(3740)
2025/05/17 19:04:01 開始します(4344)
2025/05/17 19:04:01 非実行(4344)
2025/05/17 19:04:01 実行中(4344)
2025/05/17 19:04:03 終了しました(4344)
2025/05/18 19:04:01 開始します(6284)
2025/05/18 19:04:01 非実行(6284)
2025/05/18 19:04:01 実行中(6284)
2025/05/18 19:04:03 終了しました(6284)
2025/05/19 19:04:01 開始します(1896)
2025/05/19 19:04:01 非実行(1896)
2025/05/19 19:04:01 実行中(1896)
2025/05/19 19:04:03 終了しました(1896)
2025/05/20 19:04:01 開始します(7340)
2025/05/20 19:04:01 非実行(7340)
2025/05/20 19:04:01 実行中(7340)
2025/05/20 19:04:03 終了しました(7340)
2025/05/21 19:04:01 開始します(5072)
2025/05/21 19:04:01 非実行(5072)
2025/05/21 19:04:01 実行中(5072)
2025/05/21 19:04:03 終了しました(5072)
2025/05/23 19:03:59 開始します(5280)
2025/05/23 19:03:59 非実行(5280)
2025/05/23 19:03:59 実行中(5280)
2025/05/23 19:04:01 終了しました(5280)
2025/05/24 19:04:00 開始します(5024)
2025/05/24 19:04:00 非実行(5024)
2025/05/24 19:04:00 実行中(5024)
2025/05/24 19:04:01 終了しました(5024)
2025/05/25 19:03:59 開始します(5752)
2025/05/25 19:03:59 非実行(5752)
2025/05/25 19:03:59 実行中(5752)
2025/05/25 19:04:00 終了しました(5752)
2025/05/26 19:03:59 開始します(7776)
2025/05/26 19:03:59 非実行(7776)
2025/05/26 19:03:59 実行中(7776)
2025/05/26 19:04:01 終了しました(7776)
2025/05/27 19:03:59 開始します(3208)
2025/05/27 19:03:59 非実行(3208)
2025/05/27 19:03:59 実行中(3208)
2025/05/27 19:04:00 終了しました(3208)
2025/05/28 19:03:59 開始します(5040)
2025/05/28 19:03:59 非実行(5040)
2025/05/28 19:03:59 実行中(5040)
2025/05/28 19:04:01 終了しました(5040)
2025/05/29 19:03:59 開始します(4372)
2025/05/29 19:03:59 非実行(4372)
2025/05/29 19:03:59 実行中(4372)
2025/05/29 19:04:01 終了しました(4372)
2025/05/30 19:04:00 開始します(4920)
2025/05/30 19:04:00 非実行(4920)
2025/05/30 19:04:00 実行中(4920)
2025/05/30 19:04:01 終了しました(4920)
2025/05/31 19:03:59 開始します(3732)
2025/05/31 19:03:59 非実行(3732)
2025/05/31 19:03:59 実行中(3732)
2025/05/31 19:04:01 終了しました(3732)
2025/06/01 19:04:00 開始します(5936)
2025/06/01 19:04:00 非実行(5936)
2025/06/01 19:04:00 実行中(5936)
2025/06/01 19:04:02 終了しました(5936)
2025/06/02 19:03:59 開始します(6808)
2025/06/02 19:03:59 非実行(6808)
2025/06/02 19:03:59 実行中(6808)
2025/06/02 19:04:01 終了しました(6808)
2025/06/03 19:03:59 開始します(5712)
2025/06/03 19:03:59 非実行(5712)
2025/06/03 19:03:59 実行中(5712)
2025/06/03 19:04:01 終了しました(5712)
2025/06/04 19:03:59 開始します(4372)
2025/06/04 19:03:59 非実行(4372)
2025/06/04 19:03:59 実行中(4372)
2025/06/04 19:04:01 終了しました(4372)
2025/06/05 19:03:59 開始します(1828)
2025/06/05 19:03:59 非実行(1828)
2025/06/05 19:03:59 実行中(1828)
2025/06/05 19:04:01 終了しました(1828)
2025/06/06 19:04:00 開始します(1516)
2025/06/06 19:04:00 非実行(1516)
2025/06/06 19:04:00 実行中(1516)
2025/06/06 19:04:02 終了しました(1516)
2025/06/07 19:03:59 開始します(5564)
2025/06/07 19:03:59 非実行(5564)
2025/06/07 19:03:59 実行中(5564)
2025/06/07 19:04:00 終了しました(5564)
2025/06/08 19:03:59 開始します(5780)
2025/06/08 19:03:59 非実行(5780)
2025/06/08 19:03:59 実行中(5780)
2025/06/08 19:04:00 終了しました(5780)
2025/06/09 19:03:59 開始します(3728)
2025/06/09 19:03:59 非実行(3728)
2025/06/09 19:03:59 実行中(3728)
2025/06/09 19:04:01 終了しました(3728)
2025/06/10 19:03:59 開始します(3704)
2025/06/10 19:03:59 非実行(3704)
2025/06/10 19:03:59 実行中(3704)
2025/06/10 19:04:01 終了しました(3704)
2025/06/11 19:03:59 開始します(5732)
2025/06/11 19:03:59 非実行(5732)
2025/06/11 19:03:59 実行中(5732)
2025/06/11 19:04:02 終了しました(5732)
2025/06/12 19:03:59 開始します(5564)
2025/06/12 19:03:59 非実行(5564)
2025/06/12 19:03:59 実行中(5564)
2025/06/12 19:04:01 終了しました(5564)
2025/06/13 19:03:59 開始します(6468)
2025/06/13 19:03:59 非実行(6468)
2025/06/13 19:03:59 実行中(6468)
2025/06/13 19:04:01 終了しました(6468)
2025/06/14 19:03:59 開始します(5332)
2025/06/14 19:03:59 非実行(5332)
2025/06/14 19:03:59 実行中(5332)
2025/06/14 19:04:00 終了しました(5332)
2025/06/15 19:04:00 開始します(5556)
2025/06/15 19:04:00 非実行(5556)
2025/06/15 19:04:00 実行中(5556)
2025/06/15 19:04:02 終了しました(5556)
2025/06/16 19:03:59 開始します(5332)
2025/06/16 19:03:59 非実行(5332)
2025/06/16 19:03:59 実行中(5332)
2025/06/16 19:04:01 終了しました(5332)
2025/06/17 19:03:59 開始します(7088)
2025/06/17 19:03:59 非実行(7088)
2025/06/17 19:03:59 実行中(7088)
2025/06/17 19:04:01 終了しました(7088)
2025/06/18 19:03:59 開始します(5492)
2025/06/18 19:03:59 非実行(5492)
2025/06/18 19:03:59 実行中(5492)
2025/06/18 19:04:01 終了しました(5492)
2025/06/19 19:03:59 開始します(1136)
2025/06/19 19:03:59 非実行(1136)
2025/06/19 19:03:59 実行中(1136)
2025/06/19 19:04:01 終了しました(1136)
2025/06/20 19:03:59 開始します(5296)
2025/06/20 19:03:59 非実行(5296)
2025/06/20 19:03:59 実行中(5296)
2025/06/20 19:04:01 終了しました(5296)
2025/06/21 19:03:59 開始します(1448)
2025/06/21 19:03:59 非実行(1448)
2025/06/21 19:03:59 実行中(1448)
2025/06/21 19:04:01 終了しました(1448)
2025/06/22 19:03:59 開始します(5312)
2025/06/22 19:03:59 非実行(5312)
2025/06/22 19:03:59 実行中(5312)
2025/06/22 19:04:00 終了しました(5312)
2025/06/23 19:03:59 開始します(1220)
2025/06/23 19:03:59 非実行(1220)
2025/06/23 19:03:59 実行中(1220)
2025/06/23 19:04:01 終了しました(1220)
2025/06/24 19:03:58 開始します(4088)
2025/06/24 19:03:58 非実行(4088)
2025/06/24 19:03:58 実行中(4088)
2025/06/24 19:04:00 終了しました(4088)
2025/06/25 19:03:59 開始します(2112)
2025/06/25 19:03:59 非実行(2112)
2025/06/25 19:03:59 実行中(2112)
2025/06/25 19:04:01 終了しました(2112)
2025/06/26 19:03:59 開始します(7032)
2025/06/26 19:03:59 非実行(7032)
2025/06/26 19:03:59 実行中(7032)
2025/06/26 19:04:01 終了しました(7032)
2025/06/27 19:03:59 開始します(5968)
2025/06/27 19:03:59 非実行(5968)
2025/06/27 19:03:59 実行中(5968)
2025/06/27 19:04:01 終了しました(5968)
2025/06/28 19:03:58 開始します(1000)
2025/06/28 19:03:58 非実行(1000)
2025/06/28 19:03:58 実行中(1000)
2025/06/28 19:04:00 終了しました(1000)
2025/06/29 19:03:58 開始します(4992)
2025/06/29 19:03:58 非実行(4992)
2025/06/29 19:03:58 実行中(4992)
2025/06/29 19:04:00 終了しました(4992)
2025/06/30 19:03:59 開始します(5024)
2025/06/30 19:03:59 非実行(5024)
2025/06/30 19:03:59 実行中(5024)
2025/06/30 19:04:01 終了しました(5024)
2025/07/01 19:04:00 開始します(6408)
2025/07/01 19:04:00 非実行(6408)
2025/07/01 19:04:00 実行中(6408)
2025/07/01 19:04:02 終了しました(6408)
2025/07/02 19:03:59 開始します(5284)
2025/07/02 19:03:59 非実行(5284)
2025/07/02 19:03:59 実行中(5284)
2025/07/02 19:04:00 終了しました(5284)
2025/07/03 19:04:00 開始します(2320)
2025/07/03 19:04:00 非実行(2320)
2025/07/03 19:04:00 実行中(2320)
2025/07/03 19:04:01 終了しました(2320)
2025/07/04 19:03:59 開始します(1232)
2025/07/04 19:03:59 非実行(1232)
2025/07/04 19:03:59 実行中(1232)
2025/07/04 19:04:01 終了しました(1232)
2025/07/05 19:03:59 開始します(3228)
2025/07/05 19:03:59 非実行(3228)
2025/07/05 19:03:59 実行中(3228)
2025/07/05 19:04:00 終了しました(3228)
2025/07/06 19:03:59 開始します(3428)
2025/07/06 19:03:59 非実行(3428)
2025/07/06 19:03:59 実行中(3428)
2025/07/06 19:04:01 終了しました(3428)
2025/07/07 19:03:59 開始します(3644)
2025/07/07 19:03:59 非実行(3644)
2025/07/07 19:03:59 実行中(3644)
2025/07/07 19:04:01 終了しました(3644)
2025/07/08 19:03:59 開始します(1076)
2025/07/08 19:03:59 非実行(1076)
2025/07/08 19:03:59 実行中(1076)
2025/07/08 19:04:01 終了しました(1076)
2025/07/09 19:03:59 開始します(6020)
2025/07/09 19:03:59 非実行(6020)
2025/07/09 19:03:59 実行中(6020)
2025/07/09 19:04:01 終了しました(6020)
2025/07/10 19:03:59 開始します(3568)
2025/07/10 19:03:59 非実行(3568)
2025/07/10 19:03:59 実行中(3568)
2025/07/10 19:04:01 終了しました(3568)
2025/07/11 19:03:59 開始します(4720)
2025/07/11 19:03:59 非実行(4720)
2025/07/11 19:03:59 実行中(4720)
2025/07/11 19:04:01 終了しました(4720)
2025/07/12 19:03:59 開始します(2004)
2025/07/12 19:03:59 非実行(2004)
2025/07/12 19:03:59 実行中(2004)
2025/07/12 19:04:01 終了しました(2004)
2025/07/13 19:03:59 開始します(5676)
2025/07/13 19:03:59 非実行(5676)
2025/07/13 19:03:59 実行中(5676)
2025/07/13 19:04:01 終了しました(5676)
2025/07/14 19:03:59 開始します(4344)
2025/07/14 19:03:59 非実行(4344)
2025/07/14 19:03:59 実行中(4344)
2025/07/14 19:04:01 終了しました(4344)
2025/07/15 19:03:59 開始します(5460)
2025/07/15 19:03:59 非実行(5460)
2025/07/15 19:03:59 実行中(5460)
2025/07/15 19:04:01 終了しました(5460)
2025/07/16 19:04:00 開始します(5888)
2025/07/16 19:04:00 非実行(5888)
2025/07/16 19:04:00 実行中(5888)
2025/07/16 19:04:02 終了しました(5888)
2025/07/17 19:03:59 開始します(6004)
2025/07/17 19:03:59 非実行(6004)
2025/07/17 19:03:59 実行中(6004)
2025/07/17 19:04:01 終了しました(6004)
2025/07/18 19:03:59 開始します(2264)
2025/07/18 19:03:59 非実行(2264)
2025/07/18 19:03:59 実行中(2264)
2025/07/18 19:04:01 終了しました(2264)
2025/07/19 19:04:00 開始します(1252)
2025/07/19 19:04:00 非実行(1252)
2025/07/19 19:04:00 実行中(1252)
2025/07/19 19:04:01 終了しました(1252)
2025/07/20 19:03:59 開始します(5592)
2025/07/20 19:03:59 非実行(5592)
2025/07/20 19:03:59 実行中(5592)
2025/07/20 19:04:00 終了しました(5592)
2025/07/21 19:03:59 開始します(5672)
2025/07/21 19:03:59 非実行(5672)
2025/07/21 19:03:59 実行中(5672)
2025/07/21 19:04:01 終了しました(5672)
2025/07/22 19:03:59 開始します(7124)
2025/07/22 19:03:59 非実行(7124)
2025/07/22 19:03:59 実行中(7124)
2025/07/22 19:04:01 終了しました(7124)
2025/07/23 19:03:58 開始します(4624)
2025/07/23 19:03:58 非実行(4624)
2025/07/23 19:03:58 実行中(4624)
2025/07/23 19:04:00 終了しました(4624)
2025/07/24 19:03:59 開始します(5540)
2025/07/24 19:03:59 非実行(5540)
2025/07/24 19:03:59 実行中(5540)
2025/07/24 19:04:01 終了しました(5540)
2025/07/25 19:03:59 開始します(1104)
2025/07/25 19:03:59 非実行(1104)
2025/07/25 19:03:59 実行中(1104)
2025/07/25 19:04:01 終了しました(1104)
2025/07/26 19:03:58 開始します(1556)
2025/07/26 19:03:58 非実行(1556)
2025/07/26 19:03:58 実行中(1556)
2025/07/26 19:04:00 終了しました(1556)
2025/07/27 19:03:59 開始します(2252)
2025/07/27 19:03:59 非実行(2252)
2025/07/27 19:03:59 実行中(2252)
2025/07/27 19:04:01 終了しました(2252)
2025/07/28 19:04:00 開始します(5852)
2025/07/28 19:04:00 非実行(5852)
2025/07/28 19:04:00 実行中(5852)
2025/07/28 19:04:02 終了しました(5852)
2025/07/29 19:03:59 開始します(3572)
2025/07/29 19:03:59 非実行(3572)
2025/07/29 19:03:59 実行中(3572)
2025/07/29 19:04:01 終了しました(3572)
2025/07/30 19:03:59 開始します(1268)
2025/07/30 19:03:59 非実行(1268)
2025/07/30 19:03:59 実行中(1268)
2025/07/30 19:04:01 終了しました(1268)
2025/07/31 19:03:59 開始します(2760)
2025/07/31 19:03:59 非実行(2760)
2025/07/31 19:03:59 実行中(2760)
2025/07/31 19:04:00 終了しました(2760)
2025/08/01 19:03:59 開始します(5828)
2025/08/01 19:03:59 非実行(5828)
2025/08/01 19:03:59 実行中(5828)
2025/08/01 19:04:01 終了しました(5828)
2025/08/02 19:03:59 開始します(3824)
2025/08/02 19:03:59 非実行(3824)
2025/08/02 19:03:59 実行中(3824)
2025/08/02 19:04:01 終了しました(3824)
2025/08/03 19:03:59 開始します(5724)
2025/08/03 19:03:59 非実行(5724)
2025/08/03 19:03:59 実行中(5724)
2025/08/03 19:04:01 終了しました(5724)
2025/08/04 19:04:00 開始します(816)
2025/08/04 19:04:00 非実行(816)
2025/08/04 19:04:00 実行中(816)
2025/08/04 19:04:01 終了しました(816)
2025/08/05 19:03:59 開始します(5164)
2025/08/05 19:03:59 非実行(5164)
2025/08/05 19:03:59 実行中(5164)
2025/08/05 19:04:01 終了しました(5164)
2025/08/06 19:04:00 開始します(4424)
2025/08/06 19:04:00 非実行(4424)
2025/08/06 19:04:00 実行中(4424)
2025/08/06 19:04:02 終了しました(4424)
2025/08/07 19:03:59 開始します(3980)
2025/08/07 19:03:59 非実行(3980)
2025/08/07 19:03:59 実行中(3980)
2025/08/07 19:04:01 終了しました(3980)
2025/08/08 19:04:00 開始します(6000)
2025/08/08 19:04:00 非実行(6000)
2025/08/08 19:04:00 実行中(6000)
2025/08/08 19:04:02 終了しました(6000)
2025/08/09 19:04:00 開始します(2016)
2025/08/09 19:04:00 非実行(2016)
2025/08/09 19:04:00 実行中(2016)
2025/08/09 19:04:01 終了しました(2016)
2025/08/10 19:03:59 開始します(6884)
2025/08/10 19:03:59 非実行(6884)
2025/08/10 19:03:59 実行中(6884)
2025/08/10 19:04:00 終了しました(6884)
2025/08/11 19:03:59 開始します(4700)
2025/08/11 19:03:59 非実行(4700)
2025/08/11 19:03:59 実行中(4700)
2025/08/11 19:04:01 終了しました(4700)
2025/08/12 19:04:00 開始します(2484)
2025/08/12 19:04:00 非実行(2484)
2025/08/12 19:04:00 実行中(2484)
2025/08/12 19:04:01 終了しました(2484)
2025/08/13 19:03:59 開始します(4756)
2025/08/13 19:03:59 非実行(4756)
2025/08/13 19:03:59 実行中(4756)
2025/08/13 19:04:01 終了しました(4756)
2025/08/14 19:03:58 開始します(6104)
2025/08/14 19:03:58 非実行(6104)
2025/08/14 19:03:58 実行中(6104)
2025/08/14 19:04:00 終了しました(6104)
2025/08/15 19:03:59 開始します(3032)
2025/08/15 19:03:59 非実行(3032)
2025/08/15 19:03:59 実行中(3032)
2025/08/15 19:04:01 終了しました(3032)
2025/08/16 19:03:59 開始します(7136)
2025/08/16 19:03:59 非実行(7136)
2025/08/16 19:03:59 実行中(7136)
2025/08/16 19:04:01 終了しました(7136)
2025/08/17 19:04:00 開始します(5668)
2025/08/17 19:04:00 非実行(5668)
2025/08/17 19:04:00 実行中(5668)
2025/08/17 19:04:02 終了しました(5668)
2025/08/18 19:03:59 開始します(3696)
2025/08/18 19:03:59 非実行(3696)
2025/08/18 19:03:59 実行中(3696)
2025/08/18 19:04:01 終了しました(3696)
2025/08/19 19:03:59 開始します(1932)
2025/08/19 19:03:59 非実行(1932)
2025/08/19 19:03:59 実行中(1932)
2025/08/19 19:04:01 終了しました(1932)
2025/08/20 19:03:59 開始します(5740)
2025/08/20 19:03:59 非実行(5740)
2025/08/20 19:03:59 実行中(5740)
2025/08/20 19:04:01 終了しました(5740)
2025/08/21 19:04:00 開始します(600)
2025/08/21 19:04:00 非実行(600)
2025/08/21 19:04:00 実行中(600)
2025/08/21 19:04:01 終了しました(600)
2025/08/22 19:03:59 開始します(1980)
2025/08/22 19:03:59 非実行(1980)
2025/08/22 19:03:59 実行中(1980)
2025/08/22 19:04:01 終了しました(1980)
2025/08/23 19:03:59 開始します(3744)
2025/08/23 19:03:59 非実行(3744)
2025/08/23 19:03:59 実行中(3744)
2025/08/23 19:04:01 終了しました(3744)
2025/08/24 19:03:59 開始します(2228)
2025/08/24 19:03:59 非実行(2228)
2025/08/24 19:03:59 実行中(2228)
2025/08/24 19:04:01 終了しました(2228)
2025/08/25 19:04:00 開始します(1604)
2025/08/25 19:04:00 非実行(1604)
2025/08/25 19:04:00 実行中(1604)
2025/08/25 19:04:01 終了しました(1604)
2025/08/26 19:03:59 開始します(2536)
2025/08/26 19:03:59 非実行(2536)
2025/08/26 19:03:59 実行中(2536)
2025/08/26 19:04:01 終了しました(2536)
2025/08/27 19:03:59 開始します(5620)
2025/08/27 19:03:59 非実行(5620)
2025/08/27 19:03:59 実行中(5620)
2025/08/27 19:04:01 終了しました(5620)
2025/08/28 19:04:00 開始します(6024)
2025/08/28 19:04:00 非実行(6024)
2025/08/28 19:04:00 実行中(6024)
2025/08/28 19:04:02 終了しました(6024)
2025/08/29 19:03:59 開始します(4368)
2025/08/29 19:03:59 非実行(4368)
2025/08/29 19:03:59 実行中(4368)
2025/08/29 19:04:01 終了しました(4368)
2025/08/30 19:03:59 開始します(4368)
2025/08/30 19:03:59 非実行(4368)
2025/08/30 19:03:59 実行中(4368)
2025/08/30 19:04:00 終了しました(4368)
2025/08/31 19:03:59 開始します(2308)
2025/08/31 19:03:59 非実行(2308)
2025/08/31 19:03:59 実行中(2308)
2025/08/31 19:04:01 終了しました(2308)
2025/09/01 19:04:00 開始します(5868)
2025/09/01 19:04:00 非実行(5868)
2025/09/01 19:04:00 実行中(5868)
2025/09/01 19:04:01 終了しました(5868)
2025/09/02 19:03:59 開始します(4572)
2025/09/02 19:03:59 非実行(4572)
2025/09/02 19:03:59 実行中(4572)
2025/09/02 19:04:00 終了しました(4572)
2025/09/03 19:03:58 開始します(1932)
2025/09/03 19:03:58 非実行(1932)
2025/09/03 19:03:58 実行中(1932)
2025/09/03 19:04:00 終了しました(1932)
2025/09/04 19:03:59 開始します(1012)
2025/09/04 19:03:59 非実行(1012)
2025/09/04 19:03:59 実行中(1012)
2025/09/04 19:04:01 終了しました(1012)
2025/09/05 19:04:00 開始します(1860)
2025/09/05 19:04:00 非実行(1860)
2025/09/05 19:04:00 実行中(1860)
2025/09/05 19:04:01 終了しました(1860)
2025/09/06 19:03:59 開始します(5224)
2025/09/06 19:03:59 非実行(5224)
2025/09/06 19:03:59 実行中(5224)
2025/09/06 19:04:01 終了しました(5224)
2025/09/07 19:03:59 開始します(5484)
2025/09/07 19:03:59 非実行(5484)
2025/09/07 19:03:59 実行中(5484)
2025/09/07 19:04:01 終了しました(5484)
2025/09/08 19:03:59 開始します(4960)
2025/09/08 19:03:59 非実行(4960)
2025/09/08 19:03:59 実行中(4960)
2025/09/08 19:04:00 終了しました(4960)
2025/09/09 19:03:59 開始します(1904)
2025/09/09 19:03:59 非実行(1904)
2025/09/09 19:03:59 実行中(1904)
2025/09/09 19:04:01 終了しました(1904)
2025/09/10 19:04:00 開始します(2292)
2025/09/10 19:04:00 非実行(2292)
2025/09/10 19:04:00 実行中(2292)
2025/09/10 19:04:02 終了しました(2292)
2025/09/11 19:03:59 開始します(5292)
2025/09/11 19:03:59 非実行(5292)
2025/09/11 19:03:59 実行中(5292)
2025/09/11 19:04:01 終了しました(5292)
2025/09/12 19:04:00 開始します(4584)
2025/09/12 19:04:00 非実行(4584)
2025/09/12 19:04:00 実行中(4584)
2025/09/12 19:04:02 終了しました(4584)
2025/09/13 19:04:00 開始します(5480)
2025/09/13 19:04:00 非実行(5480)
2025/09/13 19:04:00 実行中(5480)
2025/09/13 19:04:01 終了しました(5480)
2025/09/14 19:04:00 開始します(1612)
2025/09/14 19:04:00 非実行(1612)
2025/09/14 19:04:00 実行中(1612)
2025/09/14 19:04:01 終了しました(1612)
2025/09/15 19:04:00 開始します(6948)
2025/09/15 19:04:00 非実行(6948)
2025/09/15 19:04:00 実行中(6948)
2025/09/15 19:04:01 終了しました(6948)
2025/09/16 19:04:00 開始します(4536)
2025/09/16 19:04:00 非実行(4536)
2025/09/16 19:04:00 実行中(4536)
2025/09/16 19:04:02 終了しました(4536)
2025/09/17 19:04:00 開始します(6516)
2025/09/17 19:04:00 非実行(6516)
2025/09/17 19:04:00 実行中(6516)
2025/09/17 19:04:02 終了しました(6516)
2025/09/18 19:04:00 開始します(588)
2025/09/18 19:04:00 非実行(588)
2025/09/18 19:04:00 実行中(588)
2025/09/18 19:04:01 終了しました(588)
2025/09/19 19:03:59 開始します(1600)
2025/09/19 19:03:59 非実行(1600)
2025/09/19 19:03:59 実行中(1600)
2025/09/19 19:04:01 終了しました(1600)
2025/09/20 19:03:59 開始します(1524)
2025/09/20 19:03:59 非実行(1524)
2025/09/20 19:03:59 実行中(1524)
2025/09/20 19:04:01 終了しました(1524)
2025/09/21 19:03:59 開始します(3276)
2025/09/21 19:03:59 非実行(3276)
2025/09/21 19:03:59 実行中(3276)
2025/09/21 19:04:00 終了しました(3276)
2025/09/22 19:03:58 開始します(6080)
2025/09/22 19:03:58 非実行(6080)
2025/09/22 19:03:58 実行中(6080)
2025/09/22 19:04:00 終了しました(6080)
2025/09/23 19:03:59 開始します(4644)
2025/09/23 19:03:59 非実行(4644)
2025/09/23 19:03:59 実行中(4644)
2025/09/23 19:04:01 終了しました(4644)
2025/09/24 19:03:59 開始します(5996)
2025/09/24 19:03:59 非実行(5996)
2025/09/24 19:03:59 実行中(5996)
2025/09/24 19:04:01 終了しました(5996)
2025/09/25 19:03:59 開始します(5688)
2025/09/25 19:03:59 非実行(5688)
2025/09/25 19:03:59 実行中(5688)
2025/09/25 19:04:01 終了しました(5688)
2025/09/26 19:03:59 開始します(3208)
2025/09/26 19:03:59 非実行(3208)
2025/09/26 19:03:59 実行中(3208)
2025/09/26 19:04:01 終了しました(3208)
2025/09/27 19:03:58 開始します(5192)
2025/09/27 19:03:58 非実行(5192)
2025/09/27 19:03:58 実行中(5192)
2025/09/27 19:04:00 終了しました(5192)
2025/09/28 19:03:59 開始します(2012)
2025/09/28 19:03:59 非実行(2012)
2025/09/28 19:03:59 実行中(2012)
2025/09/28 19:04:01 終了しました(2012)
2025/09/29 19:03:58 開始します(5168)
2025/09/29 19:03:58 非実行(5168)
2025/09/29 19:03:58 実行中(5168)
2025/09/29 19:04:00 終了しました(5168)
2025/09/30 19:03:59 開始します(1316)
2025/09/30 19:03:59 非実行(1316)
2025/09/30 19:03:59 実行中(1316)
2025/09/30 19:04:01 終了しました(1316)
2025/10/01 19:03:59 開始します(3352)
2025/10/01 19:03:59 非実行(3352)
2025/10/01 19:03:59 実行中(3352)
2025/10/01 19:04:00 終了しました(3352)
2025/10/02 19:03:59 開始します(5360)
2025/10/02 19:03:59 非実行(5360)
2025/10/02 19:03:59 実行中(5360)
2025/10/02 19:04:01 終了しました(5360)
2025/10/03 19:03:59 開始します(5476)
2025/10/03 19:03:59 非実行(5476)
2025/10/03 19:03:59 実行中(5476)
2025/10/03 19:04:01 終了しました(5476)
2025/10/04 19:03:59 開始します(2908)
2025/10/04 19:03:59 非実行(2908)
2025/10/04 19:03:59 実行中(2908)
2025/10/04 19:04:00 終了しました(2908)
2025/10/05 19:04:00 開始します(6084)
2025/10/05 19:04:00 非実行(6084)
2025/10/05 19:04:00 実行中(6084)
2025/10/05 19:04:01 終了しました(6084)
2025/10/06 19:03:59 開始します(3904)
2025/10/06 19:03:59 非実行(3904)
2025/10/06 19:03:59 実行中(3904)
2025/10/06 19:04:01 終了しました(3904)
2025/10/07 19:04:00 開始します(6176)
2025/10/07 19:04:00 非実行(6176)
2025/10/07 19:04:00 実行中(6176)
2025/10/07 19:04:02 終了しました(6176)
2025/10/08 19:04:00 開始します(1128)
2025/10/08 19:04:00 非実行(1128)
2025/10/08 19:04:00 実行中(1128)
2025/10/08 19:04:02 終了しました(1128)
2025/10/09 19:03:59 開始します(5708)
2025/10/09 19:03:59 非実行(5708)
2025/10/09 19:03:59 実行中(5708)
2025/10/09 19:04:01 終了しました(5708)
2025/10/10 19:03:59 開始します(4916)
2025/10/10 19:03:59 非実行(4916)
2025/10/10 19:03:59 実行中(4916)
2025/10/10 19:04:01 終了しました(4916)
2025/10/11 19:03:59 開始します(6132)
2025/10/11 19:03:59 非実行(6132)
2025/10/11 19:03:59 実行中(6132)
2025/10/11 19:04:01 終了しました(6132)
2025/10/12 19:04:00 開始します(5508)
2025/10/12 19:04:00 非実行(5508)
2025/10/12 19:04:00 実行中(5508)
2025/10/12 19:04:01 終了しました(5508)
2025/10/13 19:03:59 開始します(5232)
2025/10/13 19:03:59 非実行(5232)
2025/10/13 19:03:59 実行中(5232)
2025/10/13 19:04:01 終了しました(5232)
2025/10/14 19:03:59 開始します(992)
2025/10/14 19:03:59 非実行(992)
2025/10/14 19:03:59 実行中(992)
2025/10/14 19:04:01 終了しました(992)
2025/10/15 19:04:00 開始します(964)
2025/10/15 19:04:00 非実行(964)
2025/10/15 19:04:00 実行中(964)
2025/10/15 19:04:02 終了しました(964)
2025/10/16 19:04:00 開始します(152)
2025/10/16 19:04:00 非実行(152)
2025/10/16 19:04:00 実行中(152)
2025/10/16 19:04:02 終了しました(152)
2025/10/17 19:03:59 開始します(5548)
2025/10/17 19:03:59 非実行(5548)
2025/10/17 19:03:59 実行中(5548)
2025/10/17 19:04:02 終了しました(5548)
2025/10/18 19:04:00 開始します(6116)
2025/10/18 19:04:00 非実行(6116)
2025/10/18 19:04:00 実行中(6116)
2025/10/18 19:04:02 終了しました(6116)
2025/10/19 19:03:59 開始します(684)
2025/10/19 19:03:59 非実行(684)
2025/10/19 19:03:59 実行中(684)
2025/10/19 19:04:01 終了しました(684)
2025/10/20 19:03:59 開始します(2324)
2025/10/20 19:03:59 非実行(2324)
2025/10/20 19:03:59 実行中(2324)
2025/10/20 19:04:01 終了しました(2324)
2025/10/21 19:03:58 開始します(5924)
2025/10/21 19:03:58 非実行(5924)
2025/10/21 19:03:58 実行中(5924)
2025/10/21 19:04:00 終了しました(5924)
2025/10/22 19:03:59 開始します(6712)
2025/10/22 19:03:59 非実行(6712)
2025/10/22 19:03:59 実行中(6712)
2025/10/22 19:04:00 終了しました(6712)
2025/10/23 19:03:58 開始します(6892)
2025/10/23 19:03:58 非実行(6892)
2025/10/23 19:03:58 実行中(6892)
2025/10/23 19:04:00 終了しました(6892)
2025/10/24 19:03:58 開始します(1744)
2025/10/24 19:03:58 非実行(1744)
2025/10/24 19:03:58 実行中(1744)
2025/10/24 19:03:59 終了しました(1744)
2025/10/25 19:03:57 開始します(7000)
2025/10/25 19:03:57 非実行(7000)
2025/10/25 19:03:57 実行中(7000)
2025/10/25 19:03:58 終了しました(7000)
2025/10/26 19:03:56 開始します(6016)
2025/10/26 19:03:56 非実行(6016)
2025/10/26 19:03:56 実行中(6016)
2025/10/26 19:03:58 終了しました(6016)
2025/10/27 19:03:56 開始します(3316)
2025/10/27 19:03:56 非実行(3316)
2025/10/27 19:03:56 実行中(3316)
2025/10/27 19:03:58 終了しました(3316)
