2018/10/19 07:28:29 開始します(4512)
2018/10/19 07:28:29 非実行(4512)
2018/10/19 07:28:29 実行中(4512)
2018/10/19 07:29:59 終了しました(4512)
2018/10/24 16:55:29 開始します(6324)
2018/10/24 16:55:29 非実行(6324)
2018/10/24 16:55:29 実行中(6324)
2018/10/24 16:56:55 終了しました(6324)
2018/10/25 19:04:37 開始します(6796)
2018/10/25 19:04:37 非実行(6796)
2018/10/25 19:04:37 実行中(6796)
2018/10/25 19:06:05 終了しました(6796)
2018/10/26 19:46:06 開始します(3684)
2018/10/26 19:46:06 非実行(3684)
2018/10/26 19:46:06 実行中(3684)
2018/10/26 19:47:35 終了しました(3684)
2018/11/01 19:29:36 開始します(5704)
2018/11/01 19:29:36 非実行(5704)
2018/11/01 19:29:36 実行中(5704)
2018/11/01 19:31:11 終了しました(5704)
2018/11/02 14:54:16 開始します(3364)
2018/11/02 14:54:16 非実行(3364)
2018/11/02 14:54:16 実行中(3364)
2018/11/02 14:55:51 終了しました(3364)
2018/11/02 16:28:01 開始します(4716)
2018/11/02 16:28:01 非実行(4716)
2018/11/02 16:28:01 実行中(4716)
2018/11/02 16:29:33 終了しました(4716)
2018/11/06 20:02:58 開始します(3728)
2018/11/06 20:02:58 非実行(3728)
2018/11/06 20:02:58 実行中(3728)
2018/11/06 20:04:16 終了しました(3728)
2018/11/07 18:56:17 開始します(2836)
2018/11/07 18:56:17 非実行(2836)
2018/11/07 18:56:17 実行中(2836)
2018/11/07 18:57:33 終了しました(2836)
2018/11/17 01:31:24 開始します(5360)
2018/11/17 01:31:24 非実行(5360)
2018/11/17 01:31:24 実行中(5360)
2018/11/17 01:32:42 終了しました(5360)
2018/11/20 14:34:06 開始します(960)
2018/11/20 14:34:06 非実行(960)
2018/11/20 14:34:06 実行中(960)
2018/11/20 14:35:23 終了しました(960)
2018/11/21 19:55:10 開始します(3364)
2018/11/21 19:55:10 非実行(3364)
2018/11/21 19:55:10 実行中(3364)
2018/11/21 19:56:21 終了しました(3364)
2018/11/22 19:41:47 開始します(5868)
2018/11/22 19:41:47 非実行(5868)
2018/11/22 19:41:47 実行中(5868)
2018/11/22 19:43:03 終了しました(5868)
2018/11/23 20:04:04 開始します(2760)
2018/11/23 20:04:04 非実行(2760)
2018/11/23 20:04:04 実行中(2760)
2018/11/23 20:05:21 終了しました(2760)
2018/11/26 14:13:39 開始します(3720)
2018/11/26 14:13:39 非実行(3720)
2018/11/26 14:13:39 実行中(3720)
2018/11/26 14:15:46 終了しました(3720)
2018/11/26 23:26:11 開始します(1672)
2018/11/26 23:26:11 非実行(1672)
2018/11/26 23:26:11 実行中(1672)
2018/11/26 23:28:17 終了しました(1672)
2018/11/27 23:08:30 開始します(180)
2018/11/27 23:08:30 非実行(180)
2018/11/27 23:08:30 実行中(180)
2018/11/27 23:10:33 終了しました(180)
2018/11/28 22:48:28 開始します(6572)
2018/11/28 22:48:28 非実行(6572)
2018/11/28 22:48:28 実行中(6572)
2018/11/28 22:50:35 終了しました(6572)
2018/11/29 22:28:19 開始します(3020)
2018/11/29 22:28:19 非実行(3020)
2018/11/29 22:28:19 実行中(3020)
2018/11/29 22:30:24 終了しました(3020)
2018/11/30 22:44:30 開始します(5772)
2018/11/30 22:44:30 非実行(5772)
2018/11/30 22:44:30 実行中(5772)
2018/11/30 22:45:46 終了しました(5772)
2018/12/07 23:26:13 開始します(5540)
2018/12/07 23:26:13 非実行(5540)
2018/12/07 23:26:13 実行中(5540)
2018/12/07 23:27:43 終了しました(5540)
2018/12/10 22:35:46 開始します(480)
2018/12/10 22:35:46 非実行(480)
2018/12/10 22:35:46 実行中(480)
2018/12/10 22:37:02 終了しました(480)
2018/12/11 22:56:14 開始します(6092)
2018/12/11 22:56:14 非実行(6092)
2018/12/11 22:56:14 実行中(6092)
2018/12/11 22:57:26 終了しました(6092)
2018/12/12 22:48:00 開始します(5912)
2018/12/12 22:48:00 非実行(5912)
2018/12/12 22:48:00 実行中(5912)
2018/12/12 22:49:19 終了しました(5912)
2018/12/25 19:57:02 開始します(4928)
2018/12/25 19:57:02 非実行(4928)
2018/12/25 19:57:02 実行中(4928)
2018/12/25 19:58:14 終了しました(4928)
2019/01/17 17:20:43 開始します(1868)
2019/01/17 17:20:43 非実行(1868)
2019/01/17 17:20:43 実行中(1868)
2019/01/17 17:22:09 終了しました(1868)
2019/01/22 17:48:42 開始します(5308)
2019/01/22 17:48:42 非実行(5308)
2019/01/22 17:48:42 実行中(5308)
2019/01/22 17:50:00 終了しました(5308)
2019/01/24 19:28:16 開始します(4796)
2019/01/24 19:28:16 非実行(4796)
2019/01/24 19:28:16 実行中(4796)
2019/01/24 19:29:33 終了しました(4796)
2019/01/25 23:33:56 開始します(4600)
2019/01/25 23:33:56 非実行(4600)
2019/01/25 23:33:56 実行中(4600)
2019/01/25 23:35:13 終了しました(4600)
2019/01/28 22:52:07 開始します(932)
2019/01/28 22:52:07 非実行(932)
2019/01/28 22:52:07 実行中(932)
2019/01/28 22:53:21 終了しました(932)
2019/01/30 00:16:15 開始します(6620)
2019/01/30 00:16:15 非実行(6620)
2019/01/30 00:16:15 実行中(6620)
2019/01/30 00:17:30 終了しました(6620)
2019/01/30 21:14:10 開始します(3688)
2019/01/30 21:14:10 非実行(3688)
2019/01/30 21:14:10 実行中(3688)
2019/01/30 21:15:27 終了しました(3688)
2019/01/31 20:19:32 開始します(6004)
2019/01/31 20:19:32 非実行(6004)
2019/01/31 20:19:32 実行中(6004)
2019/01/31 20:20:47 終了しました(6004)
2019/02/01 19:15:29 開始します(4848)
2019/02/01 19:15:29 非実行(4848)
2019/02/01 19:15:29 実行中(4848)
2019/02/01 19:16:46 終了しました(4848)
2019/02/04 22:59:08 開始します(6280)
2019/02/04 22:59:08 非実行(6280)
2019/02/04 22:59:08 実行中(6280)
2019/02/04 23:00:25 終了しました(6280)
2019/02/06 00:35:06 開始します(832)
2019/02/06 00:35:06 非実行(832)
2019/02/06 00:35:06 実行中(832)
2019/02/06 00:36:20 終了しました(832)
2019/02/06 18:43:54 開始します(4568)
2019/02/06 18:43:54 非実行(4568)
2019/02/06 18:43:54 実行中(4568)
2019/02/06 18:45:09 終了しました(4568)
2019/02/07 19:16:00 開始します(6500)
2019/02/07 19:16:00 非実行(6500)
2019/02/07 19:16:00 実行中(6500)
2019/02/07 19:17:15 終了しました(6500)
2019/02/08 19:58:12 開始します(6172)
2019/02/08 19:58:12 非実行(6172)
2019/02/08 19:58:12 実行中(6172)
2019/02/08 19:59:31 終了しました(6172)
2019/02/11 19:19:22 開始します(4636)
2019/02/11 19:19:22 非実行(4636)
2019/02/11 19:19:22 実行中(4636)
2019/02/11 19:20:51 終了しました(4636)
2019/02/12 22:27:18 開始します(5656)
2019/02/12 22:27:18 非実行(5656)
2019/02/12 22:27:18 実行中(5656)
2019/02/12 22:28:33 終了しました(5656)
2019/02/13 19:43:00 開始します(4776)
2019/02/13 19:43:00 非実行(4776)
2019/02/13 19:43:00 実行中(4776)
2019/02/13 19:44:16 終了しました(4776)
2019/02/14 19:14:03 開始します(928)
2019/02/14 19:14:03 非実行(928)
2019/02/14 19:14:03 実行中(928)
2019/02/14 19:15:19 終了しました(928)
2019/03/08 15:25:30 開始します(6092)
2019/03/08 15:25:30 非実行(6092)
2019/03/08 15:25:30 実行中(6092)
2019/03/08 15:26:47 終了しました(6092)
2019/03/11 19:24:21 開始します(6244)
2019/03/11 19:24:21 非実行(6244)
2019/03/11 19:24:21 実行中(6244)
2019/03/11 19:25:38 終了しました(6244)
2019/03/12 23:33:19 開始します(180)
2019/03/12 23:33:19 非実行(180)
2019/03/12 23:33:19 実行中(180)
2019/03/12 23:34:33 終了しました(180)
2019/03/13 19:41:11 開始します(6460)
2019/03/13 19:41:11 非実行(6460)
2019/03/13 19:41:11 実行中(6460)
2019/03/13 19:42:28 終了しました(6460)
2019/03/14 19:04:49 開始します(4012)
2019/03/14 19:04:49 非実行(4012)
2019/03/14 19:04:49 実行中(4012)
2019/03/14 19:06:01 終了しました(4012)
2019/03/15 18:39:52 開始します(3676)
2019/03/15 18:39:52 非実行(3676)
2019/03/15 18:39:52 実行中(3676)
2019/03/15 18:41:08 終了しました(3676)
2019/03/18 19:05:16 開始します(5160)
2019/03/18 19:05:16 非実行(5160)
2019/03/18 19:05:16 実行中(5160)
2019/03/18 19:06:31 終了しました(5160)
2019/03/19 19:29:14 開始します(4916)
2019/03/19 19:29:14 非実行(4916)
2019/03/19 19:29:14 実行中(4916)
2019/03/19 19:30:29 終了しました(4916)
2019/03/20 18:52:28 開始します(3688)
2019/03/20 18:52:28 非実行(3688)
2019/03/20 18:52:28 実行中(3688)
2019/03/20 18:53:44 終了しました(3688)
2019/03/21 19:50:12 開始します(5260)
2019/03/21 19:50:12 非実行(5260)
2019/03/21 19:50:12 実行中(5260)
2019/03/21 19:51:29 終了しました(5260)
2019/03/22 19:35:33 開始します(6696)
2019/03/22 19:35:33 非実行(6696)
2019/03/22 19:35:33 実行中(6696)
2019/03/22 19:36:50 終了しました(6696)
2019/03/25 19:28:39 開始します(3860)
2019/03/25 19:28:39 非実行(3860)
2019/03/25 19:28:39 実行中(3860)
2019/03/25 19:29:55 終了しました(3860)
2019/03/26 19:19:33 開始します(1516)
2019/03/26 19:19:33 非実行(1516)
2019/03/26 19:19:33 実行中(1516)
2019/03/26 19:20:48 終了しました(1516)
2019/03/27 19:41:19 開始します(1180)
2019/03/27 19:41:19 非実行(1180)
2019/03/27 19:41:19 実行中(1180)
2019/03/27 19:42:36 終了しました(1180)
2019/03/28 19:56:53 開始します(4256)
2019/03/28 19:56:53 非実行(4256)
2019/03/28 19:56:53 実行中(4256)
2019/03/28 19:58:19 終了しました(4256)
2019/03/29 19:27:21 開始します(4512)
2019/03/29 19:27:21 非実行(4512)
2019/03/29 19:27:21 実行中(4512)
2019/03/29 19:28:45 終了しました(4512)
2019/04/01 19:14:31 開始します(2724)
2019/04/01 19:14:31 非実行(2724)
2019/04/01 19:14:31 実行中(2724)
2019/04/01 19:15:49 終了しました(2724)
2019/04/02 18:35:17 開始します(5864)
2019/04/02 18:35:17 非実行(5864)
2019/04/02 18:35:17 実行中(5864)
2019/04/02 18:36:33 終了しました(5864)
2019/04/03 19:59:22 開始します(1428)
2019/04/03 19:59:22 非実行(1428)
2019/04/03 19:59:22 実行中(1428)
2019/04/03 20:00:39 終了しました(1428)
2019/04/04 18:37:58 開始します(3012)
2019/04/04 18:37:58 非実行(3012)
2019/04/04 18:37:58 実行中(3012)
2019/04/04 18:39:14 終了しました(3012)
2019/04/05 18:42:58 開始します(5620)
2019/04/05 18:42:58 非実行(5620)
2019/04/05 18:42:58 実行中(5620)
2019/04/05 18:44:14 終了しました(5620)
2019/04/08 19:10:35 開始します(1712)
2019/04/08 19:10:35 非実行(1712)
2019/04/08 19:10:35 実行中(1712)
2019/04/08 19:11:51 終了しました(1712)
2019/04/09 18:36:13 開始します(5216)
2019/04/09 18:36:13 非実行(5216)
2019/04/09 18:36:13 実行中(5216)
2019/04/09 18:37:28 終了しました(5216)
2019/04/10 19:11:44 開始します(4312)
2019/04/10 19:11:44 非実行(4312)
2019/04/10 19:11:44 実行中(4312)
2019/04/10 19:13:02 終了しました(4312)
2019/04/12 19:31:31 開始します(2980)
2019/04/12 19:31:31 非実行(2980)
2019/04/12 19:31:31 実行中(2980)
2019/04/12 19:32:52 終了しました(2980)
2019/04/17 19:16:23 開始します(3064)
2019/04/17 19:16:23 非実行(3064)
2019/04/17 19:16:23 実行中(3064)
2019/04/17 19:18:05 終了しました(3064)
2019/04/18 18:51:43 開始します(3288)
2019/04/18 18:51:43 非実行(3288)
2019/04/18 18:51:43 実行中(3288)
2019/04/18 18:53:07 終了しました(3288)
2019/04/20 07:03:17 開始します(4952)
2019/04/20 07:03:17 非実行(4952)
2019/04/20 07:03:17 実行中(4952)
2019/04/20 07:04:58 終了しました(4952)
2019/04/21 05:16:36 開始します(1160)
2019/04/21 05:16:36 非実行(1160)
2019/04/21 05:16:36 実行中(1160)
2019/04/21 05:18:05 終了しました(1160)
2019/04/23 17:07:03 開始します(5716)
2019/04/23 17:07:03 非実行(5716)
2019/04/23 17:07:03 実行中(5716)
2019/04/23 17:08:21 終了しました(5716)
2019/04/24 19:02:17 開始します(4108)
2019/04/24 19:02:17 非実行(4108)
2019/04/24 19:02:17 実行中(4108)
2019/04/24 19:03:31 終了しました(4108)
2019/04/25 18:13:48 開始します(4260)
2019/04/25 18:13:48 非実行(4260)
2019/04/25 18:13:48 実行中(4260)
2019/04/25 18:15:05 終了しました(4260)
2019/04/28 21:18:58 開始します(5856)
2019/04/28 21:18:58 非実行(5856)
2019/04/28 21:18:58 実行中(5856)
2019/04/28 21:20:40 終了しました(5856)
2019/05/06 18:39:03 開始します(5644)
2019/05/06 18:39:03 非実行(5644)
2019/05/06 18:39:03 実行中(5644)
2019/05/06 18:40:30 終了しました(5644)
2019/05/08 15:11:22 開始します(5924)
2019/05/08 15:11:22 非実行(5924)
2019/05/08 15:11:22 実行中(5924)
2019/05/08 15:12:36 終了しました(5924)
2019/05/09 16:13:03 開始します(7936)
2019/05/09 16:13:03 非実行(7936)
2019/05/09 16:13:03 実行中(7936)
2019/05/09 16:14:32 終了しました(7936)
2019/05/24 00:04:13 開始します(872)
2019/05/24 00:04:13 非実行(872)
2019/05/24 00:04:13 実行中(872)
2019/05/24 00:05:26 終了しました(872)
2019/05/29 00:05:46 開始します(2960)
2019/05/29 00:05:46 非実行(2960)
2019/05/29 00:05:46 実行中(2960)
2019/05/29 00:06:58 終了しました(2960)
2019/06/17 18:29:42 開始します(12152)
2019/06/17 18:29:42 非実行(12152)
2019/06/17 18:29:42 実行中(12152)
2019/06/17 18:30:54 終了しました(12152)
2019/06/25 18:38:03 開始します(7756)
2019/06/25 18:38:03 非実行(7756)
2019/06/25 18:38:03 実行中(7756)
2019/06/25 18:39:18 終了しました(7756)
2019/06/26 23:25:52 開始します(11360)
2019/06/26 23:25:52 非実行(11360)
2019/06/26 23:25:52 実行中(11360)
2019/06/26 23:27:06 終了しました(11360)
2019/06/27 18:55:20 開始します(5356)
2019/06/27 18:55:20 非実行(5356)
2019/06/27 18:55:20 実行中(5356)
2019/06/27 18:56:35 終了しました(5356)
2019/06/28 18:15:54 開始します(8784)
2019/06/28 18:15:54 非実行(8784)
2019/06/28 18:15:54 実行中(8784)
2019/06/28 18:17:08 終了しました(8784)
2019/07/09 19:29:18 開始します(11912)
2019/07/09 19:29:18 非実行(11912)
2019/07/09 19:29:18 実行中(11912)
2019/07/09 19:30:30 終了しました(11912)
2019/07/11 01:06:20 開始します(11008)
2019/07/11 01:06:20 非実行(11008)
2019/07/11 01:06:20 実行中(11008)
2019/07/11 01:07:35 終了しました(11008)
2019/07/22 19:37:42 開始します(7248)
2019/07/22 19:37:42 非実行(7248)
2019/07/22 19:37:42 実行中(7248)
2019/07/22 19:38:55 終了しました(7248)
2019/07/23 14:36:11 開始します(8392)
2019/07/23 14:36:11 非実行(8392)
2019/07/23 14:36:11 実行中(8392)
2019/07/23 14:37:24 終了しました(8392)
2019/07/24 20:01:39 開始します(11652)
2019/07/24 20:01:39 非実行(11652)
2019/07/24 20:01:39 実行中(11652)
2019/07/24 20:02:51 終了しました(11652)
2019/07/25 16:16:54 開始します(3428)
2019/07/25 16:16:54 非実行(3428)
2019/07/25 16:16:54 実行中(3428)
2019/07/25 16:18:06 終了しました(3428)
2019/07/27 02:52:55 開始します(532)
2019/07/27 02:52:55 非実行(532)
2019/07/27 02:52:55 実行中(532)
2019/07/27 02:54:09 終了しました(532)
2019/07/29 16:41:33 開始します(2964)
2019/07/29 16:41:33 非実行(2964)
2019/07/29 16:41:33 実行中(2964)
2019/07/29 16:42:48 終了しました(2964)
2019/07/30 19:56:11 開始します(4780)
2019/07/30 19:56:11 非実行(4780)
2019/07/30 19:56:11 実行中(4780)
2019/07/30 19:57:27 終了しました(4780)
2019/07/31 22:41:01 開始します(6260)
2019/07/31 22:41:01 非実行(6260)
2019/07/31 22:41:01 実行中(6260)
2019/07/31 22:42:16 終了しました(6260)
2019/08/07 18:30:44 開始します(4500)
2019/08/07 18:30:44 非実行(4500)
2019/08/07 18:30:44 実行中(4500)
2019/08/07 18:31:59 終了しました(4500)
2019/08/08 18:57:08 開始します(6612)
2019/08/08 18:57:08 非実行(6612)
2019/08/08 18:57:08 実行中(6612)
2019/08/08 18:58:22 終了しました(6612)
2019/08/09 16:31:53 開始します(9420)
2019/08/09 16:31:53 非実行(9420)
2019/08/09 16:31:53 実行中(9420)
2019/08/09 16:33:07 終了しました(9420)
2019/08/14 18:43:48 開始します(5708)
2019/08/14 18:43:48 非実行(5708)
2019/08/14 18:43:48 実行中(5708)
2019/08/14 18:45:01 終了しました(5708)
2019/08/15 19:27:54 開始します(11320)
2019/08/15 19:27:54 非実行(11320)
2019/08/15 19:27:54 実行中(11320)
2019/08/15 19:29:10 終了しました(11320)
2019/08/16 16:15:51 開始します(8320)
2019/08/16 16:15:51 非実行(8320)
2019/08/16 16:15:51 実行中(8320)
2019/08/16 16:17:05 終了しました(8320)
2019/08/19 18:45:27 開始します(9104)
2019/08/19 18:45:27 非実行(9104)
2019/08/19 18:45:27 実行中(9104)
2019/08/19 18:46:42 終了しました(9104)
2019/08/20 18:54:58 開始します(9296)
2019/08/20 18:54:58 非実行(9296)
2019/08/20 18:54:58 実行中(9296)
2019/08/20 18:56:14 終了しました(9296)
2019/08/21 17:57:30 開始します(10280)
2019/08/21 17:57:30 非実行(10280)
2019/08/21 17:57:30 実行中(10280)
2019/08/21 17:58:42 終了しました(10280)
2019/08/22 18:14:07 開始します(8760)
2019/08/22 18:14:07 非実行(8760)
2019/08/22 18:14:07 実行中(8760)
2019/08/22 18:15:23 終了しました(8760)
2019/08/26 18:02:18 開始します(11964)
2019/08/26 18:02:18 非実行(11964)
2019/08/26 18:02:18 実行中(11964)
2019/08/26 18:03:35 終了しました(11964)
2019/08/28 17:21:26 開始します(11512)
2019/08/28 17:21:26 非実行(11512)
2019/08/28 17:21:26 実行中(11512)
2019/08/28 17:22:42 終了しました(11512)
2019/09/02 17:28:30 開始します(11292)
2019/09/02 17:28:30 非実行(11292)
2019/09/02 17:28:30 実行中(11292)
2019/09/02 17:29:45 終了しました(11292)
2019/09/04 17:36:36 開始します(2052)
2019/09/04 17:36:36 非実行(2052)
2019/09/04 17:36:36 実行中(2052)
2019/09/04 17:37:50 終了しました(2052)
2019/09/05 19:41:50 開始します(10672)
2019/09/05 19:41:50 非実行(10672)
2019/09/05 19:41:50 実行中(10672)
2019/09/05 19:43:05 終了しました(10672)
2019/09/11 23:52:38 開始します(9656)
2019/09/11 23:52:38 非実行(9656)
2019/09/11 23:52:38 実行中(9656)
2019/09/11 23:53:51 終了しました(9656)
2019/09/13 01:03:42 開始します(10984)
2019/09/13 01:03:42 非実行(10984)
2019/09/13 01:03:42 実行中(10984)
2019/09/13 01:04:55 終了しました(10984)
2019/10/05 01:36:11 開始します(6884)
2019/10/05 01:36:11 非実行(6884)
2019/10/05 01:36:11 実行中(6884)
2019/10/05 01:37:25 終了しました(6884)
2019/11/01 15:37:47 開始します(988)
2019/11/01 15:37:47 非実行(988)
2019/11/01 15:37:47 実行中(988)
2019/11/01 15:39:09 終了しました(988)
2019/11/05 18:08:35 開始します(13148)
2019/11/05 18:08:35 非実行(13148)
2019/11/05 18:08:35 実行中(13148)
2019/11/05 18:09:53 終了しました(13148)
2019/11/06 21:26:30 開始します(5812)
2019/11/06 21:26:30 非実行(5812)
2019/11/06 21:26:30 実行中(5812)
2019/11/06 21:27:46 終了しました(5812)
2019/11/07 16:59:41 開始します(10584)
2019/11/07 16:59:41 非実行(10584)
2019/11/07 16:59:41 実行中(10584)
2019/11/07 17:00:57 終了しました(10584)
2019/11/08 17:32:34 開始します(12456)
2019/11/08 17:32:34 非実行(12456)
2019/11/08 17:32:34 実行中(12456)
2019/11/08 17:33:53 終了しました(12456)
2019/11/11 17:13:39 開始します(10228)
2019/11/11 17:13:39 非実行(10228)
2019/11/11 17:13:39 実行中(10228)
2019/11/11 17:14:56 終了しました(10228)
2019/11/12 18:27:19 開始します(4856)
2019/11/12 18:27:19 非実行(4856)
2019/11/12 18:27:19 実行中(4856)
2019/11/12 18:28:37 終了しました(4856)
2019/11/13 15:59:54 開始します(12232)
2019/11/13 15:59:54 非実行(12232)
2019/11/13 15:59:54 実行中(12232)
2019/11/13 16:01:10 終了しました(12232)
2019/11/14 19:31:44 開始します(9688)
2019/11/14 19:31:44 非実行(9688)
2019/11/14 19:31:44 実行中(9688)
2019/11/14 19:33:00 終了しました(9688)
2019/11/15 19:20:02 開始します(5812)
2019/11/15 19:20:02 非実行(5812)
2019/11/15 19:20:02 実行中(5812)
2019/11/15 19:21:21 終了しました(5812)
2019/11/18 18:31:02 開始します(6200)
2019/11/18 18:31:02 非実行(6200)
2019/11/18 18:31:02 実行中(6200)
2019/11/18 18:32:19 終了しました(6200)
2019/11/20 02:04:21 開始します(4368)
2019/11/20 02:04:21 非実行(4368)
2019/11/20 02:04:21 実行中(4368)
2019/11/20 02:05:39 終了しました(4368)
2019/11/21 01:27:15 開始します(12916)
2019/11/21 01:27:15 非実行(12916)
2019/11/21 01:27:15 実行中(12916)
2019/11/21 01:28:33 終了しました(12916)
2019/11/21 18:10:24 開始します(9684)
2019/11/21 18:10:24 非実行(9684)
2019/11/21 18:10:24 実行中(9684)
2019/11/21 18:11:43 終了しました(9684)
2019/11/22 23:34:57 開始します(6992)
2019/11/22 23:34:57 非実行(6992)
2019/11/22 23:34:57 実行中(6992)
2019/11/22 23:36:15 終了しました(6992)
2019/11/25 18:09:37 開始します(11136)
2019/11/25 18:09:37 非実行(11136)
2019/11/25 18:09:37 実行中(11136)
2019/11/25 18:10:55 終了しました(11136)
2019/11/28 17:45:39 開始します(7440)
2019/11/28 17:45:39 非実行(7440)
2019/11/28 17:45:39 実行中(7440)
2019/11/28 17:46:59 終了しました(7440)
2019/11/29 18:09:12 開始します(12848)
2019/11/29 18:09:12 非実行(12848)
2019/11/29 18:09:12 実行中(12848)
2019/11/29 18:10:29 終了しました(12848)
2019/12/03 01:27:59 開始します(6532)
2019/12/03 01:27:59 非実行(6532)
2019/12/03 01:27:59 実行中(6532)
2019/12/03 01:29:17 終了しました(6532)
2019/12/23 21:18:34 開始します(7240)
2019/12/23 21:18:34 非実行(7240)
2019/12/23 21:18:34 実行中(7240)
2019/12/23 21:19:53 終了しました(7240)
2019/12/26 22:03:42 開始します(32)
2019/12/26 22:03:42 非実行(32)
2019/12/26 22:03:42 実行中(32)
2019/12/26 22:05:01 終了しました(32)
2020/02/26 13:36:23 開始します(6540)
2020/02/26 13:36:23 非実行(6540)
2020/02/26 13:36:23 実行中(6540)
2020/02/26 13:37:47 終了しました(6540)
2020/03/02 14:37:43 開始します(6524)
2020/03/02 14:37:43 非実行(6524)
2020/03/02 14:37:43 実行中(6524)
2020/03/02 14:39:07 終了しました(6524)
2020/03/05 17:59:40 開始します(6380)
2020/03/05 17:59:40 非実行(6380)
2020/03/05 17:59:40 実行中(6380)
2020/03/05 18:01:00 終了しました(6380)
2020/03/07 02:02:33 開始します(1144)
2020/03/07 02:02:33 非実行(1144)
2020/03/07 02:02:33 実行中(1144)
2020/03/07 02:03:50 終了しました(1144)
2020/03/19 02:44:09 開始します(3980)
2020/03/19 02:44:09 非実行(3980)
2020/03/19 02:44:09 実行中(3980)
2020/03/19 02:45:31 終了しました(3980)
2020/03/19 13:10:50 開始します(2392)
2020/03/19 13:10:50 非実行(2392)
2020/03/19 13:10:50 実行中(2392)
2020/03/19 13:12:09 終了しました(2392)
2020/03/23 17:48:08 開始します(2020)
2020/03/23 17:48:08 非実行(2020)
2020/03/23 17:48:08 実行中(2020)
2020/03/23 17:49:29 終了しました(2020)
2020/04/28 01:00:34 開始します(32)
2020/04/28 01:00:34 非実行(32)
2020/04/28 01:00:34 実行中(32)
2020/04/28 01:01:56 終了しました(32)
2020/06/03 16:51:13 開始します(8660)
2020/06/03 16:51:13 非実行(8660)
2020/06/03 16:51:13 実行中(8660)
2020/06/03 16:52:34 終了しました(8660)
2020/06/15 15:26:43 開始します(5972)
2020/06/15 15:26:43 非実行(5972)
2020/06/15 15:26:43 実行中(5972)
2020/06/15 15:28:04 終了しました(5972)
2020/06/19 02:21:59 開始します(5204)
2020/06/19 02:21:59 非実行(5204)
2020/06/19 02:21:59 実行中(5204)
2020/06/19 02:23:20 終了しました(5204)
2020/06/23 09:00:18 開始します(3988)
2020/06/23 09:00:18 非実行(3988)
2020/06/23 09:00:18 実行中(3988)
2020/06/23 09:01:40 終了しました(3988)
2020/07/09 12:03:41 開始します(5976)
2020/07/09 12:03:41 非実行(5976)
2020/07/09 12:03:41 実行中(5976)
2020/07/09 12:05:04 終了しました(5976)
2020/07/20 14:59:51 開始します(5236)
2020/07/20 14:59:51 非実行(5236)
2020/07/20 14:59:51 実行中(5236)
2020/07/20 15:01:13 終了しました(5236)
2020/08/20 11:06:23 開始します(8132)
2020/08/20 11:06:23 非実行(8132)
2020/08/20 11:06:23 実行中(8132)
2020/08/20 11:07:40 終了しました(8132)
2020/08/20 18:00:26 開始します(3756)
2020/08/20 18:00:26 非実行(3756)
2020/08/20 18:00:26 実行中(3756)
2020/08/20 18:01:43 終了しました(3756)
2020/08/24 09:01:23 開始します(3044)
2020/08/24 09:01:23 非実行(3044)
2020/08/24 09:01:23 実行中(3044)
2020/08/24 09:02:40 終了しました(3044)
2020/08/25 11:04:24 開始します(5424)
2020/08/25 11:04:24 非実行(5424)
2020/08/25 11:04:24 実行中(5424)
2020/08/25 11:05:40 終了しました(5424)
2020/08/26 13:18:31 開始します(6288)
2020/08/26 13:18:31 非実行(6288)
2020/08/26 13:18:31 実行中(6288)
2020/08/26 13:19:46 終了しました(6288)
2020/08/31 19:05:42 開始します(4988)
2020/08/31 19:05:42 非実行(4988)
2020/08/31 19:05:42 実行中(4988)
2020/08/31 19:06:57 終了しました(4988)
2020/09/01 20:23:10 開始します(7788)
2020/09/01 20:23:10 非実行(7788)
2020/09/01 20:23:10 実行中(7788)
2020/09/01 20:24:24 終了しました(7788)
2020/09/03 19:08:21 開始します(1000)
2020/09/03 19:08:21 非実行(1000)
2020/09/03 19:08:21 実行中(1000)
2020/09/03 19:09:34 終了しました(1000)
2020/09/04 11:45:15 開始します(3908)
2020/09/04 11:45:15 非実行(3908)
2020/09/04 11:45:15 実行中(3908)
2020/09/04 11:46:32 終了しました(3908)
2020/09/09 15:35:33 開始します(6448)
2020/09/09 15:35:33 非実行(6448)
2020/09/09 15:35:33 実行中(6448)
2020/09/09 15:36:48 終了しました(6448)
2020/09/14 10:38:48 開始します(1856)
2020/09/14 10:38:48 非実行(1856)
2020/09/14 10:38:48 実行中(1856)
2020/09/14 10:40:04 終了しました(1856)
2020/09/16 10:05:10 開始します(1828)
2020/09/16 10:05:10 非実行(1828)
2020/09/16 10:05:10 実行中(1828)
2020/09/16 10:06:25 終了しました(1828)
2020/09/25 09:26:32 開始します(4164)
2020/09/25 09:26:32 非実行(4164)
2020/09/25 09:26:32 実行中(4164)
2020/09/25 09:27:48 終了しました(4164)
2020/09/25 14:04:35 開始します(3044)
2020/09/25 14:04:35 非実行(3044)
2020/09/25 14:04:35 実行中(3044)
2020/09/25 14:05:52 終了しました(3044)
2020/09/29 13:31:13 開始します(7228)
2020/09/29 13:31:13 非実行(7228)
2020/09/29 13:31:13 実行中(7228)
2020/09/29 13:32:27 終了しました(7228)
2020/09/30 14:06:40 開始します(6456)
2020/09/30 14:06:40 非実行(6456)
2020/09/30 14:06:40 実行中(6456)
2020/09/30 14:07:57 終了しました(6456)
2020/10/01 15:07:12 開始します(7848)
2020/10/01 15:07:12 非実行(7848)
2020/10/01 15:07:12 実行中(7848)
2020/10/01 15:08:30 終了しました(7848)
2020/10/07 21:19:19 開始します(7148)
2020/10/07 21:19:19 非実行(7148)
2020/10/07 21:19:19 実行中(7148)
2020/10/07 21:20:23 終了しました(7148)
2020/10/14 11:34:40 開始します(7492)
2020/10/14 11:34:40 非実行(7492)
2020/10/14 11:34:40 実行中(7492)
2020/10/14 11:35:44 終了しました(7492)
2020/10/19 13:34:31 開始します(8516)
2020/10/19 13:34:31 非実行(8516)
2020/10/19 13:34:31 実行中(8516)
2020/10/19 13:35:33 終了しました(8516)
2020/10/23 18:12:09 開始します(5176)
2020/10/23 18:12:09 非実行(5176)
2020/10/23 18:12:09 実行中(5176)
2020/10/23 18:13:11 終了しました(5176)
2020/11/11 15:53:41 開始します(7336)
2020/11/11 15:53:41 非実行(7336)
2020/11/11 15:53:41 実行中(7336)
2020/11/11 15:54:59 終了しました(7336)
2020/11/12 16:41:15 開始します(7996)
2020/11/12 16:41:15 非実行(7996)
2020/11/12 16:41:15 実行中(7996)
2020/11/12 16:42:30 終了しました(7996)
2020/11/13 18:40:22 開始します(6712)
2020/11/13 18:40:22 非実行(6712)
2020/11/13 18:40:22 実行中(6712)
2020/11/13 18:41:39 終了しました(6712)
2020/11/16 16:39:27 開始します(6724)
2020/11/16 16:39:27 非実行(6724)
2020/11/16 16:39:27 実行中(6724)
2020/11/16 16:40:44 終了しました(6724)
2020/11/17 17:09:47 開始します(5356)
2020/11/17 17:09:47 非実行(5356)
2020/11/17 17:09:47 実行中(5356)
2020/11/17 17:11:05 終了しました(5356)
2020/11/19 16:04:25 開始します(3564)
2020/11/19 16:04:25 非実行(3564)
2020/11/19 16:04:25 実行中(3564)
2020/11/19 16:05:42 終了しました(3564)
2020/11/20 17:34:24 開始します(7112)
2020/11/20 17:34:24 非実行(7112)
2020/11/20 17:34:24 実行中(7112)
2020/11/20 17:35:40 終了しました(7112)
2020/11/24 14:46:16 開始します(8268)
2020/11/24 14:46:16 非実行(8268)
2020/11/24 14:46:16 実行中(8268)
2020/11/24 14:47:34 終了しました(8268)
2020/11/25 17:28:43 開始します(6008)
2020/11/25 17:28:43 非実行(6008)
2020/11/25 17:28:43 実行中(6008)
2020/11/25 17:30:00 終了しました(6008)
2020/11/26 16:40:13 開始します(9920)
2020/11/26 16:40:13 非実行(9920)
2020/11/26 16:40:13 実行中(9920)
2020/11/26 16:41:27 終了しました(9920)
2020/11/27 16:34:48 開始します(5468)
2020/11/27 16:34:48 非実行(5468)
2020/11/27 16:34:48 実行中(5468)
2020/11/27 16:36:03 終了しました(5468)
2020/12/01 16:51:54 開始します(1464)
2020/12/01 16:51:54 非実行(1464)
2020/12/01 16:51:54 実行中(1464)
2020/12/01 16:53:11 終了しました(1464)
2020/12/02 14:41:00 開始します(6224)
2020/12/02 14:41:00 非実行(6224)
2020/12/02 14:41:00 実行中(6224)
2020/12/02 14:42:15 終了しました(6224)
2020/12/03 15:29:46 開始します(2096)
2020/12/03 15:29:46 非実行(2096)
2020/12/03 15:29:46 実行中(2096)
2020/12/03 15:31:03 終了しました(2096)
2020/12/10 17:19:03 開始します(6056)
2020/12/10 17:19:03 非実行(6056)
2020/12/10 17:19:03 実行中(6056)
2020/12/10 17:20:22 終了しました(6056)
2021/01/12 16:56:08 開始します(8880)
2021/01/12 16:56:08 非実行(8880)
2021/01/12 16:56:08 実行中(8880)
2021/01/12 16:57:29 終了しました(8880)
2021/01/15 09:25:01 開始します(8416)
2021/01/15 09:25:01 非実行(8416)
2021/01/15 09:25:01 実行中(8416)
2021/01/15 09:26:23 終了しました(8416)
2021/01/18 09:21:08 開始します(5580)
2021/01/18 09:21:08 非実行(5580)
2021/01/18 09:21:08 実行中(5580)
2021/01/18 09:22:27 終了しました(5580)
2021/01/19 10:09:07 開始します(7060)
2021/01/19 10:09:07 非実行(7060)
2021/01/19 10:09:07 実行中(7060)
2021/01/19 10:10:23 終了しました(7060)
2021/01/21 09:10:15 開始します(9560)
2021/01/21 09:10:15 非実行(9560)
2021/01/21 09:10:15 実行中(9560)
2021/01/21 09:11:33 終了しました(9560)
2021/03/03 14:38:31 開始します(1388)
2021/03/03 14:38:31 非実行(1388)
2021/03/03 14:38:31 実行中(1388)
2021/03/03 14:39:48 終了しました(1388)
2021/03/04 13:34:35 開始します(9268)
2021/03/04 13:34:35 非実行(9268)
2021/03/04 13:34:35 実行中(9268)
2021/03/04 13:35:44 終了しました(9268)
2021/04/19 14:48:41 開始します(4332)
2021/04/19 14:48:41 非実行(4332)
2021/04/19 14:48:41 実行中(4332)
2021/04/19 14:49:48 終了しました(4332)
2021/05/07 11:48:28 開始します(4508)
2021/05/07 11:48:28 非実行(4508)
2021/05/07 11:48:28 実行中(4508)
2021/05/07 11:49:34 終了しました(4508)
2021/05/10 15:23:26 開始します(7164)
2021/05/10 15:23:26 非実行(7164)
2021/05/10 15:23:26 実行中(7164)
2021/05/10 15:24:36 終了しました(7164)
2021/05/12 03:31:24 開始します(7572)
2021/05/12 03:31:24 非実行(7572)
2021/05/12 03:31:24 実行中(7572)
2021/05/12 03:32:33 終了しました(7572)
2021/05/17 14:37:08 開始します(232)
2021/05/17 14:37:08 非実行(232)
2021/05/17 14:37:08 実行中(232)
2021/05/17 14:38:14 終了しました(232)
2021/06/09 17:51:52 開始します(5664)
2021/06/09 17:51:52 非実行(5664)
2021/06/09 17:51:52 実行中(5664)
2021/06/09 17:52:53 終了しました(5664)
2021/08/03 10:06:20 開始します(5544)
2021/08/03 10:06:20 非実行(5544)
2021/08/03 10:06:20 実行中(5544)
2021/08/03 10:07:32 終了しました(5544)
2021/11/15 23:36:10 開始します(6640)
2021/11/15 23:36:10 非実行(6640)
2021/11/15 23:36:10 実行中(6640)
2021/11/15 23:37:17 終了しました(6640)
2021/11/16 15:31:08 開始します(808)
2021/11/16 15:31:08 非実行(808)
2021/11/16 15:31:08 実行中(808)
2021/11/16 15:32:15 終了しました(808)
2021/11/17 15:00:07 開始します(8036)
2021/11/17 15:00:07 非実行(8036)
2021/11/17 15:00:07 実行中(8036)
2021/11/17 15:01:13 終了しました(8036)
2021/11/18 09:51:14 開始します(6028)
2021/11/18 09:51:14 非実行(6028)
2021/11/18 09:51:14 実行中(6028)
2021/11/18 09:52:22 終了しました(6028)
2021/11/22 15:44:56 開始します(6196)
2021/11/22 15:44:56 非実行(6196)
2021/11/22 15:44:56 実行中(6196)
2021/11/22 15:46:03 終了しました(6196)
2022/02/21 15:01:07 開始します(5236)
2022/02/21 15:01:07 非実行(5236)
2022/02/21 15:01:07 実行中(5236)
2022/02/21 15:02:18 終了しました(5236)
2022/02/25 12:04:04 開始します(7700)
2022/02/25 12:04:04 非実行(7700)
2022/02/25 12:04:04 実行中(7700)
2022/02/25 12:05:11 終了しました(7700)
2022/03/04 10:06:06 開始します(2016)
2022/03/04 10:06:06 非実行(2016)
2022/03/04 10:06:06 実行中(2016)
2022/03/04 10:07:19 終了しました(2016)
2022/03/11 09:58:10 開始します(4324)
2022/03/11 09:58:10 非実行(4324)
2022/03/11 09:58:10 実行中(4324)
2022/03/11 09:59:20 終了しました(4324)
2022/03/23 10:09:25 開始します(1372)
2022/03/23 10:09:25 非実行(1372)
2022/03/23 10:09:25 実行中(1372)
2022/03/23 10:10:34 終了しました(1372)
2022/04/06 12:06:59 開始します(6500)
2022/04/06 12:06:59 非実行(6500)
2022/04/06 12:06:59 実行中(6500)
2022/04/06 12:08:05 終了しました(6500)
2022/04/12 15:18:07 開始します(7128)
2022/04/12 15:18:07 非実行(7128)
2022/04/12 15:18:07 実行中(7128)
2022/04/12 15:19:19 終了しました(7128)
2022/04/18 15:27:15 開始します(6636)
2022/04/18 15:27:15 非実行(6636)
2022/04/18 15:27:15 実行中(6636)
2022/04/18 15:28:23 終了しました(6636)
2022/04/25 15:52:03 開始します(7164)
2022/04/25 15:52:03 非実行(7164)
2022/04/25 15:52:03 実行中(7164)
2022/04/25 15:53:11 終了しました(7164)
2022/09/21 12:46:09 開始します(3016)
2022/09/21 12:46:09 非実行(3016)
2022/09/21 12:46:09 実行中(3016)
2022/09/21 12:47:14 終了しました(3016)
2022/10/13 16:08:54 開始します(1648)
2022/10/13 16:08:54 非実行(1648)
2022/10/13 16:08:54 実行中(1648)
2022/10/13 16:10:03 終了しました(1648)
2022/12/19 11:39:24 開始します(7388)
2022/12/19 11:39:24 非実行(7388)
2022/12/19 11:39:24 実行中(7388)
2022/12/19 11:40:32 終了しました(7388)
2023/01/16 14:36:33 開始します(5236)
2023/01/16 14:36:33 非実行(5236)
2023/01/16 14:36:33 実行中(5236)
2023/01/16 14:37:34 終了しました(5236)
2023/01/17 17:36:32 開始します(4944)
2023/01/17 17:36:32 非実行(4944)
2023/01/17 17:36:32 実行中(4944)
2023/01/17 17:37:30 終了しました(4944)
2023/01/18 09:30:13 開始します(5556)
2023/01/18 09:30:13 非実行(5556)
2023/01/18 09:30:13 実行中(5556)
2023/01/18 09:31:10 終了しました(5556)
2023/01/23 14:53:35 開始します(7244)
2023/01/23 14:53:35 非実行(7244)
2023/01/23 14:53:35 実行中(7244)
2023/01/23 14:54:34 終了しました(7244)
2023/03/28 14:58:37 開始します(5524)
2023/03/28 14:58:37 非実行(5524)
2023/03/28 14:58:37 実行中(5524)
2023/03/28 14:59:37 終了しました(5524)
2023/03/28 15:07:34 開始します(1500)
2023/03/28 15:07:34 非実行(1500)
2023/03/28 15:07:34 実行中(1500)
2023/03/28 15:09:26 終了しました(1500)
2023/04/25 14:42:34 開始します(792)
2023/04/25 14:42:34 非実行(792)
2023/04/25 14:42:34 実行中(792)
2023/04/25 14:43:33 終了しました(792)
2023/05/15 15:06:17 開始します(3644)
2023/05/15 15:06:17 非実行(3644)
2023/05/15 15:06:17 実行中(3644)
2023/05/15 15:07:19 終了しました(3644)
2023/05/16 13:24:23 開始します(7528)
2023/05/16 13:24:23 非実行(7528)
2023/05/16 13:24:23 実行中(7528)
2023/05/16 13:25:23 終了しました(7528)
2023/06/13 14:59:24 開始します(5208)
2023/06/13 14:59:24 非実行(5208)
2023/06/13 14:59:24 実行中(5208)
2023/06/13 15:00:19 終了しました(5208)
2023/09/08 14:14:09 開始します(4972)
2023/09/08 14:14:09 非実行(4972)
2023/09/08 14:14:09 実行中(4972)
2023/09/08 14:15:07 終了しました(4972)
2023/09/14 14:58:06 開始します(4092)
2023/09/14 14:58:06 非実行(4092)
2023/09/14 14:58:06 実行中(4092)
2023/09/14 14:59:03 終了しました(4092)
2023/09/28 15:00:52 開始します(6236)
2023/09/28 15:00:52 非実行(6236)
2023/09/28 15:00:52 実行中(6236)
2023/09/28 15:01:49 終了しました(6236)
2023/10/25 13:19:52 開始します(4984)
2023/10/25 13:19:52 非実行(4984)
2023/10/25 13:19:52 実行中(4984)
2023/10/25 13:20:56 終了しました(4984)
2024/01/29 16:02:35 開始します(7308)
2024/01/29 16:02:35 非実行(7308)
2024/01/29 16:02:35 実行中(7308)
2024/01/29 16:03:34 終了しました(7308)
2024/06/14 13:44:40 開始します(7176)
2024/06/14 13:44:40 非実行(7176)
2024/06/14 13:44:40 実行中(7176)
2024/06/14 13:44:40 終了しました(7176)
2024/06/14 13:50:00 開始します(5000)
2024/06/14 13:50:00 非実行(5000)
2024/06/14 13:50:00 実行中(5000)
2024/06/14 13:50:00 終了しました(5000)
2024/08/23 17:07:26 開始します(8924)
2024/08/23 17:07:26 非実行(8924)
2024/08/23 17:07:26 実行中(8924)
2024/08/23 17:07:37 終了しました(8924)
2024/08/27 16:40:59 開始します(5940)
2024/08/27 16:40:59 非実行(5940)
2024/08/27 16:40:59 実行中(5940)
2024/08/27 16:41:45 終了しました(5940)
2024/09/09 14:45:44 開始します(4444)
2024/09/09 14:45:44 非実行(4444)
2024/09/09 14:45:44 実行中(4444)
2024/09/09 14:46:57 終了しました(4444)
2024/09/10 10:38:30 開始します(8880)
2024/09/10 10:38:30 非実行(8880)
2024/09/10 10:38:30 実行中(8880)
2024/09/10 10:39:43 終了しました(8880)
2024/09/10 13:44:37 開始します(10948)
2024/09/10 13:44:37 非実行(10948)
2024/09/10 13:44:37 実行中(10948)
2024/09/10 13:45:50 終了しました(10948)
2024/09/10 14:59:57 開始します(5828)
2024/09/10 14:59:57 非実行(5828)
2024/09/10 14:59:57 実行中(5828)
2024/09/10 15:01:08 終了しました(5828)
2024/09/10 16:34:09 開始します(8356)
2024/09/10 16:34:09 非実行(8356)
2024/09/10 16:34:09 実行中(8356)
2024/09/10 16:35:22 終了しました(8356)
2024/09/11 14:50:23 開始します(11200)
2024/09/11 14:50:23 非実行(11200)
2024/09/11 14:50:23 実行中(11200)
2024/09/11 14:51:35 終了しました(11200)
2024/09/11 15:00:56 開始します(5908)
2024/09/11 15:00:56 非実行(5908)
2024/09/11 15:00:56 実行中(5908)
2024/09/11 15:02:07 終了しました(5908)
2024/09/11 17:49:25 開始します(3832)
2024/09/11 17:49:25 非実行(3832)
2024/09/11 17:49:25 実行中(3832)
2024/09/11 17:49:26 終了しました(3832)
2024/09/11 17:52:08 開始します(6296)
2024/09/11 17:52:08 非実行(6296)
2024/09/11 17:52:08 実行中(6296)
2024/09/11 17:54:37 終了しました(6296)
2024/09/11 17:57:42 開始します(11076)
2024/09/11 17:57:42 非実行(11076)
2024/09/11 17:57:42 実行中(11076)
2024/09/11 17:58:49 終了しました(11076)
2024/09/12 03:07:31 開始します(11248)
2024/09/12 03:07:31 非実行(11248)
2024/09/12 03:07:31 実行中(11248)
2024/09/12 03:08:55 終了しました(11248)
2024/09/12 09:40:55 開始します(8112)
2024/09/12 09:40:55 非実行(8112)
2024/09/12 09:40:55 実行中(8112)
2024/09/12 09:43:16 終了しました(8112)
2024/09/12 17:50:59 開始します(9068)
2024/09/12 17:50:59 非実行(9068)
2024/09/12 17:50:59 実行中(9068)
2024/09/12 17:51:40 終了しました(9068)
2024/09/12 20:55:02 開始します(7948)
2024/09/12 20:55:02 非実行(7948)
2024/09/12 20:55:02 実行中(7948)
2024/09/12 20:56:09 終了しました(7948)
2024/09/13 10:16:52 開始します(10984)
2024/09/13 10:16:52 非実行(10984)
2024/09/13 10:16:52 実行中(10984)
2024/09/13 10:18:01 終了しました(10984)
2024/09/14 18:05:17 開始します(11816)
2024/09/14 18:05:17 非実行(11816)
2024/09/14 18:05:17 実行中(11816)
2024/09/14 18:06:24 終了しました(11816)
2024/09/17 10:26:15 開始します(4936)
2024/09/17 10:26:15 非実行(4936)
2024/09/17 10:26:15 実行中(4936)
2024/09/17 10:27:22 終了しました(4936)
2024/09/17 13:19:36 開始します(11800)
2024/09/17 13:19:36 非実行(11800)
2024/09/17 13:19:36 実行中(11800)
2024/09/17 13:20:44 終了しました(11800)
2024/09/17 13:25:05 開始します(9248)
2024/09/17 13:25:05 非実行(9248)
2024/09/17 13:25:05 実行中(9248)
2024/09/17 13:26:13 終了しました(9248)
2024/09/18 04:21:28 開始します(12628)
2024/09/18 04:21:28 非実行(12628)
2024/09/18 04:21:28 実行中(12628)
2024/09/18 04:22:46 終了しました(12628)
2024/09/18 17:24:18 開始します(7908)
2024/09/18 17:24:18 非実行(7908)
2024/09/18 17:24:18 実行中(7908)
2024/09/18 17:25:02 終了しました(7908)
2024/09/19 09:30:41 開始します(12840)
2024/09/19 09:30:41 非実行(12840)
2024/09/19 09:30:41 実行中(12840)
2024/09/19 09:31:25 終了しました(12840)
2024/09/19 09:37:57 開始します(2688)
2024/09/19 09:37:57 非実行(2688)
2024/09/19 09:37:57 実行中(2688)
2024/09/19 09:38:42 終了しました(2688)
2024/09/19 09:55:10 開始します(5784)
2024/09/19 09:55:10 非実行(5784)
2024/09/19 09:55:10 実行中(5784)
2024/09/19 09:56:14 終了しました(5784)
2024/09/19 09:58:24 開始します(4084)
2024/09/19 09:58:24 非実行(4084)
2024/09/19 09:58:24 実行中(4084)
2024/09/19 10:10:25 終了しました(4084)
2024/09/19 19:50:27 開始します(7984)
2024/09/19 19:50:27 非実行(7984)
2024/09/19 19:50:27 実行中(7984)
2024/09/19 19:51:46 終了しました(7984)
2024/09/20 21:25:54 開始します(12388)
2024/09/20 21:25:54 非実行(12388)
2024/09/20 21:25:54 実行中(12388)
2024/09/20 21:26:59 終了しました(12388)
2024/09/24 22:21:50 開始します(7012)
2024/09/24 22:21:50 非実行(7012)
2024/09/24 22:21:50 実行中(7012)
2024/09/24 22:23:07 終了しました(7012)
2024/09/25 17:52:35 開始します(6608)
2024/09/25 17:52:35 非実行(6608)
2024/09/25 17:52:35 実行中(6608)
2024/09/25 17:53:42 終了しました(6608)
2024/09/25 20:26:49 開始します(7296)
2024/09/25 20:26:49 非実行(7296)
2024/09/25 20:26:49 実行中(7296)
2024/09/25 20:28:08 終了しました(7296)
2024/09/26 20:53:04 開始します(5640)
2024/09/26 20:53:04 非実行(5640)
2024/09/26 20:53:04 実行中(5640)
2024/09/26 20:54:22 終了しました(5640)
2024/09/27 14:12:37 開始します(4816)
2024/09/27 14:12:37 非実行(4816)
2024/09/27 14:12:37 実行中(4816)
2024/09/27 14:13:44 終了しました(4816)
2024/09/27 21:19:25 開始します(8288)
2024/09/27 21:19:25 非実行(8288)
2024/09/27 21:19:25 実行中(8288)
2024/09/27 21:20:43 終了しました(8288)
2024/09/28 20:30:01 開始します(8032)
2024/09/28 20:30:01 非実行(8032)
2024/09/28 20:30:01 実行中(8032)
2024/09/28 20:31:20 終了しました(8032)
2024/10/01 12:02:49 開始します(4784)
2024/10/01 12:02:49 非実行(4784)
2024/10/01 12:02:49 実行中(4784)
2024/10/01 12:04:09 終了しました(4784)
2024/10/01 19:55:10 開始します(8920)
2024/10/01 19:55:10 非実行(8920)
2024/10/01 19:55:10 実行中(8920)
2024/10/01 19:56:28 終了しました(8920)
2024/10/02 14:42:54 開始します(7428)
2024/10/02 14:42:54 非実行(7428)
2024/10/02 14:42:54 実行中(7428)
2024/10/02 14:44:01 終了しました(7428)
2024/10/02 20:21:23 開始します(9260)
2024/10/02 20:21:23 非実行(9260)
2024/10/02 20:21:23 実行中(9260)
2024/10/02 20:22:46 終了しました(9260)
2024/10/03 19:51:09 開始します(7444)
2024/10/03 19:51:09 非実行(7444)
2024/10/03 19:51:09 実行中(7444)
2024/10/03 19:52:16 終了しました(7444)
2024/10/04 20:21:03 開始します(4848)
2024/10/04 20:21:03 非実行(4848)
2024/10/04 20:21:03 実行中(4848)
2024/10/04 20:22:21 終了しました(4848)
2024/10/07 17:19:10 開始します(13128)
2024/10/07 17:19:10 非実行(13128)
2024/10/07 17:19:10 実行中(13128)
2024/10/07 17:20:15 終了しました(13128)
2024/10/07 18:07:31 開始します(2688)
2024/10/07 18:07:31 非実行(2688)
2024/10/07 18:07:31 実行中(2688)
2024/10/07 18:07:55 終了しました(2688)
2024/10/07 20:45:09 開始します(10408)
2024/10/07 20:45:09 非実行(10408)
2024/10/07 20:45:09 実行中(10408)
2024/10/07 20:46:25 終了しました(10408)
2024/10/08 20:22:38 開始します(2848)
2024/10/08 20:22:38 非実行(2848)
2024/10/08 20:22:38 実行中(2848)
2024/10/08 20:23:55 終了しました(2848)
2024/10/09 14:22:26 開始します(4404)
2024/10/09 14:22:26 非実行(4404)
2024/10/09 14:22:26 実行中(4404)
2024/10/09 14:23:31 終了しました(4404)
2024/10/09 14:39:10 開始します(11584)
2024/10/09 14:39:10 非実行(11584)
2024/10/09 14:39:10 実行中(11584)
2024/10/09 14:40:14 終了しました(11584)
2024/10/09 21:01:04 開始します(5660)
2024/10/09 21:01:04 非実行(5660)
2024/10/09 21:01:04 実行中(5660)
2024/10/09 21:02:18 終了しました(5660)
2024/10/10 20:02:13 開始します(1416)
2024/10/10 20:02:13 非実行(1416)
2024/10/10 20:02:13 実行中(1416)
2024/10/10 20:03:26 終了しました(1416)
2024/10/11 16:00:59 開始します(1972)
2024/10/11 16:00:59 非実行(1972)
2024/10/11 16:00:59 実行中(1972)
2024/10/11 16:02:38 終了しました(1972)
2024/10/12 20:57:16 開始します(1112)
2024/10/12 20:57:16 非実行(1112)
2024/10/12 20:57:16 実行中(1112)
2024/10/12 20:58:21 終了しました(1112)
2024/10/15 19:31:48 開始します(2792)
2024/10/15 19:31:48 非実行(2792)
2024/10/15 19:31:48 実行中(2792)
2024/10/15 19:32:54 終了しました(2792)
2024/10/16 19:43:51 開始します(4712)
2024/10/16 19:43:51 非実行(4712)
2024/10/16 19:43:51 実行中(4712)
2024/10/16 19:44:56 終了しました(4712)
2024/10/17 15:19:18 開始します(7204)
2024/10/17 15:19:18 非実行(7204)
2024/10/17 15:19:18 実行中(7204)
2024/10/17 15:20:44 終了しました(7204)
2024/10/17 21:15:03 開始します(6196)
2024/10/17 21:15:03 非実行(6196)
2024/10/17 21:15:03 実行中(6196)
2024/10/17 21:16:21 終了しました(6196)
2024/10/18 16:03:20 開始します(3648)
2024/10/18 16:03:20 非実行(3648)
2024/10/18 16:03:20 実行中(3648)
2024/10/18 16:04:23 終了しました(3648)
2024/10/18 19:48:01 開始します(6368)
2024/10/18 19:48:01 非実行(6368)
2024/10/18 19:48:01 実行中(6368)
2024/10/18 19:49:07 終了しました(6368)
2024/10/21 19:43:47 開始します(5260)
2024/10/21 19:43:47 非実行(5260)
2024/10/21 19:43:47 実行中(5260)
2024/10/21 19:44:53 終了しました(5260)
2024/10/22 19:57:46 開始します(7272)
2024/10/22 19:57:46 非実行(7272)
2024/10/22 19:57:46 実行中(7272)
2024/10/22 19:58:51 終了しました(7272)
2024/10/23 19:37:56 開始します(7828)
2024/10/23 19:37:56 非実行(7828)
2024/10/23 19:37:56 実行中(7828)
2024/10/23 19:39:01 終了しました(7828)
2024/10/24 23:34:03 開始します(1120)
2024/10/24 23:34:03 非実行(1120)
2024/10/24 23:34:03 実行中(1120)
2024/10/24 23:35:20 終了しました(1120)
2024/10/27 04:04:10 開始します(5088)
2024/10/27 04:04:10 非実行(5088)
2024/10/27 04:04:10 実行中(5088)
2024/10/27 04:05:27 終了しました(5088)
2024/10/28 19:36:26 開始します(1348)
2024/10/28 19:36:26 非実行(1348)
2024/10/28 19:36:26 実行中(1348)
2024/10/28 19:37:31 終了しました(1348)
2024/10/29 21:32:51 開始します(4720)
2024/10/29 21:32:51 非実行(4720)
2024/10/29 21:32:51 実行中(4720)
2024/10/29 21:33:56 終了しました(4720)
2024/10/30 19:06:04 開始します(8672)
2024/10/30 19:06:04 非実行(8672)
2024/10/30 19:06:04 実行中(8672)
2024/10/30 19:07:10 終了しました(8672)
2024/10/31 19:55:13 開始します(6276)
2024/10/31 19:55:13 非実行(6276)
2024/10/31 19:55:13 実行中(6276)
2024/10/31 19:56:30 終了しました(6276)
2024/11/03 11:39:41 開始します(3952)
2024/11/03 11:39:41 非実行(3952)
2024/11/03 11:39:41 実行中(3952)
2024/11/03 11:41:01 終了しました(3952)
2024/11/05 21:40:02 開始します(1988)
2024/11/05 21:40:02 非実行(1988)
2024/11/05 21:40:02 実行中(1988)
2024/11/05 21:41:20 終了しました(1988)
2024/11/06 10:39:55 開始します(3148)
2024/11/06 10:39:55 非実行(3148)
2024/11/06 10:39:55 実行中(3148)
2024/11/06 10:40:58 終了しました(3148)
2024/11/06 20:49:44 開始します(1308)
2024/11/06 20:49:44 非実行(1308)
2024/11/06 20:49:44 実行中(1308)
2024/11/06 20:50:49 終了しました(1308)
2024/11/07 22:28:15 開始します(1916)
2024/11/07 22:28:15 非実行(1916)
2024/11/07 22:28:15 実行中(1916)
2024/11/07 22:29:22 終了しました(1916)
2024/11/08 23:04:23 開始します(8136)
2024/11/08 23:04:23 非実行(8136)
2024/11/08 23:04:23 実行中(8136)
2024/11/08 23:05:42 終了しました(8136)
2024/11/11 21:56:13 開始します(6288)
2024/11/11 21:56:13 非実行(6288)
2024/11/11 21:56:13 実行中(6288)
2024/11/11 21:57:34 終了しました(6288)
2024/11/12 22:24:56 開始します(8768)
2024/11/12 22:24:56 非実行(8768)
2024/11/12 22:24:56 実行中(8768)
2024/11/12 22:26:15 終了しました(8768)
2024/11/13 23:21:27 開始します(7836)
2024/11/13 23:21:27 非実行(7836)
2024/11/13 23:21:27 実行中(7836)
2024/11/13 23:22:44 終了しました(7836)
2024/11/14 22:55:03 開始します(1208)
2024/11/14 22:55:03 非実行(1208)
2024/11/14 22:55:03 実行中(1208)
2024/11/14 22:56:22 終了しました(1208)
2024/11/16 20:39:06 開始します(7904)
2024/11/16 20:39:06 非実行(7904)
2024/11/16 20:39:06 実行中(7904)
2024/11/16 20:40:29 終了しました(7904)
2024/11/18 22:47:19 開始します(2972)
2024/11/18 22:47:19 非実行(2972)
2024/11/18 22:47:19 実行中(2972)
2024/11/18 22:48:42 終了しました(2972)
2024/11/19 22:27:12 開始します(7884)
2024/11/19 22:27:12 非実行(7884)
2024/11/19 22:27:12 実行中(7884)
2024/11/19 22:28:31 終了しました(7884)
2024/11/20 13:55:06 開始します(7344)
2024/11/20 13:55:06 非実行(7344)
2024/11/20 13:55:06 実行中(7344)
2024/11/20 13:56:07 終了しました(7344)
2024/11/20 23:47:33 開始します(7380)
2024/11/20 23:47:33 非実行(7380)
2024/11/20 23:47:33 実行中(7380)
2024/11/20 23:49:08 終了しました(7380)
2024/11/21 19:01:04 開始します(2540)
2024/11/21 19:01:04 非実行(2540)
2024/11/21 19:01:04 実行中(2540)
2024/11/21 19:02:09 終了しました(2540)
2024/11/24 14:25:09 開始します(5676)
2024/11/24 14:25:09 非実行(5676)
2024/11/24 14:25:09 実行中(5676)
2024/11/24 14:26:31 終了しました(5676)
2024/12/03 22:29:26 開始します(7360)
2024/12/03 22:29:26 非実行(7360)
2024/12/03 22:29:26 実行中(7360)
2024/12/03 22:30:41 終了しました(7360)
2024/12/04 11:36:24 開始します(3268)
2024/12/04 11:36:24 非実行(3268)
2024/12/04 11:36:24 実行中(3268)
2024/12/04 11:36:28 終了しました(3268)
2024/12/04 19:29:30 開始します(8152)
2024/12/04 19:29:30 非実行(8152)
2024/12/04 19:29:30 実行中(8152)
2024/12/04 19:30:46 終了しました(8152)
2024/12/05 18:23:19 開始します(3292)
2024/12/05 18:23:19 非実行(3292)
2024/12/05 18:23:19 実行中(3292)
2024/12/05 18:24:24 終了しました(3292)
2024/12/06 20:31:45 開始します(9268)
2024/12/06 20:31:45 非実行(9268)
2024/12/06 20:31:45 実行中(9268)
2024/12/06 20:33:01 終了しました(9268)
2024/12/10 20:39:58 開始します(6968)
2024/12/10 20:39:58 非実行(6968)
2024/12/10 20:39:58 実行中(6968)
2024/12/10 20:41:04 終了しました(6968)
2024/12/11 22:42:41 開始します(6212)
2024/12/11 22:42:41 非実行(6212)
2024/12/11 22:42:41 実行中(6212)
2024/12/11 22:43:50 終了しました(6212)
2024/12/12 19:46:58 開始します(7664)
2024/12/12 19:46:58 非実行(7664)
2024/12/12 19:46:58 実行中(7664)
2024/12/12 19:48:05 終了しました(7664)
2024/12/15 19:39:35 開始します(4032)
2024/12/15 19:39:35 非実行(4032)
2024/12/15 19:39:35 実行中(4032)
2024/12/15 19:40:43 終了しました(4032)
2024/12/16 22:40:03 開始します(2856)
2024/12/16 22:40:03 非実行(2856)
2024/12/16 22:40:03 実行中(2856)
2024/12/16 22:41:10 終了しました(2856)
2024/12/17 20:42:13 開始します(4832)
2024/12/17 20:42:13 非実行(4832)
2024/12/17 20:42:13 実行中(4832)
2024/12/17 20:43:22 終了しました(4832)
2024/12/18 19:45:31 開始します(9908)
2024/12/18 19:45:31 非実行(9908)
2024/12/18 19:45:31 実行中(9908)
2024/12/18 19:46:42 終了しました(9908)
2024/12/19 20:50:33 開始します(8284)
2024/12/19 20:50:33 非実行(8284)
2024/12/19 20:50:33 実行中(8284)
2024/12/19 20:51:41 終了しました(8284)
2024/12/20 20:50:10 開始します(1232)
2024/12/20 20:50:10 非実行(1232)
2024/12/20 20:50:10 実行中(1232)
2024/12/20 20:51:19 終了しました(1232)
2024/12/21 23:25:58 開始します(4084)
2024/12/21 23:25:58 非実行(4084)
2024/12/21 23:25:58 実行中(4084)
2024/12/21 23:27:13 終了しました(4084)
2024/12/23 19:41:39 開始します(8776)
2024/12/23 19:41:39 非実行(8776)
2024/12/23 19:41:39 実行中(8776)
2024/12/23 19:42:49 終了しました(8776)
2024/12/24 21:07:15 開始します(6868)
2024/12/24 21:07:15 非実行(6868)
2024/12/24 21:07:15 実行中(6868)
2024/12/24 21:08:25 終了しました(6868)
2025/01/16 19:46:19 開始します(10016)
2025/01/16 19:46:19 非実行(10016)
2025/01/16 19:46:19 実行中(10016)
2025/01/16 19:47:28 終了しました(10016)
2025/01/17 13:44:57 開始します(4452)
2025/01/17 13:44:57 非実行(4452)
2025/01/17 13:44:57 実行中(4452)
2025/01/17 13:45:05 終了しました(4452)
2025/01/17 13:45:19 開始します(4760)
2025/01/17 13:45:19 非実行(4760)
2025/01/17 13:45:19 実行中(4760)
2025/01/17 13:46:26 終了しました(4760)
2025/01/17 19:17:16 開始します(1600)
2025/01/17 19:17:16 非実行(1600)
2025/01/17 19:17:16 実行中(1600)
2025/01/17 19:18:27 終了しました(1600)
2025/02/04 22:20:23 開始します(8584)
2025/02/04 22:20:23 非実行(8584)
2025/02/04 22:20:23 実行中(8584)
2025/02/04 22:21:33 終了しました(8584)
2025/02/05 22:18:50 開始します(3728)
2025/02/05 22:18:50 非実行(3728)
2025/02/05 22:18:50 実行中(3728)
2025/02/05 22:20:00 終了しました(3728)
2025/02/20 23:54:17 開始します(4132)
2025/02/20 23:54:17 非実行(4132)
2025/02/20 23:54:17 実行中(4132)
2025/02/20 23:55:28 終了しました(4132)
2025/02/21 21:13:04 開始します(4956)
2025/02/21 21:13:04 非実行(4956)
2025/02/21 21:13:04 実行中(4956)
2025/02/21 21:14:14 終了しました(4956)
2025/02/22 22:39:48 開始します(3132)
2025/02/22 22:39:48 非実行(3132)
2025/02/22 22:39:48 実行中(3132)
2025/02/22 22:41:00 終了しました(3132)
2025/03/04 11:02:18 開始します(7944)
2025/03/04 11:02:18 非実行(7944)
2025/03/04 11:02:18 実行中(7944)
2025/03/04 11:02:48 終了しました(7944)
2025/03/04 11:03:16 開始します(10852)
2025/03/04 11:03:16 非実行(10852)
2025/03/04 11:03:16 実行中(10852)
2025/03/04 11:03:18 終了しました(10852)
2025/03/04 11:05:11 開始します(7600)
2025/03/04 11:05:11 非実行(7600)
2025/03/04 11:05:11 実行中(7600)
2025/03/04 11:05:18 終了しました(7600)
2025/03/04 13:13:42 開始します(5800)
2025/03/04 13:13:42 非実行(5800)
2025/03/04 13:13:42 実行中(5800)
2025/03/04 13:14:52 終了しました(5800)
2025/03/04 13:15:38 開始します(8352)
2025/03/04 13:15:38 非実行(8352)
2025/03/04 13:15:38 実行中(8352)
2025/03/04 13:16:48 終了しました(8352)
2025/03/04 13:25:03 開始します(6156)
2025/03/04 13:25:03 非実行(6156)
2025/03/04 13:25:03 実行中(6156)
2025/03/04 13:26:13 終了しました(6156)
2025/03/04 13:27:32 開始します(10428)
2025/03/04 13:27:32 非実行(10428)
2025/03/04 13:27:32 実行中(10428)
2025/03/04 13:28:43 終了しました(10428)
2025/03/04 13:29:25 開始します(7792)
2025/03/04 13:29:25 非実行(7792)
2025/03/04 13:29:25 実行中(7792)
2025/03/04 13:30:37 終了しました(7792)
2025/03/07 13:00:08 開始します(12160)
2025/03/07 13:00:08 非実行(12160)
2025/03/07 13:00:08 実行中(12160)
2025/03/07 13:01:18 終了しました(12160)
2025/03/08 13:00:07 開始します(10328)
2025/03/08 13:00:07 非実行(10328)
2025/03/08 13:00:07 実行中(10328)
2025/03/08 13:00:33 終了しました(10328)
2025/03/09 13:00:09 開始します(9908)
2025/03/09 13:00:09 非実行(9908)
2025/03/09 13:00:09 実行中(9908)
2025/03/09 13:00:34 終了しました(9908)
2025/03/10 13:00:09 開始します(7816)
2025/03/10 13:00:09 非実行(7816)
2025/03/10 13:00:09 実行中(7816)
2025/03/10 13:00:34 終了しました(7816)
2025/03/11 13:00:09 開始します(6252)
2025/03/11 13:00:09 非実行(6252)
2025/03/11 13:00:09 実行中(6252)
2025/03/11 13:00:34 終了しました(6252)
2025/03/12 13:00:13 開始します(3796)
2025/03/12 13:00:13 非実行(3796)
2025/03/12 13:00:13 実行中(3796)
2025/03/12 13:01:24 終了しました(3796)
2025/03/13 13:00:07 開始します(10420)
2025/03/13 13:00:07 非実行(10420)
2025/03/13 13:00:07 実行中(10420)
2025/03/13 13:01:13 終了しました(10420)
2025/03/14 13:00:12 開始します(9892)
2025/03/14 13:00:12 非実行(9892)
2025/03/14 13:00:12 実行中(9892)
2025/03/14 13:01:21 終了しました(9892)
2025/03/15 13:00:13 開始します(3212)
2025/03/15 13:00:13 非実行(3212)
2025/03/15 13:00:13 実行中(3212)
2025/03/15 13:01:19 終了しました(3212)
2025/03/16 13:00:11 開始します(10860)
2025/03/16 13:00:11 非実行(10860)
2025/03/16 13:00:11 実行中(10860)
2025/03/16 13:01:16 終了しました(10860)
2025/03/17 13:00:13 開始します(6928)
2025/03/17 13:00:13 非実行(6928)
2025/03/17 13:00:13 実行中(6928)
2025/03/17 13:01:21 終了しました(6928)
2025/03/18 13:00:13 開始します(6536)
2025/03/18 13:00:13 非実行(6536)
2025/03/18 13:00:13 実行中(6536)
2025/03/18 13:21:03 終了しました(6536)
2025/03/19 13:00:12 開始します(8252)
2025/03/19 13:00:12 非実行(8252)
2025/03/19 13:00:12 実行中(8252)
2025/03/19 13:04:54 終了しました(8252)
2025/03/20 13:00:13 開始します(9164)
2025/03/20 13:00:13 非実行(9164)
2025/03/20 13:00:13 実行中(9164)
2025/03/20 13:01:19 終了しました(9164)
2025/03/21 13:00:12 開始します(6940)
2025/03/21 13:00:12 非実行(6940)
2025/03/21 13:00:12 実行中(6940)
2025/03/21 13:01:19 終了しました(6940)
2025/03/22 13:00:11 開始します(9908)
2025/03/22 13:00:11 非実行(9908)
2025/03/22 13:00:11 実行中(9908)
2025/03/22 13:01:19 終了しました(9908)
2025/03/23 13:00:11 開始します(3872)
2025/03/23 13:00:11 非実行(3872)
2025/03/23 13:00:11 実行中(3872)
2025/03/23 13:01:18 終了しました(3872)
2025/03/24 13:00:11 開始します(6740)
2025/03/24 13:00:11 非実行(6740)
2025/03/24 13:00:11 実行中(6740)
2025/03/24 13:01:18 終了しました(6740)
2025/03/25 13:00:25 開始します(11948)
2025/03/25 13:00:25 非実行(11948)
2025/03/25 13:00:25 実行中(11948)
2025/03/25 13:01:39 終了しました(11948)
2025/03/26 13:00:13 開始します(9456)
2025/03/26 13:00:13 非実行(9456)
2025/03/26 13:00:13 実行中(9456)
2025/03/26 13:01:21 終了しました(9456)
2025/03/27 13:00:12 開始します(11216)
2025/03/27 13:00:12 非実行(11216)
2025/03/27 13:00:12 実行中(11216)
2025/03/27 13:01:21 終了しました(11216)
2025/03/28 13:00:13 開始します(7964)
2025/03/28 13:00:13 非実行(7964)
2025/03/28 13:00:13 実行中(7964)
2025/03/28 13:01:20 終了しました(7964)
2025/03/29 13:00:13 開始します(9468)
2025/03/29 13:00:13 非実行(9468)
2025/03/29 13:00:13 実行中(9468)
2025/03/29 13:01:21 終了しました(9468)
2025/03/30 13:00:14 開始します(6180)
2025/03/30 13:00:14 非実行(6180)
2025/03/30 13:00:14 実行中(6180)
2025/03/30 13:01:20 終了しました(6180)
2025/03/31 13:00:17 開始します(6240)
2025/03/31 13:00:17 非実行(6240)
2025/03/31 13:00:17 実行中(6240)
2025/03/31 13:01:36 終了しました(6240)
2025/04/01 13:00:11 開始します(7096)
2025/04/01 13:00:11 非実行(7096)
2025/04/01 13:00:11 実行中(7096)
2025/04/01 13:01:17 終了しました(7096)
2025/04/02 13:00:10 開始します(9264)
2025/04/02 13:00:10 非実行(9264)
2025/04/02 13:00:10 実行中(9264)
2025/04/02 13:01:16 終了しました(9264)
2025/04/03 13:00:11 開始します(8740)
2025/04/03 13:00:11 非実行(8740)
2025/04/03 13:00:11 実行中(8740)
2025/04/03 13:01:17 終了しました(8740)
2025/04/04 13:00:10 開始します(9820)
2025/04/04 13:00:10 非実行(9820)
2025/04/04 13:00:10 実行中(9820)
2025/04/04 13:01:17 終了しました(9820)
2025/04/05 13:00:12 開始します(8404)
2025/04/05 13:00:12 非実行(8404)
2025/04/05 13:00:12 実行中(8404)
2025/04/05 13:01:19 終了しました(8404)
2025/04/06 13:00:12 開始します(1776)
2025/04/06 13:00:12 非実行(1776)
2025/04/06 13:00:12 実行中(1776)
2025/04/06 13:01:18 終了しました(1776)
2025/04/07 13:00:11 開始します(9196)
2025/04/07 13:00:11 非実行(9196)
2025/04/07 13:00:11 実行中(9196)
2025/04/07 13:01:17 終了しました(9196)
2025/04/08 13:00:12 開始します(7424)
2025/04/08 13:00:12 非実行(7424)
2025/04/08 13:00:12 実行中(7424)
2025/04/08 13:01:19 終了しました(7424)
2025/04/09 13:00:10 開始します(8844)
2025/04/09 13:00:10 非実行(8844)
2025/04/09 13:00:10 実行中(8844)
2025/04/09 13:01:17 終了しました(8844)
2025/04/10 13:00:12 開始します(8492)
2025/04/10 13:00:12 非実行(8492)
2025/04/10 13:00:12 実行中(8492)
2025/04/10 13:01:18 終了しました(8492)
2025/04/11 13:00:13 開始します(9004)
2025/04/11 13:00:13 非実行(9004)
2025/04/11 13:00:13 実行中(9004)
2025/04/11 13:01:20 終了しました(9004)
2025/04/12 13:00:12 開始します(10364)
2025/04/12 13:00:12 非実行(10364)
2025/04/12 13:00:12 実行中(10364)
2025/04/12 13:01:19 終了しました(10364)
2025/04/13 13:00:11 開始します(11472)
2025/04/13 13:00:11 非実行(11472)
2025/04/13 13:00:11 実行中(11472)
2025/04/13 13:01:17 終了しました(11472)
2025/04/14 13:00:14 開始します(8180)
2025/04/14 13:00:14 非実行(8180)
2025/04/14 13:00:14 実行中(8180)
2025/04/14 13:01:23 終了しました(8180)
2025/04/15 13:00:13 開始します(7180)
2025/04/15 13:00:13 非実行(7180)
2025/04/15 13:00:13 実行中(7180)
2025/04/15 13:01:23 終了しました(7180)
2025/04/16 13:00:11 開始します(2384)
2025/04/16 13:00:11 非実行(2384)
2025/04/16 13:00:11 実行中(2384)
2025/04/16 13:01:22 終了しました(2384)
2025/04/17 13:00:11 開始します(12916)
2025/04/17 13:00:11 非実行(12916)
2025/04/17 13:00:11 実行中(12916)
2025/04/17 13:01:19 終了しました(12916)
2025/04/18 13:00:11 開始します(9308)
2025/04/18 13:00:11 非実行(9308)
2025/04/18 13:00:11 実行中(9308)
2025/04/18 13:01:19 終了しました(9308)
2025/04/19 13:00:13 開始します(5816)
2025/04/19 13:00:13 非実行(5816)
2025/04/19 13:00:13 実行中(5816)
2025/04/19 13:01:21 終了しました(5816)
2025/04/20 13:00:11 開始します(2288)
2025/04/20 13:00:11 非実行(2288)
2025/04/20 13:00:11 実行中(2288)
2025/04/20 13:01:20 終了しました(2288)
2025/04/21 13:00:12 開始します(1688)
2025/04/21 13:00:12 非実行(1688)
2025/04/21 13:00:12 実行中(1688)
2025/04/21 13:01:21 終了しました(1688)
2025/04/22 13:00:11 開始します(760)
2025/04/22 13:00:11 非実行(760)
2025/04/22 13:00:11 実行中(760)
2025/04/22 13:01:22 終了しました(760)
2025/04/23 13:00:13 開始します(4136)
2025/04/23 13:00:13 非実行(4136)
2025/04/23 13:00:13 実行中(4136)
2025/04/23 13:01:21 終了しました(4136)
2025/04/24 13:00:11 開始します(1912)
2025/04/24 13:00:11 非実行(1912)
2025/04/24 13:00:11 実行中(1912)
2025/04/24 13:01:20 終了しました(1912)
2025/04/25 13:00:13 開始します(364)
2025/04/25 13:00:13 非実行(364)
2025/04/25 13:00:13 実行中(364)
2025/04/25 13:01:21 終了しました(364)
2025/04/26 13:00:11 開始します(4024)
2025/04/26 13:00:11 非実行(4024)
2025/04/26 13:00:11 実行中(4024)
2025/04/26 13:01:20 終了しました(4024)
2025/04/27 13:00:11 開始します(5772)
2025/04/27 13:00:11 非実行(5772)
2025/04/27 13:00:11 実行中(5772)
2025/04/27 13:01:19 終了しました(5772)
2025/04/28 13:00:11 開始します(6464)
2025/04/28 13:00:11 非実行(6464)
2025/04/28 13:00:11 実行中(6464)
2025/04/28 13:01:19 終了しました(6464)
2025/04/29 13:00:10 開始します(4200)
2025/04/29 13:00:10 非実行(4200)
2025/04/29 13:00:10 実行中(4200)
2025/04/29 13:01:17 終了しました(4200)
2025/04/30 13:00:09 開始します(6992)
2025/04/30 13:00:09 非実行(6992)
2025/04/30 13:00:09 実行中(6992)
2025/04/30 13:01:18 終了しました(6992)
2025/05/01 13:00:10 開始します(752)
2025/05/01 13:00:10 非実行(752)
2025/05/01 13:00:10 実行中(752)
2025/05/01 13:01:17 終了しました(752)
2025/05/02 13:00:10 開始します(8148)
2025/05/02 13:00:10 非実行(8148)
2025/05/02 13:00:10 実行中(8148)
2025/05/02 13:01:17 終了しました(8148)
2025/05/03 13:00:10 開始します(372)
2025/05/03 13:00:10 非実行(372)
2025/05/03 13:00:10 実行中(372)
2025/05/03 13:01:18 終了しました(372)
2025/05/04 13:00:09 開始します(2196)
2025/05/04 13:00:09 非実行(2196)
2025/05/04 13:00:09 実行中(2196)
2025/05/04 13:01:18 終了しました(2196)
2025/05/05 13:00:10 開始します(1156)
2025/05/05 13:00:10 非実行(1156)
2025/05/05 13:00:10 実行中(1156)
2025/05/05 13:01:18 終了しました(1156)
2025/05/06 13:00:09 開始します(1180)
2025/05/06 13:00:09 非実行(1180)
2025/05/06 13:00:09 実行中(1180)
2025/05/06 13:01:17 終了しました(1180)
2025/05/07 13:00:10 開始します(1544)
2025/05/07 13:00:10 非実行(1544)
2025/05/07 13:00:10 実行中(1544)
2025/05/07 13:01:21 終了しました(1544)
2025/05/08 13:00:09 開始します(7020)
2025/05/08 13:00:09 非実行(7020)
2025/05/08 13:00:09 実行中(7020)
2025/05/08 13:01:20 終了しました(7020)
2025/05/09 14:05:33 開始します(8060)
2025/05/09 14:05:33 非実行(8060)
2025/05/09 14:05:33 実行中(8060)
2025/05/09 14:06:41 終了しました(8060)
2025/05/10 13:00:13 開始します(1956)
2025/05/10 13:00:13 非実行(1956)
2025/05/10 13:00:13 実行中(1956)
2025/05/10 13:01:21 終了しました(1956)
2025/05/11 13:00:12 開始します(656)
2025/05/11 13:00:12 非実行(656)
2025/05/11 13:00:12 実行中(656)
2025/05/11 13:01:21 終了しました(656)
2025/05/12 13:00:10 開始します(1888)
2025/05/12 13:00:10 非実行(1888)
2025/05/12 13:00:10 実行中(1888)
2025/05/12 13:01:19 終了しました(1888)
2025/05/13 13:00:10 開始します(7424)
2025/05/13 13:00:10 非実行(7424)
2025/05/13 13:00:10 実行中(7424)
2025/05/13 13:01:14 終了しました(7424)
2025/05/14 13:00:10 開始します(1228)
2025/05/14 13:00:10 非実行(1228)
2025/05/14 13:00:10 実行中(1228)
2025/05/14 13:01:13 終了しました(1228)
2025/05/17 13:00:12 開始します(3916)
2025/05/17 13:00:12 非実行(3916)
2025/05/17 13:00:12 実行中(3916)
2025/05/17 13:01:14 終了しました(3916)
2025/05/18 13:00:11 開始します(1920)
2025/05/18 13:00:11 非実行(1920)
2025/05/18 13:00:11 実行中(1920)
2025/05/18 13:01:15 終了しました(1920)
2025/05/20 13:00:11 開始します(5784)
2025/05/20 13:00:11 非実行(5784)
2025/05/20 13:00:11 実行中(5784)
2025/05/20 13:01:13 終了しました(5784)
2025/05/23 13:00:10 開始します(8908)
2025/05/23 13:00:10 非実行(8908)
2025/05/23 13:00:10 実行中(8908)
2025/05/23 13:02:09 終了しました(8908)
2025/05/24 13:00:07 開始します(2744)
2025/05/24 13:00:07 非実行(2744)
2025/05/24 13:00:07 実行中(2744)
2025/05/24 13:02:05 終了しました(2744)
2025/05/25 13:00:07 開始します(2360)
2025/05/25 13:00:07 非実行(2360)
2025/05/25 13:00:07 実行中(2360)
2025/05/25 13:02:06 終了しました(2360)
2025/05/26 13:00:07 開始します(4912)
2025/05/26 13:00:07 非実行(4912)
2025/05/26 13:00:07 実行中(4912)
2025/05/26 13:02:06 終了しました(4912)
2025/05/27 13:00:07 開始します(2092)
2025/05/27 13:00:07 非実行(2092)
2025/05/27 13:00:07 実行中(2092)
2025/05/27 13:02:07 終了しました(2092)
2025/05/28 13:00:07 開始します(4712)
2025/05/28 13:00:07 非実行(4712)
2025/05/28 13:00:07 実行中(4712)
2025/05/28 13:02:07 終了しました(4712)
2025/05/29 13:00:08 開始します(6112)
2025/05/29 13:00:08 非実行(6112)
2025/05/29 13:00:08 実行中(6112)
2025/05/29 13:02:07 終了しました(6112)
2025/05/30 13:00:08 開始します(1828)
2025/05/30 13:00:08 非実行(1828)
2025/05/30 13:00:08 実行中(1828)
2025/05/30 13:02:07 終了しました(1828)
2025/05/31 13:00:08 開始します(4540)
2025/05/31 13:00:08 非実行(4540)
2025/05/31 13:00:08 実行中(4540)
2025/05/31 13:02:06 終了しました(4540)
2025/06/01 13:00:09 開始します(5148)
2025/06/01 13:00:09 非実行(5148)
2025/06/01 13:00:09 実行中(5148)
2025/06/01 13:02:07 終了しました(5148)
2025/06/02 13:00:07 開始します(6788)
2025/06/02 13:00:07 非実行(6788)
2025/06/02 13:00:07 実行中(6788)
2025/06/02 13:02:04 終了しました(6788)
2025/06/03 13:00:07 開始します(1188)
2025/06/03 13:00:07 非実行(1188)
2025/06/03 13:00:07 実行中(1188)
2025/06/03 13:02:07 終了しました(1188)
2025/06/04 13:00:07 開始します(6636)
2025/06/04 13:00:07 非実行(6636)
2025/06/04 13:00:07 実行中(6636)
2025/06/04 13:02:06 終了しました(6636)
2025/06/05 13:00:08 開始します(4476)
2025/06/05 13:00:08 非実行(4476)
2025/06/05 13:00:08 実行中(4476)
2025/06/05 13:02:07 終了しました(4476)
2025/06/06 13:00:08 開始します(3624)
2025/06/06 13:00:08 非実行(3624)
2025/06/06 13:00:08 実行中(3624)
2025/06/06 13:02:03 終了しました(3624)
2025/06/07 13:00:07 開始します(1036)
2025/06/07 13:00:07 非実行(1036)
2025/06/07 13:00:07 実行中(1036)
2025/06/07 13:02:03 終了しました(1036)
2025/06/08 13:00:07 開始します(5732)
2025/06/08 13:00:07 非実行(5732)
2025/06/08 13:00:07 実行中(5732)
2025/06/08 13:02:02 終了しました(5732)
2025/06/09 13:00:07 開始します(4960)
2025/06/09 13:00:07 非実行(4960)
2025/06/09 13:00:07 実行中(4960)
2025/06/09 13:02:02 終了しました(4960)
2025/06/10 13:00:08 開始します(5508)
2025/06/10 13:00:08 非実行(5508)
2025/06/10 13:00:08 実行中(5508)
2025/06/10 13:02:02 終了しました(5508)
2025/06/11 13:00:07 開始します(2500)
2025/06/11 13:00:07 非実行(2500)
2025/06/11 13:00:07 実行中(2500)
2025/06/11 13:02:02 終了しました(2500)
2025/06/12 13:00:07 開始します(6524)
2025/06/12 13:00:07 非実行(6524)
2025/06/12 13:00:07 実行中(6524)
2025/06/12 13:02:01 終了しました(6524)
2025/06/13 13:00:07 開始します(5012)
2025/06/13 13:00:07 非実行(5012)
2025/06/13 13:00:07 実行中(5012)
2025/06/13 13:01:59 終了しました(5012)
2025/06/14 13:00:07 開始します(6120)
2025/06/14 13:00:07 非実行(6120)
2025/06/14 13:00:07 実行中(6120)
2025/06/14 13:01:58 終了しました(6120)
2025/06/15 13:00:07 開始します(2908)
2025/06/15 13:00:07 非実行(2908)
2025/06/15 13:00:07 実行中(2908)
2025/06/15 13:01:58 終了しました(2908)
2025/06/16 13:00:08 開始します(2772)
2025/06/16 13:00:08 非実行(2772)
2025/06/16 13:00:08 実行中(2772)
2025/06/16 13:02:00 終了しました(2772)
2025/06/17 13:00:07 開始します(1136)
2025/06/17 13:00:07 非実行(1136)
2025/06/17 13:00:07 実行中(1136)
2025/06/17 13:01:59 終了しました(1136)
2025/06/18 13:00:07 開始します(4428)
2025/06/18 13:00:07 非実行(4428)
2025/06/18 13:00:07 実行中(4428)
2025/06/18 13:02:00 終了しました(4428)
2025/06/19 13:00:07 開始します(7504)
2025/06/19 13:00:07 非実行(7504)
2025/06/19 13:00:07 実行中(7504)
2025/06/19 13:02:01 終了しました(7504)
2025/06/20 13:00:07 開始します(5492)
2025/06/20 13:00:07 非実行(5492)
2025/06/20 13:00:07 実行中(5492)
2025/06/20 13:02:00 終了しました(5492)
2025/06/21 13:00:07 開始します(1800)
2025/06/21 13:00:07 非実行(1800)
2025/06/21 13:00:07 実行中(1800)
2025/06/21 13:01:59 終了しました(1800)
2025/06/22 13:00:07 開始します(5232)
2025/06/22 13:00:07 非実行(5232)
2025/06/22 13:00:07 実行中(5232)
2025/06/22 13:01:59 終了しました(5232)
2025/06/23 13:00:07 開始します(5016)
2025/06/23 13:00:07 非実行(5016)
2025/06/23 13:00:07 実行中(5016)
2025/06/23 13:02:00 終了しました(5016)
2025/06/24 13:00:07 開始します(2888)
2025/06/24 13:00:07 非実行(2888)
2025/06/24 13:00:07 実行中(2888)
2025/06/24 13:02:00 終了しました(2888)
2025/06/25 13:00:07 開始します(1076)
2025/06/25 13:00:07 非実行(1076)
2025/06/25 13:00:07 実行中(1076)
2025/06/25 13:01:54 終了しました(1076)
2025/06/26 13:00:07 開始します(2284)
2025/06/26 13:00:07 非実行(2284)
2025/06/26 13:00:07 実行中(2284)
2025/06/26 13:02:01 終了しました(2284)
2025/06/27 13:00:08 開始します(2576)
2025/06/27 13:00:08 非実行(2576)
2025/06/27 13:00:08 実行中(2576)
2025/06/27 13:02:00 終了しました(2576)
2025/06/28 13:00:07 開始します(3684)
2025/06/28 13:00:07 非実行(3684)
2025/06/28 13:00:07 実行中(3684)
2025/06/28 13:02:01 終了しました(3684)
2025/06/29 13:00:07 開始します(1924)
2025/06/29 13:00:07 非実行(1924)
2025/06/29 13:00:07 実行中(1924)
2025/06/29 13:02:01 終了しました(1924)
2025/06/30 13:00:08 開始します(156)
2025/06/30 13:00:08 非実行(156)
2025/06/30 13:00:08 実行中(156)
2025/06/30 13:02:01 終了しました(156)
2025/07/01 13:00:08 開始します(3604)
2025/07/01 13:00:08 非実行(3604)
2025/07/01 13:00:08 実行中(3604)
2025/07/01 13:02:02 終了しました(3604)
2025/07/02 13:00:07 開始します(2012)
2025/07/02 13:00:07 非実行(2012)
2025/07/02 13:00:07 実行中(2012)
2025/07/02 13:02:01 終了しました(2012)
2025/07/03 13:00:08 開始します(1832)
2025/07/03 13:00:08 非実行(1832)
2025/07/03 13:00:08 実行中(1832)
2025/07/03 13:02:02 終了しました(1832)
2025/07/04 13:00:07 開始します(4440)
2025/07/04 13:00:07 非実行(4440)
2025/07/04 13:00:07 実行中(4440)
2025/07/04 13:02:01 終了しました(4440)
2025/07/05 13:00:07 開始します(4472)
2025/07/05 13:00:07 非実行(4472)
2025/07/05 13:00:07 実行中(4472)
2025/07/05 13:02:02 終了しました(4472)
2025/07/06 13:00:08 開始します(5388)
2025/07/06 13:00:08 非実行(5388)
2025/07/06 13:00:08 実行中(5388)
2025/07/06 13:01:58 終了しました(5388)
2025/07/07 13:00:07 開始します(1096)
2025/07/07 13:00:07 非実行(1096)
2025/07/07 13:00:07 実行中(1096)
2025/07/07 13:02:01 終了しました(1096)
2025/07/08 13:00:07 開始します(5892)
2025/07/08 13:00:07 非実行(5892)
2025/07/08 13:00:07 実行中(5892)
2025/07/08 13:02:02 終了しました(5892)
2025/07/09 13:00:07 開始します(6452)
2025/07/09 13:00:07 非実行(6452)
2025/07/09 13:00:07 実行中(6452)
2025/07/09 13:02:00 終了しました(6452)
2025/07/10 13:00:08 開始します(5940)
2025/07/10 13:00:08 非実行(5940)
2025/07/10 13:00:08 実行中(5940)
2025/07/10 13:02:01 終了しました(5940)
2025/07/11 13:00:07 開始します(2092)
2025/07/11 13:00:07 非実行(2092)
2025/07/11 13:00:07 実行中(2092)
2025/07/11 13:02:01 終了しました(2092)
2025/07/12 13:00:07 開始します(5056)
2025/07/12 13:00:07 非実行(5056)
2025/07/12 13:00:07 実行中(5056)
2025/07/12 13:02:00 終了しました(5056)
2025/07/13 13:00:09 開始します(4668)
2025/07/13 13:00:09 非実行(4668)
2025/07/13 13:00:09 実行中(4668)
2025/07/13 13:02:01 終了しました(4668)
2025/07/14 13:00:07 開始します(1584)
2025/07/14 13:00:07 非実行(1584)
2025/07/14 13:00:07 実行中(1584)
2025/07/14 13:01:59 終了しました(1584)
2025/07/15 13:00:07 開始します(2796)
2025/07/15 13:00:07 非実行(2796)
2025/07/15 13:00:07 実行中(2796)
2025/07/15 13:02:00 終了しました(2796)
2025/07/16 13:00:08 開始します(7072)
2025/07/16 13:00:08 非実行(7072)
2025/07/16 13:00:08 実行中(7072)
2025/07/16 13:01:59 終了しました(7072)
2025/07/17 13:00:07 開始します(1136)
2025/07/17 13:00:07 非実行(1136)
2025/07/17 13:00:07 実行中(1136)
2025/07/17 13:02:00 終了しました(1136)
2025/07/18 13:00:07 開始します(5960)
2025/07/18 13:00:07 非実行(5960)
2025/07/18 13:00:07 実行中(5960)
2025/07/18 13:02:01 終了しました(5960)
2025/07/19 13:00:07 開始します(1852)
2025/07/19 13:00:07 非実行(1852)
2025/07/19 13:00:07 実行中(1852)
2025/07/19 13:01:59 終了しました(1852)
2025/07/20 13:00:07 開始します(5736)
2025/07/20 13:00:07 非実行(5736)
2025/07/20 13:00:07 実行中(5736)
2025/07/20 13:01:58 終了しました(5736)
2025/07/21 13:00:07 開始します(4644)
2025/07/21 13:00:07 非実行(4644)
2025/07/21 13:00:07 実行中(4644)
2025/07/21 13:01:58 終了しました(4644)
2025/07/22 13:00:08 開始します(2988)
2025/07/22 13:00:08 非実行(2988)
2025/07/22 13:00:08 実行中(2988)
2025/07/22 13:02:00 終了しました(2988)
2025/07/23 13:00:07 開始します(2196)
2025/07/23 13:00:07 非実行(2196)
2025/07/23 13:00:07 実行中(2196)
2025/07/23 13:02:01 終了しました(2196)
2025/07/24 13:00:08 開始します(6084)
2025/07/24 13:00:08 非実行(6084)
2025/07/24 13:00:08 実行中(6084)
2025/07/24 13:02:01 終了しました(6084)
2025/07/25 13:00:07 開始します(4328)
2025/07/25 13:00:07 非実行(4328)
2025/07/25 13:00:07 実行中(4328)
2025/07/25 13:02:00 終了しました(4328)
2025/07/26 13:00:07 開始します(3260)
2025/07/26 13:00:07 非実行(3260)
2025/07/26 13:00:07 実行中(3260)
2025/07/26 13:01:58 終了しました(3260)
2025/07/27 13:00:08 開始します(5756)
2025/07/27 13:00:08 非実行(5756)
2025/07/27 13:00:08 実行中(5756)
2025/07/27 13:02:00 終了しました(5756)
2025/07/28 13:00:08 開始します(6488)
2025/07/28 13:00:08 非実行(6488)
2025/07/28 13:00:08 実行中(6488)
2025/07/28 13:01:59 終了しました(6488)
2025/07/29 13:00:07 開始します(5848)
2025/07/29 13:00:07 非実行(5848)
2025/07/29 13:00:07 実行中(5848)
2025/07/29 13:02:00 終了しました(5848)
2025/07/30 13:00:07 開始します(4648)
2025/07/30 13:00:07 非実行(4648)
2025/07/30 13:00:07 実行中(4648)
2025/07/30 13:02:00 終了しました(4648)
2025/07/31 13:00:07 開始します(5560)
2025/07/31 13:00:07 非実行(5560)
2025/07/31 13:00:07 実行中(5560)
2025/07/31 13:02:02 終了しました(5560)
2025/08/01 13:00:08 開始します(3096)
2025/08/01 13:00:08 非実行(3096)
2025/08/01 13:00:08 実行中(3096)
2025/08/01 13:02:03 終了しました(3096)
2025/08/02 13:00:08 開始します(2832)
2025/08/02 13:00:08 非実行(2832)
2025/08/02 13:00:08 実行中(2832)
2025/08/02 13:02:02 終了しました(2832)
2025/08/03 13:00:08 開始します(3216)
2025/08/03 13:00:08 非実行(3216)
2025/08/03 13:00:08 実行中(3216)
2025/08/03 13:02:00 終了しました(3216)
2025/08/04 13:00:09 開始します(4400)
2025/08/04 13:00:09 非実行(4400)
2025/08/04 13:00:09 実行中(4400)
2025/08/04 13:02:03 終了しました(4400)
2025/08/05 13:00:07 開始します(5692)
2025/08/05 13:00:07 非実行(5692)
2025/08/05 13:00:07 実行中(5692)
2025/08/05 13:02:00 終了しました(5692)
2025/08/06 13:00:08 開始します(4676)
2025/08/06 13:00:08 非実行(4676)
2025/08/06 13:00:08 実行中(4676)
2025/08/06 13:02:02 終了しました(4676)
2025/08/07 13:00:08 開始します(5708)
2025/08/07 13:00:08 非実行(5708)
2025/08/07 13:00:08 実行中(5708)
2025/08/07 13:02:03 終了しました(5708)
2025/08/08 13:00:08 開始します(1180)
2025/08/08 13:00:08 非実行(1180)
2025/08/08 13:00:08 実行中(1180)
2025/08/08 13:02:02 終了しました(1180)
2025/08/09 13:00:08 開始します(4776)
2025/08/09 13:00:08 非実行(4776)
2025/08/09 13:00:08 実行中(4776)
2025/08/09 13:01:59 終了しました(4776)
2025/08/10 13:00:06 開始します(4592)
2025/08/10 13:00:06 非実行(4592)
2025/08/10 13:00:06 実行中(4592)
2025/08/10 13:01:59 終了しました(4592)
2025/08/11 13:00:08 開始します(5424)
2025/08/11 13:00:08 非実行(5424)
2025/08/11 13:00:08 実行中(5424)
2025/08/11 13:02:01 終了しました(5424)
2025/08/12 13:00:08 開始します(6392)
2025/08/12 13:00:08 非実行(6392)
2025/08/12 13:00:08 実行中(6392)
2025/08/12 13:02:03 終了しました(6392)
2025/08/13 13:00:08 開始します(6052)
2025/08/13 13:00:08 非実行(6052)
2025/08/13 13:00:08 実行中(6052)
2025/08/13 13:02:05 終了しました(6052)
2025/08/14 13:00:08 開始します(5144)
2025/08/14 13:00:08 非実行(5144)
2025/08/14 13:00:08 実行中(5144)
2025/08/14 13:02:03 終了しました(5144)
2025/08/15 13:00:07 開始します(5684)
2025/08/15 13:00:07 非実行(5684)
2025/08/15 13:00:07 実行中(5684)
2025/08/15 13:02:01 終了しました(5684)
2025/08/16 13:00:08 開始します(2984)
2025/08/16 13:00:08 非実行(2984)
2025/08/16 13:00:08 実行中(2984)
2025/08/16 13:02:00 終了しました(2984)
2025/08/17 13:00:07 開始します(968)
2025/08/17 13:00:07 非実行(968)
2025/08/17 13:00:07 実行中(968)
2025/08/17 13:02:02 終了しました(968)
2025/08/18 13:00:07 開始します(3204)
2025/08/18 13:00:07 非実行(3204)
2025/08/18 13:00:07 実行中(3204)
2025/08/18 13:02:02 終了しました(3204)
2025/08/19 13:00:08 開始します(1804)
2025/08/19 13:00:08 非実行(1804)
2025/08/19 13:00:08 実行中(1804)
2025/08/19 13:02:01 終了しました(1804)
2025/08/20 13:00:08 開始します(772)
2025/08/20 13:00:08 非実行(772)
2025/08/20 13:00:08 実行中(772)
2025/08/20 13:02:01 終了しました(772)
2025/08/21 13:00:07 開始します(2008)
2025/08/21 13:00:07 非実行(2008)
2025/08/21 13:00:07 実行中(2008)
2025/08/21 13:02:00 終了しました(2008)
2025/08/22 13:00:07 開始します(3664)
2025/08/22 13:00:07 非実行(3664)
2025/08/22 13:00:07 実行中(3664)
2025/08/22 13:02:01 終了しました(3664)
2025/08/23 13:00:07 開始します(5580)
2025/08/23 13:00:07 非実行(5580)
2025/08/23 13:00:07 実行中(5580)
2025/08/23 13:02:00 終了しました(5580)
2025/08/24 13:00:07 開始します(5456)
2025/08/24 13:00:07 非実行(5456)
2025/08/24 13:00:07 実行中(5456)
2025/08/24 13:02:01 終了しました(5456)
2025/08/25 13:00:08 開始します(6188)
2025/08/25 13:00:08 非実行(6188)
2025/08/25 13:00:08 実行中(6188)
2025/08/25 13:02:01 終了しました(6188)
2025/08/26 13:00:08 開始します(5740)
2025/08/26 13:00:08 非実行(5740)
2025/08/26 13:00:08 実行中(5740)
2025/08/26 13:02:00 終了しました(5740)
2025/08/27 13:00:07 開始します(5268)
2025/08/27 13:00:07 非実行(5268)
2025/08/27 13:00:07 実行中(5268)
2025/08/27 13:02:03 終了しました(5268)
2025/08/28 13:00:07 開始します(6056)
2025/08/28 13:00:07 非実行(6056)
2025/08/28 13:00:07 実行中(6056)
2025/08/28 13:02:03 終了しました(6056)
2025/08/29 13:00:08 開始します(2364)
2025/08/29 13:00:08 非実行(2364)
2025/08/29 13:00:08 実行中(2364)
2025/08/29 13:02:02 終了しました(2364)
2025/08/30 13:00:06 開始します(5208)
2025/08/30 13:00:06 非実行(5208)
2025/08/30 13:00:06 実行中(5208)
2025/08/30 13:02:01 終了しました(5208)
2025/08/31 13:00:08 開始します(3708)
2025/08/31 13:00:08 非実行(3708)
2025/08/31 13:00:08 実行中(3708)
2025/08/31 13:02:00 終了しました(3708)
2025/09/01 13:00:08 開始します(6036)
2025/09/01 13:00:08 非実行(6036)
2025/09/01 13:00:08 実行中(6036)
2025/09/01 13:02:02 終了しました(6036)
2025/09/02 13:00:08 開始します(5596)
2025/09/02 13:00:08 非実行(5596)
2025/09/02 13:00:08 実行中(5596)
2025/09/02 13:02:03 終了しました(5596)
2025/09/03 13:00:07 開始します(4424)
2025/09/03 13:00:07 非実行(4424)
2025/09/03 13:00:07 実行中(4424)
2025/09/03 13:02:02 終了しました(4424)
2025/09/04 13:00:08 開始します(5920)
2025/09/04 13:00:08 非実行(5920)
2025/09/04 13:00:08 実行中(5920)
2025/09/04 13:02:03 終了しました(5920)
2025/09/05 13:00:07 開始します(5536)
2025/09/05 13:00:07 非実行(5536)
2025/09/05 13:00:07 実行中(5536)
2025/09/05 13:02:02 終了しました(5536)
2025/09/06 13:00:07 開始します(1384)
2025/09/06 13:00:07 非実行(1384)
2025/09/06 13:00:07 実行中(1384)
2025/09/06 13:02:01 終了しました(1384)
2025/09/07 13:00:08 開始します(5732)
2025/09/07 13:00:08 非実行(5732)
2025/09/07 13:00:08 実行中(5732)
2025/09/07 13:02:03 終了しました(5732)
2025/09/08 13:00:08 開始します(1208)
2025/09/08 13:00:08 非実行(1208)
2025/09/08 13:00:08 実行中(1208)
2025/09/08 13:02:02 終了しました(1208)
2025/09/09 13:00:07 開始します(2852)
2025/09/09 13:00:07 非実行(2852)
2025/09/09 13:00:07 実行中(2852)
2025/09/09 13:02:01 終了しました(2852)
2025/09/10 13:00:08 開始します(5376)
2025/09/10 13:00:08 非実行(5376)
2025/09/10 13:00:08 実行中(5376)
2025/09/10 13:02:03 終了しました(5376)
2025/09/11 13:00:07 開始します(776)
2025/09/11 13:00:07 非実行(776)
2025/09/11 13:00:07 実行中(776)
2025/09/11 13:01:59 終了しました(776)
2025/09/12 13:00:08 開始します(3416)
2025/09/12 13:00:08 非実行(3416)
2025/09/12 13:00:08 実行中(3416)
2025/09/12 13:02:01 終了しました(3416)
2025/09/13 13:00:09 開始します(1576)
2025/09/13 13:00:09 非実行(1576)
2025/09/13 13:00:09 実行中(1576)
2025/09/13 13:02:02 終了しました(1576)
2025/09/14 13:00:07 開始します(4888)
2025/09/14 13:00:07 非実行(4888)
2025/09/14 13:00:07 実行中(4888)
2025/09/14 13:02:00 終了しました(4888)
2025/09/15 13:00:08 開始します(2776)
2025/09/15 13:00:08 非実行(2776)
2025/09/15 13:00:08 実行中(2776)
2025/09/15 13:02:00 終了しました(2776)
2025/09/16 13:00:08 開始します(620)
2025/09/16 13:00:08 非実行(620)
2025/09/16 13:00:08 実行中(620)
2025/09/16 13:02:02 終了しました(620)
2025/09/17 13:00:07 開始します(1064)
2025/09/17 13:00:07 非実行(1064)
2025/09/17 13:00:07 実行中(1064)
2025/09/17 13:02:00 終了しました(1064)
2025/09/18 13:00:08 開始します(5368)
2025/09/18 13:00:08 非実行(5368)
2025/09/18 13:00:08 実行中(5368)
2025/09/18 13:02:01 終了しました(5368)
2025/09/19 13:00:07 開始します(3964)
2025/09/19 13:00:07 非実行(3964)
2025/09/19 13:00:07 実行中(3964)
2025/09/19 13:02:00 終了しました(3964)
2025/09/20 13:00:07 開始します(668)
2025/09/20 13:00:07 非実行(668)
2025/09/20 13:00:07 実行中(668)
2025/09/20 13:01:59 終了しました(668)
2025/09/21 13:00:07 開始します(4556)
2025/09/21 13:00:07 非実行(4556)
2025/09/21 13:00:07 実行中(4556)
2025/09/21 13:01:59 終了しました(4556)
2025/09/22 13:00:06 開始します(1228)
2025/09/22 13:00:06 非実行(1228)
2025/09/22 13:00:06 実行中(1228)
2025/09/22 13:01:58 終了しました(1228)
2025/09/23 13:00:08 開始します(4980)
2025/09/23 13:00:08 非実行(4980)
2025/09/23 13:00:08 実行中(4980)
2025/09/23 13:01:59 終了しました(4980)
2025/09/24 13:00:07 開始します(3300)
2025/09/24 13:00:07 非実行(3300)
2025/09/24 13:00:07 実行中(3300)
2025/09/24 13:02:00 終了しました(3300)
2025/09/25 13:00:08 開始します(3192)
2025/09/25 13:00:08 非実行(3192)
2025/09/25 13:00:08 実行中(3192)
2025/09/25 13:02:01 終了しました(3192)
2025/09/26 13:00:08 開始します(5528)
2025/09/26 13:00:08 非実行(5528)
2025/09/26 13:00:08 実行中(5528)
2025/09/26 13:02:00 終了しました(5528)
2025/09/27 13:00:07 開始します(5584)
2025/09/27 13:00:07 非実行(5584)
2025/09/27 13:00:07 実行中(5584)
2025/09/27 13:01:58 終了しました(5584)
2025/09/28 13:00:07 開始します(1892)
2025/09/28 13:00:07 非実行(1892)
2025/09/28 13:00:07 実行中(1892)
2025/09/28 13:01:59 終了しました(1892)
2025/09/29 13:00:07 開始します(1420)
2025/09/29 13:00:07 非実行(1420)
2025/09/29 13:00:07 実行中(1420)
2025/09/29 13:01:58 終了しました(1420)
2025/09/30 13:00:08 開始します(2892)
2025/09/30 13:00:08 非実行(2892)
2025/09/30 13:00:08 実行中(2892)
2025/09/30 13:02:00 終了しました(2892)
2025/10/01 13:00:07 開始します(5072)
2025/10/01 13:00:07 非実行(5072)
2025/10/01 13:00:07 実行中(5072)
2025/10/01 13:02:01 終了しました(5072)
2025/10/02 13:00:08 開始します(5036)
2025/10/02 13:00:08 非実行(5036)
2025/10/02 13:00:08 実行中(5036)
2025/10/02 13:02:01 終了しました(5036)
2025/10/03 13:00:07 開始します(4312)
2025/10/03 13:00:07 非実行(4312)
2025/10/03 13:00:07 実行中(4312)
2025/10/03 13:02:00 終了しました(4312)
2025/10/04 13:00:07 開始します(4948)
2025/10/04 13:00:07 非実行(4948)
2025/10/04 13:00:07 実行中(4948)
2025/10/04 13:02:01 終了しました(4948)
2025/10/05 13:00:08 開始します(5424)
2025/10/05 13:00:08 非実行(5424)
2025/10/05 13:00:08 実行中(5424)
2025/10/05 13:02:00 終了しました(5424)
2025/10/06 13:00:07 開始します(640)
2025/10/06 13:00:07 非実行(640)
2025/10/06 13:00:07 実行中(640)
2025/10/06 13:02:01 終了しました(640)
2025/10/07 13:00:08 開始します(5544)
2025/10/07 13:00:08 非実行(5544)
2025/10/07 13:00:08 実行中(5544)
2025/10/07 13:02:04 終了しました(5544)
2025/10/08 13:00:07 開始します(6832)
2025/10/08 13:00:07 非実行(6832)
2025/10/08 13:00:07 実行中(6832)
2025/10/08 13:02:02 終了しました(6832)
2025/10/09 13:00:08 開始します(3540)
2025/10/09 13:00:08 非実行(3540)
2025/10/09 13:00:08 実行中(3540)
2025/10/09 13:02:05 終了しました(3540)
2025/10/10 13:00:07 開始します(4212)
2025/10/10 13:00:07 非実行(4212)
2025/10/10 13:00:07 実行中(4212)
2025/10/10 13:02:04 終了しました(4212)
2025/10/11 13:00:08 開始します(1884)
2025/10/11 13:00:08 非実行(1884)
2025/10/11 13:00:08 実行中(1884)
2025/10/11 13:02:05 終了しました(1884)
2025/10/12 13:00:07 開始します(2836)
2025/10/12 13:00:07 非実行(2836)
2025/10/12 13:00:07 実行中(2836)
2025/10/12 13:02:06 終了しました(2836)
2025/10/13 13:00:07 開始します(4596)
2025/10/13 13:00:07 非実行(4596)
2025/10/13 13:00:07 実行中(4596)
2025/10/13 13:02:04 終了しました(4596)
2025/10/14 13:00:07 開始します(2124)
2025/10/14 13:00:07 非実行(2124)
2025/10/14 13:00:07 実行中(2124)
2025/10/14 13:02:05 終了しました(2124)
2025/10/15 13:00:07 開始します(6024)
2025/10/15 13:00:07 非実行(6024)
2025/10/15 13:00:07 実行中(6024)
2025/10/15 13:02:04 終了しました(6024)
2025/10/16 13:00:08 開始します(2228)
2025/10/16 13:00:08 非実行(2228)
2025/10/16 13:00:08 実行中(2228)
2025/10/16 13:02:04 終了しました(2228)
2025/10/17 13:00:08 開始します(4356)
2025/10/17 13:00:08 非実行(4356)
2025/10/17 13:00:08 実行中(4356)
2025/10/17 13:02:04 終了しました(4356)
2025/10/18 13:00:08 開始します(5744)
2025/10/18 13:00:08 非実行(5744)
2025/10/18 13:00:08 実行中(5744)
2025/10/18 13:02:04 終了しました(5744)
2025/10/19 13:00:08 開始します(824)
2025/10/19 13:00:08 非実行(824)
2025/10/19 13:00:08 実行中(824)
2025/10/19 13:02:05 終了しました(824)
2025/10/20 13:00:07 開始します(4944)
2025/10/20 13:00:07 非実行(4944)
2025/10/20 13:00:07 実行中(4944)
2025/10/20 13:02:03 終了しました(4944)
2025/10/21 13:00:07 開始します(7664)
2025/10/21 13:00:07 非実行(7664)
2025/10/21 13:00:07 実行中(7664)
2025/10/21 13:02:04 終了しました(7664)
2025/10/22 13:00:06 開始します(2256)
2025/10/22 13:00:06 非実行(2256)
2025/10/22 13:00:06 実行中(2256)
2025/10/22 13:02:02 終了しました(2256)
2025/10/23 13:00:06 開始します(7892)
2025/10/23 13:00:06 非実行(7892)
2025/10/23 13:00:06 実行中(7892)
2025/10/23 13:02:04 終了しました(7892)
2025/10/24 13:00:05 開始します(8044)
2025/10/24 13:00:05 非実行(8044)
2025/10/24 13:00:05 実行中(8044)
2025/10/24 13:02:02 終了しました(8044)
2025/10/25 13:00:05 開始します(4980)
2025/10/25 13:00:05 非実行(4980)
2025/10/25 13:00:05 実行中(4980)
2025/10/25 13:02:00 終了しました(4980)
2025/10/26 13:00:05 開始します(3248)
2025/10/26 13:00:05 非実行(3248)
2025/10/26 13:00:05 実行中(3248)
2025/10/26 13:02:00 終了しました(3248)
2025/10/27 13:00:03 開始します(8128)
2025/10/27 13:00:03 非実行(8128)
2025/10/27 13:00:03 実行中(8128)
2025/10/27 13:01:59 終了しました(8128)
2025/10/28 13:00:03 開始します(8064)
2025/10/28 13:00:03 非実行(8064)
2025/10/28 13:00:03 実行中(8064)
2025/10/28 13:01:58 終了しました(8064)
