2018/10/19 14:07:37 開始します(5284)
2018/10/19 14:07:37 非実行(5284)
2018/10/19 14:07:37 実行中(5284)
2018/10/19 14:07:42 終了しました(5284)
2018/10/24 20:34:59 開始します(4264)
2018/10/24 20:34:59 非実行(4264)
2018/10/24 20:34:59 実行中(4264)
2018/10/24 20:35:19 終了しました(4264)
2018/10/25 21:58:08 開始します(6084)
2018/10/25 21:58:08 非実行(6084)
2018/10/25 21:58:08 実行中(6084)
2018/10/25 21:58:29 終了しました(6084)
2018/10/26 22:50:33 開始します(6624)
2018/10/26 22:50:33 非実行(6624)
2018/10/26 22:50:33 実行中(6624)
2018/10/26 22:50:53 終了しました(6624)
2018/11/02 06:38:29 開始します(4772)
2018/11/02 06:38:29 非実行(4772)
2018/11/02 06:38:29 実行中(4772)
2018/11/02 06:38:50 終了しました(4772)
2018/11/02 18:55:06 開始します(5408)
2018/11/02 18:55:06 非実行(5408)
2018/11/02 18:55:06 実行中(5408)
2018/11/02 18:55:26 終了しました(5408)
2018/11/06 23:10:33 開始します(3664)
2018/11/06 23:10:33 非実行(3664)
2018/11/06 23:10:33 実行中(3664)
2018/11/06 23:10:53 終了しました(3664)
2018/11/07 23:15:27 開始します(2600)
2018/11/07 23:15:27 非実行(2600)
2018/11/07 23:15:27 実行中(2600)
2018/11/07 23:15:48 終了しました(2600)
2018/11/17 03:57:27 開始します(5496)
2018/11/17 03:57:27 非実行(5496)
2018/11/17 03:57:27 実行中(5496)
2018/11/17 03:57:47 終了しました(5496)
2018/11/20 16:56:59 開始します(4000)
2018/11/20 16:56:59 非実行(4000)
2018/11/20 16:56:59 実行中(4000)
2018/11/20 16:57:20 終了しました(4000)
2018/11/21 22:20:56 開始します(4088)
2018/11/21 22:20:56 非実行(4088)
2018/11/21 22:20:56 実行中(4088)
2018/11/21 22:21:17 終了しました(4088)
2018/11/22 22:06:50 開始します(1908)
2018/11/22 22:06:50 非実行(1908)
2018/11/22 22:06:50 実行中(1908)
2018/11/22 22:07:10 終了しました(1908)
2018/11/23 22:29:24 開始します(5788)
2018/11/23 22:29:24 非実行(5788)
2018/11/23 22:29:24 実行中(5788)
2018/11/23 22:29:45 終了しました(5788)
2018/11/26 17:51:22 開始します(4220)
2018/11/26 17:51:22 非実行(4220)
2018/11/26 17:51:22 実行中(4220)
2018/11/26 17:51:47 終了しました(4220)
2018/11/27 03:02:33 開始します(2060)
2018/11/27 03:02:33 非実行(2060)
2018/11/27 03:02:33 実行中(2060)
2018/11/27 03:02:57 終了しました(2060)
2018/11/28 02:43:10 開始します(3316)
2018/11/28 02:43:10 非実行(3316)
2018/11/28 02:43:10 実行中(3316)
2018/11/28 02:43:34 終了しました(3316)
2018/11/29 02:23:59 開始します(3944)
2018/11/29 02:23:59 非実行(3944)
2018/11/29 02:23:59 実行中(3944)
2018/11/29 02:24:23 終了しました(3944)
2018/11/30 02:08:55 開始します(3112)
2018/11/30 02:08:55 非実行(3112)
2018/11/30 02:08:55 実行中(3112)
2018/11/30 02:09:18 終了しました(3112)
2018/12/01 01:10:31 開始します(832)
2018/12/01 01:10:31 非実行(832)
2018/12/01 01:10:31 実行中(832)
2018/12/01 01:10:52 終了しました(832)
2018/12/08 07:56:07 開始します(3012)
2018/12/08 07:56:07 非実行(3012)
2018/12/08 07:56:07 実行中(3012)
2018/12/08 07:56:26 終了しました(3012)
2018/12/11 05:52:16 開始します(1548)
2018/12/11 05:52:16 非実行(1548)
2018/12/11 05:52:16 実行中(1548)
2018/12/11 05:52:34 終了しました(1548)
2018/12/12 05:17:35 開始します(5384)
2018/12/12 05:17:35 非実行(5384)
2018/12/12 05:17:35 実行中(5384)
2018/12/12 05:17:53 終了しました(5384)
2018/12/13 05:09:09 開始します(5008)
2018/12/13 05:09:09 非実行(5008)
2018/12/13 05:09:09 実行中(5008)
2018/12/13 05:09:27 終了しました(5008)
2018/12/26 01:37:24 開始します(6608)
2018/12/26 01:37:24 非実行(6608)
2018/12/26 01:37:24 実行中(6608)
2018/12/26 01:37:43 終了しました(6608)
2019/01/19 00:49:17 開始します(7000)
2019/01/19 00:49:17 非実行(7000)
2019/01/19 00:49:17 実行中(7000)
2019/01/19 00:49:36 終了しました(7000)
2019/01/23 01:54:56 開始します(5428)
2019/01/23 01:54:56 非実行(5428)
2019/01/23 01:54:56 実行中(5428)
2019/01/23 01:55:15 終了しました(5428)
2019/01/25 03:17:20 開始します(6052)
2019/01/25 03:17:20 非実行(6052)
2019/01/25 03:17:20 実行中(6052)
2019/01/25 03:17:37 終了しました(6052)
2019/01/26 07:18:38 開始します(5400)
2019/01/26 07:18:38 非実行(5400)
2019/01/26 07:18:38 実行中(5400)
2019/01/26 07:18:56 終了しました(5400)
2019/01/29 05:55:28 開始します(4560)
2019/01/29 05:55:28 非実行(4560)
2019/01/29 05:55:28 実行中(4560)
2019/01/29 05:55:46 終了しました(4560)
2019/01/30 06:20:40 開始します(4716)
2019/01/30 06:20:40 非実行(4716)
2019/01/30 06:20:40 実行中(4716)
2019/01/30 06:20:59 終了しました(4716)
2019/01/31 04:00:56 開始します(5200)
2019/01/31 04:00:56 非実行(5200)
2019/01/31 04:00:56 実行中(5200)
2019/01/31 04:01:15 終了しました(5200)
2019/02/01 02:41:28 開始します(4976)
2019/02/01 02:41:28 非実行(4976)
2019/02/01 02:41:28 実行中(4976)
2019/02/01 02:41:47 終了しました(4976)
2019/02/02 02:17:33 開始します(5432)
2019/02/02 02:17:33 非実行(5432)
2019/02/02 02:17:33 実行中(5432)
2019/02/02 02:17:51 終了しました(5432)
2019/02/05 06:03:23 開始します(3632)
2019/02/05 06:03:23 非実行(3632)
2019/02/05 06:03:23 実行中(3632)
2019/02/05 06:03:40 終了しました(3632)
2019/02/06 06:54:59 開始します(896)
2019/02/06 06:54:59 非実行(896)
2019/02/06 06:54:59 実行中(896)
2019/02/06 06:55:17 終了しました(896)
2019/02/07 00:41:00 開始します(4584)
2019/02/07 00:41:00 非実行(4584)
2019/02/07 00:41:00 実行中(4584)
2019/02/07 00:41:19 終了しました(4584)
2019/02/08 00:50:44 開始します(4584)
2019/02/08 00:50:44 非実行(4584)
2019/02/08 00:50:44 実行中(4584)
2019/02/08 00:51:03 終了しました(4584)
2019/02/09 01:55:15 開始します(4744)
2019/02/09 01:55:15 非実行(4744)
2019/02/09 01:55:15 実行中(4744)
2019/02/09 01:55:33 終了しました(4744)
2019/02/12 01:21:07 開始します(5064)
2019/02/12 01:21:07 非実行(5064)
2019/02/12 01:21:07 実行中(5064)
2019/02/12 01:21:26 終了しました(5064)
2019/02/13 04:03:38 開始します(6776)
2019/02/13 04:03:38 非実行(6776)
2019/02/13 04:03:38 実行中(6776)
2019/02/13 04:03:57 終了しました(6776)
2019/02/14 01:32:10 開始します(1896)
2019/02/14 01:32:10 非実行(1896)
2019/02/14 01:32:10 実行中(1896)
2019/02/14 01:32:28 終了しました(1896)
2019/02/15 00:08:43 開始します(2520)
2019/02/15 00:08:43 非実行(2520)
2019/02/15 00:08:43 実行中(2520)
2019/02/15 00:09:02 終了しました(2520)
2019/03/08 20:19:10 開始します(6464)
2019/03/08 20:19:10 非実行(6464)
2019/03/08 20:19:10 実行中(6464)
2019/03/08 20:19:29 終了しました(6464)
2019/03/12 00:23:14 開始します(4868)
2019/03/12 00:23:14 非実行(4868)
2019/03/12 00:23:14 実行中(4868)
2019/03/12 00:23:33 終了しました(4868)
2019/03/13 04:47:23 開始します(5812)
2019/03/13 04:47:23 非実行(5812)
2019/03/13 04:47:23 実行中(5812)
2019/03/13 04:47:41 終了しました(5812)
2019/03/14 00:48:38 開始します(5296)
2019/03/14 00:48:38 非実行(5296)
2019/03/14 00:48:38 実行中(5296)
2019/03/14 00:48:57 終了しました(5296)
2019/03/15 00:13:14 開始します(4028)
2019/03/15 00:13:14 非実行(4028)
2019/03/15 00:13:14 実行中(4028)
2019/03/15 00:13:33 終了しました(4028)
2019/03/15 23:49:19 開始します(1516)
2019/03/15 23:49:19 非実行(1516)
2019/03/15 23:49:19 実行中(1516)
2019/03/15 23:49:37 終了しました(1516)
2019/03/19 00:12:50 開始します(1544)
2019/03/19 00:12:50 非実行(1544)
2019/03/19 00:12:50 実行中(1544)
2019/03/19 00:13:08 終了しました(1544)
2019/03/20 00:20:33 開始します(3952)
2019/03/20 00:20:33 非実行(3952)
2019/03/20 00:20:33 実行中(3952)
2019/03/20 00:20:52 終了しました(3952)
2019/03/20 23:56:39 開始します(4208)
2019/03/20 23:56:39 非実行(4208)
2019/03/20 23:56:39 実行中(4208)
2019/03/20 23:56:58 終了しました(4208)
2019/03/22 00:34:37 開始します(4336)
2019/03/22 00:34:37 非実行(4336)
2019/03/22 00:34:37 実行中(4336)
2019/03/22 00:34:55 終了しました(4336)
2019/03/23 00:25:28 開始します(3208)
2019/03/23 00:25:28 非実行(3208)
2019/03/23 00:25:28 実行中(3208)
2019/03/23 00:25:47 終了しました(3208)
2019/03/26 00:52:36 開始します(4948)
2019/03/26 00:52:36 非実行(4948)
2019/03/26 00:52:36 実行中(4948)
2019/03/26 00:52:54 終了しました(4948)
2019/03/27 00:41:24 開始します(4300)
2019/03/27 00:41:24 非実行(4300)
2019/03/27 00:41:24 実行中(4300)
2019/03/27 00:41:43 終了しました(4300)
2019/03/28 01:05:49 開始します(936)
2019/03/28 01:05:49 非実行(936)
2019/03/28 01:05:49 実行中(936)
2019/03/28 01:06:07 終了しました(936)
2019/03/29 00:37:36 開始します(1876)
2019/03/29 00:37:36 非実行(1876)
2019/03/29 00:37:36 実行中(1876)
2019/03/29 00:37:54 終了しました(1876)
2019/03/30 00:08:54 開始します(4092)
2019/03/30 00:08:54 非実行(4092)
2019/03/30 00:08:54 実行中(4092)
2019/03/30 00:09:13 終了しました(4092)
2019/04/01 23:59:07 開始します(4432)
2019/04/01 23:59:07 非実行(4432)
2019/04/01 23:59:07 実行中(4432)
2019/04/01 23:59:26 終了しました(4432)
2019/04/02 23:17:55 開始します(176)
2019/04/02 23:17:55 非実行(176)
2019/04/02 23:17:55 実行中(176)
2019/04/02 23:18:14 終了しました(176)
2019/04/04 00:26:10 開始します(5152)
2019/04/04 00:26:10 非実行(5152)
2019/04/04 00:26:10 実行中(5152)
2019/04/04 00:26:28 終了しました(5152)
2019/04/04 22:57:36 開始します(3180)
2019/04/04 22:57:36 非実行(3180)
2019/04/04 22:57:36 実行中(3180)
2019/04/04 22:57:55 終了しました(3180)
2019/04/05 22:56:17 開始します(3888)
2019/04/05 22:56:17 非実行(3888)
2019/04/05 22:56:17 実行中(3888)
2019/04/05 22:56:36 終了しました(3888)
2019/04/08 23:18:59 開始します(4820)
2019/04/08 23:18:59 非実行(4820)
2019/04/08 23:18:59 実行中(4820)
2019/04/08 23:19:17 終了しました(4820)
2019/04/09 22:47:10 開始します(5408)
2019/04/09 22:47:10 非実行(5408)
2019/04/09 22:47:10 実行中(5408)
2019/04/09 22:47:29 終了しました(5408)
2019/04/10 23:02:49 開始します(4232)
2019/04/10 23:02:49 非実行(4232)
2019/04/10 23:02:49 実行中(4232)
2019/04/10 23:03:08 終了しました(4232)
2019/04/13 01:56:51 開始します(3944)
2019/04/13 01:56:51 非実行(3944)
2019/04/13 01:56:51 実行中(3944)
2019/04/13 01:57:08 終了しました(3944)
2019/04/18 03:13:43 開始します(876)
2019/04/18 03:13:43 非実行(876)
2019/04/18 03:13:43 実行中(876)
2019/04/18 03:14:05 終了しました(876)
2019/04/20 14:41:24 開始します(2220)
2019/04/20 14:41:24 非実行(2220)
2019/04/20 14:41:24 実行中(2220)
2019/04/20 14:41:45 終了しました(2220)
2019/04/23 18:22:37 開始します(3856)
2019/04/23 18:22:37 非実行(3856)
2019/04/23 18:22:37 実行中(3856)
2019/04/23 18:22:56 終了しました(3856)
2019/04/24 23:13:02 開始します(6472)
2019/04/24 23:13:02 非実行(6472)
2019/04/24 23:13:02 実行中(6472)
2019/04/24 23:13:21 終了しました(6472)
2019/04/25 21:36:13 開始します(3296)
2019/04/25 21:36:13 非実行(3296)
2019/04/25 21:36:13 実行中(3296)
2019/04/25 21:36:32 終了しました(3296)
2019/04/29 05:39:51 開始します(2608)
2019/04/29 05:39:51 非実行(2608)
2019/04/29 05:39:51 実行中(2608)
2019/04/29 05:40:11 終了しました(2608)
2019/05/07 02:22:34 開始します(4912)
2019/05/07 02:22:34 非実行(4912)
2019/05/07 02:22:34 実行中(4912)
2019/05/07 02:22:54 終了しました(4912)
2019/05/09 20:44:42 開始します(7416)
2019/05/09 20:44:42 非実行(7416)
2019/05/09 20:44:42 実行中(7416)
2019/05/09 20:45:03 終了しました(7416)
2019/05/10 11:20:18 開始します(5644)
2019/05/10 11:20:18 非実行(5644)
2019/05/10 11:20:18 実行中(5644)
2019/05/10 11:20:37 終了しました(5644)
2019/05/24 03:02:16 開始します(7064)
2019/05/24 03:02:16 非実行(7064)
2019/05/24 03:02:16 実行中(7064)
2019/05/24 03:02:33 終了しました(7064)
2019/05/29 03:03:29 開始します(8932)
2019/05/29 03:03:29 非実行(8932)
2019/05/29 03:03:29 実行中(8932)
2019/05/29 03:03:46 終了しました(8932)
2019/06/17 20:37:13 開始します(8236)
2019/06/17 20:37:13 非実行(8236)
2019/06/17 20:37:13 実行中(8236)
2019/06/17 20:37:31 終了しました(8236)
2019/06/25 21:42:30 開始します(3088)
2019/06/25 21:42:30 非実行(3088)
2019/06/25 21:42:30 実行中(3088)
2019/06/25 21:42:59 終了しました(3088)
2019/06/27 02:22:30 開始します(10260)
2019/06/27 02:22:30 非実行(10260)
2019/06/27 02:22:30 実行中(10260)
2019/06/27 02:22:57 終了しました(10260)
2019/06/27 21:52:12 開始します(2076)
2019/06/27 21:52:12 非実行(2076)
2019/06/27 21:52:12 実行中(2076)
2019/06/27 21:52:39 終了しました(2076)
2019/06/28 21:13:07 開始します(11660)
2019/06/28 21:13:07 非実行(11660)
2019/06/28 21:13:07 実行中(11660)
2019/06/28 21:13:34 終了しました(11660)
2019/07/04 16:07:08 開始します(10252)
2019/07/04 16:07:08 非実行(10252)
2019/07/04 16:07:08 実行中(10252)
2019/07/04 16:07:42 終了しました(10252)
2019/07/09 22:12:48 開始します(7612)
2019/07/09 22:12:48 非実行(7612)
2019/07/09 22:12:48 実行中(7612)
2019/07/09 22:13:16 終了しました(7612)
2019/07/11 03:47:48 開始します(5776)
2019/07/11 03:47:48 非実行(5776)
2019/07/11 03:47:48 実行中(5776)
2019/07/11 03:48:16 終了しました(5776)
2019/07/22 22:35:36 開始します(10892)
2019/07/22 22:35:36 非実行(10892)
2019/07/22 22:35:36 実行中(10892)
2019/07/22 22:36:06 終了しました(10892)
2019/07/23 17:33:31 開始します(5368)
2019/07/23 17:33:31 非実行(5368)
2019/07/23 17:33:31 実行中(5368)
2019/07/23 17:34:03 終了しました(5368)
2019/07/24 22:56:17 開始します(7752)
2019/07/24 22:56:17 非実行(7752)
2019/07/24 22:56:17 実行中(7752)
2019/07/24 22:56:47 終了しました(7752)
2019/07/25 19:11:10 開始します(10168)
2019/07/25 19:11:10 非実行(10168)
2019/07/25 19:11:10 実行中(10168)
2019/07/25 19:11:40 終了しました(10168)
2019/07/27 05:50:41 開始します(8100)
2019/07/27 05:50:41 非実行(8100)
2019/07/27 05:50:41 実行中(8100)
2019/07/27 05:51:11 終了しました(8100)
2019/07/29 19:38:40 開始します(11096)
2019/07/29 19:38:40 非実行(11096)
2019/07/29 19:38:40 実行中(11096)
2019/07/29 19:39:12 終了しました(11096)
2019/07/30 22:54:06 開始します(1336)
2019/07/30 22:54:06 非実行(1336)
2019/07/30 22:54:06 実行中(1336)
2019/07/30 22:54:38 終了しました(1336)
2019/08/01 01:34:46 開始します(7316)
2019/08/01 01:34:46 非実行(7316)
2019/08/01 01:34:46 実行中(7316)
2019/08/01 01:35:17 終了しました(7316)
2019/08/07 21:15:45 開始します(7420)
2019/08/07 21:15:45 非実行(7420)
2019/08/07 21:15:45 実行中(7420)
2019/08/07 21:16:16 終了しました(7420)
2019/08/08 21:38:05 開始します(5620)
2019/08/08 21:38:05 非実行(5620)
2019/08/08 21:38:05 実行中(5620)
2019/08/08 21:38:35 終了しました(5620)
2019/08/09 19:07:59 開始します(5832)
2019/08/09 19:07:59 非実行(5832)
2019/08/09 19:07:59 実行中(5832)
2019/08/09 19:08:29 終了しました(5832)
2019/08/14 21:30:04 開始します(7236)
2019/08/14 21:30:04 非実行(7236)
2019/08/14 21:30:04 実行中(7236)
2019/08/14 21:30:35 終了しました(7236)
2019/08/15 21:56:29 開始します(3024)
2019/08/15 21:56:29 非実行(3024)
2019/08/15 21:56:29 実行中(3024)
2019/08/15 21:56:59 終了しました(3024)
2019/08/16 18:43:02 開始します(1056)
2019/08/16 18:43:02 非実行(1056)
2019/08/16 18:43:02 実行中(1056)
2019/08/16 18:43:34 終了しました(1056)
2019/08/19 21:13:30 開始します(10612)
2019/08/19 21:13:30 非実行(10612)
2019/08/19 21:13:30 実行中(10612)
2019/08/19 21:14:00 終了しました(10612)
2019/08/20 21:15:06 開始します(9916)
2019/08/20 21:15:06 非実行(9916)
2019/08/20 21:15:06 実行中(9916)
2019/08/20 21:15:37 終了しました(9916)
2019/08/21 20:12:59 開始します(8816)
2019/08/21 20:12:59 非実行(8816)
2019/08/21 20:12:59 実行中(8816)
2019/08/21 20:13:29 終了しました(8816)
2019/08/22 20:27:13 開始します(9904)
2019/08/22 20:27:13 非実行(9904)
2019/08/22 20:27:13 実行中(9904)
2019/08/22 20:27:44 終了しました(9904)
2019/08/26 20:11:29 開始します(10692)
2019/08/26 20:11:29 非実行(10692)
2019/08/26 20:11:29 実行中(10692)
2019/08/26 20:11:59 終了しました(10692)
2019/08/28 19:27:28 開始します(9860)
2019/08/28 19:27:28 非実行(9860)
2019/08/28 19:27:28 実行中(9860)
2019/08/28 19:27:59 終了しました(9860)
2019/09/02 19:30:43 開始します(9212)
2019/09/02 19:30:43 非実行(9212)
2019/09/02 19:30:43 実行中(9212)
2019/09/02 19:31:14 終了しました(9212)
2019/09/04 19:40:39 開始します(7776)
2019/09/04 19:40:39 非実行(7776)
2019/09/04 19:40:39 実行中(7776)
2019/09/04 19:41:09 終了しました(7776)
2019/09/05 21:46:32 開始します(5308)
2019/09/05 21:46:32 非実行(5308)
2019/09/05 21:46:32 実行中(5308)
2019/09/05 21:47:02 終了しました(5308)
2019/09/12 01:54:31 開始します(2412)
2019/09/12 01:54:31 非実行(2412)
2019/09/12 01:54:31 実行中(2412)
2019/09/12 01:55:00 終了しました(2412)
2019/09/13 03:09:34 開始します(11512)
2019/09/13 03:09:34 非実行(11512)
2019/09/13 03:09:34 実行中(11512)
2019/09/13 03:10:06 終了しました(11512)
2019/10/05 03:32:26 開始します(4692)
2019/10/05 03:32:26 非実行(4692)
2019/10/05 03:32:26 実行中(4692)
2019/10/05 03:32:56 終了しました(4692)
2019/10/23 18:14:03 開始します(2844)
2019/10/23 18:14:03 非実行(2844)
2019/10/23 18:14:03 実行中(2844)
2019/10/23 18:14:31 終了しました(2844)
2019/10/24 13:24:03 開始します(10740)
2019/10/24 13:24:03 非実行(10740)
2019/10/24 13:24:03 実行中(10740)
2019/10/24 13:24:32 終了しました(10740)
2019/10/29 01:30:46 開始します(3572)
2019/10/29 01:30:46 非実行(3572)
2019/10/29 01:30:46 実行中(3572)
2019/10/29 01:31:15 終了しました(3572)
2019/11/01 18:09:25 開始します(8924)
2019/11/01 18:09:25 非実行(8924)
2019/11/01 18:09:25 実行中(8924)
2019/11/01 18:10:32 終了しました(8924)
2019/11/05 20:28:30 開始します(10276)
2019/11/05 20:28:30 非実行(10276)
2019/11/05 20:28:30 実行中(10276)
2019/11/05 20:29:31 終了しました(10276)
2019/11/06 23:44:35 開始します(3492)
2019/11/06 23:44:35 非実行(3492)
2019/11/06 23:44:35 実行中(3492)
2019/11/06 23:45:36 終了しました(3492)
2019/11/07 19:17:56 開始します(6160)
2019/11/07 19:17:56 非実行(6160)
2019/11/07 19:17:56 実行中(6160)
2019/11/07 19:18:57 終了しました(6160)
2019/11/08 19:50:31 開始します(11268)
2019/11/08 19:50:31 非実行(11268)
2019/11/08 19:50:31 実行中(11268)
2019/11/08 19:51:33 終了しました(11268)
2019/11/11 19:33:38 開始します(2968)
2019/11/11 19:33:38 非実行(2968)
2019/11/11 19:33:38 実行中(2968)
2019/11/11 19:34:42 終了しました(2968)
2019/11/12 20:47:20 開始します(6172)
2019/11/12 20:47:20 非実行(6172)
2019/11/12 20:47:20 実行中(6172)
2019/11/12 20:48:23 終了しました(6172)
2019/11/13 18:17:23 開始します(7984)
2019/11/13 18:17:23 非実行(7984)
2019/11/13 18:17:23 実行中(7984)
2019/11/13 18:18:25 終了しました(7984)
2019/11/14 21:51:56 開始します(6468)
2019/11/14 21:51:56 非実行(6468)
2019/11/14 21:51:56 実行中(6468)
2019/11/14 21:52:56 終了しました(6468)
2019/11/15 21:37:38 開始します(12616)
2019/11/15 21:37:38 非実行(12616)
2019/11/15 21:37:38 実行中(12616)
2019/11/15 21:38:39 終了しました(12616)
2019/11/18 20:48:58 開始します(4408)
2019/11/18 20:48:58 非実行(4408)
2019/11/18 20:48:58 実行中(4408)
2019/11/18 20:50:00 終了しました(4408)
2019/11/20 04:23:01 開始します(12592)
2019/11/20 04:23:01 非実行(12592)
2019/11/20 04:23:01 実行中(12592)
2019/11/20 04:24:03 終了しました(12592)
2019/11/21 03:46:04 開始します(12332)
2019/11/21 03:46:04 非実行(12332)
2019/11/21 03:46:04 実行中(12332)
2019/11/21 03:47:09 終了しました(12332)
2019/11/21 20:27:13 開始します(11848)
2019/11/21 20:27:13 非実行(11848)
2019/11/21 20:27:13 実行中(11848)
2019/11/21 20:28:15 終了しました(11848)
2019/11/23 01:48:55 開始します(10644)
2019/11/23 01:48:55 非実行(10644)
2019/11/23 01:48:55 実行中(10644)
2019/11/23 01:49:59 終了しました(10644)
2019/11/25 20:25:01 開始します(4416)
2019/11/25 20:25:01 非実行(4416)
2019/11/25 20:25:01 実行中(4416)
2019/11/25 20:26:03 終了しました(4416)
2019/11/28 19:55:07 開始します(7964)
2019/11/28 19:55:07 非実行(7964)
2019/11/28 19:55:07 実行中(7964)
2019/11/28 19:56:11 終了しました(7964)
2019/11/29 20:19:18 開始します(10620)
2019/11/29 20:19:18 非実行(10620)
2019/11/29 20:19:18 実行中(10620)
2019/11/29 20:20:19 終了しました(10620)
2019/12/03 03:34:11 開始します(9204)
2019/12/03 03:34:11 非実行(9204)
2019/12/03 03:34:11 実行中(9204)
2019/12/03 03:35:13 終了しました(9204)
2019/12/23 23:26:43 開始します(5804)
2019/12/23 23:26:43 非実行(5804)
2019/12/23 23:26:43 実行中(5804)
2019/12/23 23:27:49 終了しました(5804)
2019/12/27 00:04:37 開始します(6972)
2019/12/27 00:04:37 非実行(6972)
2019/12/27 00:04:37 実行中(6972)
2019/12/27 00:05:41 終了しました(6972)
2020/02/28 15:50:25 開始します(8040)
2020/02/28 15:50:25 非実行(8040)
2020/02/28 15:50:25 実行中(8040)
2020/02/28 15:52:01 終了しました(8040)
2020/03/04 19:42:21 開始します(5216)
2020/03/04 19:42:21 非実行(5216)
2020/03/04 19:42:21 実行中(5216)
2020/03/04 19:43:50 終了しました(5216)
2020/03/05 21:10:44 開始します(2948)
2020/03/05 21:10:44 非実行(2948)
2020/03/05 21:10:44 実行中(2948)
2020/03/05 21:12:24 終了しました(2948)
2020/03/07 05:19:54 開始します(672)
2020/03/07 05:19:54 非実行(672)
2020/03/07 05:19:54 実行中(672)
2020/03/07 05:21:27 終了しました(672)
2020/03/19 05:06:12 開始します(6856)
2020/03/19 05:06:12 非実行(6856)
2020/03/19 05:06:12 実行中(6856)
2020/03/19 05:08:06 終了しました(6856)
2020/03/19 15:18:33 開始します(7280)
2020/03/19 15:18:33 非実行(7280)
2020/03/19 15:18:33 実行中(7280)
2020/03/19 15:20:43 終了しました(7280)
2020/03/23 19:54:22 開始します(3868)
2020/03/23 19:54:22 非実行(3868)
2020/03/23 19:54:22 実行中(3868)
2020/03/23 19:56:25 終了しました(3868)
2020/04/28 03:02:33 開始します(7276)
2020/04/28 03:02:33 非実行(7276)
2020/04/28 03:02:33 実行中(7276)
2020/04/28 03:04:37 終了しました(7276)
2020/06/03 18:55:29 開始します(8464)
2020/06/03 18:55:29 非実行(8464)
2020/06/03 18:55:29 実行中(8464)
2020/06/03 18:57:05 終了しました(8464)
2020/06/15 18:27:20 開始します(6900)
2020/06/15 18:27:20 非実行(6900)
2020/06/15 18:27:20 実行中(6900)
2020/06/15 18:29:37 終了しました(6900)
2020/06/19 05:33:50 開始します(5800)
2020/06/19 05:33:50 非実行(5800)
2020/06/19 05:33:50 実行中(5800)
2020/06/19 05:35:46 終了しました(5800)
2020/06/23 12:01:51 開始します(2356)
2020/06/23 12:01:51 非実行(2356)
2020/06/23 12:01:51 実行中(2356)
2020/06/23 12:04:20 終了しました(2356)
2020/07/09 15:04:05 開始します(4400)
2020/07/09 15:04:05 非実行(4400)
2020/07/09 15:04:05 実行中(4400)
2020/07/09 15:06:32 終了しました(4400)
2020/07/20 17:17:30 開始します(7916)
2020/07/20 17:17:30 非実行(7916)
2020/07/20 17:17:30 実行中(7916)
2020/07/20 17:19:18 終了しました(7916)
2020/08/20 13:58:41 開始します(6912)
2020/08/20 13:58:41 非実行(6912)
2020/08/20 13:58:41 実行中(6912)
2020/08/20 14:01:06 終了しました(6912)
2020/08/20 20:48:20 開始します(6392)
2020/08/20 20:48:20 非実行(6392)
2020/08/20 20:48:20 実行中(6392)
2020/08/20 20:50:32 終了しました(6392)
2020/08/24 11:53:16 開始します(6744)
2020/08/24 11:53:16 非実行(6744)
2020/08/24 11:53:16 実行中(6744)
2020/08/24 11:55:41 終了しました(6744)
2020/08/25 13:51:28 開始します(6872)
2020/08/25 13:51:28 非実行(6872)
2020/08/25 13:51:28 実行中(6872)
2020/08/25 13:53:45 終了しました(6872)
2020/08/26 16:04:32 開始します(5620)
2020/08/26 16:04:32 非実行(5620)
2020/08/26 16:04:32 実行中(5620)
2020/08/26 16:06:47 終了しました(5620)
2020/08/31 21:46:24 開始します(5264)
2020/08/31 21:46:24 非実行(5264)
2020/08/31 21:46:24 実行中(5264)
2020/08/31 21:48:22 終了しました(5264)
2020/09/01 23:01:28 開始します(5744)
2020/09/01 23:01:28 非実行(5744)
2020/09/01 23:01:28 実行中(5744)
2020/09/01 23:03:43 終了しました(5744)
2020/09/03 21:49:23 開始します(5532)
2020/09/03 21:49:23 非実行(5532)
2020/09/03 21:49:23 実行中(5532)
2020/09/03 21:51:30 終了しました(5532)
2020/09/04 14:21:31 開始します(6816)
2020/09/04 14:21:31 非実行(6816)
2020/09/04 14:21:31 実行中(6816)
2020/09/04 14:23:48 終了しました(6816)
2020/09/09 18:12:20 開始します(6724)
2020/09/09 18:12:20 非実行(6724)
2020/09/09 18:12:20 実行中(6724)
2020/09/09 18:14:35 終了しました(6724)
2020/09/14 12:59:19 開始します(8032)
2020/09/14 12:59:19 非実行(8032)
2020/09/14 12:59:19 実行中(8032)
2020/09/14 13:01:45 終了しました(8032)
2020/09/16 12:16:43 開始します(5324)
2020/09/16 12:16:43 非実行(5324)
2020/09/16 12:16:43 実行中(5324)
2020/09/16 12:19:00 終了しました(5324)
2020/09/25 11:38:49 開始します(6716)
2020/09/25 11:38:49 非実行(6716)
2020/09/25 11:38:49 実行中(6716)
2020/09/25 11:41:23 終了しました(6716)
2020/09/25 16:14:28 開始します(6704)
2020/09/25 16:14:28 非実行(6704)
2020/09/25 16:14:28 実行中(6704)
2020/09/25 16:16:48 終了しました(6704)
2020/09/29 15:41:37 開始します(5356)
2020/09/29 15:41:37 非実行(5356)
2020/09/29 15:41:37 実行中(5356)
2020/09/29 15:43:58 終了しました(5356)
2020/09/30 16:09:00 開始します(2876)
2020/09/30 16:09:00 非実行(2876)
2020/09/30 16:09:00 実行中(2876)
2020/09/30 16:11:27 終了しました(2876)
2020/10/01 17:09:08 開始します(5908)
2020/10/01 17:09:08 非実行(5908)
2020/10/01 17:09:08 実行中(5908)
2020/10/01 17:11:32 終了しました(5908)
2020/10/07 23:13:57 開始します(700)
2020/10/07 23:13:57 非実行(700)
2020/10/07 23:13:57 実行中(700)
2020/10/07 23:16:11 終了しました(700)
2020/10/14 13:29:11 開始します(9116)
2020/10/14 13:29:11 非実行(9116)
2020/10/14 13:29:11 実行中(9116)
2020/10/14 13:31:32 終了しました(9116)
2020/10/19 15:28:02 開始します(7188)
2020/10/19 15:28:02 非実行(7188)
2020/10/19 15:28:02 実行中(7188)
2020/10/19 15:30:34 終了しました(7188)
2020/10/23 20:06:57 開始します(3924)
2020/10/23 20:06:57 非実行(3924)
2020/10/23 20:06:57 実行中(3924)
2020/10/23 20:09:11 終了しました(3924)
2020/11/11 17:46:57 開始します(7160)
2020/11/11 17:46:57 非実行(7160)
2020/11/11 17:46:57 実行中(7160)
2020/11/11 17:48:53 終了しました(7160)
2020/11/12 18:44:49 開始します(7000)
2020/11/12 18:44:49 非実行(7000)
2020/11/12 18:44:49 実行中(7000)
2020/11/12 18:46:39 終了しました(7000)
2020/11/13 20:41:46 開始します(8688)
2020/11/13 20:41:46 非実行(8688)
2020/11/13 20:41:46 実行中(8688)
2020/11/13 20:43:37 終了しました(8688)
2020/11/16 18:36:03 開始します(9700)
2020/11/16 18:36:03 非実行(9700)
2020/11/16 18:36:03 実行中(9700)
2020/11/16 18:37:53 終了しました(9700)
2020/11/17 19:08:09 開始します(10076)
2020/11/17 19:08:09 非実行(10076)
2020/11/17 19:08:09 実行中(10076)
2020/11/17 19:09:59 終了しました(10076)
2020/11/19 18:05:47 開始します(8516)
2020/11/19 18:05:47 非実行(8516)
2020/11/19 18:05:47 実行中(8516)
2020/11/19 18:07:52 終了しました(8516)
2020/11/20 19:28:23 開始します(5004)
2020/11/20 19:28:23 非実行(5004)
2020/11/20 19:28:23 実行中(5004)
2020/11/20 19:30:17 終了しました(5004)
2020/11/24 16:46:58 開始します(6672)
2020/11/24 16:46:58 非実行(6672)
2020/11/24 16:46:58 実行中(6672)
2020/11/24 16:48:50 終了しました(6672)
2020/11/25 19:27:18 開始します(10040)
2020/11/25 19:27:18 非実行(10040)
2020/11/25 19:27:18 実行中(10040)
2020/11/25 19:29:18 終了しました(10040)
2020/11/26 18:33:57 開始します(6164)
2020/11/26 18:33:57 非実行(6164)
2020/11/26 18:33:57 実行中(6164)
2020/11/26 18:35:59 終了しました(6164)
2020/11/27 18:30:53 開始します(700)
2020/11/27 18:30:53 非実行(700)
2020/11/27 18:30:53 実行中(700)
2020/11/27 18:32:44 終了しました(700)
2020/12/01 18:49:20 開始します(9920)
2020/12/01 18:49:20 非実行(9920)
2020/12/01 18:49:20 実行中(9920)
2020/12/01 18:51:10 終了しました(9920)
2020/12/02 16:35:37 開始します(7992)
2020/12/02 16:35:37 非実行(7992)
2020/12/02 16:35:37 実行中(7992)
2020/12/02 16:37:27 終了しました(7992)
2020/12/03 17:21:10 開始します(9764)
2020/12/03 17:21:10 非実行(9764)
2020/12/03 17:21:10 実行中(9764)
2020/12/03 17:23:10 終了しました(9764)
2020/12/10 19:16:34 開始します(7364)
2020/12/10 19:16:34 非実行(7364)
2020/12/10 19:16:34 実行中(7364)
2020/12/10 19:18:28 終了しました(7364)
2021/01/12 21:18:15 開始します(7368)
2021/01/12 21:18:15 非実行(7368)
2021/01/12 21:18:15 実行中(7368)
2021/01/12 21:20:34 終了しました(7368)
2021/01/15 13:47:45 開始します(8284)
2021/01/15 13:47:45 非実行(8284)
2021/01/15 13:47:45 実行中(8284)
2021/01/15 13:50:14 終了しました(8284)
2021/01/18 13:43:14 開始します(896)
2021/01/18 13:43:14 非実行(896)
2021/01/18 13:43:14 実行中(896)
2021/01/18 13:45:36 終了しました(896)
2021/01/19 14:21:55 開始します(6380)
2021/01/19 14:21:55 非実行(6380)
2021/01/19 14:21:55 実行中(6380)
2021/01/19 14:24:20 終了しました(6380)
2021/01/21 13:24:32 開始します(9524)
2021/01/21 13:24:32 非実行(9524)
2021/01/21 13:24:32 実行中(9524)
2021/01/21 13:26:47 終了しました(9524)
2021/03/03 18:21:33 開始します(11740)
2021/03/03 18:21:33 非実行(11740)
2021/03/03 18:21:33 実行中(11740)
2021/03/03 18:23:40 終了しました(11740)
2021/03/04 17:19:54 開始します(11512)
2021/03/04 17:19:54 非実行(11512)
2021/03/04 17:19:54 実行中(11512)
2021/03/04 17:22:08 終了しました(11512)
2021/04/19 20:49:19 開始します(4668)
2021/04/19 20:49:19 非実行(4668)
2021/04/19 20:49:19 実行中(4668)
2021/04/19 20:52:18 終了しました(4668)
2021/05/07 17:59:59 開始します(4572)
2021/05/07 17:59:59 非実行(4572)
2021/05/07 17:59:59 実行中(4572)
2021/05/07 18:02:58 終了しました(4572)
2021/05/10 21:27:01 開始します(6104)
2021/05/10 21:27:01 非実行(6104)
2021/05/10 21:27:01 実行中(6104)
2021/05/10 21:29:57 終了しました(6104)
2021/05/12 09:22:09 開始します(9000)
2021/05/12 09:22:09 非実行(9000)
2021/05/12 09:22:09 実行中(9000)
2021/05/12 09:25:08 終了しました(9000)
2021/05/17 18:15:35 開始します(7868)
2021/05/17 18:15:35 非実行(7868)
2021/05/17 18:15:35 実行中(7868)
2021/05/17 18:18:27 終了しました(7868)
2021/06/09 20:01:16 開始します(4788)
2021/06/09 20:01:16 非実行(4788)
2021/06/09 20:01:16 実行中(4788)
2021/06/09 20:04:33 終了しました(4788)
2021/08/03 14:41:18 開始します(6836)
2021/08/03 14:41:18 非実行(6836)
2021/08/03 14:41:18 実行中(6836)
2021/08/03 14:45:38 終了しました(6836)
2021/11/16 04:55:03 開始します(5760)
2021/11/16 04:55:03 非実行(5760)
2021/11/16 04:55:03 実行中(5760)
2021/11/16 04:59:26 終了しました(5760)
2021/11/16 20:33:51 開始します(5224)
2021/11/16 20:33:51 非実行(5224)
2021/11/16 20:33:51 実行中(5224)
2021/11/16 20:38:19 終了しました(5224)
2021/11/17 20:02:04 開始します(7196)
2021/11/17 20:02:04 非実行(7196)
2021/11/17 20:02:04 実行中(7196)
2021/11/17 20:06:33 終了しました(7196)
2021/11/18 12:19:19 開始します(732)
2021/11/18 12:19:19 非実行(732)
2021/11/18 12:19:19 実行中(732)
2021/11/18 12:23:59 終了しました(732)
2021/11/22 20:41:27 開始します(3632)
2021/11/22 20:41:27 非実行(3632)
2021/11/22 20:41:27 実行中(3632)
2021/11/22 20:45:47 終了しました(3632)
2022/02/21 20:11:42 開始します(5300)
2022/02/21 20:11:42 非実行(5300)
2022/02/21 20:11:42 実行中(5300)
2022/02/21 20:16:25 終了しました(5300)
2022/02/25 17:52:13 開始します(620)
2022/02/25 17:52:13 非実行(620)
2022/02/25 17:52:13 実行中(620)
2022/02/25 17:57:16 終了しました(620)
2022/03/04 15:35:26 開始します(1096)
2022/03/04 15:35:26 非実行(1096)
2022/03/04 15:35:26 実行中(1096)
2022/03/04 15:40:39 終了しました(1096)
2022/03/11 15:54:16 開始します(5900)
2022/03/11 15:54:16 非実行(5900)
2022/03/11 15:54:16 実行中(5900)
2022/03/11 15:59:28 終了しました(5900)
2022/03/23 15:34:23 開始します(5736)
2022/03/23 15:34:23 非実行(5736)
2022/03/23 15:34:23 実行中(5736)
2022/03/23 15:39:52 終了しました(5736)
2022/04/06 17:06:45 開始します(4144)
2022/04/06 17:06:45 非実行(4144)
2022/04/06 17:06:45 実行中(4144)
2022/04/06 17:12:14 終了しました(4144)
2022/04/12 20:20:25 開始します(6756)
2022/04/12 20:20:25 非実行(6756)
2022/04/12 20:20:25 実行中(6756)
2022/04/12 20:26:43 終了しました(6756)
2022/04/18 20:12:17 開始します(6300)
2022/04/18 20:12:17 非実行(6300)
2022/04/18 20:12:17 実行中(6300)
2022/04/18 20:18:03 終了しました(6300)
2022/04/25 20:29:58 開始します(5212)
2022/04/25 20:29:58 非実行(5212)
2022/04/25 20:29:58 実行中(5212)
2022/04/25 20:35:47 終了しました(5212)
2022/09/20 20:26:27 開始します(2184)
2022/09/20 20:26:27 非実行(2184)
2022/09/20 20:26:27 実行中(2184)
2022/09/20 20:32:26 終了しました(2184)
2022/09/21 17:21:47 開始します(1352)
2022/09/21 17:21:47 非実行(1352)
2022/09/21 17:21:47 実行中(1352)
2022/09/21 17:28:15 終了しました(1352)
2022/10/13 20:12:21 開始します(1416)
2022/10/13 20:12:21 非実行(1416)
2022/10/13 20:12:21 実行中(1416)
2022/10/13 20:17:56 終了しました(1416)
2022/12/19 17:19:55 開始します(7212)
2022/12/19 17:19:55 非実行(7212)
2022/12/19 17:19:55 実行中(7212)
2022/12/19 17:25:44 終了しました(7212)
2023/01/16 17:22:35 開始します(3220)
2023/01/16 17:22:35 非実行(3220)
2023/01/16 17:22:35 実行中(3220)
2023/01/16 17:30:23 終了しました(3220)
2023/01/17 22:29:27 開始します(3544)
2023/01/17 22:29:27 非実行(3544)
2023/01/17 22:29:27 実行中(3544)
2023/01/17 22:37:12 終了しました(3544)
2023/01/18 14:21:02 開始します(6020)
2023/01/18 14:21:02 非実行(6020)
2023/01/18 14:21:02 実行中(6020)
2023/01/18 14:28:16 終了しました(6020)
2023/01/24 13:37:04 開始します(6340)
2023/01/24 13:37:04 非実行(6340)
2023/01/24 13:37:04 実行中(6340)
2023/01/24 13:44:44 終了しました(6340)
2023/03/28 19:32:32 開始します(1688)
2023/03/28 19:32:32 非実行(1688)
2023/03/28 19:32:32 実行中(1688)
2023/03/28 19:40:14 終了しました(1688)
2023/04/25 18:11:03 開始します(760)
2023/04/25 18:11:03 非実行(760)
2023/04/25 18:11:03 実行中(760)
2023/04/25 18:18:41 終了しました(760)
2023/05/15 19:16:44 開始します(7580)
2023/05/15 19:16:44 非実行(7580)
2023/05/15 19:16:44 実行中(7580)
2023/05/15 19:24:35 終了しました(7580)
2023/05/16 17:24:54 開始します(7076)
2023/05/16 17:24:54 非実行(7076)
2023/05/16 17:24:54 実行中(7076)
2023/05/16 17:32:25 終了しました(7076)
2023/06/13 19:10:45 開始します(3104)
2023/06/13 19:10:45 非実行(3104)
2023/06/13 19:10:45 実行中(3104)
2023/06/13 19:17:03 終了しました(3104)
2023/09/08 18:14:47 開始します(3340)
2023/09/08 18:14:47 非実行(3340)
2023/09/08 18:14:47 実行中(3340)
2023/09/08 18:20:32 終了しました(3340)
2023/09/14 17:36:08 開始します(4372)
2023/09/14 17:36:08 非実行(4372)
2023/09/14 17:36:08 実行中(4372)
2023/09/14 17:42:17 終了しました(4372)
2023/09/28 19:18:03 開始します(7552)
2023/09/28 19:18:03 非実行(7552)
2023/09/28 19:18:03 実行中(7552)
2023/09/28 19:25:29 終了しました(7552)
2023/10/25 17:27:12 開始します(7540)
2023/10/25 17:27:12 非実行(7540)
2023/10/25 17:27:12 実行中(7540)
2023/10/25 17:34:47 終了しました(7540)
2024/01/29 19:46:55 開始します(5432)
2024/01/29 19:46:55 非実行(5432)
2024/01/29 19:46:55 実行中(5432)
2024/01/29 19:53:24 終了しました(5432)
2024/07/05 15:49:26 開始します(4892)
2024/07/05 15:49:26 非実行(4892)
2024/07/05 15:49:26 実行中(4892)
2024/07/05 15:49:26 終了しました(4892)
2024/07/05 16:06:20 開始します(4804)
2024/07/05 16:06:20 非実行(4804)
2024/07/05 16:06:20 実行中(4804)
2024/07/05 16:06:20 終了しました(4804)
2024/07/05 16:07:55 開始します(5060)
2024/07/05 16:07:55 非実行(5060)
2024/07/05 16:07:55 実行中(5060)
2024/07/05 16:07:57 終了しました(5060)
2024/07/05 17:33:35 開始します(3724)
2024/07/05 17:33:35 非実行(3724)
2024/07/05 17:33:35 実行中(3724)
2024/07/05 17:33:37 終了しました(3724)
2024/07/05 18:10:04 開始します(8384)
2024/07/05 18:10:04 非実行(8384)
2024/07/05 18:10:04 実行中(8384)
2024/07/05 18:10:08 終了しました(8384)
2024/07/05 18:20:23 開始します(8852)
2024/07/05 18:20:23 非実行(8852)
2024/07/05 18:20:23 実行中(8852)
2024/07/05 18:20:26 終了しました(8852)
2024/07/05 18:22:29 開始します(3764)
2024/07/05 18:22:29 非実行(3764)
2024/07/05 18:22:29 実行中(3764)
2024/07/05 18:22:32 終了しました(3764)
2024/07/08 10:35:43 開始します(3824)
2024/07/08 10:35:43 非実行(3824)
2024/07/08 10:35:43 実行中(3824)
2024/07/08 10:35:44 終了しました(3824)
2024/07/08 10:36:29 開始します(1284)
2024/07/08 10:36:29 非実行(1284)
2024/07/08 10:36:29 実行中(1284)
2024/07/08 10:36:33 終了しました(1284)
2024/07/08 11:00:11 開始します(6564)
2024/07/08 11:00:11 非実行(6564)
2024/07/08 11:00:11 実行中(6564)
2024/07/08 11:00:18 終了しました(6564)
2024/07/08 11:03:20 開始します(8488)
2024/07/08 11:03:20 非実行(8488)
2024/07/08 11:03:20 実行中(8488)
2024/07/08 11:03:26 終了しました(8488)
2024/07/08 11:04:45 開始します(9096)
2024/07/08 11:04:45 非実行(9096)
2024/07/08 11:04:45 実行中(9096)
2024/07/08 11:04:56 終了しました(9096)
2024/07/12 15:10:21 開始します(4356)
2024/07/12 15:10:21 非実行(4356)
2024/07/12 15:10:21 実行中(4356)
2024/07/12 15:10:32 終了しました(4356)
2024/08/16 09:12:05 開始します(1544)
2024/08/16 09:12:05 非実行(1544)
2024/08/16 09:12:05 実行中(1544)
2024/08/16 09:12:17 終了しました(1544)
2024/08/22 16:42:11 開始します(844)
2024/08/22 16:42:11 非実行(844)
2024/08/22 16:42:11 実行中(844)
2024/08/22 16:42:23 終了しました(844)
2024/08/23 10:28:49 開始します(6920)
2024/08/23 10:28:49 非実行(6920)
2024/08/23 10:28:49 実行中(6920)
2024/08/23 10:29:00 終了しました(6920)
2024/08/23 10:39:55 開始します(4812)
2024/08/23 10:39:55 非実行(4812)
2024/08/23 10:39:55 実行中(4812)
2024/08/23 10:40:06 終了しました(4812)
2024/08/23 10:48:27 開始します(8524)
2024/08/23 10:48:27 非実行(8524)
2024/08/23 10:48:27 実行中(8524)
2024/08/23 10:48:31 終了しました(8524)
2024/08/28 14:03:00 開始します(6136)
2024/08/28 14:03:00 非実行(6136)
2024/08/28 14:03:00 実行中(6136)
2024/08/28 14:03:11 終了しました(6136)
2024/09/17 16:30:34 開始します(11924)
2024/09/17 16:30:34 非実行(11924)
2024/09/17 16:30:34 実行中(11924)
2024/09/17 16:30:49 終了しました(11924)
2024/09/18 09:40:13 開始します(8040)
2024/09/18 09:40:13 非実行(8040)
2024/09/18 09:40:13 実行中(8040)
2024/09/18 09:40:25 終了しました(8040)
2024/09/18 20:09:13 開始します(10852)
2024/09/18 20:09:13 非実行(10852)
2024/09/18 20:09:13 実行中(10852)
2024/09/18 20:09:24 終了しました(10852)
2024/09/20 02:49:55 開始します(10452)
2024/09/20 02:49:55 非実行(10452)
2024/09/20 02:49:55 実行中(10452)
2024/09/20 02:50:07 終了しました(10452)
2024/09/23 02:56:19 開始します(9964)
2024/09/23 02:56:19 非実行(9964)
2024/09/23 02:56:19 実行中(9964)
2024/09/23 02:56:31 終了しました(9964)
2024/09/26 06:14:28 開始します(12424)
2024/09/26 06:14:28 非実行(12424)
2024/09/26 06:14:28 実行中(12424)
2024/09/26 06:14:39 終了しました(12424)
2024/09/27 06:36:35 開始します(9424)
2024/09/27 06:36:35 非実行(9424)
2024/09/27 06:36:35 実行中(9424)
2024/09/27 06:36:46 終了しました(9424)
2024/09/28 07:03:21 開始します(12840)
2024/09/28 07:03:21 非実行(12840)
2024/09/28 07:03:21 実行中(12840)
2024/09/28 07:03:32 終了しました(12840)
2024/09/29 06:14:13 開始します(4732)
2024/09/29 06:14:13 非実行(4732)
2024/09/29 06:14:13 実行中(4732)
2024/09/29 06:14:25 終了しました(4732)
2024/10/02 01:07:08 開始します(12420)
2024/10/02 01:07:08 非実行(12420)
2024/10/02 01:07:08 実行中(12420)
2024/10/02 01:07:20 終了しました(12420)
2024/10/03 01:37:43 開始します(8164)
2024/10/03 01:37:43 非実行(8164)
2024/10/03 01:37:43 実行中(8164)
2024/10/03 01:37:55 終了しました(8164)
2024/10/04 04:05:29 開始します(12616)
2024/10/04 04:05:29 非実行(12616)
2024/10/04 04:05:29 実行中(12616)
2024/10/04 04:05:40 終了しました(12616)
2024/10/05 04:33:44 開始します(1376)
2024/10/05 04:33:44 非実行(1376)
2024/10/05 04:33:44 実行中(1376)
2024/10/05 04:33:56 終了しました(1376)
2024/10/08 04:31:28 開始します(3872)
2024/10/08 04:31:28 非実行(3872)
2024/10/08 04:31:28 実行中(3872)
2024/10/08 04:31:40 終了しました(3872)
2024/10/09 03:57:53 開始します(10092)
2024/10/09 03:57:53 非実行(10092)
2024/10/09 03:57:53 実行中(10092)
2024/10/09 03:58:05 終了しました(10092)
2024/10/10 04:36:13 開始します(6616)
2024/10/10 04:36:13 非実行(6616)
2024/10/10 04:36:13 実行中(6616)
2024/10/10 04:36:25 終了しました(6616)
2024/10/11 03:44:19 開始します(11532)
2024/10/11 03:44:19 非実行(11532)
2024/10/11 03:44:19 実行中(11532)
2024/10/11 03:44:31 終了しました(11532)
2024/10/13 05:29:30 開始します(7920)
2024/10/13 05:29:30 非実行(7920)
2024/10/13 05:29:30 実行中(7920)
2024/10/13 05:29:41 終了しました(7920)
2024/10/16 04:05:17 開始します(5632)
2024/10/16 04:05:17 非実行(5632)
2024/10/16 04:05:17 実行中(5632)
2024/10/16 04:05:29 終了しました(5632)
2024/10/17 03:16:23 開始します(7292)
2024/10/17 03:16:23 非実行(7292)
2024/10/17 03:16:23 実行中(7292)
2024/10/17 03:16:35 終了しました(7292)
2024/10/18 08:53:12 開始します(4728)
2024/10/18 08:53:12 非実行(4728)
2024/10/18 08:53:12 実行中(4728)
2024/10/18 08:53:23 終了しました(4728)
2024/10/19 02:47:17 開始します(6084)
2024/10/19 02:47:17 非実行(6084)
2024/10/19 02:47:17 実行中(6084)
2024/10/19 02:47:28 終了しました(6084)
2024/10/22 00:56:10 開始します(6216)
2024/10/22 00:56:10 非実行(6216)
2024/10/22 00:56:10 実行中(6216)
2024/10/22 00:56:22 終了しました(6216)
2024/10/23 01:13:12 開始します(1320)
2024/10/23 01:13:12 非実行(1320)
2024/10/23 01:13:12 実行中(1320)
2024/10/23 01:13:24 終了しました(1320)
2024/10/24 02:44:07 開始します(3392)
2024/10/24 02:44:07 非実行(3392)
2024/10/24 02:44:07 実行中(3392)
2024/10/24 02:44:18 終了しました(3392)
2024/10/25 04:08:10 開始します(6812)
2024/10/25 04:08:10 非実行(6812)
2024/10/25 04:08:10 実行中(6812)
2024/10/25 04:08:21 終了しました(6812)
2024/10/27 14:04:24 開始します(3476)
2024/10/27 14:04:24 非実行(3476)
2024/10/27 14:04:24 実行中(3476)
2024/10/27 14:04:36 終了しました(3476)
2024/10/29 01:07:19 開始します(7452)
2024/10/29 01:07:19 非実行(7452)
2024/10/29 01:07:19 実行中(7452)
2024/10/29 01:07:31 終了しました(7452)
2024/10/30 00:09:26 開始します(2004)
2024/10/30 00:09:26 非実行(2004)
2024/10/30 00:09:26 実行中(2004)
2024/10/30 00:09:38 終了しました(2004)
2024/10/30 23:38:18 開始します(4280)
2024/10/30 23:38:18 非実行(4280)
2024/10/30 23:38:18 実行中(4280)
2024/10/30 23:38:30 終了しました(4280)
2024/11/01 00:21:27 開始します(8252)
2024/11/01 00:21:27 非実行(8252)
2024/11/01 00:21:27 実行中(8252)
2024/11/01 00:21:39 終了しました(8252)
2024/11/03 20:57:16 開始します(8104)
2024/11/03 20:57:16 非実行(8104)
2024/11/03 20:57:16 実行中(8104)
2024/11/03 20:57:28 終了しました(8104)
2024/11/05 23:53:23 開始します(1184)
2024/11/05 23:53:23 非実行(1184)
2024/11/05 23:53:23 実行中(1184)
2024/11/05 23:53:35 終了しました(1184)
2024/11/07 06:45:13 開始します(704)
2024/11/07 06:45:13 非実行(704)
2024/11/07 06:45:13 実行中(704)
2024/11/07 06:45:25 終了しました(704)
2024/11/08 05:50:46 開始します(2388)
2024/11/08 05:50:46 非実行(2388)
2024/11/08 05:50:46 実行中(2388)
2024/11/08 05:50:58 終了しました(2388)
2024/11/09 07:17:18 開始します(4548)
2024/11/09 07:17:18 非実行(4548)
2024/11/09 07:17:18 実行中(4548)
2024/11/09 07:17:30 終了しました(4548)
2024/11/12 03:53:39 開始します(7160)
2024/11/12 03:53:39 非実行(7160)
2024/11/12 03:53:39 実行中(7160)
2024/11/12 03:53:51 終了しました(7160)
2024/11/13 06:38:23 開始します(8552)
2024/11/13 06:38:23 非実行(8552)
2024/11/13 06:38:23 実行中(8552)
2024/11/13 06:38:34 終了しました(8552)
2024/11/14 07:29:53 開始します(9080)
2024/11/14 07:29:53 非実行(9080)
2024/11/14 07:29:53 実行中(9080)
2024/11/14 07:30:05 終了しました(9080)
2024/11/15 07:09:30 開始します(8352)
2024/11/15 07:09:30 非実行(8352)
2024/11/15 07:09:30 実行中(8352)
2024/11/15 07:09:41 終了しました(8352)
2024/11/17 05:39:46 開始します(5216)
2024/11/17 05:39:46 非実行(5216)
2024/11/17 05:39:46 実行中(5216)
2024/11/17 05:39:58 終了しました(5216)
2024/11/19 07:48:22 開始します(7356)
2024/11/19 07:48:22 非実行(7356)
2024/11/19 07:48:22 実行中(7356)
2024/11/19 07:48:34 終了しました(7356)
2024/11/20 07:34:26 開始します(7216)
2024/11/20 07:34:26 非実行(7216)
2024/11/20 07:34:26 実行中(7216)
2024/11/20 07:34:37 終了しました(7216)
2024/11/20 22:22:04 開始します(3020)
2024/11/20 22:22:04 非実行(3020)
2024/11/20 22:22:04 実行中(3020)
2024/11/20 22:22:16 終了しました(3020)
2024/11/22 11:33:35 開始します(7388)
2024/11/22 11:33:35 非実行(7388)
2024/11/22 11:33:35 実行中(7388)
2024/11/22 11:33:46 終了しました(7388)
2024/12/05 00:15:42 開始します(4936)
2024/12/05 00:15:42 非実行(4936)
2024/12/05 00:15:42 実行中(4936)
2024/12/05 00:15:53 終了しました(4936)
2024/12/06 02:33:17 開始します(1148)
2024/12/06 02:33:17 非実行(1148)
2024/12/06 02:33:17 実行中(1148)
2024/12/06 02:33:28 終了しました(1148)
2024/12/07 04:48:36 開始します(8600)
2024/12/07 04:48:36 非実行(8600)
2024/12/07 04:48:36 実行中(8600)
2024/12/07 04:48:48 終了しました(8600)
2024/12/11 05:09:56 開始します(4832)
2024/12/11 05:09:56 非実行(4832)
2024/12/11 05:09:56 実行中(4832)
2024/12/11 05:10:08 終了しました(4832)
2024/12/12 06:23:28 開始します(928)
2024/12/12 06:23:28 非実行(928)
2024/12/12 06:23:28 実行中(928)
2024/12/12 06:23:39 終了しました(928)
2024/12/13 03:22:27 開始します(7000)
2024/12/13 03:22:27 非実行(7000)
2024/12/13 03:22:27 実行中(7000)
2024/12/13 03:22:39 終了しました(7000)
2024/12/16 03:53:23 開始します(6952)
2024/12/16 03:53:23 非実行(6952)
2024/12/16 03:53:23 実行中(6952)
2024/12/16 03:53:35 終了しました(6952)
2024/12/17 06:35:32 開始します(2464)
2024/12/17 06:35:32 非実行(2464)
2024/12/17 06:35:32 実行中(2464)
2024/12/17 06:35:43 終了しました(2464)
2024/12/18 07:57:38 開始します(4732)
2024/12/18 07:57:38 非実行(4732)
2024/12/18 07:57:38 実行中(4732)
2024/12/18 07:57:50 終了しました(4732)
2024/12/19 08:14:44 開始します(1724)
2024/12/19 08:14:44 非実行(1724)
2024/12/19 08:14:44 実行中(1724)
2024/12/19 08:14:55 終了しました(1724)
2024/12/20 11:42:16 開始します(8624)
2024/12/20 11:42:16 非実行(8624)
2024/12/20 11:42:16 実行中(8624)
2024/12/20 11:42:28 終了しました(8624)
2024/12/21 09:46:37 開始します(3036)
2024/12/21 09:46:37 非実行(3036)
2024/12/21 09:46:37 実行中(3036)
2024/12/21 09:46:49 終了しました(3036)
2024/12/22 12:17:24 開始します(4104)
2024/12/22 12:17:24 非実行(4104)
2024/12/22 12:17:24 実行中(4104)
2024/12/22 12:17:36 終了しました(4104)
2024/12/24 04:38:03 開始します(8776)
2024/12/24 04:38:03 非実行(8776)
2024/12/24 04:38:03 実行中(8776)
2024/12/24 04:38:15 終了しました(8776)
2024/12/27 00:41:49 開始します(7940)
2024/12/27 00:41:49 非実行(7940)
2024/12/27 00:41:49 実行中(7940)
2024/12/27 00:42:00 終了しました(7940)
2025/01/24 14:56:39 開始します(9092)
2025/01/24 14:56:39 非実行(9092)
2025/01/24 14:56:39 実行中(9092)
2025/01/24 14:56:51 終了しました(9092)
2025/02/05 05:08:55 開始します(1444)
2025/02/05 05:08:55 非実行(1444)
2025/02/05 05:08:55 実行中(1444)
2025/02/05 05:09:06 終了しました(1444)
2025/02/06 05:08:21 開始します(3076)
2025/02/06 05:08:21 非実行(3076)
2025/02/06 05:08:21 実行中(3076)
2025/02/06 05:08:33 終了しました(3076)
2025/02/08 00:12:30 開始します(5308)
2025/02/08 00:12:30 非実行(5308)
2025/02/08 00:12:30 実行中(5308)
2025/02/08 00:12:42 終了しました(5308)
2025/02/11 00:56:34 開始します(7288)
2025/02/11 00:56:34 非実行(7288)
2025/02/11 00:56:34 実行中(7288)
2025/02/11 00:56:45 終了しました(7288)
2025/02/13 22:44:36 開始します(5004)
2025/02/13 22:44:36 非実行(5004)
2025/02/13 22:44:36 実行中(5004)
2025/02/13 22:44:47 終了しました(5004)
2025/02/14 15:52:30 開始します(8108)
2025/02/14 15:52:30 非実行(8108)
2025/02/14 15:52:30 実行中(8108)
2025/02/14 15:52:42 終了しました(8108)
2025/02/15 15:19:54 開始します(10756)
2025/02/15 15:19:54 非実行(10756)
2025/02/15 15:19:54 実行中(10756)
2025/02/15 15:20:05 終了しました(10756)
2025/02/18 04:43:51 開始します(7088)
2025/02/18 04:43:51 非実行(7088)
2025/02/18 04:43:51 実行中(7088)
2025/02/18 04:44:02 終了しました(7088)
2025/02/19 02:43:03 開始します(4996)
2025/02/19 02:43:03 非実行(4996)
2025/02/19 02:43:03 実行中(4996)
2025/02/19 02:43:15 終了しました(4996)
2025/02/19 23:48:27 開始します(6036)
2025/02/19 23:48:27 非実行(6036)
2025/02/19 23:48:27 実行中(6036)
2025/02/19 23:48:39 終了しました(6036)
2025/02/21 06:40:00 開始します(10400)
2025/02/21 06:40:00 非実行(10400)
2025/02/21 06:40:00 実行中(10400)
2025/02/21 06:40:11 終了しました(10400)
2025/02/22 03:58:48 開始します(5280)
2025/02/22 03:58:48 非実行(5280)
2025/02/22 03:58:48 実行中(5280)
2025/02/22 03:58:59 終了しました(5280)
2025/02/23 05:22:58 開始します(6360)
2025/02/23 05:22:58 非実行(6360)
2025/02/23 05:22:58 実行中(6360)
2025/02/23 05:23:10 終了しました(6360)
2025/02/27 03:49:16 開始します(2440)
2025/02/27 03:49:16 非実行(2440)
2025/02/27 03:49:16 実行中(2440)
2025/02/27 03:49:27 終了しました(2440)
2025/02/28 00:25:38 開始します(8004)
2025/02/28 00:25:38 非実行(8004)
2025/02/28 00:25:38 実行中(8004)
2025/02/28 00:25:50 終了しました(8004)
2025/02/28 15:59:14 開始します(9708)
2025/02/28 15:59:14 非実行(9708)
2025/02/28 15:59:14 実行中(9708)
2025/02/28 15:59:24 終了しました(9708)
2025/02/28 16:02:15 開始します(7304)
2025/02/28 16:02:15 非実行(7304)
2025/02/28 16:02:15 実行中(7304)
2025/02/28 16:02:26 終了しました(7304)
2025/02/28 16:07:40 開始します(7836)
2025/02/28 16:07:40 非実行(7836)
2025/02/28 16:07:40 実行中(7836)
2025/02/28 16:07:50 終了しました(7836)
2025/02/28 16:08:02 開始します(7328)
2025/02/28 16:08:02 非実行(7328)
2025/02/28 16:08:02 実行中(7328)
2025/02/28 16:08:03 終了しました(7328)
2025/02/28 16:09:16 開始します(7568)
2025/02/28 16:09:16 非実行(7568)
2025/02/28 16:09:16 実行中(7568)
2025/02/28 16:09:27 終了しました(7568)
2025/03/01 00:12:42 開始します(8008)
2025/03/01 00:12:42 非実行(8008)
2025/03/01 00:12:42 実行中(8008)
2025/03/01 00:12:51 終了しました(8008)
2025/03/03 13:52:23 開始します(7308)
2025/03/03 13:52:23 非実行(7308)
2025/03/03 13:52:23 実行中(7308)
2025/03/03 13:52:23 終了しました(7308)
2025/03/07 22:11:27 開始します(4488)
2025/03/07 22:11:27 非実行(4488)
2025/03/07 22:11:27 実行中(4488)
2025/03/07 22:11:38 終了しました(4488)
2025/03/08 22:11:13 開始します(9956)
2025/03/08 22:11:13 非実行(9956)
2025/03/08 22:11:13 実行中(9956)
2025/03/08 22:11:13 終了しました(9956)
2025/03/09 22:11:12 開始します(10860)
2025/03/09 22:11:12 非実行(10860)
2025/03/09 22:11:12 実行中(10860)
2025/03/09 22:11:12 終了しました(10860)
2025/03/10 22:11:13 開始します(6348)
2025/03/10 22:11:13 非実行(6348)
2025/03/10 22:11:13 実行中(6348)
2025/03/10 22:11:24 終了しました(6348)
2025/03/11 22:11:24 開始します(5456)
2025/03/11 22:11:24 非実行(5456)
2025/03/11 22:11:24 実行中(5456)
2025/03/11 22:11:34 終了しました(5456)
2025/03/12 22:11:45 開始します(6612)
2025/03/12 22:11:45 非実行(6612)
2025/03/12 22:11:45 実行中(6612)
2025/03/12 22:11:57 終了しました(6612)
2025/03/13 22:11:36 開始します(956)
2025/03/13 22:11:36 非実行(956)
2025/03/13 22:11:36 実行中(956)
2025/03/13 22:11:48 終了しました(956)
2025/03/14 22:11:25 開始します(7820)
2025/03/14 22:11:25 非実行(7820)
2025/03/14 22:11:25 実行中(7820)
2025/03/14 22:11:36 終了しました(7820)
2025/03/15 22:11:20 開始します(6604)
2025/03/15 22:11:20 非実行(6604)
2025/03/15 22:11:20 実行中(6604)
2025/03/15 22:11:31 終了しました(6604)
2025/03/16 22:11:20 開始します(7348)
2025/03/16 22:11:20 非実行(7348)
2025/03/16 22:11:20 実行中(7348)
2025/03/16 22:11:31 終了しました(7348)
2025/03/17 22:11:24 開始します(3924)
2025/03/17 22:11:24 非実行(3924)
2025/03/17 22:11:24 実行中(3924)
2025/03/17 22:11:34 終了しました(3924)
2025/03/18 22:11:24 開始します(7804)
2025/03/18 22:11:24 非実行(7804)
2025/03/18 22:11:24 実行中(7804)
2025/03/18 22:11:35 終了しました(7804)
2025/03/19 22:11:37 開始します(4408)
2025/03/19 22:11:37 非実行(4408)
2025/03/19 22:11:37 実行中(4408)
2025/03/19 22:11:49 終了しました(4408)
2025/03/20 22:11:38 開始します(3940)
2025/03/20 22:11:38 非実行(3940)
2025/03/20 22:11:38 実行中(3940)
2025/03/20 22:11:50 終了しました(3940)
2025/03/21 22:11:42 開始します(4000)
2025/03/21 22:11:42 非実行(4000)
2025/03/21 22:11:42 実行中(4000)
2025/03/21 22:11:54 終了しました(4000)
2025/03/24 22:11:23 開始します(3584)
2025/03/24 22:11:23 非実行(3584)
2025/03/24 22:11:23 実行中(3584)
2025/03/24 22:11:34 終了しました(3584)
2025/03/25 22:10:09 開始します(5468)
2025/03/25 22:10:09 非実行(5468)
2025/03/25 22:10:09 実行中(5468)
2025/03/25 22:10:17 終了しました(5468)
2025/03/26 22:11:41 開始します(8088)
2025/03/26 22:11:41 非実行(8088)
2025/03/26 22:11:41 実行中(8088)
2025/03/26 22:11:52 終了しました(8088)
2025/03/27 22:11:26 開始します(8292)
2025/03/27 22:11:26 非実行(8292)
2025/03/27 22:11:26 実行中(8292)
2025/03/27 22:11:37 終了しました(8292)
2025/03/28 21:49:29 開始します(7520)
2025/03/28 21:49:29 非実行(7520)
2025/03/28 21:49:29 実行中(7520)
2025/03/28 21:49:37 終了しました(7520)
2025/03/29 21:52:18 開始します(1444)
2025/03/29 21:52:18 非実行(1444)
2025/03/29 21:52:18 実行中(1444)
2025/03/29 21:52:28 終了しました(1444)
2025/03/30 21:47:45 開始します(6764)
2025/03/30 21:47:45 非実行(6764)
2025/03/30 21:47:45 実行中(6764)
2025/03/30 21:47:56 終了しました(6764)
2025/03/31 21:47:08 開始します(5076)
2025/03/31 21:47:08 非実行(5076)
2025/03/31 21:47:08 実行中(5076)
2025/03/31 21:47:19 終了しました(5076)
2025/04/01 21:39:12 開始します(9296)
2025/04/01 21:39:12 非実行(9296)
2025/04/01 21:39:12 実行中(9296)
2025/04/01 21:39:22 終了しました(9296)
2025/04/02 21:42:59 開始します(8412)
2025/04/02 21:42:59 非実行(8412)
2025/04/02 21:42:59 実行中(8412)
2025/04/02 21:43:10 終了しました(8412)
2025/04/03 21:42:03 開始します(4192)
2025/04/03 21:42:03 非実行(4192)
2025/04/03 21:42:03 実行中(4192)
2025/04/03 21:42:13 終了しました(4192)
2025/04/04 21:42:36 開始します(11672)
2025/04/04 21:42:36 非実行(11672)
2025/04/04 21:42:36 実行中(11672)
2025/04/04 21:42:46 終了しました(11672)
2025/04/05 21:40:24 開始します(5920)
2025/04/05 21:40:24 非実行(5920)
2025/04/05 21:40:24 実行中(5920)
2025/04/05 21:40:35 終了しました(5920)
2025/04/06 21:37:07 開始します(3056)
2025/04/06 21:37:07 非実行(3056)
2025/04/06 21:37:07 実行中(3056)
2025/04/06 21:37:18 終了しました(3056)
2025/04/07 21:37:19 開始します(9196)
2025/04/07 21:37:19 非実行(9196)
2025/04/07 21:37:19 実行中(9196)
2025/04/07 21:37:30 終了しました(9196)
2025/04/08 21:42:58 開始します(11864)
2025/04/08 21:42:58 非実行(11864)
2025/04/08 21:42:58 実行中(11864)
2025/04/08 21:43:08 終了しました(11864)
2025/04/09 21:53:46 開始します(8040)
2025/04/09 21:53:46 非実行(8040)
2025/04/09 21:53:46 実行中(8040)
2025/04/09 21:53:57 終了しました(8040)
2025/04/10 21:58:49 開始します(2856)
2025/04/10 21:58:49 非実行(2856)
2025/04/10 21:58:49 実行中(2856)
2025/04/10 21:59:00 終了しました(2856)
2025/04/11 22:11:44 開始します(6356)
2025/04/11 22:11:44 非実行(6356)
2025/04/11 22:11:44 実行中(6356)
2025/04/11 22:11:54 終了しました(6356)
2025/04/13 22:11:42 開始します(9468)
2025/04/13 22:11:42 非実行(9468)
2025/04/13 22:11:42 実行中(9468)
2025/04/13 22:11:52 終了しました(9468)
2025/04/14 22:11:47 開始します(3728)
2025/04/14 22:11:47 非実行(3728)
2025/04/14 22:11:47 実行中(3728)
2025/04/14 22:11:57 終了しました(3728)
2025/04/15 22:14:54 開始します(10724)
2025/04/15 22:14:54 非実行(10724)
2025/04/15 22:14:54 実行中(10724)
2025/04/15 22:15:04 終了しました(10724)
2025/04/16 22:29:29 開始します(6556)
2025/04/16 22:29:29 非実行(6556)
2025/04/16 22:29:29 実行中(6556)
2025/04/16 22:29:40 終了しました(6556)
2025/04/17 22:18:33 開始します(6520)
2025/04/17 22:18:33 非実行(6520)
2025/04/17 22:18:33 実行中(6520)
2025/04/17 22:18:43 終了しました(6520)
2025/04/18 22:18:00 開始します(7548)
2025/04/18 22:18:00 非実行(7548)
2025/04/18 22:18:00 実行中(7548)
2025/04/18 22:18:11 終了しました(7548)
2025/04/19 22:14:30 開始します(4016)
2025/04/19 22:14:30 非実行(4016)
2025/04/19 22:14:30 実行中(4016)
2025/04/19 22:14:40 終了しました(4016)
2025/04/20 22:13:50 開始します(328)
2025/04/20 22:13:50 非実行(328)
2025/04/20 22:13:50 実行中(328)
2025/04/20 22:14:01 終了しました(328)
2025/04/21 22:15:41 開始します(4656)
2025/04/21 22:15:41 非実行(4656)
2025/04/21 22:15:41 実行中(4656)
2025/04/21 22:15:51 終了しました(4656)
2025/04/22 22:11:31 開始します(3236)
2025/04/22 22:11:31 非実行(3236)
2025/04/22 22:11:31 実行中(3236)
2025/04/22 22:11:42 終了しました(3236)
2025/04/23 22:18:47 開始します(8124)
2025/04/23 22:18:47 非実行(8124)
2025/04/23 22:18:47 実行中(8124)
2025/04/23 22:18:57 終了しました(8124)
2025/04/24 22:11:47 開始します(7000)
2025/04/24 22:11:47 非実行(7000)
2025/04/24 22:11:47 実行中(7000)
2025/04/24 22:11:57 終了しました(7000)
2025/04/25 22:11:40 開始します(3568)
2025/04/25 22:11:40 非実行(3568)
2025/04/25 22:11:40 実行中(3568)
2025/04/25 22:11:51 終了しました(3568)
2025/04/26 22:11:56 開始します(3356)
2025/04/26 22:11:56 非実行(3356)
2025/04/26 22:11:56 実行中(3356)
2025/04/26 22:12:06 終了しました(3356)
2025/04/27 22:11:39 開始します(1036)
2025/04/27 22:11:39 非実行(1036)
2025/04/27 22:11:39 実行中(1036)
2025/04/27 22:11:50 終了しました(1036)
2025/04/28 22:11:36 開始します(2188)
2025/04/28 22:11:36 非実行(2188)
2025/04/28 22:11:36 実行中(2188)
2025/04/28 22:11:46 終了しました(2188)
2025/04/29 22:11:30 開始します(232)
2025/04/29 22:11:30 非実行(232)
2025/04/29 22:11:30 実行中(232)
2025/04/29 22:11:41 終了しました(232)
2025/04/30 22:11:33 開始します(3144)
2025/04/30 22:11:33 非実行(3144)
2025/04/30 22:11:33 実行中(3144)
2025/04/30 22:11:43 終了しました(3144)
2025/05/01 22:11:35 開始します(1472)
2025/05/01 22:11:35 非実行(1472)
2025/05/01 22:11:35 実行中(1472)
2025/05/01 22:11:46 終了しました(1472)
2025/05/02 22:11:33 開始します(5244)
2025/05/02 22:11:33 非実行(5244)
2025/05/02 22:11:33 実行中(5244)
2025/05/02 22:11:44 終了しました(5244)
2025/05/03 22:11:20 開始します(544)
2025/05/03 22:11:20 非実行(544)
2025/05/03 22:11:20 実行中(544)
2025/05/03 22:11:31 終了しました(544)
2025/05/04 22:11:32 開始します(5144)
2025/05/04 22:11:32 非実行(5144)
2025/05/04 22:11:32 実行中(5144)
2025/05/04 22:11:43 終了しました(5144)
2025/05/05 22:11:36 開始します(3048)
2025/05/05 22:11:36 非実行(3048)
2025/05/05 22:11:36 実行中(3048)
2025/05/05 22:11:46 終了しました(3048)
2025/05/06 22:11:28 開始します(4208)
2025/05/06 22:11:28 非実行(4208)
2025/05/06 22:11:28 実行中(4208)
2025/05/06 22:11:39 終了しました(4208)
2025/05/07 22:11:48 開始します(1088)
2025/05/07 22:11:48 非実行(1088)
2025/05/07 22:11:48 実行中(1088)
2025/05/07 22:11:58 終了しました(1088)
2025/05/08 22:11:36 開始します(7160)
2025/05/08 22:11:36 非実行(7160)
2025/05/08 22:11:36 実行中(7160)
2025/05/08 22:11:47 終了しました(7160)
2025/05/09 22:11:30 開始します(7224)
2025/05/09 22:11:30 非実行(7224)
2025/05/09 22:11:30 実行中(7224)
2025/05/09 22:11:40 終了しました(7224)
2025/05/10 22:11:43 開始します(7056)
2025/05/10 22:11:43 非実行(7056)
2025/05/10 22:11:43 実行中(7056)
2025/05/10 22:11:54 終了しました(7056)
2025/05/11 22:11:44 開始します(7012)
2025/05/11 22:11:44 非実行(7012)
2025/05/11 22:11:44 実行中(7012)
2025/05/11 22:11:54 終了しました(7012)
2025/05/12 22:11:34 開始します(6192)
2025/05/12 22:11:34 非実行(6192)
2025/05/12 22:11:34 実行中(6192)
2025/05/12 22:11:45 終了しました(6192)
2025/05/13 22:11:49 開始します(7800)
2025/05/13 22:11:49 非実行(7800)
2025/05/13 22:11:49 実行中(7800)
2025/05/13 22:12:00 終了しました(7800)
2025/05/14 22:11:23 開始します(5316)
2025/05/14 22:11:23 非実行(5316)
2025/05/14 22:11:23 実行中(5316)
2025/05/14 22:11:33 終了しました(5316)
2025/05/15 23:28:08 開始します(1284)
2025/05/15 23:28:08 非実行(1284)
2025/05/15 23:28:08 実行中(1284)
2025/05/15 23:28:18 終了しました(1284)
2025/05/16 22:25:30 開始します(6244)
2025/05/16 22:25:30 非実行(6244)
2025/05/16 22:25:30 実行中(6244)
2025/05/16 22:25:41 終了しました(6244)
2025/05/17 22:11:55 開始します(1096)
2025/05/17 22:11:55 非実行(1096)
2025/05/17 22:11:55 実行中(1096)
2025/05/17 22:12:06 終了しました(1096)
2025/05/18 22:11:51 開始します(3796)
2025/05/18 22:11:51 非実行(3796)
2025/05/18 22:11:51 実行中(3796)
2025/05/18 22:12:02 終了しました(3796)
2025/05/19 22:18:02 開始します(3208)
2025/05/19 22:18:02 非実行(3208)
2025/05/19 22:18:02 実行中(3208)
2025/05/19 22:18:13 終了しました(3208)
2025/05/20 22:11:34 開始します(7228)
2025/05/20 22:11:34 非実行(7228)
2025/05/20 22:11:34 実行中(7228)
2025/05/20 22:11:45 終了しました(7228)
2025/05/21 22:11:40 開始します(4984)
2025/05/21 22:11:40 非実行(4984)
2025/05/21 22:11:40 実行中(4984)
2025/05/21 22:11:50 終了しました(4984)
2025/05/23 22:11:30 開始します(8316)
2025/05/23 22:11:30 非実行(8316)
2025/05/23 22:11:30 実行中(8316)
2025/05/23 22:11:32 終了しました(8316)
2025/05/24 22:11:20 開始します(3504)
2025/05/24 22:11:20 非実行(3504)
2025/05/24 22:11:20 実行中(3504)
2025/05/24 22:11:23 終了しました(3504)
2025/05/25 22:11:22 開始します(3852)
2025/05/25 22:11:22 非実行(3852)
2025/05/25 22:11:22 実行中(3852)
2025/05/25 22:12:06 終了しました(3852)
2025/05/26 22:11:21 開始します(7040)
2025/05/26 22:11:21 非実行(7040)
2025/05/26 22:11:21 実行中(7040)
2025/05/26 22:11:34 終了しました(7040)
2025/05/27 22:11:21 開始します(5788)
2025/05/27 22:11:21 非実行(5788)
2025/05/27 22:11:21 実行中(5788)
2025/05/27 22:11:24 終了しました(5788)
2025/05/28 22:11:21 開始します(5736)
2025/05/28 22:11:21 非実行(5736)
2025/05/28 22:11:21 実行中(5736)
2025/05/28 22:11:30 終了しました(5736)
2025/05/29 22:11:21 開始します(5664)
2025/05/29 22:11:21 非実行(5664)
2025/05/29 22:11:21 実行中(5664)
2025/05/29 22:11:24 終了しました(5664)
2025/05/30 22:11:22 開始します(5076)
2025/05/30 22:11:22 非実行(5076)
2025/05/30 22:11:22 実行中(5076)
2025/05/30 22:11:24 終了しました(5076)
2025/05/31 22:11:20 開始します(3028)
2025/05/31 22:11:20 非実行(3028)
2025/05/31 22:11:20 実行中(3028)
2025/05/31 22:11:24 終了しました(3028)
2025/06/01 22:11:22 開始します(3324)
2025/06/01 22:11:22 非実行(3324)
2025/06/01 22:11:22 実行中(3324)
2025/06/01 22:11:24 終了しました(3324)
2025/06/02 22:11:29 開始します(816)
2025/06/02 22:11:29 非実行(816)
2025/06/02 22:11:29 実行中(816)
2025/06/02 22:11:43 終了しました(816)
2025/06/03 22:11:22 開始します(5588)
2025/06/03 22:11:22 非実行(5588)
2025/06/03 22:11:22 実行中(5588)
2025/06/03 22:11:25 終了しました(5588)
2025/06/04 22:13:56 開始します(3676)
2025/06/04 22:13:56 非実行(3676)
2025/06/04 22:13:56 実行中(3676)
2025/06/04 22:14:05 終了しました(3676)
2025/06/05 22:11:22 開始します(5908)
2025/06/05 22:11:22 非実行(5908)
2025/06/05 22:11:22 実行中(5908)
2025/06/05 22:11:25 終了しました(5908)
2025/06/06 22:11:22 開始します(128)
2025/06/06 22:11:22 非実行(128)
2025/06/06 22:11:22 実行中(128)
2025/06/06 22:11:26 終了しました(128)
2025/06/07 22:11:21 開始します(3612)
2025/06/07 22:11:21 非実行(3612)
2025/06/07 22:11:21 実行中(3612)
2025/06/07 22:11:26 終了しました(3612)
2025/06/08 22:11:20 開始します(1828)
2025/06/08 22:11:20 非実行(1828)
2025/06/08 22:11:20 実行中(1828)
2025/06/08 22:11:23 終了しました(1828)
2025/06/09 22:11:21 開始します(6656)
2025/06/09 22:11:21 非実行(6656)
2025/06/09 22:11:21 実行中(6656)
2025/06/09 22:11:33 終了しました(6656)
2025/06/10 22:11:21 開始します(1012)
2025/06/10 22:11:21 非実行(1012)
2025/06/10 22:11:21 実行中(1012)
2025/06/10 22:11:23 終了しました(1012)
2025/06/11 22:25:53 開始します(532)
2025/06/11 22:25:53 非実行(532)
2025/06/11 22:25:53 実行中(532)
2025/06/11 22:26:02 終了しました(532)
2025/06/12 22:21:36 開始します(3672)
2025/06/12 22:21:36 非実行(3672)
2025/06/12 22:21:36 実行中(3672)
2025/06/12 22:21:44 終了しました(3672)
2025/06/13 22:26:13 開始します(6196)
2025/06/13 22:26:13 非実行(6196)
2025/06/13 22:26:13 実行中(6196)
2025/06/13 22:26:15 終了しました(6196)
2025/06/14 22:18:17 開始します(1220)
2025/06/14 22:18:17 非実行(1220)
2025/06/14 22:18:17 実行中(1220)
2025/06/14 22:18:20 終了しました(1220)
2025/06/15 22:12:47 開始します(2220)
2025/06/15 22:12:47 非実行(2220)
2025/06/15 22:12:47 実行中(2220)
2025/06/15 22:12:49 終了しました(2220)
2025/06/16 22:17:46 開始します(1192)
2025/06/16 22:17:46 非実行(1192)
2025/06/16 22:17:46 実行中(1192)
2025/06/16 22:17:58 終了しました(1192)
2025/06/17 22:21:34 開始します(6516)
2025/06/17 22:21:34 非実行(6516)
2025/06/17 22:21:34 実行中(6516)
2025/06/17 22:21:36 終了しました(6516)
2025/06/18 22:36:33 開始します(5440)
2025/06/18 22:36:33 非実行(5440)
2025/06/18 22:36:33 実行中(5440)
2025/06/18 22:36:43 終了しました(5440)
2025/06/19 22:23:30 開始します(6820)
2025/06/19 22:23:30 非実行(6820)
2025/06/19 22:23:30 実行中(6820)
2025/06/19 22:23:33 終了しました(6820)
2025/06/20 22:21:27 開始します(5472)
2025/06/20 22:21:27 非実行(5472)
2025/06/20 22:21:27 実行中(5472)
2025/06/20 22:21:29 終了しました(5472)
2025/06/21 22:18:32 開始します(1136)
2025/06/21 22:18:32 非実行(1136)
2025/06/21 22:18:32 実行中(1136)
2025/06/21 22:18:36 終了しました(1136)
2025/06/22 22:13:05 開始します(5164)
2025/06/22 22:13:05 非実行(5164)
2025/06/22 22:13:05 実行中(5164)
2025/06/22 22:13:08 終了しました(5164)
2025/06/23 22:17:39 開始します(5980)
2025/06/23 22:17:39 非実行(5980)
2025/06/23 22:17:39 実行中(5980)
2025/06/23 22:18:17 終了しました(5980)
2025/06/24 22:19:35 開始します(3888)
2025/06/24 22:19:35 非実行(3888)
2025/06/24 22:19:35 実行中(3888)
2025/06/24 22:20:20 終了しました(3888)
2025/06/25 22:23:50 開始します(4168)
2025/06/25 22:23:50 非実行(4168)
2025/06/25 22:23:50 実行中(4168)
2025/06/25 22:23:57 終了しました(4168)
2025/06/26 22:12:02 開始します(4808)
2025/06/26 22:12:02 非実行(4808)
2025/06/26 22:12:02 実行中(4808)
2025/06/26 22:12:06 終了しました(4808)
2025/06/27 22:11:20 開始します(6256)
2025/06/27 22:11:20 非実行(6256)
2025/06/27 22:11:20 実行中(6256)
2025/06/27 22:11:23 終了しました(6256)
2025/06/28 22:11:21 開始します(5340)
2025/06/28 22:11:21 非実行(5340)
2025/06/28 22:11:21 実行中(5340)
2025/06/28 22:11:26 終了しました(5340)
2025/06/29 22:11:20 開始します(5628)
2025/06/29 22:11:20 非実行(5628)
2025/06/29 22:11:20 実行中(5628)
2025/06/29 22:11:23 終了しました(5628)
2025/06/30 22:11:21 開始します(1312)
2025/06/30 22:11:21 非実行(1312)
2025/06/30 22:11:21 実行中(1312)
2025/06/30 22:11:33 終了しました(1312)
2025/07/01 22:12:10 開始します(6400)
2025/07/01 22:12:10 非実行(6400)
2025/07/01 22:12:10 実行中(6400)
2025/07/01 22:12:14 終了しました(6400)
2025/07/02 22:13:17 開始します(3680)
2025/07/02 22:13:17 非実行(3680)
2025/07/02 22:13:17 実行中(3680)
2025/07/02 22:13:34 終了しました(3680)
2025/07/03 22:11:21 開始します(4452)
2025/07/03 22:11:21 非実行(4452)
2025/07/03 22:11:21 実行中(4452)
2025/07/03 22:11:24 終了しました(4452)
2025/07/04 22:11:21 開始します(2168)
2025/07/04 22:11:21 非実行(2168)
2025/07/04 22:11:21 実行中(2168)
2025/07/04 22:11:24 終了しました(2168)
2025/07/05 22:11:21 開始します(2044)
2025/07/05 22:11:21 非実行(2044)
2025/07/05 22:11:21 実行中(2044)
2025/07/05 22:11:25 終了しました(2044)
2025/07/06 22:11:23 開始します(5480)
2025/07/06 22:11:23 非実行(5480)
2025/07/06 22:11:23 実行中(5480)
2025/07/06 22:11:26 終了しました(5480)
2025/07/07 22:11:22 開始します(1516)
2025/07/07 22:11:22 非実行(1516)
2025/07/07 22:11:22 実行中(1516)
2025/07/07 22:11:36 終了しました(1516)
2025/07/08 22:21:39 開始します(976)
2025/07/08 22:21:39 非実行(976)
2025/07/08 22:21:39 実行中(976)
2025/07/08 22:21:42 終了しました(976)
2025/07/09 22:29:26 開始します(7164)
2025/07/09 22:29:26 非実行(7164)
2025/07/09 22:29:26 実行中(7164)
2025/07/09 22:29:37 終了しました(7164)
2025/07/10 22:13:48 開始します(1792)
2025/07/10 22:13:48 非実行(1792)
2025/07/10 22:13:48 実行中(1792)
2025/07/10 22:13:51 終了しました(1792)
2025/07/11 22:14:27 開始します(5092)
2025/07/11 22:14:27 非実行(5092)
2025/07/11 22:14:27 実行中(5092)
2025/07/11 22:14:29 終了しました(5092)
2025/07/12 22:11:23 開始します(4292)
2025/07/12 22:11:23 非実行(4292)
2025/07/12 22:11:23 実行中(4292)
2025/07/12 22:11:28 終了しました(4292)
2025/07/13 22:11:20 開始します(4504)
2025/07/13 22:11:20 非実行(4504)
2025/07/13 22:11:20 実行中(4504)
2025/07/13 22:11:22 終了しました(4504)
2025/07/14 22:21:06 開始します(6980)
2025/07/14 22:21:06 非実行(6980)
2025/07/14 22:21:06 実行中(6980)
2025/07/14 22:21:17 終了しました(6980)
2025/07/15 22:16:39 開始します(5212)
2025/07/15 22:16:39 非実行(5212)
2025/07/15 22:16:39 実行中(5212)
2025/07/15 22:16:42 終了しました(5212)
2025/07/16 22:25:30 開始します(5968)
2025/07/16 22:25:30 非実行(5968)
2025/07/16 22:25:30 実行中(5968)
2025/07/16 22:25:43 終了しました(5968)
2025/07/17 22:15:09 開始します(7004)
2025/07/17 22:15:09 非実行(7004)
2025/07/17 22:15:09 実行中(7004)
2025/07/17 22:15:12 終了しました(7004)
2025/07/18 22:17:35 開始します(5372)
2025/07/18 22:17:35 非実行(5372)
2025/07/18 22:17:35 実行中(5372)
2025/07/18 22:17:37 終了しました(5372)
2025/07/19 22:15:09 開始します(1020)
2025/07/19 22:15:09 非実行(1020)
2025/07/19 22:15:09 実行中(1020)
2025/07/19 22:15:12 終了しました(1020)
2025/07/20 22:13:00 開始します(4616)
2025/07/20 22:13:00 非実行(4616)
2025/07/20 22:13:00 実行中(4616)
2025/07/20 22:13:02 終了しました(4616)
2025/07/21 22:23:01 開始します(5948)
2025/07/21 22:23:01 非実行(5948)
2025/07/21 22:23:01 実行中(5948)
2025/07/21 22:23:14 終了しました(5948)
2025/07/22 22:25:31 開始します(2836)
2025/07/22 22:25:31 非実行(2836)
2025/07/22 22:25:31 実行中(2836)
2025/07/22 22:25:34 終了しました(2836)
2025/07/23 22:26:29 開始します(6136)
2025/07/23 22:26:29 非実行(6136)
2025/07/23 22:26:29 実行中(6136)
2025/07/23 22:26:35 終了しました(6136)
2025/07/24 22:14:53 開始します(3112)
2025/07/24 22:14:53 非実行(3112)
2025/07/24 22:14:53 実行中(3112)
2025/07/24 22:14:56 終了しました(3112)
2025/07/25 22:21:13 開始します(4256)
2025/07/25 22:21:13 非実行(4256)
2025/07/25 22:21:13 実行中(4256)
2025/07/25 22:21:59 終了しました(4256)
2025/07/26 22:16:03 開始します(676)
2025/07/26 22:16:03 非実行(676)
2025/07/26 22:16:03 実行中(676)
2025/07/26 22:16:12 終了しました(676)
2025/07/27 22:12:59 開始します(4724)
2025/07/27 22:12:59 非実行(4724)
2025/07/27 22:12:59 実行中(4724)
2025/07/27 22:13:02 終了しました(4724)
2025/07/28 22:20:20 開始します(3272)
2025/07/28 22:20:20 非実行(3272)
2025/07/28 22:20:20 実行中(3272)
2025/07/28 22:20:33 終了しました(3272)
2025/07/29 22:18:05 開始します(6268)
2025/07/29 22:18:05 非実行(6268)
2025/07/29 22:18:05 実行中(6268)
2025/07/29 22:18:08 終了しました(6268)
2025/07/30 22:21:08 開始します(1892)
2025/07/30 22:21:08 非実行(1892)
2025/07/30 22:21:08 実行中(1892)
2025/07/30 22:21:20 終了しました(1892)
2025/07/31 22:11:24 開始します(2320)
2025/07/31 22:11:24 非実行(2320)
2025/07/31 22:11:24 実行中(2320)
2025/07/31 22:11:27 終了しました(2320)
2025/08/01 22:11:24 開始します(5116)
2025/08/01 22:11:24 非実行(5116)
2025/08/01 22:11:24 実行中(5116)
2025/08/01 22:11:27 終了しました(5116)
2025/08/02 22:11:23 開始します(2000)
2025/08/02 22:11:23 非実行(2000)
2025/08/02 22:11:23 実行中(2000)
2025/08/02 22:11:27 終了しました(2000)
2025/08/03 22:11:24 開始します(4420)
2025/08/03 22:11:24 非実行(4420)
2025/08/03 22:11:24 実行中(4420)
2025/08/03 22:11:26 終了しました(4420)
2025/08/04 22:11:23 開始します(5588)
2025/08/04 22:11:23 非実行(5588)
2025/08/04 22:11:23 実行中(5588)
2025/08/04 22:11:37 終了しました(5588)
2025/08/05 22:16:18 開始します(3860)
2025/08/05 22:16:18 非実行(3860)
2025/08/05 22:16:18 実行中(3860)
2025/08/05 22:16:21 終了しました(3860)
2025/08/06 22:28:09 開始します(3952)
2025/08/06 22:28:09 非実行(3952)
2025/08/06 22:28:09 実行中(3952)
2025/08/06 22:28:20 終了しました(3952)
2025/08/07 22:11:23 開始します(4116)
2025/08/07 22:11:23 非実行(4116)
2025/08/07 22:11:23 実行中(4116)
2025/08/07 22:11:26 終了しました(4116)
2025/08/08 22:17:50 開始します(3084)
2025/08/08 22:17:50 非実行(3084)
2025/08/08 22:17:50 実行中(3084)
2025/08/08 22:17:53 終了しました(3084)
2025/08/09 22:13:34 開始します(1048)
2025/08/09 22:13:34 非実行(1048)
2025/08/09 22:13:34 実行中(1048)
2025/08/09 22:13:40 終了しました(1048)
2025/08/10 22:11:22 開始します(6240)
2025/08/10 22:11:22 非実行(6240)
2025/08/10 22:11:22 実行中(6240)
2025/08/10 22:11:25 終了しました(6240)
2025/08/11 22:11:38 開始します(4952)
2025/08/11 22:11:38 非実行(4952)
2025/08/11 22:11:38 実行中(4952)
2025/08/11 22:11:49 終了しました(4952)
2025/08/12 22:20:12 開始します(4988)
2025/08/12 22:20:12 非実行(4988)
2025/08/12 22:20:12 実行中(4988)
2025/08/12 22:20:14 終了しました(4988)
2025/08/13 22:25:34 開始します(3252)
2025/08/13 22:25:34 非実行(3252)
2025/08/13 22:25:34 実行中(3252)
2025/08/13 22:25:42 終了しました(3252)
2025/08/14 22:20:38 開始します(5260)
2025/08/14 22:20:38 非実行(5260)
2025/08/14 22:20:38 実行中(5260)
2025/08/14 22:20:45 終了しました(5260)
2025/08/15 22:17:38 開始します(3228)
2025/08/15 22:17:38 非実行(3228)
2025/08/15 22:17:38 実行中(3228)
2025/08/15 22:17:40 終了しました(3228)
2025/08/16 22:13:31 開始します(1908)
2025/08/16 22:13:31 非実行(1908)
2025/08/16 22:13:31 実行中(1908)
2025/08/16 22:13:35 終了しました(1908)
2025/08/17 22:11:24 開始します(2424)
2025/08/17 22:11:24 非実行(2424)
2025/08/17 22:11:24 実行中(2424)
2025/08/17 22:11:26 終了しました(2424)
2025/08/18 22:24:10 開始します(2480)
2025/08/18 22:24:10 非実行(2480)
2025/08/18 22:24:10 実行中(2480)
2025/08/18 22:24:23 終了しました(2480)
2025/08/19 22:21:32 開始します(4416)
2025/08/19 22:21:32 非実行(4416)
2025/08/19 22:21:32 実行中(4416)
2025/08/19 22:21:34 終了しました(4416)
2025/08/20 22:30:06 開始します(4680)
2025/08/20 22:30:06 非実行(4680)
2025/08/20 22:30:06 実行中(4680)
2025/08/20 22:30:16 終了しました(4680)
2025/08/21 22:20:07 開始します(3664)
2025/08/21 22:20:07 非実行(3664)
2025/08/21 22:20:07 実行中(3664)
2025/08/21 22:20:10 終了しました(3664)
2025/08/22 22:19:51 開始します(6040)
2025/08/22 22:19:51 非実行(6040)
2025/08/22 22:19:51 実行中(6040)
2025/08/22 22:19:54 終了しました(6040)
2025/08/23 22:15:20 開始します(4728)
2025/08/23 22:15:20 非実行(4728)
2025/08/23 22:15:20 実行中(4728)
2025/08/23 22:15:24 終了しました(4728)
2025/08/24 22:11:23 開始します(2876)
2025/08/24 22:11:23 非実行(2876)
2025/08/24 22:11:23 実行中(2876)
2025/08/24 22:11:27 終了しました(2876)
2025/08/25 22:14:13 開始します(3352)
2025/08/25 22:14:13 非実行(3352)
2025/08/25 22:14:13 実行中(3352)
2025/08/25 22:15:15 終了しました(3352)
2025/08/26 22:19:01 開始します(1540)
2025/08/26 22:19:01 非実行(1540)
2025/08/26 22:19:01 実行中(1540)
2025/08/26 22:19:04 終了しました(1540)
2025/08/27 22:23:13 開始します(3296)
2025/08/27 22:23:13 非実行(3296)
2025/08/27 22:23:13 実行中(3296)
2025/08/27 22:23:22 終了しました(3296)
2025/08/28 22:11:22 開始します(5012)
2025/08/28 22:11:22 非実行(5012)
2025/08/28 22:11:22 実行中(5012)
2025/08/28 22:11:25 終了しました(5012)
2025/08/29 22:12:47 開始します(1076)
2025/08/29 22:12:47 非実行(1076)
2025/08/29 22:12:47 実行中(1076)
2025/08/29 22:12:49 終了しました(1076)
2025/08/30 22:11:21 開始します(1248)
2025/08/30 22:11:21 非実行(1248)
2025/08/30 22:11:21 実行中(1248)
2025/08/30 22:11:25 終了しました(1248)
2025/08/31 22:11:22 開始します(664)
2025/08/31 22:11:22 非実行(664)
2025/08/31 22:11:22 実行中(664)
2025/08/31 22:11:24 終了しました(664)
2025/09/01 22:11:22 開始します(5496)
2025/09/01 22:11:22 非実行(5496)
2025/09/01 22:11:22 実行中(5496)
2025/09/01 22:11:34 終了しました(5496)
2025/09/02 22:11:22 開始します(5416)
2025/09/02 22:11:22 非実行(5416)
2025/09/02 22:11:22 実行中(5416)
2025/09/02 22:11:25 終了しました(5416)
2025/09/03 22:11:22 開始します(2084)
2025/09/03 22:11:22 非実行(2084)
2025/09/03 22:11:22 実行中(2084)
2025/09/03 22:11:30 終了しました(2084)
2025/09/04 22:11:23 開始します(6064)
2025/09/04 22:11:23 非実行(6064)
2025/09/04 22:11:23 実行中(6064)
2025/09/04 22:11:25 終了しました(6064)
2025/09/05 22:11:22 開始します(1080)
2025/09/05 22:11:22 非実行(1080)
2025/09/05 22:11:22 実行中(1080)
2025/09/05 22:11:24 終了しました(1080)
2025/09/06 22:11:24 開始します(5540)
2025/09/06 22:11:24 非実行(5540)
2025/09/06 22:11:24 実行中(5540)
2025/09/06 22:11:29 終了しました(5540)
2025/09/07 22:11:21 開始します(5396)
2025/09/07 22:11:21 非実行(5396)
2025/09/07 22:11:21 実行中(5396)
2025/09/07 22:11:24 終了しました(5396)
2025/09/08 22:11:23 開始します(5508)
2025/09/08 22:11:23 非実行(5508)
2025/09/08 22:11:23 実行中(5508)
2025/09/08 22:11:34 終了しました(5508)
2025/09/09 22:11:22 開始します(3480)
2025/09/09 22:11:22 非実行(3480)
2025/09/09 22:11:22 実行中(3480)
2025/09/09 22:11:24 終了しました(3480)
2025/09/10 22:14:23 開始します(5256)
2025/09/10 22:14:23 非実行(5256)
2025/09/10 22:14:23 実行中(5256)
2025/09/10 22:14:33 終了しました(5256)
2025/09/11 22:11:22 開始します(6620)
2025/09/11 22:11:22 非実行(6620)
2025/09/11 22:11:22 実行中(6620)
2025/09/11 22:11:24 終了しました(6620)
2025/09/12 22:11:22 開始します(3252)
2025/09/12 22:11:22 非実行(3252)
2025/09/12 22:11:22 実行中(3252)
2025/09/12 22:11:24 終了しました(3252)
2025/09/13 22:11:22 開始します(1068)
2025/09/13 22:11:22 非実行(1068)
2025/09/13 22:11:22 実行中(1068)
2025/09/13 22:11:26 終了しました(1068)
2025/09/14 22:11:22 開始します(2148)
2025/09/14 22:11:22 非実行(2148)
2025/09/14 22:11:22 実行中(2148)
2025/09/14 22:11:25 終了しました(2148)
2025/09/15 22:11:22 開始します(5512)
2025/09/15 22:11:22 非実行(5512)
2025/09/15 22:11:22 実行中(5512)
2025/09/15 22:11:34 終了しました(5512)
2025/09/16 22:13:13 開始します(2524)
2025/09/16 22:13:13 非実行(2524)
2025/09/16 22:13:13 実行中(2524)
2025/09/16 22:13:16 終了しました(2524)
2025/09/17 22:17:03 開始します(6568)
2025/09/17 22:17:03 非実行(6568)
2025/09/17 22:17:03 実行中(6568)
2025/09/17 22:17:12 終了しました(6568)
2025/09/18 22:13:38 開始します(3028)
2025/09/18 22:13:38 非実行(3028)
2025/09/18 22:13:38 実行中(3028)
2025/09/18 22:13:40 終了しました(3028)
2025/09/19 22:12:38 開始します(5252)
2025/09/19 22:12:38 非実行(5252)
2025/09/19 22:12:38 実行中(5252)
2025/09/19 22:12:40 終了しました(5252)
2025/09/20 22:11:22 開始します(2180)
2025/09/20 22:11:22 非実行(2180)
2025/09/20 22:11:22 実行中(2180)
2025/09/20 22:11:28 終了しました(2180)
2025/09/21 22:11:22 開始します(940)
2025/09/21 22:11:22 非実行(940)
2025/09/21 22:11:22 実行中(940)
2025/09/21 22:11:24 終了しました(940)
2025/09/22 22:11:24 開始します(3264)
2025/09/22 22:11:24 非実行(3264)
2025/09/22 22:11:24 実行中(3264)
2025/09/22 22:11:35 終了しました(3264)
2025/09/23 22:15:50 開始します(5352)
2025/09/23 22:15:50 非実行(5352)
2025/09/23 22:15:50 実行中(5352)
2025/09/23 22:15:53 終了しました(5352)
2025/09/24 22:14:19 開始します(1980)
2025/09/24 22:14:19 非実行(1980)
2025/09/24 22:14:19 実行中(1980)
2025/09/24 22:15:08 終了しました(1980)
2025/09/25 22:11:22 開始します(2848)
2025/09/25 22:11:22 非実行(2848)
2025/09/25 22:11:22 実行中(2848)
2025/09/25 22:11:25 終了しました(2848)
2025/09/26 22:11:22 開始します(2224)
2025/09/26 22:11:22 非実行(2224)
2025/09/26 22:11:22 実行中(2224)
2025/09/26 22:11:24 終了しました(2224)
2025/09/27 22:11:23 開始します(5732)
2025/09/27 22:11:23 非実行(5732)
2025/09/27 22:11:23 実行中(5732)
2025/09/27 22:11:28 終了しました(5732)
2025/09/28 22:11:23 開始します(1848)
2025/09/28 22:11:23 非実行(1848)
2025/09/28 22:11:23 実行中(1848)
2025/09/28 22:11:25 終了しました(1848)
2025/09/29 22:11:22 開始します(1476)
2025/09/29 22:11:22 非実行(1476)
2025/09/29 22:11:22 実行中(1476)
2025/09/29 22:11:34 終了しました(1476)
2025/09/30 22:11:23 開始します(5560)
2025/09/30 22:11:23 非実行(5560)
2025/09/30 22:11:23 実行中(5560)
2025/09/30 22:11:26 終了しました(5560)
2025/10/01 22:11:23 開始します(6972)
2025/10/01 22:11:23 非実行(6972)
2025/10/01 22:11:23 実行中(6972)
2025/10/01 22:11:31 終了しました(6972)
2025/10/02 22:11:23 開始します(564)
2025/10/02 22:11:23 非実行(564)
2025/10/02 22:11:23 実行中(564)
2025/10/02 22:11:25 終了しました(564)
2025/10/03 22:11:21 開始します(5448)
2025/10/03 22:11:21 非実行(5448)
2025/10/03 22:11:21 実行中(5448)
2025/10/03 22:11:23 終了しました(5448)
2025/10/04 22:11:24 開始します(1064)
2025/10/04 22:11:24 非実行(1064)
2025/10/04 22:11:24 実行中(1064)
2025/10/04 22:11:27 終了しました(1064)
2025/10/05 22:11:23 開始します(1016)
2025/10/05 22:11:23 非実行(1016)
2025/10/05 22:11:23 実行中(1016)
2025/10/05 22:11:25 終了しました(1016)
2025/10/06 22:11:22 開始します(4188)
2025/10/06 22:11:22 非実行(4188)
2025/10/06 22:11:22 実行中(4188)
2025/10/06 22:11:34 終了しました(4188)
2025/10/07 22:31:06 開始します(4404)
2025/10/07 22:31:06 非実行(4404)
2025/10/07 22:31:06 実行中(4404)
2025/10/07 22:31:09 終了しました(4404)
2025/10/08 22:37:53 開始します(1436)
2025/10/08 22:37:53 非実行(1436)
2025/10/08 22:37:53 実行中(1436)
2025/10/08 22:38:02 終了しました(1436)
2025/10/09 22:32:07 開始します(1356)
2025/10/09 22:32:07 非実行(1356)
2025/10/09 22:32:07 実行中(1356)
2025/10/09 22:32:15 終了しました(1356)
2025/10/10 22:26:36 開始します(6012)
2025/10/10 22:26:36 非実行(6012)
2025/10/10 22:26:36 実行中(6012)
2025/10/10 22:26:39 終了しました(6012)
2025/10/11 22:24:47 開始します(5256)
2025/10/11 22:24:47 非実行(5256)
2025/10/11 22:24:47 実行中(5256)
2025/10/11 22:24:50 終了しました(5256)
2025/10/12 22:20:57 開始します(4900)
2025/10/12 22:20:57 非実行(4900)
2025/10/12 22:20:57 実行中(4900)
2025/10/12 22:20:59 終了しました(4900)
2025/10/13 22:30:13 開始します(2116)
2025/10/13 22:30:13 非実行(2116)
2025/10/13 22:30:13 実行中(2116)
2025/10/13 22:30:26 終了しました(2116)
2025/10/14 22:44:17 開始します(3688)
2025/10/14 22:44:17 非実行(3688)
2025/10/14 22:44:17 実行中(3688)
2025/10/14 22:44:20 終了しました(3688)
2025/10/15 22:51:14 開始します(4776)
2025/10/15 22:51:14 非実行(4776)
2025/10/15 22:51:14 実行中(4776)
2025/10/15 22:51:24 終了しました(4776)
2025/10/16 22:43:41 開始します(5340)
2025/10/16 22:43:41 非実行(5340)
2025/10/16 22:43:41 実行中(5340)
2025/10/16 22:43:44 終了しました(5340)
2025/10/17 22:44:12 開始します(5184)
2025/10/17 22:44:12 非実行(5184)
2025/10/17 22:44:12 実行中(5184)
2025/10/17 22:44:15 終了しました(5184)
2025/10/18 22:42:54 開始します(2940)
2025/10/18 22:42:54 非実行(2940)
2025/10/18 22:42:54 実行中(2940)
2025/10/18 22:42:59 終了しました(2940)
2025/10/19 22:37:45 開始します(3560)
2025/10/19 22:37:45 非実行(3560)
2025/10/19 22:37:45 実行中(3560)
2025/10/19 22:37:48 終了しました(3560)
2025/10/20 22:42:09 開始します(4248)
2025/10/20 22:42:09 非実行(4248)
2025/10/20 22:42:09 実行中(4248)
2025/10/20 22:42:21 終了しました(4248)
2025/10/21 22:58:46 開始します(2096)
2025/10/21 22:58:46 非実行(2096)
2025/10/21 22:58:46 実行中(2096)
2025/10/21 22:58:48 終了しました(2096)
2025/10/22 23:06:09 開始します(3424)
2025/10/22 23:06:09 非実行(3424)
2025/10/22 23:06:09 実行中(3424)
2025/10/22 23:06:16 終了しました(3424)
2025/10/23 22:56:28 開始します(6432)
2025/10/23 22:56:28 非実行(6432)
2025/10/23 22:56:28 実行中(6432)
2025/10/23 22:56:31 終了しました(6432)
2025/10/24 22:11:31 開始します(4800)
2025/10/24 22:11:31 非実行(4800)
2025/10/24 22:11:31 実行中(4800)
2025/10/24 22:11:55 終了しました(4800)
2025/10/25 22:11:30 開始します(4252)
2025/10/25 22:11:30 非実行(4252)
2025/10/25 22:11:30 実行中(4252)
2025/10/25 22:12:29 終了しました(4252)
2025/10/26 22:11:31 開始します(3628)
2025/10/26 22:11:31 非実行(3628)
2025/10/26 22:11:31 実行中(3628)
2025/10/26 22:11:34 終了しました(3628)
2025/10/27 22:11:30 開始します(7280)
2025/10/27 22:11:30 非実行(7280)
2025/10/27 22:11:30 実行中(7280)
2025/10/27 22:11:42 終了しました(7280)
