2024/08/16 13:25:59 開始します(8040)
2024/08/16 13:25:59 確認するPID：6588
2024/08/16 13:25:59 実行結果：
2024/08/16 13:25:59 非実行(8040)
2024/08/16 13:25:59 実行中(8040)
2024/08/16 15:03:33 終了しました(8040)
2024/08/19 14:19:35 開始します(3188)
2024/08/19 14:19:35 非実行(3188)
2024/08/19 14:19:35 実行中(3188)
2024/08/23 11:08:52 開始します(11124)
2024/08/23 11:08:52 確認するPID：6820
2024/08/23 11:08:52 実行結果：
2024/08/23 11:08:52 非実行(11124)
2024/08/23 11:08:52 実行中(11124)
2024/08/23 11:09:37 終了しました(11124)
2024/09/02 14:56:10 開始します(9248)
2024/09/02 14:56:10 非実行(9248)
2024/09/02 14:56:10 実行中(9248)
2024/09/02 15:15:53 終了しました(9248)
2024/09/12 04:02:03 開始します(4076)
2024/09/12 04:02:03 非実行(4076)
2024/09/12 04:02:03 実行中(4076)
2024/09/12 04:36:34 終了しました(4076)
2024/09/18 11:15:36 開始します(7764)
2024/09/18 11:15:36 非実行(7764)
2024/09/18 11:15:36 実行中(7764)
2024/09/18 11:55:42 終了しました(7764)
2024/09/18 21:34:40 開始します(12716)
2024/09/18 21:34:40 非実行(12716)
2024/09/18 21:34:40 実行中(12716)
2024/09/18 22:00:15 終了しました(12716)
2024/09/20 04:12:01 開始します(13068)
2024/09/20 04:12:01 非実行(13068)
2024/09/20 04:12:01 実行中(13068)
2024/09/20 04:52:05 終了しました(13068)
2024/09/23 07:38:39 開始します(8328)
2024/09/23 07:38:39 非実行(8328)
2024/09/23 07:38:39 実行中(8328)
2024/09/23 09:45:57 終了しました(8328)
2024/09/26 10:56:05 開始します(6524)
2024/09/26 10:56:05 非実行(6524)
2024/09/26 10:56:05 実行中(6524)
2024/09/26 13:10:11 終了しました(6524)
2024/09/28 11:47:56 開始します(4676)
2024/09/28 11:47:56 非実行(4676)
2024/09/28 11:47:56 実行中(4676)
2024/09/28 13:57:31 終了しました(4676)
2024/09/29 10:54:51 開始します(12200)
2024/09/29 10:54:51 非実行(12200)
2024/09/29 10:54:51 実行中(12200)
2024/09/29 13:08:54 終了しました(12200)
2024/10/05 08:35:18 開始します(10628)
2024/10/05 08:35:18 非実行(10628)
2024/10/05 08:35:18 実行中(10628)
2024/10/05 10:51:58 終了しました(10628)
2024/10/07 17:51:22 開始します(5536)
2024/10/07 17:51:22 非実行(5536)
2024/10/07 17:51:22 実行中(5536)
2024/10/07 17:51:24 終了しました(5536)
2024/10/13 09:10:45 開始します(2804)
2024/10/13 09:10:45 非実行(2804)
2024/10/13 09:10:45 実行中(2804)
2024/10/13 10:46:29 終了しました(2804)
2024/10/16 07:46:45 開始します(2360)
2024/10/16 07:46:45 非実行(2360)
2024/10/16 07:46:45 実行中(2360)
2024/10/16 09:38:54 終了しました(2360)
2024/10/19 06:06:13 開始します(6932)
2024/10/19 06:06:13 非実行(6932)
2024/10/19 06:06:13 実行中(6932)
2024/10/19 07:53:43 終了しました(6932)
2024/10/22 04:10:39 開始します(8460)
2024/10/22 04:10:39 非実行(8460)
2024/10/22 04:10:39 実行中(8460)
2024/10/22 05:58:34 終了しました(8460)
2024/10/23 04:23:57 開始します(3328)
2024/10/23 04:23:57 非実行(3328)
2024/10/23 04:23:57 実行中(3328)
2024/10/23 05:51:46 終了しました(3328)
2024/10/27 17:23:26 開始します(7412)
2024/10/27 17:23:26 非実行(7412)
2024/10/27 17:23:26 実行中(7412)
2024/10/27 18:52:30 終了しました(7412)
2024/11/01 03:00:59 開始します(5904)
2024/11/01 03:00:59 非実行(5904)
2024/11/01 03:00:59 実行中(5904)
2024/11/01 03:48:25 終了しました(5904)
2024/11/04 00:19:20 開始します(6572)
2024/11/04 00:19:20 非実行(6572)
2024/11/04 00:19:20 実行中(6572)
2024/11/04 01:38:30 終了しました(6572)
2024/11/06 02:17:14 開始します(520)
2024/11/06 02:17:14 非実行(520)
2024/11/06 02:17:14 実行中(520)
2024/11/06 02:17:22 終了しました(520)
2024/11/07 10:02:15 開始します(3964)
2024/11/07 10:02:15 非実行(3964)
2024/11/07 10:02:15 実行中(3964)
2024/11/07 11:38:32 終了しました(3964)
2024/11/08 09:20:54 開始します(7096)
2024/11/08 09:20:54 非実行(7096)
2024/11/08 09:20:54 実行中(7096)
2024/11/08 10:53:30 終了しました(7096)
2024/11/09 10:46:46 開始します(5668)
2024/11/09 10:46:46 非実行(5668)
2024/11/09 10:46:46 実行中(5668)
2024/11/09 12:36:12 終了しました(5668)
2024/11/12 07:25:46 開始します(6320)
2024/11/12 07:25:46 非実行(6320)
2024/11/12 07:25:46 実行中(6320)
2024/11/12 08:58:55 終了しました(6320)
2024/11/13 10:09:16 開始します(6004)
2024/11/13 10:09:16 非実行(6004)
2024/11/13 10:09:16 実行中(6004)
2024/11/13 11:57:29 終了しました(6004)
2024/11/14 11:09:54 開始します(2888)
2024/11/14 11:09:54 非実行(2888)
2024/11/14 11:09:54 実行中(2888)
2024/11/14 12:46:50 終了しました(2888)
2024/11/15 10:54:17 開始します(2104)
2024/11/15 10:54:17 非実行(2104)
2024/11/15 10:54:17 実行中(2104)
2024/11/15 12:47:44 終了しました(2104)
2024/11/17 09:15:39 開始します(2820)
2024/11/17 09:15:39 非実行(2820)
2024/11/17 09:15:39 実行中(2820)
2024/11/17 11:21:52 終了しました(2820)
2024/11/19 11:24:34 開始します(8440)
2024/11/19 11:24:34 非実行(8440)
2024/11/19 11:24:34 実行中(8440)
2024/11/19 13:36:04 終了しました(8440)
2024/11/20 11:15:56 開始します(5516)
2024/11/20 11:15:56 非実行(5516)
2024/11/20 11:15:56 実行中(5516)
2024/11/20 13:28:31 終了しました(5516)
2024/11/21 00:26:20 開始します(6332)
2024/11/21 00:26:20 非実行(6332)
2024/11/21 00:26:20 実行中(6332)
2024/11/21 02:39:04 終了しました(6332)
2024/11/22 15:13:43 開始します(7436)
2024/11/22 15:13:43 非実行(7436)
2024/11/22 15:13:43 実行中(7436)
2024/11/22 17:20:23 終了しました(7436)
2024/12/05 03:45:42 開始します(10212)
2024/12/05 03:45:42 非実行(10212)
2024/12/05 03:45:42 実行中(10212)
2024/12/05 05:38:53 終了しました(10212)
2024/12/06 06:01:51 開始します(6748)
2024/12/06 06:01:51 非実行(6748)
2024/12/06 06:01:51 実行中(6748)
2024/12/06 07:58:48 終了しました(6748)
2024/12/09 16:50:33 開始します(384)
2024/12/09 16:50:33 非実行(384)
2024/12/09 16:50:33 実行中(384)
2024/12/09 18:46:16 終了しました(384)
2024/12/11 08:33:37 開始します(8100)
2024/12/11 08:33:37 非実行(8100)
2024/12/11 08:33:37 実行中(8100)
2024/12/11 10:33:53 終了しました(8100)
2024/12/12 07:30:16 開始します(4652)
2024/12/12 07:30:16 非実行(4652)
2024/12/12 07:30:16 実行中(4652)
2024/12/12 09:07:57 終了しました(4652)
2024/12/13 06:34:41 開始します(5348)
2024/12/13 06:34:41 非実行(5348)
2024/12/13 06:34:41 実行中(5348)
2024/12/13 08:07:41 終了しました(5348)
2024/12/16 07:01:09 開始します(7404)
2024/12/16 07:01:09 非実行(7404)
2024/12/16 07:01:09 実行中(7404)
2024/12/16 08:45:49 終了しました(7404)
2024/12/17 09:47:24 開始します(6916)
2024/12/17 09:47:24 非実行(6916)
2024/12/17 09:47:24 実行中(6916)
2024/12/17 11:38:42 終了しました(6916)
2024/12/18 11:14:16 開始します(8260)
2024/12/18 11:14:16 非実行(8260)
2024/12/18 11:14:16 実行中(8260)
2024/12/18 13:07:46 終了しました(8260)
2024/12/19 11:33:25 開始します(940)
2024/12/19 11:33:25 非実行(940)
2024/12/19 11:33:25 実行中(940)
2024/12/19 13:03:27 終了しました(940)
2024/12/20 14:44:00 開始します(1796)
2024/12/20 14:44:00 非実行(1796)
2024/12/20 14:44:00 実行中(1796)
2024/12/20 16:41:28 終了しました(1796)
2024/12/21 13:06:27 開始します(9480)
2024/12/21 13:06:27 非実行(9480)
2024/12/21 13:06:27 実行中(9480)
2024/12/21 14:54:58 終了しました(9480)
2024/12/22 15:40:27 開始します(4852)
2024/12/22 15:40:27 非実行(4852)
2024/12/22 15:40:27 実行中(4852)
2024/12/22 17:33:42 終了しました(4852)
2024/12/24 07:57:41 開始します(9336)
2024/12/24 07:57:41 非実行(9336)
2024/12/24 07:57:41 実行中(9336)
2024/12/24 09:51:37 終了しました(9336)
2024/12/27 04:03:30 開始します(7744)
2024/12/27 04:03:30 非実行(7744)
2024/12/27 04:03:30 実行中(7744)
2024/12/27 05:58:40 終了しました(7744)
2025/02/05 05:11:39 開始します(7900)
2025/02/05 05:11:39 非実行(7900)
2025/02/05 05:11:39 実行中(7900)
2025/02/05 06:25:15 終了しました(7900)
2025/02/06 08:11:54 開始します(372)
2025/02/06 08:11:54 非実行(372)
2025/02/06 08:11:54 実行中(372)
2025/02/06 09:21:50 終了しました(372)
2025/02/08 03:21:20 開始します(4408)
2025/02/08 03:21:20 非実行(4408)
2025/02/08 03:21:20 実行中(4408)
2025/02/08 04:35:43 終了しました(4408)
2025/02/11 04:08:15 開始します(8932)
2025/02/11 04:08:15 非実行(8932)
2025/02/11 04:08:15 実行中(8932)
2025/02/11 05:24:48 終了しました(8932)
2025/02/14 00:54:19 開始します(10112)
2025/02/14 00:54:19 非実行(10112)
2025/02/14 00:54:19 実行中(10112)
2025/02/14 02:14:20 終了しました(10112)
2025/02/14 19:04:46 開始します(5232)
2025/02/14 19:04:46 非実行(5232)
2025/02/14 19:04:46 実行中(5232)
2025/02/14 20:21:24 終了しました(5232)
2025/02/15 18:25:35 開始します(9756)
2025/02/15 18:25:35 非実行(9756)
2025/02/15 18:25:35 実行中(9756)
2025/02/15 19:36:25 終了しました(9756)
2025/02/19 05:54:43 開始します(2404)
2025/02/19 05:54:43 非実行(2404)
2025/02/19 05:54:43 実行中(2404)
2025/02/19 07:11:22 終了しました(2404)
2025/02/20 02:54:03 開始します(3392)
2025/02/20 02:54:03 非実行(3392)
2025/02/20 02:54:03 実行中(3392)
2025/02/20 04:05:01 終了しました(3392)
2025/02/21 08:50:17 開始します(8308)
2025/02/21 08:50:17 非実行(8308)
2025/02/21 08:50:17 実行中(8308)
2025/02/21 10:05:20 終了しました(8308)
2025/02/22 07:00:41 開始します(10052)
2025/02/22 07:00:41 非実行(10052)
2025/02/22 07:00:41 実行中(10052)
2025/02/22 08:10:56 終了しました(10052)
2025/02/23 08:25:30 開始します(10580)
2025/02/23 08:25:30 非実行(10580)
2025/02/23 08:25:30 実行中(10580)
2025/02/23 09:35:52 終了しました(10580)
2025/02/27 06:54:40 開始します(8432)
2025/02/27 06:54:40 非実行(8432)
2025/02/27 06:54:40 実行中(8432)
2025/02/27 08:05:43 終了しました(8432)
2025/02/28 03:31:42 開始します(9016)
2025/02/28 03:31:42 非実行(9016)
2025/02/28 03:31:42 実行中(9016)
2025/02/28 04:42:03 終了しました(9016)
2025/03/01 03:18:49 開始します(3864)
2025/03/01 03:18:49 非実行(3864)
2025/03/01 03:18:49 実行中(3864)
2025/03/01 04:29:10 終了しました(3864)
2025/03/08 04:10:01 開始します(3820)
2025/03/08 04:10:01 非実行(3820)
2025/03/08 04:10:01 実行中(3820)
2025/03/08 05:26:09 終了しました(3820)
2025/03/09 04:10:01 開始します(10692)
2025/03/09 04:10:01 非実行(10692)
2025/03/09 04:10:01 実行中(10692)
2025/03/09 05:26:07 終了しました(10692)
2025/03/10 04:10:01 開始します(4128)
2025/03/10 04:10:01 非実行(4128)
2025/03/10 04:10:01 実行中(4128)
2025/03/10 05:26:12 終了しました(4128)
2025/03/10 14:51:12 開始します(8196)
2025/03/10 14:51:12 非実行(8196)
2025/03/10 14:51:12 実行中(8196)
2025/03/10 15:17:34 開始します(6468)
2025/03/10 15:17:34 確認するPID：5700
2025/03/10 15:17:34 実行結果：5700
2025/03/10 15:17:34 実行中...終了します(5700)
2025/03/10 15:18:09 終了しました(8196)
2025/03/10 15:18:24 開始します(7820)
2025/03/10 15:18:24 非実行(7820)
2025/03/10 15:18:24 実行中(7820)
2025/03/10 16:22:46 終了しました(7820)
2025/03/11 04:10:01 開始します(3772)
2025/03/11 04:10:01 非実行(3772)
2025/03/11 04:10:01 実行中(3772)
2025/03/11 05:11:58 終了しました(3772)
2025/03/11 07:47:21 開始します(5948)
2025/03/11 07:47:21 非実行(5948)
2025/03/11 07:47:21 実行中(5948)
2025/03/11 07:47:55 終了しました(5948)
2025/03/11 07:48:42 開始します(4768)
2025/03/11 07:48:42 非実行(4768)
2025/03/11 07:48:42 実行中(4768)
2025/03/11 08:48:42 終了しました(4768)
2025/03/11 15:50:50 開始します(8)
2025/03/11 15:50:50 非実行(8)
2025/03/11 15:50:50 実行中(8)
2025/03/11 16:48:36 終了しました(8)
2025/03/12 04:10:01 開始します(5100)
2025/03/12 04:10:01 非実行(5100)
2025/03/12 04:10:01 実行中(5100)
2025/03/12 04:12:48 終了しました(5100)
2025/03/12 07:54:03 開始します(3796)
2025/03/12 07:54:03 非実行(3796)
2025/03/12 07:54:03 実行中(3796)
2025/03/12 07:56:51 終了しました(3796)
2025/03/12 08:22:33 開始します(6896)
2025/03/12 08:22:33 非実行(6896)
2025/03/12 08:22:33 実行中(6896)
2025/03/12 08:26:18 終了しました(6896)
2025/03/13 04:10:01 開始します(5456)
2025/03/13 04:10:01 非実行(5456)
2025/03/13 04:10:01 実行中(5456)
2025/03/13 04:26:41 終了しました(5456)
2025/03/14 04:10:01 開始します(10376)
2025/03/14 04:10:01 非実行(10376)
2025/03/14 04:10:01 実行中(10376)
2025/03/14 05:02:13 終了しました(10376)
2025/03/15 05:00:01 開始します(7620)
2025/03/15 05:00:01 非実行(7620)
2025/03/15 05:00:01 実行中(7620)
2025/03/15 05:51:49 終了しました(7620)
2025/03/16 05:00:02 開始します(10352)
2025/03/16 05:00:02 非実行(10352)
2025/03/16 05:00:02 実行中(10352)
2025/03/16 05:50:28 終了しました(10352)
2025/03/17 05:00:02 開始します(5468)
2025/03/17 05:00:02 非実行(5468)
2025/03/17 05:00:02 実行中(5468)
2025/03/17 05:49:14 終了しました(5468)
2025/03/18 05:00:02 開始します(8092)
2025/03/18 05:00:02 非実行(8092)
2025/03/18 05:00:02 実行中(8092)
2025/03/18 05:50:36 終了しました(8092)
2025/03/19 05:00:02 開始します(10292)
2025/03/19 05:00:02 非実行(10292)
2025/03/19 05:00:02 実行中(10292)
2025/03/19 05:52:13 終了しました(10292)
2025/03/20 05:00:02 開始します(1892)
2025/03/20 05:00:02 非実行(1892)
2025/03/20 05:00:02 実行中(1892)
2025/03/20 05:53:27 終了しました(1892)
2025/03/21 05:00:02 開始します(4396)
2025/03/21 05:00:02 非実行(4396)
2025/03/21 05:00:02 実行中(4396)
2025/03/21 05:55:09 終了しました(4396)
2025/03/22 05:00:02 開始します(11296)
2025/03/22 05:00:02 非実行(11296)
2025/03/22 05:00:02 実行中(11296)
2025/03/22 05:58:29 終了しました(11296)
2025/03/23 05:00:02 開始します(10520)
2025/03/23 05:00:02 非実行(10520)
2025/03/23 05:00:02 実行中(10520)
2025/03/23 05:55:05 終了しました(10520)
2025/03/24 05:00:02 開始します(7500)
2025/03/24 05:00:02 非実行(7500)
2025/03/24 05:00:02 実行中(7500)
2025/03/24 05:52:54 終了しました(7500)
2025/03/25 05:00:02 開始します(5472)
2025/03/25 05:00:02 非実行(5472)
2025/03/25 05:00:02 実行中(5472)
2025/03/25 05:52:30 終了しました(5472)
2025/03/26 05:00:02 開始します(5648)
2025/03/26 05:00:02 非実行(5648)
2025/03/26 05:00:02 実行中(5648)
2025/03/26 05:56:18 終了しました(5648)
2025/03/27 05:00:02 開始します(8560)
2025/03/27 05:00:02 非実行(8560)
2025/03/27 05:00:02 実行中(8560)
2025/03/27 05:55:14 終了しました(8560)
2025/03/28 05:00:02 開始します(9572)
2025/03/28 05:00:02 非実行(9572)
2025/03/28 05:00:02 実行中(9572)
2025/03/28 05:52:56 終了しました(9572)
2025/03/29 05:00:02 開始します(8884)
2025/03/29 05:00:02 非実行(8884)
2025/03/29 05:00:02 実行中(8884)
2025/03/29 05:52:04 終了しました(8884)
2025/03/30 05:00:02 開始します(3360)
2025/03/30 05:00:02 非実行(3360)
2025/03/30 05:00:02 実行中(3360)
2025/03/30 05:48:31 終了しました(3360)
2025/03/31 05:00:02 開始します(7972)
2025/03/31 05:00:02 非実行(7972)
2025/03/31 05:00:02 実行中(7972)
2025/03/31 05:45:00 終了しました(7972)
2025/04/01 05:00:02 開始します(11420)
2025/04/01 05:00:02 非実行(11420)
2025/04/01 05:00:02 実行中(11420)
2025/04/01 05:43:24 終了しました(11420)
2025/04/02 05:00:02 開始します(10104)
2025/04/02 05:00:02 非実行(10104)
2025/04/02 05:00:02 実行中(10104)
2025/04/02 05:44:14 終了しました(10104)
2025/04/03 05:00:02 開始します(2640)
2025/04/03 05:00:02 非実行(2640)
2025/04/03 05:00:02 実行中(2640)
2025/04/03 05:44:44 終了しました(2640)
2025/04/04 05:00:02 開始します(6972)
2025/04/04 05:00:02 非実行(6972)
2025/04/04 05:00:02 実行中(6972)
2025/04/04 05:44:59 終了しました(6972)
2025/04/05 05:00:02 開始します(6988)
2025/04/05 05:00:02 非実行(6988)
2025/04/05 05:00:02 実行中(6988)
2025/04/05 05:44:04 終了しました(6988)
2025/04/06 05:00:02 開始します(10200)
2025/04/06 05:00:02 非実行(10200)
2025/04/06 05:00:02 実行中(10200)
2025/04/06 05:42:27 終了しました(10200)
2025/04/07 05:00:02 開始します(3540)
2025/04/07 05:00:02 非実行(3540)
2025/04/07 05:00:02 実行中(3540)
2025/04/07 05:40:59 終了しました(3540)
2025/04/08 05:00:01 開始します(10292)
2025/04/08 05:00:01 非実行(10292)
2025/04/08 05:00:01 実行中(10292)
2025/04/08 05:43:35 終了しました(10292)
2025/04/09 05:00:01 開始します(10784)
2025/04/09 05:00:01 非実行(10784)
2025/04/09 05:00:01 実行中(10784)
2025/04/09 05:48:08 終了しました(10784)
2025/04/10 05:00:01 開始します(1552)
2025/04/10 05:00:01 非実行(1552)
2025/04/10 05:00:01 実行中(1552)
2025/04/10 05:57:58 終了しました(1552)
2025/04/11 05:00:01 開始します(5788)
2025/04/11 05:00:01 非実行(5788)
2025/04/11 05:00:01 実行中(5788)
2025/04/11 05:56:46 終了しました(5788)
2025/04/12 05:00:01 開始します(11212)
2025/04/12 05:00:01 非実行(11212)
2025/04/12 05:00:01 実行中(11212)
2025/04/12 05:56:44 終了しました(11212)
2025/04/13 05:00:01 開始します(4820)
2025/04/13 05:00:01 非実行(4820)
2025/04/13 05:00:01 実行中(4820)
2025/04/13 05:55:01 終了しました(4820)
2025/04/14 05:00:01 開始します(1400)
2025/04/14 05:00:01 非実行(1400)
2025/04/14 05:00:01 実行中(1400)
2025/04/14 05:53:20 終了しました(1400)
2025/04/15 05:00:01 開始します(12516)
2025/04/15 05:00:01 非実行(12516)
2025/04/15 05:00:01 実行中(12516)
2025/04/15 06:06:09 終了しました(12516)
2025/04/16 05:00:01 開始します(8044)
2025/04/16 05:00:01 非実行(8044)
2025/04/16 05:00:01 実行中(8044)
2025/04/16 06:10:29 終了しました(8044)
2025/04/17 05:00:01 開始します(13308)
2025/04/17 05:00:01 非実行(13308)
2025/04/17 05:00:01 実行中(13308)
2025/04/17 06:11:49 終了しました(13308)
2025/04/18 05:00:02 開始します(2260)
2025/04/18 05:00:02 非実行(2260)
2025/04/18 05:00:02 実行中(2260)
2025/04/18 06:07:48 終了しました(2260)
2025/04/19 05:00:01 開始します(2004)
2025/04/19 05:00:01 非実行(2004)
2025/04/19 05:00:01 実行中(2004)
2025/04/19 06:08:19 終了しました(2004)
2025/04/20 05:00:01 開始します(380)
2025/04/20 05:00:01 非実行(380)
2025/04/20 05:00:01 実行中(380)
2025/04/20 06:06:34 終了しました(380)
2025/04/21 05:00:01 開始します(4292)
2025/04/21 05:00:01 非実行(4292)
2025/04/21 05:00:01 実行中(4292)
2025/04/21 06:03:53 終了しました(4292)
2025/04/22 05:00:01 開始します(6056)
2025/04/22 05:00:01 非実行(6056)
2025/04/22 05:00:01 実行中(6056)
2025/04/22 06:03:29 終了しました(6056)
2025/04/23 05:00:01 開始します(5552)
2025/04/23 05:00:01 非実行(5552)
2025/04/23 05:00:01 実行中(5552)
2025/04/23 06:06:13 終了しました(5552)
2025/04/24 05:00:01 開始します(2328)
2025/04/24 05:00:01 非実行(2328)
2025/04/24 05:00:01 実行中(2328)
2025/04/24 06:04:47 終了しました(2328)
2025/04/25 05:00:01 開始します(3200)
2025/04/25 05:00:01 非実行(3200)
2025/04/25 05:00:01 実行中(3200)
2025/04/25 06:01:25 終了しました(3200)
2025/04/26 05:00:01 開始します(5136)
2025/04/26 05:00:01 非実行(5136)
2025/04/26 05:00:01 実行中(5136)
2025/04/26 06:01:49 終了しました(5136)
2025/04/27 05:00:01 開始します(5416)
2025/04/27 05:00:01 非実行(5416)
2025/04/27 05:00:01 実行中(5416)
2025/04/27 05:58:20 終了しました(5416)
2025/04/28 05:00:01 開始します(2972)
2025/04/28 05:00:01 非実行(2972)
2025/04/28 05:00:01 実行中(2972)
2025/04/28 05:52:13 終了しました(2972)
2025/04/29 05:00:01 開始します(2360)
2025/04/29 05:00:01 非実行(2360)
2025/04/29 05:00:01 実行中(2360)
2025/04/29 05:49:36 終了しました(2360)
2025/04/30 05:00:01 開始します(3244)
2025/04/30 05:00:01 非実行(3244)
2025/04/30 05:00:01 実行中(3244)
2025/04/30 05:47:11 終了しました(3244)
2025/05/01 05:00:01 開始します(4848)
2025/05/01 05:00:01 非実行(4848)
2025/05/01 05:00:01 実行中(4848)
2025/05/01 05:44:08 終了しました(4848)
2025/05/02 05:00:01 開始します(3748)
2025/05/02 05:00:01 非実行(3748)
2025/05/02 05:00:01 実行中(3748)
2025/05/02 05:40:03 終了しました(3748)
2025/05/03 05:00:01 開始します(4784)
2025/05/03 05:00:01 非実行(4784)
2025/05/03 05:00:01 実行中(4784)
2025/05/03 05:38:13 終了しました(4784)
2025/05/04 05:00:02 開始します(736)
2025/05/04 05:00:02 非実行(736)
2025/05/04 05:00:02 実行中(736)
2025/05/04 05:36:24 終了しました(736)
2025/05/05 05:00:02 開始します(264)
2025/05/05 05:00:02 非実行(264)
2025/05/05 05:00:02 実行中(264)
2025/05/05 05:34:20 終了しました(264)
2025/05/06 05:00:02 開始します(5768)
2025/05/06 05:00:02 非実行(5768)
2025/05/06 05:00:02 実行中(5768)
2025/05/06 05:31:58 終了しました(5768)
2025/05/07 05:00:01 開始します(4724)
2025/05/07 05:00:01 非実行(4724)
2025/05/07 05:00:01 実行中(4724)
2025/05/07 05:30:14 終了しました(4724)
2025/05/08 05:00:01 開始します(1080)
2025/05/08 05:00:01 非実行(1080)
2025/05/08 05:00:01 実行中(1080)
2025/05/08 05:28:42 終了しました(1080)
2025/05/09 05:00:01 開始します(5428)
2025/05/09 05:00:01 非実行(5428)
2025/05/09 05:00:01 実行中(5428)
2025/05/09 05:31:00 終了しました(5428)
2025/05/10 05:00:01 開始します(2300)
2025/05/10 05:00:01 非実行(2300)
2025/05/10 05:00:01 実行中(2300)
2025/05/10 05:59:20 終了しました(2300)
2025/05/11 05:00:01 開始します(2828)
2025/05/11 05:00:01 非実行(2828)
2025/05/11 05:00:01 実行中(2828)
2025/05/11 05:57:38 終了しました(2828)
2025/05/12 05:00:02 開始します(3752)
2025/05/12 05:00:02 非実行(3752)
2025/05/12 05:00:02 実行中(3752)
2025/05/12 05:53:24 終了しました(3752)
2025/05/13 05:00:02 開始します(2392)
2025/05/13 05:00:02 非実行(2392)
2025/05/13 05:00:02 実行中(2392)
2025/05/13 05:51:45 終了しました(2392)
2025/05/14 05:00:01 開始します(1084)
2025/05/14 05:00:01 非実行(1084)
2025/05/14 05:00:01 実行中(1084)
2025/05/14 05:50:38 終了しました(1084)
2025/05/15 05:00:02 開始します(2420)
2025/05/15 05:00:02 非実行(2420)
2025/05/15 05:00:02 実行中(2420)
2025/05/15 05:49:13 終了しました(2420)
2025/05/16 05:00:02 開始します(3712)
2025/05/16 05:00:02 非実行(3712)
2025/05/16 05:00:02 実行中(3712)
2025/05/16 05:57:48 終了しました(3712)
2025/05/17 05:00:02 開始します(4156)
2025/05/17 05:00:02 非実行(4156)
2025/05/17 05:00:02 実行中(4156)
2025/05/17 05:57:04 終了しました(4156)
2025/05/18 05:00:02 開始します(2340)
2025/05/18 05:00:02 非実行(2340)
2025/05/18 05:00:02 実行中(2340)
2025/05/18 05:55:40 終了しました(2340)
2025/05/19 05:00:02 開始します(3752)
2025/05/19 05:00:02 非実行(3752)
2025/05/19 05:00:02 実行中(3752)
2025/05/19 05:51:36 終了しました(3752)
2025/05/20 05:00:01 開始します(3756)
2025/05/20 05:00:01 非実行(3756)
2025/05/20 05:00:01 実行中(3756)
2025/05/20 05:58:14 終了しました(3756)
2025/05/21 05:00:01 開始します(5780)
2025/05/21 05:00:01 非実行(5780)
2025/05/21 05:00:01 実行中(5780)
2025/05/21 06:00:22 終了しました(5780)
2025/05/22 05:00:01 開始します(5512)
2025/05/22 05:00:01 非実行(5512)
2025/05/22 05:00:01 実行中(5512)
2025/05/22 06:01:04 終了しました(5512)
2025/05/23 05:00:00 開始します(7860)
2025/05/23 05:00:00 非実行(7860)
2025/05/23 05:00:00 実行中(7860)
2025/05/23 05:58:22 終了しました(7860)
2025/05/24 04:59:59 開始します(5296)
2025/05/24 04:59:59 非実行(5296)
2025/05/24 04:59:59 実行中(5296)
2025/05/24 05:54:18 終了しました(5296)
2025/05/25 04:59:59 開始します(980)
2025/05/25 04:59:59 非実行(980)
2025/05/25 04:59:59 実行中(980)
2025/05/25 05:52:04 終了しました(980)
2025/05/26 04:59:59 開始します(2256)
2025/05/26 04:59:59 非実行(2256)
2025/05/26 04:59:59 実行中(2256)
2025/05/26 05:50:01 終了しました(2256)
2025/05/27 04:59:59 開始します(2128)
2025/05/27 04:59:59 非実行(2128)
2025/05/27 04:59:59 実行中(2128)
2025/05/27 05:47:51 終了しました(2128)
2025/05/28 05:00:00 開始します(5564)
2025/05/28 05:00:00 非実行(5564)
2025/05/28 05:00:00 実行中(5564)
2025/05/28 05:50:32 終了しました(5564)
2025/05/29 05:00:00 開始します(5436)
2025/05/29 05:00:00 非実行(5436)
2025/05/29 05:00:00 実行中(5436)
2025/05/29 05:51:01 終了しました(5436)
2025/05/30 05:00:00 開始します(5444)
2025/05/30 05:00:00 非実行(5444)
2025/05/30 05:00:00 実行中(5444)
2025/05/30 05:50:03 終了しました(5444)
2025/05/31 05:00:00 開始します(2084)
2025/05/31 05:00:00 非実行(2084)
2025/05/31 05:00:00 実行中(2084)
2025/05/31 05:49:32 終了しました(2084)
2025/06/01 05:00:00 開始します(3104)
2025/06/01 05:00:00 非実行(3104)
2025/06/01 05:00:00 実行中(3104)
2025/06/01 05:46:46 終了しました(3104)
2025/06/02 04:59:59 開始します(4604)
2025/06/02 04:59:59 非実行(4604)
2025/06/02 04:59:59 実行中(4604)
2025/06/02 05:44:43 終了しました(4604)
2025/06/03 05:00:00 開始します(4440)
2025/06/03 05:00:00 非実行(4440)
2025/06/03 05:00:00 実行中(4440)
2025/06/03 05:43:44 終了しました(4440)
2025/06/04 04:59:59 開始します(1016)
2025/06/04 04:59:59 非実行(1016)
2025/06/04 04:59:59 実行中(1016)
2025/06/04 05:55:22 終了しました(1016)
2025/06/05 04:59:59 開始します(2120)
2025/06/05 04:59:59 非実行(2120)
2025/06/05 04:59:59 実行中(2120)
2025/06/05 05:56:08 終了しました(2120)
2025/06/06 05:00:01 開始します(984)
2025/06/06 05:00:01 非実行(984)
2025/06/06 05:00:01 実行中(984)
2025/06/06 05:55:45 終了しました(984)
2025/06/07 05:00:00 開始します(2712)
2025/06/07 05:00:00 非実行(2712)
2025/06/07 05:00:00 実行中(2712)
2025/06/07 05:54:55 終了しました(2712)
2025/06/08 04:59:59 開始します(5092)
2025/06/08 04:59:59 非実行(5092)
2025/06/08 04:59:59 実行中(5092)
2025/06/08 05:53:34 終了しました(5092)
2025/06/09 05:00:00 開始します(4504)
2025/06/09 05:00:00 非実行(4504)
2025/06/09 05:00:00 実行中(4504)
2025/06/09 05:51:42 終了しました(4504)
2025/06/10 05:00:00 開始します(4404)
2025/06/10 05:00:00 非実行(4404)
2025/06/10 05:00:00 実行中(4404)
2025/06/10 05:50:56 終了しました(4404)
2025/06/11 05:00:00 開始します(5704)
2025/06/11 05:00:00 非実行(5704)
2025/06/11 05:00:00 実行中(5704)
2025/06/11 05:54:38 終了しました(5704)
2025/06/12 05:00:00 開始します(6096)
2025/06/12 05:00:00 非実行(6096)
2025/06/12 05:00:00 実行中(6096)
2025/06/12 06:05:09 終了しました(6096)
2025/06/13 04:59:59 開始します(1208)
2025/06/13 04:59:59 非実行(1208)
2025/06/13 04:59:59 実行中(1208)
2025/06/13 06:06:46 終了しました(1208)
2025/06/14 04:59:59 開始します(1484)
2025/06/14 04:59:59 非実行(1484)
2025/06/14 04:59:59 実行中(1484)
2025/06/14 06:06:03 終了しました(1484)
2025/06/15 05:00:00 開始します(4224)
2025/06/15 05:00:00 非実行(4224)
2025/06/15 05:00:00 実行中(4224)
2025/06/15 06:03:15 終了しました(4224)
2025/06/16 04:59:59 開始します(2420)
2025/06/16 04:59:59 非実行(2420)
2025/06/16 04:59:59 実行中(2420)
2025/06/16 06:01:02 終了しました(2420)
2025/06/17 04:59:59 開始します(4840)
2025/06/17 04:59:59 非実行(4840)
2025/06/17 04:59:59 実行中(4840)
2025/06/17 06:01:25 終了しました(4840)
2025/06/18 05:00:00 開始します(3200)
2025/06/18 05:00:00 非実行(3200)
2025/06/18 05:00:00 実行中(3200)
2025/06/18 06:05:25 終了しました(3200)
2025/06/19 05:00:00 開始します(4900)
2025/06/19 05:00:00 非実行(4900)
2025/06/19 05:00:00 実行中(4900)
2025/06/19 06:08:47 終了しました(4900)
2025/06/20 05:00:00 開始します(5324)
2025/06/20 05:00:00 非実行(5324)
2025/06/20 05:00:00 実行中(5324)
2025/06/20 06:07:54 終了しました(5324)
2025/06/21 04:59:59 開始します(5048)
2025/06/21 04:59:59 非実行(5048)
2025/06/21 04:59:59 実行中(5048)
2025/06/21 06:06:44 終了しました(5048)
2025/06/22 04:59:59 開始します(6116)
2025/06/22 04:59:59 非実行(6116)
2025/06/22 04:59:59 実行中(6116)
2025/06/22 06:03:32 終了しました(6116)
2025/06/23 04:59:59 開始します(4348)
2025/06/23 04:59:59 非実行(4348)
2025/06/23 04:59:59 実行中(4348)
2025/06/23 06:01:42 終了しました(4348)
2025/06/24 04:59:59 開始します(5040)
2025/06/24 04:59:59 非実行(5040)
2025/06/24 04:59:59 実行中(5040)
2025/06/24 06:01:24 終了しました(5040)
2025/06/25 04:59:59 開始します(1860)
2025/06/25 04:59:59 非実行(1860)
2025/06/25 04:59:59 実行中(1860)
2025/06/25 06:03:29 終了しました(1860)
2025/06/26 05:00:00 開始します(3076)
2025/06/26 05:00:00 非実行(3076)
2025/06/26 05:00:00 実行中(3076)
2025/06/26 06:04:05 終了しました(3076)
2025/06/27 04:59:59 開始します(1436)
2025/06/27 04:59:59 非実行(1436)
2025/06/27 04:59:59 実行中(1436)
2025/06/27 06:00:30 終了しました(1436)
2025/06/28 04:59:59 開始します(4376)
2025/06/28 04:59:59 非実行(4376)
2025/06/28 04:59:59 実行中(4376)
2025/06/28 05:57:03 終了しました(4376)
2025/06/29 05:00:00 開始します(3000)
2025/06/29 05:00:00 非実行(3000)
2025/06/29 05:00:00 実行中(3000)
2025/06/29 05:54:45 終了しました(3000)
2025/06/30 04:59:59 開始します(3836)
2025/06/30 04:59:59 非実行(3836)
2025/06/30 04:59:59 実行中(3836)
2025/06/30 05:51:28 終了しました(3836)
2025/07/01 05:00:00 開始します(1584)
2025/07/01 05:00:00 非実行(1584)
2025/07/01 05:00:00 実行中(1584)
2025/07/01 05:49:13 終了しました(1584)
2025/07/02 04:59:59 開始します(4436)
2025/07/02 04:59:59 非実行(4436)
2025/07/02 04:59:59 実行中(4436)
2025/07/02 05:54:27 終了しました(4436)
2025/07/03 05:00:00 開始します(4608)
2025/07/03 05:00:00 非実行(4608)
2025/07/03 05:00:00 実行中(4608)
2025/07/03 05:54:27 終了しました(4608)
2025/07/04 04:59:59 開始します(5604)
2025/07/04 04:59:59 非実行(5604)
2025/07/04 04:59:59 実行中(5604)
2025/07/04 05:51:24 終了しました(5604)
2025/07/05 04:59:59 開始します(3632)
2025/07/05 04:59:59 非実行(3632)
2025/07/05 04:59:59 実行中(3632)
2025/07/05 05:51:22 終了しました(3632)
2025/07/06 04:59:59 開始します(1664)
2025/07/06 04:59:59 非実行(1664)
2025/07/06 04:59:59 実行中(1664)
2025/07/06 05:49:39 終了しました(1664)
2025/07/07 05:00:00 開始します(4744)
2025/07/07 05:00:00 非実行(4744)
2025/07/07 05:00:00 実行中(4744)
2025/07/07 05:47:27 終了しました(4744)
2025/07/08 04:59:59 開始します(212)
2025/07/08 04:59:59 非実行(212)
2025/07/08 04:59:59 実行中(212)
2025/07/08 05:49:33 終了しました(212)
2025/07/09 04:59:59 開始します(2208)
2025/07/09 04:59:59 非実行(2208)
2025/07/09 04:59:59 実行中(2208)
2025/07/09 06:00:45 終了しました(2208)
2025/07/10 04:59:59 開始します(4480)
2025/07/10 04:59:59 非実行(4480)
2025/07/10 04:59:59 実行中(4480)
2025/07/10 06:01:26 終了しました(4480)
2025/07/11 05:00:00 開始します(4140)
2025/07/11 05:00:00 非実行(4140)
2025/07/11 05:00:00 実行中(4140)
2025/07/11 05:57:55 終了しました(4140)
2025/07/12 05:00:00 開始します(2872)
2025/07/12 05:00:00 非実行(2872)
2025/07/12 05:00:00 実行中(2872)
2025/07/12 05:59:36 終了しました(2872)
2025/07/13 05:00:00 開始します(2964)
2025/07/13 05:00:00 非実行(2964)
2025/07/13 05:00:00 実行中(2964)
2025/07/13 05:57:59 終了しました(2964)
2025/07/14 04:59:59 開始します(2444)
2025/07/14 04:59:59 非実行(2444)
2025/07/14 04:59:59 実行中(2444)
2025/07/14 05:56:45 終了しました(2444)
2025/07/15 04:59:59 開始します(664)
2025/07/15 04:59:59 非実行(664)
2025/07/15 04:59:59 実行中(664)
2025/07/15 05:58:13 終了しました(664)
2025/07/16 05:00:00 開始します(5936)
2025/07/16 05:00:00 非実行(5936)
2025/07/16 05:00:00 実行中(5936)
2025/07/16 06:00:52 終了しました(5936)
2025/07/17 04:59:59 開始します(3672)
2025/07/17 04:59:59 非実行(3672)
2025/07/17 04:59:59 実行中(3672)
2025/07/17 06:03:14 終了しました(3672)
2025/07/18 05:00:00 開始します(3372)
2025/07/18 05:00:00 非実行(3372)
2025/07/18 05:00:00 実行中(3372)
2025/07/18 05:59:50 終了しました(3372)
2025/07/19 05:00:00 開始します(5376)
2025/07/19 05:00:00 非実行(5376)
2025/07/19 05:00:00 実行中(5376)
2025/07/19 06:01:14 終了しました(5376)
2025/07/20 04:59:59 開始します(1068)
2025/07/20 04:59:59 非実行(1068)
2025/07/20 04:59:59 実行中(1068)
2025/07/20 05:59:14 終了しました(1068)
2025/07/21 05:00:00 開始します(1864)
2025/07/21 05:00:00 非実行(1864)
2025/07/21 05:00:00 実行中(1864)
2025/07/21 05:56:58 終了しました(1864)
2025/07/22 04:59:59 開始します(1224)
2025/07/22 04:59:59 非実行(1224)
2025/07/22 04:59:59 実行中(1224)
2025/07/22 06:00:39 終了しました(1224)
2025/07/23 04:59:59 開始します(1432)
2025/07/23 04:59:59 非実行(1432)
2025/07/23 04:59:59 実行中(1432)
2025/07/23 06:02:13 終了しました(1432)
2025/07/24 05:00:00 開始します(3812)
2025/07/24 05:00:00 非実行(3812)
2025/07/24 05:00:00 実行中(3812)
2025/07/24 06:00:45 終了しました(3812)
2025/07/25 04:59:59 開始します(4720)
2025/07/25 04:59:59 非実行(4720)
2025/07/25 04:59:59 実行中(4720)
2025/07/25 05:57:28 終了しました(4720)
2025/07/26 04:59:59 開始します(5604)
2025/07/26 04:59:59 非実行(5604)
2025/07/26 04:59:59 実行中(5604)
2025/07/26 05:58:36 終了しました(5604)
2025/07/27 05:00:00 開始します(820)
2025/07/27 05:00:00 非実行(820)
2025/07/27 05:00:00 実行中(820)
2025/07/27 05:55:57 終了しました(820)
2025/07/28 05:00:00 開始します(2284)
2025/07/28 05:00:00 非実行(2284)
2025/07/28 05:00:00 実行中(2284)
2025/07/28 05:53:22 終了しました(2284)
2025/07/29 04:59:59 開始します(3164)
2025/07/29 04:59:59 非実行(3164)
2025/07/29 04:59:59 実行中(3164)
2025/07/29 05:53:01 終了しました(3164)
2025/07/30 04:59:59 開始します(968)
2025/07/30 04:59:59 非実行(968)
2025/07/30 04:59:59 実行中(968)
2025/07/30 05:54:51 終了しました(968)
2025/07/31 04:59:59 開始します(2308)
2025/07/31 04:59:59 非実行(2308)
2025/07/31 04:59:59 実行中(2308)
2025/07/31 05:55:08 終了しました(2308)
2025/08/01 05:00:00 開始します(2912)
2025/08/01 05:00:00 非実行(2912)
2025/08/01 05:00:00 実行中(2912)
2025/08/01 05:52:13 終了しました(2912)
2025/08/02 05:00:00 開始します(2864)
2025/08/02 05:00:00 非実行(2864)
2025/08/02 05:00:00 実行中(2864)
2025/08/02 05:51:17 終了しました(2864)
2025/08/03 04:59:59 開始します(1192)
2025/08/03 04:59:59 非実行(1192)
2025/08/03 04:59:59 実行中(1192)
2025/08/03 05:49:06 終了しました(1192)
2025/08/04 05:00:00 開始します(1296)
2025/08/04 05:00:00 非実行(1296)
2025/08/04 05:00:00 実行中(1296)
2025/08/04 05:47:43 終了しました(1296)
2025/08/05 04:59:59 開始します(5652)
2025/08/05 04:59:59 非実行(5652)
2025/08/05 04:59:59 実行中(5652)
2025/08/05 05:47:16 終了しました(5652)
2025/08/06 05:00:00 開始します(4556)
2025/08/06 05:00:00 非実行(4556)
2025/08/06 05:00:00 実行中(4556)
2025/08/06 05:55:53 終了しました(4556)
2025/08/07 04:59:59 開始します(1372)
2025/08/07 04:59:59 非実行(1372)
2025/08/07 04:59:59 実行中(1372)
2025/08/07 05:58:01 終了しました(1372)
2025/08/08 04:59:59 開始します(3488)
2025/08/08 04:59:59 非実行(3488)
2025/08/08 04:59:59 実行中(3488)
2025/08/08 05:54:46 終了しました(3488)
2025/08/09 05:00:00 開始します(1468)
2025/08/09 05:00:00 非実行(1468)
2025/08/09 05:00:00 実行中(1468)
2025/08/09 05:57:09 終了しました(1468)
2025/08/10 04:59:59 開始します(984)
2025/08/10 04:59:59 非実行(984)
2025/08/10 04:59:59 実行中(984)
2025/08/10 05:55:09 終了しました(984)
2025/08/11 04:59:59 開始します(5904)
2025/08/11 04:59:59 非実行(5904)
2025/08/11 04:59:59 実行中(5904)
2025/08/11 05:53:24 終了しました(5904)
2025/08/12 05:00:00 開始します(3240)
2025/08/12 05:00:00 非実行(3240)
2025/08/12 05:00:00 実行中(3240)
2025/08/12 05:53:33 終了しました(3240)
2025/08/13 04:59:59 開始します(2872)
2025/08/13 04:59:59 非実行(2872)
2025/08/13 04:59:59 実行中(2872)
2025/08/13 05:57:03 終了しました(2872)
2025/08/14 05:00:00 開始します(5936)
2025/08/14 05:00:00 非実行(5936)
2025/08/14 05:00:00 実行中(5936)
2025/08/14 05:59:26 終了しました(5936)
2025/08/15 05:00:00 開始します(4832)
2025/08/15 05:00:00 非実行(4832)
2025/08/15 05:00:00 実行中(4832)
2025/08/15 06:01:07 終了しました(4832)
2025/08/16 04:59:59 開始します(4196)
2025/08/16 04:59:59 非実行(4196)
2025/08/16 04:59:59 実行中(4196)
2025/08/16 05:58:52 終了しました(4196)
2025/08/17 05:00:00 開始します(1000)
2025/08/17 05:00:00 非実行(1000)
2025/08/17 05:00:00 実行中(1000)
2025/08/17 05:56:49 終了しました(1000)
2025/08/18 04:59:59 開始します(3976)
2025/08/18 04:59:59 非実行(3976)
2025/08/18 04:59:59 実行中(3976)
2025/08/18 05:54:54 終了しました(3976)
2025/08/19 04:59:59 開始します(4536)
2025/08/19 04:59:59 非実行(4536)
2025/08/19 04:59:59 実行中(4536)
2025/08/19 06:00:29 終了しました(4536)
2025/08/20 05:00:00 開始します(768)
2025/08/20 05:00:00 非実行(768)
2025/08/20 05:00:00 実行中(768)
2025/08/20 06:02:50 終了しました(768)
2025/08/21 05:00:00 開始します(1008)
2025/08/21 05:00:00 非実行(1008)
2025/08/21 05:00:00 実行中(1008)
2025/08/21 06:03:38 終了しました(1008)
2025/08/22 04:59:59 開始します(5980)
2025/08/22 04:59:59 非実行(5980)
2025/08/22 04:59:59 実行中(5980)
2025/08/22 06:01:04 終了しました(5980)
2025/08/23 04:59:59 開始します(2280)
2025/08/23 04:59:59 非実行(2280)
2025/08/23 04:59:59 実行中(2280)
2025/08/23 05:59:41 終了しました(2280)
2025/08/24 04:59:59 開始します(5008)
2025/08/24 04:59:59 非実行(5008)
2025/08/24 04:59:59 実行中(5008)
2025/08/24 05:56:01 終了しました(5008)
2025/08/25 05:00:00 開始します(4488)
2025/08/25 05:00:00 非実行(4488)
2025/08/25 05:00:00 実行中(4488)
2025/08/25 05:53:36 終了しました(4488)
2025/08/26 05:00:00 開始します(608)
2025/08/26 05:00:00 非実行(608)
2025/08/26 05:00:00 実行中(608)
2025/08/26 05:53:55 終了しました(608)
2025/08/27 04:59:59 開始します(4000)
2025/08/27 04:59:59 非実行(4000)
2025/08/27 04:59:59 実行中(4000)
2025/08/27 05:58:50 終了しました(4000)
2025/08/28 05:00:00 開始します(1164)
2025/08/28 05:00:00 非実行(1164)
2025/08/28 05:00:00 実行中(1164)
2025/08/28 05:58:57 終了しました(1164)
2025/08/29 05:00:00 開始します(2804)
2025/08/29 05:00:00 非実行(2804)
2025/08/29 05:00:00 実行中(2804)
2025/08/29 05:54:08 終了しました(2804)
2025/08/30 04:59:59 開始します(2424)
2025/08/30 04:59:59 非実行(2424)
2025/08/30 04:59:59 実行中(2424)
2025/08/30 05:54:18 終了しました(2424)
2025/08/31 05:00:00 開始します(2712)
2025/08/31 05:00:00 非実行(2712)
2025/08/31 05:00:00 実行中(2712)
2025/08/31 05:50:56 終了しました(2712)
2025/09/01 05:00:00 開始します(1696)
2025/09/01 05:00:00 非実行(1696)
2025/09/01 05:00:00 実行中(1696)
2025/09/01 05:47:54 終了しました(1696)
2025/09/02 04:59:59 開始します(5592)
2025/09/02 04:59:59 非実行(5592)
2025/09/02 04:59:59 実行中(5592)
2025/09/02 05:46:35 終了しました(5592)
2025/09/03 04:59:59 開始します(4768)
2025/09/03 04:59:59 非実行(4768)
2025/09/03 04:59:59 実行中(4768)
2025/09/03 05:49:06 終了しました(4768)
2025/09/04 04:59:59 開始します(3008)
2025/09/04 04:59:59 非実行(3008)
2025/09/04 04:59:59 実行中(3008)
2025/09/04 05:48:54 終了しました(3008)
2025/09/05 04:59:59 開始します(5184)
2025/09/05 04:59:59 非実行(5184)
2025/09/05 04:59:59 実行中(5184)
2025/09/05 05:46:01 終了しました(5184)
2025/09/06 04:59:59 開始します(3164)
2025/09/06 04:59:59 非実行(3164)
2025/09/06 04:59:59 実行中(3164)
2025/09/06 05:45:08 終了しました(3164)
2025/09/07 04:59:59 開始します(5292)
2025/09/07 04:59:59 非実行(5292)
2025/09/07 04:59:59 実行中(5292)
2025/09/07 05:43:55 終了しました(5292)
2025/09/08 04:59:59 開始します(5848)
2025/09/08 04:59:59 非実行(5848)
2025/09/08 04:59:59 実行中(5848)
2025/09/08 05:42:12 終了しました(5848)
2025/09/09 04:59:59 開始します(5344)
2025/09/09 04:59:59 非実行(5344)
2025/09/09 04:59:59 実行中(5344)
2025/09/09 05:43:58 終了しました(5344)
2025/09/10 05:00:00 開始します(4544)
2025/09/10 05:00:00 非実行(4544)
2025/09/10 05:00:00 実行中(4544)
2025/09/10 05:53:01 終了しました(4544)
2025/09/11 05:00:00 開始します(1484)
2025/09/11 05:00:00 非実行(1484)
2025/09/11 05:00:00 実行中(1484)
2025/09/11 05:54:54 終了しました(1484)
2025/09/12 05:00:00 開始します(5908)
2025/09/12 05:00:00 非実行(5908)
2025/09/12 05:00:00 実行中(5908)
2025/09/12 05:52:48 終了しました(5908)
2025/09/13 04:59:59 開始します(6040)
2025/09/13 04:59:59 非実行(6040)
2025/09/13 04:59:59 実行中(6040)
2025/09/13 05:51:53 終了しました(6040)
2025/09/14 04:59:59 開始します(4296)
2025/09/14 04:59:59 非実行(4296)
2025/09/14 04:59:59 実行中(4296)
2025/09/14 05:50:23 終了しました(4296)
2025/09/15 05:00:00 開始します(2880)
2025/09/15 05:00:00 非実行(2880)
2025/09/15 05:00:00 実行中(2880)
2025/09/15 05:48:32 終了しました(2880)
2025/09/16 04:59:59 開始します(5852)
2025/09/16 04:59:59 非実行(5852)
2025/09/16 04:59:59 実行中(5852)
2025/09/16 05:51:11 終了しました(5852)
2025/09/17 05:00:00 開始します(1992)
2025/09/17 05:00:00 非実行(1992)
2025/09/17 05:00:00 実行中(1992)
2025/09/17 05:56:29 終了しました(1992)
2025/09/18 04:59:59 開始します(2096)
2025/09/18 04:59:59 非実行(2096)
2025/09/18 04:59:59 実行中(2096)
2025/09/18 05:56:38 終了しました(2096)
2025/09/19 04:59:59 開始します(1012)
2025/09/19 04:59:59 非実行(1012)
2025/09/19 04:59:59 実行中(1012)
2025/09/19 05:56:35 終了しました(1012)
2025/09/20 04:59:59 開始します(1992)
2025/09/20 04:59:59 非実行(1992)
2025/09/20 04:59:59 実行中(1992)
2025/09/20 05:55:34 終了しました(1992)
2025/09/21 04:59:59 開始します(2792)
2025/09/21 04:59:59 非実行(2792)
2025/09/21 04:59:59 実行中(2792)
2025/09/21 05:53:59 終了しました(2792)
2025/09/22 04:59:59 開始します(2768)
2025/09/22 04:59:59 非実行(2768)
2025/09/22 04:59:59 実行中(2768)
2025/09/22 05:52:01 終了しました(2768)
2025/09/23 05:00:00 開始します(5512)
2025/09/23 05:00:00 非実行(5512)
2025/09/23 05:00:00 実行中(5512)
2025/09/23 05:52:14 終了しました(5512)
2025/09/24 05:00:00 開始します(2864)
2025/09/24 05:00:00 非実行(2864)
2025/09/24 05:00:00 実行中(2864)
2025/09/24 05:54:58 終了しました(2864)
2025/09/25 05:00:00 開始します(2936)
2025/09/25 05:00:00 非実行(2936)
2025/09/25 05:00:00 実行中(2936)
2025/09/25 05:54:01 終了しました(2936)
2025/09/26 04:59:59 開始します(1928)
2025/09/26 04:59:59 非実行(1928)
2025/09/26 04:59:59 実行中(1928)
2025/09/26 05:51:15 終了しました(1928)
2025/09/27 04:59:59 開始します(560)
2025/09/27 04:59:59 非実行(560)
2025/09/27 04:59:59 実行中(560)
2025/09/27 05:49:09 終了しました(560)
2025/09/28 04:59:59 開始します(1116)
2025/09/28 04:59:59 非実行(1116)
2025/09/28 04:59:59 実行中(1116)
2025/09/28 05:46:12 終了しました(1116)
2025/09/29 04:59:59 開始します(1792)
2025/09/29 04:59:59 非実行(1792)
2025/09/29 04:59:59 実行中(1792)
2025/09/29 05:43:56 終了しました(1792)
2025/09/30 05:00:00 開始します(5824)
2025/09/30 05:00:00 非実行(5824)
2025/09/30 05:00:00 実行中(5824)
2025/09/30 05:43:38 終了しました(5824)
2025/10/01 04:59:59 開始します(3852)
2025/10/01 04:59:59 非実行(3852)
2025/10/01 04:59:59 実行中(3852)
2025/10/01 05:46:34 終了しました(3852)
2025/10/02 04:59:59 開始します(4748)
2025/10/02 04:59:59 非実行(4748)
2025/10/02 04:59:59 実行中(4748)
2025/10/02 05:47:16 終了しました(4748)
2025/10/03 04:59:59 開始します(4132)
2025/10/03 04:59:59 非実行(4132)
2025/10/03 04:59:59 実行中(4132)
2025/10/03 05:44:38 終了しました(4132)
2025/10/04 04:59:59 開始します(2284)
2025/10/04 04:59:59 非実行(2284)
2025/10/04 04:59:59 実行中(2284)
2025/10/04 05:45:51 終了しました(2284)
2025/10/05 04:59:59 開始します(3092)
2025/10/05 04:59:59 非実行(3092)
2025/10/05 04:59:59 実行中(3092)
2025/10/05 05:44:17 終了しました(3092)
2025/10/06 04:59:59 開始します(3580)
2025/10/06 04:59:59 非実行(3580)
2025/10/06 04:59:59 実行中(3580)
2025/10/06 05:42:37 終了しました(3580)
2025/10/07 05:00:00 開始します(4532)
2025/10/07 05:00:00 非実行(4532)
2025/10/07 05:00:00 実行中(4532)
2025/10/07 05:45:24 終了しました(4532)
2025/10/08 05:00:00 開始します(5704)
2025/10/08 05:00:00 非実行(5704)
2025/10/08 05:00:00 実行中(5704)
2025/10/08 05:52:40 終了しました(5704)
2025/10/09 04:59:59 開始します(124)
2025/10/09 04:59:59 非実行(124)
2025/10/09 04:59:59 実行中(124)
2025/10/09 05:54:01 終了しました(124)
2025/10/10 04:59:59 開始します(2104)
2025/10/10 04:59:59 非実行(2104)
2025/10/10 04:59:59 実行中(2104)
2025/10/10 05:51:44 終了しました(2104)
2025/10/11 05:00:00 開始します(1032)
2025/10/11 05:00:00 非実行(1032)
2025/10/11 05:00:00 実行中(1032)
2025/10/11 05:50:44 終了しました(1032)
2025/10/12 04:59:59 開始します(4992)
2025/10/12 04:59:59 非実行(4992)
2025/10/12 04:59:59 実行中(4992)
2025/10/12 05:49:10 終了しました(4992)
2025/10/13 05:00:00 開始します(4224)
2025/10/13 05:00:00 非実行(4224)
2025/10/13 05:00:00 実行中(4224)
2025/10/13 05:47:30 終了しました(4224)
2025/10/14 04:59:59 開始します(4780)
2025/10/14 04:59:59 非実行(4780)
2025/10/14 04:59:59 実行中(4780)
2025/10/14 05:51:52 終了しました(4780)
2025/10/15 05:00:00 開始します(5752)
2025/10/15 05:00:00 非実行(5752)
2025/10/15 05:00:00 実行中(5752)
2025/10/15 06:00:52 終了しました(5752)
2025/10/16 05:00:00 開始します(1732)
2025/10/16 05:00:00 非実行(1732)
2025/10/16 05:00:00 実行中(1732)
2025/10/16 06:02:25 終了しました(1732)
2025/10/17 05:00:00 開始します(1492)
2025/10/17 05:00:00 非実行(1492)
2025/10/17 05:00:00 実行中(1492)
2025/10/17 06:02:05 終了しました(1492)
2025/10/18 05:00:00 開始します(5420)
2025/10/18 05:00:00 非実行(5420)
2025/10/18 05:00:00 実行中(5420)
2025/10/18 06:03:07 終了しました(5420)
2025/10/19 05:00:00 開始します(5796)
2025/10/19 05:00:00 非実行(5796)
2025/10/19 05:00:00 実行中(5796)
2025/10/19 06:00:04 終了しました(5796)
2025/10/20 04:59:59 開始します(3544)
2025/10/20 04:59:59 非実行(3544)
2025/10/20 04:59:59 実行中(3544)
2025/10/20 05:58:40 終了しました(3544)
2025/10/21 04:59:59 開始します(5200)
2025/10/21 04:59:59 非実行(5200)
2025/10/21 04:59:59 実行中(5200)
2025/10/21 05:59:06 終了しました(5200)
2025/10/22 04:59:59 開始します(6500)
2025/10/22 04:59:59 非実行(6500)
2025/10/22 04:59:59 実行中(6500)
2025/10/22 06:09:13 終了しました(6500)
2025/10/23 04:59:58 開始します(7816)
2025/10/23 04:59:58 非実行(7816)
2025/10/23 04:59:58 実行中(7816)
2025/10/23 06:12:07 終了しました(7816)
2025/10/24 04:59:57 開始します(6508)
2025/10/24 04:59:57 非実行(6508)
2025/10/24 04:59:57 実行中(6508)
2025/10/24 06:10:46 終了しました(6508)
2025/10/25 04:59:57 開始します(2324)
2025/10/25 04:59:57 非実行(2324)
2025/10/25 04:59:57 実行中(2324)
2025/10/25 06:10:17 終了しました(2324)
2025/10/26 04:59:56 開始します(6372)
2025/10/26 04:59:56 非実行(6372)
2025/10/26 04:59:56 実行中(6372)
2025/10/26 06:07:11 終了しました(6372)
2025/10/27 04:59:56 開始します(7716)
2025/10/27 04:59:56 非実行(7716)
2025/10/27 04:59:56 実行中(7716)
2025/10/27 06:04:45 終了しました(7716)
2025/10/28 04:59:55 開始します(828)
2025/10/28 04:59:55 非実行(828)
2025/10/28 04:59:55 実行中(828)
2025/10/28 06:02:59 終了しました(828)
