2018/10/02 16:13:21 開始します(6064)
2018/10/02 16:13:21 非実行(6064)
2018/10/02 16:13:21 実行中(6064)
2018/10/02 16:13:28 終了しました(6064)
2018/10/02 16:30:25 開始します(4036)
2018/10/02 16:30:25 非実行(4036)
2018/10/02 16:30:25 実行中(4036)
2018/10/02 16:30:33 終了しました(4036)
2018/10/19 10:28:50 開始します(7004)
2018/10/19 10:28:50 非実行(7004)
2018/10/19 10:28:50 実行中(7004)
2018/10/19 10:28:57 終了しました(7004)
2018/10/24 17:33:01 開始します(868)
2018/10/24 17:33:01 非実行(868)
2018/10/24 17:33:01 実行中(868)
2018/10/24 17:33:09 終了しました(868)
2018/10/25 19:20:54 開始します(4616)
2018/10/25 19:20:54 非実行(4616)
2018/10/25 19:20:54 実行中(4616)
2018/10/25 19:21:22 終了しました(4616)
2018/10/26 20:00:46 開始します(6436)
2018/10/26 20:00:46 非実行(6436)
2018/10/26 20:00:46 実行中(6436)
2018/10/26 20:00:57 終了しました(6436)
2018/11/02 01:45:52 開始します(6652)
2018/11/02 01:45:52 非実行(6652)
2018/11/02 01:45:52 実行中(6652)
2018/11/02 01:46:03 終了しました(6652)
2018/11/02 15:08:57 開始します(3908)
2018/11/02 15:08:57 非実行(3908)
2018/11/02 15:08:57 実行中(3908)
2018/11/02 15:09:09 終了しました(3908)
2018/11/02 16:42:23 開始します(3812)
2018/11/02 16:42:23 非実行(3812)
2018/11/02 16:42:23 実行中(3812)
2018/11/02 16:42:31 終了しました(3812)
2018/11/06 20:57:48 開始します(1016)
2018/11/06 20:57:48 非実行(1016)
2018/11/06 20:57:48 実行中(1016)
2018/11/06 20:57:59 終了しました(1016)
2018/11/07 21:04:16 開始します(1796)
2018/11/07 21:04:16 非実行(1796)
2018/11/07 21:04:16 実行中(1796)
2018/11/07 21:04:28 終了しました(1796)
2018/11/17 01:47:12 開始します(3108)
2018/11/17 01:47:12 非実行(3108)
2018/11/17 01:47:12 実行中(3108)
2018/11/17 01:47:20 終了しました(3108)
2018/11/20 14:48:39 開始します(5828)
2018/11/20 14:48:39 非実行(5828)
2018/11/20 14:48:39 実行中(5828)
2018/11/20 14:48:46 終了しました(5828)
2018/11/21 20:10:39 開始します(5156)
2018/11/21 20:10:39 非実行(5156)
2018/11/21 20:10:39 実行中(5156)
2018/11/21 20:10:48 終了しました(5156)
2018/11/22 19:56:27 開始します(7000)
2018/11/22 19:56:27 非実行(7000)
2018/11/22 19:56:27 実行中(7000)
2018/11/22 19:56:34 終了しました(7000)
2018/11/23 20:19:46 開始します(6224)
2018/11/23 20:19:46 非実行(6224)
2018/11/23 20:19:46 実行中(6224)
2018/11/23 20:19:58 終了しました(6224)
2018/11/26 14:35:17 開始します(4080)
2018/11/26 14:35:17 非実行(4080)
2018/11/26 14:35:17 実行中(4080)
2018/11/26 14:35:26 終了しました(4080)
2018/11/26 23:47:59 開始します(2852)
2018/11/26 23:47:59 非実行(2852)
2018/11/26 23:47:59 実行中(2852)
2018/11/26 23:48:08 終了しました(2852)
2018/11/27 23:29:41 開始します(3500)
2018/11/27 23:29:41 非実行(3500)
2018/11/27 23:29:41 実行中(3500)
2018/11/27 23:29:50 終了しました(3500)
2018/11/28 23:10:13 開始します(2424)
2018/11/28 23:10:13 非実行(2424)
2018/11/28 23:10:13 実行中(2424)
2018/11/28 23:10:26 終了しました(2424)
2018/11/29 22:52:07 開始します(4196)
2018/11/29 22:52:07 非実行(4196)
2018/11/29 22:52:07 実行中(4196)
2018/11/29 22:52:16 終了しました(4196)
2018/11/30 23:00:19 開始します(5524)
2018/11/30 23:00:19 非実行(5524)
2018/11/30 23:00:19 実行中(5524)
2018/11/30 23:00:26 終了しました(5524)
2018/12/08 04:03:17 開始します(5248)
2018/12/08 04:03:17 非実行(5248)
2018/12/08 04:03:17 実行中(5248)
2018/12/08 04:03:24 終了しました(5248)
2018/12/11 01:49:05 開始します(520)
2018/12/11 01:49:05 非実行(520)
2018/12/11 01:49:05 実行中(520)
2018/12/11 01:49:12 終了しました(520)
2018/12/12 01:49:14 開始します(6064)
2018/12/12 01:49:14 非実行(6064)
2018/12/12 01:49:14 実行中(6064)
2018/12/12 01:49:21 終了しました(6064)
2018/12/13 01:41:26 開始します(856)
2018/12/13 01:41:26 非実行(856)
2018/12/13 01:41:26 実行中(856)
2018/12/13 01:41:33 終了しました(856)
2018/12/25 22:22:04 開始します(4464)
2018/12/25 22:22:04 非実行(4464)
2018/12/25 22:22:04 実行中(4464)
2018/12/25 22:22:11 終了しました(4464)
2019/01/18 20:48:25 開始します(5188)
2019/01/18 20:48:25 非実行(5188)
2019/01/18 20:48:25 実行中(5188)
2019/01/18 20:48:33 終了しました(5188)
2019/01/22 21:38:06 開始します(5632)
2019/01/22 21:38:06 非実行(5632)
2019/01/22 21:38:06 実行中(5632)
2019/01/22 21:38:13 終了しました(5632)
2019/01/24 23:13:20 開始します(3916)
2019/01/24 23:13:20 非実行(3916)
2019/01/24 23:13:20 実行中(3916)
2019/01/24 23:13:28 終了しました(3916)
2019/01/26 03:12:36 開始します(1012)
2019/01/26 03:12:36 非実行(1012)
2019/01/26 03:12:36 実行中(1012)
2019/01/26 03:12:47 終了しました(1012)
2019/01/29 02:22:48 開始します(3768)
2019/01/29 02:22:48 非実行(3768)
2019/01/29 02:22:48 実行中(3768)
2019/01/29 02:22:55 終了しました(3768)
2019/01/30 03:07:54 開始します(4108)
2019/01/30 03:07:54 非実行(4108)
2019/01/30 03:07:54 実行中(4108)
2019/01/30 03:08:01 終了しました(4108)
2019/01/31 00:45:03 開始します(6316)
2019/01/31 00:45:03 非実行(6316)
2019/01/31 00:45:03 実行中(6316)
2019/01/31 00:45:10 終了しました(6316)
2019/01/31 23:28:12 開始します(4552)
2019/01/31 23:28:12 非実行(4552)
2019/01/31 23:28:12 実行中(4552)
2019/01/31 23:28:23 終了しました(4552)
2019/02/01 22:18:58 開始します(3044)
2019/02/01 22:18:58 非実行(3044)
2019/02/01 22:18:58 実行中(3044)
2019/02/01 22:19:05 終了しました(3044)
2019/02/05 01:51:49 開始します(3776)
2019/02/05 01:51:49 非実行(3776)
2019/02/05 01:51:49 実行中(3776)
2019/02/05 01:51:57 終了しました(3776)
2019/02/06 03:22:21 開始します(4768)
2019/02/06 03:22:21 非実行(4768)
2019/02/06 03:22:21 実行中(4768)
2019/02/06 03:22:28 終了しました(4768)
2019/02/06 21:19:47 開始します(6952)
2019/02/06 21:19:47 非実行(6952)
2019/02/06 21:19:47 実行中(6952)
2019/02/06 21:19:54 終了しました(6952)
2019/02/07 21:44:43 開始します(4872)
2019/02/07 21:44:43 非実行(4872)
2019/02/07 21:44:43 実行中(4872)
2019/02/07 21:44:50 終了しました(4872)
2019/02/08 22:19:58 開始します(6868)
2019/02/08 22:19:58 非実行(6868)
2019/02/08 22:19:58 実行中(6868)
2019/02/08 22:20:06 終了しました(6868)
2019/02/11 21:33:42 開始します(4212)
2019/02/11 21:33:42 非実行(4212)
2019/02/11 21:33:42 実行中(4212)
2019/02/11 21:33:49 終了しました(4212)
2019/02/13 00:33:36 開始します(4960)
2019/02/13 00:33:36 非実行(4960)
2019/02/13 00:33:36 実行中(4960)
2019/02/13 00:33:47 終了しました(4960)
2019/02/13 21:51:13 開始します(6564)
2019/02/13 21:51:13 非実行(6564)
2019/02/13 21:51:13 実行中(6564)
2019/02/13 21:51:24 終了しました(6564)
2019/02/14 21:13:16 開始します(5576)
2019/02/14 21:13:16 非実行(5576)
2019/02/14 21:13:16 実行中(5576)
2019/02/14 21:13:27 終了しました(5576)
2019/03/08 17:25:25 開始します(5436)
2019/03/08 17:25:25 非実行(5436)
2019/03/08 17:25:25 実行中(5436)
2019/03/08 17:25:32 終了しました(5436)
2019/03/11 21:19:01 開始します(1384)
2019/03/11 21:19:01 非実行(1384)
2019/03/11 21:19:01 実行中(1384)
2019/03/11 21:19:08 終了しました(1384)
2019/03/13 01:40:46 開始します(6288)
2019/03/13 01:40:46 非実行(6288)
2019/03/13 01:40:46 実行中(6288)
2019/03/13 01:40:53 終了しました(6288)
2019/03/13 21:41:16 開始します(4864)
2019/03/13 21:41:16 非実行(4864)
2019/03/13 21:41:16 実行中(4864)
2019/03/13 21:41:23 終了しました(4864)
2019/03/14 21:03:50 開始します(4356)
2019/03/14 21:03:50 非実行(4356)
2019/03/14 21:03:50 実行中(4356)
2019/03/14 21:03:57 終了しました(4356)
2019/03/15 20:37:31 開始します(5200)
2019/03/15 20:37:31 非実行(5200)
2019/03/15 20:37:31 実行中(5200)
2019/03/15 20:37:38 終了しました(5200)
2019/03/18 21:04:04 開始します(6680)
2019/03/18 21:04:04 非実行(6680)
2019/03/18 21:04:04 実行中(6680)
2019/03/18 21:04:15 終了しました(6680)
2019/03/19 21:26:52 開始します(188)
2019/03/19 21:26:52 非実行(188)
2019/03/19 21:26:52 実行中(188)
2019/03/19 21:27:03 終了しました(188)
2019/03/20 20:48:50 開始します(6700)
2019/03/20 20:48:50 非実行(6700)
2019/03/20 20:48:50 実行中(6700)
2019/03/20 20:48:57 終了しました(6700)
2019/03/21 21:36:12 開始します(7104)
2019/03/21 21:36:12 非実行(7104)
2019/03/21 21:36:12 実行中(7104)
2019/03/21 21:36:19 終了しました(7104)
2019/03/22 21:31:03 開始します(7016)
2019/03/22 21:31:03 非実行(7016)
2019/03/22 21:31:03 実行中(7016)
2019/03/22 21:31:14 終了しました(7016)
2019/03/25 21:19:53 開始します(4772)
2019/03/25 21:19:53 非実行(4772)
2019/03/25 21:19:53 実行中(4772)
2019/03/25 21:20:01 終了しました(4772)
2019/03/26 21:08:54 開始します(5808)
2019/03/26 21:08:54 非実行(5808)
2019/03/26 21:08:54 実行中(5808)
2019/03/26 21:09:01 終了しました(5808)
2019/03/27 21:29:14 開始します(6100)
2019/03/27 21:29:14 非実行(6100)
2019/03/27 21:29:14 実行中(6100)
2019/03/27 21:29:25 終了しました(6100)
2019/03/28 21:43:09 開始します(5376)
2019/03/28 21:43:09 非実行(5376)
2019/03/28 21:43:09 実行中(5376)
2019/03/28 21:43:20 終了しました(5376)
2019/03/29 21:13:45 開始します(4832)
2019/03/29 21:13:45 非実行(4832)
2019/03/29 21:13:45 実行中(4832)
2019/03/29 21:13:56 終了しました(4832)
2019/04/01 20:58:23 開始します(4832)
2019/04/01 20:58:23 非実行(4832)
2019/04/01 20:58:23 実行中(4832)
2019/04/01 20:58:30 終了しました(4832)
2019/04/02 20:17:56 開始します(4388)
2019/04/02 20:17:56 非実行(4388)
2019/04/02 20:17:56 実行中(4388)
2019/04/02 20:18:04 終了しました(4388)
2019/04/03 21:40:33 開始します(2436)
2019/04/03 21:40:33 非実行(2436)
2019/04/03 21:40:33 実行中(2436)
2019/04/03 21:40:40 終了しました(2436)
2019/04/04 20:14:44 開始します(5456)
2019/04/04 20:14:44 非実行(5456)
2019/04/04 20:14:44 実行中(5456)
2019/04/04 20:14:54 終了しました(5456)
2019/04/05 20:12:37 開始します(5604)
2019/04/05 20:12:37 非実行(5604)
2019/04/05 20:12:37 実行中(5604)
2019/04/05 20:12:45 終了しました(5604)
2019/04/08 20:39:43 開始します(5272)
2019/04/08 20:39:43 非実行(5272)
2019/04/08 20:39:43 実行中(5272)
2019/04/08 20:39:51 終了しました(5272)
2019/04/09 19:56:55 開始します(6448)
2019/04/09 19:56:55 非実行(6448)
2019/04/09 19:56:55 実行中(6448)
2019/04/09 19:57:02 終了しました(6448)
2019/04/10 20:27:55 開始します(1656)
2019/04/10 20:27:55 非実行(1656)
2019/04/10 20:27:55 実行中(1656)
2019/04/10 20:28:02 終了しました(1656)
2019/04/12 22:00:05 開始します(1888)
2019/04/12 22:00:05 非実行(1888)
2019/04/12 22:00:05 実行中(1888)
2019/04/12 22:00:12 終了しました(1888)
2019/04/17 22:57:24 開始します(5452)
2019/04/17 22:57:24 非実行(5452)
2019/04/17 22:57:24 実行中(5452)
2019/04/17 22:57:31 終了しました(5452)
2019/04/20 11:17:59 開始します(3472)
2019/04/20 11:17:59 非実行(3472)
2019/04/20 11:17:59 実行中(3472)
2019/04/20 11:18:06 終了しました(3472)
2019/04/24 20:05:40 開始します(2660)
2019/04/24 20:05:40 非実行(2660)
2019/04/24 20:05:40 実行中(2660)
2019/04/24 20:05:48 終了しました(2660)
2019/04/25 19:10:05 開始します(5596)
2019/04/25 19:10:05 非実行(5596)
2019/04/25 19:10:05 実行中(5596)
2019/04/25 19:10:12 終了しました(5596)
2019/04/29 01:16:01 開始します(2076)
2019/04/29 01:16:01 非実行(2076)
2019/04/29 01:16:01 実行中(2076)
2019/04/29 01:16:08 終了しました(2076)
2019/05/06 22:06:48 開始します(896)
2019/05/06 22:06:48 非実行(896)
2019/05/06 22:06:48 実行中(896)
2019/05/06 22:06:56 終了しました(896)
2019/05/08 17:43:17 開始します(5400)
2019/05/08 17:43:17 非実行(5400)
2019/05/08 17:43:17 実行中(5400)
2019/05/08 17:43:23 終了しました(5400)
2019/05/09 18:45:15 開始します(7200)
2019/05/09 18:45:15 非実行(7200)
2019/05/09 18:45:15 実行中(7200)
2019/05/09 18:45:21 終了しました(7200)
2019/05/10 09:31:37 開始します(6028)
2019/05/10 09:31:37 非実行(6028)
2019/05/10 09:31:37 実行中(6028)
2019/05/10 09:31:43 終了しました(6028)
2019/05/24 01:13:45 開始します(1040)
2019/05/24 01:13:45 非実行(1040)
2019/05/24 01:13:45 実行中(1040)
2019/05/24 01:13:51 終了しました(1040)
2019/05/29 01:12:37 開始します(2804)
2019/05/29 01:12:37 非実行(2804)
2019/05/29 01:12:37 実行中(2804)
2019/05/29 01:12:43 終了しました(2804)
2019/06/17 19:02:12 開始します(11720)
2019/06/17 19:02:12 非実行(11720)
2019/06/17 19:02:12 実行中(11720)
2019/06/17 19:02:19 終了しました(11720)
2019/06/25 19:46:06 開始します(4572)
2019/06/25 19:46:06 非実行(4572)
2019/06/25 19:46:06 実行中(4572)
2019/06/25 19:46:12 終了しました(4572)
2019/06/27 00:30:41 開始します(3992)
2019/06/27 00:30:41 非実行(3992)
2019/06/27 00:30:41 実行中(3992)
2019/06/27 00:30:47 終了しました(3992)
2019/06/27 19:57:21 開始します(10952)
2019/06/27 19:57:21 非実行(10952)
2019/06/27 19:57:21 実行中(10952)
2019/06/27 19:57:28 終了しました(10952)
2019/06/28 19:17:13 開始します(10208)
2019/06/28 19:17:13 非実行(10208)
2019/06/28 19:17:13 実行中(10208)
2019/06/28 19:17:19 終了しました(10208)
2019/07/04 14:20:31 開始します(2412)
2019/07/04 14:20:31 非実行(2412)
2019/07/04 14:20:31 実行中(2412)
2019/07/04 14:20:37 終了しました(2412)
2019/07/09 20:27:09 開始します(7580)
2019/07/09 20:27:09 非実行(7580)
2019/07/09 20:27:09 実行中(7580)
2019/07/09 20:27:15 終了しました(7580)
2019/07/11 02:01:22 開始します(9184)
2019/07/11 02:01:22 非実行(9184)
2019/07/11 02:01:22 実行中(9184)
2019/07/11 02:01:29 終了しました(9184)
2019/07/22 20:43:57 開始します(6352)
2019/07/22 20:43:57 非実行(6352)
2019/07/22 20:43:57 実行中(6352)
2019/07/22 20:44:04 終了しました(6352)
2019/07/23 15:42:25 開始します(10428)
2019/07/23 15:42:25 非実行(10428)
2019/07/23 15:42:25 実行中(10428)
2019/07/23 15:42:34 終了しました(10428)
2019/07/24 21:07:36 開始します(11224)
2019/07/24 21:07:36 非実行(11224)
2019/07/24 21:07:36 実行中(11224)
2019/07/24 21:07:42 終了しました(11224)
2019/07/25 17:19:16 開始します(5476)
2019/07/25 17:19:16 非実行(5476)
2019/07/25 17:19:16 実行中(5476)
2019/07/25 17:19:22 終了しました(5476)
2019/07/27 03:58:34 開始します(7892)
2019/07/27 03:58:34 非実行(7892)
2019/07/27 03:58:34 実行中(7892)
2019/07/27 03:58:40 終了しました(7892)
2019/07/29 17:44:20 開始します(1404)
2019/07/29 17:44:20 非実行(1404)
2019/07/29 17:44:20 実行中(1404)
2019/07/29 17:44:26 終了しました(1404)
2019/07/30 20:56:14 開始します(7316)
2019/07/30 20:56:14 非実行(7316)
2019/07/30 20:56:14 実行中(7316)
2019/07/30 20:56:20 終了しました(7316)
2019/07/31 23:39:04 開始します(5764)
2019/07/31 23:39:04 非実行(5764)
2019/07/31 23:39:04 実行中(5764)
2019/07/31 23:39:10 終了しました(5764)
2019/08/07 19:27:00 開始します(11768)
2019/08/07 19:27:00 非実行(11768)
2019/08/07 19:27:00 実行中(11768)
2019/08/07 19:27:06 終了しました(11768)
2019/08/08 19:49:27 開始します(5504)
2019/08/08 19:49:27 非実行(5504)
2019/08/08 19:49:27 実行中(5504)
2019/08/08 19:49:33 終了しました(5504)
2019/08/09 17:21:28 開始します(4772)
2019/08/09 17:21:28 非実行(4772)
2019/08/09 17:21:28 実行中(4772)
2019/08/09 17:21:34 終了しました(4772)
2019/08/14 19:30:45 開始します(7544)
2019/08/14 19:30:45 非実行(7544)
2019/08/14 19:30:45 実行中(7544)
2019/08/14 19:30:51 終了しました(7544)
2019/08/15 20:12:39 開始します(10172)
2019/08/15 20:12:39 非実行(10172)
2019/08/15 20:12:39 実行中(10172)
2019/08/15 20:12:46 終了しました(10172)
2019/08/16 16:59:10 開始します(9188)
2019/08/16 16:59:10 非実行(9188)
2019/08/16 16:59:10 実行中(9188)
2019/08/16 16:59:16 終了しました(9188)
2019/08/19 19:26:35 開始します(9856)
2019/08/19 19:26:35 非実行(9856)
2019/08/19 19:26:35 実行中(9856)
2019/08/19 19:26:41 終了しました(9856)
2019/08/20 19:33:46 開始します(10424)
2019/08/20 19:33:46 非実行(10424)
2019/08/20 19:33:46 実行中(10424)
2019/08/20 19:33:53 終了しました(10424)
2019/08/21 18:31:10 開始します(4376)
2019/08/21 18:31:10 非実行(4376)
2019/08/21 18:31:10 実行中(4376)
2019/08/21 18:31:16 終了しました(4376)
2019/08/22 18:44:58 開始します(11516)
2019/08/22 18:44:58 非実行(11516)
2019/08/22 18:44:58 実行中(11516)
2019/08/22 18:45:04 終了しました(11516)
2019/08/26 18:31:05 開始します(2008)
2019/08/26 18:31:05 非実行(2008)
2019/08/26 18:31:05 実行中(2008)
2019/08/26 18:31:11 終了しました(2008)
2019/08/28 17:48:54 開始します(1952)
2019/08/28 17:48:54 非実行(1952)
2019/08/28 17:48:54 実行中(1952)
2019/08/28 17:49:01 終了しました(1952)
2019/09/02 17:54:12 開始します(11240)
2019/09/02 17:54:12 非実行(11240)
2019/09/02 17:54:12 実行中(11240)
2019/09/02 17:54:18 終了しました(11240)
2019/09/04 18:01:27 開始します(9752)
2019/09/04 18:01:27 非実行(9752)
2019/09/04 18:01:27 実行中(9752)
2019/09/04 18:01:33 終了しました(9752)
2019/09/05 20:07:57 開始します(12476)
2019/09/05 20:07:57 非実行(12476)
2019/09/05 20:07:57 実行中(12476)
2019/09/05 20:08:06 終了しました(12476)
2019/09/12 00:16:02 開始します(12896)
2019/09/12 00:16:02 非実行(12896)
2019/09/12 00:16:02 実行中(12896)
2019/09/12 00:16:12 終了しました(12896)
2019/09/13 01:26:35 開始します(12376)
2019/09/13 01:26:35 非実行(12376)
2019/09/13 01:26:35 実行中(12376)
2019/09/13 01:26:46 終了しました(12376)
2019/10/05 01:55:26 開始します(8328)
2019/10/05 01:55:26 非実行(8328)
2019/10/05 01:55:26 実行中(8328)
2019/10/05 01:55:33 終了しました(8328)
2019/10/23 16:40:12 開始します(6340)
2019/10/23 16:40:12 非実行(6340)
2019/10/23 16:40:12 実行中(6340)
2019/10/23 16:40:18 終了しました(6340)
2019/10/24 11:46:00 開始します(13140)
2019/10/24 11:46:00 非実行(13140)
2019/10/24 11:46:00 実行中(13140)
2019/10/24 11:46:07 終了しました(13140)
2019/10/28 23:58:49 開始します(11232)
2019/10/28 23:58:49 非実行(11232)
2019/10/28 23:58:49 実行中(11232)
2019/10/28 23:58:54 終了しました(11232)
2019/11/01 16:20:56 開始します(8748)
2019/11/01 16:20:56 非実行(8748)
2019/11/01 16:20:56 実行中(8748)
2019/11/01 16:21:02 終了しました(8748)
2019/11/05 18:39:36 開始します(10468)
2019/11/05 18:39:36 非実行(10468)
2019/11/05 18:39:36 実行中(10468)
2019/11/05 18:39:42 終了しました(10468)
2019/11/06 21:56:48 開始します(7452)
2019/11/06 21:56:48 非実行(7452)
2019/11/06 21:56:48 実行中(7452)
2019/11/06 21:56:55 終了しました(7452)
2019/11/07 17:30:23 開始します(11056)
2019/11/07 17:30:23 非実行(11056)
2019/11/07 17:30:23 実行中(11056)
2019/11/07 17:30:32 終了しました(11056)
2019/11/08 18:03:02 開始します(10820)
2019/11/08 18:03:02 非実行(10820)
2019/11/08 18:03:02 実行中(10820)
2019/11/08 18:03:08 終了しました(10820)
2019/11/11 17:43:59 開始します(3436)
2019/11/11 17:43:59 非実行(3436)
2019/11/11 17:43:59 実行中(3436)
2019/11/11 17:44:06 終了しました(3436)
2019/11/12 18:57:48 開始します(8616)
2019/11/12 18:57:48 非実行(8616)
2019/11/12 18:57:48 実行中(8616)
2019/11/12 18:57:55 終了しました(8616)
2019/11/13 16:30:20 開始します(3992)
2019/11/13 16:30:20 非実行(3992)
2019/11/13 16:30:20 実行中(3992)
2019/11/13 16:30:26 終了しました(3992)
2019/11/14 20:01:50 開始します(12280)
2019/11/14 20:01:50 非実行(12280)
2019/11/14 20:01:50 実行中(12280)
2019/11/14 20:01:56 終了しました(12280)
2019/11/15 19:50:39 開始します(3276)
2019/11/15 19:50:39 非実行(3276)
2019/11/15 19:50:39 実行中(3276)
2019/11/15 19:50:45 終了しました(3276)
2019/11/18 19:01:11 開始します(9920)
2019/11/18 19:01:11 非実行(9920)
2019/11/18 19:01:11 実行中(9920)
2019/11/18 19:01:17 終了しました(9920)
2019/11/20 02:33:58 開始します(4368)
2019/11/20 02:33:58 非実行(4368)
2019/11/20 02:33:58 実行中(4368)
2019/11/20 02:34:04 終了しました(4368)
2019/11/21 01:57:08 開始します(9664)
2019/11/21 01:57:08 非実行(9664)
2019/11/21 01:57:08 実行中(9664)
2019/11/21 01:57:18 終了しました(9664)
2019/11/21 18:39:25 開始します(8120)
2019/11/21 18:39:25 非実行(8120)
2019/11/21 18:39:25 実行中(8120)
2019/11/21 18:39:32 終了しました(8120)
2019/11/23 00:03:09 開始します(3208)
2019/11/23 00:03:09 非実行(3208)
2019/11/23 00:03:09 実行中(3208)
2019/11/23 00:03:16 終了しました(3208)
2019/11/25 18:36:53 開始します(7832)
2019/11/25 18:36:53 非実行(7832)
2019/11/25 18:36:53 実行中(7832)
2019/11/25 18:36:59 終了しました(7832)
2019/11/28 18:10:35 開始します(11716)
2019/11/28 18:10:35 非実行(11716)
2019/11/28 18:10:35 実行中(11716)
2019/11/28 18:10:42 終了しました(11716)
2019/11/29 18:33:20 開始します(7720)
2019/11/29 18:33:20 非実行(7720)
2019/11/29 18:33:20 実行中(7720)
2019/11/29 18:33:26 終了しました(7720)
2019/12/03 01:51:59 開始します(4244)
2019/12/03 01:51:59 非実行(4244)
2019/12/03 01:51:59 実行中(4244)
2019/12/03 01:52:06 終了しました(4244)
2019/12/23 21:42:12 開始します(7176)
2019/12/23 21:42:12 非実行(7176)
2019/12/23 21:42:12 実行中(7176)
2019/12/23 21:42:19 終了しました(7176)
2019/12/26 22:24:49 開始します(3948)
2019/12/26 22:24:49 非実行(3948)
2019/12/26 22:24:49 実行中(3948)
2019/12/26 22:24:56 終了しました(3948)
2020/02/28 13:45:38 開始します(6768)
2020/02/28 13:45:38 非実行(6768)
2020/02/28 13:45:38 実行中(6768)
2020/02/28 13:45:45 終了しました(6768)
2020/03/04 17:43:30 開始します(2204)
2020/03/04 17:43:30 非実行(2204)
2020/03/04 17:43:30 実行中(2204)
2020/03/04 17:43:37 終了しました(2204)
2020/03/05 19:11:07 開始します(3056)
2020/03/05 19:11:07 非実行(3056)
2020/03/05 19:11:07 実行中(3056)
2020/03/05 19:11:14 終了しました(3056)
2020/03/07 03:13:57 開始します(6188)
2020/03/07 03:13:57 非実行(6188)
2020/03/07 03:13:57 実行中(6188)
2020/03/07 03:14:04 終了しました(6188)
2020/03/19 03:14:43 開始します(4760)
2020/03/19 03:14:43 非実行(4760)
2020/03/19 03:14:43 実行中(4760)
2020/03/19 03:14:50 終了しました(4760)
2020/03/19 13:32:17 開始します(2072)
2020/03/19 13:32:17 非実行(2072)
2020/03/19 13:32:17 実行中(2072)
2020/03/19 13:32:24 終了しました(2072)
2020/03/23 18:09:22 開始します(1368)
2020/03/23 18:09:22 非実行(1368)
2020/03/23 18:09:22 実行中(1368)
2020/03/23 18:09:29 終了しました(1368)
2020/04/28 01:23:03 開始します(3892)
2020/04/28 01:23:03 非実行(3892)
2020/04/28 01:23:03 実行中(3892)
2020/04/28 01:23:10 終了しました(3892)
2020/06/03 17:13:09 開始します(8340)
2020/06/03 17:13:09 非実行(8340)
2020/06/03 17:13:09 実行中(8340)
2020/06/03 17:13:15 終了しました(8340)
2020/06/15 16:25:59 開始します(4604)
2020/06/15 16:25:59 非実行(4604)
2020/06/15 16:25:59 実行中(4604)
2020/06/15 16:26:07 終了しました(4604)
2020/06/19 03:20:47 開始します(4808)
2020/06/19 03:20:47 非実行(4808)
2020/06/19 03:20:47 実行中(4808)
2020/06/19 03:20:54 終了しました(4808)
2020/06/23 09:55:45 開始します(2364)
2020/06/23 09:55:45 非実行(2364)
2020/06/23 09:55:45 実行中(2364)
2020/06/23 09:55:52 終了しました(2364)
2020/07/09 12:57:26 開始します(1584)
2020/07/09 12:57:26 非実行(1584)
2020/07/09 12:57:26 実行中(1584)
2020/07/09 12:57:33 終了しました(1584)
2020/07/20 15:22:58 開始します(6352)
2020/07/20 15:22:58 非実行(6352)
2020/07/20 15:22:58 実行中(6352)
2020/07/20 15:23:06 終了しました(6352)
2020/07/29 16:29:03 開始します(7072)
2020/07/29 16:29:03 非実行(7072)
2020/07/29 16:29:03 実行中(7072)
2020/07/29 16:29:10 終了しました(7072)
2020/07/29 17:22:45 開始します(1112)
2020/07/29 17:22:45 非実行(1112)
2020/07/29 17:22:45 実行中(1112)
2020/07/29 17:22:52 終了しました(1112)
2020/07/30 14:21:18 開始します(2776)
2020/07/30 14:21:18 非実行(2776)
2020/07/30 14:21:18 実行中(2776)
2020/07/30 14:21:25 終了しました(2776)
2020/08/03 15:47:17 開始します(2764)
2020/08/03 15:47:17 非実行(2764)
2020/08/03 15:47:17 実行中(2764)
2020/08/03 15:47:24 終了しました(2764)
2020/08/05 09:31:10 開始します(1276)
2020/08/05 09:31:10 非実行(1276)
2020/08/05 09:31:10 実行中(1276)
2020/08/05 09:31:17 終了しました(1276)
2020/08/05 15:33:13 開始します(7368)
2020/08/05 15:33:13 非実行(7368)
2020/08/05 15:33:13 実行中(7368)
2020/08/05 15:33:20 終了しました(7368)
2020/08/07 15:49:41 開始します(764)
2020/08/07 15:49:41 非実行(764)
2020/08/07 15:49:41 実行中(764)
2020/08/07 15:49:47 終了しました(764)
2020/08/20 12:08:02 開始します(4176)
2020/08/20 12:08:02 非実行(4176)
2020/08/20 12:08:02 実行中(4176)
2020/08/20 12:08:09 終了しました(4176)
2020/08/20 18:58:42 開始します(7528)
2020/08/20 18:58:42 非実行(7528)
2020/08/20 18:58:42 実行中(7528)
2020/08/20 18:58:49 終了しました(7528)
2020/08/24 10:00:17 開始します(7784)
2020/08/24 10:00:17 非実行(7784)
2020/08/24 10:00:17 実行中(7784)
2020/08/24 10:00:25 終了しました(7784)
2020/08/25 12:00:06 開始します(7012)
2020/08/25 12:00:06 非実行(7012)
2020/08/25 12:00:06 実行中(7012)
2020/08/25 12:00:13 終了しました(7012)
2020/08/26 14:12:43 開始します(7096)
2020/08/26 14:12:43 非実行(7096)
2020/08/26 14:12:43 実行中(7096)
2020/08/26 14:12:50 終了しました(7096)
2020/08/31 19:57:02 開始します(1128)
2020/08/31 19:57:02 非実行(1128)
2020/08/31 19:57:02 実行中(1128)
2020/08/31 19:57:12 終了しました(1128)
2020/09/01 21:15:08 開始します(4412)
2020/09/01 21:15:08 非実行(4412)
2020/09/01 21:15:08 実行中(4412)
2020/09/01 21:15:16 終了しました(4412)
2020/09/03 19:58:59 開始します(8140)
2020/09/03 19:58:59 非実行(8140)
2020/09/03 19:58:59 実行中(8140)
2020/09/03 19:59:06 終了しました(8140)
2020/09/04 12:33:40 開始します(6084)
2020/09/04 12:33:40 非実行(6084)
2020/09/04 12:33:40 実行中(6084)
2020/09/04 12:33:47 終了しました(6084)
2020/09/09 16:22:52 開始します(2092)
2020/09/09 16:22:52 非実行(2092)
2020/09/09 16:22:52 実行中(2092)
2020/09/09 16:22:59 終了しました(2092)
2020/09/14 11:14:20 開始します(7800)
2020/09/14 11:14:20 非実行(7800)
2020/09/14 11:14:20 実行中(7800)
2020/09/14 11:14:28 終了しました(7800)
2020/09/16 10:36:48 開始します(820)
2020/09/16 10:36:48 非実行(820)
2020/09/16 10:36:48 実行中(820)
2020/09/16 10:36:55 終了しました(820)
2020/09/25 09:57:51 開始します(7776)
2020/09/25 09:57:51 非実行(7776)
2020/09/25 09:57:51 実行中(7776)
2020/09/25 09:57:58 終了しました(7776)
2020/09/25 14:34:51 開始します(4764)
2020/09/25 14:34:51 非実行(4764)
2020/09/25 14:34:51 実行中(4764)
2020/09/25 14:34:59 終了しました(4764)
2020/09/29 13:58:41 開始します(5928)
2020/09/29 13:58:41 非実行(5928)
2020/09/29 13:58:41 実行中(5928)
2020/09/29 13:58:48 終了しました(5928)
2020/09/30 14:30:43 開始します(6800)
2020/09/30 14:30:43 非実行(6800)
2020/09/30 14:30:43 実行中(6800)
2020/09/30 14:30:51 終了しました(6800)
2020/10/01 15:30:36 開始します(8096)
2020/10/01 15:30:36 非実行(8096)
2020/10/01 15:30:36 実行中(8096)
2020/10/01 15:30:44 終了しました(8096)
2020/10/07 21:39:28 開始します(7848)
2020/10/07 21:39:28 非実行(7848)
2020/10/07 21:39:28 実行中(7848)
2020/10/07 21:39:36 終了しました(7848)
2020/10/14 11:54:35 開始します(7396)
2020/10/14 11:54:35 非実行(7396)
2020/10/14 11:54:35 実行中(7396)
2020/10/14 11:54:43 終了しました(7396)
2020/10/19 13:54:01 開始します(9012)
2020/10/19 13:54:01 非実行(9012)
2020/10/19 13:54:01 実行中(9012)
2020/10/19 13:54:08 終了しました(9012)
2020/10/23 18:31:38 開始します(6324)
2020/10/23 18:31:38 非実行(6324)
2020/10/23 18:31:38 実行中(6324)
2020/10/23 18:31:45 終了しました(6324)
2020/11/11 16:07:52 開始します(4460)
2020/11/11 16:07:52 非実行(4460)
2020/11/11 16:07:52 実行中(4460)
2020/11/11 16:08:00 終了しました(4460)
2020/11/12 16:55:56 開始します(2216)
2020/11/12 16:55:56 非実行(2216)
2020/11/12 16:55:56 実行中(2216)
2020/11/12 16:56:03 終了しました(2216)
2020/11/13 18:55:17 開始します(4964)
2020/11/13 18:55:17 非実行(4964)
2020/11/13 18:55:17 実行中(4964)
2020/11/13 18:55:25 終了しました(4964)
2020/11/16 16:54:21 開始します(8776)
2020/11/16 16:54:21 非実行(8776)
2020/11/16 16:54:21 実行中(8776)
2020/11/16 16:54:28 終了しました(8776)
2020/11/17 17:24:53 開始します(8136)
2020/11/17 17:24:53 非実行(8136)
2020/11/17 17:24:53 実行中(8136)
2020/11/17 17:25:00 終了しました(8136)
2020/11/19 16:20:03 開始します(9572)
2020/11/19 16:20:03 非実行(9572)
2020/11/19 16:20:03 実行中(9572)
2020/11/19 16:20:10 終了しました(9572)
2020/11/20 17:48:49 開始します(1488)
2020/11/20 17:48:49 非実行(1488)
2020/11/20 17:48:49 実行中(1488)
2020/11/20 17:48:56 終了しました(1488)
2020/11/24 15:01:25 開始します(7868)
2020/11/24 15:01:25 非実行(7868)
2020/11/24 15:01:25 実行中(7868)
2020/11/24 15:01:33 終了しました(7868)
2020/11/25 17:43:43 開始します(7876)
2020/11/25 17:43:43 非実行(7876)
2020/11/25 17:43:43 実行中(7876)
2020/11/25 17:43:51 終了しました(7876)
2020/11/26 16:53:58 開始します(2908)
2020/11/26 16:53:58 非実行(2908)
2020/11/26 16:53:58 実行中(2908)
2020/11/26 16:54:05 終了しました(2908)
2020/11/27 16:48:45 開始します(9232)
2020/11/27 16:48:45 非実行(9232)
2020/11/27 16:48:45 実行中(9232)
2020/11/27 16:48:52 終了しました(9232)
2020/12/01 17:06:24 開始します(7628)
2020/12/01 17:06:24 非実行(7628)
2020/12/01 17:06:24 実行中(7628)
2020/12/01 17:06:32 終了しました(7628)
2020/12/02 14:54:44 開始します(6940)
2020/12/02 14:54:44 非実行(6940)
2020/12/02 14:54:44 実行中(6940)
2020/12/02 14:54:52 終了しました(6940)
2020/12/03 15:43:51 開始します(3784)
2020/12/03 15:43:51 非実行(3784)
2020/12/03 15:43:51 実行中(3784)
2020/12/03 15:43:59 終了しました(3784)
2020/12/10 17:33:19 開始します(6072)
2020/12/10 17:33:19 非実行(6072)
2020/12/10 17:33:19 実行中(6072)
2020/12/10 17:33:26 終了しました(6072)
2021/01/12 17:09:53 開始します(6484)
2021/01/12 17:09:53 非実行(6484)
2021/01/12 17:09:53 実行中(6484)
2021/01/12 17:10:00 終了しました(6484)
2021/01/15 09:38:21 開始します(6764)
2021/01/15 09:38:21 非実行(6764)
2021/01/15 09:38:21 実行中(6764)
2021/01/15 09:38:28 終了しました(6764)
2021/01/18 09:34:43 開始します(6556)
2021/01/18 09:34:43 非実行(6556)
2021/01/18 09:34:43 実行中(6556)
2021/01/18 09:34:51 終了しました(6556)
2021/01/19 10:22:14 開始します(9196)
2021/01/19 10:22:14 非実行(9196)
2021/01/19 10:22:14 実行中(9196)
2021/01/19 10:22:25 終了しました(9196)
2021/01/21 09:23:25 開始します(6032)
2021/01/21 09:23:25 非実行(6032)
2021/01/21 09:23:25 実行中(6032)
2021/01/21 09:23:33 終了しました(6032)
2021/03/03 14:51:46 開始します(7776)
2021/03/03 14:51:46 非実行(7776)
2021/03/03 14:51:46 実行中(7776)
2021/03/03 14:51:54 終了しました(7776)
2021/03/04 13:46:21 開始します(7808)
2021/03/04 13:46:21 非実行(7808)
2021/03/04 13:46:21 実行中(7808)
2021/03/04 13:46:29 終了しました(7808)
2021/04/19 16:22:15 開始します(5560)
2021/04/19 16:22:15 非実行(5560)
2021/04/19 16:22:15 実行中(5560)
2021/04/19 16:22:23 終了しました(5560)
2021/05/07 13:32:20 開始します(2072)
2021/05/07 13:32:20 非実行(2072)
2021/05/07 13:32:20 実行中(2072)
2021/05/07 13:32:30 終了しました(2072)
2021/05/10 16:59:35 開始します(10152)
2021/05/10 16:59:35 非実行(10152)
2021/05/10 16:59:35 実行中(10152)
2021/05/10 16:59:43 終了しました(10152)
2021/05/12 05:04:39 開始します(9376)
2021/05/12 05:04:39 非実行(9376)
2021/05/12 05:04:39 実行中(9376)
2021/05/12 05:04:49 終了しました(9376)
2021/08/03 10:28:08 開始します(4184)
2021/08/03 10:28:08 非実行(4184)
2021/08/03 10:28:08 実行中(4184)
2021/08/03 10:28:16 終了しました(4184)
2021/11/16 00:29:15 開始します(7480)
2021/11/16 00:29:15 非実行(7480)
2021/11/16 00:29:15 実行中(7480)
2021/11/16 00:29:23 終了しました(7480)
2021/11/16 16:18:01 開始します(4396)
2021/11/16 16:18:01 非実行(4396)
2021/11/16 16:18:01 実行中(4396)
2021/11/16 16:18:12 終了しました(4396)
2021/11/17 15:46:23 開始します(4476)
2021/11/17 15:46:23 非実行(4476)
2021/11/17 15:46:23 実行中(4476)
2021/11/17 15:46:34 終了しました(4476)
2021/11/18 16:25:02 開始します(5328)
2021/11/18 16:25:02 非実行(5328)
2021/11/18 16:25:02 実行中(5328)
2021/11/18 16:25:11 終了しました(5328)
2021/11/22 16:26:35 開始します(6240)
2021/11/22 16:26:35 非実行(6240)
2021/11/22 16:26:35 実行中(6240)
2021/11/22 16:26:43 終了しました(6240)
2022/02/21 16:00:49 開始します(6956)
2022/02/21 16:00:49 非実行(6956)
2022/02/21 16:00:49 実行中(6956)
2022/02/21 16:00:58 終了しました(6956)
2022/02/25 13:08:26 開始します(220)
2022/02/25 13:08:26 非実行(220)
2022/02/25 13:08:26 実行中(220)
2022/02/25 13:08:39 終了しました(220)
2022/03/04 11:06:39 開始します(6260)
2022/03/04 11:06:39 非実行(6260)
2022/03/04 11:06:39 実行中(6260)
2022/03/04 11:06:47 終了しました(6260)
2022/03/11 10:57:45 開始します(4020)
2022/03/11 10:57:45 非実行(4020)
2022/03/11 10:57:45 実行中(4020)
2022/03/11 10:57:54 終了しました(4020)
2022/03/23 11:04:29 開始します(2964)
2022/03/23 11:04:29 非実行(2964)
2022/03/23 11:04:29 実行中(2964)
2022/03/23 11:04:38 終了しました(2964)
2022/04/06 13:02:42 開始します(2084)
2022/04/06 13:02:42 非実行(2084)
2022/04/06 13:02:42 実行中(2084)
2022/04/06 13:02:55 終了しました(2084)
2022/04/12 16:08:31 開始します(1896)
2022/04/12 16:08:31 非実行(1896)
2022/04/12 16:08:31 実行中(1896)
2022/04/12 16:08:40 終了しました(1896)
2022/04/18 16:07:30 開始します(6756)
2022/04/18 16:07:30 非実行(6756)
2022/04/18 16:07:30 実行中(6756)
2022/04/18 16:07:43 終了しました(6756)
2022/04/25 16:21:16 開始します(6188)
2022/04/25 16:21:16 非実行(6188)
2022/04/25 16:21:16 実行中(6188)
2022/04/25 16:21:25 終了しました(6188)
2022/09/20 13:50:20 開始します(5172)
2022/09/20 13:50:20 非実行(5172)
2022/09/20 13:50:20 実行中(5172)
2022/09/20 13:50:28 終了しました(5172)
2022/09/21 12:59:29 開始します(5036)
2022/09/21 12:59:29 非実行(5036)
2022/09/21 12:59:29 実行中(5036)
2022/09/21 12:59:37 終了しました(5036)
2022/10/13 16:22:01 開始します(6956)
2022/10/13 16:22:01 非実行(6956)
2022/10/13 16:22:01 実行中(6956)
2022/10/13 16:22:09 終了しました(6956)
2023/01/17 18:49:01 開始します(5416)
2023/01/17 18:49:01 非実行(5416)
2023/01/17 18:49:01 実行中(5416)
2023/01/17 18:49:10 終了しました(5416)
2023/01/18 10:42:34 開始します(5188)
2023/01/18 10:42:34 非実行(5188)
2023/01/18 10:42:34 実行中(5188)
2023/01/18 10:42:44 終了しました(5188)
2023/01/24 10:06:21 開始します(6520)
2023/01/24 10:06:21 非実行(6520)
2023/01/24 10:06:21 実行中(6520)
2023/01/24 10:06:30 終了しました(6520)
2023/03/28 16:08:23 開始します(4668)
2023/03/28 16:08:23 非実行(4668)
2023/03/28 16:08:23 実行中(4668)
2023/03/28 16:08:33 終了しました(4668)
2023/04/25 15:39:05 開始します(7724)
2023/04/25 15:39:05 非実行(7724)
2023/04/25 15:39:05 実行中(7724)
2023/04/25 15:39:17 終了しました(7724)
2023/05/15 16:10:28 開始します(3800)
2023/05/15 16:10:28 非実行(3800)
2023/05/15 16:10:28 実行中(3800)
2023/05/15 16:10:37 終了しました(3800)
2023/05/16 14:28:36 開始します(6036)
2023/05/16 14:28:36 非実行(6036)
2023/05/16 14:28:36 実行中(6036)
2023/05/16 14:28:46 終了しました(6036)
2023/06/13 16:03:50 開始します(2708)
2023/06/13 16:03:50 非実行(2708)
2023/06/13 16:03:50 実行中(2708)
2023/06/13 16:04:00 終了しました(2708)
2023/09/08 15:15:35 開始します(6360)
2023/09/08 15:15:35 非実行(6360)
2023/09/08 15:15:35 実行中(6360)
2023/09/08 15:15:44 終了しました(6360)
2023/09/28 16:07:28 開始します(5384)
2023/09/28 16:07:28 非実行(5384)
2023/09/28 16:07:28 実行中(5384)
2023/09/28 16:07:38 終了しました(5384)
2023/10/25 14:20:48 開始します(2848)
2023/10/25 14:20:48 非実行(2848)
2023/10/25 14:20:48 実行中(2848)
2023/10/25 14:20:59 終了しました(2848)
2024/01/29 17:00:06 開始します(7524)
2024/01/29 17:00:06 非実行(7524)
2024/01/29 17:00:06 実行中(7524)
2024/01/29 17:00:16 終了しました(7524)
2024/08/22 13:06:23 開始します(8224)
2024/08/22 13:06:23 非実行(8224)
2024/08/22 13:06:23 実行中(8224)
2024/08/22 13:06:31 終了しました(8224)
2024/08/28 09:57:24 開始します(1992)
2024/08/28 09:57:24 非実行(1992)
2024/08/28 09:57:24 実行中(1992)
2024/08/28 09:57:32 終了しました(1992)
2024/09/12 03:20:38 開始します(5320)
2024/09/12 03:20:38 非実行(5320)
2024/09/12 03:20:38 実行中(5320)
2024/09/12 03:20:46 終了しました(5320)
2024/09/17 14:26:21 開始します(7204)
2024/09/17 14:26:21 非実行(7204)
2024/09/17 14:26:21 実行中(7204)
2024/09/17 14:26:30 終了しました(7204)
2024/09/18 07:45:25 開始します(12044)
2024/09/18 07:45:25 非実行(12044)
2024/09/18 07:45:25 実行中(12044)
2024/09/18 07:45:33 終了しました(12044)
2024/09/18 18:54:25 開始します(12344)
2024/09/18 18:54:25 非実行(12344)
2024/09/18 18:54:25 実行中(12344)
2024/09/18 18:54:33 終了しました(12344)
2024/09/20 01:03:21 開始します(12536)
2024/09/20 01:03:21 非実行(12536)
2024/09/20 01:03:21 実行中(12536)
2024/09/20 01:03:29 終了しました(12536)
2024/09/21 02:40:18 開始します(11968)
2024/09/21 02:40:18 非実行(11968)
2024/09/21 02:40:18 実行中(11968)
2024/09/21 02:40:26 終了しました(11968)
2024/09/26 01:45:52 開始します(11224)
2024/09/26 01:45:52 非実行(11224)
2024/09/26 01:45:52 実行中(11224)
2024/09/26 01:45:59 終了しました(11224)
2024/09/27 02:09:00 開始します(436)
2024/09/27 02:09:00 非実行(436)
2024/09/27 02:09:00 実行中(436)
2024/09/27 02:09:08 終了しました(436)
2024/09/28 02:36:18 開始します(9760)
2024/09/28 02:36:18 非実行(9760)
2024/09/28 02:36:18 実行中(9760)
2024/09/28 02:36:26 終了しました(9760)
2024/09/29 01:46:42 開始します(2500)
2024/09/29 01:46:42 非実行(2500)
2024/09/29 01:46:42 実行中(2500)
2024/09/29 01:46:50 終了しました(2500)
2024/10/01 22:37:11 開始します(7396)
2024/10/01 22:37:11 非実行(7396)
2024/10/01 22:37:11 実行中(7396)
2024/10/01 22:37:19 終了しました(7396)
2024/10/02 23:03:26 開始します(7660)
2024/10/02 23:03:26 非実行(7660)
2024/10/02 23:03:26 実行中(7660)
2024/10/02 23:03:34 終了しました(7660)
2024/10/04 01:14:45 開始します(3252)
2024/10/04 01:14:45 非実行(3252)
2024/10/04 01:14:45 実行中(3252)
2024/10/04 01:14:53 終了しました(3252)
2024/10/05 00:06:07 開始します(6916)
2024/10/05 00:06:07 非実行(6916)
2024/10/05 00:06:07 実行中(6916)
2024/10/05 00:06:15 終了しました(6916)
2024/10/08 01:59:33 開始します(7308)
2024/10/08 01:59:33 非実行(7308)
2024/10/08 01:59:33 実行中(7308)
2024/10/08 01:59:41 終了しました(7308)
2024/10/09 01:29:22 開始します(10832)
2024/10/09 01:29:22 非実行(10832)
2024/10/09 01:29:22 実行中(10832)
2024/10/09 01:29:30 終了しました(10832)
2024/10/10 01:59:40 開始します(12400)
2024/10/10 01:59:40 非実行(12400)
2024/10/10 01:59:40 実行中(12400)
2024/10/10 01:59:48 終了しました(12400)
2024/10/11 01:08:58 開始します(9584)
2024/10/11 01:08:58 非実行(9584)
2024/10/11 01:08:58 実行中(9584)
2024/10/11 01:09:05 終了しました(9584)
2024/10/13 01:37:33 開始します(3508)
2024/10/13 01:37:33 非実行(3508)
2024/10/13 01:37:33 実行中(3508)
2024/10/13 01:37:41 終了しました(3508)
2024/10/16 00:12:22 開始します(2344)
2024/10/16 00:12:22 非実行(2344)
2024/10/16 00:12:22 実行中(2344)
2024/10/16 00:12:29 終了しました(2344)
2024/10/17 00:42:02 開始します(404)
2024/10/17 00:42:02 非実行(404)
2024/10/17 00:42:02 実行中(404)
2024/10/17 00:42:10 終了しました(404)
2024/10/18 05:08:14 開始します(5944)
2024/10/18 05:08:14 非実行(5944)
2024/10/18 05:08:14 実行中(5944)
2024/10/18 05:08:22 終了しました(5944)
2024/10/18 23:30:21 開始します(1328)
2024/10/18 23:30:21 非実行(1328)
2024/10/18 23:30:21 実行中(1328)
2024/10/18 23:30:29 終了しました(1328)
2024/10/21 23:23:27 開始します(8852)
2024/10/21 23:23:27 非実行(8852)
2024/10/21 23:23:27 実行中(8852)
2024/10/21 23:23:35 終了しました(8852)
2024/10/22 23:40:20 開始します(4060)
2024/10/22 23:40:20 非実行(4060)
2024/10/22 23:40:20 実行中(4060)
2024/10/22 23:40:27 終了しました(4060)
2024/10/23 23:19:52 開始します(8532)
2024/10/23 23:19:52 非実行(8532)
2024/10/23 23:19:52 実行中(8532)
2024/10/23 23:20:00 終了しました(8532)
2024/10/25 02:42:18 開始します(1244)
2024/10/25 02:42:18 非実行(1244)
2024/10/25 02:42:18 実行中(1244)
2024/10/25 02:42:26 終了しました(1244)
2024/10/27 07:48:20 開始します(264)
2024/10/27 07:48:20 非実行(264)
2024/10/27 07:48:20 実行中(264)
2024/10/27 07:48:28 終了しました(264)
2024/10/28 23:19:21 開始します(3496)
2024/10/28 23:19:21 非実行(3496)
2024/10/28 23:19:21 実行中(3496)
2024/10/28 23:19:29 終了しました(3496)
2024/10/30 20:57:57 開始します(7956)
2024/10/30 20:57:57 非実行(7956)
2024/10/30 20:57:57 実行中(7956)
2024/10/30 20:58:05 終了しました(7956)
2024/10/31 21:45:24 開始します(1896)
2024/10/31 21:45:24 非実行(1896)
2024/10/31 21:45:24 実行中(1896)
2024/10/31 21:45:32 終了しました(1896)
2024/11/03 14:56:49 開始します(4408)
2024/11/03 14:56:49 非実行(4408)
2024/11/03 14:56:49 実行中(4408)
2024/11/03 14:56:57 終了しました(4408)
2024/11/05 21:56:03 開始します(8424)
2024/11/05 21:56:03 非実行(8424)
2024/11/05 21:56:03 実行中(8424)
2024/11/05 21:56:11 終了しました(8424)
2024/11/06 14:02:53 開始します(9044)
2024/11/06 14:02:53 非実行(9044)
2024/11/06 14:02:53 実行中(9044)
2024/11/06 14:03:01 終了しました(9044)
2024/11/07 00:40:34 開始します(6420)
2024/11/07 00:40:34 非実行(6420)
2024/11/07 00:40:34 実行中(6420)
2024/11/07 00:40:42 終了しました(6420)
2024/11/08 02:19:56 開始します(2976)
2024/11/08 02:19:56 非実行(2976)
2024/11/08 02:19:56 実行中(2976)
2024/11/08 02:20:04 終了しました(2976)
2024/11/09 03:31:44 開始します(5996)
2024/11/09 03:31:44 非実行(5996)
2024/11/09 03:31:44 実行中(5996)
2024/11/09 03:31:53 終了しました(5996)
2024/11/12 01:54:45 開始します(4380)
2024/11/12 01:54:45 非実行(4380)
2024/11/12 01:54:45 実行中(4380)
2024/11/12 01:54:54 終了しました(4380)
2024/11/13 02:52:28 開始します(7912)
2024/11/13 02:52:28 非実行(7912)
2024/11/13 02:52:28 実行中(7912)
2024/11/13 02:52:37 終了しました(7912)
2024/11/14 03:40:18 開始します(1832)
2024/11/14 03:40:18 非実行(1832)
2024/11/14 03:40:18 実行中(1832)
2024/11/14 03:40:27 終了しました(1832)
2024/11/15 03:31:57 開始します(7832)
2024/11/15 03:31:57 非実行(7832)
2024/11/15 03:31:57 実行中(7832)
2024/11/15 03:32:05 終了しました(7832)
2024/11/17 01:46:48 開始します(7384)
2024/11/17 01:46:48 非実行(7384)
2024/11/17 01:46:48 実行中(7384)
2024/11/17 01:46:57 終了しました(7384)
2024/11/19 03:54:07 開始します(5520)
2024/11/19 03:54:07 非実行(5520)
2024/11/19 03:54:07 実行中(5520)
2024/11/19 03:54:16 終了しました(5520)
2024/11/20 03:37:12 開始します(1796)
2024/11/20 03:37:12 非実行(1796)
2024/11/20 03:37:12 実行中(1796)
2024/11/20 03:37:21 終了しました(1796)
2024/11/20 18:23:21 開始します(3364)
2024/11/20 18:23:21 非実行(3364)
2024/11/20 18:23:21 実行中(3364)
2024/11/20 18:23:30 終了しました(3364)
2024/11/22 03:44:19 開始します(6980)
2024/11/22 03:44:19 非実行(6980)
2024/11/22 03:44:19 実行中(6980)
2024/11/22 03:44:27 終了しました(6980)
2024/11/25 03:16:38 開始します(8424)
2024/11/25 03:16:38 非実行(8424)
2024/11/25 03:16:38 実行中(8424)
2024/11/25 03:16:46 終了しました(8424)
2024/12/04 03:17:18 開始します(7024)
2024/12/04 03:17:18 非実行(7024)
2024/12/04 03:17:18 実行中(7024)
2024/12/04 03:17:26 終了しました(7024)
2024/12/05 00:10:04 開始します(2096)
2024/12/05 00:10:04 非実行(2096)
2024/12/05 00:10:04 実行中(2096)
2024/12/05 00:10:11 終了しました(2096)
2024/12/05 22:44:31 開始します(4844)
2024/12/05 22:44:31 非実行(4844)
2024/12/05 22:44:31 実行中(4844)
2024/12/05 22:44:39 終了しました(4844)
2024/12/07 00:56:10 開始します(4264)
2024/12/07 00:56:10 非実行(4264)
2024/12/07 00:56:10 実行中(4264)
2024/12/07 00:56:17 終了しました(4264)
2024/12/11 01:01:09 開始します(3992)
2024/12/11 01:01:09 非実行(3992)
2024/12/11 01:01:09 実行中(3992)
2024/12/11 01:01:17 終了しました(3992)
2024/12/11 15:47:00 開始します(1328)
2024/12/11 15:47:00 非実行(1328)
2024/12/11 15:47:00 実行中(1328)
2024/12/11 15:47:17 終了しました(1328)
2024/12/12 02:35:24 開始します(4932)
2024/12/12 02:35:24 非実行(4932)
2024/12/12 02:35:24 実行中(4932)
2024/12/12 02:35:33 終了しました(4932)
2024/12/12 23:37:54 開始します(5908)
2024/12/12 23:37:54 非実行(5908)
2024/12/12 23:37:54 実行中(5908)
2024/12/12 23:38:03 終了しました(5908)
2024/12/15 23:50:31 開始します(5532)
2024/12/15 23:50:31 非実行(5532)
2024/12/15 23:50:31 実行中(5532)
2024/12/15 23:50:40 終了しました(5532)
2024/12/17 02:36:09 開始します(7968)
2024/12/17 02:36:09 非実行(7968)
2024/12/17 02:36:09 実行中(7968)
2024/12/17 02:36:18 終了しました(7968)
2024/12/18 00:48:12 開始します(9008)
2024/12/18 00:48:12 非実行(9008)
2024/12/18 00:48:12 実行中(9008)
2024/12/18 00:48:22 終了しました(9008)
2024/12/19 00:00:34 開始します(336)
2024/12/19 00:00:34 非実行(336)
2024/12/19 00:00:34 実行中(336)
2024/12/19 00:00:43 終了しました(336)
2024/12/20 01:16:29 開始します(1448)
2024/12/20 01:16:29 非実行(1448)
2024/12/20 01:16:29 実行中(1448)
2024/12/20 01:16:38 終了しました(1448)
2024/12/21 01:14:17 開始します(9616)
2024/12/21 01:14:17 非実行(9616)
2024/12/21 01:14:17 実行中(9616)
2024/12/21 01:14:27 終了しました(9616)
2024/12/22 03:49:14 開始します(8872)
2024/12/22 03:49:14 非実行(8872)
2024/12/22 03:49:14 実行中(8872)
2024/12/22 03:49:24 終了しました(8872)
2024/12/24 00:04:29 開始します(7988)
2024/12/24 00:04:29 非実行(7988)
2024/12/24 00:04:29 実行中(7988)
2024/12/24 00:04:39 終了しました(7988)
2024/12/26 20:05:04 開始します(4724)
2024/12/26 20:05:04 非実行(4724)
2024/12/26 20:05:04 実行中(4724)
2024/12/26 20:05:13 終了しました(4724)
2025/02/05 01:10:24 開始します(940)
2025/02/05 01:10:24 非実行(940)
2025/02/05 01:10:24 実行中(940)
2025/02/05 01:10:33 終了しました(940)
2025/02/06 01:08:39 開始します(7896)
2025/02/06 01:08:39 非実行(7896)
2025/02/06 01:08:39 実行中(7896)
2025/02/06 01:08:48 終了しました(7896)
2025/02/07 20:22:11 開始します(6256)
2025/02/07 20:22:11 非実行(6256)
2025/02/07 20:22:11 実行中(6256)
2025/02/07 20:22:20 終了しました(6256)
2025/02/10 21:03:45 開始します(9352)
2025/02/10 21:03:45 非実行(9352)
2025/02/10 21:03:45 実行中(9352)
2025/02/10 21:03:54 終了しました(9352)
2025/02/12 23:51:34 開始します(9088)
2025/02/12 23:51:34 非実行(9088)
2025/02/12 23:51:34 実行中(9088)
2025/02/12 23:51:43 終了しました(9088)
2025/02/13 19:03:59 開始します(8324)
2025/02/13 19:03:59 非実行(8324)
2025/02/13 19:03:59 実行中(8324)
2025/02/13 19:04:08 終了しました(8324)
2025/02/14 12:33:03 開始します(6476)
2025/02/14 12:33:03 非実行(6476)
2025/02/14 12:33:03 実行中(6476)
2025/02/14 12:33:12 終了しました(6476)
2025/02/15 11:56:27 開始します(4392)
2025/02/15 11:56:27 非実行(4392)
2025/02/15 11:56:27 実行中(4392)
2025/02/15 11:56:36 終了しました(4392)
2025/02/18 00:51:24 開始します(9864)
2025/02/18 00:51:24 非実行(9864)
2025/02/18 00:51:24 実行中(9864)
2025/02/18 00:51:33 終了しました(9864)
2025/02/18 22:51:20 開始します(10760)
2025/02/18 22:51:20 非実行(10760)
2025/02/18 22:51:20 実行中(10760)
2025/02/18 22:51:30 終了しました(10760)
2025/02/19 19:50:53 開始します(8368)
2025/02/19 19:50:53 非実行(8368)
2025/02/19 19:50:53 実行中(8368)
2025/02/19 19:51:02 終了しました(8368)
2025/02/21 02:46:22 開始します(7156)
2025/02/21 02:46:22 非実行(7156)
2025/02/21 02:46:22 実行中(7156)
2025/02/21 02:46:31 終了しました(7156)
2025/02/22 00:02:31 開始します(7288)
2025/02/22 00:02:31 非実行(7288)
2025/02/22 00:02:31 実行中(7288)
2025/02/22 00:02:40 終了しました(7288)
2025/02/23 01:30:19 開始します(10236)
2025/02/23 01:30:19 非実行(10236)
2025/02/23 01:30:19 実行中(10236)
2025/02/23 01:30:28 終了しました(10236)
2025/02/26 23:51:55 開始します(1884)
2025/02/26 23:51:55 非実行(1884)
2025/02/26 23:51:55 実行中(1884)
2025/02/26 23:52:05 終了しました(1884)
2025/02/27 20:29:38 開始します(10832)
2025/02/27 20:29:38 非実行(10832)
2025/02/27 20:29:38 実行中(10832)
2025/02/27 20:29:47 終了しました(10832)
2025/02/28 20:13:56 開始します(8152)
2025/02/28 20:13:56 非実行(8152)
2025/02/28 20:13:56 実行中(8152)
2025/02/28 20:14:05 終了しました(8152)
2025/03/07 19:07:08 開始します(2428)
2025/03/07 19:07:08 非実行(2428)
2025/03/07 19:07:08 実行中(2428)
2025/03/07 19:07:17 終了しました(2428)
2025/03/08 19:04:02 開始します(2016)
2025/03/08 19:04:02 非実行(2016)
2025/03/08 19:04:02 実行中(2016)
2025/03/08 19:04:11 終了しました(2016)
2025/03/09 19:03:53 開始します(7312)
2025/03/09 19:03:53 非実行(7312)
2025/03/09 19:03:53 実行中(7312)
2025/03/09 19:04:02 終了しました(7312)
2025/03/10 19:01:23 開始します(7728)
2025/03/10 19:01:23 非実行(7728)
2025/03/10 19:01:23 実行中(7728)
2025/03/10 19:01:32 終了しました(7728)
2025/03/11 19:01:22 開始します(8912)
2025/03/11 19:01:22 非実行(8912)
2025/03/11 19:01:22 実行中(8912)
2025/03/11 19:01:29 終了しました(8912)
2025/03/12 19:01:51 開始します(5632)
2025/03/12 19:01:51 非実行(5632)
2025/03/12 19:01:51 実行中(5632)
2025/03/12 19:01:58 終了しました(5632)
2025/03/13 19:01:57 開始します(4600)
2025/03/13 19:01:57 非実行(4600)
2025/03/13 19:01:57 実行中(4600)
2025/03/13 19:02:05 終了しました(4600)
2025/03/14 19:02:38 開始します(5844)
2025/03/14 19:02:38 非実行(5844)
2025/03/14 19:02:38 実行中(5844)
2025/03/14 19:02:47 終了しました(5844)
2025/03/15 19:02:31 開始します(4316)
2025/03/15 19:02:31 非実行(4316)
2025/03/15 19:02:31 実行中(4316)
2025/03/15 19:02:40 終了しました(4316)
2025/03/16 19:02:22 開始します(6856)
2025/03/16 19:02:22 非実行(6856)
2025/03/16 19:02:22 実行中(6856)
2025/03/16 19:02:32 終了しました(6856)
2025/03/17 19:02:26 開始します(7856)
2025/03/17 19:02:26 非実行(7856)
2025/03/17 19:02:26 実行中(7856)
2025/03/17 19:02:35 終了しました(7856)
2025/03/18 19:02:18 開始します(10472)
2025/03/18 19:02:18 非実行(10472)
2025/03/18 19:02:18 実行中(10472)
2025/03/18 19:02:29 終了しました(10472)
2025/03/19 19:02:29 開始します(11428)
2025/03/19 19:02:29 非実行(11428)
2025/03/19 19:02:29 実行中(11428)
2025/03/19 19:02:39 終了しました(11428)
2025/03/20 19:02:23 開始します(9804)
2025/03/20 19:02:23 非実行(9804)
2025/03/20 19:02:23 実行中(9804)
2025/03/20 19:02:33 終了しました(9804)
2025/03/21 19:02:34 開始します(11408)
2025/03/21 19:02:34 非実行(11408)
2025/03/21 19:02:34 実行中(11408)
2025/03/21 19:02:44 終了しました(11408)
2025/03/22 19:02:39 開始します(4992)
2025/03/22 19:02:39 非実行(4992)
2025/03/22 19:02:39 実行中(4992)
2025/03/22 19:02:49 終了しました(4992)
2025/03/23 19:02:33 開始します(8908)
2025/03/23 19:02:33 非実行(8908)
2025/03/23 19:02:33 実行中(8908)
2025/03/23 19:02:42 終了しました(8908)
2025/03/24 19:02:35 開始します(8028)
2025/03/24 19:02:35 非実行(8028)
2025/03/24 19:02:35 実行中(8028)
2025/03/24 19:02:45 終了しました(8028)
2025/03/25 19:02:10 開始します(10272)
2025/03/25 19:02:10 非実行(10272)
2025/03/25 19:02:10 実行中(10272)
2025/03/25 19:02:14 終了しました(10272)
2025/03/26 19:02:37 開始します(9632)
2025/03/26 19:02:37 非実行(9632)
2025/03/26 19:02:37 実行中(9632)
2025/03/26 19:02:47 終了しました(9632)
2025/03/27 19:02:25 開始します(5720)
2025/03/27 19:02:25 非実行(5720)
2025/03/27 19:02:25 実行中(5720)
2025/03/27 19:02:36 終了しました(5720)
2025/03/28 19:08:06 開始します(8164)
2025/03/28 19:08:06 非実行(8164)
2025/03/28 19:08:06 実行中(8164)
2025/03/28 19:08:15 終了しました(8164)
2025/03/29 19:08:52 開始します(3184)
2025/03/29 19:08:52 非実行(3184)
2025/03/29 19:08:52 実行中(3184)
2025/03/29 19:09:02 終了しました(3184)
2025/03/30 19:06:06 開始します(1148)
2025/03/30 19:06:06 非実行(1148)
2025/03/30 19:06:06 実行中(1148)
2025/03/30 19:06:16 終了しました(1148)
2025/03/31 19:04:04 開始します(10136)
2025/03/31 19:04:04 非実行(10136)
2025/03/31 19:04:04 実行中(10136)
2025/03/31 19:04:13 終了しました(10136)
2025/04/01 19:01:14 開始します(2500)
2025/04/01 19:01:14 非実行(2500)
2025/04/01 19:01:14 実行中(2500)
2025/04/01 19:01:23 終了しました(2500)
2025/04/02 19:03:06 開始します(7244)
2025/04/02 19:03:06 非実行(7244)
2025/04/02 19:03:06 実行中(7244)
2025/04/02 19:03:15 終了しました(7244)
2025/04/03 19:00:22 開始します(3756)
2025/04/03 19:00:22 非実行(3756)
2025/04/03 19:00:22 実行中(3756)
2025/04/03 19:00:31 終了しました(3756)
2025/04/04 19:02:36 開始します(3200)
2025/04/04 19:02:36 非実行(3200)
2025/04/04 19:02:36 実行中(3200)
2025/04/04 19:02:46 終了しました(3200)
2025/04/05 19:01:39 開始します(5776)
2025/04/05 19:01:39 非実行(5776)
2025/04/05 19:01:39 実行中(5776)
2025/04/05 19:01:48 終了しました(5776)
2025/04/06 18:59:56 開始します(9276)
2025/04/06 18:59:56 非実行(9276)
2025/04/06 18:59:56 実行中(9276)
2025/04/06 19:00:06 終了しました(9276)
2025/04/07 18:59:45 開始します(3940)
2025/04/07 18:59:45 非実行(3940)
2025/04/07 18:59:45 実行中(3940)
2025/04/07 18:59:54 終了しました(3940)
2025/04/08 19:02:26 開始します(4272)
2025/04/08 19:02:26 非実行(4272)
2025/04/08 19:02:26 実行中(4272)
2025/04/08 19:02:36 終了しました(4272)
2025/04/09 19:08:03 開始します(7984)
2025/04/09 19:08:03 非実行(7984)
2025/04/09 19:08:03 実行中(7984)
2025/04/09 19:08:12 終了しました(7984)
2025/04/10 19:12:02 開始します(1312)
2025/04/10 19:12:02 非実行(1312)
2025/04/10 19:12:02 実行中(1312)
2025/04/10 19:12:12 終了しました(1312)
2025/04/11 19:12:32 開始します(5212)
2025/04/11 19:12:32 非実行(5212)
2025/04/11 19:12:32 実行中(5212)
2025/04/11 19:12:42 終了しました(5212)
2025/04/13 19:10:57 開始します(10372)
2025/04/13 19:10:57 非実行(10372)
2025/04/13 19:10:57 実行中(10372)
2025/04/13 19:11:06 終了しました(10372)
2025/04/14 19:12:44 開始します(7072)
2025/04/14 19:12:44 非実行(7072)
2025/04/14 19:12:44 実行中(7072)
2025/04/14 19:12:53 終了しました(7072)
2025/04/15 19:23:17 開始します(12664)
2025/04/15 19:23:17 非実行(12664)
2025/04/15 19:23:17 実行中(12664)
2025/04/15 19:23:26 終了しました(12664)
2025/04/16 19:31:04 開始します(2812)
2025/04/16 19:31:04 非実行(2812)
2025/04/16 19:31:04 実行中(2812)
2025/04/16 19:31:14 終了しました(2812)
2025/04/17 19:26:21 開始します(2068)
2025/04/17 19:26:21 非実行(2068)
2025/04/17 19:26:21 実行中(2068)
2025/04/17 19:26:30 終了しました(2068)
2025/04/18 19:25:35 開始します(2268)
2025/04/18 19:25:35 非実行(2268)
2025/04/18 19:25:35 実行中(2268)
2025/04/18 19:25:44 終了しました(2268)
2025/04/19 19:23:36 開始します(2688)
2025/04/19 19:23:36 非実行(2688)
2025/04/19 19:23:36 実行中(2688)
2025/04/19 19:23:45 終了しました(2688)
2025/04/20 19:22:45 開始します(2024)
2025/04/20 19:22:45 非実行(2024)
2025/04/20 19:22:45 実行中(2024)
2025/04/20 19:22:54 終了しました(2024)
2025/04/21 19:23:46 開始します(2220)
2025/04/21 19:23:46 非実行(2220)
2025/04/21 19:23:46 実行中(2220)
2025/04/21 19:23:56 終了しました(2220)
2025/04/22 19:19:51 開始します(6188)
2025/04/22 19:19:51 非実行(6188)
2025/04/22 19:19:51 実行中(6188)
2025/04/22 19:20:01 終了しました(6188)
2025/04/23 19:24:42 開始します(5388)
2025/04/23 19:24:42 非実行(5388)
2025/04/23 19:24:42 実行中(5388)
2025/04/23 19:24:51 終了しました(5388)
2025/04/24 19:18:33 開始します(1940)
2025/04/24 19:18:33 非実行(1940)
2025/04/24 19:18:33 実行中(1940)
2025/04/24 19:18:42 終了しました(1940)
2025/04/25 19:17:02 開始します(5712)
2025/04/25 19:17:02 非実行(5712)
2025/04/25 19:17:02 実行中(5712)
2025/04/25 19:17:11 終了しました(5712)
2025/04/26 19:19:03 開始します(5692)
2025/04/26 19:19:03 非実行(5692)
2025/04/26 19:19:03 実行中(5692)
2025/04/26 19:19:12 終了しました(5692)
2025/04/27 19:14:23 開始します(5724)
2025/04/27 19:14:23 非実行(5724)
2025/04/27 19:14:23 実行中(5724)
2025/04/27 19:14:32 終了しました(5724)
2025/04/28 19:11:18 開始します(3848)
2025/04/28 19:11:18 非実行(3848)
2025/04/28 19:11:18 実行中(3848)
2025/04/28 19:11:27 終了しました(3848)
2025/04/29 19:08:33 開始します(4592)
2025/04/29 19:08:33 非実行(4592)
2025/04/29 19:08:33 実行中(4592)
2025/04/29 19:08:42 終了しました(4592)
2025/04/30 19:06:48 開始します(492)
2025/04/30 19:06:48 非実行(492)
2025/04/30 19:06:48 実行中(492)
2025/04/30 19:06:57 終了しました(492)
2025/05/01 19:02:34 開始します(7312)
2025/05/01 19:02:34 非実行(7312)
2025/05/01 19:02:34 実行中(7312)
2025/05/01 19:02:43 終了しました(7312)
2025/05/02 19:02:28 開始します(4000)
2025/05/02 19:02:28 非実行(4000)
2025/05/02 19:02:28 実行中(4000)
2025/05/02 19:02:38 終了しました(4000)
2025/05/03 19:02:24 開始します(3024)
2025/05/03 19:02:24 非実行(3024)
2025/05/03 19:02:24 実行中(3024)
2025/05/03 19:02:33 終了しました(3024)
2025/05/04 19:02:36 開始します(4452)
2025/05/04 19:02:36 非実行(4452)
2025/05/04 19:02:36 実行中(4452)
2025/05/04 19:02:45 終了しました(4452)
2025/05/05 19:02:19 開始します(3632)
2025/05/05 19:02:19 非実行(3632)
2025/05/05 19:02:19 実行中(3632)
2025/05/05 19:02:28 終了しました(3632)
2025/05/06 19:02:17 開始します(1368)
2025/05/06 19:02:17 非実行(1368)
2025/05/06 19:02:17 実行中(1368)
2025/05/06 19:02:26 終了しました(1368)
2025/05/07 19:02:32 開始します(3420)
2025/05/07 19:02:32 非実行(3420)
2025/05/07 19:02:32 実行中(3420)
2025/05/07 19:02:41 終了しました(3420)
2025/05/08 19:02:27 開始します(7548)
2025/05/08 19:02:27 非実行(7548)
2025/05/08 19:02:27 実行中(7548)
2025/05/08 19:02:36 終了しました(7548)
2025/05/09 19:02:42 開始します(3000)
2025/05/09 19:02:42 非実行(3000)
2025/05/09 19:02:42 実行中(3000)
2025/05/09 19:02:51 終了しました(3000)
2025/05/10 19:16:53 開始します(6248)
2025/05/10 19:16:53 非実行(6248)
2025/05/10 19:16:53 実行中(6248)
2025/05/10 19:17:03 終了しました(6248)
2025/05/11 19:14:10 開始します(1004)
2025/05/11 19:14:10 非実行(1004)
2025/05/11 19:14:10 実行中(1004)
2025/05/11 19:14:19 終了しました(1004)
2025/05/12 19:12:53 開始します(5548)
2025/05/12 19:12:53 非実行(5548)
2025/05/12 19:12:53 実行中(5548)
2025/05/12 19:13:02 終了しました(5548)
2025/05/13 19:11:21 開始します(2768)
2025/05/13 19:11:21 非実行(2768)
2025/05/13 19:11:21 実行中(2768)
2025/05/13 19:11:30 終了しました(2768)
2025/05/14 19:09:26 開始します(4592)
2025/05/14 19:09:26 非実行(4592)
2025/05/14 19:09:26 実行中(4592)
2025/05/14 19:09:35 終了しました(4592)
2025/05/15 20:32:25 開始します(3288)
2025/05/15 20:32:25 非実行(3288)
2025/05/15 20:32:25 実行中(3288)
2025/05/15 20:32:34 終了しました(3288)
2025/05/16 13:33:43 開始します(2420)
2025/05/16 13:33:43 非実行(2420)
2025/05/16 13:33:43 実行中(2420)
2025/05/16 13:33:53 終了しました(2420)
2025/05/16 17:28:12 開始します(3052)
2025/05/16 17:28:12 非実行(3052)
2025/05/16 17:28:12 実行中(3052)
2025/05/16 17:28:22 終了しました(3052)
2025/05/16 19:25:06 開始します(4152)
2025/05/16 19:25:06 非実行(4152)
2025/05/16 19:25:06 実行中(4152)
2025/05/16 19:25:15 終了しました(4152)
2025/05/17 19:13:16 開始します(4316)
2025/05/17 19:13:16 非実行(4316)
2025/05/17 19:13:16 実行中(4316)
2025/05/17 19:13:25 終了しました(4316)
2025/05/18 19:11:29 開始します(2376)
2025/05/18 19:11:29 非実行(2376)
2025/05/18 19:11:29 実行中(2376)
2025/05/18 19:11:38 終了しました(2376)
2025/05/19 13:51:58 開始します(4708)
2025/05/19 13:51:58 非実行(4708)
2025/05/19 13:51:58 実行中(4708)
2025/05/19 13:52:08 終了しました(4708)
2025/05/19 19:24:53 開始します(4744)
2025/05/19 19:24:53 非実行(4744)
2025/05/19 19:24:53 実行中(4744)
2025/05/19 19:25:03 終了しました(4744)
2025/05/20 19:14:15 開始します(7256)
2025/05/20 19:14:15 非実行(7256)
2025/05/20 19:14:15 実行中(7256)
2025/05/20 19:14:24 終了しました(7256)
2025/05/21 19:20:17 開始します(1420)
2025/05/21 19:20:17 非実行(1420)
2025/05/21 19:20:17 実行中(1420)
2025/05/21 19:20:26 終了しました(1420)
2025/05/23 19:18:18 開始します(6416)
2025/05/23 19:18:18 非実行(6416)
2025/05/23 19:18:18 実行中(6416)
2025/05/23 19:18:27 終了しました(6416)
2025/05/24 19:15:27 開始します(5088)
2025/05/24 19:15:27 非実行(5088)
2025/05/24 19:15:27 実行中(5088)
2025/05/24 19:15:36 終了しました(5088)
2025/05/25 19:13:02 開始します(4412)
2025/05/25 19:13:02 非実行(4412)
2025/05/25 19:13:02 実行中(4412)
2025/05/25 19:13:11 終了しました(4412)
2025/05/26 19:12:58 開始します(1432)
2025/05/26 19:12:58 非実行(1432)
2025/05/26 19:12:58 実行中(1432)
2025/05/26 19:13:07 終了しました(1432)
2025/05/27 19:13:16 開始します(5932)
2025/05/27 19:13:16 非実行(5932)
2025/05/27 19:13:16 実行中(5932)
2025/05/27 19:13:25 終了しました(5932)
2025/05/28 19:16:07 開始します(4732)
2025/05/28 19:16:07 非実行(4732)
2025/05/28 19:16:07 実行中(4732)
2025/05/28 19:16:16 終了しました(4732)
2025/05/29 19:13:14 開始します(2340)
2025/05/29 19:13:14 非実行(2340)
2025/05/29 19:13:14 実行中(2340)
2025/05/29 19:13:23 終了しました(2340)
2025/05/30 19:13:47 開始します(6628)
2025/05/30 19:13:47 非実行(6628)
2025/05/30 19:13:47 実行中(6628)
2025/05/30 19:13:56 終了しました(6628)
2025/05/31 19:10:42 開始します(5000)
2025/05/31 19:10:42 非実行(5000)
2025/05/31 19:10:42 実行中(5000)
2025/05/31 19:10:51 終了しました(5000)
2025/06/01 19:07:57 開始します(4392)
2025/06/01 19:07:57 非実行(4392)
2025/06/01 19:07:57 実行中(4392)
2025/06/01 19:08:06 終了しました(4392)
2025/06/02 19:08:53 開始します(7156)
2025/06/02 19:08:53 非実行(7156)
2025/06/02 19:08:53 実行中(7156)
2025/06/02 19:09:02 終了しました(7156)
2025/06/03 19:18:56 開始します(944)
2025/06/03 19:18:56 非実行(944)
2025/06/03 19:18:56 実行中(944)
2025/06/03 19:19:05 終了しました(944)
2025/06/04 19:21:17 開始します(7120)
2025/06/04 19:21:17 非実行(7120)
2025/06/04 19:21:17 実行中(7120)
2025/06/04 19:21:26 終了しました(7120)
2025/06/05 19:18:30 開始します(4972)
2025/06/05 19:18:30 非実行(4972)
2025/06/05 19:18:30 実行中(4972)
2025/06/05 19:18:39 終了しました(4972)
2025/06/06 19:17:22 開始します(864)
2025/06/06 19:17:22 非実行(864)
2025/06/06 19:17:22 実行中(864)
2025/06/06 19:17:32 終了しました(864)
2025/06/07 19:15:33 開始します(2108)
2025/06/07 19:15:33 非実行(2108)
2025/06/07 19:15:33 実行中(2108)
2025/06/07 19:15:42 終了しました(2108)
2025/06/08 19:14:57 開始します(4404)
2025/06/08 19:14:57 非実行(4404)
2025/06/08 19:14:57 実行中(4404)
2025/06/08 19:15:06 終了しました(4404)
2025/06/09 19:15:14 開始します(2124)
2025/06/09 19:15:14 非実行(2124)
2025/06/09 19:15:14 実行中(2124)
2025/06/09 19:15:24 終了しました(2124)
2025/06/10 19:17:45 開始します(1920)
2025/06/10 19:17:45 非実行(1920)
2025/06/10 19:17:45 実行中(1920)
2025/06/10 19:17:54 終了しました(1920)
2025/06/11 19:29:08 開始します(6400)
2025/06/11 19:29:08 非実行(6400)
2025/06/11 19:29:08 実行中(6400)
2025/06/11 19:29:17 終了しました(6400)
2025/06/12 19:27:58 開始します(7144)
2025/06/12 19:27:58 非実行(7144)
2025/06/12 19:27:58 実行中(7144)
2025/06/12 19:28:07 終了しました(7144)
2025/06/13 19:33:43 開始します(6752)
2025/06/13 19:33:43 非実行(6752)
2025/06/13 19:33:43 実行中(6752)
2025/06/13 19:33:52 終了しました(6752)
2025/06/14 19:26:47 開始します(4912)
2025/06/14 19:26:47 非実行(4912)
2025/06/14 19:26:47 実行中(4912)
2025/06/14 19:26:56 終了しました(4912)
2025/06/15 19:23:22 開始します(1968)
2025/06/15 19:23:22 非実行(1968)
2025/06/15 19:23:22 実行中(1968)
2025/06/15 19:23:31 終了しました(1968)
2025/06/16 19:25:43 開始します(2280)
2025/06/16 19:25:43 非実行(2280)
2025/06/16 19:25:43 実行中(2280)
2025/06/16 19:25:52 終了しました(2280)
2025/06/17 19:27:34 開始します(5932)
2025/06/17 19:27:34 非実行(5932)
2025/06/17 19:27:34 実行中(5932)
2025/06/17 19:27:44 終了しました(5932)
2025/06/18 19:33:30 開始します(5832)
2025/06/18 19:33:30 非実行(5832)
2025/06/18 19:33:30 実行中(5832)
2025/06/18 19:33:39 終了しました(5832)
2025/06/19 19:29:39 開始します(5836)
2025/06/19 19:29:39 非実行(5836)
2025/06/19 19:29:39 実行中(5836)
2025/06/19 19:29:48 終了しました(5836)
2025/06/20 19:28:58 開始します(6504)
2025/06/20 19:28:58 非実行(6504)
2025/06/20 19:28:58 実行中(6504)
2025/06/20 19:29:07 終了しました(6504)
2025/06/21 19:26:23 開始します(2132)
2025/06/21 19:26:23 非実行(2132)
2025/06/21 19:26:23 実行中(2132)
2025/06/21 19:26:32 終了しました(2132)
2025/06/22 19:23:44 開始します(1456)
2025/06/22 19:23:44 非実行(1456)
2025/06/22 19:23:44 実行中(1456)
2025/06/22 19:23:53 終了しました(1456)
2025/06/23 19:25:33 開始します(6008)
2025/06/23 19:25:33 非実行(6008)
2025/06/23 19:25:33 実行中(6008)
2025/06/23 19:25:42 終了しました(6008)
2025/06/24 19:26:42 開始します(2988)
2025/06/24 19:26:42 非実行(2988)
2025/06/24 19:26:42 実行中(2988)
2025/06/24 19:26:51 終了しました(2988)
2025/06/25 19:27:34 開始します(5140)
2025/06/25 19:27:34 非実行(5140)
2025/06/25 19:27:34 実行中(5140)
2025/06/25 19:27:43 終了しました(5140)
2025/06/26 19:21:57 開始します(4136)
2025/06/26 19:21:57 非実行(4136)
2025/06/26 19:21:57 実行中(4136)
2025/06/26 19:22:06 終了しました(4136)
2025/06/27 19:20:09 開始します(5544)
2025/06/27 19:20:09 非実行(5544)
2025/06/27 19:20:09 実行中(5544)
2025/06/27 19:20:18 終了しました(5544)
2025/06/28 19:18:14 開始します(2004)
2025/06/28 19:18:14 非実行(2004)
2025/06/28 19:18:14 実行中(2004)
2025/06/28 19:18:23 終了しました(2004)
2025/06/29 19:14:35 開始します(968)
2025/06/29 19:14:35 非実行(968)
2025/06/29 19:14:35 実行中(968)
2025/06/29 19:14:44 終了しました(968)
2025/06/30 19:14:08 開始します(5492)
2025/06/30 19:14:08 非実行(5492)
2025/06/30 19:14:08 実行中(5492)
2025/06/30 19:14:17 終了しました(5492)
2025/07/01 19:19:41 開始します(5492)
2025/07/01 19:19:41 非実行(5492)
2025/07/01 19:19:41 実行中(5492)
2025/07/01 19:19:50 終了しました(5492)
2025/07/02 19:20:07 開始します(1012)
2025/07/02 19:20:07 非実行(1012)
2025/07/02 19:20:07 実行中(1012)
2025/07/02 19:20:16 終了しました(1012)
2025/07/03 19:13:05 開始します(2780)
2025/07/03 19:13:05 非実行(2780)
2025/07/03 19:13:05 実行中(2780)
2025/07/03 19:13:14 終了しました(2780)
2025/07/04 19:13:42 開始します(4468)
2025/07/04 19:13:42 非実行(4468)
2025/07/04 19:13:42 実行中(4468)
2025/07/04 19:13:51 終了しました(4468)
2025/07/05 19:12:13 開始します(5888)
2025/07/05 19:12:13 非実行(5888)
2025/07/05 19:12:13 実行中(5888)
2025/07/05 19:12:22 終了しました(5888)
2025/07/06 19:10:38 開始します(5692)
2025/07/06 19:10:38 非実行(5692)
2025/07/06 19:10:38 実行中(5692)
2025/07/06 19:10:48 終了しました(5692)
2025/07/07 19:18:13 開始します(4188)
2025/07/07 19:18:13 非実行(4188)
2025/07/07 19:18:13 実行中(4188)
2025/07/07 19:18:22 終了しました(4188)
2025/07/08 19:25:17 開始します(3216)
2025/07/08 19:25:17 非実行(3216)
2025/07/08 19:25:17 実行中(3216)
2025/07/08 19:25:26 終了しました(3216)
2025/07/09 19:27:45 開始します(812)
2025/07/09 19:27:45 非実行(812)
2025/07/09 19:27:45 実行中(812)
2025/07/09 19:27:54 終了しました(812)
2025/07/10 19:20:48 開始します(2932)
2025/07/10 19:20:48 非実行(2932)
2025/07/10 19:20:48 実行中(2932)
2025/07/10 19:20:57 終了しました(2932)
2025/07/11 19:21:44 開始します(268)
2025/07/11 19:21:44 非実行(268)
2025/07/11 19:21:44 実行中(268)
2025/07/11 19:21:53 終了しました(268)
2025/07/12 19:20:36 開始します(860)
2025/07/12 19:20:36 非実行(860)
2025/07/12 19:20:36 実行中(860)
2025/07/12 19:20:45 終了しました(860)
2025/07/13 19:19:31 開始します(4728)
2025/07/13 19:19:31 非実行(4728)
2025/07/13 19:19:31 実行中(4728)
2025/07/13 19:19:40 終了しました(4728)
2025/07/14 19:24:59 開始します(5968)
2025/07/14 19:24:59 非実行(5968)
2025/07/14 19:24:59 実行中(5968)
2025/07/14 19:25:08 終了しました(5968)
2025/07/15 19:23:18 開始します(6916)
2025/07/15 19:23:18 非実行(6916)
2025/07/15 19:23:18 実行中(6916)
2025/07/15 19:23:27 終了しました(6916)
2025/07/16 19:27:49 開始します(5056)
2025/07/16 19:27:49 非実行(5056)
2025/07/16 19:27:49 実行中(5056)
2025/07/16 19:27:58 終了しました(5056)
2025/07/17 19:22:44 開始します(1800)
2025/07/17 19:22:44 非実行(1800)
2025/07/17 19:22:44 実行中(1800)
2025/07/17 19:22:53 終了しました(1800)
2025/07/18 19:22:01 開始します(5588)
2025/07/18 19:22:01 非実行(5588)
2025/07/18 19:22:01 実行中(5588)
2025/07/18 19:22:10 終了しました(5588)
2025/07/19 19:22:20 開始します(5752)
2025/07/19 19:22:20 非実行(5752)
2025/07/19 19:22:20 実行中(5752)
2025/07/19 19:22:29 終了しました(5752)
2025/07/20 19:20:47 開始します(2384)
2025/07/20 19:20:47 非実行(2384)
2025/07/20 19:20:47 実行中(2384)
2025/07/20 19:20:57 終了しました(2384)
2025/07/21 19:27:07 開始します(880)
2025/07/21 19:27:07 非実行(880)
2025/07/21 19:27:07 実行中(880)
2025/07/21 19:27:16 終了しました(880)
2025/07/22 19:28:17 開始します(3092)
2025/07/22 19:28:17 非実行(3092)
2025/07/22 19:28:17 実行中(3092)
2025/07/22 19:28:26 終了しました(3092)
2025/07/23 19:28:55 開始します(3008)
2025/07/23 19:28:55 非実行(3008)
2025/07/23 19:28:55 実行中(3008)
2025/07/23 19:29:04 終了しました(3008)
2025/07/24 19:21:36 開始します(772)
2025/07/24 19:21:36 非実行(772)
2025/07/24 19:21:36 実行中(772)
2025/07/24 19:21:45 終了しました(772)
2025/07/25 19:24:40 開始します(1196)
2025/07/25 19:24:40 非実行(1196)
2025/07/25 19:24:40 実行中(1196)
2025/07/25 19:24:49 終了しました(1196)
2025/07/26 19:21:41 開始します(6136)
2025/07/26 19:21:41 非実行(6136)
2025/07/26 19:21:41 実行中(6136)
2025/07/26 19:21:50 終了しました(6136)
2025/07/27 19:19:05 開始します(5536)
2025/07/27 19:19:05 非実行(5536)
2025/07/27 19:19:05 実行中(5536)
2025/07/27 19:19:14 終了しました(5536)
2025/07/28 19:23:41 開始します(6964)
2025/07/28 19:23:41 非実行(6964)
2025/07/28 19:23:41 実行中(6964)
2025/07/28 19:23:50 終了しました(6964)
2025/07/29 19:22:09 開始します(1904)
2025/07/29 19:22:09 非実行(1904)
2025/07/29 19:22:09 実行中(1904)
2025/07/29 19:22:18 終了しました(1904)
2025/07/30 19:23:07 開始します(5948)
2025/07/30 19:23:07 非実行(5948)
2025/07/30 19:23:07 実行中(5948)
2025/07/30 19:23:16 終了しました(5948)
2025/07/31 19:16:54 開始します(1532)
2025/07/31 19:16:54 非実行(1532)
2025/07/31 19:16:54 実行中(1532)
2025/07/31 19:17:03 終了しました(1532)
2025/08/01 19:16:38 開始します(5160)
2025/08/01 19:16:38 非実行(5160)
2025/08/01 19:16:38 実行中(5160)
2025/08/01 19:16:48 終了しました(5160)
2025/08/02 19:13:48 開始します(5352)
2025/08/02 19:13:48 非実行(5352)
2025/08/02 19:13:48 実行中(5352)
2025/08/02 19:13:57 終了しました(5352)
2025/08/03 19:11:51 開始します(2988)
2025/08/03 19:11:51 非実行(2988)
2025/08/03 19:11:51 実行中(2988)
2025/08/03 19:12:00 終了しました(2988)
2025/08/04 19:15:53 開始します(5892)
2025/08/04 19:15:53 非実行(5892)
2025/08/04 19:15:53 実行中(5892)
2025/08/04 19:16:02 終了しました(5892)
2025/08/05 19:20:26 開始します(5284)
2025/08/05 19:20:26 非実行(5284)
2025/08/05 19:20:26 実行中(5284)
2025/08/05 19:20:36 終了しました(5284)
2025/08/06 19:25:47 開始します(1832)
2025/08/06 19:25:47 非実行(1832)
2025/08/06 19:25:47 実行中(1832)
2025/08/06 19:25:56 終了しました(1832)
2025/08/07 19:17:54 開始します(5496)
2025/08/07 19:17:54 非実行(5496)
2025/08/07 19:17:54 実行中(5496)
2025/08/07 19:18:03 終了しました(5496)
2025/08/08 19:22:12 開始します(5792)
2025/08/08 19:22:12 非実行(5792)
2025/08/08 19:22:12 実行中(5792)
2025/08/08 19:22:22 終了しました(5792)
2025/08/09 19:19:57 開始します(5460)
2025/08/09 19:19:57 非実行(5460)
2025/08/09 19:19:57 実行中(5460)
2025/08/09 19:20:06 終了しました(5460)
2025/08/10 19:17:35 開始します(6580)
2025/08/10 19:17:35 非実行(6580)
2025/08/10 19:17:35 実行中(6580)
2025/08/10 19:17:44 終了しました(6580)
2025/08/11 19:18:39 開始します(5508)
2025/08/11 19:18:39 非実行(5508)
2025/08/11 19:18:39 実行中(5508)
2025/08/11 19:18:48 終了しました(5508)
2025/08/12 19:22:38 開始します(4528)
2025/08/12 19:22:38 非実行(4528)
2025/08/12 19:22:38 実行中(4528)
2025/08/12 19:22:47 終了しました(4528)
2025/08/13 19:26:22 開始します(4512)
2025/08/13 19:26:22 非実行(4512)
2025/08/13 19:26:22 実行中(4512)
2025/08/13 19:26:31 終了しました(4512)
2025/08/14 19:24:56 開始します(3668)
2025/08/14 19:24:56 非実行(3668)
2025/08/14 19:24:56 実行中(3668)
2025/08/14 19:25:05 終了しました(3668)
2025/08/15 19:23:09 開始します(764)
2025/08/15 19:23:09 非実行(764)
2025/08/15 19:23:09 実行中(764)
2025/08/15 19:23:18 終了しました(764)
2025/08/16 19:21:20 開始します(6948)
2025/08/16 19:21:20 非実行(6948)
2025/08/16 19:21:20 実行中(6948)
2025/08/16 19:21:29 終了しました(6948)
2025/08/17 19:19:02 開始します(3752)
2025/08/17 19:19:02 非実行(3752)
2025/08/17 19:19:02 実行中(3752)
2025/08/17 19:19:11 終了しました(3752)
2025/08/18 19:26:52 開始します(4812)
2025/08/18 19:26:52 非実行(4812)
2025/08/18 19:26:52 実行中(4812)
2025/08/18 19:27:02 終了しました(4812)
2025/08/19 19:25:13 開始します(5700)
2025/08/19 19:25:13 非実行(5700)
2025/08/19 19:25:13 実行中(5700)
2025/08/19 19:25:22 終了しました(5700)
2025/08/20 19:30:20 開始します(3240)
2025/08/20 19:30:20 非実行(3240)
2025/08/20 19:30:20 実行中(3240)
2025/08/20 19:30:30 終了しました(3240)
2025/08/21 19:25:13 開始します(5592)
2025/08/21 19:25:13 非実行(5592)
2025/08/21 19:25:13 実行中(5592)
2025/08/21 19:25:22 終了しました(5592)
2025/08/22 19:25:15 開始します(4416)
2025/08/22 19:25:15 非実行(4416)
2025/08/22 19:25:15 実行中(4416)
2025/08/22 19:25:24 終了しました(4416)
2025/08/23 19:22:38 開始します(6108)
2025/08/23 19:22:38 非実行(6108)
2025/08/23 19:22:38 実行中(6108)
2025/08/23 19:22:48 終了しました(6108)
2025/08/24 19:17:46 開始します(5324)
2025/08/24 19:17:46 非実行(5324)
2025/08/24 19:17:46 実行中(5324)
2025/08/24 19:17:55 終了しました(5324)
2025/08/25 19:20:42 開始します(6228)
2025/08/25 19:20:42 非実行(6228)
2025/08/25 19:20:42 実行中(6228)
2025/08/25 19:20:51 終了しました(6228)
2025/08/26 19:23:26 開始します(5352)
2025/08/26 19:23:26 非実行(5352)
2025/08/26 19:23:26 実行中(5352)
2025/08/26 19:23:35 終了しました(5352)
2025/08/27 19:23:44 開始します(4484)
2025/08/27 19:23:44 非実行(4484)
2025/08/27 19:23:44 実行中(4484)
2025/08/27 19:23:53 終了しました(4484)
2025/08/28 19:17:45 開始します(5940)
2025/08/28 19:17:45 非実行(5940)
2025/08/28 19:17:45 実行中(5940)
2025/08/28 19:17:54 終了しました(5940)
2025/08/29 19:18:50 開始します(2280)
2025/08/29 19:18:50 非実行(2280)
2025/08/29 19:18:50 実行中(2280)
2025/08/29 19:18:59 終了しました(2280)
2025/08/30 19:15:51 開始します(4764)
2025/08/30 19:15:51 非実行(4764)
2025/08/30 19:15:51 実行中(4764)
2025/08/30 19:16:00 終了しました(4764)
2025/08/31 19:12:37 開始します(1040)
2025/08/31 19:12:37 非実行(1040)
2025/08/31 19:12:37 実行中(1040)
2025/08/31 19:12:47 終了しました(1040)
2025/09/01 19:14:14 開始します(516)
2025/09/01 19:14:14 非実行(516)
2025/09/01 19:14:14 実行中(516)
2025/09/01 19:14:23 終了しました(516)
2025/09/02 19:13:14 開始します(5392)
2025/09/02 19:13:14 非実行(5392)
2025/09/02 19:13:14 実行中(5392)
2025/09/02 19:13:23 終了しました(5392)
2025/09/03 19:14:30 開始します(2436)
2025/09/03 19:14:30 非実行(2436)
2025/09/03 19:14:30 実行中(2436)
2025/09/03 19:14:39 終了しました(2436)
2025/09/04 19:08:23 開始します(7132)
2025/09/04 19:08:23 非実行(7132)
2025/09/04 19:08:23 実行中(7132)
2025/09/04 19:08:32 終了しました(7132)
2025/09/05 19:07:14 開始します(2224)
2025/09/05 19:07:14 非実行(2224)
2025/09/05 19:07:14 実行中(2224)
2025/09/05 19:07:23 終了しました(2224)
2025/09/06 19:06:34 開始します(5732)
2025/09/06 19:06:34 非実行(5732)
2025/09/06 19:06:34 実行中(5732)
2025/09/06 19:06:44 終了しました(5732)
2025/09/07 19:04:23 開始します(5656)
2025/09/07 19:04:23 非実行(5656)
2025/09/07 19:04:23 実行中(5656)
2025/09/07 19:04:32 終了しました(5656)
2025/09/08 19:10:18 開始します(1784)
2025/09/08 19:10:18 非実行(1784)
2025/09/08 19:10:18 実行中(1784)
2025/09/08 19:10:27 終了しました(1784)
2025/09/09 19:15:10 開始します(5552)
2025/09/09 19:15:10 非実行(5552)
2025/09/09 19:15:10 実行中(5552)
2025/09/09 19:15:20 終了しました(5552)
2025/09/10 19:19:37 開始します(5812)
2025/09/10 19:19:37 非実行(5812)
2025/09/10 19:19:37 実行中(5812)
2025/09/10 19:19:46 終了しました(5812)
2025/09/11 19:14:28 開始します(5056)
2025/09/11 19:14:28 非実行(5056)
2025/09/11 19:14:28 実行中(5056)
2025/09/11 19:14:37 終了しました(5056)
2025/09/12 19:14:13 開始します(7120)
2025/09/12 19:14:13 非実行(7120)
2025/09/12 19:14:13 実行中(7120)
2025/09/12 19:14:22 終了しました(7120)
2025/09/13 19:12:44 開始します(5148)
2025/09/13 19:12:44 非実行(5148)
2025/09/13 19:12:44 実行中(5148)
2025/09/13 19:12:53 終了しました(5148)
2025/09/14 19:10:38 開始します(4300)
2025/09/14 19:10:38 非実行(4300)
2025/09/14 19:10:38 実行中(4300)
2025/09/14 19:10:47 終了しました(4300)
2025/09/15 19:16:20 開始します(2388)
2025/09/15 19:16:20 非実行(2388)
2025/09/15 19:16:20 実行中(2388)
2025/09/15 19:16:29 終了しました(2388)
2025/09/16 19:19:42 開始します(6852)
2025/09/16 19:19:42 非実行(6852)
2025/09/16 19:19:42 実行中(6852)
2025/09/16 19:19:51 終了しました(6852)
2025/09/17 19:21:48 開始します(5868)
2025/09/17 19:21:48 非実行(5868)
2025/09/17 19:21:48 実行中(5868)
2025/09/17 19:21:57 終了しました(5868)
2025/09/18 19:20:01 開始します(3584)
2025/09/18 19:20:01 非実行(3584)
2025/09/18 19:20:01 実行中(3584)
2025/09/18 19:20:10 終了しました(3584)
2025/09/19 19:19:26 開始します(2708)
2025/09/19 19:19:26 非実行(2708)
2025/09/19 19:19:26 実行中(2708)
2025/09/19 19:19:35 終了しました(2708)
2025/09/20 19:16:38 開始します(3592)
2025/09/20 19:16:38 非実行(3592)
2025/09/20 19:16:38 実行中(3592)
2025/09/20 19:16:48 終了しました(3592)
2025/09/21 19:14:29 開始します(2304)
2025/09/21 19:14:29 非実行(2304)
2025/09/21 19:14:29 実行中(2304)
2025/09/21 19:14:38 終了しました(2304)
2025/09/22 19:17:51 開始します(128)
2025/09/22 19:17:51 非実行(128)
2025/09/22 19:17:51 実行中(128)
2025/09/22 19:18:01 終了しました(128)
2025/09/23 19:20:43 開始します(512)
2025/09/23 19:20:43 非実行(512)
2025/09/23 19:20:43 実行中(512)
2025/09/23 19:20:52 終了しました(512)
2025/09/24 19:19:49 開始します(2188)
2025/09/24 19:19:49 非実行(2188)
2025/09/24 19:19:49 実行中(2188)
2025/09/24 19:19:58 終了しました(2188)
2025/09/25 19:14:01 開始します(2792)
2025/09/25 19:14:01 非実行(2792)
2025/09/25 19:14:01 実行中(2792)
2025/09/25 19:14:10 終了しました(2792)
2025/09/26 19:12:53 開始します(3712)
2025/09/26 19:12:53 非実行(3712)
2025/09/26 19:12:53 実行中(3712)
2025/09/26 19:13:02 終了しました(3712)
2025/09/27 19:10:00 開始します(2384)
2025/09/27 19:10:00 非実行(2384)
2025/09/27 19:10:00 実行中(2384)
2025/09/27 19:10:09 終了しました(2384)
2025/09/28 19:07:07 開始します(3484)
2025/09/28 19:07:07 非実行(3484)
2025/09/28 19:07:07 実行中(3484)
2025/09/28 19:07:16 終了しました(3484)
2025/09/29 19:10:36 開始します(6668)
2025/09/29 19:10:36 非実行(6668)
2025/09/29 19:10:36 実行中(6668)
2025/09/29 19:10:45 終了しました(6668)
2025/09/30 19:11:15 開始します(2728)
2025/09/30 19:11:15 非実行(2728)
2025/09/30 19:11:15 実行中(2728)
2025/09/30 19:11:24 終了しました(2728)
2025/10/01 19:14:42 開始します(3152)
2025/10/01 19:14:42 非実行(3152)
2025/10/01 19:14:42 実行中(3152)
2025/10/01 19:14:51 終了しました(3152)
2025/10/02 19:07:24 開始します(3112)
2025/10/02 19:07:24 非実行(3112)
2025/10/02 19:07:24 実行中(3112)
2025/10/02 19:07:33 終了しました(3112)
2025/10/03 19:08:50 開始します(4768)
2025/10/03 19:08:50 非実行(4768)
2025/10/03 19:08:50 実行中(4768)
2025/10/03 19:08:59 終了しました(4768)
2025/10/04 19:07:36 開始します(3288)
2025/10/04 19:07:36 非実行(3288)
2025/10/04 19:07:36 実行中(3288)
2025/10/04 19:07:45 終了しました(3288)
2025/10/05 19:05:41 開始します(2936)
2025/10/05 19:05:41 非実行(2936)
2025/10/05 19:05:41 実行中(2936)
2025/10/05 19:05:50 終了しました(2936)
2025/10/06 19:08:25 開始します(6580)
2025/10/06 19:08:25 非実行(6580)
2025/10/06 19:08:25 実行中(6580)
2025/10/06 19:08:34 終了しました(6580)
2025/10/07 19:18:25 開始します(1136)
2025/10/07 19:18:25 非実行(1136)
2025/10/07 19:18:25 実行中(1136)
2025/10/07 19:18:34 終了しました(1136)
2025/10/08 19:22:01 開始します(2508)
2025/10/08 19:22:01 非実行(2508)
2025/10/08 19:22:01 実行中(2508)
2025/10/08 19:22:10 終了しました(2508)
2025/10/09 19:17:14 開始します(4524)
2025/10/09 19:17:14 非実行(4524)
2025/10/09 19:17:14 実行中(4524)
2025/10/09 19:17:23 終了しました(4524)
2025/10/10 19:16:41 開始します(4464)
2025/10/10 19:16:41 非実行(4464)
2025/10/10 19:16:41 実行中(4464)
2025/10/10 19:16:50 終了しました(4464)
2025/10/11 19:15:46 開始します(1904)
2025/10/11 19:15:46 非実行(1904)
2025/10/11 19:15:46 実行中(1904)
2025/10/11 19:15:55 終了しました(1904)
2025/10/12 19:13:04 開始します(972)
2025/10/12 19:13:04 非実行(972)
2025/10/12 19:13:04 実行中(972)
2025/10/12 19:13:13 終了しました(972)
2025/10/13 19:19:14 開始します(3044)
2025/10/13 19:19:14 非実行(3044)
2025/10/13 19:19:14 実行中(3044)
2025/10/13 19:19:24 終了しました(3044)
2025/10/14 19:27:59 開始します(3236)
2025/10/14 19:27:59 非実行(3236)
2025/10/14 19:27:59 実行中(3236)
2025/10/14 19:28:08 終了しました(3236)
2025/10/15 19:30:32 開始します(5876)
2025/10/15 19:30:32 非実行(5876)
2025/10/15 19:30:32 実行中(5876)
2025/10/15 19:30:41 終了しました(5876)
2025/10/16 19:28:47 開始します(4400)
2025/10/16 19:28:47 非実行(4400)
2025/10/16 19:28:47 実行中(4400)
2025/10/16 19:28:56 終了しました(4400)
2025/10/17 19:27:58 開始します(5836)
2025/10/17 19:27:58 非実行(5836)
2025/10/17 19:27:58 実行中(5836)
2025/10/17 19:28:07 終了しました(5836)
2025/10/18 19:27:27 開始します(6048)
2025/10/18 19:27:27 非実行(6048)
2025/10/18 19:27:27 実行中(6048)
2025/10/18 19:27:36 終了しました(6048)
2025/10/19 19:24:56 開始します(1768)
2025/10/19 19:24:56 非実行(1768)
2025/10/19 19:24:56 実行中(1768)
2025/10/19 19:25:05 終了しました(1768)
2025/10/20 19:27:23 開始します(5948)
2025/10/20 19:27:23 非実行(5948)
2025/10/20 19:27:23 実行中(5948)
2025/10/20 19:27:32 終了しました(5948)
2025/10/21 19:36:30 開始します(5836)
2025/10/21 19:36:30 非実行(5836)
2025/10/21 19:36:30 実行中(5836)
2025/10/21 19:36:39 終了しました(5836)
2025/10/22 19:41:59 開始します(6060)
2025/10/22 19:41:59 非実行(6060)
2025/10/22 19:41:59 実行中(6060)
2025/10/22 19:42:08 終了しました(6060)
2025/10/23 19:36:22 開始します(2256)
2025/10/23 19:36:22 非実行(2256)
2025/10/23 19:36:22 実行中(2256)
2025/10/23 19:36:31 終了しました(2256)
2025/10/24 19:38:59 開始します(4044)
2025/10/24 19:38:59 非実行(4044)
2025/10/24 19:38:59 実行中(4044)
2025/10/24 19:39:08 終了しました(4044)
2025/10/25 19:34:34 開始します(7984)
2025/10/25 19:34:34 非実行(7984)
2025/10/25 19:34:34 実行中(7984)
2025/10/25 19:34:43 終了しました(7984)
2025/10/26 19:31:21 開始します(1060)
2025/10/26 19:31:21 非実行(1060)
2025/10/26 19:31:21 実行中(1060)
2025/10/26 19:31:31 終了しました(1060)
2025/10/27 19:33:00 開始します(7972)
2025/10/27 19:33:00 非実行(7972)
2025/10/27 19:33:00 実行中(7972)
2025/10/27 19:33:10 終了しました(7972)
