2024/06/06 09:26:06 開始します(2688)
2024/06/06 09:26:06 非実行(2688)
2024/06/06 09:26:06 実行中(2688)
2024/06/06 09:26:07 終了しました(2688)
2024/06/06 10:43:40 開始します(2944)
2024/06/06 10:43:40 非実行(2944)
2024/06/06 10:43:40 実行中(2944)
2024/06/06 10:43:40 終了しました(2944)
2024/06/06 12:21:05 開始します(5084)
2024/06/06 12:21:05 非実行(5084)
2024/06/06 12:21:05 実行中(5084)
2024/06/06 12:21:05 終了しました(5084)
2024/06/06 12:47:46 開始します(4800)
2024/06/06 12:47:46 非実行(4800)
2024/06/06 12:47:46 実行中(4800)
2024/06/06 12:47:47 終了しました(4800)
2024/06/06 16:01:38 開始します(5836)
2024/06/06 16:01:38 非実行(5836)
2024/06/06 16:01:38 実行中(5836)
2024/06/06 16:01:39 終了しました(5836)
2024/06/07 07:39:19 開始します(6580)
2024/06/07 07:39:19 非実行(6580)
2024/06/07 07:39:19 実行中(6580)
2024/06/07 07:39:19 終了しました(6580)
2024/06/07 07:48:49 開始します(5536)
2024/06/07 07:48:49 非実行(5536)
2024/06/07 07:48:49 実行中(5536)
2024/06/07 07:48:50 終了しました(5536)
2024/06/07 08:04:16 開始します(5092)
2024/06/07 08:04:16 非実行(5092)
2024/06/07 08:04:16 実行中(5092)
2024/06/07 08:04:16 終了しました(5092)
2024/06/07 08:11:06 開始します(4092)
2024/06/07 08:11:06 非実行(4092)
2024/06/07 08:11:06 実行中(4092)
2024/06/07 08:11:06 終了しました(4092)
2024/06/07 08:51:45 開始します(1912)
2024/06/07 08:51:45 非実行(1912)
2024/06/07 08:51:45 実行中(1912)
2024/06/07 08:51:46 終了しました(1912)
2024/06/07 08:56:13 開始します(5032)
2024/06/07 08:56:13 非実行(5032)
2024/06/07 08:56:13 実行中(5032)
2024/06/07 08:56:13 終了しました(5032)
2024/06/07 13:16:49 開始します(5416)
2024/06/07 13:16:49 非実行(5416)
2024/06/07 13:16:49 実行中(5416)
2024/06/07 13:16:50 終了しました(5416)
2024/08/23 17:06:08 開始します(7052)
2024/08/23 17:06:08 非実行(7052)
2024/08/23 17:06:08 実行中(7052)
2024/08/23 17:06:09 終了しました(7052)
2024/08/27 13:19:46 開始します(2420)
2024/08/27 13:19:46 非実行(2420)
2024/08/27 13:19:46 実行中(2420)
2024/08/27 13:19:46 終了しました(2420)
2024/09/12 04:02:03 開始します(8056)
2024/09/12 04:02:03 非実行(8056)
2024/09/12 04:02:03 実行中(8056)
2024/09/12 04:02:03 終了しました(8056)
2024/09/18 11:15:36 開始します(11428)
2024/09/18 11:15:36 非実行(11428)
2024/09/18 11:15:36 実行中(11428)
2024/09/18 11:15:36 終了しました(11428)
2024/09/18 21:34:39 開始します(7292)
2024/09/18 21:34:39 非実行(7292)
2024/09/18 21:34:39 実行中(7292)
2024/09/18 21:34:40 終了しました(7292)
2024/09/20 04:12:01 開始します(6092)
2024/09/20 04:12:01 非実行(6092)
2024/09/20 04:12:01 実行中(6092)
2024/09/20 04:12:01 終了しました(6092)
2024/09/23 07:38:38 開始します(2992)
2024/09/23 07:38:38 非実行(2992)
2024/09/23 07:38:38 実行中(2992)
2024/09/23 07:38:38 終了しました(2992)
2024/09/26 10:56:05 開始します(9876)
2024/09/26 10:56:05 非実行(9876)
2024/09/26 10:56:05 実行中(9876)
2024/09/26 10:56:05 終了しました(9876)
2024/09/28 11:47:56 開始します(3220)
2024/09/28 11:47:56 非実行(3220)
2024/09/28 11:47:56 実行中(3220)
2024/09/28 11:47:56 終了しました(3220)
2024/09/29 10:54:51 開始します(12980)
2024/09/29 10:54:51 非実行(12980)
2024/09/29 10:54:51 実行中(12980)
2024/09/29 10:54:51 終了しました(12980)
2024/10/02 04:13:15 開始します(2836)
2024/10/02 04:13:15 非実行(2836)
2024/10/02 04:13:15 実行中(2836)
2024/10/02 04:13:15 終了しました(2836)
2024/10/03 06:25:24 開始します(4260)
2024/10/03 06:25:24 非実行(4260)
2024/10/03 06:25:24 実行中(4260)
2024/10/03 06:25:25 終了しました(4260)
2024/10/04 09:01:00 開始します(9436)
2024/10/04 09:01:00 非実行(9436)
2024/10/04 09:01:00 実行中(9436)
2024/10/04 09:01:00 終了しました(9436)
2024/10/05 08:35:18 開始します(10764)
2024/10/05 08:35:18 非実行(10764)
2024/10/05 08:35:18 実行中(10764)
2024/10/05 08:35:18 終了しました(10764)
2024/10/07 17:50:49 開始します(5832)
2024/10/07 17:50:49 非実行(5832)
2024/10/07 17:50:49 実行中(5832)
2024/10/07 17:50:49 終了しました(5832)
2024/10/08 08:19:55 開始します(10956)
2024/10/08 08:19:55 非実行(10956)
2024/10/08 08:19:55 実行中(10956)
2024/10/08 08:19:56 終了しました(10956)
2024/10/09 07:42:12 開始します(8488)
2024/10/09 07:42:12 非実行(8488)
2024/10/09 07:42:12 実行中(8488)
2024/10/09 07:42:12 終了しました(8488)
2024/10/09 17:28:18 開始します(6492)
2024/10/09 17:28:18 非実行(6492)
2024/10/09 17:28:18 実行中(6492)
2024/10/09 17:28:19 終了しました(6492)
2024/10/09 17:29:08 開始します(9184)
2024/10/09 17:29:08 非実行(9184)
2024/10/09 17:29:08 実行中(9184)
2024/10/09 17:29:09 終了しました(9184)
2024/10/10 08:21:28 開始します(8936)
2024/10/10 08:21:28 非実行(8936)
2024/10/10 08:21:28 実行中(8936)
2024/10/10 08:21:28 終了しました(8936)
2024/10/11 07:28:51 開始します(12080)
2024/10/11 07:28:51 非実行(12080)
2024/10/11 07:28:51 実行中(12080)
2024/10/11 07:28:51 終了しました(12080)
2024/10/13 09:10:44 開始します(7248)
2024/10/13 09:10:44 非実行(7248)
2024/10/13 09:10:44 実行中(7248)
2024/10/13 09:10:45 終了しました(7248)
2024/10/16 07:46:44 開始します(3404)
2024/10/16 07:46:44 非実行(3404)
2024/10/16 07:46:44 実行中(3404)
2024/10/16 07:46:44 終了しました(3404)
2024/10/17 06:56:15 開始します(7696)
2024/10/17 06:56:15 非実行(7696)
2024/10/17 06:56:15 実行中(7696)
2024/10/17 06:56:16 終了しました(7696)
2024/10/18 13:04:36 開始します(4124)
2024/10/18 13:04:36 非実行(4124)
2024/10/18 13:04:36 実行中(4124)
2024/10/18 13:04:36 終了しました(4124)
2024/10/19 06:06:12 開始します(4384)
2024/10/19 06:06:12 非実行(4384)
2024/10/19 06:06:12 実行中(4384)
2024/10/19 06:06:12 終了しました(4384)
2024/10/22 04:10:38 開始します(8596)
2024/10/22 04:10:38 非実行(8596)
2024/10/22 04:10:38 実行中(8596)
2024/10/22 04:10:39 終了しました(8596)
2024/10/23 04:23:56 開始します(1016)
2024/10/23 04:23:56 非実行(1016)
2024/10/23 04:23:56 実行中(1016)
2024/10/23 04:23:57 終了しました(1016)
2024/10/24 06:05:57 開始します(8520)
2024/10/24 06:05:57 非実行(8520)
2024/10/24 06:05:57 実行中(8520)
2024/10/24 06:05:58 終了しました(8520)
2024/10/25 09:18:33 開始します(7892)
2024/10/25 09:18:33 非実行(7892)
2024/10/25 09:18:33 実行中(7892)
2024/10/25 09:18:34 終了しました(7892)
2024/10/27 17:23:25 開始します(6568)
2024/10/27 17:23:25 非実行(6568)
2024/10/27 17:23:25 実行中(6568)
2024/10/27 17:23:26 終了しました(6568)
2024/10/29 04:28:20 開始します(896)
2024/10/29 04:28:20 非実行(896)
2024/10/29 04:28:20 実行中(896)
2024/10/29 04:28:21 終了しました(896)
2024/10/30 02:47:50 開始します(5356)
2024/10/30 02:47:50 非実行(5356)
2024/10/30 02:47:50 実行中(5356)
2024/10/30 02:47:51 終了しました(5356)
2024/10/31 02:16:55 開始します(440)
2024/10/31 02:16:55 非実行(440)
2024/10/31 02:16:55 実行中(440)
2024/10/31 02:16:56 終了しました(440)
2024/11/01 03:00:58 開始します(6124)
2024/11/01 03:00:58 非実行(6124)
2024/11/01 03:00:58 実行中(6124)
2024/11/01 03:00:59 終了しました(6124)
2024/11/04 00:19:19 開始します(7120)
2024/11/04 00:19:19 非実行(7120)
2024/11/04 00:19:19 実行中(7120)
2024/11/04 00:19:20 終了しました(7120)
2024/11/06 02:17:13 開始します(5952)
2024/11/06 02:17:13 非実行(5952)
2024/11/06 02:17:13 実行中(5952)
2024/11/06 02:17:13 終了しました(5952)
2024/11/07 10:02:14 開始します(3728)
2024/11/07 10:02:14 非実行(3728)
2024/11/07 10:02:14 実行中(3728)
2024/11/07 10:02:15 終了しました(3728)
2024/11/08 09:20:52 開始します(4156)
2024/11/08 09:20:52 非実行(4156)
2024/11/08 09:20:52 実行中(4156)
2024/11/08 09:20:53 終了しました(4156)
2024/11/09 10:46:45 開始します(3532)
2024/11/09 10:46:45 非実行(3532)
2024/11/09 10:46:45 実行中(3532)
2024/11/09 10:46:46 終了しました(3532)
2024/11/12 07:25:45 開始します(1072)
2024/11/12 07:25:45 非実行(1072)
2024/11/12 07:25:45 実行中(1072)
2024/11/12 07:25:45 終了しました(1072)
2024/11/13 10:09:15 開始します(324)
2024/11/13 10:09:15 非実行(324)
2024/11/13 10:09:15 実行中(324)
2024/11/13 10:09:15 終了しました(324)
2024/11/14 11:09:52 開始します(7552)
2024/11/14 11:09:52 非実行(7552)
2024/11/14 11:09:52 実行中(7552)
2024/11/14 11:09:53 終了しました(7552)
2024/11/15 10:54:16 開始します(6964)
2024/11/15 10:54:16 非実行(6964)
2024/11/15 10:54:16 実行中(6964)
2024/11/15 10:54:17 終了しました(6964)
2024/11/17 09:15:38 開始します(456)
2024/11/17 09:15:38 非実行(456)
2024/11/17 09:15:38 実行中(456)
2024/11/17 09:15:39 終了しました(456)
2024/11/19 11:24:33 開始します(7672)
2024/11/19 11:24:33 非実行(7672)
2024/11/19 11:24:33 実行中(7672)
2024/11/19 11:24:34 終了しました(7672)
2024/11/20 11:15:55 開始します(2780)
2024/11/20 11:15:55 非実行(2780)
2024/11/20 11:15:55 実行中(2780)
2024/11/20 11:15:56 終了しました(2780)
2024/11/21 00:26:19 開始します(5000)
2024/11/21 00:26:19 非実行(5000)
2024/11/21 00:26:19 実行中(5000)
2024/11/21 00:26:19 終了しました(5000)
2024/11/22 15:13:42 開始します(6336)
2024/11/22 15:13:42 非実行(6336)
2024/11/22 15:13:42 実行中(6336)
2024/11/22 15:13:43 終了しました(6336)
2024/12/05 03:45:41 開始します(7956)
2024/12/05 03:45:41 非実行(7956)
2024/12/05 03:45:41 実行中(7956)
2024/12/05 03:45:42 終了しました(7956)
2024/12/06 06:01:50 開始します(5000)
2024/12/06 06:01:50 非実行(5000)
2024/12/06 06:01:50 実行中(5000)
2024/12/06 06:01:51 終了しました(5000)
2024/12/09 16:50:31 開始します(7796)
2024/12/09 16:50:31 非実行(7796)
2024/12/09 16:50:31 実行中(7796)
2024/12/09 16:50:33 終了しました(7796)
2024/12/11 08:33:36 開始します(1780)
2024/12/11 08:33:36 非実行(1780)
2024/12/11 08:33:36 実行中(1780)
2024/12/11 08:33:37 終了しました(1780)
2024/12/12 07:30:15 開始します(8880)
2024/12/12 07:30:15 非実行(8880)
2024/12/12 07:30:15 実行中(8880)
2024/12/12 07:30:16 終了しました(8880)
2024/12/13 06:34:40 開始します(2020)
2024/12/13 06:34:40 非実行(2020)
2024/12/13 06:34:40 実行中(2020)
2024/12/13 06:34:40 終了しました(2020)
2024/12/16 07:01:08 開始します(3748)
2024/12/16 07:01:08 非実行(3748)
2024/12/16 07:01:08 実行中(3748)
2024/12/16 07:01:09 終了しました(3748)
2024/12/17 09:47:23 開始します(9356)
2024/12/17 09:47:23 非実行(9356)
2024/12/17 09:47:23 実行中(9356)
2024/12/17 09:47:24 終了しました(9356)
2024/12/18 11:14:15 開始します(8248)
2024/12/18 11:14:15 非実行(8248)
2024/12/18 11:14:15 実行中(8248)
2024/12/18 11:14:16 終了しました(8248)
2024/12/19 11:33:24 開始します(5312)
2024/12/19 11:33:24 非実行(5312)
2024/12/19 11:33:24 実行中(5312)
2024/12/19 11:33:25 終了しました(5312)
2024/12/20 14:43:59 開始します(4472)
2024/12/20 14:43:59 非実行(4472)
2024/12/20 14:43:59 実行中(4472)
2024/12/20 14:44:00 終了しました(4472)
2024/12/21 13:06:26 開始します(8476)
2024/12/21 13:06:26 非実行(8476)
2024/12/21 13:06:26 実行中(8476)
2024/12/21 13:06:27 終了しました(8476)
2024/12/22 15:40:25 開始します(7860)
2024/12/22 15:40:25 非実行(7860)
2024/12/22 15:40:25 実行中(7860)
2024/12/22 15:40:26 終了しました(7860)
2024/12/24 07:57:40 開始します(9900)
2024/12/24 07:57:40 非実行(9900)
2024/12/24 07:57:40 実行中(9900)
2024/12/24 07:57:41 終了しました(9900)
2024/12/27 04:03:29 開始します(9664)
2024/12/27 04:03:29 非実行(9664)
2024/12/27 04:03:29 実行中(9664)
2024/12/27 04:03:29 終了しました(9664)
2025/02/05 05:11:38 開始します(9828)
2025/02/05 05:11:38 非実行(9828)
2025/02/05 05:11:38 実行中(9828)
2025/02/05 05:11:39 終了しました(9828)
2025/02/06 08:11:53 開始します(2248)
2025/02/06 08:11:53 非実行(2248)
2025/02/06 08:11:53 実行中(2248)
2025/02/06 08:11:54 終了しました(2248)
2025/02/08 03:21:19 開始します(8248)
2025/02/08 03:21:19 非実行(8248)
2025/02/08 03:21:19 実行中(8248)
2025/02/08 03:21:20 終了しました(8248)
2025/02/11 04:08:15 開始します(5360)
2025/02/11 04:08:15 非実行(5360)
2025/02/11 04:08:15 実行中(5360)
2025/02/11 04:08:15 終了しました(5360)
2025/02/14 00:54:18 開始します(2468)
2025/02/14 00:54:18 非実行(2468)
2025/02/14 00:54:18 実行中(2468)
2025/02/14 00:54:19 終了しました(2468)
2025/02/14 19:04:45 開始します(8252)
2025/02/14 19:04:45 非実行(8252)
2025/02/14 19:04:45 実行中(8252)
2025/02/14 19:04:46 終了しました(8252)
2025/02/15 18:25:34 開始します(1432)
2025/02/15 18:25:34 非実行(1432)
2025/02/15 18:25:34 実行中(1432)
2025/02/15 18:25:35 終了しました(1432)
2025/02/18 07:56:02 開始します(11072)
2025/02/18 07:56:02 非実行(11072)
2025/02/18 07:56:02 実行中(11072)
2025/02/18 07:56:03 終了しました(11072)
2025/02/19 05:54:42 開始します(9104)
2025/02/19 05:54:42 非実行(9104)
2025/02/19 05:54:42 実行中(9104)
2025/02/19 05:54:42 終了しました(9104)
2025/02/20 02:54:03 開始します(6464)
2025/02/20 02:54:03 非実行(6464)
2025/02/20 02:54:03 実行中(6464)
2025/02/20 02:54:03 終了しました(6464)
2025/02/21 08:50:17 開始します(7652)
2025/02/21 08:50:17 非実行(7652)
2025/02/21 08:50:17 実行中(7652)
2025/02/21 08:50:17 終了しました(7652)
2025/02/22 07:00:40 開始します(8744)
2025/02/22 07:00:40 非実行(8744)
2025/02/22 07:00:40 実行中(8744)
2025/02/22 07:00:41 終了しました(8744)
2025/02/23 08:25:29 開始します(2412)
2025/02/23 08:25:29 非実行(2412)
2025/02/23 08:25:29 実行中(2412)
2025/02/23 08:25:29 終了しました(2412)
2025/02/27 06:54:39 開始します(5912)
2025/02/27 06:54:39 非実行(5912)
2025/02/27 06:54:39 実行中(5912)
2025/02/27 06:54:40 終了しました(5912)
2025/02/28 03:31:41 開始します(1168)
2025/02/28 03:31:41 非実行(1168)
2025/02/28 03:31:41 実行中(1168)
2025/02/28 03:31:42 終了しました(1168)
2025/03/01 03:18:49 開始します(5424)
2025/03/01 03:18:49 非実行(5424)
2025/03/01 03:18:49 実行中(5424)
2025/03/01 03:18:49 終了しました(5424)
2025/03/08 04:05:01 開始します(10888)
2025/03/08 04:05:01 非実行(10888)
2025/03/08 04:05:01 実行中(10888)
2025/03/08 04:05:02 終了しました(10888)
2025/03/09 04:05:01 開始します(5772)
2025/03/09 04:05:01 非実行(5772)
2025/03/09 04:05:01 実行中(5772)
2025/03/09 04:05:02 終了しました(5772)
2025/03/10 04:05:01 開始します(3984)
2025/03/10 04:05:01 非実行(3984)
2025/03/10 04:05:01 実行中(3984)
2025/03/10 04:05:02 終了しました(3984)
2025/03/11 04:05:01 開始します(8336)
2025/03/11 04:05:01 非実行(8336)
2025/03/11 04:05:01 実行中(8336)
2025/03/11 04:05:02 終了しました(8336)
2025/03/12 04:05:01 開始します(9796)
2025/03/12 04:05:01 非実行(9796)
2025/03/12 04:05:01 実行中(9796)
2025/03/12 04:05:02 終了しました(9796)
2025/03/13 04:05:01 開始します(8440)
2025/03/13 04:05:01 非実行(8440)
2025/03/13 04:05:01 実行中(8440)
2025/03/13 04:05:02 終了しました(8440)
2025/03/13 10:47:32 開始します(1412)
2025/03/13 10:47:32 非実行(1412)
2025/03/13 10:47:32 実行中(1412)
2025/03/13 10:47:32 終了しました(1412)
2025/03/13 10:48:13 開始します(8972)
2025/03/13 10:48:13 非実行(8972)
2025/03/13 10:48:13 実行中(8972)
2025/03/13 10:48:14 終了しました(8972)
2025/03/13 10:48:34 開始します(6500)
2025/03/13 10:48:34 非実行(6500)
2025/03/13 10:48:34 実行中(6500)
2025/03/13 10:48:46 終了しました(6500)
2025/03/13 10:49:50 開始します(9120)
2025/03/13 10:49:50 非実行(9120)
2025/03/13 10:49:50 実行中(9120)
2025/03/13 10:49:50 終了しました(9120)
2025/03/14 04:05:01 開始します(6940)
2025/03/14 04:05:01 非実行(6940)
2025/03/14 04:05:01 実行中(6940)
2025/03/14 04:05:02 終了しました(6940)
2025/03/14 12:55:44 開始します(1480)
2025/03/14 12:55:44 非実行(1480)
2025/03/14 12:55:44 実行中(1480)
2025/03/14 12:55:45 終了しました(1480)
2025/03/14 12:56:16 開始します(7940)
2025/03/14 12:56:16 非実行(7940)
2025/03/14 12:56:16 実行中(7940)
2025/03/14 12:56:18 終了しました(7940)
2025/03/14 12:56:42 開始します(7132)
2025/03/14 12:56:42 非実行(7132)
2025/03/14 12:56:42 実行中(7132)
2025/03/14 12:57:17 開始します(5216)
2025/03/14 12:57:17 確認するPID：5884
2025/03/14 12:57:17 実行結果：5884
2025/03/14 12:57:17 実行中...終了します(5884)
2025/03/14 13:00:13 開始します(5980)
2025/03/14 13:00:13 非実行(5980)
2025/03/14 13:00:13 実行中(5980)
2025/03/14 13:00:14 終了しました(5980)
2025/03/14 13:00:26 開始します(4336)
2025/03/14 13:00:26 非実行(4336)
2025/03/14 13:00:26 実行中(4336)
2025/03/14 13:00:27 終了しました(4336)
2025/03/15 04:05:01 開始します(4276)
2025/03/15 04:05:01 非実行(4276)
2025/03/15 04:05:01 実行中(4276)
2025/03/15 04:05:02 終了しました(4276)
2025/03/16 04:05:02 開始します(2132)
2025/03/16 04:05:02 非実行(2132)
2025/03/16 04:05:02 実行中(2132)
2025/03/16 04:05:02 終了しました(2132)
2025/03/17 04:05:02 開始します(6580)
2025/03/17 04:05:02 非実行(6580)
2025/03/17 04:05:02 実行中(6580)
2025/03/17 04:05:02 終了しました(6580)
2025/03/18 04:05:02 開始します(5596)
2025/03/18 04:05:02 非実行(5596)
2025/03/18 04:05:02 実行中(5596)
2025/03/18 04:05:02 終了しました(5596)
2025/03/19 04:05:02 開始します(3524)
2025/03/19 04:05:02 非実行(3524)
2025/03/19 04:05:02 実行中(3524)
2025/03/19 04:05:02 終了しました(3524)
2025/03/20 04:05:02 開始します(10864)
2025/03/20 04:05:02 非実行(10864)
2025/03/20 04:05:02 実行中(10864)
2025/03/20 04:05:02 終了しました(10864)
2025/03/21 04:05:02 開始します(9716)
2025/03/21 04:05:02 非実行(9716)
2025/03/21 04:05:02 実行中(9716)
2025/03/21 04:05:02 終了しました(9716)
2025/03/22 04:05:02 開始します(7156)
2025/03/22 04:05:02 非実行(7156)
2025/03/22 04:05:02 実行中(7156)
2025/03/22 04:05:02 終了しました(7156)
2025/03/23 04:05:02 開始します(7448)
2025/03/23 04:05:02 非実行(7448)
2025/03/23 04:05:02 実行中(7448)
2025/03/23 04:05:02 終了しました(7448)
2025/03/24 04:05:02 開始します(5852)
2025/03/24 04:05:02 非実行(5852)
2025/03/24 04:05:02 実行中(5852)
2025/03/24 04:05:02 終了しました(5852)
2025/03/25 04:05:02 開始します(9428)
2025/03/25 04:05:02 非実行(9428)
2025/03/25 04:05:02 実行中(9428)
2025/03/25 04:05:02 終了しました(9428)
2025/03/26 04:05:02 開始します(10692)
2025/03/26 04:05:02 非実行(10692)
2025/03/26 04:05:02 実行中(10692)
2025/03/26 04:05:02 終了しました(10692)
2025/03/27 04:05:02 開始します(6164)
2025/03/27 04:05:02 非実行(6164)
2025/03/27 04:05:02 実行中(6164)
2025/03/27 04:05:02 終了しました(6164)
2025/03/28 04:05:02 開始します(7548)
2025/03/28 04:05:02 非実行(7548)
2025/03/28 04:05:02 実行中(7548)
2025/03/28 04:05:02 終了しました(7548)
2025/03/29 04:05:02 開始します(10712)
2025/03/29 04:05:02 非実行(10712)
2025/03/29 04:05:02 実行中(10712)
2025/03/29 04:05:02 終了しました(10712)
2025/03/30 04:05:02 開始します(8480)
2025/03/30 04:05:02 非実行(8480)
2025/03/30 04:05:02 実行中(8480)
2025/03/30 04:05:02 終了しました(8480)
2025/03/31 04:05:02 開始します(6876)
2025/03/31 04:05:02 非実行(6876)
2025/03/31 04:05:02 実行中(6876)
2025/03/31 04:05:02 終了しました(6876)
2025/04/01 04:05:02 開始します(1816)
2025/04/01 04:05:02 非実行(1816)
2025/04/01 04:05:02 実行中(1816)
2025/04/01 04:05:02 終了しました(1816)
2025/04/02 04:05:02 開始します(9468)
2025/04/02 04:05:02 非実行(9468)
2025/04/02 04:05:02 実行中(9468)
2025/04/02 04:05:02 終了しました(9468)
2025/04/03 04:05:02 開始します(8988)
2025/04/03 04:05:02 非実行(8988)
2025/04/03 04:05:02 実行中(8988)
2025/04/03 04:05:02 終了しました(8988)
2025/04/04 04:05:02 開始します(6980)
2025/04/04 04:05:02 非実行(6980)
2025/04/04 04:05:02 実行中(6980)
2025/04/04 04:05:02 終了しました(6980)
2025/04/05 04:05:02 開始します(10000)
2025/04/05 04:05:02 非実行(10000)
2025/04/05 04:05:02 実行中(10000)
2025/04/05 04:05:02 終了しました(10000)
2025/04/06 04:05:02 開始します(7880)
2025/04/06 04:05:02 非実行(7880)
2025/04/06 04:05:02 実行中(7880)
2025/04/06 04:05:02 終了しました(7880)
2025/04/07 04:05:02 開始します(6684)
2025/04/07 04:05:02 非実行(6684)
2025/04/07 04:05:02 実行中(6684)
2025/04/07 04:05:02 終了しました(6684)
2025/04/08 04:05:02 開始します(376)
2025/04/08 04:05:02 非実行(376)
2025/04/08 04:05:02 実行中(376)
2025/04/08 04:05:02 終了しました(376)
2025/04/09 04:05:02 開始します(3864)
2025/04/09 04:05:02 非実行(3864)
2025/04/09 04:05:02 実行中(3864)
2025/04/09 04:05:02 終了しました(3864)
2025/04/10 04:35:01 開始します(8580)
2025/04/10 04:35:01 非実行(8580)
2025/04/10 04:35:01 実行中(8580)
2025/04/10 04:35:02 終了しました(8580)
2025/04/11 04:35:01 開始します(10716)
2025/04/11 04:35:01 非実行(10716)
2025/04/11 04:35:01 実行中(10716)
2025/04/11 04:35:02 終了しました(10716)
2025/04/12 04:35:02 開始します(1432)
2025/04/12 04:35:02 非実行(1432)
2025/04/12 04:35:02 実行中(1432)
2025/04/12 04:35:02 終了しました(1432)
2025/04/13 04:35:02 開始します(11436)
2025/04/13 04:35:02 非実行(11436)
2025/04/13 04:35:02 実行中(11436)
2025/04/13 04:35:02 終了しました(11436)
2025/04/14 04:35:02 開始します(5016)
2025/04/14 04:35:02 非実行(5016)
2025/04/14 04:35:02 実行中(5016)
2025/04/14 04:35:02 終了しました(5016)
2025/04/15 04:35:02 開始します(9924)
2025/04/15 04:35:02 非実行(9924)
2025/04/15 04:35:02 実行中(9924)
2025/04/15 04:35:02 終了しました(9924)
2025/04/16 04:50:02 開始します(9312)
2025/04/16 04:50:02 非実行(9312)
2025/04/16 04:50:02 実行中(9312)
2025/04/16 04:50:02 終了しました(9312)
2025/04/17 04:50:02 開始します(13036)
2025/04/17 04:50:02 非実行(13036)
2025/04/17 04:50:02 実行中(13036)
2025/04/17 04:50:02 終了しました(13036)
2025/04/18 04:50:01 開始します(3000)
2025/04/18 04:50:01 非実行(3000)
2025/04/18 04:50:01 実行中(3000)
2025/04/18 04:50:02 終了しました(3000)
2025/04/19 04:50:02 開始します(2816)
2025/04/19 04:50:02 非実行(2816)
2025/04/19 04:50:02 実行中(2816)
2025/04/19 04:50:02 終了しました(2816)
2025/04/20 04:50:01 開始します(2944)
2025/04/20 04:50:01 非実行(2944)
2025/04/20 04:50:01 実行中(2944)
2025/04/20 04:50:02 終了しました(2944)
2025/04/21 04:50:01 開始します(5176)
2025/04/21 04:50:01 非実行(5176)
2025/04/21 04:50:01 実行中(5176)
2025/04/21 04:50:02 終了しました(5176)
2025/04/22 04:50:01 開始します(3832)
2025/04/22 04:50:01 非実行(3832)
2025/04/22 04:50:01 実行中(3832)
2025/04/22 04:50:02 終了しました(3832)
2025/04/23 04:50:01 開始します(1756)
2025/04/23 04:50:01 非実行(1756)
2025/04/23 04:50:01 実行中(1756)
2025/04/23 04:50:02 終了しました(1756)
2025/04/24 04:50:02 開始します(2984)
2025/04/24 04:50:02 非実行(2984)
2025/04/24 04:50:02 実行中(2984)
2025/04/24 04:50:02 終了しました(2984)
2025/04/25 04:50:01 開始します(748)
2025/04/25 04:50:01 非実行(748)
2025/04/25 04:50:01 実行中(748)
2025/04/25 04:50:02 終了しました(748)
2025/04/26 04:50:02 開始します(1052)
2025/04/26 04:50:02 非実行(1052)
2025/04/26 04:50:02 実行中(1052)
2025/04/26 04:50:03 終了しました(1052)
2025/04/27 04:50:01 開始します(2056)
2025/04/27 04:50:01 非実行(2056)
2025/04/27 04:50:01 実行中(2056)
2025/04/27 04:50:02 終了しました(2056)
2025/04/28 04:50:02 開始します(952)
2025/04/28 04:50:02 非実行(952)
2025/04/28 04:50:02 実行中(952)
2025/04/28 04:50:03 終了しました(952)
2025/04/29 04:50:02 開始します(4172)
2025/04/29 04:50:02 非実行(4172)
2025/04/29 04:50:02 実行中(4172)
2025/04/29 04:50:03 終了しました(4172)
2025/04/30 04:50:01 開始します(5132)
2025/04/30 04:50:01 非実行(5132)
2025/04/30 04:50:01 実行中(5132)
2025/04/30 04:50:02 終了しました(5132)
2025/05/01 04:50:01 開始します(1440)
2025/05/01 04:50:01 非実行(1440)
2025/05/01 04:50:01 実行中(1440)
2025/05/01 04:50:02 終了しました(1440)
2025/05/02 04:50:01 開始します(2608)
2025/05/02 04:50:01 非実行(2608)
2025/05/02 04:50:01 実行中(2608)
2025/05/02 04:50:02 終了しました(2608)
2025/05/03 04:50:02 開始します(5132)
2025/05/03 04:50:02 非実行(5132)
2025/05/03 04:50:02 実行中(5132)
2025/05/03 04:50:03 終了しました(5132)
2025/05/04 04:50:02 開始します(5412)
2025/05/04 04:50:02 非実行(5412)
2025/05/04 04:50:02 実行中(5412)
2025/05/04 04:50:03 終了しました(5412)
2025/05/05 04:50:01 開始します(4580)
2025/05/05 04:50:01 非実行(4580)
2025/05/05 04:50:01 実行中(4580)
2025/05/05 04:50:02 終了しました(4580)
2025/05/06 04:50:01 開始します(3520)
2025/05/06 04:50:01 非実行(3520)
2025/05/06 04:50:01 実行中(3520)
2025/05/06 04:50:02 終了しました(3520)
2025/05/07 04:50:01 開始します(4912)
2025/05/07 04:50:01 非実行(4912)
2025/05/07 04:50:01 実行中(4912)
2025/05/07 04:50:02 終了しました(4912)
2025/05/08 04:50:02 開始します(2164)
2025/05/08 04:50:02 非実行(2164)
2025/05/08 04:50:02 実行中(2164)
2025/05/08 04:50:03 終了しました(2164)
2025/05/09 04:50:01 開始します(1524)
2025/05/09 04:50:01 非実行(1524)
2025/05/09 04:50:01 実行中(1524)
2025/05/09 04:50:02 終了しました(1524)
2025/05/10 04:50:02 開始します(4372)
2025/05/10 04:50:02 非実行(4372)
2025/05/10 04:50:02 実行中(4372)
2025/05/10 04:50:03 終了しました(4372)
2025/05/11 04:50:02 開始します(3952)
2025/05/11 04:50:02 非実行(3952)
2025/05/11 04:50:02 実行中(3952)
2025/05/11 04:50:03 終了しました(3952)
2025/05/12 04:50:02 開始します(5444)
2025/05/12 04:50:02 非実行(5444)
2025/05/12 04:50:02 実行中(5444)
2025/05/12 04:50:03 終了しました(5444)
2025/05/13 04:50:01 開始します(3444)
2025/05/13 04:50:01 非実行(3444)
2025/05/13 04:50:01 実行中(3444)
2025/05/13 04:50:02 終了しました(3444)
2025/05/14 04:50:02 開始します(3320)
2025/05/14 04:50:02 非実行(3320)
2025/05/14 04:50:02 実行中(3320)
2025/05/14 04:50:02 終了しました(3320)
2025/05/15 04:50:01 開始します(5624)
2025/05/15 04:50:01 非実行(5624)
2025/05/15 04:50:01 実行中(5624)
2025/05/15 04:50:02 終了しました(5624)
2025/05/16 04:50:02 開始します(2368)
2025/05/16 04:50:02 非実行(2368)
2025/05/16 04:50:02 実行中(2368)
2025/05/16 04:50:02 終了しました(2368)
2025/05/17 04:50:01 開始します(5676)
2025/05/17 04:50:01 非実行(5676)
2025/05/17 04:50:01 実行中(5676)
2025/05/17 04:50:02 終了しました(5676)
2025/05/18 04:50:01 開始します(1800)
2025/05/18 04:50:01 非実行(1800)
2025/05/18 04:50:01 実行中(1800)
2025/05/18 04:50:02 終了しました(1800)
2025/05/19 04:50:01 開始します(3212)
2025/05/19 04:50:01 非実行(3212)
2025/05/19 04:50:01 実行中(3212)
2025/05/19 04:50:02 終了しました(3212)
2025/05/20 04:50:01 開始します(1268)
2025/05/20 04:50:01 非実行(1268)
2025/05/20 04:50:01 実行中(1268)
2025/05/20 04:50:02 終了しました(1268)
2025/05/21 04:50:01 開始します(4188)
2025/05/21 04:50:01 非実行(4188)
2025/05/21 04:50:01 実行中(4188)
2025/05/21 04:50:02 終了しました(4188)
2025/05/22 04:50:01 開始します(2688)
2025/05/22 04:50:01 非実行(2688)
2025/05/22 04:50:01 実行中(2688)
2025/05/22 04:50:02 終了しました(2688)
2025/05/23 04:50:00 開始します(5944)
2025/05/23 04:50:00 非実行(5944)
2025/05/23 04:50:00 実行中(5944)
2025/05/23 04:50:03 終了しました(5944)
2025/05/24 04:50:00 開始します(820)
2025/05/24 04:50:00 非実行(820)
2025/05/24 04:50:00 実行中(820)
2025/05/24 04:50:02 終了しました(820)
2025/05/25 04:50:00 開始します(6088)
2025/05/25 04:50:00 非実行(6088)
2025/05/25 04:50:00 実行中(6088)
2025/05/25 04:50:02 終了しました(6088)
2025/05/26 04:50:00 開始します(260)
2025/05/26 04:50:00 非実行(260)
2025/05/26 04:50:00 実行中(260)
2025/05/26 04:50:02 終了しました(260)
2025/05/27 04:49:59 開始します(992)
2025/05/27 04:49:59 非実行(992)
2025/05/27 04:49:59 実行中(992)
2025/05/27 04:50:01 終了しました(992)
2025/05/28 04:50:00 開始します(4216)
2025/05/28 04:50:00 非実行(4216)
2025/05/28 04:50:00 実行中(4216)
2025/05/28 04:50:02 終了しました(4216)
2025/05/29 04:50:00 開始します(4760)
2025/05/29 04:50:00 非実行(4760)
2025/05/29 04:50:00 実行中(4760)
2025/05/29 04:50:03 終了しました(4760)
2025/05/30 04:50:00 開始します(1636)
2025/05/30 04:50:00 非実行(1636)
2025/05/30 04:50:00 実行中(1636)
2025/05/30 04:50:02 終了しました(1636)
2025/05/31 04:50:00 開始します(5188)
2025/05/31 04:50:00 非実行(5188)
2025/05/31 04:50:00 実行中(5188)
2025/05/31 04:50:02 終了しました(5188)
2025/06/01 04:50:00 開始します(1276)
2025/06/01 04:50:00 非実行(1276)
2025/06/01 04:50:00 実行中(1276)
2025/06/01 04:50:02 終了しました(1276)
2025/06/02 04:49:59 開始します(5408)
2025/06/02 04:49:59 非実行(5408)
2025/06/02 04:49:59 実行中(5408)
2025/06/02 04:50:02 終了しました(5408)
2025/06/03 04:50:00 開始します(628)
2025/06/03 04:50:00 非実行(628)
2025/06/03 04:50:00 実行中(628)
2025/06/03 04:50:02 終了しました(628)
2025/06/04 04:49:59 開始します(1124)
2025/06/04 04:49:59 非実行(1124)
2025/06/04 04:49:59 実行中(1124)
2025/06/04 04:50:01 終了しました(1124)
2025/06/05 04:50:00 開始します(5808)
2025/06/05 04:50:00 非実行(5808)
2025/06/05 04:50:00 実行中(5808)
2025/06/05 04:50:02 終了しました(5808)
2025/06/06 04:50:00 開始します(3568)
2025/06/06 04:50:00 非実行(3568)
2025/06/06 04:50:00 実行中(3568)
2025/06/06 04:50:03 終了しました(3568)
2025/06/07 04:49:59 開始します(5556)
2025/06/07 04:49:59 非実行(5556)
2025/06/07 04:49:59 実行中(5556)
2025/06/07 04:50:01 終了しました(5556)
2025/06/08 04:49:59 開始します(5156)
2025/06/08 04:49:59 非実行(5156)
2025/06/08 04:49:59 実行中(5156)
2025/06/08 04:50:02 終了しました(5156)
2025/06/09 04:50:00 開始します(2872)
2025/06/09 04:50:00 非実行(2872)
2025/06/09 04:50:00 実行中(2872)
2025/06/09 04:50:02 終了しました(2872)
2025/06/10 04:50:00 開始します(5272)
2025/06/10 04:50:00 非実行(5272)
2025/06/10 04:50:00 実行中(5272)
2025/06/10 04:50:02 終了しました(5272)
2025/06/11 04:50:00 開始します(3456)
2025/06/11 04:50:00 非実行(3456)
2025/06/11 04:50:00 実行中(3456)
2025/06/11 04:50:02 終了しました(3456)
2025/06/12 04:50:00 開始します(5508)
2025/06/12 04:50:00 非実行(5508)
2025/06/12 04:50:00 実行中(5508)
2025/06/12 04:50:02 終了しました(5508)
2025/06/13 04:50:00 開始します(3108)
2025/06/13 04:50:00 非実行(3108)
2025/06/13 04:50:00 実行中(3108)
2025/06/13 04:50:02 終了しました(3108)
2025/06/14 04:49:59 開始します(2148)
2025/06/14 04:49:59 非実行(2148)
2025/06/14 04:49:59 実行中(2148)
2025/06/14 04:50:02 終了しました(2148)
2025/06/15 04:50:00 開始します(2088)
2025/06/15 04:50:00 非実行(2088)
2025/06/15 04:50:00 実行中(2088)
2025/06/15 04:50:02 終了しました(2088)
2025/06/16 04:49:59 開始します(2212)
2025/06/16 04:49:59 非実行(2212)
2025/06/16 04:49:59 実行中(2212)
2025/06/16 04:50:02 終了しました(2212)
2025/06/17 04:49:59 開始します(648)
2025/06/17 04:49:59 非実行(648)
2025/06/17 04:49:59 実行中(648)
2025/06/17 04:50:01 終了しました(648)
2025/06/18 04:50:00 開始します(1048)
2025/06/18 04:50:00 非実行(1048)
2025/06/18 04:50:00 実行中(1048)
2025/06/18 04:50:02 終了しました(1048)
2025/06/19 04:49:59 開始します(1896)
2025/06/19 04:49:59 非実行(1896)
2025/06/19 04:49:59 実行中(1896)
2025/06/19 04:50:01 終了しました(1896)
2025/06/20 04:50:00 開始します(3188)
2025/06/20 04:50:00 非実行(3188)
2025/06/20 04:50:00 実行中(3188)
2025/06/20 04:50:02 終了しました(3188)
2025/06/21 04:49:59 開始します(4484)
2025/06/21 04:49:59 非実行(4484)
2025/06/21 04:49:59 実行中(4484)
2025/06/21 04:50:02 終了しました(4484)
2025/06/22 04:49:59 開始します(5064)
2025/06/22 04:49:59 非実行(5064)
2025/06/22 04:49:59 実行中(5064)
2025/06/22 04:50:01 終了しました(5064)
2025/06/23 04:49:59 開始します(5512)
2025/06/23 04:49:59 非実行(5512)
2025/06/23 04:49:59 実行中(5512)
2025/06/23 04:50:01 終了しました(5512)
2025/06/24 04:49:58 開始します(4784)
2025/06/24 04:49:58 非実行(4784)
2025/06/24 04:49:58 実行中(4784)
2025/06/24 04:50:01 終了しました(4784)
2025/06/25 04:49:59 開始します(5628)
2025/06/25 04:49:59 非実行(5628)
2025/06/25 04:49:59 実行中(5628)
2025/06/25 04:50:01 終了しました(5628)
2025/06/26 04:50:00 開始します(3440)
2025/06/26 04:50:00 非実行(3440)
2025/06/26 04:50:00 実行中(3440)
2025/06/26 04:50:03 終了しました(3440)
2025/06/27 04:49:59 開始します(5660)
2025/06/27 04:49:59 非実行(5660)
2025/06/27 04:49:59 実行中(5660)
2025/06/27 04:50:02 終了しました(5660)
2025/06/28 04:49:59 開始します(852)
2025/06/28 04:49:59 非実行(852)
2025/06/28 04:49:59 実行中(852)
2025/06/28 04:50:02 終了しました(852)
2025/06/29 04:49:59 開始します(5612)
2025/06/29 04:49:59 非実行(5612)
2025/06/29 04:49:59 実行中(5612)
2025/06/29 04:50:01 終了しました(5612)
2025/06/30 04:50:00 開始します(760)
2025/06/30 04:50:00 非実行(760)
2025/06/30 04:50:00 実行中(760)
2025/06/30 04:50:02 終了しました(760)
2025/07/01 04:50:00 開始します(1424)
2025/07/01 04:50:00 非実行(1424)
2025/07/01 04:50:00 実行中(1424)
2025/07/01 04:50:02 終了しました(1424)
2025/07/02 04:49:59 開始します(5860)
2025/07/02 04:49:59 非実行(5860)
2025/07/02 04:49:59 実行中(5860)
2025/07/02 04:50:02 終了しました(5860)
2025/07/03 04:50:00 開始します(5448)
2025/07/03 04:50:00 非実行(5448)
2025/07/03 04:50:00 実行中(5448)
2025/07/03 04:50:02 終了しました(5448)
2025/07/04 04:49:59 開始します(1880)
2025/07/04 04:49:59 非実行(1880)
2025/07/04 04:49:59 実行中(1880)
2025/07/04 04:50:02 終了しました(1880)
2025/07/05 04:49:59 開始します(3980)
2025/07/05 04:49:59 非実行(3980)
2025/07/05 04:49:59 実行中(3980)
2025/07/05 04:50:01 終了しました(3980)
2025/07/06 04:50:00 開始します(4296)
2025/07/06 04:50:00 非実行(4296)
2025/07/06 04:50:00 実行中(4296)
2025/07/06 04:50:02 終了しました(4296)
2025/07/07 04:50:00 開始します(2752)
2025/07/07 04:50:00 非実行(2752)
2025/07/07 04:50:00 実行中(2752)
2025/07/07 04:50:02 終了しました(2752)
2025/07/08 04:50:00 開始します(3500)
2025/07/08 04:50:00 非実行(3500)
2025/07/08 04:50:00 実行中(3500)
2025/07/08 04:50:02 終了しました(3500)
2025/07/09 04:49:59 開始します(2724)
2025/07/09 04:49:59 非実行(2724)
2025/07/09 04:49:59 実行中(2724)
2025/07/09 04:50:02 終了しました(2724)
2025/07/10 04:50:00 開始します(6088)
2025/07/10 04:50:00 非実行(6088)
2025/07/10 04:50:00 実行中(6088)
2025/07/10 04:50:02 終了しました(6088)
2025/07/11 04:50:00 開始します(5836)
2025/07/11 04:50:00 非実行(5836)
2025/07/11 04:50:00 実行中(5836)
2025/07/11 04:50:02 終了しました(5836)
2025/07/12 04:50:00 開始します(4420)
2025/07/12 04:50:00 非実行(4420)
2025/07/12 04:50:00 実行中(4420)
2025/07/12 04:50:02 終了しました(4420)
2025/07/13 04:50:00 開始します(4884)
2025/07/13 04:50:00 非実行(4884)
2025/07/13 04:50:00 実行中(4884)
2025/07/13 04:50:03 終了しました(4884)
2025/07/14 04:50:00 開始します(5372)
2025/07/14 04:50:00 非実行(5372)
2025/07/14 04:50:00 実行中(5372)
2025/07/14 04:50:02 終了しました(5372)
2025/07/15 04:49:59 開始します(5424)
2025/07/15 04:49:59 非実行(5424)
2025/07/15 04:49:59 実行中(5424)
2025/07/15 04:50:01 終了しました(5424)
2025/07/16 04:50:00 開始します(2744)
2025/07/16 04:50:00 非実行(2744)
2025/07/16 04:50:00 実行中(2744)
2025/07/16 04:50:02 終了しました(2744)
2025/07/17 04:49:59 開始します(5532)
2025/07/17 04:49:59 非実行(5532)
2025/07/17 04:49:59 実行中(5532)
2025/07/17 04:50:01 終了しました(5532)
2025/07/18 04:49:59 開始します(6136)
2025/07/18 04:49:59 非実行(6136)
2025/07/18 04:49:59 実行中(6136)
2025/07/18 04:50:01 終了しました(6136)
2025/07/19 04:50:00 開始します(2708)
2025/07/19 04:50:00 非実行(2708)
2025/07/19 04:50:00 実行中(2708)
2025/07/19 04:50:02 終了しました(2708)
2025/07/20 04:50:00 開始します(2064)
2025/07/20 04:50:00 非実行(2064)
2025/07/20 04:50:00 実行中(2064)
2025/07/20 04:50:02 終了しました(2064)
2025/07/21 04:50:00 開始します(1852)
2025/07/21 04:50:00 非実行(1852)
2025/07/21 04:50:00 実行中(1852)
2025/07/21 04:50:02 終了しました(1852)
2025/07/22 04:50:00 開始します(2312)
2025/07/22 04:50:00 非実行(2312)
2025/07/22 04:50:00 実行中(2312)
2025/07/22 04:50:02 終了しました(2312)
2025/07/23 04:49:59 開始します(536)
2025/07/23 04:49:59 非実行(536)
2025/07/23 04:49:59 実行中(536)
2025/07/23 04:50:02 終了しました(536)
2025/07/24 04:50:00 開始します(3576)
2025/07/24 04:50:00 非実行(3576)
2025/07/24 04:50:00 実行中(3576)
2025/07/24 04:50:02 終了しました(3576)
2025/07/25 04:50:00 開始します(4460)
2025/07/25 04:50:00 非実行(4460)
2025/07/25 04:50:00 実行中(4460)
2025/07/25 04:50:02 終了しました(4460)
2025/07/26 04:49:59 開始します(5024)
2025/07/26 04:49:59 非実行(5024)
2025/07/26 04:49:59 実行中(5024)
2025/07/26 04:50:01 終了しました(5024)
2025/07/27 04:50:00 開始します(5576)
2025/07/27 04:50:00 非実行(5576)
2025/07/27 04:50:00 実行中(5576)
2025/07/27 04:50:02 終了しました(5576)
2025/07/28 04:50:00 開始します(1188)
2025/07/28 04:50:00 非実行(1188)
2025/07/28 04:50:00 実行中(1188)
2025/07/28 04:50:02 終了しました(1188)
2025/07/29 04:50:00 開始します(1648)
2025/07/29 04:50:00 非実行(1648)
2025/07/29 04:50:00 実行中(1648)
2025/07/29 04:50:02 終了しました(1648)
2025/07/30 04:49:59 開始します(4016)
2025/07/30 04:49:59 非実行(4016)
2025/07/30 04:49:59 実行中(4016)
2025/07/30 04:50:02 終了しました(4016)
2025/07/31 04:50:00 開始します(5696)
2025/07/31 04:50:00 非実行(5696)
2025/07/31 04:50:00 実行中(5696)
2025/07/31 04:50:02 終了しました(5696)
2025/08/01 04:49:59 開始します(1180)
2025/08/01 04:49:59 非実行(1180)
2025/08/01 04:49:59 実行中(1180)
2025/08/01 04:50:01 終了しました(1180)
2025/08/02 04:49:59 開始します(3216)
2025/08/02 04:49:59 非実行(3216)
2025/08/02 04:49:59 実行中(3216)
2025/08/02 04:50:02 終了しました(3216)
2025/08/03 04:49:59 開始します(4532)
2025/08/03 04:49:59 非実行(4532)
2025/08/03 04:49:59 実行中(4532)
2025/08/03 04:50:02 終了しました(4532)
2025/08/04 04:50:00 開始します(5756)
2025/08/04 04:50:00 非実行(5756)
2025/08/04 04:50:00 実行中(5756)
2025/08/04 04:50:02 終了しました(5756)
2025/08/05 04:50:00 開始します(5664)
2025/08/05 04:50:00 非実行(5664)
2025/08/05 04:50:00 実行中(5664)
2025/08/05 04:50:02 終了しました(5664)
2025/08/06 04:50:00 開始します(1180)
2025/08/06 04:50:00 非実行(1180)
2025/08/06 04:50:00 実行中(1180)
2025/08/06 04:50:02 終了しました(1180)
2025/08/07 04:49:59 開始します(5348)
2025/08/07 04:49:59 非実行(5348)
2025/08/07 04:49:59 実行中(5348)
2025/08/07 04:50:02 終了しました(5348)
2025/08/08 04:50:00 開始します(4836)
2025/08/08 04:50:00 非実行(4836)
2025/08/08 04:50:00 実行中(4836)
2025/08/08 04:50:02 終了しました(4836)
2025/08/09 04:50:00 開始します(980)
2025/08/09 04:50:00 非実行(980)
2025/08/09 04:50:00 実行中(980)
2025/08/09 04:50:02 終了しました(980)
2025/08/10 04:49:59 開始します(3324)
2025/08/10 04:49:59 非実行(3324)
2025/08/10 04:49:59 実行中(3324)
2025/08/10 04:50:01 終了しました(3324)
2025/08/11 04:49:59 開始します(5208)
2025/08/11 04:49:59 非実行(5208)
2025/08/11 04:49:59 実行中(5208)
2025/08/11 04:50:01 終了しました(5208)
2025/08/12 04:50:00 開始します(1828)
2025/08/12 04:50:00 非実行(1828)
2025/08/12 04:50:00 実行中(1828)
2025/08/12 04:50:02 終了しました(1828)
2025/08/13 04:49:59 開始します(2112)
2025/08/13 04:49:59 非実行(2112)
2025/08/13 04:49:59 実行中(2112)
2025/08/13 04:50:02 終了しました(2112)
2025/08/14 04:49:59 開始します(4124)
2025/08/14 04:49:59 非実行(4124)
2025/08/14 04:49:59 実行中(4124)
2025/08/14 04:50:01 終了しました(4124)
2025/08/15 04:50:00 開始します(4996)
2025/08/15 04:50:00 非実行(4996)
2025/08/15 04:50:00 実行中(4996)
2025/08/15 04:50:02 終了しました(4996)
2025/08/16 04:49:59 開始します(4384)
2025/08/16 04:49:59 非実行(4384)
2025/08/16 04:49:59 実行中(4384)
2025/08/16 04:50:02 終了しました(4384)
2025/08/17 04:50:00 開始します(2412)
2025/08/17 04:50:00 非実行(2412)
2025/08/17 04:50:00 実行中(2412)
2025/08/17 04:50:02 終了しました(2412)
2025/08/18 04:49:59 開始します(3232)
2025/08/18 04:49:59 非実行(3232)
2025/08/18 04:49:59 実行中(3232)
2025/08/18 04:50:01 終了しました(3232)
2025/08/19 04:49:59 開始します(1040)
2025/08/19 04:49:59 非実行(1040)
2025/08/19 04:49:59 実行中(1040)
2025/08/19 04:50:01 終了しました(1040)
2025/08/20 04:49:59 開始します(1972)
2025/08/20 04:49:59 非実行(1972)
2025/08/20 04:49:59 実行中(1972)
2025/08/20 04:50:01 終了しました(1972)
2025/08/21 04:50:00 開始します(4708)
2025/08/21 04:50:00 非実行(4708)
2025/08/21 04:50:00 実行中(4708)
2025/08/21 04:50:02 終了しました(4708)
2025/08/22 04:49:59 開始します(6008)
2025/08/22 04:49:59 非実行(6008)
2025/08/22 04:49:59 実行中(6008)
2025/08/22 04:50:01 終了しました(6008)
2025/08/23 04:50:00 開始します(3724)
2025/08/23 04:50:00 非実行(3724)
2025/08/23 04:50:00 実行中(3724)
2025/08/23 04:50:02 終了しました(3724)
2025/08/24 04:50:00 開始します(4172)
2025/08/24 04:50:00 非実行(4172)
2025/08/24 04:50:00 実行中(4172)
2025/08/24 04:50:02 終了しました(4172)
2025/08/25 04:50:01 開始します(3716)
2025/08/25 04:50:01 非実行(3716)
2025/08/25 04:50:01 実行中(3716)
2025/08/25 04:50:03 終了しました(3716)
2025/08/26 04:50:00 開始します(1852)
2025/08/26 04:50:00 非実行(1852)
2025/08/26 04:50:00 実行中(1852)
2025/08/26 04:50:02 終了しました(1852)
2025/08/27 04:50:00 開始します(5692)
2025/08/27 04:50:00 非実行(5692)
2025/08/27 04:50:00 実行中(5692)
2025/08/27 04:50:02 終了しました(5692)
2025/08/28 04:50:00 開始します(4516)
2025/08/28 04:50:00 非実行(4516)
2025/08/28 04:50:00 実行中(4516)
2025/08/28 04:50:02 終了しました(4516)
2025/08/29 04:50:00 開始します(5972)
2025/08/29 04:50:00 非実行(5972)
2025/08/29 04:50:00 実行中(5972)
2025/08/29 04:50:02 終了しました(5972)
2025/08/30 04:49:59 開始します(3648)
2025/08/30 04:49:59 非実行(3648)
2025/08/30 04:49:59 実行中(3648)
2025/08/30 04:50:02 終了しました(3648)
2025/08/31 04:50:00 開始します(4584)
2025/08/31 04:50:00 非実行(4584)
2025/08/31 04:50:00 実行中(4584)
2025/08/31 04:50:02 終了しました(4584)
2025/09/01 04:50:00 開始します(4180)
2025/09/01 04:50:00 非実行(4180)
2025/09/01 04:50:00 実行中(4180)
2025/09/01 04:50:02 終了しました(4180)
2025/09/02 04:49:59 開始します(4780)
2025/09/02 04:49:59 非実行(4780)
2025/09/02 04:49:59 実行中(4780)
2025/09/02 04:50:01 終了しました(4780)
2025/09/03 04:50:00 開始します(1756)
2025/09/03 04:50:00 非実行(1756)
2025/09/03 04:50:00 実行中(1756)
2025/09/03 04:50:02 終了しました(1756)
2025/09/04 04:50:00 開始します(3668)
2025/09/04 04:50:00 非実行(3668)
2025/09/04 04:50:00 実行中(3668)
2025/09/04 04:50:02 終了しました(3668)
2025/09/05 04:49:59 開始します(5336)
2025/09/05 04:49:59 非実行(5336)
2025/09/05 04:49:59 実行中(5336)
2025/09/05 04:50:01 終了しました(5336)
2025/09/06 04:49:59 開始します(5276)
2025/09/06 04:49:59 非実行(5276)
2025/09/06 04:49:59 実行中(5276)
2025/09/06 04:50:01 終了しました(5276)
2025/09/07 04:50:00 開始します(5324)
2025/09/07 04:50:00 非実行(5324)
2025/09/07 04:50:00 実行中(5324)
2025/09/07 04:50:02 終了しました(5324)
2025/09/08 04:50:00 開始します(1368)
2025/09/08 04:50:00 非実行(1368)
2025/09/08 04:50:00 実行中(1368)
2025/09/08 04:50:02 終了しました(1368)
2025/09/09 04:49:59 開始します(2972)
2025/09/09 04:49:59 非実行(2972)
2025/09/09 04:49:59 実行中(2972)
2025/09/09 04:50:01 終了しました(2972)
2025/09/10 04:50:00 開始します(5360)
2025/09/10 04:50:00 非実行(5360)
2025/09/10 04:50:00 実行中(5360)
2025/09/10 04:50:02 終了しました(5360)
2025/09/11 04:50:00 開始します(5092)
2025/09/11 04:50:00 非実行(5092)
2025/09/11 04:50:00 実行中(5092)
2025/09/11 04:50:02 終了しました(5092)
2025/09/12 04:49:59 開始します(4208)
2025/09/12 04:49:59 非実行(4208)
2025/09/12 04:49:59 実行中(4208)
2025/09/12 04:50:02 終了しました(4208)
2025/09/13 04:49:59 開始します(3280)
2025/09/13 04:49:59 非実行(3280)
2025/09/13 04:49:59 実行中(3280)
2025/09/13 04:50:02 終了しました(3280)
2025/09/14 04:49:59 開始します(4372)
2025/09/14 04:49:59 非実行(4372)
2025/09/14 04:49:59 実行中(4372)
2025/09/14 04:50:01 終了しました(4372)
2025/09/15 04:49:59 開始します(5596)
2025/09/15 04:49:59 非実行(5596)
2025/09/15 04:49:59 実行中(5596)
2025/09/15 04:50:01 終了しました(5596)
2025/09/16 04:50:00 開始します(5692)
2025/09/16 04:50:00 非実行(5692)
2025/09/16 04:50:00 実行中(5692)
2025/09/16 04:50:02 終了しました(5692)
2025/09/17 04:49:59 開始します(1000)
2025/09/17 04:49:59 非実行(1000)
2025/09/17 04:49:59 実行中(1000)
2025/09/17 04:50:02 終了しました(1000)
2025/09/18 04:49:59 開始します(5592)
2025/09/18 04:49:59 非実行(5592)
2025/09/18 04:49:59 実行中(5592)
2025/09/18 04:50:02 終了しました(5592)
2025/09/19 04:49:59 開始します(6096)
2025/09/19 04:49:59 非実行(6096)
2025/09/19 04:49:59 実行中(6096)
2025/09/19 04:50:01 終了しました(6096)
2025/09/20 04:49:59 開始します(5796)
2025/09/20 04:49:59 非実行(5796)
2025/09/20 04:49:59 実行中(5796)
2025/09/20 04:50:01 終了しました(5796)
2025/09/21 04:50:00 開始します(3740)
2025/09/21 04:50:00 非実行(3740)
2025/09/21 04:50:00 実行中(3740)
2025/09/21 04:50:02 終了しました(3740)
2025/09/22 04:49:59 開始します(2168)
2025/09/22 04:49:59 非実行(2168)
2025/09/22 04:49:59 実行中(2168)
2025/09/22 04:50:02 終了しました(2168)
2025/09/23 04:50:00 開始します(2288)
2025/09/23 04:50:00 非実行(2288)
2025/09/23 04:50:00 実行中(2288)
2025/09/23 04:50:03 終了しました(2288)
2025/09/24 04:49:59 開始します(4904)
2025/09/24 04:49:59 非実行(4904)
2025/09/24 04:49:59 実行中(4904)
2025/09/24 04:50:02 終了しました(4904)
2025/09/25 04:50:00 開始します(3236)
2025/09/25 04:50:00 非実行(3236)
2025/09/25 04:50:00 実行中(3236)
2025/09/25 04:50:02 終了しました(3236)
2025/09/26 04:50:00 開始します(4044)
2025/09/26 04:50:00 非実行(4044)
2025/09/26 04:50:00 実行中(4044)
2025/09/26 04:50:02 終了しました(4044)
2025/09/27 04:49:59 開始します(4544)
2025/09/27 04:49:59 非実行(4544)
2025/09/27 04:49:59 実行中(4544)
2025/09/27 04:50:02 終了しました(4544)
2025/09/28 04:49:59 開始します(528)
2025/09/28 04:49:59 非実行(528)
2025/09/28 04:49:59 実行中(528)
2025/09/28 04:50:02 終了しました(528)
2025/09/29 04:50:00 開始します(3420)
2025/09/29 04:50:00 非実行(3420)
2025/09/29 04:50:00 実行中(3420)
2025/09/29 04:50:02 終了しました(3420)
2025/09/30 04:49:59 開始します(5800)
2025/09/30 04:49:59 非実行(5800)
2025/09/30 04:49:59 実行中(5800)
2025/09/30 04:50:01 終了しました(5800)
2025/10/01 04:49:59 開始します(3192)
2025/10/01 04:49:59 非実行(3192)
2025/10/01 04:49:59 実行中(3192)
2025/10/01 04:50:01 終了しました(3192)
2025/10/02 04:49:59 開始します(1036)
2025/10/02 04:49:59 非実行(1036)
2025/10/02 04:49:59 実行中(1036)
2025/10/02 04:50:01 終了しました(1036)
2025/10/03 04:50:00 開始します(5776)
2025/10/03 04:50:00 非実行(5776)
2025/10/03 04:50:00 実行中(5776)
2025/10/03 04:50:02 終了しました(5776)
2025/10/04 04:49:59 開始します(1224)
2025/10/04 04:49:59 非実行(1224)
2025/10/04 04:49:59 実行中(1224)
2025/10/04 04:50:02 終了しました(1224)
2025/10/05 04:50:00 開始します(5288)
2025/10/05 04:50:00 非実行(5288)
2025/10/05 04:50:00 実行中(5288)
2025/10/05 04:50:02 終了しました(5288)
2025/10/06 04:50:00 開始します(2172)
2025/10/06 04:50:00 非実行(2172)
2025/10/06 04:50:00 実行中(2172)
2025/10/06 04:50:02 終了しました(2172)
2025/10/07 04:49:59 開始します(1432)
2025/10/07 04:49:59 非実行(1432)
2025/10/07 04:49:59 実行中(1432)
2025/10/07 04:50:02 終了しました(1432)
2025/10/08 04:49:59 開始します(5264)
2025/10/08 04:49:59 非実行(5264)
2025/10/08 04:49:59 実行中(5264)
2025/10/08 04:50:01 終了しました(5264)
2025/10/09 04:49:59 開始します(5824)
2025/10/09 04:49:59 非実行(5824)
2025/10/09 04:49:59 実行中(5824)
2025/10/09 04:50:02 終了しました(5824)
2025/10/10 04:49:59 開始します(6100)
2025/10/10 04:49:59 非実行(6100)
2025/10/10 04:49:59 実行中(6100)
2025/10/10 04:50:01 終了しました(6100)
2025/10/11 04:50:00 開始します(5880)
2025/10/11 04:50:00 非実行(5880)
2025/10/11 04:50:00 実行中(5880)
2025/10/11 04:50:02 終了しました(5880)
2025/10/12 04:50:00 開始します(3508)
2025/10/12 04:50:00 非実行(3508)
2025/10/12 04:50:00 実行中(3508)
2025/10/12 04:50:02 終了しました(3508)
2025/10/13 04:49:59 開始します(5588)
2025/10/13 04:49:59 非実行(5588)
2025/10/13 04:49:59 実行中(5588)
2025/10/13 04:50:02 終了しました(5588)
2025/10/14 04:49:59 開始します(3528)
2025/10/14 04:49:59 非実行(3528)
2025/10/14 04:49:59 実行中(3528)
2025/10/14 04:50:01 終了しました(3528)
2025/10/15 04:50:00 開始します(3736)
2025/10/15 04:50:00 非実行(3736)
2025/10/15 04:50:00 実行中(3736)
2025/10/15 04:50:02 終了しました(3736)
2025/10/16 04:49:59 開始します(1216)
2025/10/16 04:49:59 非実行(1216)
2025/10/16 04:49:59 実行中(1216)
2025/10/16 04:50:02 終了しました(1216)
2025/10/17 04:49:59 開始します(1756)
2025/10/17 04:49:59 非実行(1756)
2025/10/17 04:49:59 実行中(1756)
2025/10/17 04:50:02 終了しました(1756)
2025/10/18 04:50:00 開始します(1396)
2025/10/18 04:50:00 非実行(1396)
2025/10/18 04:50:00 実行中(1396)
2025/10/18 04:50:02 終了しました(1396)
2025/10/19 04:50:00 開始します(2520)
2025/10/19 04:50:00 非実行(2520)
2025/10/19 04:50:00 実行中(2520)
2025/10/19 04:50:02 終了しました(2520)
2025/10/20 04:49:59 開始します(4692)
2025/10/20 04:49:59 非実行(4692)
2025/10/20 04:49:59 実行中(4692)
2025/10/20 04:50:02 終了しました(4692)
2025/10/21 04:49:59 開始します(2792)
2025/10/21 04:49:59 非実行(2792)
2025/10/21 04:49:59 実行中(2792)
2025/10/21 04:50:01 終了しました(2792)
2025/10/22 04:49:58 開始します(1044)
2025/10/22 04:49:58 非実行(1044)
2025/10/22 04:49:58 実行中(1044)
2025/10/22 04:50:00 終了しました(1044)
2025/10/23 04:49:58 開始します(7452)
2025/10/23 04:49:58 非実行(7452)
2025/10/23 04:49:58 実行中(7452)
2025/10/23 04:50:00 終了しました(7452)
2025/10/24 04:49:57 開始します(2984)
2025/10/24 04:49:57 非実行(2984)
2025/10/24 04:49:57 実行中(2984)
2025/10/24 04:49:59 終了しました(2984)
2025/10/25 04:49:57 開始します(5520)
2025/10/25 04:49:57 非実行(5520)
2025/10/25 04:49:57 実行中(5520)
2025/10/25 04:49:59 終了しました(5520)
2025/10/26 04:49:57 開始します(5848)
2025/10/26 04:49:57 非実行(5848)
2025/10/26 04:49:57 実行中(5848)
2025/10/26 04:49:59 終了しました(5848)
2025/10/27 04:49:56 開始します(7616)
2025/10/27 04:49:56 非実行(7616)
2025/10/27 04:49:56 実行中(7616)
2025/10/27 04:49:58 終了しました(7616)
2025/10/28 04:49:55 開始します(6668)
2025/10/28 04:49:55 非実行(6668)
2025/10/28 04:49:55 実行中(6668)
2025/10/28 04:49:57 終了しました(6668)
