2019/03/14 21:04:47 開始します(4132)
2019/03/14 21:04:47 非実行(4132)
2019/03/14 21:04:47 実行中(4132)
2019/03/14 21:04:50 終了しました(4132)
2019/03/15 20:38:27 開始します(6540)
2019/03/15 20:38:27 非実行(6540)
2019/03/15 20:38:27 実行中(6540)
2019/03/15 20:38:31 終了しました(6540)
2019/03/18 21:05:03 開始します(5328)
2019/03/18 21:05:03 非実行(5328)
2019/03/18 21:05:03 実行中(5328)
2019/03/18 21:05:07 終了しました(5328)
2019/03/19 21:27:52 開始します(1580)
2019/03/19 21:27:52 非実行(1580)
2019/03/19 21:27:52 実行中(1580)
2019/03/19 21:27:56 終了しました(1580)
2019/03/20 20:49:48 開始します(6944)
2019/03/20 20:49:48 非実行(6944)
2019/03/20 20:49:48 実行中(6944)
2019/03/20 20:49:52 終了しました(6944)
2019/03/21 21:37:09 開始します(2612)
2019/03/21 21:37:09 非実行(2612)
2019/03/21 21:37:09 実行中(2612)
2019/03/21 21:37:13 終了しました(2612)
2019/03/22 21:32:03 開始します(4732)
2019/03/22 21:32:03 非実行(4732)
2019/03/22 21:32:03 実行中(4732)
2019/03/22 21:32:07 終了しました(4732)
2019/03/25 21:20:50 開始します(4404)
2019/03/25 21:20:50 非実行(4404)
2019/03/25 21:20:50 実行中(4404)
2019/03/25 21:20:54 終了しました(4404)
2019/03/26 21:09:50 開始します(4408)
2019/03/26 21:09:50 非実行(4408)
2019/03/26 21:09:50 実行中(4408)
2019/03/26 21:09:54 終了しました(4408)
2019/03/27 21:30:12 開始します(2816)
2019/03/27 21:30:12 非実行(2816)
2019/03/27 21:30:12 実行中(2816)
2019/03/27 21:30:16 終了しました(2816)
2019/03/28 21:44:07 開始します(2248)
2019/03/28 21:44:07 非実行(2248)
2019/03/28 21:44:07 実行中(2248)
2019/03/28 21:44:11 終了しました(2248)
2019/03/29 21:14:44 開始します(4336)
2019/03/29 21:14:44 非実行(4336)
2019/03/29 21:14:44 実行中(4336)
2019/03/29 21:14:48 終了しました(4336)
2019/04/01 20:59:17 開始します(4784)
2019/04/01 20:59:17 非実行(4784)
2019/04/01 20:59:17 実行中(4784)
2019/04/01 20:59:22 終了しました(4784)
2019/04/02 20:18:52 開始します(1400)
2019/04/02 20:18:52 非実行(1400)
2019/04/02 20:18:52 実行中(1400)
2019/04/02 20:18:56 終了しました(1400)
2019/04/03 21:41:29 開始します(4504)
2019/04/03 21:41:29 非実行(4504)
2019/04/03 21:41:29 実行中(4504)
2019/04/03 21:41:33 終了しました(4504)
2019/04/04 20:15:42 開始します(4312)
2019/04/04 20:15:42 非実行(4312)
2019/04/04 20:15:42 実行中(4312)
2019/04/04 20:15:46 終了しました(4312)
2019/04/05 20:13:33 開始します(2560)
2019/04/05 20:13:33 非実行(2560)
2019/04/05 20:13:33 実行中(2560)
2019/04/05 20:13:37 終了しました(2560)
2019/04/08 20:40:38 開始します(4200)
2019/04/08 20:40:38 非実行(4200)
2019/04/08 20:40:38 実行中(4200)
2019/04/08 20:40:42 終了しました(4200)
2019/04/09 19:57:49 開始します(7016)
2019/04/09 19:57:49 非実行(7016)
2019/04/09 19:57:49 実行中(7016)
2019/04/09 19:57:53 終了しました(7016)
2019/04/10 20:28:51 開始します(4676)
2019/04/10 20:28:51 非実行(4676)
2019/04/10 20:28:51 実行中(4676)
2019/04/10 20:28:55 終了しました(4676)
2019/04/12 22:01:16 開始します(6360)
2019/04/12 22:01:16 非実行(6360)
2019/04/12 22:01:16 実行中(6360)
2019/04/12 22:01:20 終了しました(6360)
2019/04/17 22:58:52 開始します(3944)
2019/04/17 22:58:52 非実行(3944)
2019/04/17 22:58:52 実行中(3944)
2019/04/17 22:58:56 終了しました(3944)
2019/04/20 11:19:31 開始します(3596)
2019/04/20 11:19:31 非実行(3596)
2019/04/20 11:19:31 実行中(3596)
2019/04/20 11:19:35 終了しました(3596)
2019/04/23 18:21:44 開始します(4020)
2019/04/23 18:21:44 非実行(4020)
2019/04/23 18:21:44 実行中(4020)
2019/04/23 18:21:48 終了しました(4020)
2019/04/24 20:06:35 開始します(4844)
2019/04/24 20:06:35 非実行(4844)
2019/04/24 20:06:35 実行中(4844)
2019/04/24 20:06:39 終了しました(4844)
2019/04/25 19:11:00 開始します(5916)
2019/04/25 19:11:00 非実行(5916)
2019/04/25 19:11:00 実行中(5916)
2019/04/25 19:11:05 終了しました(5916)
2019/04/29 01:17:33 開始します(3472)
2019/04/29 01:17:33 非実行(3472)
2019/04/29 01:17:33 実行中(3472)
2019/04/29 01:17:37 終了しました(3472)
2019/05/06 22:08:08 開始します(4428)
2019/05/06 22:08:08 非実行(4428)
2019/05/06 22:08:08 実行中(4428)
2019/05/06 22:08:13 終了しました(4428)
2019/05/08 17:44:39 開始します(3564)
2019/05/08 17:44:39 非実行(3564)
2019/05/08 17:44:39 実行中(3564)
2019/05/08 17:44:43 終了しました(3564)
2019/05/09 18:46:45 開始します(5320)
2019/05/09 18:46:45 非実行(5320)
2019/05/09 18:46:45 実行中(5320)
2019/05/09 18:46:49 終了しました(5320)
2019/05/10 09:32:57 開始します(3056)
2019/05/10 09:32:57 非実行(3056)
2019/05/10 09:32:57 実行中(3056)
2019/05/10 09:33:01 終了しました(3056)
2019/05/24 01:14:59 開始します(4424)
2019/05/24 01:14:59 非実行(4424)
2019/05/24 01:14:59 実行中(4424)
2019/05/24 01:15:03 終了しました(4424)
2019/05/29 01:13:50 開始します(5608)
2019/05/29 01:13:50 非実行(5608)
2019/05/29 01:13:50 実行中(5608)
2019/05/29 01:13:54 終了しました(5608)
2019/06/17 19:03:25 開始します(8212)
2019/06/17 19:03:25 非実行(8212)
2019/06/17 19:03:25 実行中(8212)
2019/06/17 19:03:29 終了しました(8212)
2019/06/25 19:47:59 開始します(7180)
2019/06/25 19:47:59 非実行(7180)
2019/06/25 19:47:59 実行中(7180)
2019/06/25 19:48:03 終了しました(7180)
2019/06/27 00:32:15 開始します(10720)
2019/06/27 00:32:15 非実行(10720)
2019/06/27 00:32:15 実行中(10720)
2019/06/27 00:32:19 終了しました(10720)
2019/06/27 19:58:50 開始します(6008)
2019/06/27 19:58:50 非実行(6008)
2019/06/27 19:58:50 実行中(6008)
2019/06/27 19:58:54 終了しました(6008)
2019/06/28 19:18:44 開始します(6448)
2019/06/28 19:18:44 非実行(6448)
2019/06/28 19:18:44 実行中(6448)
2019/06/28 19:18:48 終了しました(6448)
2019/07/04 14:22:21 開始します(7248)
2019/07/04 14:22:21 非実行(7248)
2019/07/04 14:22:21 実行中(7248)
2019/07/04 14:22:25 終了しました(7248)
2019/07/09 20:28:37 開始します(8944)
2019/07/09 20:28:37 非実行(8944)
2019/07/09 20:28:37 実行中(8944)
2019/07/09 20:28:41 終了しました(8944)
2019/07/11 02:02:54 開始します(11272)
2019/07/11 02:02:54 非実行(11272)
2019/07/11 02:02:54 実行中(11272)
2019/07/11 02:02:58 終了しました(11272)
2019/07/22 20:45:29 開始します(4416)
2019/07/22 20:45:29 非実行(4416)
2019/07/22 20:45:29 実行中(4416)
2019/07/22 20:45:33 終了しました(4416)
2019/07/23 15:43:58 開始します(11564)
2019/07/23 15:43:58 非実行(11564)
2019/07/23 15:43:58 実行中(11564)
2019/07/23 15:44:02 終了しました(11564)
2019/07/24 21:09:07 開始します(2392)
2019/07/24 21:09:07 非実行(2392)
2019/07/24 21:09:07 実行中(2392)
2019/07/24 21:09:11 終了しました(2392)
2019/07/25 17:20:48 開始します(5244)
2019/07/25 17:20:48 非実行(5244)
2019/07/25 17:20:48 実行中(5244)
2019/07/25 17:20:52 終了しました(5244)
2019/07/27 04:00:05 開始します(11780)
2019/07/27 04:00:05 非実行(11780)
2019/07/27 04:00:05 実行中(11780)
2019/07/27 04:00:09 終了しました(11780)
2019/07/29 17:45:56 開始します(10016)
2019/07/29 17:45:56 非実行(10016)
2019/07/29 17:45:56 実行中(10016)
2019/07/29 17:46:00 終了しました(10016)
2019/07/30 20:57:45 開始します(1484)
2019/07/30 20:57:45 非実行(1484)
2019/07/30 20:57:45 実行中(1484)
2019/07/30 20:57:49 終了しました(1484)
2019/07/31 23:40:35 開始します(11696)
2019/07/31 23:40:35 非実行(11696)
2019/07/31 23:40:35 実行中(11696)
2019/07/31 23:40:39 終了しました(11696)
2019/08/07 19:28:33 開始します(3184)
2019/08/07 19:28:33 非実行(3184)
2019/08/07 19:28:33 実行中(3184)
2019/08/07 19:28:37 終了しました(3184)
2019/08/08 19:50:59 開始します(6964)
2019/08/08 19:50:59 非実行(6964)
2019/08/08 19:50:59 実行中(6964)
2019/08/08 19:51:03 終了しました(6964)
2019/08/09 17:22:59 開始します(7260)
2019/08/09 17:22:59 非実行(7260)
2019/08/09 17:22:59 実行中(7260)
2019/08/09 17:23:03 終了しました(7260)
2019/08/14 19:32:12 開始します(3756)
2019/08/14 19:32:12 非実行(3756)
2019/08/14 19:32:12 実行中(3756)
2019/08/14 19:32:16 終了しました(3756)
2019/08/15 20:14:12 開始します(3808)
2019/08/15 20:14:12 非実行(3808)
2019/08/15 20:14:12 実行中(3808)
2019/08/15 20:14:16 終了しました(3808)
2019/08/16 17:00:46 開始します(7180)
2019/08/16 17:00:46 非実行(7180)
2019/08/16 17:00:46 実行中(7180)
2019/08/16 17:00:50 終了しました(7180)
2019/08/19 19:28:09 開始します(6920)
2019/08/19 19:28:09 非実行(6920)
2019/08/19 19:28:09 実行中(6920)
2019/08/19 19:28:13 終了しました(6920)
2019/08/20 19:35:20 開始します(9292)
2019/08/20 19:35:20 非実行(9292)
2019/08/20 19:35:20 実行中(9292)
2019/08/20 19:35:24 終了しました(9292)
2019/08/21 18:32:41 開始します(7236)
2019/08/21 18:32:41 非実行(7236)
2019/08/21 18:32:41 実行中(7236)
2019/08/21 18:32:45 終了しました(7236)
2019/08/22 18:47:10 開始します(3932)
2019/08/22 18:47:10 非実行(3932)
2019/08/22 18:47:10 実行中(3932)
2019/08/22 18:47:14 終了しました(3932)
2019/08/26 18:32:36 開始します(10352)
2019/08/26 18:32:36 非実行(10352)
2019/08/26 18:32:36 実行中(10352)
2019/08/26 18:32:40 終了しました(10352)
2019/08/28 17:50:26 開始します(3656)
2019/08/28 17:50:26 非実行(3656)
2019/08/28 17:50:26 実行中(3656)
2019/08/28 17:50:30 終了しました(3656)
2019/09/02 17:55:42 開始します(10680)
2019/09/02 17:55:42 非実行(10680)
2019/09/02 17:55:42 実行中(10680)
2019/09/02 17:55:46 終了しました(10680)
2019/09/04 18:02:58 開始します(4296)
2019/09/04 18:02:58 非実行(4296)
2019/09/04 18:02:58 実行中(4296)
2019/09/04 18:03:02 終了しました(4296)
2019/09/05 20:09:30 開始します(9248)
2019/09/05 20:09:30 非実行(9248)
2019/09/05 20:09:30 実行中(9248)
2019/09/05 20:09:34 終了しました(9248)
2019/09/12 00:17:35 開始します(12644)
2019/09/12 00:17:35 非実行(12644)
2019/09/12 00:17:35 実行中(12644)
2019/09/12 00:17:39 終了しました(12644)
2019/09/13 01:28:09 開始します(13160)
2019/09/13 01:28:09 非実行(13160)
2019/09/13 01:28:09 実行中(13160)
2019/09/13 01:28:13 終了しました(13160)
2019/10/05 01:56:56 開始します(4720)
2019/10/05 01:56:56 非実行(4720)
2019/10/05 01:56:56 実行中(4720)
2019/10/05 01:57:00 終了しました(4720)
2019/10/23 16:41:41 開始します(5720)
2019/10/23 16:41:41 非実行(5720)
2019/10/23 16:41:41 実行中(5720)
2019/10/23 16:41:45 終了しました(5720)
2019/10/24 11:47:31 開始します(4004)
2019/10/24 11:47:31 非実行(4004)
2019/10/24 11:47:31 実行中(4004)
2019/10/24 11:47:35 終了しました(4004)
2019/10/29 00:00:15 開始します(12196)
2019/10/29 00:00:15 非実行(12196)
2019/10/29 00:00:15 実行中(12196)
2019/10/29 00:00:19 終了しました(12196)
2019/11/01 16:23:04 開始します(5708)
2019/11/01 16:23:04 非実行(5708)
2019/11/01 16:23:04 実行中(5708)
2019/11/01 16:23:08 終了しました(5708)
2019/11/05 18:41:29 開始します(3136)
2019/11/05 18:41:29 非実行(3136)
2019/11/05 18:41:29 実行中(3136)
2019/11/05 18:41:33 終了しました(3136)
2019/11/06 21:58:40 開始します(8600)
2019/11/06 21:58:40 非実行(8600)
2019/11/06 21:58:40 実行中(8600)
2019/11/06 21:58:44 終了しました(8600)
2019/11/07 17:32:29 開始します(7704)
2019/11/07 17:32:29 非実行(7704)
2019/11/07 17:32:29 実行中(7704)
2019/11/07 17:32:33 終了しました(7704)
2019/11/08 18:04:56 開始します(10648)
2019/11/08 18:04:56 非実行(10648)
2019/11/08 18:04:56 実行中(10648)
2019/11/08 18:05:00 終了しました(10648)
2019/11/11 17:45:51 開始します(1404)
2019/11/11 17:45:51 非実行(1404)
2019/11/11 17:45:51 実行中(1404)
2019/11/11 17:45:55 終了しました(1404)
2019/11/12 18:59:41 開始します(11036)
2019/11/12 18:59:41 非実行(11036)
2019/11/12 18:59:41 実行中(11036)
2019/11/12 18:59:45 終了しました(11036)
2019/11/13 16:32:13 開始します(3536)
2019/11/13 16:32:13 非実行(3536)
2019/11/13 16:32:13 実行中(3536)
2019/11/13 16:32:17 終了しました(3536)
2019/11/14 20:03:41 開始します(2704)
2019/11/14 20:03:41 非実行(2704)
2019/11/14 20:03:41 実行中(2704)
2019/11/14 20:03:45 終了しました(2704)
2019/11/15 19:52:33 開始します(12556)
2019/11/15 19:52:33 非実行(12556)
2019/11/15 19:52:33 実行中(12556)
2019/11/15 19:52:37 終了しました(12556)
2019/11/18 19:03:03 開始します(8076)
2019/11/18 19:03:03 非実行(8076)
2019/11/18 19:03:03 実行中(8076)
2019/11/18 19:03:07 終了しました(8076)
2019/11/20 02:35:48 開始します(4876)
2019/11/20 02:35:48 非実行(4876)
2019/11/20 02:35:48 実行中(4876)
2019/11/20 02:35:52 終了しました(4876)
2019/11/21 01:59:03 開始します(4244)
2019/11/21 01:59:03 非実行(4244)
2019/11/21 01:59:03 実行中(4244)
2019/11/21 01:59:07 終了しました(4244)
2019/11/21 18:41:20 開始します(9296)
2019/11/21 18:41:20 非実行(9296)
2019/11/21 18:41:20 実行中(9296)
2019/11/21 18:41:23 終了しました(9296)
2019/11/23 00:05:00 開始します(4572)
2019/11/23 00:05:00 非実行(4572)
2019/11/23 00:05:00 実行中(4572)
2019/11/23 00:05:04 終了しました(4572)
2019/11/25 18:38:44 開始します(8124)
2019/11/25 18:38:44 非実行(8124)
2019/11/25 18:38:44 実行中(8124)
2019/11/25 18:38:48 終了しました(8124)
2019/11/28 18:12:26 開始します(3508)
2019/11/28 18:12:26 非実行(3508)
2019/11/28 18:12:26 実行中(3508)
2019/11/28 18:12:30 終了しました(3508)
2019/11/29 18:35:09 開始します(12436)
2019/11/29 18:35:09 非実行(12436)
2019/11/29 18:35:09 実行中(12436)
2019/11/29 18:35:13 終了しました(12436)
2019/12/03 01:53:49 開始します(2388)
2019/12/03 01:53:49 非実行(2388)
2019/12/03 01:53:49 実行中(2388)
2019/12/03 01:53:53 終了しました(2388)
2019/12/23 21:44:01 開始します(1980)
2019/12/23 21:44:01 非実行(1980)
2019/12/23 21:44:01 実行中(1980)
2019/12/23 21:44:05 終了しました(1980)
2019/12/26 22:26:39 開始します(6644)
2019/12/26 22:26:39 非実行(6644)
2019/12/26 22:26:39 実行中(6644)
2019/12/26 22:26:43 終了しました(6644)
2020/02/28 13:47:57 開始します(6784)
2020/02/28 13:47:57 非実行(6784)
2020/02/28 13:47:57 実行中(6784)
2020/02/28 13:48:01 終了しました(6784)
2020/03/04 17:45:46 開始します(5524)
2020/03/04 17:45:46 非実行(5524)
2020/03/04 17:45:46 実行中(5524)
2020/03/04 17:45:50 終了しました(5524)
2020/03/05 19:13:21 開始します(2948)
2020/03/05 19:13:21 非実行(2948)
2020/03/05 19:13:21 実行中(2948)
2020/03/05 19:13:25 終了しました(2948)
2020/03/07 03:16:10 開始します(6180)
2020/03/07 03:16:10 非実行(6180)
2020/03/07 03:16:10 実行中(6180)
2020/03/07 03:16:14 終了しました(6180)
2020/03/19 03:16:58 開始します(2124)
2020/03/19 03:16:58 非実行(2124)
2020/03/19 03:16:58 実行中(2124)
2020/03/19 03:17:02 終了しました(2124)
2020/03/19 13:34:27 開始します(6544)
2020/03/19 13:34:27 非実行(6544)
2020/03/19 13:34:27 実行中(6544)
2020/03/19 13:34:31 終了しました(6544)
2020/03/23 18:11:36 開始します(3564)
2020/03/23 18:11:36 非実行(3564)
2020/03/23 18:11:36 実行中(3564)
2020/03/23 18:11:40 終了しました(3564)
2020/04/28 01:25:16 開始します(3524)
2020/04/28 01:25:16 非実行(3524)
2020/04/28 01:25:16 実行中(3524)
2020/04/28 01:25:20 終了しました(3524)
2020/06/03 17:15:22 開始します(5096)
2020/06/03 17:15:22 非実行(5096)
2020/06/03 17:15:22 実行中(5096)
2020/06/03 17:15:26 終了しました(5096)
2020/06/15 16:28:16 開始します(4924)
2020/06/15 16:28:16 非実行(4924)
2020/06/15 16:28:16 実行中(4924)
2020/06/15 16:28:20 終了しました(4924)
2020/06/19 03:23:05 開始します(2284)
2020/06/19 03:23:05 非実行(2284)
2020/06/19 03:23:05 実行中(2284)
2020/06/19 03:23:09 終了しました(2284)
2020/06/23 09:58:03 開始します(7556)
2020/06/23 09:58:03 非実行(7556)
2020/06/23 09:58:03 実行中(7556)
2020/06/23 09:58:07 終了しました(7556)
2020/07/09 12:59:47 開始します(5964)
2020/07/09 12:59:47 非実行(5964)
2020/07/09 12:59:47 実行中(5964)
2020/07/09 12:59:51 終了しました(5964)
2020/07/20 15:25:20 開始します(1876)
2020/07/20 15:25:20 非実行(1876)
2020/07/20 15:25:20 実行中(1876)
2020/07/20 15:25:24 終了しました(1876)
2020/08/20 12:11:04 開始します(7812)
2020/08/20 12:11:04 非実行(7812)
2020/08/20 12:11:04 実行中(7812)
2020/08/20 12:11:08 終了しました(7812)
2020/08/20 19:01:45 開始します(3568)
2020/08/20 19:01:45 非実行(3568)
2020/08/20 19:01:45 実行中(3568)
2020/08/20 19:01:49 終了しました(3568)
2020/08/24 10:03:18 開始します(896)
2020/08/24 10:03:18 非実行(896)
2020/08/24 10:03:18 実行中(896)
2020/08/24 10:03:22 終了しました(896)
2020/08/25 12:03:09 開始します(4212)
2020/08/25 12:03:09 非実行(4212)
2020/08/25 12:03:09 実行中(4212)
2020/08/25 12:03:13 終了しました(4212)
2020/08/26 14:15:44 開始します(3600)
2020/08/26 14:15:44 非実行(3600)
2020/08/26 14:15:44 実行中(3600)
2020/08/26 14:15:48 終了しました(3600)
2020/08/31 20:00:03 開始します(1104)
2020/08/31 20:00:03 非実行(1104)
2020/08/31 20:00:03 実行中(1104)
2020/08/31 20:00:07 終了しました(1104)
2020/09/01 21:18:11 開始します(6184)
2020/09/01 21:18:11 非実行(6184)
2020/09/01 21:18:11 実行中(6184)
2020/09/01 21:18:15 終了しました(6184)
2020/09/03 20:01:59 開始します(7744)
2020/09/03 20:01:59 非実行(7744)
2020/09/03 20:01:59 実行中(7744)
2020/09/03 20:02:03 終了しました(7744)
2020/09/04 12:36:44 開始します(7616)
2020/09/04 12:36:44 非実行(7616)
2020/09/04 12:36:44 実行中(7616)
2020/09/04 12:36:48 終了しました(7616)
2020/09/09 16:25:48 開始します(5740)
2020/09/09 16:25:48 非実行(5740)
2020/09/09 16:25:48 実行中(5740)
2020/09/09 16:25:52 終了しました(5740)
2020/09/14 11:17:16 開始します(4724)
2020/09/14 11:17:16 非実行(4724)
2020/09/14 11:17:16 実行中(4724)
2020/09/14 11:17:20 終了しました(4724)
2020/09/16 10:39:43 開始します(6744)
2020/09/16 10:39:43 非実行(6744)
2020/09/16 10:39:43 実行中(6744)
2020/09/16 10:39:47 終了しました(6744)
2020/09/25 10:00:46 開始します(5612)
2020/09/25 10:00:46 非実行(5612)
2020/09/25 10:00:46 実行中(5612)
2020/09/25 10:00:50 終了しました(5612)
2020/09/25 14:37:49 開始します(5732)
2020/09/25 14:37:49 非実行(5732)
2020/09/25 14:37:49 実行中(5732)
2020/09/25 14:37:53 終了しました(5732)
2020/09/29 14:01:36 開始します(2780)
2020/09/29 14:01:36 非実行(2780)
2020/09/29 14:01:36 実行中(2780)
2020/09/29 14:01:40 終了しました(2780)
2020/09/30 14:33:44 開始します(5908)
2020/09/30 14:33:44 非実行(5908)
2020/09/30 14:33:44 実行中(5908)
2020/09/30 14:33:48 終了しました(5908)
2020/10/01 15:33:39 開始します(5520)
2020/10/01 15:33:39 非実行(5520)
2020/10/01 15:33:39 実行中(5520)
2020/10/01 15:33:43 終了しました(5520)
2020/10/07 21:42:18 開始します(8924)
2020/10/07 21:42:18 非実行(8924)
2020/10/07 21:42:18 実行中(8924)
2020/10/07 21:42:22 終了しました(8924)
2020/10/14 11:57:24 開始します(4996)
2020/10/14 11:57:24 非実行(4996)
2020/10/14 11:57:24 実行中(4996)
2020/10/14 11:57:28 終了しました(4996)
2020/10/19 13:56:47 開始します(8296)
2020/10/19 13:56:47 非実行(8296)
2020/10/19 13:56:47 実行中(8296)
2020/10/19 13:56:51 終了しました(8296)
2020/10/23 18:34:26 開始します(1044)
2020/10/23 18:34:26 非実行(1044)
2020/10/23 18:34:26 実行中(1044)
2020/10/23 18:34:30 終了しました(1044)
2020/11/11 16:10:46 開始します(5640)
2020/11/11 16:10:46 非実行(5640)
2020/11/11 16:10:46 実行中(5640)
2020/11/11 16:10:50 終了しました(5640)
2020/11/12 16:58:55 開始します(832)
2020/11/12 16:58:55 非実行(832)
2020/11/12 16:58:55 実行中(832)
2020/11/12 16:58:59 終了しました(832)
2020/11/13 18:58:16 開始します(9992)
2020/11/13 18:58:16 非実行(9992)
2020/11/13 18:58:16 実行中(9992)
2020/11/13 18:58:20 終了しました(9992)
2020/11/16 16:57:16 開始します(8728)
2020/11/16 16:57:16 非実行(8728)
2020/11/16 16:57:16 実行中(8728)
2020/11/16 16:57:20 終了しました(8728)
2020/11/17 17:27:49 開始します(9968)
2020/11/17 17:27:49 非実行(9968)
2020/11/17 17:27:49 実行中(9968)
2020/11/17 17:27:53 終了しました(9968)
2020/11/19 16:23:02 開始します(8464)
2020/11/19 16:23:02 非実行(8464)
2020/11/19 16:23:02 実行中(8464)
2020/11/19 16:23:06 終了しました(8464)
2020/11/20 17:51:26 開始します(5884)
2020/11/20 17:51:26 非実行(5884)
2020/11/20 17:51:26 実行中(5884)
2020/11/20 17:51:30 終了しました(5884)
2020/11/24 15:04:09 開始します(8732)
2020/11/24 15:04:09 非実行(8732)
2020/11/24 15:04:09 実行中(8732)
2020/11/24 15:04:13 終了しました(8732)
2020/11/25 17:46:24 開始します(8856)
2020/11/25 17:46:24 非実行(8856)
2020/11/25 17:46:24 実行中(8856)
2020/11/25 17:46:28 終了しました(8856)
2020/11/26 16:56:33 開始します(2560)
2020/11/26 16:56:33 非実行(2560)
2020/11/26 16:56:33 実行中(2560)
2020/11/26 16:56:36 終了しました(2560)
2020/11/27 16:51:22 開始します(6688)
2020/11/27 16:51:22 非実行(6688)
2020/11/27 16:51:22 実行中(6688)
2020/11/27 16:51:26 終了しました(6688)
2020/12/01 17:09:05 開始します(8800)
2020/12/01 17:09:05 非実行(8800)
2020/12/01 17:09:05 実行中(8800)
2020/12/01 17:09:10 終了しました(8800)
2020/12/02 14:57:20 開始します(10008)
2020/12/02 14:57:20 非実行(10008)
2020/12/02 14:57:20 実行中(10008)
2020/12/02 14:57:24 終了しました(10008)
2020/12/03 15:46:30 開始します(9160)
2020/12/03 15:46:30 非実行(9160)
2020/12/03 15:46:30 実行中(9160)
2020/12/03 15:46:34 終了しました(9160)
2020/12/10 17:35:56 開始します(3448)
2020/12/10 17:35:56 非実行(3448)
2020/12/10 17:35:56 実行中(3448)
2020/12/10 17:36:00 終了しました(3448)
2021/01/12 19:36:45 開始します(5900)
2021/01/12 19:36:45 非実行(5900)
2021/01/12 19:36:45 実行中(5900)
2021/01/12 19:36:48 終了しました(5900)
2021/01/15 12:09:08 開始します(5452)
2021/01/15 12:09:08 非実行(5452)
2021/01/15 12:09:08 実行中(5452)
2021/01/15 12:09:12 終了しました(5452)
2021/01/18 12:03:03 開始します(5176)
2021/01/18 12:03:03 非実行(5176)
2021/01/18 12:03:03 実行中(5176)
2021/01/18 12:03:07 終了しました(5176)
2021/01/19 12:49:12 開始します(5432)
2021/01/19 12:49:12 非実行(5432)
2021/01/19 12:49:12 実行中(5432)
2021/01/19 12:49:16 終了しました(5432)
2021/01/21 11:48:24 開始します(6072)
2021/01/21 11:48:24 非実行(6072)
2021/01/21 11:48:24 実行中(6072)
2021/01/21 11:48:28 終了しました(6072)
2021/03/03 17:06:02 開始します(10204)
2021/03/03 17:06:02 非実行(10204)
2021/03/03 17:06:02 実行中(10204)
2021/03/03 17:06:06 終了しました(10204)
2021/03/04 15:50:05 開始します(5920)
2021/03/04 15:50:05 非実行(5920)
2021/03/04 15:50:05 実行中(5920)
2021/03/04 15:50:09 終了しました(5920)
2021/04/19 18:38:33 開始します(5124)
2021/04/19 18:38:33 非実行(5124)
2021/04/19 18:38:33 実行中(5124)
2021/04/19 18:38:37 終了しました(5124)
2021/05/07 15:51:41 開始します(9644)
2021/05/07 15:51:41 非実行(9644)
2021/05/07 15:51:41 実行中(9644)
2021/05/07 15:51:45 終了しました(9644)
2021/05/10 19:20:42 開始します(4248)
2021/05/10 19:20:42 非実行(4248)
2021/05/10 19:20:42 実行中(4248)
2021/05/10 19:20:45 終了しました(4248)
2021/05/12 07:21:55 開始します(2068)
2021/05/12 07:21:55 非実行(2068)
2021/05/12 07:21:55 実行中(2068)
2021/05/12 07:21:59 終了しました(2068)
2021/05/17 15:57:25 開始します(9452)
2021/05/17 15:57:25 非実行(9452)
2021/05/17 15:57:25 実行中(9452)
2021/05/17 15:57:29 終了しました(9452)
2021/06/09 18:16:47 開始します(4560)
2021/06/09 18:16:47 非実行(4560)
2021/06/09 18:16:47 実行中(4560)
2021/06/09 18:16:51 終了しました(4560)
2021/08/03 12:44:02 開始します(7312)
2021/08/03 12:44:02 非実行(7312)
2021/08/03 12:44:02 実行中(7312)
2021/08/03 12:44:05 終了しました(7312)
2021/11/16 03:05:28 開始します(6608)
2021/11/16 03:05:28 非実行(6608)
2021/11/16 03:05:28 実行中(6608)
2021/11/16 03:05:32 終了しました(6608)
2021/11/16 18:51:28 開始します(2116)
2021/11/16 18:51:28 非実行(2116)
2021/11/16 18:51:28 実行中(2116)
2021/11/16 18:51:32 終了しました(2116)
2021/11/17 18:18:20 開始します(4792)
2021/11/17 18:18:20 非実行(4792)
2021/11/17 18:18:20 実行中(4792)
2021/11/17 18:18:24 終了しました(4792)
2021/11/18 10:37:41 開始します(6880)
2021/11/18 10:37:41 非実行(6880)
2021/11/18 10:37:41 実行中(6880)
2021/11/18 10:37:45 終了しました(6880)
2021/11/22 19:01:00 開始します(6496)
2021/11/22 19:01:00 非実行(6496)
2021/11/22 19:01:00 実行中(6496)
2021/11/22 19:01:03 終了しました(6496)
2022/02/21 18:17:05 開始します(7820)
2022/02/21 18:17:05 非実行(7820)
2022/02/21 18:17:05 実行中(7820)
2022/02/21 18:17:09 終了しました(7820)
2022/02/25 15:47:06 開始します(6152)
2022/02/25 15:47:06 非実行(6152)
2022/02/25 15:47:06 実行中(6152)
2022/02/25 15:47:10 終了しました(6152)
2022/03/04 13:37:07 開始します(7284)
2022/03/04 13:37:07 非実行(7284)
2022/03/04 13:37:07 実行中(7284)
2022/03/04 13:37:11 終了しました(7284)
2022/03/11 13:52:55 開始します(4284)
2022/03/11 13:52:55 非実行(4284)
2022/03/11 13:52:55 実行中(4284)
2022/03/11 13:52:59 終了しました(4284)
2022/03/23 13:52:24 開始します(6224)
2022/03/23 13:52:24 非実行(6224)
2022/03/23 13:52:24 実行中(6224)
2022/03/23 13:52:28 終了しました(6224)
2022/04/06 15:24:29 開始します(6764)
2022/04/06 15:24:29 非実行(6764)
2022/04/06 15:24:29 実行中(6764)
2022/04/06 15:24:33 終了しました(6764)
2022/04/12 18:29:04 開始します(1232)
2022/04/12 18:29:04 非実行(1232)
2022/04/12 18:29:04 実行中(1232)
2022/04/12 18:29:08 終了しました(1232)
2022/04/18 18:26:30 開始します(4316)
2022/04/18 18:26:30 非実行(4316)
2022/04/18 18:26:30 実行中(4316)
2022/04/18 18:26:34 終了しました(4316)
2022/04/25 18:42:32 開始します(1044)
2022/04/25 18:42:32 非実行(1044)
2022/04/25 18:42:32 実行中(1044)
2022/04/25 18:42:36 終了しました(1044)
2022/09/20 18:47:31 開始します(4140)
2022/09/20 18:47:31 非実行(4140)
2022/09/20 18:47:31 実行中(4140)
2022/09/20 18:47:35 終了しました(4140)
2022/09/21 15:30:15 開始します(2724)
2022/09/21 15:30:15 非実行(2724)
2022/09/21 15:30:15 実行中(2724)
2022/09/21 15:30:19 終了しました(2724)
2022/10/13 18:45:07 開始します(7344)
2022/10/13 18:45:07 非実行(7344)
2022/10/13 18:45:07 実行中(7344)
2022/10/13 18:45:11 終了しました(7344)
2022/12/19 17:14:35 開始します(7864)
2022/12/19 17:14:35 非実行(7864)
2022/12/19 17:14:35 実行中(7864)
2022/12/19 17:14:39 終了しました(7864)
2023/01/16 15:50:39 開始します(6164)
2023/01/16 15:50:39 非実行(6164)
2023/01/16 15:50:39 実行中(6164)
2023/01/16 15:50:42 終了しました(6164)
2023/01/17 20:52:22 開始します(4332)
2023/01/17 20:52:22 非実行(4332)
2023/01/17 20:52:22 実行中(4332)
2023/01/17 20:52:26 終了しました(4332)
2023/01/18 12:42:40 開始します(6880)
2023/01/18 12:42:40 非実行(6880)
2023/01/18 12:42:40 実行中(6880)
2023/01/18 12:42:44 終了しました(6880)
2023/01/24 12:02:37 開始します(7016)
2023/01/24 12:02:37 非実行(7016)
2023/01/24 12:02:37 実行中(7016)
2023/01/24 12:02:41 終了しました(7016)
2023/03/28 18:00:30 開始します(1484)
2023/03/28 18:00:30 非実行(1484)
2023/03/28 18:00:30 実行中(1484)
2023/03/28 18:00:34 終了しました(1484)
2023/04/25 16:37:39 開始します(8168)
2023/04/25 16:37:39 非実行(8168)
2023/04/25 16:37:39 実行中(8168)
2023/04/25 16:37:43 終了しました(8168)
2023/05/15 17:49:31 開始します(6528)
2023/05/15 17:49:31 非実行(6528)
2023/05/15 17:49:31 実行中(6528)
2023/05/15 17:49:34 終了しました(6528)
2023/05/16 16:03:49 開始します(6764)
2023/05/16 16:03:49 非実行(6764)
2023/05/16 16:03:49 実行中(6764)
2023/05/16 16:03:53 終了しました(6764)
2023/06/13 17:44:06 開始します(8048)
2023/06/13 17:44:06 非実行(8048)
2023/06/13 17:44:06 実行中(8048)
2023/06/13 17:44:10 終了しました(8048)
2023/09/08 16:50:08 開始します(6928)
2023/09/08 16:50:08 非実行(6928)
2023/09/08 16:50:08 実行中(6928)
2023/09/08 16:50:11 終了しました(6928)
2023/09/14 16:11:48 開始します(4172)
2023/09/14 16:11:48 非実行(4172)
2023/09/14 16:11:48 実行中(4172)
2023/09/14 16:11:52 終了しました(4172)
2023/09/28 17:48:50 開始します(6900)
2023/09/28 17:48:50 非実行(6900)
2023/09/28 17:48:50 実行中(6900)
2023/09/28 17:48:54 終了しました(6900)
2023/10/25 16:03:00 開始します(5484)
2023/10/25 16:03:00 非実行(5484)
2023/10/25 16:03:00 実行中(5484)
2023/10/25 16:03:04 終了しました(5484)
2024/01/29 18:28:37 開始します(4052)
2024/01/29 18:28:37 非実行(4052)
2024/01/29 18:28:37 実行中(4052)
2024/01/29 18:28:41 終了しました(4052)
2024/07/23 16:28:20 開始します(5580)
2024/07/23 16:28:20 非実行(5580)
2024/07/23 16:28:20 実行中(5580)
2024/07/23 16:28:20 終了しました(5580)
2024/07/24 09:48:34 開始します(8612)
2024/07/24 09:48:34 非実行(8612)
2024/07/24 09:48:34 実行中(8612)
2024/07/24 09:48:35 終了しました(8612)
2024/07/24 10:05:52 開始します(5752)
2024/07/24 10:05:52 非実行(5752)
2024/07/24 10:05:52 実行中(5752)
2024/07/24 10:05:52 終了しました(5752)
2024/07/24 10:09:57 開始します(3724)
2024/07/24 10:09:57 非実行(3724)
2024/07/24 10:09:57 実行中(3724)
2024/07/24 10:09:58 終了しました(3724)
2024/07/24 10:14:50 開始します(4296)
2024/07/24 10:14:50 非実行(4296)
2024/07/24 10:14:50 実行中(4296)
2024/07/24 10:14:51 終了しました(4296)
2024/08/15 16:37:17 開始します(3800)
2024/08/15 16:37:17 非実行(3800)
2024/08/15 16:37:17 実行中(3800)
2024/08/15 16:37:18 終了しました(3800)
2024/08/23 10:12:16 開始します(2148)
2024/08/23 10:12:16 非実行(2148)
2024/08/23 10:12:16 実行中(2148)
2024/08/23 10:12:16 終了しました(2148)
2024/08/28 13:52:19 開始します(6136)
2024/08/28 13:52:19 非実行(6136)
2024/08/28 13:52:19 実行中(6136)
2024/08/28 13:52:20 終了しました(6136)
2024/09/12 03:34:04 開始します(5072)
2024/09/12 03:34:04 非実行(5072)
2024/09/12 03:34:04 実行中(5072)
2024/09/12 03:34:04 終了しました(5072)
2024/09/17 15:44:00 開始します(12036)
2024/09/17 15:44:00 非実行(12036)
2024/09/17 15:44:00 実行中(12036)
2024/09/17 15:44:01 終了しました(12036)
2024/09/18 09:32:24 開始します(8964)
2024/09/18 09:32:24 非実行(8964)
2024/09/18 09:32:24 実行中(8964)
2024/09/18 09:32:25 終了しました(8964)
2024/09/18 20:04:20 開始します(5548)
2024/09/18 20:04:20 非実行(5548)
2024/09/18 20:04:20 実行中(5548)
2024/09/18 20:04:21 終了しました(5548)
2024/09/20 02:42:56 開始します(1720)
2024/09/20 02:42:56 非実行(1720)
2024/09/20 02:42:56 実行中(1720)
2024/09/20 02:42:56 終了しました(1720)
2024/09/23 02:46:38 開始します(5700)
2024/09/23 02:46:38 非実行(5700)
2024/09/23 02:46:38 実行中(5700)
2024/09/23 02:46:39 終了しました(5700)
2024/09/26 06:04:09 開始します(13044)
2024/09/26 06:04:09 非実行(13044)
2024/09/26 06:04:09 実行中(13044)
2024/09/26 06:04:09 終了しました(13044)
2024/09/27 06:26:45 開始します(8164)
2024/09/27 06:26:45 非実行(8164)
2024/09/27 06:26:45 実行中(8164)
2024/09/27 06:26:45 終了しました(8164)
2024/09/28 06:53:24 開始します(5456)
2024/09/28 06:53:24 非実行(5456)
2024/09/28 06:53:24 実行中(5456)
2024/09/28 06:53:25 終了しました(5456)
2024/09/29 06:04:22 開始します(3916)
2024/09/29 06:04:22 非実行(3916)
2024/09/29 06:04:22 実行中(3916)
2024/09/29 06:04:23 終了しました(3916)
2024/10/02 01:00:16 開始します(4404)
2024/10/02 01:00:16 非実行(4404)
2024/10/02 01:00:16 実行中(4404)
2024/10/02 01:00:17 終了しました(4404)
2024/10/03 01:30:44 開始します(8424)
2024/10/03 01:30:44 非実行(8424)
2024/10/03 01:30:44 実行中(8424)
2024/10/03 01:30:45 終了しました(8424)
2024/10/04 03:55:32 開始します(6600)
2024/10/04 03:55:32 非実行(6600)
2024/10/04 03:55:32 実行中(6600)
2024/10/04 03:55:32 終了しました(6600)
2024/10/05 04:22:11 開始します(11652)
2024/10/05 04:22:11 非実行(11652)
2024/10/05 04:22:11 実行中(11652)
2024/10/05 04:22:12 終了しました(11652)
2024/10/07 17:48:00 開始します(5884)
2024/10/07 17:48:00 非実行(5884)
2024/10/07 17:48:00 実行中(5884)
2024/10/07 17:48:00 終了しました(5884)
2024/10/08 02:07:00 開始します(9132)
2024/10/08 02:07:00 非実行(9132)
2024/10/08 02:07:00 実行中(9132)
2024/10/08 02:07:00 終了しました(9132)
2024/10/09 01:35:44 開始します(5348)
2024/10/09 01:35:44 非実行(5348)
2024/10/09 01:35:44 実行中(5348)
2024/10/09 01:35:45 終了しました(5348)
2024/10/10 02:06:14 開始します(4896)
2024/10/10 02:06:14 非実行(4896)
2024/10/10 02:06:14 実行中(4896)
2024/10/10 02:06:15 終了しました(4896)
2024/10/11 01:14:15 開始します(8372)
2024/10/11 01:14:15 非実行(8372)
2024/10/11 01:14:15 実行中(8372)
2024/10/11 01:14:15 終了しました(8372)
2024/10/13 01:42:13 開始します(7248)
2024/10/13 01:42:13 非実行(7248)
2024/10/13 01:42:13 実行中(7248)
2024/10/13 01:42:13 終了しました(7248)
2024/10/16 00:17:06 開始します(1196)
2024/10/16 00:17:06 非実行(1196)
2024/10/16 00:17:06 実行中(1196)
2024/10/16 00:17:06 終了しました(1196)
2024/10/17 00:46:48 開始します(4300)
2024/10/17 00:46:48 非実行(4300)
2024/10/17 00:46:48 実行中(4300)
2024/10/17 00:46:49 終了しました(4300)
2024/10/18 05:14:04 開始します(7884)
2024/10/18 05:14:04 非実行(7884)
2024/10/18 05:14:04 実行中(7884)
2024/10/18 05:14:05 終了しました(7884)
2024/10/18 23:33:42 開始します(4228)
2024/10/18 23:33:42 非実行(4228)
2024/10/18 23:33:42 実行中(4228)
2024/10/18 23:33:43 終了しました(4228)
2024/10/21 23:26:46 開始します(6448)
2024/10/21 23:26:46 非実行(6448)
2024/10/21 23:26:46 実行中(6448)
2024/10/21 23:26:47 終了しました(6448)
2024/10/22 23:43:43 開始します(8892)
2024/10/22 23:43:43 非実行(8892)
2024/10/22 23:43:43 実行中(8892)
2024/10/22 23:43:43 終了しました(8892)
2024/10/23 23:23:16 開始します(8756)
2024/10/23 23:23:16 非実行(8756)
2024/10/23 23:23:16 実行中(8756)
2024/10/23 23:23:17 終了しました(8756)
2024/10/25 02:46:19 開始します(4956)
2024/10/25 02:46:19 非実行(4956)
2024/10/25 02:46:19 実行中(4956)
2024/10/25 02:46:20 終了しました(4956)
2024/10/27 07:51:43 開始します(6664)
2024/10/27 07:51:43 非実行(6664)
2024/10/27 07:51:43 実行中(6664)
2024/10/27 07:51:43 終了しました(6664)
2024/10/28 23:22:40 開始します(1280)
2024/10/28 23:22:40 非実行(1280)
2024/10/28 23:22:40 実行中(1280)
2024/10/28 23:22:41 終了しました(1280)
2024/10/29 23:24:55 開始します(7068)
2024/10/29 23:24:55 非実行(7068)
2024/10/29 23:24:55 実行中(7068)
2024/10/29 23:24:55 終了しました(7068)
2024/10/30 20:58:44 開始します(7696)
2024/10/30 20:58:44 非実行(7696)
2024/10/30 20:58:44 実行中(7696)
2024/10/30 20:58:44 終了しました(7696)
2024/10/31 21:46:11 開始します(6872)
2024/10/31 21:46:11 非実行(6872)
2024/10/31 21:46:11 実行中(6872)
2024/10/31 21:46:11 終了しました(6872)
2024/11/03 15:00:33 開始します(6128)
2024/11/03 15:00:33 非実行(6128)
2024/11/03 15:00:33 実行中(6128)
2024/11/03 15:00:33 終了しました(6128)
2024/11/05 21:57:44 開始します(8944)
2024/11/05 21:57:44 非実行(8944)
2024/11/05 21:57:44 実行中(8944)
2024/11/05 21:57:44 終了しました(8944)
2024/11/06 14:06:18 開始します(5172)
2024/11/06 14:06:18 非実行(5172)
2024/11/06 14:06:18 実行中(5172)
2024/11/06 14:06:19 終了しました(5172)
2024/11/07 00:44:11 開始します(6416)
2024/11/07 00:44:11 非実行(6416)
2024/11/07 00:44:11 実行中(6416)
2024/11/07 00:44:11 終了しました(6416)
2024/11/08 02:23:34 開始します(3776)
2024/11/08 02:23:34 非実行(3776)
2024/11/08 02:23:34 実行中(3776)
2024/11/08 02:23:34 終了しました(3776)
2024/11/09 03:35:34 開始します(7696)
2024/11/09 03:35:34 非実行(7696)
2024/11/09 03:35:34 実行中(7696)
2024/11/09 03:35:34 終了しました(7696)
2024/11/12 01:58:45 開始します(1128)
2024/11/12 01:58:45 非実行(1128)
2024/11/12 01:58:45 実行中(1128)
2024/11/12 01:58:46 終了しました(1128)
2024/11/12 11:34:52 開始します(2508)
2024/11/12 11:34:52 非実行(2508)
2024/11/12 11:34:52 実行中(2508)
2024/11/12 11:34:52 終了しました(2508)
2024/11/13 02:56:25 開始します(8392)
2024/11/13 02:56:25 非実行(8392)
2024/11/13 02:56:25 実行中(8392)
2024/11/13 02:56:26 終了しました(8392)
2024/11/14 03:44:29 開始します(5164)
2024/11/14 03:44:29 非実行(5164)
2024/11/14 03:44:29 実行中(5164)
2024/11/14 03:44:30 終了しました(5164)
2024/11/15 03:35:56 開始します(6280)
2024/11/15 03:35:56 非実行(6280)
2024/11/15 03:35:56 実行中(6280)
2024/11/15 03:35:56 終了しました(6280)
2024/11/17 01:51:02 開始します(8640)
2024/11/17 01:51:02 非実行(8640)
2024/11/17 01:51:02 実行中(8640)
2024/11/17 01:51:03 終了しました(8640)
2024/11/19 03:57:55 開始します(2232)
2024/11/19 03:57:55 非実行(2232)
2024/11/19 03:57:55 実行中(2232)
2024/11/19 03:57:55 終了しました(2232)
2024/11/20 03:41:16 開始します(1388)
2024/11/20 03:41:16 非実行(1388)
2024/11/20 03:41:16 実行中(1388)
2024/11/20 03:41:17 終了しました(1388)
2024/11/20 22:20:12 開始します(7560)
2024/11/20 22:20:12 非実行(7560)
2024/11/20 22:20:12 実行中(7560)
2024/11/20 22:20:13 終了しました(7560)
2024/11/22 03:48:21 開始します(9140)
2024/11/22 03:48:21 非実行(9140)
2024/11/22 03:48:21 実行中(9140)
2024/11/22 03:48:21 終了しました(9140)
2024/11/25 03:20:28 開始します(6188)
2024/11/25 03:20:28 非実行(6188)
2024/11/25 03:20:28 実行中(6188)
2024/11/25 03:20:29 終了しました(6188)
2024/12/04 03:21:33 開始します(2492)
2024/12/04 03:21:33 非実行(2492)
2024/12/04 03:21:33 実行中(2492)
2024/12/04 03:21:33 終了しました(2492)
2024/12/05 00:13:56 開始します(6340)
2024/12/05 00:13:56 非実行(6340)
2024/12/05 00:13:56 実行中(6340)
2024/12/05 00:13:56 終了しました(6340)
2024/12/05 22:48:22 開始します(7292)
2024/12/05 22:48:22 非実行(7292)
2024/12/05 22:48:22 実行中(7292)
2024/12/05 22:48:22 終了しました(7292)
2024/12/07 01:00:04 開始します(7624)
2024/12/07 01:00:04 非実行(7624)
2024/12/07 01:00:04 実行中(7624)
2024/12/07 01:00:04 終了しました(7624)
2024/12/11 01:03:11 開始します(3052)
2024/12/11 01:03:11 非実行(3052)
2024/12/11 01:03:11 実行中(3052)
2024/12/11 01:03:11 終了しました(3052)
2024/12/12 02:37:51 開始します(2340)
2024/12/12 02:37:51 非実行(2340)
2024/12/12 02:37:51 実行中(2340)
2024/12/12 02:37:51 終了しました(2340)
2024/12/12 23:39:59 開始します(7600)
2024/12/12 23:39:59 非実行(7600)
2024/12/12 23:39:59 実行中(7600)
2024/12/12 23:40:00 終了しました(7600)
2024/12/15 23:52:36 開始します(5448)
2024/12/15 23:52:36 非実行(5448)
2024/12/15 23:52:36 実行中(5448)
2024/12/15 23:52:37 終了しました(5448)
2024/12/17 02:38:15 開始します(3100)
2024/12/17 02:38:15 非実行(3100)
2024/12/17 02:38:15 実行中(3100)
2024/12/17 02:38:15 終了しました(3100)
2024/12/18 00:50:18 開始します(1352)
2024/12/18 00:50:18 非実行(1352)
2024/12/18 00:50:18 実行中(1352)
2024/12/18 00:50:18 終了しました(1352)
2024/12/19 00:02:40 開始します(6708)
2024/12/19 00:02:40 非実行(6708)
2024/12/19 00:02:40 実行中(6708)
2024/12/19 00:02:40 終了しました(6708)
2024/12/20 01:18:35 開始します(1440)
2024/12/20 01:18:35 非実行(1440)
2024/12/20 01:18:35 実行中(1440)
2024/12/20 01:18:35 終了しました(1440)
2024/12/21 01:16:26 開始します(7460)
2024/12/21 01:16:26 非実行(7460)
2024/12/21 01:16:26 実行中(7460)
2024/12/21 01:16:27 終了しました(7460)
2024/12/22 03:51:46 開始します(8688)
2024/12/22 03:51:46 非実行(8688)
2024/12/22 03:51:46 実行中(8688)
2024/12/22 03:51:47 終了しました(8688)
2024/12/24 00:06:36 開始します(10228)
2024/12/24 00:06:36 非実行(10228)
2024/12/24 00:06:36 実行中(10228)
2024/12/24 00:06:36 終了しました(10228)
2024/12/26 20:07:28 開始します(8756)
2024/12/26 20:07:28 非実行(8756)
2024/12/26 20:07:28 実行中(8756)
2024/12/26 20:07:29 終了しました(8756)
2025/02/05 01:13:42 開始します(232)
2025/02/05 01:13:42 非実行(232)
2025/02/05 01:13:42 実行中(232)
2025/02/05 01:13:42 終了しました(232)
2025/02/06 01:11:49 開始します(200)
2025/02/06 01:11:49 非実行(200)
2025/02/06 01:11:49 実行中(200)
2025/02/06 01:11:49 終了しました(200)
2025/02/07 20:25:24 開始します(4900)
2025/02/07 20:25:24 非実行(4900)
2025/02/07 20:25:24 実行中(4900)
2025/02/07 20:25:25 終了しました(4900)
2025/02/10 21:06:59 開始します(9292)
2025/02/10 21:06:59 非実行(9292)
2025/02/10 21:06:59 実行中(9292)
2025/02/10 21:07:00 終了しました(9292)
2025/02/12 23:54:48 開始します(3576)
2025/02/12 23:54:48 非実行(3576)
2025/02/12 23:54:48 実行中(3576)
2025/02/12 23:54:48 終了しました(3576)
2025/02/13 19:05:56 開始します(6068)
2025/02/13 19:05:56 非実行(6068)
2025/02/13 19:05:56 実行中(6068)
2025/02/13 19:05:57 終了しました(6068)
2025/02/14 12:36:16 開始します(5972)
2025/02/14 12:36:16 非実行(5972)
2025/02/14 12:36:16 実行中(5972)
2025/02/14 12:36:16 終了しました(5972)
2025/02/15 11:59:43 開始します(10168)
2025/02/15 11:59:43 非実行(10168)
2025/02/15 11:59:43 実行中(10168)
2025/02/15 11:59:43 終了しました(10168)
2025/02/18 00:54:37 開始します(6160)
2025/02/18 00:54:37 非実行(6160)
2025/02/18 00:54:37 実行中(6160)
2025/02/18 00:54:37 終了しました(6160)
2025/02/18 22:54:34 開始します(2548)
2025/02/18 22:54:34 非実行(2548)
2025/02/18 22:54:34 実行中(2548)
2025/02/18 22:54:34 終了しました(2548)
2025/02/19 19:54:16 開始します(7164)
2025/02/19 19:54:16 非実行(7164)
2025/02/19 19:54:16 実行中(7164)
2025/02/19 19:54:16 終了しました(7164)
2025/02/21 02:48:20 開始します(1780)
2025/02/21 02:48:20 非実行(1780)
2025/02/21 02:48:20 実行中(1780)
2025/02/21 02:48:20 終了しました(1780)
2025/02/22 00:04:28 開始します(9700)
2025/02/22 00:04:28 非実行(9700)
2025/02/22 00:04:28 実行中(9700)
2025/02/22 00:04:28 終了しました(9700)
2025/02/23 01:32:16 開始します(9804)
2025/02/23 01:32:16 非実行(9804)
2025/02/23 01:32:16 実行中(9804)
2025/02/23 01:32:17 終了しました(9804)
2025/02/26 23:55:20 開始します(6644)
2025/02/26 23:55:20 非実行(6644)
2025/02/26 23:55:20 実行中(6644)
2025/02/26 23:55:20 終了しました(6644)
2025/02/28 00:19:23 開始します(9884)
2025/02/28 00:19:23 非実行(9884)
2025/02/28 00:19:23 実行中(9884)
2025/02/28 00:19:24 終了しました(9884)
2025/03/01 00:06:43 開始します(9756)
2025/03/01 00:06:43 非実行(9756)
2025/03/01 00:06:43 実行中(9756)
2025/03/01 00:06:44 終了しました(9756)
2025/03/07 19:49:02 開始します(6380)
2025/03/07 19:49:02 非実行(6380)
2025/03/07 19:49:02 実行中(6380)
2025/03/07 19:49:02 終了しました(6380)
2025/03/08 19:49:02 開始します(8184)
2025/03/08 19:49:02 非実行(8184)
2025/03/08 19:49:02 実行中(8184)
2025/03/08 19:49:02 終了しました(8184)
2025/03/09 19:49:02 開始します(7456)
2025/03/09 19:49:02 非実行(7456)
2025/03/09 19:49:02 実行中(7456)
2025/03/09 19:49:02 終了しました(7456)
2025/03/10 19:49:02 開始します(9912)
2025/03/10 19:49:02 非実行(9912)
2025/03/10 19:49:02 実行中(9912)
2025/03/10 19:49:02 終了しました(9912)
2025/03/11 19:49:02 開始します(4208)
2025/03/11 19:49:02 非実行(4208)
2025/03/11 19:49:02 実行中(4208)
2025/03/11 19:49:02 終了しました(4208)
2025/03/12 19:49:02 開始します(2588)
2025/03/12 19:49:02 非実行(2588)
2025/03/12 19:49:02 実行中(2588)
2025/03/12 19:49:02 終了しました(2588)
2025/03/13 19:49:02 開始します(8200)
2025/03/13 19:49:02 非実行(8200)
2025/03/13 19:49:02 実行中(8200)
2025/03/13 19:49:02 終了しました(8200)
2025/03/14 19:49:02 開始します(1368)
2025/03/14 19:49:02 非実行(1368)
2025/03/14 19:49:02 実行中(1368)
2025/03/14 19:49:02 終了しました(1368)
2025/03/15 19:49:02 開始します(8736)
2025/03/15 19:49:02 非実行(8736)
2025/03/15 19:49:02 実行中(8736)
2025/03/15 19:49:02 終了しました(8736)
2025/03/16 19:49:02 開始します(2284)
2025/03/16 19:49:02 非実行(2284)
2025/03/16 19:49:02 実行中(2284)
2025/03/16 19:49:02 終了しました(2284)
2025/03/17 19:49:02 開始します(8224)
2025/03/17 19:49:02 非実行(8224)
2025/03/17 19:49:02 実行中(8224)
2025/03/17 19:49:02 終了しました(8224)
2025/03/18 19:49:02 開始します(7848)
2025/03/18 19:49:02 非実行(7848)
2025/03/18 19:49:02 実行中(7848)
2025/03/18 19:49:02 終了しました(7848)
2025/03/19 19:49:02 開始します(2860)
2025/03/19 19:49:02 非実行(2860)
2025/03/19 19:49:02 実行中(2860)
2025/03/19 19:49:02 終了しました(2860)
2025/03/20 19:49:02 開始します(9456)
2025/03/20 19:49:02 非実行(9456)
2025/03/20 19:49:02 実行中(9456)
2025/03/20 19:49:02 終了しました(9456)
2025/03/21 19:49:01 開始します(6112)
2025/03/21 19:49:01 非実行(6112)
2025/03/21 19:49:01 実行中(6112)
2025/03/21 19:49:01 終了しました(6112)
2025/03/22 19:49:01 開始します(11928)
2025/03/22 19:49:01 非実行(11928)
2025/03/22 19:49:01 実行中(11928)
2025/03/22 19:49:01 終了しました(11928)
2025/03/23 19:49:01 開始します(10304)
2025/03/23 19:49:01 非実行(10304)
2025/03/23 19:49:01 実行中(10304)
2025/03/23 19:49:01 終了しました(10304)
2025/03/24 19:49:01 開始します(11472)
2025/03/24 19:49:01 非実行(11472)
2025/03/24 19:49:01 実行中(11472)
2025/03/24 19:49:01 終了しました(11472)
2025/03/25 19:49:01 開始します(9864)
2025/03/25 19:49:01 非実行(9864)
2025/03/25 19:49:01 実行中(9864)
2025/03/25 19:49:01 終了しました(9864)
2025/03/26 19:49:01 開始します(5480)
2025/03/26 19:49:01 非実行(5480)
2025/03/26 19:49:01 実行中(5480)
2025/03/26 19:49:01 終了しました(5480)
2025/03/27 19:49:01 開始します(1448)
2025/03/27 19:49:01 非実行(1448)
2025/03/27 19:49:01 実行中(1448)
2025/03/27 19:49:01 終了しました(1448)
2025/03/28 19:49:01 開始します(10732)
2025/03/28 19:49:01 非実行(10732)
2025/03/28 19:49:01 実行中(10732)
2025/03/28 19:49:01 終了しました(10732)
2025/03/29 19:49:01 開始します(6672)
2025/03/29 19:49:01 非実行(6672)
2025/03/29 19:49:01 実行中(6672)
2025/03/29 19:49:01 終了しました(6672)
2025/03/30 19:49:01 開始します(10156)
2025/03/30 19:49:01 非実行(10156)
2025/03/30 19:49:01 実行中(10156)
2025/03/30 19:49:01 終了しました(10156)
2025/03/31 19:49:01 開始します(4036)
2025/03/31 19:49:01 非実行(4036)
2025/03/31 19:49:01 実行中(4036)
2025/03/31 19:49:01 終了しました(4036)
2025/04/01 19:49:01 開始します(6940)
2025/04/01 19:49:01 非実行(6940)
2025/04/01 19:49:01 実行中(6940)
2025/04/01 19:49:02 終了しました(6940)
2025/04/02 19:49:01 開始します(11560)
2025/04/02 19:49:01 非実行(11560)
2025/04/02 19:49:01 実行中(11560)
2025/04/02 19:49:01 終了しました(11560)
2025/04/03 19:49:01 開始します(4928)
2025/04/03 19:49:01 非実行(4928)
2025/04/03 19:49:01 実行中(4928)
2025/04/03 19:49:01 終了しました(4928)
2025/04/04 19:49:01 開始します(2396)
2025/04/04 19:49:01 非実行(2396)
2025/04/04 19:49:01 実行中(2396)
2025/04/04 19:49:01 終了しました(2396)
2025/04/05 19:49:01 開始します(12088)
2025/04/05 19:49:01 非実行(12088)
2025/04/05 19:49:01 実行中(12088)
2025/04/05 19:49:01 終了しました(12088)
2025/04/06 19:49:01 開始します(10500)
2025/04/06 19:49:01 非実行(10500)
2025/04/06 19:49:01 実行中(10500)
2025/04/06 19:49:01 終了しました(10500)
2025/04/07 19:49:01 開始します(5960)
2025/04/07 19:49:01 非実行(5960)
2025/04/07 19:49:01 実行中(5960)
2025/04/07 19:49:01 終了しました(5960)
2025/04/08 19:49:01 開始します(5468)
2025/04/08 19:49:01 非実行(5468)
2025/04/08 19:49:01 実行中(5468)
2025/04/08 19:49:01 終了しました(5468)
2025/04/09 19:49:01 開始します(5352)
2025/04/09 19:49:01 非実行(5352)
2025/04/09 19:49:01 実行中(5352)
2025/04/09 19:49:01 終了しました(5352)
2025/04/10 19:49:01 開始します(10388)
2025/04/10 19:49:01 非実行(10388)
2025/04/10 19:49:01 実行中(10388)
2025/04/10 19:49:01 終了しました(10388)
2025/04/11 19:49:01 開始します(6048)
2025/04/11 19:49:01 非実行(6048)
2025/04/11 19:49:01 実行中(6048)
2025/04/11 19:49:01 終了しました(6048)
2025/04/12 19:49:01 開始します(4176)
2025/04/12 19:49:01 非実行(4176)
2025/04/12 19:49:01 実行中(4176)
2025/04/12 19:49:01 終了しました(4176)
2025/04/13 19:49:01 開始します(10756)
2025/04/13 19:49:01 非実行(10756)
2025/04/13 19:49:01 実行中(10756)
2025/04/13 19:49:01 終了しました(10756)
2025/04/14 19:49:01 開始します(11820)
2025/04/14 19:49:01 非実行(11820)
2025/04/14 19:49:01 実行中(11820)
2025/04/14 19:49:01 終了しました(11820)
2025/04/15 19:49:01 開始します(7668)
2025/04/15 19:49:01 非実行(7668)
2025/04/15 19:49:01 実行中(7668)
2025/04/15 19:49:01 終了しました(7668)
2025/04/16 19:49:01 開始します(10796)
2025/04/16 19:49:01 非実行(10796)
2025/04/16 19:49:01 実行中(10796)
2025/04/16 19:49:01 終了しました(10796)
2025/04/17 19:49:02 開始します(1932)
2025/04/17 19:49:02 非実行(1932)
2025/04/17 19:49:02 実行中(1932)
2025/04/17 19:49:02 終了しました(1932)
2025/04/18 19:49:02 開始します(3564)
2025/04/18 19:49:02 非実行(3564)
2025/04/18 19:49:02 実行中(3564)
2025/04/18 19:49:02 終了しました(3564)
2025/04/19 19:49:01 開始します(5096)
2025/04/19 19:49:01 非実行(5096)
2025/04/19 19:49:01 実行中(5096)
2025/04/19 19:49:02 終了しました(5096)
2025/04/20 19:49:01 開始します(1748)
2025/04/20 19:49:01 非実行(1748)
2025/04/20 19:49:01 実行中(1748)
2025/04/20 19:49:02 終了しました(1748)
2025/04/21 19:49:01 開始します(8776)
2025/04/21 19:49:01 非実行(8776)
2025/04/21 19:49:01 実行中(8776)
2025/04/21 19:49:02 終了しました(8776)
2025/04/22 19:49:02 開始します(2820)
2025/04/22 19:49:02 非実行(2820)
2025/04/22 19:49:02 実行中(2820)
2025/04/22 19:49:02 終了しました(2820)
2025/04/23 19:49:01 開始します(4608)
2025/04/23 19:49:01 非実行(4608)
2025/04/23 19:49:01 実行中(4608)
2025/04/23 19:49:01 終了しました(4608)
2025/04/24 19:49:01 開始します(6396)
2025/04/24 19:49:01 非実行(6396)
2025/04/24 19:49:01 実行中(6396)
2025/04/24 19:49:02 終了しました(6396)
2025/04/25 19:49:01 開始します(3052)
2025/04/25 19:49:01 非実行(3052)
2025/04/25 19:49:01 実行中(3052)
2025/04/25 19:49:02 終了しました(3052)
2025/04/26 19:49:01 開始します(756)
2025/04/26 19:49:01 非実行(756)
2025/04/26 19:49:01 実行中(756)
2025/04/26 19:49:02 終了しました(756)
2025/04/27 19:49:01 開始します(2576)
2025/04/27 19:49:01 非実行(2576)
2025/04/27 19:49:01 実行中(2576)
2025/04/27 19:49:02 終了しました(2576)
2025/04/28 19:49:01 開始します(5992)
2025/04/28 19:49:01 非実行(5992)
2025/04/28 19:49:01 実行中(5992)
2025/04/28 19:49:02 終了しました(5992)
2025/04/29 19:49:01 開始します(2472)
2025/04/29 19:49:01 非実行(2472)
2025/04/29 19:49:01 実行中(2472)
2025/04/29 19:49:02 終了しました(2472)
2025/04/30 19:49:01 開始します(3328)
2025/04/30 19:49:01 非実行(3328)
2025/04/30 19:49:01 実行中(3328)
2025/04/30 19:49:02 終了しました(3328)
2025/05/01 19:49:01 開始します(2800)
2025/05/01 19:49:01 非実行(2800)
2025/05/01 19:49:01 実行中(2800)
2025/05/01 19:49:02 終了しました(2800)
2025/05/02 19:49:01 開始します(7256)
2025/05/02 19:49:01 非実行(7256)
2025/05/02 19:49:01 実行中(7256)
2025/05/02 19:49:02 終了しました(7256)
2025/05/03 19:49:02 開始します(4104)
2025/05/03 19:49:02 非実行(4104)
2025/05/03 19:49:02 実行中(4104)
2025/05/03 19:49:02 終了しました(4104)
2025/05/04 19:49:01 開始します(2948)
2025/05/04 19:49:01 非実行(2948)
2025/05/04 19:49:01 実行中(2948)
2025/05/04 19:49:02 終了しました(2948)
2025/05/05 19:49:01 開始します(2888)
2025/05/05 19:49:01 非実行(2888)
2025/05/05 19:49:01 実行中(2888)
2025/05/05 19:49:01 終了しました(2888)
2025/05/06 19:49:01 開始します(3744)
2025/05/06 19:49:01 非実行(3744)
2025/05/06 19:49:01 実行中(3744)
2025/05/06 19:49:02 終了しました(3744)
2025/05/07 19:49:01 開始します(5436)
2025/05/07 19:49:01 非実行(5436)
2025/05/07 19:49:01 実行中(5436)
2025/05/07 19:49:02 終了しました(5436)
2025/05/08 19:49:01 開始します(9060)
2025/05/08 19:49:01 非実行(9060)
2025/05/08 19:49:01 実行中(9060)
2025/05/08 19:49:02 終了しました(9060)
2025/05/09 19:49:01 開始します(5312)
2025/05/09 19:49:01 非実行(5312)
2025/05/09 19:49:01 実行中(5312)
2025/05/09 19:49:02 終了しました(5312)
2025/05/10 19:49:01 開始します(3808)
2025/05/10 19:49:01 非実行(3808)
2025/05/10 19:49:01 実行中(3808)
2025/05/10 19:49:01 終了しました(3808)
2025/05/11 19:49:02 開始します(4580)
2025/05/11 19:49:02 非実行(4580)
2025/05/11 19:49:02 実行中(4580)
2025/05/11 19:49:02 終了しました(4580)
2025/05/12 19:49:01 開始します(6940)
2025/05/12 19:49:01 非実行(6940)
2025/05/12 19:49:01 実行中(6940)
2025/05/12 19:49:02 終了しました(6940)
2025/05/13 19:49:01 開始します(8116)
2025/05/13 19:49:01 非実行(8116)
2025/05/13 19:49:01 実行中(8116)
2025/05/13 19:49:01 終了しました(8116)
2025/05/14 19:49:01 開始します(7324)
2025/05/14 19:49:01 非実行(7324)
2025/05/14 19:49:01 実行中(7324)
2025/05/14 19:49:02 終了しました(7324)
2025/05/15 19:49:01 開始します(336)
2025/05/15 19:49:01 非実行(336)
2025/05/15 19:49:01 実行中(336)
2025/05/15 19:49:02 終了しました(336)
2025/05/16 19:49:01 開始します(5288)
2025/05/16 19:49:01 非実行(5288)
2025/05/16 19:49:01 実行中(5288)
2025/05/16 19:49:02 終了しました(5288)
2025/05/17 19:49:01 開始します(5536)
2025/05/17 19:49:01 非実行(5536)
2025/05/17 19:49:01 実行中(5536)
2025/05/17 19:49:01 終了しました(5536)
2025/05/18 19:49:01 開始します(576)
2025/05/18 19:49:01 非実行(576)
2025/05/18 19:49:01 実行中(576)
2025/05/18 19:49:01 終了しました(576)
2025/05/19 19:49:01 開始します(8376)
2025/05/19 19:49:01 非実行(8376)
2025/05/19 19:49:01 実行中(8376)
2025/05/19 19:49:02 終了しました(8376)
2025/05/20 19:49:01 開始します(4336)
2025/05/20 19:49:01 非実行(4336)
2025/05/20 19:49:01 実行中(4336)
2025/05/20 19:49:02 終了しました(4336)
2025/05/21 19:49:01 開始します(4024)
2025/05/21 19:49:01 非実行(4024)
2025/05/21 19:49:01 実行中(4024)
2025/05/21 19:49:02 終了しました(4024)
2025/05/23 19:48:59 開始します(5224)
2025/05/23 19:48:59 非実行(5224)
2025/05/23 19:48:59 実行中(5224)
2025/05/23 19:48:59 終了しました(5224)
2025/05/24 19:48:59 開始します(3428)
2025/05/24 19:48:59 非実行(3428)
2025/05/24 19:48:59 実行中(3428)
2025/05/24 19:49:00 終了しました(3428)
2025/05/25 19:48:59 開始します(2140)
2025/05/25 19:48:59 非実行(2140)
2025/05/25 19:48:59 実行中(2140)
2025/05/25 19:49:00 終了しました(2140)
2025/05/26 19:48:59 開始します(5416)
2025/05/26 19:48:59 非実行(5416)
2025/05/26 19:48:59 実行中(5416)
2025/05/26 19:49:00 終了しました(5416)
2025/05/27 19:48:59 開始します(2012)
2025/05/27 19:48:59 非実行(2012)
2025/05/27 19:48:59 実行中(2012)
2025/05/27 19:48:59 終了しました(2012)
2025/05/28 19:49:00 開始します(4716)
2025/05/28 19:49:00 非実行(4716)
2025/05/28 19:49:00 実行中(4716)
2025/05/28 19:49:00 終了しました(4716)
2025/05/29 19:49:00 開始します(6572)
2025/05/29 19:49:00 非実行(6572)
2025/05/29 19:49:00 実行中(6572)
2025/05/29 19:49:00 終了しました(6572)
2025/05/30 19:49:00 開始します(5864)
2025/05/30 19:49:00 非実行(5864)
2025/05/30 19:49:00 実行中(5864)
2025/05/30 19:49:00 終了しました(5864)
2025/05/31 19:49:00 開始します(5764)
2025/05/31 19:49:00 非実行(5764)
2025/05/31 19:49:00 実行中(5764)
2025/05/31 19:49:00 終了しました(5764)
2025/06/01 19:48:59 開始します(3316)
2025/06/01 19:48:59 非実行(3316)
2025/06/01 19:48:59 実行中(3316)
2025/06/01 19:49:00 終了しました(3316)
2025/06/02 19:48:59 開始します(2728)
2025/06/02 19:48:59 非実行(2728)
2025/06/02 19:48:59 実行中(2728)
2025/06/02 19:48:59 終了しました(2728)
2025/06/03 19:48:59 開始します(7144)
2025/06/03 19:48:59 非実行(7144)
2025/06/03 19:48:59 実行中(7144)
2025/06/03 19:49:00 終了しました(7144)
2025/06/04 19:48:59 開始します(5024)
2025/06/04 19:48:59 非実行(5024)
2025/06/04 19:48:59 実行中(5024)
2025/06/04 19:49:00 終了しました(5024)
2025/06/05 19:49:00 開始します(4244)
2025/06/05 19:49:00 非実行(4244)
2025/06/05 19:49:00 実行中(4244)
2025/06/05 19:49:00 終了しました(4244)
2025/06/06 19:49:00 開始します(1332)
2025/06/06 19:49:00 非実行(1332)
2025/06/06 19:49:00 実行中(1332)
2025/06/06 19:49:00 終了しました(1332)
2025/06/07 19:48:59 開始します(3420)
2025/06/07 19:48:59 非実行(3420)
2025/06/07 19:48:59 実行中(3420)
2025/06/07 19:49:00 終了しました(3420)
2025/06/08 19:48:59 開始します(6116)
2025/06/08 19:48:59 非実行(6116)
2025/06/08 19:48:59 実行中(6116)
2025/06/08 19:48:59 終了しました(6116)
2025/06/09 19:49:00 開始します(4432)
2025/06/09 19:49:00 非実行(4432)
2025/06/09 19:49:00 実行中(4432)
2025/06/09 19:49:00 終了しました(4432)
2025/06/10 19:49:00 開始します(960)
2025/06/10 19:49:00 非実行(960)
2025/06/10 19:49:00 実行中(960)
2025/06/10 19:49:00 終了しました(960)
2025/06/11 19:49:00 開始します(4776)
2025/06/11 19:49:00 非実行(4776)
2025/06/11 19:49:00 実行中(4776)
2025/06/11 19:49:00 終了しました(4776)
2025/06/12 19:48:59 開始します(5436)
2025/06/12 19:48:59 非実行(5436)
2025/06/12 19:48:59 実行中(5436)
2025/06/12 19:48:59 終了しました(5436)
2025/06/13 19:48:59 開始します(5852)
2025/06/13 19:48:59 非実行(5852)
2025/06/13 19:48:59 実行中(5852)
2025/06/13 19:48:59 終了しました(5852)
2025/06/14 19:48:58 開始します(5816)
2025/06/14 19:48:58 非実行(5816)
2025/06/14 19:48:58 実行中(5816)
2025/06/14 19:48:59 終了しました(5816)
2025/06/15 19:49:00 開始します(1652)
2025/06/15 19:49:00 非実行(1652)
2025/06/15 19:49:00 実行中(1652)
2025/06/15 19:49:00 終了しました(1652)
2025/06/16 19:48:59 開始します(5332)
2025/06/16 19:48:59 非実行(5332)
2025/06/16 19:48:59 実行中(5332)
2025/06/16 19:49:00 終了しました(5332)
2025/06/17 19:48:59 開始します(6364)
2025/06/17 19:48:59 非実行(6364)
2025/06/17 19:48:59 実行中(6364)
2025/06/17 19:48:59 終了しました(6364)
2025/06/18 19:48:59 開始します(7676)
2025/06/18 19:48:59 非実行(7676)
2025/06/18 19:48:59 実行中(7676)
2025/06/18 19:49:00 終了しました(7676)
2025/06/19 19:48:59 開始します(5864)
2025/06/19 19:48:59 非実行(5864)
2025/06/19 19:48:59 実行中(5864)
2025/06/19 19:48:59 終了しました(5864)
2025/06/20 19:49:00 開始します(6180)
2025/06/20 19:49:00 非実行(6180)
2025/06/20 19:49:00 実行中(6180)
2025/06/20 19:49:00 終了しました(6180)
2025/06/21 19:48:59 開始します(5304)
2025/06/21 19:48:59 非実行(5304)
2025/06/21 19:48:59 実行中(5304)
2025/06/21 19:49:00 終了しました(5304)
2025/06/22 19:48:59 開始します(5456)
2025/06/22 19:48:59 非実行(5456)
2025/06/22 19:48:59 実行中(5456)
2025/06/22 19:48:59 終了しました(5456)
2025/06/23 19:48:59 開始します(3924)
2025/06/23 19:48:59 非実行(3924)
2025/06/23 19:48:59 実行中(3924)
2025/06/23 19:48:59 終了しました(3924)
2025/06/24 19:48:58 開始します(5740)
2025/06/24 19:48:58 非実行(5740)
2025/06/24 19:48:58 実行中(5740)
2025/06/24 19:48:59 終了しました(5740)
2025/06/25 19:48:59 開始します(5800)
2025/06/25 19:48:59 非実行(5800)
2025/06/25 19:48:59 実行中(5800)
2025/06/25 19:48:59 終了しました(5800)
2025/06/26 19:49:00 開始します(1012)
2025/06/26 19:49:00 非実行(1012)
2025/06/26 19:49:00 実行中(1012)
2025/06/26 19:49:00 終了しました(1012)
2025/06/27 19:48:59 開始します(6772)
2025/06/27 19:48:59 非実行(6772)
2025/06/27 19:48:59 実行中(6772)
2025/06/27 19:48:59 終了しました(6772)
2025/06/28 19:48:59 開始します(5072)
2025/06/28 19:48:59 非実行(5072)
2025/06/28 19:48:59 実行中(5072)
2025/06/28 19:49:00 終了しました(5072)
2025/06/29 19:48:58 開始します(4756)
2025/06/29 19:48:58 非実行(4756)
2025/06/29 19:48:58 実行中(4756)
2025/06/29 19:48:59 終了しました(4756)
2025/06/30 19:48:59 開始します(5220)
2025/06/30 19:48:59 非実行(5220)
2025/06/30 19:48:59 実行中(5220)
2025/06/30 19:48:59 終了しました(5220)
2025/07/01 19:48:59 開始します(1528)
2025/07/01 19:48:59 非実行(1528)
2025/07/01 19:48:59 実行中(1528)
2025/07/01 19:49:00 終了しました(1528)
2025/07/02 19:48:59 開始します(5860)
2025/07/02 19:48:59 非実行(5860)
2025/07/02 19:48:59 実行中(5860)
2025/07/02 19:49:00 終了しました(5860)
2025/07/03 19:49:00 開始します(2916)
2025/07/03 19:49:00 非実行(2916)
2025/07/03 19:49:00 実行中(2916)
2025/07/03 19:49:00 終了しました(2916)
2025/07/04 19:48:59 開始します(2872)
2025/07/04 19:48:59 非実行(2872)
2025/07/04 19:48:59 実行中(2872)
2025/07/04 19:48:59 終了しました(2872)
2025/07/05 19:48:59 開始します(5804)
2025/07/05 19:48:59 非実行(5804)
2025/07/05 19:48:59 実行中(5804)
2025/07/05 19:48:59 終了しました(5804)
2025/07/06 19:48:59 開始します(5084)
2025/07/06 19:48:59 非実行(5084)
2025/07/06 19:48:59 実行中(5084)
2025/07/06 19:48:59 終了しました(5084)
2025/07/07 19:48:59 開始します(2128)
2025/07/07 19:48:59 非実行(2128)
2025/07/07 19:48:59 実行中(2128)
2025/07/07 19:48:59 終了しました(2128)
2025/07/08 19:48:59 開始します(6956)
2025/07/08 19:48:59 非実行(6956)
2025/07/08 19:48:59 実行中(6956)
2025/07/08 19:49:00 終了しました(6956)
2025/07/09 19:48:59 開始します(3436)
2025/07/09 19:48:59 非実行(3436)
2025/07/09 19:48:59 実行中(3436)
2025/07/09 19:48:59 終了しました(3436)
2025/07/10 19:48:59 開始します(2020)
2025/07/10 19:48:59 非実行(2020)
2025/07/10 19:48:59 実行中(2020)
2025/07/10 19:48:59 終了しました(2020)
2025/07/11 19:49:00 開始します(2352)
2025/07/11 19:49:00 非実行(2352)
2025/07/11 19:49:00 実行中(2352)
2025/07/11 19:49:00 終了しました(2352)
2025/07/12 19:48:59 開始します(5692)
2025/07/12 19:48:59 非実行(5692)
2025/07/12 19:48:59 実行中(5692)
2025/07/12 19:48:59 終了しました(5692)
2025/07/13 19:48:59 開始します(3516)
2025/07/13 19:48:59 非実行(3516)
2025/07/13 19:48:59 実行中(3516)
2025/07/13 19:49:00 終了しました(3516)
2025/07/14 19:48:58 開始します(6928)
2025/07/14 19:48:58 非実行(6928)
2025/07/14 19:48:58 実行中(6928)
2025/07/14 19:48:59 終了しました(6928)
2025/07/15 19:48:59 開始します(904)
2025/07/15 19:48:59 非実行(904)
2025/07/15 19:48:59 実行中(904)
2025/07/15 19:49:00 終了しました(904)
2025/07/16 19:48:59 開始します(5356)
2025/07/16 19:48:59 非実行(5356)
2025/07/16 19:48:59 実行中(5356)
2025/07/16 19:49:00 終了しました(5356)
2025/07/17 19:48:59 開始します(4856)
2025/07/17 19:48:59 非実行(4856)
2025/07/17 19:48:59 実行中(4856)
2025/07/17 19:48:59 終了しました(4856)
2025/07/18 19:48:59 開始します(5952)
2025/07/18 19:48:59 非実行(5952)
2025/07/18 19:48:59 実行中(5952)
2025/07/18 19:48:59 終了しました(5952)
2025/07/19 19:49:00 開始します(5488)
2025/07/19 19:49:00 非実行(5488)
2025/07/19 19:49:00 実行中(5488)
2025/07/19 19:49:00 終了しました(5488)
2025/07/20 19:48:58 開始します(1592)
2025/07/20 19:48:58 非実行(1592)
2025/07/20 19:48:58 実行中(1592)
2025/07/20 19:48:59 終了しました(1592)
2025/07/21 19:48:59 開始します(6916)
2025/07/21 19:48:59 非実行(6916)
2025/07/21 19:48:59 実行中(6916)
2025/07/21 19:48:59 終了しました(6916)
2025/07/22 19:49:00 開始します(4628)
2025/07/22 19:49:00 非実行(4628)
2025/07/22 19:49:00 実行中(4628)
2025/07/22 19:49:00 終了しました(4628)
2025/07/23 19:48:58 開始します(6124)
2025/07/23 19:48:58 非実行(6124)
2025/07/23 19:48:58 実行中(6124)
2025/07/23 19:48:59 終了しました(6124)
2025/07/24 19:49:00 開始します(5732)
2025/07/24 19:49:00 非実行(5732)
2025/07/24 19:49:00 実行中(5732)
2025/07/24 19:49:00 終了しました(5732)
2025/07/25 19:48:59 開始します(3232)
2025/07/25 19:48:59 非実行(3232)
2025/07/25 19:48:59 実行中(3232)
2025/07/25 19:48:59 終了しました(3232)
2025/07/26 19:48:59 開始します(3608)
2025/07/26 19:48:59 非実行(3608)
2025/07/26 19:48:59 実行中(3608)
2025/07/26 19:48:59 終了しました(3608)
2025/07/27 19:48:59 開始します(1392)
2025/07/27 19:48:59 非実行(1392)
2025/07/27 19:48:59 実行中(1392)
2025/07/27 19:49:00 終了しました(1392)
2025/07/28 19:48:59 開始します(1976)
2025/07/28 19:48:59 非実行(1976)
2025/07/28 19:48:59 実行中(1976)
2025/07/28 19:49:00 終了しました(1976)
2025/07/29 19:48:59 開始します(4960)
2025/07/29 19:48:59 非実行(4960)
2025/07/29 19:48:59 実行中(4960)
2025/07/29 19:49:00 終了しました(4960)
2025/07/30 19:48:59 開始します(3176)
2025/07/30 19:48:59 非実行(3176)
2025/07/30 19:48:59 実行中(3176)
2025/07/30 19:48:59 終了しました(3176)
2025/07/31 19:48:59 開始します(1008)
2025/07/31 19:48:59 非実行(1008)
2025/07/31 19:48:59 実行中(1008)
2025/07/31 19:49:00 終了しました(1008)
2025/08/01 19:48:59 開始します(5344)
2025/08/01 19:48:59 非実行(5344)
2025/08/01 19:48:59 実行中(5344)
2025/08/01 19:48:59 終了しました(5344)
2025/08/02 19:48:59 開始します(2828)
2025/08/02 19:48:59 非実行(2828)
2025/08/02 19:48:59 実行中(2828)
2025/08/02 19:49:00 終了しました(2828)
2025/08/03 19:48:59 開始します(964)
2025/08/03 19:48:59 非実行(964)
2025/08/03 19:48:59 実行中(964)
2025/08/03 19:49:00 終了しました(964)
2025/08/04 19:48:59 開始します(1980)
2025/08/04 19:48:59 非実行(1980)
2025/08/04 19:48:59 実行中(1980)
2025/08/04 19:49:00 終了しました(1980)
2025/08/05 19:48:59 開始します(6184)
2025/08/05 19:48:59 非実行(6184)
2025/08/05 19:48:59 実行中(6184)
2025/08/05 19:48:59 終了しました(6184)
2025/08/06 19:49:00 開始します(1420)
2025/08/06 19:49:00 非実行(1420)
2025/08/06 19:49:00 実行中(1420)
2025/08/06 19:49:00 終了しました(1420)
2025/08/07 19:48:59 開始します(1260)
2025/08/07 19:48:59 非実行(1260)
2025/08/07 19:48:59 実行中(1260)
2025/08/07 19:49:00 終了しました(1260)
2025/08/08 19:48:59 開始します(3612)
2025/08/08 19:48:59 非実行(3612)
2025/08/08 19:48:59 実行中(3612)
2025/08/08 19:49:00 終了しました(3612)
2025/08/09 19:49:00 開始します(2892)
2025/08/09 19:49:00 非実行(2892)
2025/08/09 19:49:00 実行中(2892)
2025/08/09 19:49:00 終了しました(2892)
2025/08/10 19:48:58 開始します(7008)
2025/08/10 19:48:58 非実行(7008)
2025/08/10 19:48:58 実行中(7008)
2025/08/10 19:48:59 終了しました(7008)
2025/08/11 19:48:59 開始します(2080)
2025/08/11 19:48:59 非実行(2080)
2025/08/11 19:48:59 実行中(2080)
2025/08/11 19:49:00 終了しました(2080)
2025/08/12 19:49:00 開始します(6868)
2025/08/12 19:49:00 非実行(6868)
2025/08/12 19:49:00 実行中(6868)
2025/08/12 19:49:00 終了しました(6868)
2025/08/13 19:48:59 開始します(6108)
2025/08/13 19:48:59 非実行(6108)
2025/08/13 19:48:59 実行中(6108)
2025/08/13 19:48:59 終了しました(6108)
2025/08/14 19:48:59 開始します(2688)
2025/08/14 19:48:59 非実行(2688)
2025/08/14 19:48:59 実行中(2688)
2025/08/14 19:48:59 終了しました(2688)
2025/08/15 19:48:59 開始します(6064)
2025/08/15 19:48:59 非実行(6064)
2025/08/15 19:48:59 実行中(6064)
2025/08/15 19:48:59 終了しました(6064)
2025/08/16 19:48:59 開始します(5796)
2025/08/16 19:48:59 非実行(5796)
2025/08/16 19:48:59 実行中(5796)
2025/08/16 19:48:59 終了しました(5796)
2025/08/17 19:48:59 開始します(3708)
2025/08/17 19:48:59 非実行(3708)
2025/08/17 19:48:59 実行中(3708)
2025/08/17 19:49:00 終了しました(3708)
2025/08/18 19:48:59 開始します(2812)
2025/08/18 19:48:59 非実行(2812)
2025/08/18 19:48:59 実行中(2812)
2025/08/18 19:49:00 終了しました(2812)
2025/08/19 19:48:58 開始します(5532)
2025/08/19 19:48:58 非実行(5532)
2025/08/19 19:48:58 実行中(5532)
2025/08/19 19:48:59 終了しました(5532)
2025/08/20 19:49:00 開始します(1548)
2025/08/20 19:49:00 非実行(1548)
2025/08/20 19:49:00 実行中(1548)
2025/08/20 19:49:00 終了しました(1548)
2025/08/21 19:48:59 開始します(6420)
2025/08/21 19:48:59 非実行(6420)
2025/08/21 19:48:59 実行中(6420)
2025/08/21 19:49:00 終了しました(6420)
2025/08/22 19:48:59 開始します(5640)
2025/08/22 19:48:59 非実行(5640)
2025/08/22 19:48:59 実行中(5640)
2025/08/22 19:48:59 終了しました(5640)
2025/08/23 19:48:59 開始します(1040)
2025/08/23 19:48:59 非実行(1040)
2025/08/23 19:48:59 実行中(1040)
2025/08/23 19:49:00 終了しました(1040)
2025/08/24 19:48:59 開始します(5684)
2025/08/24 19:48:59 非実行(5684)
2025/08/24 19:48:59 実行中(5684)
2025/08/24 19:49:00 終了しました(5684)
2025/08/25 19:49:00 開始します(6188)
2025/08/25 19:49:00 非実行(6188)
2025/08/25 19:49:00 実行中(6188)
2025/08/25 19:49:01 終了しました(6188)
2025/08/26 19:49:00 開始します(5412)
2025/08/26 19:49:00 非実行(5412)
2025/08/26 19:49:00 実行中(5412)
2025/08/26 19:49:00 終了しました(5412)
2025/08/27 19:49:00 開始します(1480)
2025/08/27 19:49:00 非実行(1480)
2025/08/27 19:49:00 実行中(1480)
2025/08/27 19:49:00 終了しました(1480)
2025/08/28 19:49:00 開始します(628)
2025/08/28 19:49:00 非実行(628)
2025/08/28 19:49:00 実行中(628)
2025/08/28 19:49:00 終了しました(628)
2025/08/29 19:48:59 開始します(5764)
2025/08/29 19:48:59 非実行(5764)
2025/08/29 19:48:59 実行中(5764)
2025/08/29 19:48:59 終了しました(5764)
2025/08/30 19:48:59 開始します(5372)
2025/08/30 19:48:59 非実行(5372)
2025/08/30 19:48:59 実行中(5372)
2025/08/30 19:48:59 終了しました(5372)
2025/08/31 19:48:59 開始します(5764)
2025/08/31 19:48:59 非実行(5764)
2025/08/31 19:48:59 実行中(5764)
2025/08/31 19:49:00 終了しました(5764)
2025/09/01 19:48:59 開始します(3044)
2025/09/01 19:48:59 非実行(3044)
2025/09/01 19:48:59 実行中(3044)
2025/09/01 19:48:59 終了しました(3044)
2025/09/02 19:48:59 開始します(6108)
2025/09/02 19:48:59 非実行(6108)
2025/09/02 19:48:59 実行中(6108)
2025/09/02 19:48:59 終了しました(6108)
2025/09/03 19:48:58 開始します(6104)
2025/09/03 19:48:58 非実行(6104)
2025/09/03 19:48:58 実行中(6104)
2025/09/03 19:48:59 終了しました(6104)
2025/09/04 19:49:00 開始します(7152)
2025/09/04 19:49:00 非実行(7152)
2025/09/04 19:49:00 実行中(7152)
2025/09/04 19:49:00 終了しました(7152)
2025/09/05 19:49:00 開始します(4268)
2025/09/05 19:49:00 非実行(4268)
2025/09/05 19:49:00 実行中(4268)
2025/09/05 19:49:00 終了しました(4268)
2025/09/06 19:48:59 開始します(5844)
2025/09/06 19:48:59 非実行(5844)
2025/09/06 19:48:59 実行中(5844)
2025/09/06 19:48:59 終了しました(5844)
2025/09/07 19:49:00 開始します(2028)
2025/09/07 19:49:00 非実行(2028)
2025/09/07 19:49:00 実行中(2028)
2025/09/07 19:49:00 終了しました(2028)
2025/09/08 19:48:59 開始します(988)
2025/09/08 19:48:59 非実行(988)
2025/09/08 19:48:59 実行中(988)
2025/09/08 19:49:00 終了しました(988)
2025/09/09 19:48:58 開始します(2032)
2025/09/09 19:48:58 非実行(2032)
2025/09/09 19:48:58 実行中(2032)
2025/09/09 19:48:59 終了しました(2032)
2025/09/10 19:49:00 開始します(1212)
2025/09/10 19:49:00 非実行(1212)
2025/09/10 19:49:00 実行中(1212)
2025/09/10 19:49:00 終了しました(1212)
2025/09/11 19:48:59 開始します(6648)
2025/09/11 19:48:59 非実行(6648)
2025/09/11 19:48:59 実行中(6648)
2025/09/11 19:49:00 終了しました(6648)
2025/09/12 19:49:01 開始します(6856)
2025/09/12 19:49:01 非実行(6856)
2025/09/12 19:49:01 実行中(6856)
2025/09/12 19:49:01 終了しました(6856)
2025/09/13 19:49:00 開始します(5840)
2025/09/13 19:49:00 非実行(5840)
2025/09/13 19:49:00 実行中(5840)
2025/09/13 19:49:01 終了しました(5840)
2025/09/14 19:48:59 開始します(4600)
2025/09/14 19:48:59 非実行(4600)
2025/09/14 19:48:59 実行中(4600)
2025/09/14 19:48:59 終了しました(4600)
2025/09/15 19:49:00 開始します(6756)
2025/09/15 19:49:00 非実行(6756)
2025/09/15 19:49:00 実行中(6756)
2025/09/15 19:49:00 終了しました(6756)
2025/09/16 19:49:00 開始します(4068)
2025/09/16 19:49:00 非実行(4068)
2025/09/16 19:49:00 実行中(4068)
2025/09/16 19:49:00 終了しました(4068)
2025/09/17 19:49:00 開始します(6980)
2025/09/17 19:49:00 非実行(6980)
2025/09/17 19:49:00 実行中(6980)
2025/09/17 19:49:01 終了しました(6980)
2025/09/18 19:48:59 開始します(6436)
2025/09/18 19:48:59 非実行(6436)
2025/09/18 19:48:59 実行中(6436)
2025/09/18 19:48:59 終了しました(6436)
2025/09/19 19:48:59 開始します(6508)
2025/09/19 19:48:59 非実行(6508)
2025/09/19 19:48:59 実行中(6508)
2025/09/19 19:48:59 終了しました(6508)
2025/09/20 19:48:59 開始します(828)
2025/09/20 19:48:59 非実行(828)
2025/09/20 19:48:59 実行中(828)
2025/09/20 19:48:59 終了しました(828)
2025/09/21 19:48:59 開始します(5576)
2025/09/21 19:48:59 非実行(5576)
2025/09/21 19:48:59 実行中(5576)
2025/09/21 19:48:59 終了しました(5576)
2025/09/22 19:48:58 開始します(2216)
2025/09/22 19:48:58 非実行(2216)
2025/09/22 19:48:58 実行中(2216)
2025/09/22 19:48:59 終了しました(2216)
2025/09/23 19:49:00 開始します(5284)
2025/09/23 19:49:00 非実行(5284)
2025/09/23 19:49:00 実行中(5284)
2025/09/23 19:49:00 終了しました(5284)
2025/09/24 19:48:59 開始します(3732)
2025/09/24 19:48:59 非実行(3732)
2025/09/24 19:48:59 実行中(3732)
2025/09/24 19:48:59 終了しました(3732)
2025/09/25 19:49:00 開始します(1036)
2025/09/25 19:49:00 非実行(1036)
2025/09/25 19:49:00 実行中(1036)
2025/09/25 19:49:00 終了しました(1036)
2025/09/26 19:48:59 開始します(6112)
2025/09/26 19:48:59 非実行(6112)
2025/09/26 19:48:59 実行中(6112)
2025/09/26 19:49:00 終了しました(6112)
2025/09/27 19:48:59 開始します(964)
2025/09/27 19:48:59 非実行(964)
2025/09/27 19:48:59 実行中(964)
2025/09/27 19:48:59 終了しました(964)
2025/09/28 19:48:59 開始します(6140)
2025/09/28 19:48:59 非実行(6140)
2025/09/28 19:48:59 実行中(6140)
2025/09/28 19:49:00 終了しました(6140)
2025/09/29 19:48:59 開始します(1220)
2025/09/29 19:48:59 非実行(1220)
2025/09/29 19:48:59 実行中(1220)
2025/09/29 19:49:00 終了しました(1220)
2025/09/30 19:48:59 開始します(944)
2025/09/30 19:48:59 非実行(944)
2025/09/30 19:48:59 実行中(944)
2025/09/30 19:49:00 終了しました(944)
2025/10/01 19:48:59 開始します(4780)
2025/10/01 19:48:59 非実行(4780)
2025/10/01 19:48:59 実行中(4780)
2025/10/01 19:48:59 終了しました(4780)
2025/10/02 19:48:59 開始します(4568)
2025/10/02 19:48:59 非実行(4568)
2025/10/02 19:48:59 実行中(4568)
2025/10/02 19:48:59 終了しました(4568)
2025/10/03 19:49:00 開始します(580)
2025/10/03 19:49:00 非実行(580)
2025/10/03 19:49:00 実行中(580)
2025/10/03 19:49:00 終了しました(580)
2025/10/04 19:48:59 開始します(5344)
2025/10/04 19:48:59 非実行(5344)
2025/10/04 19:48:59 実行中(5344)
2025/10/04 19:49:00 終了しました(5344)
2025/10/05 19:49:00 開始します(4544)
2025/10/05 19:49:00 非実行(4544)
2025/10/05 19:49:00 実行中(4544)
2025/10/05 19:49:00 終了しました(4544)
2025/10/06 19:48:59 開始します(2744)
2025/10/06 19:48:59 非実行(2744)
2025/10/06 19:48:59 実行中(2744)
2025/10/06 19:48:59 終了しました(2744)
2025/10/07 19:48:59 開始します(5984)
2025/10/07 19:48:59 非実行(5984)
2025/10/07 19:48:59 実行中(5984)
2025/10/07 19:49:00 終了しました(5984)
2025/10/08 19:48:59 開始します(6964)
2025/10/08 19:48:59 非実行(6964)
2025/10/08 19:48:59 実行中(6964)
2025/10/08 19:48:59 終了しました(6964)
2025/10/09 19:48:59 開始します(8)
2025/10/09 19:48:59 非実行(8)
2025/10/09 19:48:59 実行中(8)
2025/10/09 19:49:00 終了しました(8)
2025/10/10 19:48:59 開始します(5952)
2025/10/10 19:48:59 非実行(5952)
2025/10/10 19:48:59 実行中(5952)
2025/10/10 19:48:59 終了しました(5952)
2025/10/11 19:48:59 開始します(3012)
2025/10/11 19:48:59 非実行(3012)
2025/10/11 19:48:59 実行中(3012)
2025/10/11 19:49:00 終了しました(3012)
2025/10/12 19:49:00 開始します(3688)
2025/10/12 19:49:00 非実行(3688)
2025/10/12 19:49:00 実行中(3688)
2025/10/12 19:49:00 終了しました(3688)
2025/10/13 19:48:59 開始します(1836)
2025/10/13 19:48:59 非実行(1836)
2025/10/13 19:48:59 実行中(1836)
2025/10/13 19:49:00 終了しました(1836)
2025/10/14 19:48:59 開始します(5776)
2025/10/14 19:48:59 非実行(5776)
2025/10/14 19:48:59 実行中(5776)
2025/10/14 19:49:00 終了しました(5776)
2025/10/15 19:48:59 開始します(3148)
2025/10/15 19:48:59 非実行(3148)
2025/10/15 19:48:59 実行中(3148)
2025/10/15 19:49:00 終了しました(3148)
2025/10/16 19:48:59 開始します(5352)
2025/10/16 19:48:59 非実行(5352)
2025/10/16 19:48:59 実行中(5352)
2025/10/16 19:49:00 終了しました(5352)
2025/10/17 19:48:59 開始します(2116)
2025/10/17 19:48:59 非実行(2116)
2025/10/17 19:48:59 実行中(2116)
2025/10/17 19:48:59 終了しました(2116)
2025/10/18 19:48:59 開始します(2728)
2025/10/18 19:48:59 非実行(2728)
2025/10/18 19:48:59 実行中(2728)
2025/10/18 19:49:00 終了しました(2728)
2025/10/19 19:49:00 開始します(5456)
2025/10/19 19:49:00 非実行(5456)
2025/10/19 19:49:00 実行中(5456)
2025/10/19 19:49:00 終了しました(5456)
2025/10/20 19:48:59 開始します(6996)
2025/10/20 19:48:59 非実行(6996)
2025/10/20 19:48:59 実行中(6996)
2025/10/20 19:48:59 終了しました(6996)
2025/10/21 19:48:59 開始します(7464)
2025/10/21 19:48:59 非実行(7464)
2025/10/21 19:48:59 実行中(7464)
2025/10/21 19:49:00 終了しました(7464)
2025/10/22 19:48:59 開始します(7952)
2025/10/22 19:48:59 非実行(7952)
2025/10/22 19:48:59 実行中(7952)
2025/10/22 19:48:59 終了しました(7952)
2025/10/23 19:48:58 開始します(7496)
2025/10/23 19:48:58 非実行(7496)
2025/10/23 19:48:58 実行中(7496)
2025/10/23 19:48:58 終了しました(7496)
2025/10/24 19:48:58 開始します(5920)
2025/10/24 19:48:58 非実行(5920)
2025/10/24 19:48:58 実行中(5920)
2025/10/24 19:48:58 終了しました(5920)
2025/10/25 19:48:57 開始します(8100)
2025/10/25 19:48:57 非実行(8100)
2025/10/25 19:48:57 実行中(8100)
2025/10/25 19:48:57 終了しました(8100)
2025/10/26 19:48:56 開始します(5252)
2025/10/26 19:48:56 非実行(5252)
2025/10/26 19:48:56 実行中(5252)
2025/10/26 19:48:56 終了しました(5252)
2025/10/27 19:48:56 開始します(7604)
2025/10/27 19:48:56 非実行(7604)
2025/10/27 19:48:56 実行中(7604)
2025/10/27 19:48:56 終了しました(7604)
