2019/06/25 19:46:15 開始します(7004)
2019/06/25 19:46:15 非実行(7004)
2019/06/25 19:46:15 実行中(7004)
2019/06/25 19:46:18 終了しました(7004)
2019/06/27 00:30:50 開始します(7188)
2019/06/27 00:30:50 非実行(7188)
2019/06/27 00:30:50 実行中(7188)
2019/06/27 00:30:53 終了しました(7188)
2019/06/27 19:57:31 開始します(2352)
2019/06/27 19:57:31 非実行(2352)
2019/06/27 19:57:31 実行中(2352)
2019/06/27 19:57:34 終了しました(2352)
2019/06/28 19:17:23 開始します(5180)
2019/06/28 19:17:23 非実行(5180)
2019/06/28 19:17:23 実行中(5180)
2019/06/28 19:17:25 終了しました(5180)
2019/07/04 14:20:40 開始します(7236)
2019/07/04 14:20:40 非実行(7236)
2019/07/04 14:20:40 実行中(7236)
2019/07/04 14:20:43 終了しました(7236)
2019/07/09 20:27:18 開始します(8300)
2019/07/09 20:27:18 非実行(8300)
2019/07/09 20:27:18 実行中(8300)
2019/07/09 20:27:21 終了しました(8300)
2019/07/11 02:01:32 開始します(11328)
2019/07/11 02:01:32 非実行(11328)
2019/07/11 02:01:32 実行中(11328)
2019/07/11 02:01:35 終了しました(11328)
2019/07/22 20:44:07 開始します(8848)
2019/07/22 20:44:07 非実行(8848)
2019/07/22 20:44:07 実行中(8848)
2019/07/22 20:44:10 終了しました(8848)
2019/07/23 15:42:37 開始します(780)
2019/07/23 15:42:37 非実行(780)
2019/07/23 15:42:37 実行中(780)
2019/07/23 15:42:40 終了しました(780)
2019/07/24 21:07:45 開始します(2904)
2019/07/24 21:07:45 非実行(2904)
2019/07/24 21:07:45 実行中(2904)
2019/07/24 21:07:48 終了しました(2904)
2019/07/25 17:19:25 開始します(10912)
2019/07/25 17:19:25 非実行(10912)
2019/07/25 17:19:25 実行中(10912)
2019/07/25 17:19:28 終了しました(10912)
2019/07/27 03:58:43 開始します(12244)
2019/07/27 03:58:43 非実行(12244)
2019/07/27 03:58:43 実行中(12244)
2019/07/27 03:58:46 終了しました(12244)
2019/07/29 17:44:29 開始します(7812)
2019/07/29 17:44:29 非実行(7812)
2019/07/29 17:44:29 実行中(7812)
2019/07/29 17:44:32 終了しました(7812)
2019/07/30 20:56:24 開始します(2388)
2019/07/30 20:56:24 非実行(2388)
2019/07/30 20:56:24 実行中(2388)
2019/07/30 20:56:26 終了しました(2388)
2019/07/31 23:39:13 開始します(10800)
2019/07/31 23:39:13 非実行(10800)
2019/07/31 23:39:13 実行中(10800)
2019/07/31 23:39:16 終了しました(10800)
2019/08/07 19:27:10 開始します(12052)
2019/08/07 19:27:10 非実行(12052)
2019/08/07 19:27:10 実行中(12052)
2019/08/07 19:27:12 終了しました(12052)
2019/08/08 19:49:36 開始します(5652)
2019/08/08 19:49:36 非実行(5652)
2019/08/08 19:49:36 実行中(5652)
2019/08/08 19:49:39 終了しました(5652)
2019/08/09 17:21:37 開始します(10128)
2019/08/09 17:21:37 非実行(10128)
2019/08/09 17:21:37 実行中(10128)
2019/08/09 17:21:40 終了しました(10128)
2019/08/14 19:30:54 開始します(10352)
2019/08/14 19:30:54 非実行(10352)
2019/08/14 19:30:54 実行中(10352)
2019/08/14 19:30:57 終了しました(10352)
2019/08/15 20:12:49 開始します(9604)
2019/08/15 20:12:49 非実行(9604)
2019/08/15 20:12:49 実行中(9604)
2019/08/15 20:12:52 終了しました(9604)
2019/08/16 16:59:19 開始します(5932)
2019/08/16 16:59:19 非実行(5932)
2019/08/16 16:59:19 実行中(5932)
2019/08/16 16:59:22 終了しました(5932)
2019/08/19 19:26:44 開始します(9460)
2019/08/19 19:26:44 非実行(9460)
2019/08/19 19:26:44 実行中(9460)
2019/08/19 19:26:47 終了しました(9460)
2019/08/20 19:33:56 開始します(7252)
2019/08/20 19:33:56 非実行(7252)
2019/08/20 19:33:56 実行中(7252)
2019/08/20 19:33:59 終了しました(7252)
2019/08/21 18:31:19 開始します(668)
2019/08/21 18:31:19 非実行(668)
2019/08/21 18:31:19 実行中(668)
2019/08/21 18:31:22 終了しました(668)
2019/08/22 18:45:07 開始します(3172)
2019/08/22 18:45:07 非実行(3172)
2019/08/22 18:45:07 実行中(3172)
2019/08/22 18:45:10 終了しました(3172)
2019/08/26 18:31:14 開始します(4624)
2019/08/26 18:31:14 非実行(4624)
2019/08/26 18:31:14 実行中(4624)
2019/08/26 18:31:17 終了しました(4624)
2019/08/28 17:49:04 開始します(12088)
2019/08/28 17:49:04 非実行(12088)
2019/08/28 17:49:04 実行中(12088)
2019/08/28 17:49:07 終了しました(12088)
2019/09/02 17:54:21 開始します(11048)
2019/09/02 17:54:21 非実行(11048)
2019/09/02 17:54:21 実行中(11048)
2019/09/02 17:54:24 終了しました(11048)
2019/09/04 18:01:37 開始します(11948)
2019/09/04 18:01:37 非実行(11948)
2019/09/04 18:01:37 実行中(11948)
2019/09/04 18:01:39 終了しました(11948)
2019/09/05 20:08:09 開始します(5296)
2019/09/05 20:08:09 非実行(5296)
2019/09/05 20:08:09 実行中(5296)
2019/09/05 20:08:12 終了しました(5296)
2019/09/12 00:16:15 開始します(11100)
2019/09/12 00:16:15 非実行(11100)
2019/09/12 00:16:15 実行中(11100)
2019/09/12 00:16:18 終了しました(11100)
2019/09/13 01:26:49 開始します(7552)
2019/09/13 01:26:49 非実行(7552)
2019/09/13 01:26:49 実行中(7552)
2019/09/13 01:26:52 終了しました(7552)
2019/10/05 01:55:36 開始します(11772)
2019/10/05 01:55:36 非実行(11772)
2019/10/05 01:55:36 実行中(11772)
2019/10/05 01:55:39 終了しました(11772)
2019/10/23 16:40:21 開始します(1940)
2019/10/23 16:40:21 非実行(1940)
2019/10/23 16:40:21 実行中(1940)
2019/10/23 16:40:24 終了しました(1940)
2019/10/24 11:46:10 開始します(11292)
2019/10/24 11:46:10 非実行(11292)
2019/10/24 11:46:10 実行中(11292)
2019/10/24 11:46:13 終了しました(11292)
2019/10/28 23:58:58 開始します(6600)
2019/10/28 23:58:58 非実行(6600)
2019/10/28 23:58:58 実行中(6600)
2019/10/28 23:59:00 終了しました(6600)
2019/11/01 16:21:05 開始します(12052)
2019/11/01 16:21:05 非実行(12052)
2019/11/01 16:21:05 実行中(12052)
2019/11/01 16:21:08 終了しました(12052)
2019/11/05 18:39:45 開始します(3056)
2019/11/05 18:39:45 非実行(3056)
2019/11/05 18:39:45 実行中(3056)
2019/11/05 18:39:48 終了しました(3056)
2019/11/06 21:56:58 開始します(1036)
2019/11/06 21:56:58 非実行(1036)
2019/11/06 21:56:58 実行中(1036)
2019/11/06 21:57:01 終了しました(1036)
2019/11/07 17:30:36 開始します(8404)
2019/11/07 17:30:36 非実行(8404)
2019/11/07 17:30:36 実行中(8404)
2019/11/07 17:30:38 終了しました(8404)
2019/11/08 18:03:11 開始します(12260)
2019/11/08 18:03:11 非実行(12260)
2019/11/08 18:03:11 実行中(12260)
2019/11/08 18:03:14 終了しました(12260)
2019/11/11 17:44:09 開始します(7352)
2019/11/11 17:44:09 非実行(7352)
2019/11/11 17:44:09 実行中(7352)
2019/11/11 17:44:12 終了しました(7352)
2019/11/12 18:57:58 開始します(6332)
2019/11/12 18:57:58 非実行(6332)
2019/11/12 18:57:58 実行中(6332)
2019/11/12 18:58:01 終了しました(6332)
2019/11/13 16:30:29 開始します(5560)
2019/11/13 16:30:29 非実行(5560)
2019/11/13 16:30:29 実行中(5560)
2019/11/13 16:30:32 終了しました(5560)
2019/11/14 20:01:59 開始します(3928)
2019/11/14 20:01:59 非実行(3928)
2019/11/14 20:01:59 実行中(3928)
2019/11/14 20:02:02 終了しました(3928)
2019/11/15 19:50:48 開始します(6128)
2019/11/15 19:50:48 非実行(6128)
2019/11/15 19:50:48 実行中(6128)
2019/11/15 19:50:51 終了しました(6128)
2019/11/18 19:01:21 開始します(6480)
2019/11/18 19:01:21 非実行(6480)
2019/11/18 19:01:21 実行中(6480)
2019/11/18 19:01:24 終了しました(6480)
2019/11/20 02:34:07 開始します(4788)
2019/11/20 02:34:07 非実行(4788)
2019/11/20 02:34:07 実行中(4788)
2019/11/20 02:34:10 終了しました(4788)
2019/11/21 01:57:21 開始します(10380)
2019/11/21 01:57:21 非実行(10380)
2019/11/21 01:57:21 実行中(10380)
2019/11/21 01:57:24 終了しました(10380)
2019/11/21 18:39:35 開始します(11408)
2019/11/21 18:39:35 非実行(11408)
2019/11/21 18:39:35 実行中(11408)
2019/11/21 18:39:38 終了しました(11408)
2019/11/23 00:03:19 開始します(9044)
2019/11/23 00:03:19 非実行(9044)
2019/11/23 00:03:19 実行中(9044)
2019/11/23 00:03:22 終了しました(9044)
2019/11/25 18:37:02 開始します(12096)
2019/11/25 18:37:02 非実行(12096)
2019/11/25 18:37:02 実行中(12096)
2019/11/25 18:37:05 終了しました(12096)
2019/11/28 18:10:45 開始します(12292)
2019/11/28 18:10:45 非実行(12292)
2019/11/28 18:10:45 実行中(12292)
2019/11/28 18:10:48 終了しました(12292)
2019/11/29 18:33:30 開始します(8532)
2019/11/29 18:33:30 非実行(8532)
2019/11/29 18:33:30 実行中(8532)
2019/11/29 18:33:32 終了しました(8532)
2019/12/03 01:52:09 開始します(10824)
2019/12/03 01:52:09 非実行(10824)
2019/12/03 01:52:09 実行中(10824)
2019/12/03 01:52:12 終了しました(10824)
2019/12/23 21:42:22 開始します(3044)
2019/12/23 21:42:22 非実行(3044)
2019/12/23 21:42:22 実行中(3044)
2019/12/23 21:42:25 終了しました(3044)
2019/12/26 22:24:59 開始します(6648)
2019/12/26 22:24:59 非実行(6648)
2019/12/26 22:24:59 実行中(6648)
2019/12/26 22:25:02 終了しました(6648)
2020/02/28 13:45:48 開始します(6360)
2020/02/28 13:45:48 非実行(6360)
2020/02/28 13:45:48 実行中(6360)
2020/02/28 13:45:50 終了しました(6360)
2020/03/04 17:43:40 開始します(3776)
2020/03/04 17:43:40 非実行(3776)
2020/03/04 17:43:40 実行中(3776)
2020/03/04 17:43:42 終了しました(3776)
2020/03/05 19:11:17 開始します(6580)
2020/03/05 19:11:17 非実行(6580)
2020/03/05 19:11:17 実行中(6580)
2020/03/05 19:11:20 終了しました(6580)
2020/03/07 03:14:07 開始します(7376)
2020/03/07 03:14:07 非実行(7376)
2020/03/07 03:14:07 実行中(7376)
2020/03/07 03:14:10 終了しました(7376)
2020/03/19 03:14:53 開始します(7468)
2020/03/19 03:14:53 非実行(7468)
2020/03/19 03:14:53 実行中(7468)
2020/03/19 03:14:56 終了しました(7468)
2020/03/19 13:32:27 開始します(6360)
2020/03/19 13:32:27 非実行(6360)
2020/03/19 13:32:27 実行中(6360)
2020/03/19 13:32:30 終了しました(6360)
2020/03/23 18:09:32 開始します(2464)
2020/03/23 18:09:32 非実行(2464)
2020/03/23 18:09:32 実行中(2464)
2020/03/23 18:09:35 終了しました(2464)
2020/04/28 01:23:13 開始します(552)
2020/04/28 01:23:13 非実行(552)
2020/04/28 01:23:13 実行中(552)
2020/04/28 01:23:16 終了しました(552)
2020/06/03 17:13:18 開始します(4912)
2020/06/03 17:13:18 非実行(4912)
2020/06/03 17:13:18 実行中(4912)
2020/06/03 17:13:21 終了しました(4912)
2020/06/15 16:26:10 開始します(6216)
2020/06/15 16:26:10 非実行(6216)
2020/06/15 16:26:10 実行中(6216)
2020/06/15 16:26:12 終了しました(6216)
2020/06/19 03:20:58 開始します(7848)
2020/06/19 03:20:58 非実行(7848)
2020/06/19 03:20:58 実行中(7848)
2020/06/19 03:21:00 終了しました(7848)
2020/06/23 09:55:55 開始します(4292)
2020/06/23 09:55:55 非実行(4292)
2020/06/23 09:55:55 実行中(4292)
2020/06/23 09:55:58 終了しました(4292)
2020/07/09 12:57:36 開始します(3044)
2020/07/09 12:57:36 非実行(3044)
2020/07/09 12:57:36 実行中(3044)
2020/07/09 12:57:39 終了しました(3044)
2020/07/20 15:23:09 開始します(6924)
2020/07/20 15:23:09 非実行(6924)
2020/07/20 15:23:09 実行中(6924)
2020/07/20 15:23:11 終了しました(6924)
2020/07/29 16:29:13 開始します(6992)
2020/07/29 16:29:13 非実行(6992)
2020/07/29 16:29:13 実行中(6992)
2020/07/29 16:29:16 終了しました(6992)
2020/07/29 17:22:55 開始します(6272)
2020/07/29 17:22:55 非実行(6272)
2020/07/29 17:22:55 実行中(6272)
2020/07/29 17:22:58 終了しました(6272)
2020/07/30 14:21:28 開始します(7748)
2020/07/30 14:21:28 非実行(7748)
2020/07/30 14:21:28 実行中(7748)
2020/07/30 14:21:31 終了しました(7748)
2020/08/03 15:47:27 開始します(7032)
2020/08/03 15:47:27 非実行(7032)
2020/08/03 15:47:27 実行中(7032)
2020/08/03 15:47:29 終了しました(7032)
2020/08/05 09:31:20 開始します(7688)
2020/08/05 09:31:20 非実行(7688)
2020/08/05 09:31:20 実行中(7688)
2020/08/05 09:31:23 終了しました(7688)
2020/08/05 15:33:23 開始します(1180)
2020/08/05 15:33:23 非実行(1180)
2020/08/05 15:33:23 実行中(1180)
2020/08/05 15:33:26 終了しました(1180)
2020/08/07 15:49:50 開始します(3684)
2020/08/07 15:49:50 非実行(3684)
2020/08/07 15:49:50 実行中(3684)
2020/08/07 15:49:53 終了しました(3684)
2020/08/20 12:08:12 開始します(3824)
2020/08/20 12:08:12 非実行(3824)
2020/08/20 12:08:12 実行中(3824)
2020/08/20 12:08:15 終了しました(3824)
2020/08/20 18:58:52 開始します(6332)
2020/08/20 18:58:52 非実行(6332)
2020/08/20 18:58:52 実行中(6332)
2020/08/20 18:58:55 終了しました(6332)
2020/08/24 10:00:29 開始します(5628)
2020/08/24 10:00:29 非実行(5628)
2020/08/24 10:00:29 実行中(5628)
2020/08/24 10:00:31 終了しました(5628)
2020/08/25 12:00:16 開始します(5556)
2020/08/25 12:00:16 非実行(5556)
2020/08/25 12:00:16 実行中(5556)
2020/08/25 12:00:19 終了しました(5556)
2020/08/26 14:12:53 開始します(6568)
2020/08/26 14:12:53 非実行(6568)
2020/08/26 14:12:53 実行中(6568)
2020/08/26 14:12:56 終了しました(6568)
2020/08/31 19:57:15 開始します(6344)
2020/08/31 19:57:15 非実行(6344)
2020/08/31 19:57:15 実行中(6344)
2020/08/31 19:57:17 終了しました(6344)
2020/09/01 21:15:19 開始します(6736)
2020/09/01 21:15:19 非実行(6736)
2020/09/01 21:15:19 実行中(6736)
2020/09/01 21:15:21 終了しました(6736)
2020/09/03 19:59:09 開始します(5540)
2020/09/03 19:59:09 非実行(5540)
2020/09/03 19:59:09 実行中(5540)
2020/09/03 19:59:12 終了しました(5540)
2020/09/04 12:33:50 開始します(3756)
2020/09/04 12:33:50 非実行(3756)
2020/09/04 12:33:50 実行中(3756)
2020/09/04 12:33:53 終了しました(3756)
2020/09/09 16:23:02 開始します(6388)
2020/09/09 16:23:02 非実行(6388)
2020/09/09 16:23:02 実行中(6388)
2020/09/09 16:23:05 終了しました(6388)
2020/09/14 11:14:31 開始します(1216)
2020/09/14 11:14:31 非実行(1216)
2020/09/14 11:14:31 実行中(1216)
2020/09/14 11:14:34 終了しました(1216)
2020/09/16 10:36:58 開始します(5968)
2020/09/16 10:36:58 非実行(5968)
2020/09/16 10:36:58 実行中(5968)
2020/09/16 10:37:01 終了しました(5968)
2020/09/25 09:58:02 開始します(1264)
2020/09/25 09:58:02 非実行(1264)
2020/09/25 09:58:02 実行中(1264)
2020/09/25 09:58:04 終了しました(1264)
2020/09/25 14:35:02 開始します(820)
2020/09/25 14:35:02 非実行(820)
2020/09/25 14:35:02 実行中(820)
2020/09/25 14:35:04 終了しました(820)
2020/09/29 13:58:51 開始します(4080)
2020/09/29 13:58:51 非実行(4080)
2020/09/29 13:58:51 実行中(4080)
2020/09/29 13:58:54 終了しました(4080)
2020/09/30 14:30:54 開始します(5704)
2020/09/30 14:30:54 非実行(5704)
2020/09/30 14:30:54 実行中(5704)
2020/09/30 14:30:56 終了しました(5704)
2020/10/01 15:30:47 開始します(1992)
2020/10/01 15:30:47 非実行(1992)
2020/10/01 15:30:47 実行中(1992)
2020/10/01 15:30:50 終了しました(1992)
2020/10/07 21:39:39 開始します(7368)
2020/10/07 21:39:39 非実行(7368)
2020/10/07 21:39:39 実行中(7368)
2020/10/07 21:39:42 終了しました(7368)
2020/10/14 11:54:46 開始します(6860)
2020/10/14 11:54:46 非実行(6860)
2020/10/14 11:54:46 実行中(6860)
2020/10/14 11:54:49 終了しました(6860)
2020/10/19 13:54:11 開始します(7232)
2020/10/19 13:54:11 非実行(7232)
2020/10/19 13:54:11 実行中(7232)
2020/10/19 13:54:14 終了しました(7232)
2020/10/23 18:31:48 開始します(7552)
2020/10/23 18:31:48 非実行(7552)
2020/10/23 18:31:48 実行中(7552)
2020/10/23 18:31:51 終了しました(7552)
2020/11/11 16:08:03 開始します(9268)
2020/11/11 16:08:03 非実行(9268)
2020/11/11 16:08:03 実行中(9268)
2020/11/11 16:08:06 終了しました(9268)
2020/11/12 16:56:07 開始します(8044)
2020/11/12 16:56:07 非実行(8044)
2020/11/12 16:56:07 実行中(8044)
2020/11/12 16:56:09 終了しました(8044)
2020/11/13 18:55:28 開始します(4708)
2020/11/13 18:55:28 非実行(4708)
2020/11/13 18:55:28 実行中(4708)
2020/11/13 18:55:31 終了しました(4708)
2020/11/16 16:54:31 開始します(6408)
2020/11/16 16:54:31 非実行(6408)
2020/11/16 16:54:31 実行中(6408)
2020/11/16 16:54:34 終了しました(6408)
2020/11/17 17:25:03 開始します(9360)
2020/11/17 17:25:03 非実行(9360)
2020/11/17 17:25:03 実行中(9360)
2020/11/17 17:25:06 終了しました(9360)
2020/11/19 16:20:11 開始します(9900)
2020/11/19 16:20:11 非実行(9900)
2020/11/19 16:20:11 実行中(9900)
2020/11/19 16:20:13 終了しました(9900)
2020/11/20 17:48:57 開始します(8792)
2020/11/20 17:48:57 非実行(8792)
2020/11/20 17:48:57 実行中(8792)
2020/11/20 17:49:00 終了しました(8792)
2020/11/24 15:01:33 開始します(4080)
2020/11/24 15:01:33 非実行(4080)
2020/11/24 15:01:33 実行中(4080)
2020/11/24 15:01:36 終了しました(4080)
2020/11/25 17:43:51 開始します(9572)
2020/11/25 17:43:51 非実行(9572)
2020/11/25 17:43:51 実行中(9572)
2020/11/25 17:43:54 終了しました(9572)
2020/11/26 16:54:05 開始します(9928)
2020/11/26 16:54:05 非実行(9928)
2020/11/26 16:54:05 実行中(9928)
2020/11/26 16:54:08 終了しました(9928)
2020/11/27 16:48:53 開始します(6772)
2020/11/27 16:48:53 非実行(6772)
2020/11/27 16:48:53 実行中(6772)
2020/11/27 16:48:55 終了しました(6772)
2020/12/01 17:06:32 開始します(4208)
2020/12/01 17:06:32 非実行(4208)
2020/12/01 17:06:32 実行中(4208)
2020/12/01 17:06:35 終了しました(4208)
2020/12/02 14:54:52 開始します(1516)
2020/12/02 14:54:52 非実行(1516)
2020/12/02 14:54:52 実行中(1516)
2020/12/02 14:54:55 終了しました(1516)
2020/12/03 15:43:59 開始します(7604)
2020/12/03 15:43:59 非実行(7604)
2020/12/03 15:43:59 実行中(7604)
2020/12/03 15:44:02 終了しました(7604)
2020/12/10 17:33:26 開始します(5580)
2020/12/10 17:33:26 非実行(5580)
2020/12/10 17:33:26 実行中(5580)
2020/12/10 17:33:29 終了しました(5580)
2021/01/12 17:10:00 開始します(7576)
2021/01/12 17:10:00 非実行(7576)
2021/01/12 17:10:00 実行中(7576)
2021/01/12 17:10:03 終了しました(7576)
2021/01/15 09:38:28 開始します(7148)
2021/01/15 09:38:28 非実行(7148)
2021/01/15 09:38:28 実行中(7148)
2021/01/15 09:38:31 終了しました(7148)
2021/01/18 09:34:51 開始します(4944)
2021/01/18 09:34:51 非実行(4944)
2021/01/18 09:34:51 実行中(4944)
2021/01/18 09:34:54 終了しました(4944)
2021/01/19 10:22:25 開始します(2008)
2021/01/19 10:22:25 非実行(2008)
2021/01/19 10:22:25 実行中(2008)
2021/01/19 10:22:28 終了しました(2008)
2021/01/21 09:23:33 開始します(8996)
2021/01/21 09:23:33 非実行(8996)
2021/01/21 09:23:33 実行中(8996)
2021/01/21 09:23:36 終了しました(8996)
2021/03/03 14:51:54 開始します(10992)
2021/03/03 14:51:54 非実行(10992)
2021/03/03 14:51:54 実行中(10992)
2021/03/03 14:51:57 終了しました(10992)
2021/03/04 13:46:29 開始します(11248)
2021/03/04 13:46:29 非実行(11248)
2021/03/04 13:46:29 実行中(11248)
2021/03/04 13:46:32 終了しました(11248)
2021/04/19 16:22:23 開始します(1212)
2021/04/19 16:22:23 非実行(1212)
2021/04/19 16:22:23 実行中(1212)
2021/04/19 16:22:26 終了しました(1212)
2021/05/07 13:32:30 開始します(5440)
2021/05/07 13:32:30 非実行(5440)
2021/05/07 13:32:30 実行中(5440)
2021/05/07 13:32:33 終了しました(5440)
2021/05/10 16:59:43 開始します(7840)
2021/05/10 16:59:43 非実行(7840)
2021/05/10 16:59:43 実行中(7840)
2021/05/10 16:59:46 終了しました(7840)
2021/05/12 05:04:49 開始します(5292)
2021/05/12 05:04:49 非実行(5292)
2021/05/12 05:04:49 実行中(5292)
2021/05/12 05:04:52 終了しました(5292)
2021/08/03 10:28:16 開始します(10068)
2021/08/03 10:28:16 非実行(10068)
2021/08/03 10:28:16 実行中(10068)
2021/08/03 10:28:19 終了しました(10068)
2021/11/16 00:29:24 開始します(1656)
2021/11/16 00:29:24 非実行(1656)
2021/11/16 00:29:24 実行中(1656)
2021/11/16 00:29:26 終了しました(1656)
2021/11/16 16:18:12 開始します(3548)
2021/11/16 16:18:12 非実行(3548)
2021/11/16 16:18:12 実行中(3548)
2021/11/16 16:18:15 終了しました(3548)
2021/11/17 15:46:34 開始します(7812)
2021/11/17 15:46:34 非実行(7812)
2021/11/17 15:46:34 実行中(7812)
2021/11/17 15:46:37 終了しました(7812)
2021/11/18 16:25:11 開始します(5708)
2021/11/18 16:25:11 非実行(5708)
2021/11/18 16:25:11 実行中(5708)
2021/11/18 16:25:14 終了しました(5708)
2021/11/22 16:26:43 開始します(6368)
2021/11/22 16:26:43 非実行(6368)
2021/11/22 16:26:43 実行中(6368)
2021/11/22 16:26:46 終了しました(6368)
2022/02/21 16:00:58 開始します(3876)
2022/02/21 16:00:58 非実行(3876)
2022/02/21 16:00:58 実行中(3876)
2022/02/21 16:01:01 終了しました(3876)
2022/02/25 13:08:39 開始します(4916)
2022/02/25 13:08:39 非実行(4916)
2022/02/25 13:08:39 実行中(4916)
2022/02/25 13:08:42 終了しました(4916)
2022/03/04 11:06:48 開始します(5388)
2022/03/04 11:06:48 非実行(5388)
2022/03/04 11:06:48 実行中(5388)
2022/03/04 11:06:50 終了しました(5388)
2022/03/11 10:57:54 開始します(2812)
2022/03/11 10:57:54 非実行(2812)
2022/03/11 10:57:54 実行中(2812)
2022/03/11 10:57:57 終了しました(2812)
2022/03/23 11:04:38 開始します(2024)
2022/03/23 11:04:38 非実行(2024)
2022/03/23 11:04:38 実行中(2024)
2022/03/23 11:04:41 終了しました(2024)
2022/04/06 13:02:55 開始します(6836)
2022/04/06 13:02:55 非実行(6836)
2022/04/06 13:02:55 実行中(6836)
2022/04/06 13:02:58 終了しました(6836)
2022/04/12 16:08:40 開始します(2420)
2022/04/12 16:08:40 非実行(2420)
2022/04/12 16:08:40 実行中(2420)
2022/04/12 16:08:43 終了しました(2420)
2022/04/18 16:07:44 開始します(5188)
2022/04/18 16:07:44 非実行(5188)
2022/04/18 16:07:44 実行中(5188)
2022/04/18 16:07:47 終了しました(5188)
2022/04/25 16:21:25 開始します(4328)
2022/04/25 16:21:25 非実行(4328)
2022/04/25 16:21:25 実行中(4328)
2022/04/25 16:21:28 終了しました(4328)
2022/09/20 13:50:28 開始します(4588)
2022/09/20 13:50:28 非実行(4588)
2022/09/20 13:50:28 実行中(4588)
2022/09/20 13:50:31 終了しました(4588)
2022/09/21 12:59:37 開始します(1512)
2022/09/21 12:59:37 非実行(1512)
2022/09/21 12:59:37 実行中(1512)
2022/09/21 12:59:40 終了しました(1512)
2022/10/13 16:22:10 開始します(780)
2022/10/13 16:22:10 非実行(780)
2022/10/13 16:22:10 実行中(780)
2022/10/13 16:22:12 終了しました(780)
2023/01/17 18:49:10 開始します(6928)
2023/01/17 18:49:10 非実行(6928)
2023/01/17 18:49:10 実行中(6928)
2023/01/17 18:49:13 終了しました(6928)
2023/01/18 10:42:44 開始します(6012)
2023/01/18 10:42:44 非実行(6012)
2023/01/18 10:42:44 実行中(6012)
2023/01/18 10:42:47 終了しました(6012)
2023/01/24 10:06:30 開始します(6332)
2023/01/24 10:06:30 非実行(6332)
2023/01/24 10:06:30 実行中(6332)
2023/01/24 10:06:33 終了しました(6332)
2023/03/28 16:08:33 開始します(8140)
2023/03/28 16:08:33 非実行(8140)
2023/03/28 16:08:33 実行中(8140)
2023/03/28 16:08:36 終了しました(8140)
2023/04/25 15:39:17 開始します(2664)
2023/04/25 15:39:17 非実行(2664)
2023/04/25 15:39:17 実行中(2664)
2023/04/25 15:39:20 終了しました(2664)
2023/05/15 16:10:38 開始します(528)
2023/05/15 16:10:38 非実行(528)
2023/05/15 16:10:38 実行中(528)
2023/05/15 16:10:40 終了しました(528)
2023/05/16 14:28:46 開始します(3796)
2023/05/16 14:28:46 非実行(3796)
2023/05/16 14:28:46 実行中(3796)
2023/05/16 14:28:49 終了しました(3796)
2023/06/13 16:04:00 開始します(7528)
2023/06/13 16:04:00 非実行(7528)
2023/06/13 16:04:00 実行中(7528)
2023/06/13 16:04:03 終了しました(7528)
2023/09/08 15:15:45 開始します(5224)
2023/09/08 15:15:45 非実行(5224)
2023/09/08 15:15:45 実行中(5224)
2023/09/08 15:15:48 終了しました(5224)
2023/09/28 16:07:38 開始します(7148)
2023/09/28 16:07:38 非実行(7148)
2023/09/28 16:07:38 実行中(7148)
2023/09/28 16:07:41 終了しました(7148)
2023/10/25 14:20:59 開始します(5980)
2023/10/25 14:20:59 非実行(5980)
2023/10/25 14:20:59 実行中(5980)
2023/10/25 14:21:02 終了しました(5980)
2024/01/29 17:00:16 開始します(6640)
2024/01/29 17:00:16 非実行(6640)
2024/01/29 17:00:16 実行中(6640)
2024/01/29 17:00:18 終了しました(6640)
2024/06/19 09:36:38 開始します(6500)
2024/06/19 09:36:38 非実行(6500)
2024/06/19 09:36:38 実行中(6500)
2024/06/19 09:36:38 終了しました(6500)
2024/06/19 09:36:58 開始します(6520)
2024/06/19 09:36:58 非実行(6520)
2024/06/19 09:36:58 実行中(6520)
2024/06/19 09:36:58 終了しました(6520)
2024/06/19 09:37:00 開始します(8000)
2024/06/19 09:37:00 非実行(8000)
2024/06/19 09:37:00 実行中(8000)
2024/06/19 09:37:00 終了しました(8000)
2024/06/19 09:37:01 開始します(4128)
2024/06/19 09:37:01 非実行(4128)
2024/06/19 09:37:01 実行中(4128)
2024/06/19 09:37:02 終了しました(4128)
2024/06/19 09:38:04 開始します(3220)
2024/06/19 09:38:04 非実行(3220)
2024/06/19 09:38:04 実行中(3220)
2024/06/19 09:38:13 終了しました(3220)
2024/06/19 09:38:46 開始します(6824)
2024/06/19 09:38:46 非実行(6824)
2024/06/19 09:38:46 実行中(6824)
2024/06/19 09:38:47 終了しました(6824)
2024/06/19 10:00:02 開始します(7712)
2024/06/19 10:00:02 非実行(7712)
2024/06/19 10:00:02 実行中(7712)
2024/06/19 10:00:03 終了しました(7712)
2024/08/15 15:15:36 開始します(4576)
2024/08/15 15:15:36 非実行(4576)
2024/08/15 15:15:36 実行中(4576)
2024/08/15 15:15:37 終了しました(4576)
2024/08/15 15:15:47 開始します(1276)
2024/08/15 15:15:47 非実行(1276)
2024/08/15 15:15:47 実行中(1276)
2024/08/15 15:15:48 終了しました(1276)
2024/08/22 16:33:02 開始します(9196)
2024/08/22 16:33:02 非実行(9196)
2024/08/22 16:33:02 実行中(9196)
2024/08/22 16:33:03 終了しました(9196)
2024/08/28 09:50:09 開始します(980)
2024/08/28 09:50:09 非実行(980)
2024/08/28 09:50:09 実行中(980)
2024/08/28 09:50:10 終了しました(980)
2024/09/12 03:19:27 開始します(9532)
2024/09/12 03:19:27 非実行(9532)
2024/09/12 03:19:27 実行中(9532)
2024/09/12 03:19:28 終了しました(9532)
2024/09/17 14:43:18 開始します(4824)
2024/09/17 14:43:18 非実行(4824)
2024/09/17 14:43:18 実行中(4824)
2024/09/17 14:43:19 終了しました(4824)
2024/09/18 07:42:56 開始します(3012)
2024/09/18 07:42:56 非実行(3012)
2024/09/18 07:42:56 実行中(3012)
2024/09/18 07:43:10 終了しました(3012)
2024/09/18 18:52:43 開始します(8272)
2024/09/18 18:52:43 非実行(8272)
2024/09/18 18:52:43 実行中(8272)
2024/09/18 18:52:44 終了しました(8272)
2024/09/20 01:01:08 開始します(7460)
2024/09/20 01:01:08 非実行(7460)
2024/09/20 01:01:08 実行中(7460)
2024/09/20 01:01:19 終了しました(7460)
2024/09/21 02:37:16 開始します(13248)
2024/09/21 02:37:16 非実行(13248)
2024/09/21 02:37:16 実行中(13248)
2024/09/21 02:37:27 終了しました(13248)
2024/09/25 03:38:18 開始します(11512)
2024/09/25 03:38:18 非実行(11512)
2024/09/25 03:38:18 実行中(11512)
2024/09/25 03:38:29 終了しました(11512)
2024/09/26 01:42:50 開始します(2756)
2024/09/26 01:42:50 非実行(2756)
2024/09/26 01:42:50 実行中(2756)
2024/09/26 01:43:01 終了しました(2756)
2024/09/27 02:06:03 開始します(4588)
2024/09/27 02:06:03 非実行(4588)
2024/09/27 02:06:03 実行中(4588)
2024/09/27 02:06:13 終了しました(4588)
2024/09/28 02:33:23 開始します(13136)
2024/09/28 02:33:23 非実行(13136)
2024/09/28 02:33:23 実行中(13136)
2024/09/28 02:33:33 終了しました(13136)
2024/09/29 01:43:45 開始します(12176)
2024/09/29 01:43:45 非実行(12176)
2024/09/29 01:43:45 実行中(12176)
2024/09/29 01:43:55 終了しました(12176)
2024/10/01 22:34:38 開始します(2416)
2024/10/01 22:34:38 非実行(2416)
2024/10/01 22:34:38 実行中(2416)
2024/10/01 22:34:39 終了しました(2416)
2024/10/02 23:00:44 開始します(6656)
2024/10/02 23:00:44 非実行(6656)
2024/10/02 23:00:44 実行中(6656)
2024/10/02 23:00:45 終了しました(6656)
2024/10/04 01:11:36 開始します(12432)
2024/10/04 01:11:36 非実行(12432)
2024/10/04 01:11:36 実行中(12432)
2024/10/04 01:11:47 終了しました(12432)
2024/10/05 00:03:29 開始します(3740)
2024/10/05 00:03:29 非実行(3740)
2024/10/05 00:03:29 実行中(3740)
2024/10/05 00:03:30 終了しました(3740)
2024/10/08 01:59:41 開始します(10844)
2024/10/08 01:59:41 非実行(10844)
2024/10/08 01:59:41 実行中(10844)
2024/10/08 01:59:42 終了しました(10844)
2024/10/09 01:29:30 開始します(4356)
2024/10/09 01:29:30 非実行(4356)
2024/10/09 01:29:30 実行中(4356)
2024/10/09 01:29:31 終了しました(4356)
2024/10/10 01:59:48 開始します(4896)
2024/10/10 01:59:48 非実行(4896)
2024/10/10 01:59:48 実行中(4896)
2024/10/10 01:59:49 終了しました(4896)
2024/10/11 01:09:06 開始します(6940)
2024/10/11 01:09:06 非実行(6940)
2024/10/11 01:09:06 実行中(6940)
2024/10/11 01:09:07 終了しました(6940)
2024/10/13 01:37:41 開始します(8116)
2024/10/13 01:37:41 非実行(8116)
2024/10/13 01:37:41 実行中(8116)
2024/10/13 01:37:42 終了しました(8116)
2024/10/16 00:12:30 開始します(7472)
2024/10/16 00:12:30 非実行(7472)
2024/10/16 00:12:30 実行中(7472)
2024/10/16 00:12:31 終了しました(7472)
2024/10/17 00:42:10 開始します(760)
2024/10/17 00:42:10 非実行(760)
2024/10/17 00:42:10 実行中(760)
2024/10/17 00:42:11 終了しました(760)
2024/10/18 05:08:22 開始します(7808)
2024/10/18 05:08:22 非実行(7808)
2024/10/18 05:08:22 実行中(7808)
2024/10/18 05:08:23 終了しました(7808)
2024/10/18 23:30:29 開始します(2528)
2024/10/18 23:30:29 非実行(2528)
2024/10/18 23:30:29 実行中(2528)
2024/10/18 23:30:30 終了しました(2528)
2024/10/21 23:23:35 開始します(5392)
2024/10/21 23:23:35 非実行(5392)
2024/10/21 23:23:35 実行中(5392)
2024/10/21 23:23:36 終了しました(5392)
2024/10/22 23:40:28 開始します(4048)
2024/10/22 23:40:28 非実行(4048)
2024/10/22 23:40:28 実行中(4048)
2024/10/22 23:40:29 終了しました(4048)
2024/10/23 23:20:01 開始します(8008)
2024/10/23 23:20:01 非実行(8008)
2024/10/23 23:20:01 実行中(8008)
2024/10/23 23:20:02 終了しました(8008)
2024/10/25 02:42:26 開始します(7908)
2024/10/25 02:42:26 非実行(7908)
2024/10/25 02:42:26 実行中(7908)
2024/10/25 02:42:27 終了しました(7908)
2024/10/27 07:48:28 開始します(6372)
2024/10/27 07:48:28 非実行(6372)
2024/10/27 07:48:28 実行中(6372)
2024/10/27 07:48:29 終了しました(6372)
2024/10/28 23:19:29 開始します(7664)
2024/10/28 23:19:29 非実行(7664)
2024/10/28 23:19:29 実行中(7664)
2024/10/28 23:19:30 終了しました(7664)
2024/10/30 20:58:05 開始します(980)
2024/10/30 20:58:05 非実行(980)
2024/10/30 20:58:05 実行中(980)
2024/10/30 20:58:06 終了しました(980)
2024/10/31 21:45:32 開始します(6756)
2024/10/31 21:45:32 非実行(6756)
2024/10/31 21:45:32 実行中(6756)
2024/10/31 21:45:33 終了しました(6756)
2024/11/03 14:56:57 開始します(2212)
2024/11/03 14:56:57 非実行(2212)
2024/11/03 14:56:57 実行中(2212)
2024/11/03 14:56:58 終了しました(2212)
2024/11/05 21:56:11 開始します(3412)
2024/11/05 21:56:11 非実行(3412)
2024/11/05 21:56:11 実行中(3412)
2024/11/05 21:56:12 終了しました(3412)
2024/11/06 14:03:01 開始します(1992)
2024/11/06 14:03:01 非実行(1992)
2024/11/06 14:03:01 実行中(1992)
2024/11/06 14:03:02 終了しました(1992)
2024/11/07 00:40:43 開始します(4692)
2024/11/07 00:40:43 非実行(4692)
2024/11/07 00:40:43 実行中(4692)
2024/11/07 00:40:44 終了しました(4692)
2024/11/08 02:20:04 開始します(5248)
2024/11/08 02:20:04 非実行(5248)
2024/11/08 02:20:04 実行中(5248)
2024/11/08 02:20:06 終了しました(5248)
2024/11/09 03:31:54 開始します(6440)
2024/11/09 03:31:54 非実行(6440)
2024/11/09 03:31:54 実行中(6440)
2024/11/09 03:31:55 終了しました(6440)
2024/11/12 01:54:54 開始します(3544)
2024/11/12 01:54:54 非実行(3544)
2024/11/12 01:54:54 実行中(3544)
2024/11/12 01:54:55 終了しました(3544)
2024/11/13 02:52:37 開始します(5460)
2024/11/13 02:52:37 非実行(5460)
2024/11/13 02:52:37 実行中(5460)
2024/11/13 02:52:38 終了しました(5460)
2024/11/14 03:40:27 開始します(2280)
2024/11/14 03:40:27 非実行(2280)
2024/11/14 03:40:27 実行中(2280)
2024/11/14 03:40:28 終了しました(2280)
2024/11/15 03:32:05 開始します(7544)
2024/11/15 03:32:05 非実行(7544)
2024/11/15 03:32:05 実行中(7544)
2024/11/15 03:32:06 終了しました(7544)
2024/11/17 01:46:57 開始します(6124)
2024/11/17 01:46:57 非実行(6124)
2024/11/17 01:46:57 実行中(6124)
2024/11/17 01:46:58 終了しました(6124)
2024/11/19 03:54:16 開始します(6296)
2024/11/19 03:54:16 非実行(6296)
2024/11/19 03:54:16 実行中(6296)
2024/11/19 03:54:17 終了しました(6296)
2024/11/20 03:37:21 開始します(7040)
2024/11/20 03:37:21 非実行(7040)
2024/11/20 03:37:21 実行中(7040)
2024/11/20 03:37:22 終了しました(7040)
2024/11/20 18:20:31 開始します(6036)
2024/11/20 18:20:31 非実行(6036)
2024/11/20 18:20:31 実行中(6036)
2024/11/20 18:20:42 終了しました(6036)
2024/11/22 03:44:27 開始します(436)
2024/11/22 03:44:27 非実行(436)
2024/11/22 03:44:27 実行中(436)
2024/11/22 03:44:28 終了しました(436)
2024/11/25 03:16:47 開始します(6224)
2024/11/25 03:16:47 非実行(6224)
2024/11/25 03:16:47 実行中(6224)
2024/11/25 03:16:48 終了しました(6224)
2024/12/04 03:17:26 開始します(3064)
2024/12/04 03:17:26 非実行(3064)
2024/12/04 03:17:26 実行中(3064)
2024/12/04 03:17:27 終了しました(3064)
2024/12/05 00:10:12 開始します(6972)
2024/12/05 00:10:12 非実行(6972)
2024/12/05 00:10:12 実行中(6972)
2024/12/05 00:10:13 終了しました(6972)
2024/12/05 22:44:39 開始します(3532)
2024/12/05 22:44:39 非実行(3532)
2024/12/05 22:44:39 実行中(3532)
2024/12/05 22:44:40 終了しました(3532)
2024/12/07 00:56:17 開始します(8488)
2024/12/07 00:56:17 非実行(8488)
2024/12/07 00:56:17 実行中(8488)
2024/12/07 00:56:18 終了しました(8488)
2024/12/11 01:01:17 開始します(8472)
2024/12/11 01:01:17 非実行(8472)
2024/12/11 01:01:17 実行中(8472)
2024/12/11 01:01:18 終了しました(8472)
2024/12/12 02:35:34 開始します(2816)
2024/12/12 02:35:34 非実行(2816)
2024/12/12 02:35:34 実行中(2816)
2024/12/12 02:35:35 終了しました(2816)
2024/12/12 23:38:03 開始します(2908)
2024/12/12 23:38:03 非実行(2908)
2024/12/12 23:38:03 実行中(2908)
2024/12/12 23:38:05 終了しました(2908)
2024/12/15 23:50:41 開始します(4276)
2024/12/15 23:50:41 非実行(4276)
2024/12/15 23:50:41 実行中(4276)
2024/12/15 23:50:42 終了しました(4276)
2024/12/17 02:36:18 開始します(2388)
2024/12/17 02:36:18 非実行(2388)
2024/12/17 02:36:18 実行中(2388)
2024/12/17 02:36:20 終了しました(2388)
2024/12/18 00:48:22 開始します(7380)
2024/12/18 00:48:22 非実行(7380)
2024/12/18 00:48:22 実行中(7380)
2024/12/18 00:48:23 終了しました(7380)
2024/12/19 00:00:43 開始します(10196)
2024/12/19 00:00:43 非実行(10196)
2024/12/19 00:00:43 実行中(10196)
2024/12/19 00:00:45 終了しました(10196)
2024/12/20 01:16:38 開始します(5612)
2024/12/20 01:16:38 非実行(5612)
2024/12/20 01:16:38 実行中(5612)
2024/12/20 01:16:40 終了しました(5612)
2024/12/21 01:14:27 開始します(5720)
2024/12/21 01:14:27 非実行(5720)
2024/12/21 01:14:27 実行中(5720)
2024/12/21 01:14:28 終了しました(5720)
2024/12/22 03:49:24 開始します(8536)
2024/12/22 03:49:24 非実行(8536)
2024/12/22 03:49:24 実行中(8536)
2024/12/22 03:49:25 終了しました(8536)
2024/12/24 00:04:39 開始します(10152)
2024/12/24 00:04:39 非実行(10152)
2024/12/24 00:04:39 実行中(10152)
2024/12/24 00:04:40 終了しました(10152)
2024/12/26 20:05:14 開始します(7744)
2024/12/26 20:05:14 非実行(7744)
2024/12/26 20:05:14 実行中(7744)
2024/12/26 20:05:15 終了しました(7744)
2025/02/05 01:10:34 開始します(8084)
2025/02/05 01:10:34 非実行(8084)
2025/02/05 01:10:34 実行中(8084)
2025/02/05 01:10:35 終了しました(8084)
2025/02/06 01:08:48 開始します(5528)
2025/02/06 01:08:48 非実行(5528)
2025/02/06 01:08:48 実行中(5528)
2025/02/06 01:08:50 終了しました(5528)
2025/02/07 20:22:21 開始します(2076)
2025/02/07 20:22:21 非実行(2076)
2025/02/07 20:22:21 実行中(2076)
2025/02/07 20:22:22 終了しました(2076)
2025/02/10 21:03:54 開始します(8824)
2025/02/10 21:03:54 非実行(8824)
2025/02/10 21:03:54 実行中(8824)
2025/02/10 21:03:56 終了しました(8824)
2025/02/12 23:51:44 開始します(3748)
2025/02/12 23:51:44 非実行(3748)
2025/02/12 23:51:44 実行中(3748)
2025/02/12 23:51:45 終了しました(3748)
2025/02/13 19:04:08 開始します(928)
2025/02/13 19:04:08 非実行(928)
2025/02/13 19:04:08 実行中(928)
2025/02/13 19:04:10 終了しました(928)
2025/02/14 12:33:12 開始します(9612)
2025/02/14 12:33:12 非実行(9612)
2025/02/14 12:33:12 実行中(9612)
2025/02/14 12:33:13 終了しました(9612)
2025/02/15 11:56:36 開始します(10752)
2025/02/15 11:56:36 非実行(10752)
2025/02/15 11:56:36 実行中(10752)
2025/02/15 11:56:37 終了しました(10752)
2025/02/18 00:51:33 開始します(4084)
2025/02/18 00:51:33 非実行(4084)
2025/02/18 00:51:33 実行中(4084)
2025/02/18 00:51:34 終了しました(4084)
2025/02/18 22:51:30 開始します(3888)
2025/02/18 22:51:30 非実行(3888)
2025/02/18 22:51:30 実行中(3888)
2025/02/18 22:51:31 終了しました(3888)
2025/02/19 19:51:02 開始します(4860)
2025/02/19 19:51:02 非実行(4860)
2025/02/19 19:51:02 実行中(4860)
2025/02/19 19:51:03 終了しました(4860)
2025/02/21 02:46:31 開始します(9856)
2025/02/21 02:46:31 非実行(9856)
2025/02/21 02:46:31 実行中(9856)
2025/02/21 02:46:32 終了しました(9856)
2025/02/22 00:02:40 開始します(8548)
2025/02/22 00:02:40 非実行(8548)
2025/02/22 00:02:40 実行中(8548)
2025/02/22 00:02:41 終了しました(8548)
2025/02/23 01:30:29 開始します(7848)
2025/02/23 01:30:29 非実行(7848)
2025/02/23 01:30:29 実行中(7848)
2025/02/23 01:30:30 終了しました(7848)
2025/02/26 23:52:05 開始します(3840)
2025/02/26 23:52:05 非実行(3840)
2025/02/26 23:52:05 実行中(3840)
2025/02/26 23:52:06 終了しました(3840)
2025/02/27 20:30:12 開始します(5880)
2025/02/27 20:30:12 非実行(5880)
2025/02/27 20:30:12 実行中(5880)
2025/02/27 20:30:13 終了しました(5880)
2025/02/28 20:14:30 開始します(10132)
2025/02/28 20:14:30 非実行(10132)
2025/02/28 20:14:30 実行中(10132)
2025/02/28 20:14:31 終了しました(10132)
2025/03/07 19:05:02 開始します(11228)
2025/03/07 19:05:02 非実行(11228)
2025/03/07 19:05:02 実行中(11228)
2025/03/07 19:05:03 終了しました(11228)
2025/03/08 19:05:02 開始します(9144)
2025/03/08 19:05:02 非実行(9144)
2025/03/08 19:05:02 実行中(9144)
2025/03/08 19:05:03 終了しました(9144)
2025/03/09 19:05:02 開始します(5004)
2025/03/09 19:05:02 非実行(5004)
2025/03/09 19:05:02 実行中(5004)
2025/03/09 19:05:03 終了しました(5004)
2025/03/10 19:05:01 開始します(9344)
2025/03/10 19:05:01 非実行(9344)
2025/03/10 19:05:01 実行中(9344)
2025/03/10 19:05:02 終了しました(9344)
2025/03/11 19:05:01 開始します(6344)
2025/03/11 19:05:01 非実行(6344)
2025/03/11 19:05:01 実行中(6344)
2025/03/11 19:05:01 終了しました(6344)
2025/03/12 19:05:01 開始します(9000)
2025/03/12 19:05:01 非実行(9000)
2025/03/12 19:05:01 実行中(9000)
2025/03/12 19:05:01 終了しました(9000)
2025/03/13 19:05:01 開始します(10700)
2025/03/13 19:05:01 非実行(10700)
2025/03/13 19:05:01 実行中(10700)
2025/03/13 19:05:01 終了しました(10700)
2025/03/14 19:05:01 開始します(4524)
2025/03/14 19:05:01 非実行(4524)
2025/03/14 19:05:01 実行中(4524)
2025/03/14 19:05:02 終了しました(4524)
2025/03/15 19:05:01 開始します(7480)
2025/03/15 19:05:01 非実行(7480)
2025/03/15 19:05:01 実行中(7480)
2025/03/15 19:05:02 終了しました(7480)
2025/03/16 19:05:01 開始します(5112)
2025/03/16 19:05:01 非実行(5112)
2025/03/16 19:05:01 実行中(5112)
2025/03/16 19:05:02 終了しました(5112)
2025/03/17 19:05:01 開始します(1712)
2025/03/17 19:05:01 非実行(1712)
2025/03/17 19:05:01 実行中(1712)
2025/03/17 19:05:02 終了しました(1712)
2025/03/18 19:05:01 開始します(6572)
2025/03/18 19:05:01 非実行(6572)
2025/03/18 19:05:01 実行中(6572)
2025/03/18 19:05:02 終了しました(6572)
2025/03/19 19:05:01 開始します(3980)
2025/03/19 19:05:01 非実行(3980)
2025/03/19 19:05:01 実行中(3980)
2025/03/19 19:05:02 終了しました(3980)
2025/03/20 19:05:01 開始します(2040)
2025/03/20 19:05:01 非実行(2040)
2025/03/20 19:05:01 実行中(2040)
2025/03/20 19:05:02 終了しました(2040)
2025/03/21 19:05:01 開始します(12180)
2025/03/21 19:05:01 非実行(12180)
2025/03/21 19:05:01 実行中(12180)
2025/03/21 19:05:02 終了しました(12180)
2025/03/22 19:05:01 開始します(1948)
2025/03/22 19:05:01 非実行(1948)
2025/03/22 19:05:01 実行中(1948)
2025/03/22 19:05:02 終了しました(1948)
2025/03/23 19:05:01 開始します(10964)
2025/03/23 19:05:01 非実行(10964)
2025/03/23 19:05:01 実行中(10964)
2025/03/23 19:05:02 終了しました(10964)
2025/03/24 19:05:01 開始します(1976)
2025/03/24 19:05:01 非実行(1976)
2025/03/24 19:05:01 実行中(1976)
2025/03/24 19:05:02 終了しました(1976)
2025/03/25 19:05:01 開始します(8224)
2025/03/25 19:05:01 非実行(8224)
2025/03/25 19:05:01 実行中(8224)
2025/03/25 19:05:02 終了しました(8224)
2025/03/26 19:05:01 開始します(7340)
2025/03/26 19:05:01 非実行(7340)
2025/03/26 19:05:01 実行中(7340)
2025/03/26 19:05:02 終了しました(7340)
2025/03/27 19:05:01 開始します(9864)
2025/03/27 19:05:01 非実行(9864)
2025/03/27 19:05:01 実行中(9864)
2025/03/27 19:05:02 終了しました(9864)
2025/03/28 19:05:01 開始します(1364)
2025/03/28 19:05:01 非実行(1364)
2025/03/28 19:05:01 実行中(1364)
2025/03/28 19:05:02 終了しました(1364)
2025/03/29 19:05:01 開始します(3580)
2025/03/29 19:05:01 非実行(3580)
2025/03/29 19:05:01 実行中(3580)
2025/03/29 19:05:02 終了しました(3580)
2025/03/30 19:05:01 開始します(1664)
2025/03/30 19:05:01 非実行(1664)
2025/03/30 19:05:01 実行中(1664)
2025/03/30 19:05:02 終了しました(1664)
2025/03/31 19:05:01 開始します(7212)
2025/03/31 19:05:01 非実行(7212)
2025/03/31 19:05:01 実行中(7212)
2025/03/31 19:05:02 終了しました(7212)
2025/04/01 19:05:01 開始します(10444)
2025/04/01 19:05:01 非実行(10444)
2025/04/01 19:05:01 実行中(10444)
2025/04/01 19:05:02 終了しました(10444)
2025/04/02 19:05:01 開始します(10944)
2025/04/02 19:05:01 非実行(10944)
2025/04/02 19:05:01 実行中(10944)
2025/04/02 19:05:02 終了しました(10944)
2025/04/03 19:05:01 開始します(6880)
2025/04/03 19:05:01 非実行(6880)
2025/04/03 19:05:01 実行中(6880)
2025/04/03 19:05:02 終了しました(6880)
2025/04/04 19:05:01 開始します(5192)
2025/04/04 19:05:01 非実行(5192)
2025/04/04 19:05:01 実行中(5192)
2025/04/04 19:05:02 終了しました(5192)
2025/04/05 19:05:01 開始します(6252)
2025/04/05 19:05:01 非実行(6252)
2025/04/05 19:05:01 実行中(6252)
2025/04/05 19:05:02 終了しました(6252)
2025/04/06 19:05:01 開始します(6088)
2025/04/06 19:05:01 非実行(6088)
2025/04/06 19:05:01 実行中(6088)
2025/04/06 19:05:02 終了しました(6088)
2025/04/07 19:05:01 開始します(5776)
2025/04/07 19:05:01 非実行(5776)
2025/04/07 19:05:01 実行中(5776)
2025/04/07 19:05:02 終了しました(5776)
2025/04/08 19:05:01 開始します(7780)
2025/04/08 19:05:01 非実行(7780)
2025/04/08 19:05:01 実行中(7780)
2025/04/08 19:05:02 終了しました(7780)
2025/04/09 19:05:01 開始します(7200)
2025/04/09 19:05:01 非実行(7200)
2025/04/09 19:05:01 実行中(7200)
2025/04/09 19:05:02 終了しました(7200)
2025/04/10 19:05:01 開始します(10784)
2025/04/10 19:05:01 非実行(10784)
2025/04/10 19:05:01 実行中(10784)
2025/04/10 19:05:02 終了しました(10784)
2025/04/11 19:05:01 開始します(1924)
2025/04/11 19:05:01 非実行(1924)
2025/04/11 19:05:01 実行中(1924)
2025/04/11 19:05:02 終了しました(1924)
2025/04/12 19:05:01 開始します(11288)
2025/04/12 19:05:01 非実行(11288)
2025/04/12 19:05:01 実行中(11288)
2025/04/12 19:05:02 終了しました(11288)
2025/04/13 19:05:01 開始します(6356)
2025/04/13 19:05:01 非実行(6356)
2025/04/13 19:05:01 実行中(6356)
2025/04/13 19:05:02 終了しました(6356)
2025/04/14 19:05:01 開始します(8444)
2025/04/14 19:05:01 非実行(8444)
2025/04/14 19:05:01 実行中(8444)
2025/04/14 19:05:02 終了しました(8444)
2025/04/15 19:05:01 開始します(13280)
2025/04/15 19:05:01 非実行(13280)
2025/04/15 19:05:01 実行中(13280)
2025/04/15 19:05:02 終了しました(13280)
2025/04/16 19:05:01 開始します(6116)
2025/04/16 19:05:01 非実行(6116)
2025/04/16 19:05:01 実行中(6116)
2025/04/16 19:05:02 終了しました(6116)
2025/04/17 19:05:02 開始します(6888)
2025/04/17 19:05:02 非実行(6888)
2025/04/17 19:05:02 実行中(6888)
2025/04/17 19:05:03 終了しました(6888)
2025/04/18 19:05:02 開始します(6528)
2025/04/18 19:05:02 非実行(6528)
2025/04/18 19:05:02 実行中(6528)
2025/04/18 19:05:03 終了しました(6528)
2025/04/19 19:05:01 開始します(5132)
2025/04/19 19:05:01 非実行(5132)
2025/04/19 19:05:01 実行中(5132)
2025/04/19 19:05:03 終了しました(5132)
2025/04/20 19:05:01 開始します(1556)
2025/04/20 19:05:01 非実行(1556)
2025/04/20 19:05:01 実行中(1556)
2025/04/20 19:05:03 終了しました(1556)
2025/04/21 19:05:01 開始します(8760)
2025/04/21 19:05:01 非実行(8760)
2025/04/21 19:05:01 実行中(8760)
2025/04/21 19:05:02 終了しました(8760)
2025/04/22 19:05:02 開始します(5212)
2025/04/22 19:05:02 非実行(5212)
2025/04/22 19:05:02 実行中(5212)
2025/04/22 19:05:03 終了しました(5212)
2025/04/23 19:05:01 開始します(4888)
2025/04/23 19:05:01 非実行(4888)
2025/04/23 19:05:01 実行中(4888)
2025/04/23 19:05:02 終了しました(4888)
2025/04/24 19:05:01 開始します(4620)
2025/04/24 19:05:01 非実行(4620)
2025/04/24 19:05:01 実行中(4620)
2025/04/24 19:05:03 終了しました(4620)
2025/04/25 19:05:01 開始します(4320)
2025/04/25 19:05:01 非実行(4320)
2025/04/25 19:05:01 実行中(4320)
2025/04/25 19:05:03 終了しました(4320)
2025/04/26 19:05:01 開始します(3812)
2025/04/26 19:05:01 非実行(3812)
2025/04/26 19:05:01 実行中(3812)
2025/04/26 19:05:03 終了しました(3812)
2025/04/27 19:05:01 開始します(1496)
2025/04/27 19:05:01 非実行(1496)
2025/04/27 19:05:01 実行中(1496)
2025/04/27 19:05:02 終了しました(1496)
2025/04/28 19:05:02 開始します(2008)
2025/04/28 19:05:02 非実行(2008)
2025/04/28 19:05:02 実行中(2008)
2025/04/28 19:05:03 終了しました(2008)
2025/04/29 19:05:01 開始します(3532)
2025/04/29 19:05:01 非実行(3532)
2025/04/29 19:05:01 実行中(3532)
2025/04/29 19:05:02 終了しました(3532)
2025/04/30 19:05:01 開始します(6228)
2025/04/30 19:05:01 非実行(6228)
2025/04/30 19:05:01 実行中(6228)
2025/04/30 19:05:02 終了しました(6228)
2025/05/01 19:05:01 開始します(6676)
2025/05/01 19:05:01 非実行(6676)
2025/05/01 19:05:01 実行中(6676)
2025/05/01 19:05:02 終了しました(6676)
2025/05/02 19:05:02 開始します(5972)
2025/05/02 19:05:02 非実行(5972)
2025/05/02 19:05:02 実行中(5972)
2025/05/02 19:05:03 終了しました(5972)
2025/05/03 19:05:02 開始します(4632)
2025/05/03 19:05:02 非実行(4632)
2025/05/03 19:05:02 実行中(4632)
2025/05/03 19:05:03 終了しました(4632)
2025/05/04 19:05:01 開始します(5500)
2025/05/04 19:05:01 非実行(5500)
2025/05/04 19:05:01 実行中(5500)
2025/05/04 19:05:02 終了しました(5500)
2025/05/05 19:05:01 開始します(5752)
2025/05/05 19:05:01 非実行(5752)
2025/05/05 19:05:01 実行中(5752)
2025/05/05 19:05:02 終了しました(5752)
2025/05/06 19:05:01 開始します(4508)
2025/05/06 19:05:01 非実行(4508)
2025/05/06 19:05:01 実行中(4508)
2025/05/06 19:05:02 終了しました(4508)
2025/05/07 19:05:01 開始します(5600)
2025/05/07 19:05:01 非実行(5600)
2025/05/07 19:05:01 実行中(5600)
2025/05/07 19:05:03 終了しました(5600)
2025/05/08 19:05:01 開始します(7144)
2025/05/08 19:05:01 非実行(7144)
2025/05/08 19:05:01 実行中(7144)
2025/05/08 19:05:03 終了しました(7144)
2025/05/09 19:05:01 開始します(1196)
2025/05/09 19:05:01 非実行(1196)
2025/05/09 19:05:01 実行中(1196)
2025/05/09 19:05:02 終了しました(1196)
2025/05/10 19:05:01 開始します(6712)
2025/05/10 19:05:01 非実行(6712)
2025/05/10 19:05:01 実行中(6712)
2025/05/10 19:05:02 終了しました(6712)
2025/05/11 19:05:02 開始します(4656)
2025/05/11 19:05:02 非実行(4656)
2025/05/11 19:05:02 実行中(4656)
2025/05/11 19:05:03 終了しました(4656)
2025/05/12 19:05:01 開始します(4596)
2025/05/12 19:05:01 非実行(4596)
2025/05/12 19:05:01 実行中(4596)
2025/05/12 19:05:02 終了しました(4596)
2025/05/13 19:05:01 開始します(6536)
2025/05/13 19:05:01 非実行(6536)
2025/05/13 19:05:01 実行中(6536)
2025/05/13 19:05:02 終了しました(6536)
2025/05/14 19:05:01 開始します(6672)
2025/05/14 19:05:01 非実行(6672)
2025/05/14 19:05:01 実行中(6672)
2025/05/14 19:05:02 終了しました(6672)
2025/05/15 19:05:01 開始します(4076)
2025/05/15 19:05:01 非実行(4076)
2025/05/15 19:05:01 実行中(4076)
2025/05/15 19:05:04 終了しました(4076)
2025/05/16 17:29:21 開始します(7340)
2025/05/16 17:29:21 非実行(7340)
2025/05/16 17:29:21 実行中(7340)
2025/05/16 17:29:22 終了しました(7340)
2025/05/16 19:05:01 開始します(3520)
2025/05/16 19:05:01 非実行(3520)
2025/05/16 19:05:01 実行中(3520)
2025/05/16 19:05:03 終了しました(3520)
2025/05/17 19:05:01 開始します(6968)
2025/05/17 19:05:01 非実行(6968)
2025/05/17 19:05:01 実行中(6968)
2025/05/17 19:05:02 終了しました(6968)
2025/05/18 19:05:01 開始します(4368)
2025/05/18 19:05:01 非実行(4368)
2025/05/18 19:05:01 実行中(4368)
2025/05/18 19:05:02 終了しました(4368)
2025/05/19 13:53:37 開始します(1524)
2025/05/19 13:53:37 非実行(1524)
2025/05/19 13:53:37 実行中(1524)
2025/05/19 13:53:38 終了しました(1524)
2025/05/19 19:05:01 開始します(5184)
2025/05/19 19:05:01 非実行(5184)
2025/05/19 19:05:01 実行中(5184)
2025/05/19 19:05:02 終了しました(5184)
2025/05/20 19:05:01 開始します(6480)
2025/05/20 19:05:01 非実行(6480)
2025/05/20 19:05:01 実行中(6480)
2025/05/20 19:05:02 終了しました(6480)
2025/05/21 19:05:01 開始します(3468)
2025/05/21 19:05:01 非実行(3468)
2025/05/21 19:05:01 実行中(3468)
2025/05/21 19:05:02 終了しました(3468)
2025/05/23 19:04:59 開始します(7944)
2025/05/23 19:04:59 非実行(7944)
2025/05/23 19:04:59 実行中(7944)
2025/05/23 19:05:01 終了しました(7944)
2025/05/24 19:04:59 開始します(2056)
2025/05/24 19:04:59 非実行(2056)
2025/05/24 19:04:59 実行中(2056)
2025/05/24 19:05:01 終了しました(2056)
2025/05/25 19:04:59 開始します(1320)
2025/05/25 19:04:59 非実行(1320)
2025/05/25 19:04:59 実行中(1320)
2025/05/25 19:05:00 終了しました(1320)
2025/05/26 19:04:59 開始します(8080)
2025/05/26 19:04:59 非実行(8080)
2025/05/26 19:04:59 実行中(8080)
2025/05/26 19:05:00 終了しました(8080)
2025/05/27 19:04:59 開始します(1868)
2025/05/27 19:04:59 非実行(1868)
2025/05/27 19:04:59 実行中(1868)
2025/05/27 19:05:01 終了しました(1868)
2025/05/28 19:04:59 開始します(1428)
2025/05/28 19:04:59 非実行(1428)
2025/05/28 19:04:59 実行中(1428)
2025/05/28 19:05:00 終了しました(1428)
2025/05/29 19:04:59 開始します(2112)
2025/05/29 19:04:59 非実行(2112)
2025/05/29 19:04:59 実行中(2112)
2025/05/29 19:05:01 終了しました(2112)
2025/05/30 19:04:59 開始します(6448)
2025/05/30 19:04:59 非実行(6448)
2025/05/30 19:04:59 実行中(6448)
2025/05/30 19:05:01 終了しました(6448)
2025/05/31 19:05:00 開始します(4432)
2025/05/31 19:05:00 非実行(4432)
2025/05/31 19:05:00 実行中(4432)
2025/05/31 19:05:01 終了しました(4432)
2025/06/01 19:04:59 開始します(5020)
2025/06/01 19:04:59 非実行(5020)
2025/06/01 19:04:59 実行中(5020)
2025/06/01 19:05:00 終了しました(5020)
2025/06/02 19:04:59 開始します(7068)
2025/06/02 19:04:59 非実行(7068)
2025/06/02 19:04:59 実行中(7068)
2025/06/02 19:05:00 終了しました(7068)
2025/06/03 19:05:00 開始します(5780)
2025/06/03 19:05:00 非実行(5780)
2025/06/03 19:05:00 実行中(5780)
2025/06/03 19:05:01 終了しました(5780)
2025/06/04 19:04:59 開始します(4044)
2025/06/04 19:04:59 非実行(4044)
2025/06/04 19:04:59 実行中(4044)
2025/06/04 19:05:01 終了しました(4044)
2025/06/05 19:04:59 開始します(2968)
2025/06/05 19:04:59 非実行(2968)
2025/06/05 19:04:59 実行中(2968)
2025/06/05 19:05:00 終了しました(2968)
2025/06/06 19:05:00 開始します(2088)
2025/06/06 19:05:00 非実行(2088)
2025/06/06 19:05:00 実行中(2088)
2025/06/06 19:05:01 終了しました(2088)
2025/06/07 19:04:59 開始します(4644)
2025/06/07 19:04:59 非実行(4644)
2025/06/07 19:04:59 実行中(4644)
2025/06/07 19:05:00 終了しました(4644)
2025/06/08 19:04:59 開始します(5876)
2025/06/08 19:04:59 非実行(5876)
2025/06/08 19:04:59 実行中(5876)
2025/06/08 19:05:00 終了しました(5876)
2025/06/09 19:05:00 開始します(5664)
2025/06/09 19:05:00 非実行(5664)
2025/06/09 19:05:00 実行中(5664)
2025/06/09 19:05:01 終了しました(5664)
2025/06/10 19:04:59 開始します(4808)
2025/06/10 19:04:59 非実行(4808)
2025/06/10 19:04:59 実行中(4808)
2025/06/10 19:05:01 終了しました(4808)
2025/06/11 19:04:59 開始します(5376)
2025/06/11 19:04:59 非実行(5376)
2025/06/11 19:04:59 実行中(5376)
2025/06/11 19:05:00 終了しました(5376)
2025/06/12 19:04:59 開始します(5328)
2025/06/12 19:04:59 非実行(5328)
2025/06/12 19:04:59 実行中(5328)
2025/06/12 19:05:01 終了しました(5328)
2025/06/13 19:04:59 開始します(6704)
2025/06/13 19:04:59 非実行(6704)
2025/06/13 19:04:59 実行中(6704)
2025/06/13 19:05:00 終了しました(6704)
2025/06/14 19:04:59 開始します(2496)
2025/06/14 19:04:59 非実行(2496)
2025/06/14 19:04:59 実行中(2496)
2025/06/14 19:05:00 終了しました(2496)
2025/06/15 19:04:59 開始します(1588)
2025/06/15 19:04:59 非実行(1588)
2025/06/15 19:04:59 実行中(1588)
2025/06/15 19:05:00 終了しました(1588)
2025/06/16 19:04:59 開始します(3704)
2025/06/16 19:04:59 非実行(3704)
2025/06/16 19:04:59 実行中(3704)
2025/06/16 19:05:00 終了しました(3704)
2025/06/17 19:04:58 開始します(6656)
2025/06/17 19:04:58 非実行(6656)
2025/06/17 19:04:58 実行中(6656)
2025/06/17 19:05:00 終了しました(6656)
2025/06/18 19:04:59 開始します(4708)
2025/06/18 19:04:59 非実行(4708)
2025/06/18 19:04:59 実行中(4708)
2025/06/18 19:05:00 終了しました(4708)
2025/06/19 19:04:59 開始します(7092)
2025/06/19 19:04:59 非実行(7092)
2025/06/19 19:04:59 実行中(7092)
2025/06/19 19:05:00 終了しました(7092)
2025/06/20 19:05:00 開始します(6480)
2025/06/20 19:05:00 非実行(6480)
2025/06/20 19:05:00 実行中(6480)
2025/06/20 19:05:01 終了しました(6480)
2025/06/21 19:04:59 開始します(824)
2025/06/21 19:04:59 非実行(824)
2025/06/21 19:04:59 実行中(824)
2025/06/21 19:05:01 終了しました(824)
2025/06/22 19:04:59 開始します(6120)
2025/06/22 19:04:59 非実行(6120)
2025/06/22 19:04:59 実行中(6120)
2025/06/22 19:05:00 終了しました(6120)
2025/06/23 19:04:59 開始します(1152)
2025/06/23 19:04:59 非実行(1152)
2025/06/23 19:04:59 実行中(1152)
2025/06/23 19:05:00 終了しました(1152)
2025/06/24 19:04:58 開始します(1048)
2025/06/24 19:04:58 非実行(1048)
2025/06/24 19:04:58 実行中(1048)
2025/06/24 19:04:59 終了しました(1048)
2025/06/25 19:04:59 開始します(2036)
2025/06/25 19:04:59 非実行(2036)
2025/06/25 19:04:59 実行中(2036)
2025/06/25 19:05:00 終了しました(2036)
2025/06/26 19:04:59 開始します(5176)
2025/06/26 19:04:59 非実行(5176)
2025/06/26 19:04:59 実行中(5176)
2025/06/26 19:05:01 終了しました(5176)
2025/06/27 19:05:00 開始します(7040)
2025/06/27 19:05:00 非実行(7040)
2025/06/27 19:05:00 実行中(7040)
2025/06/27 19:05:01 終了しました(7040)
2025/06/28 19:04:59 開始します(3712)
2025/06/28 19:04:59 非実行(3712)
2025/06/28 19:04:59 実行中(3712)
2025/06/28 19:05:00 終了しました(3712)
2025/06/29 19:04:59 開始します(1120)
2025/06/29 19:04:59 非実行(1120)
2025/06/29 19:04:59 実行中(1120)
2025/06/29 19:05:00 終了しました(1120)
2025/06/30 19:04:59 開始します(5000)
2025/06/30 19:04:59 非実行(5000)
2025/06/30 19:04:59 実行中(5000)
2025/06/30 19:05:00 終了しました(5000)
2025/07/01 19:05:00 開始します(5656)
2025/07/01 19:05:00 非実行(5656)
2025/07/01 19:05:00 実行中(5656)
2025/07/01 19:05:01 終了しました(5656)
2025/07/02 19:04:59 開始します(1224)
2025/07/02 19:04:59 非実行(1224)
2025/07/02 19:04:59 実行中(1224)
2025/07/02 19:05:00 終了しました(1224)
2025/07/03 19:04:59 開始します(2052)
2025/07/03 19:04:59 非実行(2052)
2025/07/03 19:04:59 実行中(2052)
2025/07/03 19:05:01 終了しました(2052)
2025/07/04 19:04:59 開始します(5536)
2025/07/04 19:04:59 非実行(5536)
2025/07/04 19:04:59 実行中(5536)
2025/07/04 19:05:00 終了しました(5536)
2025/07/05 19:04:59 開始します(3260)
2025/07/05 19:04:59 非実行(3260)
2025/07/05 19:04:59 実行中(3260)
2025/07/05 19:05:00 終了しました(3260)
2025/07/06 19:04:59 開始します(3740)
2025/07/06 19:04:59 非実行(3740)
2025/07/06 19:04:59 実行中(3740)
2025/07/06 19:05:00 終了しました(3740)
2025/07/07 19:04:59 開始します(4884)
2025/07/07 19:04:59 非実行(4884)
2025/07/07 19:04:59 実行中(4884)
2025/07/07 19:05:01 終了しました(4884)
2025/07/08 19:04:59 開始します(4996)
2025/07/08 19:04:59 非実行(4996)
2025/07/08 19:04:59 実行中(4996)
2025/07/08 19:05:00 終了しました(4996)
2025/07/09 19:04:59 開始します(2436)
2025/07/09 19:04:59 非実行(2436)
2025/07/09 19:04:59 実行中(2436)
2025/07/09 19:05:00 終了しました(2436)
2025/07/10 19:04:59 開始します(5376)
2025/07/10 19:04:59 非実行(5376)
2025/07/10 19:04:59 実行中(5376)
2025/07/10 19:05:01 終了しました(5376)
2025/07/11 19:04:59 開始します(4408)
2025/07/11 19:04:59 非実行(4408)
2025/07/11 19:04:59 実行中(4408)
2025/07/11 19:05:00 終了しました(4408)
2025/07/12 19:04:59 開始します(6004)
2025/07/12 19:04:59 非実行(6004)
2025/07/12 19:04:59 実行中(6004)
2025/07/12 19:05:00 終了しました(6004)
2025/07/13 19:04:59 開始します(3856)
2025/07/13 19:04:59 非実行(3856)
2025/07/13 19:04:59 実行中(3856)
2025/07/13 19:05:01 終了しました(3856)
2025/07/14 19:04:59 開始します(6868)
2025/07/14 19:04:59 非実行(6868)
2025/07/14 19:04:59 実行中(6868)
2025/07/14 19:05:01 終了しました(6868)
2025/07/15 19:04:59 開始します(6836)
2025/07/15 19:04:59 非実行(6836)
2025/07/15 19:04:59 実行中(6836)
2025/07/15 19:05:00 終了しました(6836)
2025/07/16 19:04:59 開始します(4908)
2025/07/16 19:04:59 非実行(4908)
2025/07/16 19:04:59 実行中(4908)
2025/07/16 19:05:00 終了しました(4908)
2025/07/17 19:04:58 開始します(5884)
2025/07/17 19:04:58 非実行(5884)
2025/07/17 19:04:58 実行中(5884)
2025/07/17 19:04:59 終了しました(5884)
2025/07/18 19:04:59 開始します(1056)
2025/07/18 19:04:59 非実行(1056)
2025/07/18 19:04:59 実行中(1056)
2025/07/18 19:05:00 終了しました(1056)
2025/07/19 19:04:59 開始します(1808)
2025/07/19 19:04:59 非実行(1808)
2025/07/19 19:04:59 実行中(1808)
2025/07/19 19:05:00 終了しました(1808)
2025/07/20 19:04:59 開始します(4136)
2025/07/20 19:04:59 非実行(4136)
2025/07/20 19:04:59 実行中(4136)
2025/07/20 19:05:00 終了しました(4136)
2025/07/21 19:04:59 開始します(1308)
2025/07/21 19:04:59 非実行(1308)
2025/07/21 19:04:59 実行中(1308)
2025/07/21 19:05:00 終了しました(1308)
2025/07/22 19:04:59 開始します(5208)
2025/07/22 19:04:59 非実行(5208)
2025/07/22 19:04:59 実行中(5208)
2025/07/22 19:05:00 終了しました(5208)
2025/07/23 19:04:59 開始します(980)
2025/07/23 19:04:59 非実行(980)
2025/07/23 19:04:59 実行中(980)
2025/07/23 19:05:00 終了しました(980)
2025/07/24 19:04:59 開始します(2000)
2025/07/24 19:04:59 非実行(2000)
2025/07/24 19:04:59 実行中(2000)
2025/07/24 19:05:01 終了しました(2000)
2025/07/25 19:04:59 開始します(4256)
2025/07/25 19:04:59 非実行(4256)
2025/07/25 19:04:59 実行中(4256)
2025/07/25 19:05:00 終了しました(4256)
2025/07/26 19:04:58 開始します(5628)
2025/07/26 19:04:58 非実行(5628)
2025/07/26 19:04:58 実行中(5628)
2025/07/26 19:05:00 終了しました(5628)
2025/07/27 19:04:59 開始します(3476)
2025/07/27 19:04:59 非実行(3476)
2025/07/27 19:04:59 実行中(3476)
2025/07/27 19:05:00 終了しました(3476)
2025/07/28 19:04:59 開始します(6136)
2025/07/28 19:04:59 非実行(6136)
2025/07/28 19:04:59 実行中(6136)
2025/07/28 19:05:01 終了しました(6136)
2025/07/29 19:04:59 開始します(7164)
2025/07/29 19:04:59 非実行(7164)
2025/07/29 19:04:59 実行中(7164)
2025/07/29 19:05:00 終了しました(7164)
2025/07/30 19:04:59 開始します(4920)
2025/07/30 19:04:59 非実行(4920)
2025/07/30 19:04:59 実行中(4920)
2025/07/30 19:05:00 終了しました(4920)
2025/07/31 19:04:59 開始します(3744)
2025/07/31 19:04:59 非実行(3744)
2025/07/31 19:04:59 実行中(3744)
2025/07/31 19:05:00 終了しました(3744)
2025/08/01 19:04:59 開始します(124)
2025/08/01 19:04:59 非実行(124)
2025/08/01 19:04:59 実行中(124)
2025/08/01 19:05:00 終了しました(124)
2025/08/02 19:04:59 開始します(5944)
2025/08/02 19:04:59 非実行(5944)
2025/08/02 19:04:59 実行中(5944)
2025/08/02 19:05:00 終了しました(5944)
2025/08/03 19:04:59 開始します(948)
2025/08/03 19:04:59 非実行(948)
2025/08/03 19:04:59 実行中(948)
2025/08/03 19:05:00 終了しました(948)
2025/08/04 19:05:00 開始します(2388)
2025/08/04 19:05:00 非実行(2388)
2025/08/04 19:05:00 実行中(2388)
2025/08/04 19:05:01 終了しました(2388)
2025/08/05 19:04:58 開始します(6292)
2025/08/05 19:04:58 非実行(6292)
2025/08/05 19:04:58 実行中(6292)
2025/08/05 19:05:00 終了しました(6292)
2025/08/06 19:05:00 開始します(2464)
2025/08/06 19:05:00 非実行(2464)
2025/08/06 19:05:00 実行中(2464)
2025/08/06 19:05:01 終了しました(2464)
2025/08/07 19:04:59 開始します(5356)
2025/08/07 19:04:59 非実行(5356)
2025/08/07 19:04:59 実行中(5356)
2025/08/07 19:05:00 終了しました(5356)
2025/08/08 19:04:59 開始します(5884)
2025/08/08 19:04:59 非実行(5884)
2025/08/08 19:04:59 実行中(5884)
2025/08/08 19:05:00 終了しました(5884)
2025/08/09 19:05:00 開始します(2100)
2025/08/09 19:05:00 非実行(2100)
2025/08/09 19:05:00 実行中(2100)
2025/08/09 19:05:01 終了しました(2100)
2025/08/10 19:04:59 開始します(1912)
2025/08/10 19:04:59 非実行(1912)
2025/08/10 19:04:59 実行中(1912)
2025/08/10 19:05:00 終了しました(1912)
2025/08/11 19:04:59 開始します(5764)
2025/08/11 19:04:59 非実行(5764)
2025/08/11 19:04:59 実行中(5764)
2025/08/11 19:05:00 終了しました(5764)
2025/08/12 19:05:00 開始します(6328)
2025/08/12 19:05:00 非実行(6328)
2025/08/12 19:05:00 実行中(6328)
2025/08/12 19:05:01 終了しました(6328)
2025/08/13 19:04:59 開始します(1060)
2025/08/13 19:04:59 非実行(1060)
2025/08/13 19:04:59 実行中(1060)
2025/08/13 19:05:00 終了しました(1060)
2025/08/14 19:04:59 開始します(5856)
2025/08/14 19:04:59 非実行(5856)
2025/08/14 19:04:59 実行中(5856)
2025/08/14 19:05:00 終了しました(5856)
2025/08/15 19:04:59 開始します(1236)
2025/08/15 19:04:59 非実行(1236)
2025/08/15 19:04:59 実行中(1236)
2025/08/15 19:05:00 終了しました(1236)
2025/08/16 19:04:59 開始します(5576)
2025/08/16 19:04:59 非実行(5576)
2025/08/16 19:04:59 実行中(5576)
2025/08/16 19:05:01 終了しました(5576)
2025/08/17 19:04:59 開始します(1308)
2025/08/17 19:04:59 非実行(1308)
2025/08/17 19:04:59 実行中(1308)
2025/08/17 19:05:00 終了しました(1308)
2025/08/18 19:04:59 開始します(2116)
2025/08/18 19:04:59 非実行(2116)
2025/08/18 19:04:59 実行中(2116)
2025/08/18 19:05:00 終了しました(2116)
2025/08/19 19:04:59 開始します(3916)
2025/08/19 19:04:59 非実行(3916)
2025/08/19 19:04:59 実行中(3916)
2025/08/19 19:05:00 終了しました(3916)
2025/08/20 19:05:00 開始します(4860)
2025/08/20 19:05:00 非実行(4860)
2025/08/20 19:05:00 実行中(4860)
2025/08/20 19:05:01 終了しました(4860)
2025/08/21 19:05:00 開始します(6020)
2025/08/21 19:05:00 非実行(6020)
2025/08/21 19:05:00 実行中(6020)
2025/08/21 19:05:01 終了しました(6020)
2025/08/22 19:04:58 開始します(784)
2025/08/22 19:04:58 非実行(784)
2025/08/22 19:04:58 実行中(784)
2025/08/22 19:05:00 終了しました(784)
2025/08/23 19:04:59 開始します(1236)
2025/08/23 19:04:59 非実行(1236)
2025/08/23 19:04:59 実行中(1236)
2025/08/23 19:05:01 終了しました(1236)
2025/08/24 19:04:59 開始します(2176)
2025/08/24 19:04:59 非実行(2176)
2025/08/24 19:04:59 実行中(2176)
2025/08/24 19:05:00 終了しました(2176)
2025/08/25 19:05:00 開始します(1044)
2025/08/25 19:05:00 非実行(1044)
2025/08/25 19:05:00 実行中(1044)
2025/08/25 19:05:01 終了しました(1044)
2025/08/26 19:04:59 開始します(5656)
2025/08/26 19:04:59 非実行(5656)
2025/08/26 19:04:59 実行中(5656)
2025/08/26 19:05:01 終了しました(5656)
2025/08/27 19:05:00 開始します(2104)
2025/08/27 19:05:00 非実行(2104)
2025/08/27 19:05:00 実行中(2104)
2025/08/27 19:05:01 終了しました(2104)
2025/08/28 19:04:59 開始します(4080)
2025/08/28 19:04:59 非実行(4080)
2025/08/28 19:04:59 実行中(4080)
2025/08/28 19:05:00 終了しました(4080)
2025/08/29 19:04:59 開始します(5672)
2025/08/29 19:04:59 非実行(5672)
2025/08/29 19:04:59 実行中(5672)
2025/08/29 19:05:00 終了しました(5672)
2025/08/30 19:04:59 開始します(2920)
2025/08/30 19:04:59 非実行(2920)
2025/08/30 19:04:59 実行中(2920)
2025/08/30 19:05:00 終了しました(2920)
2025/08/31 19:04:59 開始します(5620)
2025/08/31 19:04:59 非実行(5620)
2025/08/31 19:04:59 実行中(5620)
2025/08/31 19:05:00 終了しました(5620)
2025/09/01 19:05:00 開始します(5960)
2025/09/01 19:05:00 非実行(5960)
2025/09/01 19:05:00 実行中(5960)
2025/09/01 19:05:01 終了しました(5960)
2025/09/02 19:04:58 開始します(5936)
2025/09/02 19:04:58 非実行(5936)
2025/09/02 19:04:58 実行中(5936)
2025/09/02 19:05:00 終了しました(5936)
2025/09/03 19:04:59 開始します(5444)
2025/09/03 19:04:59 非実行(5444)
2025/09/03 19:04:59 実行中(5444)
2025/09/03 19:05:00 終了しました(5444)
2025/09/04 19:04:59 開始します(5000)
2025/09/04 19:04:59 非実行(5000)
2025/09/04 19:04:59 実行中(5000)
2025/09/04 19:05:00 終了しました(5000)
2025/09/05 19:04:59 開始します(1456)
2025/09/05 19:04:59 非実行(1456)
2025/09/05 19:04:59 実行中(1456)
2025/09/05 19:05:00 終了しました(1456)
2025/09/06 19:04:59 開始します(5304)
2025/09/06 19:04:59 非実行(5304)
2025/09/06 19:04:59 実行中(5304)
2025/09/06 19:05:00 終了しました(5304)
2025/09/07 19:04:59 開始します(2500)
2025/09/07 19:04:59 非実行(2500)
2025/09/07 19:04:59 実行中(2500)
2025/09/07 19:05:00 終了しました(2500)
2025/09/08 19:05:00 開始します(2096)
2025/09/08 19:05:00 非実行(2096)
2025/09/08 19:05:00 実行中(2096)
2025/09/08 19:05:01 終了しました(2096)
2025/09/09 19:04:59 開始します(1836)
2025/09/09 19:04:59 非実行(1836)
2025/09/09 19:04:59 実行中(1836)
2025/09/09 19:05:00 終了しました(1836)
2025/09/10 19:04:59 開始します(6004)
2025/09/10 19:04:59 非実行(6004)
2025/09/10 19:04:59 実行中(6004)
2025/09/10 19:05:00 終了しました(6004)
2025/09/11 19:04:59 開始します(596)
2025/09/11 19:04:59 非実行(596)
2025/09/11 19:04:59 実行中(596)
2025/09/11 19:05:00 終了しました(596)
2025/09/12 19:05:00 開始します(6700)
2025/09/12 19:05:00 非実行(6700)
2025/09/12 19:05:00 実行中(6700)
2025/09/12 19:05:01 終了しました(6700)
2025/09/13 19:05:00 開始します(3320)
2025/09/13 19:05:00 非実行(3320)
2025/09/13 19:05:00 実行中(3320)
2025/09/13 19:05:01 終了しました(3320)
2025/09/14 19:04:59 開始します(5772)
2025/09/14 19:04:59 非実行(5772)
2025/09/14 19:04:59 実行中(5772)
2025/09/14 19:05:01 終了しました(5772)
2025/09/15 19:05:00 開始します(984)
2025/09/15 19:05:00 非実行(984)
2025/09/15 19:05:00 実行中(984)
2025/09/15 19:05:01 終了しました(984)
2025/09/16 19:05:00 開始します(5716)
2025/09/16 19:05:00 非実行(5716)
2025/09/16 19:05:00 実行中(5716)
2025/09/16 19:05:01 終了しました(5716)
2025/09/17 19:05:00 開始します(6068)
2025/09/17 19:05:00 非実行(6068)
2025/09/17 19:05:00 実行中(6068)
2025/09/17 19:05:01 終了しました(6068)
2025/09/18 19:05:00 開始します(7056)
2025/09/18 19:05:00 非実行(7056)
2025/09/18 19:05:00 実行中(7056)
2025/09/18 19:05:01 終了しました(7056)
2025/09/19 19:04:59 開始します(224)
2025/09/19 19:04:59 非実行(224)
2025/09/19 19:04:59 実行中(224)
2025/09/19 19:05:00 終了しました(224)
2025/09/20 19:04:59 開始します(5844)
2025/09/20 19:04:59 非実行(5844)
2025/09/20 19:04:59 実行中(5844)
2025/09/20 19:05:00 終了しました(5844)
2025/09/21 19:04:59 開始します(1976)
2025/09/21 19:04:59 非実行(1976)
2025/09/21 19:04:59 実行中(1976)
2025/09/21 19:05:00 終了しました(1976)
2025/09/22 19:04:59 開始します(1168)
2025/09/22 19:04:59 非実行(1168)
2025/09/22 19:04:59 実行中(1168)
2025/09/22 19:05:00 終了しました(1168)
2025/09/23 19:04:59 開始します(6012)
2025/09/23 19:04:59 非実行(6012)
2025/09/23 19:04:59 実行中(6012)
2025/09/23 19:05:01 終了しました(6012)
2025/09/24 19:04:59 開始します(1468)
2025/09/24 19:04:59 非実行(1468)
2025/09/24 19:04:59 実行中(1468)
2025/09/24 19:05:00 終了しました(1468)
2025/09/25 19:04:59 開始します(5220)
2025/09/25 19:04:59 非実行(5220)
2025/09/25 19:04:59 実行中(5220)
2025/09/25 19:05:01 終了しました(5220)
2025/09/26 19:04:59 開始します(876)
2025/09/26 19:04:59 非実行(876)
2025/09/26 19:04:59 実行中(876)
2025/09/26 19:05:00 終了しました(876)
2025/09/27 19:04:58 開始します(1476)
2025/09/27 19:04:58 非実行(1476)
2025/09/27 19:04:58 実行中(1476)
2025/09/27 19:05:00 終了しました(1476)
2025/09/28 19:04:59 開始します(3400)
2025/09/28 19:04:59 非実行(3400)
2025/09/28 19:04:59 実行中(3400)
2025/09/28 19:05:00 終了しました(3400)
2025/09/29 19:04:58 開始します(6348)
2025/09/29 19:04:58 非実行(6348)
2025/09/29 19:04:58 実行中(6348)
2025/09/29 19:05:00 終了しました(6348)
2025/09/30 19:04:59 開始します(5016)
2025/09/30 19:04:59 非実行(5016)
2025/09/30 19:04:59 実行中(5016)
2025/09/30 19:05:00 終了しました(5016)
2025/10/01 19:04:58 開始します(5492)
2025/10/01 19:04:58 非実行(5492)
2025/10/01 19:04:58 実行中(5492)
2025/10/01 19:05:00 終了しました(5492)
2025/10/02 19:04:58 開始します(1208)
2025/10/02 19:04:58 非実行(1208)
2025/10/02 19:04:58 実行中(1208)
2025/10/02 19:05:00 終了しました(1208)
2025/10/03 19:04:59 開始します(5876)
2025/10/03 19:04:59 非実行(5876)
2025/10/03 19:04:59 実行中(5876)
2025/10/03 19:05:01 終了しました(5876)
2025/10/04 19:04:59 開始します(5348)
2025/10/04 19:04:59 非実行(5348)
2025/10/04 19:04:59 実行中(5348)
2025/10/04 19:05:00 終了しました(5348)
2025/10/05 19:05:00 開始します(3648)
2025/10/05 19:05:00 非実行(3648)
2025/10/05 19:05:00 実行中(3648)
2025/10/05 19:05:01 終了しました(3648)
2025/10/06 19:04:59 開始します(984)
2025/10/06 19:04:59 非実行(984)
2025/10/06 19:04:59 実行中(984)
2025/10/06 19:05:00 終了しました(984)
2025/10/07 19:04:59 開始します(3264)
2025/10/07 19:04:59 非実行(3264)
2025/10/07 19:04:59 実行中(3264)
2025/10/07 19:05:01 終了しました(3264)
2025/10/08 19:04:59 開始します(504)
2025/10/08 19:04:59 非実行(504)
2025/10/08 19:04:59 実行中(504)
2025/10/08 19:05:00 終了しました(504)
2025/10/09 19:04:59 開始します(5852)
2025/10/09 19:04:59 非実行(5852)
2025/10/09 19:04:59 実行中(5852)
2025/10/09 19:05:00 終了しました(5852)
2025/10/10 19:04:59 開始します(2156)
2025/10/10 19:04:59 非実行(2156)
2025/10/10 19:04:59 実行中(2156)
2025/10/10 19:05:00 終了しました(2156)
2025/10/11 19:04:59 開始します(4664)
2025/10/11 19:04:59 非実行(4664)
2025/10/11 19:04:59 実行中(4664)
2025/10/11 19:05:00 終了しました(4664)
2025/10/12 19:05:00 開始します(2092)
2025/10/12 19:05:00 非実行(2092)
2025/10/12 19:05:00 実行中(2092)
2025/10/12 19:05:01 終了しました(2092)
2025/10/13 19:05:00 開始します(6120)
2025/10/13 19:05:00 非実行(6120)
2025/10/13 19:05:00 実行中(6120)
2025/10/13 19:05:01 終了しました(6120)
2025/10/14 19:04:59 開始します(4760)
2025/10/14 19:04:59 非実行(4760)
2025/10/14 19:04:59 実行中(4760)
2025/10/14 19:05:00 終了しました(4760)
2025/10/15 19:05:00 開始します(6072)
2025/10/15 19:05:00 非実行(6072)
2025/10/15 19:05:00 実行中(6072)
2025/10/15 19:05:01 終了しました(6072)
2025/10/16 19:04:59 開始します(6052)
2025/10/16 19:04:59 非実行(6052)
2025/10/16 19:04:59 実行中(6052)
2025/10/16 19:05:01 終了しました(6052)
2025/10/17 19:04:59 開始します(2316)
2025/10/17 19:04:59 非実行(2316)
2025/10/17 19:04:59 実行中(2316)
2025/10/17 19:05:00 終了しました(2316)
2025/10/18 19:05:00 開始します(5264)
2025/10/18 19:05:00 非実行(5264)
2025/10/18 19:05:00 実行中(5264)
2025/10/18 19:05:01 終了しました(5264)
2025/10/19 19:04:59 開始します(5612)
2025/10/19 19:04:59 非実行(5612)
2025/10/19 19:04:59 実行中(5612)
2025/10/19 19:05:01 終了しました(5612)
2025/10/20 19:04:59 開始します(7148)
2025/10/20 19:04:59 非実行(7148)
2025/10/20 19:04:59 実行中(7148)
2025/10/20 19:05:01 終了しました(7148)
2025/10/21 19:04:58 開始します(5088)
2025/10/21 19:04:58 非実行(5088)
2025/10/21 19:04:58 実行中(5088)
2025/10/21 19:04:59 終了しました(5088)
2025/10/22 19:04:59 開始します(7316)
2025/10/22 19:04:59 非実行(7316)
2025/10/22 19:04:59 実行中(7316)
2025/10/22 19:05:00 終了しました(7316)
2025/10/23 19:04:58 開始します(3700)
2025/10/23 19:04:58 非実行(3700)
2025/10/23 19:04:58 実行中(3700)
2025/10/23 19:04:59 終了しました(3700)
2025/10/24 19:04:57 開始します(6064)
2025/10/24 19:04:57 非実行(6064)
2025/10/24 19:04:57 実行中(6064)
2025/10/24 19:04:59 終了しました(6064)
2025/10/25 19:04:56 開始します(2316)
2025/10/25 19:04:56 非実行(2316)
2025/10/25 19:04:56 実行中(2316)
2025/10/25 19:04:58 終了しました(2316)
2025/10/26 19:04:56 開始します(4124)
2025/10/26 19:04:56 非実行(4124)
2025/10/26 19:04:56 実行中(4124)
2025/10/26 19:04:58 終了しました(4124)
2025/10/27 19:04:56 開始します(4524)
2025/10/27 19:04:56 非実行(4524)
2025/10/27 19:04:56 実行中(4524)
2025/10/27 19:04:57 終了しました(4524)
