2019/06/25 19:46:13 開始します(10564)
2019/06/25 19:46:13 非実行(10564)
2019/06/25 19:46:13 実行中(10564)
2019/06/25 19:46:15 終了しました(10564)
2019/06/27 00:30:47 開始します(2668)
2019/06/27 00:30:47 非実行(2668)
2019/06/27 00:30:47 実行中(2668)
2019/06/27 00:30:50 終了しました(2668)
2019/06/27 19:57:28 開始します(4644)
2019/06/27 19:57:28 非実行(4644)
2019/06/27 19:57:28 実行中(4644)
2019/06/27 19:57:30 終了しました(4644)
2019/06/28 19:17:20 開始します(220)
2019/06/28 19:17:20 非実行(220)
2019/06/28 19:17:20 実行中(220)
2019/06/28 19:17:22 終了しました(220)
2019/07/04 14:20:38 開始します(8588)
2019/07/04 14:20:38 非実行(8588)
2019/07/04 14:20:38 実行中(8588)
2019/07/04 14:20:40 終了しました(8588)
2019/07/09 20:27:15 開始します(7188)
2019/07/09 20:27:15 非実行(7188)
2019/07/09 20:27:15 実行中(7188)
2019/07/09 20:27:18 終了しました(7188)
2019/07/11 02:01:29 開始します(11608)
2019/07/11 02:01:29 非実行(11608)
2019/07/11 02:01:29 実行中(11608)
2019/07/11 02:01:32 終了しました(11608)
2019/07/22 20:44:04 開始します(10172)
2019/07/22 20:44:04 非実行(10172)
2019/07/22 20:44:04 実行中(10172)
2019/07/22 20:44:06 終了しました(10172)
2019/07/23 15:42:34 開始します(11276)
2019/07/23 15:42:34 非実行(11276)
2019/07/23 15:42:34 実行中(11276)
2019/07/23 15:42:37 終了しました(11276)
2019/07/24 21:07:42 開始します(12008)
2019/07/24 21:07:42 非実行(12008)
2019/07/24 21:07:42 実行中(12008)
2019/07/24 21:07:45 終了しました(12008)
2019/07/25 17:19:22 開始します(3948)
2019/07/25 17:19:22 非実行(3948)
2019/07/25 17:19:22 実行中(3948)
2019/07/25 17:19:25 終了しました(3948)
2019/07/27 03:58:40 開始します(8432)
2019/07/27 03:58:40 非実行(8432)
2019/07/27 03:58:40 実行中(8432)
2019/07/27 03:58:43 終了しました(8432)
2019/07/29 17:44:26 開始します(9276)
2019/07/29 17:44:26 非実行(9276)
2019/07/29 17:44:26 実行中(9276)
2019/07/29 17:44:29 終了しました(9276)
2019/07/30 20:56:21 開始します(8108)
2019/07/30 20:56:21 非実行(8108)
2019/07/30 20:56:21 実行中(8108)
2019/07/30 20:56:23 終了しました(8108)
2019/07/31 23:39:10 開始します(4892)
2019/07/31 23:39:10 非実行(4892)
2019/07/31 23:39:10 実行中(4892)
2019/07/31 23:39:13 終了しました(4892)
2019/08/07 19:27:07 開始します(6640)
2019/08/07 19:27:07 非実行(6640)
2019/08/07 19:27:07 実行中(6640)
2019/08/07 19:27:09 終了しました(6640)
2019/08/08 19:49:33 開始します(6000)
2019/08/08 19:49:33 非実行(6000)
2019/08/08 19:49:33 実行中(6000)
2019/08/08 19:49:36 終了しました(6000)
2019/08/09 17:21:35 開始します(10960)
2019/08/09 17:21:35 非実行(10960)
2019/08/09 17:21:35 実行中(10960)
2019/08/09 17:21:37 終了しました(10960)
2019/08/14 19:30:51 開始します(11784)
2019/08/14 19:30:51 非実行(11784)
2019/08/14 19:30:51 実行中(11784)
2019/08/14 19:30:54 終了しました(11784)
2019/08/15 20:12:46 開始します(3932)
2019/08/15 20:12:46 非実行(3932)
2019/08/15 20:12:46 実行中(3932)
2019/08/15 20:12:48 終了しました(3932)
2019/08/16 16:59:16 開始します(7812)
2019/08/16 16:59:16 非実行(7812)
2019/08/16 16:59:16 実行中(7812)
2019/08/16 16:59:19 終了しました(7812)
2019/08/19 19:26:41 開始します(11744)
2019/08/19 19:26:41 非実行(11744)
2019/08/19 19:26:41 実行中(11744)
2019/08/19 19:26:44 終了しました(11744)
2019/08/20 19:33:53 開始します(9196)
2019/08/20 19:33:53 非実行(9196)
2019/08/20 19:33:53 実行中(9196)
2019/08/20 19:33:55 終了しました(9196)
2019/08/21 18:31:16 開始します(12024)
2019/08/21 18:31:16 非実行(12024)
2019/08/21 18:31:16 実行中(12024)
2019/08/21 18:31:19 終了しました(12024)
2019/08/22 18:45:05 開始します(8236)
2019/08/22 18:45:05 非実行(8236)
2019/08/22 18:45:05 実行中(8236)
2019/08/22 18:45:07 終了しました(8236)
2019/08/26 18:31:11 開始します(4368)
2019/08/26 18:31:11 非実行(4368)
2019/08/26 18:31:11 実行中(4368)
2019/08/26 18:31:14 終了しました(4368)
2019/08/28 17:49:01 開始します(9576)
2019/08/28 17:49:01 非実行(9576)
2019/08/28 17:49:01 実行中(9576)
2019/08/28 17:49:04 終了しました(9576)
2019/09/02 17:54:18 開始します(11992)
2019/09/02 17:54:18 非実行(11992)
2019/09/02 17:54:18 実行中(11992)
2019/09/02 17:54:21 終了しました(11992)
2019/09/04 18:01:34 開始します(12004)
2019/09/04 18:01:34 非実行(12004)
2019/09/04 18:01:34 実行中(12004)
2019/09/04 18:01:36 終了しました(12004)
2019/09/05 20:08:07 開始します(5900)
2019/09/05 20:08:07 非実行(5900)
2019/09/05 20:08:07 実行中(5900)
2019/09/05 20:08:09 終了しました(5900)
2019/09/12 00:16:12 開始します(8476)
2019/09/12 00:16:12 非実行(8476)
2019/09/12 00:16:12 実行中(8476)
2019/09/12 00:16:15 終了しました(8476)
2019/09/13 01:26:46 開始します(3024)
2019/09/13 01:26:46 非実行(3024)
2019/09/13 01:26:46 実行中(3024)
2019/09/13 01:26:49 終了しました(3024)
2019/10/05 01:55:33 開始します(6892)
2019/10/05 01:55:33 非実行(6892)
2019/10/05 01:55:33 実行中(6892)
2019/10/05 01:55:35 終了しました(6892)
2019/10/23 16:40:18 開始します(6856)
2019/10/23 16:40:18 非実行(6856)
2019/10/23 16:40:18 実行中(6856)
2019/10/23 16:40:21 終了しました(6856)
2019/10/24 11:46:07 開始します(11584)
2019/10/24 11:46:07 非実行(11584)
2019/10/24 11:46:07 実行中(11584)
2019/10/24 11:46:10 終了しました(11584)
2019/10/28 23:58:55 開始します(7456)
2019/10/28 23:58:55 非実行(7456)
2019/10/28 23:58:55 実行中(7456)
2019/10/28 23:58:57 終了しました(7456)
2019/11/01 16:21:02 開始します(9472)
2019/11/01 16:21:02 非実行(9472)
2019/11/01 16:21:02 実行中(9472)
2019/11/01 16:21:05 終了しました(9472)
2019/11/05 18:39:42 開始します(7612)
2019/11/05 18:39:42 非実行(7612)
2019/11/05 18:39:42 実行中(7612)
2019/11/05 18:39:45 終了しました(7612)
2019/11/06 21:56:55 開始します(4476)
2019/11/06 21:56:55 非実行(4476)
2019/11/06 21:56:55 実行中(4476)
2019/11/06 21:56:58 終了しました(4476)
2019/11/07 17:30:33 開始します(12752)
2019/11/07 17:30:33 非実行(12752)
2019/11/07 17:30:33 実行中(12752)
2019/11/07 17:30:35 終了しました(12752)
2019/11/08 18:03:08 開始します(6856)
2019/11/08 18:03:08 非実行(6856)
2019/11/08 18:03:08 実行中(6856)
2019/11/08 18:03:11 終了しました(6856)
2019/11/11 17:44:06 開始します(6748)
2019/11/11 17:44:06 非実行(6748)
2019/11/11 17:44:06 実行中(6748)
2019/11/11 17:44:09 終了しました(6748)
2019/11/12 18:57:55 開始します(12668)
2019/11/12 18:57:55 非実行(12668)
2019/11/12 18:57:55 実行中(12668)
2019/11/12 18:57:58 終了しました(12668)
2019/11/13 16:30:26 開始します(10444)
2019/11/13 16:30:26 非実行(10444)
2019/11/13 16:30:26 実行中(10444)
2019/11/13 16:30:29 終了しました(10444)
2019/11/14 20:01:57 開始します(10256)
2019/11/14 20:01:57 非実行(10256)
2019/11/14 20:01:57 実行中(10256)
2019/11/14 20:01:59 終了しました(10256)
2019/11/15 19:50:46 開始します(6264)
2019/11/15 19:50:46 非実行(6264)
2019/11/15 19:50:46 実行中(6264)
2019/11/15 19:50:48 終了しました(6264)
2019/11/18 19:01:18 開始します(12404)
2019/11/18 19:01:18 非実行(12404)
2019/11/18 19:01:18 実行中(12404)
2019/11/18 19:01:20 終了しました(12404)
2019/11/20 02:34:05 開始します(8168)
2019/11/20 02:34:05 非実行(8168)
2019/11/20 02:34:05 実行中(8168)
2019/11/20 02:34:07 終了しました(8168)
2019/11/21 01:57:18 開始します(7424)
2019/11/21 01:57:18 非実行(7424)
2019/11/21 01:57:18 実行中(7424)
2019/11/21 01:57:21 終了しました(7424)
2019/11/21 18:39:32 開始します(11432)
2019/11/21 18:39:32 非実行(11432)
2019/11/21 18:39:32 実行中(11432)
2019/11/21 18:39:35 終了しました(11432)
2019/11/23 00:03:16 開始します(5636)
2019/11/23 00:03:16 非実行(5636)
2019/11/23 00:03:16 実行中(5636)
2019/11/23 00:03:19 終了しました(5636)
2019/11/25 18:36:59 開始します(5660)
2019/11/25 18:36:59 非実行(5660)
2019/11/25 18:36:59 実行中(5660)
2019/11/25 18:37:02 終了しました(5660)
2019/11/28 18:10:42 開始します(5756)
2019/11/28 18:10:42 非実行(5756)
2019/11/28 18:10:42 実行中(5756)
2019/11/28 18:10:45 終了しました(5756)
2019/11/29 18:33:27 開始します(8104)
2019/11/29 18:33:27 非実行(8104)
2019/11/29 18:33:27 実行中(8104)
2019/11/29 18:33:29 終了しました(8104)
2019/12/03 01:52:06 開始します(12092)
2019/12/03 01:52:06 非実行(12092)
2019/12/03 01:52:06 実行中(12092)
2019/12/03 01:52:08 終了しました(12092)
2019/12/23 21:42:19 開始します(7156)
2019/12/23 21:42:19 非実行(7156)
2019/12/23 21:42:19 実行中(7156)
2019/12/23 21:42:22 終了しました(7156)
2019/12/26 22:24:56 開始します(7720)
2019/12/26 22:24:56 非実行(7720)
2019/12/26 22:24:56 実行中(7720)
2019/12/26 22:24:59 終了しました(7720)
2020/02/28 13:45:45 開始します(7228)
2020/02/28 13:45:45 非実行(7228)
2020/02/28 13:45:45 実行中(7228)
2020/02/28 13:45:47 終了しました(7228)
2020/03/04 17:43:37 開始します(128)
2020/03/04 17:43:37 非実行(128)
2020/03/04 17:43:37 実行中(128)
2020/03/04 17:43:39 終了しました(128)
2020/03/05 19:11:14 開始します(8168)
2020/03/05 19:11:14 非実行(8168)
2020/03/05 19:11:14 実行中(8168)
2020/03/05 19:11:17 終了しました(8168)
2020/03/07 03:14:05 開始します(5340)
2020/03/07 03:14:05 非実行(5340)
2020/03/07 03:14:05 実行中(5340)
2020/03/07 03:14:07 終了しました(5340)
2020/03/19 03:14:50 開始します(4388)
2020/03/19 03:14:50 非実行(4388)
2020/03/19 03:14:50 実行中(4388)
2020/03/19 03:14:53 終了しました(4388)
2020/03/19 13:32:24 開始します(8100)
2020/03/19 13:32:24 非実行(8100)
2020/03/19 13:32:24 実行中(8100)
2020/03/19 13:32:27 終了しました(8100)
2020/03/23 18:09:29 開始します(1816)
2020/03/23 18:09:29 非実行(1816)
2020/03/23 18:09:29 実行中(1816)
2020/03/23 18:09:32 終了しました(1816)
2020/04/28 01:23:10 開始します(6980)
2020/04/28 01:23:10 非実行(6980)
2020/04/28 01:23:10 実行中(6980)
2020/04/28 01:23:13 終了しました(6980)
2020/06/03 17:13:16 開始します(8676)
2020/06/03 17:13:16 非実行(8676)
2020/06/03 17:13:16 実行中(8676)
2020/06/03 17:13:18 終了しました(8676)
2020/06/15 16:26:07 開始します(4916)
2020/06/15 16:26:07 非実行(4916)
2020/06/15 16:26:07 実行中(4916)
2020/06/15 16:26:09 終了しました(4916)
2020/06/19 03:20:55 開始します(4772)
2020/06/19 03:20:55 非実行(4772)
2020/06/19 03:20:55 実行中(4772)
2020/06/19 03:20:57 終了しました(4772)
2020/06/23 09:55:52 開始します(2080)
2020/06/23 09:55:52 非実行(2080)
2020/06/23 09:55:52 実行中(2080)
2020/06/23 09:55:55 終了しました(2080)
2020/07/09 12:57:33 開始します(1968)
2020/07/09 12:57:33 非実行(1968)
2020/07/09 12:57:33 実行中(1968)
2020/07/09 12:57:36 終了しました(1968)
2020/07/20 15:23:06 開始します(7624)
2020/07/20 15:23:06 非実行(7624)
2020/07/20 15:23:06 実行中(7624)
2020/07/20 15:23:08 終了しました(7624)
2020/07/29 16:29:10 開始します(5848)
2020/07/29 16:29:10 非実行(5848)
2020/07/29 16:29:10 実行中(5848)
2020/07/29 16:29:13 終了しました(5848)
2020/07/29 17:22:52 開始します(6436)
2020/07/29 17:22:52 非実行(6436)
2020/07/29 17:22:52 実行中(6436)
2020/07/29 17:22:55 終了しました(6436)
2020/07/30 14:21:25 開始します(4552)
2020/07/30 14:21:25 非実行(4552)
2020/07/30 14:21:25 実行中(4552)
2020/07/30 14:21:28 終了しました(4552)
2020/08/03 15:47:24 開始します(6588)
2020/08/03 15:47:24 非実行(6588)
2020/08/03 15:47:24 実行中(6588)
2020/08/03 15:47:26 終了しました(6588)
2020/08/05 09:31:17 開始します(6272)
2020/08/05 09:31:17 非実行(6272)
2020/08/05 09:31:17 実行中(6272)
2020/08/05 09:31:20 終了しました(6272)
2020/08/05 15:33:20 開始します(3992)
2020/08/05 15:33:20 非実行(3992)
2020/08/05 15:33:20 実行中(3992)
2020/08/05 15:33:23 終了しました(3992)
2020/08/07 15:49:48 開始します(7272)
2020/08/07 15:49:48 非実行(7272)
2020/08/07 15:49:48 実行中(7272)
2020/08/07 15:49:50 終了しました(7272)
2020/08/20 12:08:09 開始します(4408)
2020/08/20 12:08:09 非実行(4408)
2020/08/20 12:08:09 実行中(4408)
2020/08/20 12:08:12 終了しました(4408)
2020/08/20 18:58:50 開始します(5676)
2020/08/20 18:58:50 非実行(5676)
2020/08/20 18:58:50 実行中(5676)
2020/08/20 18:58:52 終了しました(5676)
2020/08/24 10:00:26 開始します(5360)
2020/08/24 10:00:26 非実行(5360)
2020/08/24 10:00:26 実行中(5360)
2020/08/24 10:00:28 終了しました(5360)
2020/08/25 12:00:13 開始します(5812)
2020/08/25 12:00:13 非実行(5812)
2020/08/25 12:00:13 実行中(5812)
2020/08/25 12:00:16 終了しました(5812)
2020/08/26 14:12:51 開始します(1048)
2020/08/26 14:12:51 非実行(1048)
2020/08/26 14:12:51 実行中(1048)
2020/08/26 14:12:53 終了しました(1048)
2020/08/31 19:57:12 開始します(5588)
2020/08/31 19:57:12 非実行(5588)
2020/08/31 19:57:12 実行中(5588)
2020/08/31 19:57:14 終了しました(5588)
2020/09/01 21:15:16 開始します(8024)
2020/09/01 21:15:16 非実行(8024)
2020/09/01 21:15:16 実行中(8024)
2020/09/01 21:15:18 終了しました(8024)
2020/09/03 19:59:07 開始します(5696)
2020/09/03 19:59:07 非実行(5696)
2020/09/03 19:59:07 実行中(5696)
2020/09/03 19:59:09 終了しました(5696)
2020/09/04 12:33:47 開始します(4664)
2020/09/04 12:33:47 非実行(4664)
2020/09/04 12:33:47 実行中(4664)
2020/09/04 12:33:50 終了しました(4664)
2020/09/09 16:22:59 開始します(5380)
2020/09/09 16:22:59 非実行(5380)
2020/09/09 16:22:59 実行中(5380)
2020/09/09 16:23:02 終了しました(5380)
2020/09/14 11:14:28 開始します(4844)
2020/09/14 11:14:28 非実行(4844)
2020/09/14 11:14:28 実行中(4844)
2020/09/14 11:14:31 終了しました(4844)
2020/09/16 10:36:55 開始します(7620)
2020/09/16 10:36:55 非実行(7620)
2020/09/16 10:36:55 実行中(7620)
2020/09/16 10:36:58 終了しました(7620)
2020/09/25 09:57:59 開始します(5580)
2020/09/25 09:57:59 非実行(5580)
2020/09/25 09:57:59 実行中(5580)
2020/09/25 09:58:01 終了しました(5580)
2020/09/25 14:34:59 開始します(3952)
2020/09/25 14:34:59 非実行(3952)
2020/09/25 14:34:59 実行中(3952)
2020/09/25 14:35:01 終了しました(3952)
2020/09/29 13:58:48 開始します(1952)
2020/09/29 13:58:48 非実行(1952)
2020/09/29 13:58:48 実行中(1952)
2020/09/29 13:58:51 終了しました(1952)
2020/09/30 14:30:51 開始します(1340)
2020/09/30 14:30:51 非実行(1340)
2020/09/30 14:30:51 実行中(1340)
2020/09/30 14:30:53 終了しました(1340)
2020/10/01 15:30:44 開始します(7036)
2020/10/01 15:30:44 非実行(7036)
2020/10/01 15:30:44 実行中(7036)
2020/10/01 15:30:47 終了しました(7036)
2020/10/07 21:39:36 開始します(2868)
2020/10/07 21:39:36 非実行(2868)
2020/10/07 21:39:36 実行中(2868)
2020/10/07 21:39:39 終了しました(2868)
2020/10/14 11:54:43 開始します(8460)
2020/10/14 11:54:43 非実行(8460)
2020/10/14 11:54:43 実行中(8460)
2020/10/14 11:54:46 終了しました(8460)
2020/10/19 13:54:08 開始します(5652)
2020/10/19 13:54:08 非実行(5652)
2020/10/19 13:54:08 実行中(5652)
2020/10/19 13:54:11 終了しました(5652)
2020/10/23 18:31:46 開始します(8412)
2020/10/23 18:31:46 非実行(8412)
2020/10/23 18:31:46 実行中(8412)
2020/10/23 18:31:48 終了しました(8412)
2020/11/11 16:08:00 開始します(8852)
2020/11/11 16:08:00 非実行(8852)
2020/11/11 16:08:00 実行中(8852)
2020/11/11 16:08:03 終了しました(8852)
2020/11/12 16:56:04 開始します(5832)
2020/11/12 16:56:04 非実行(5832)
2020/11/12 16:56:04 実行中(5832)
2020/11/12 16:56:06 終了しました(5832)
2020/11/13 18:55:25 開始します(7364)
2020/11/13 18:55:25 非実行(7364)
2020/11/13 18:55:25 実行中(7364)
2020/11/13 18:55:27 終了しました(7364)
2020/11/16 16:54:28 開始します(10176)
2020/11/16 16:54:28 非実行(10176)
2020/11/16 16:54:28 実行中(10176)
2020/11/16 16:54:31 終了しました(10176)
2020/11/17 17:25:01 開始します(3564)
2020/11/17 17:25:01 非実行(3564)
2020/11/17 17:25:01 実行中(3564)
2020/11/17 17:25:03 終了しました(3564)
2020/11/19 16:16:32 開始します(5324)
2020/11/19 16:16:32 非実行(5324)
2020/11/19 16:16:32 実行中(5324)
2020/11/19 16:16:34 終了しました(5324)
2020/11/20 17:45:37 開始します(4776)
2020/11/20 17:45:37 非実行(4776)
2020/11/20 17:45:37 実行中(4776)
2020/11/20 17:45:39 終了しました(4776)
2020/11/24 14:57:55 開始します(8584)
2020/11/24 14:57:55 非実行(8584)
2020/11/24 14:57:55 実行中(8584)
2020/11/24 14:57:58 終了しました(8584)
2020/11/25 17:40:19 開始します(8220)
2020/11/25 17:40:19 非実行(8220)
2020/11/25 17:40:19 実行中(8220)
2020/11/25 17:40:21 終了しました(8220)
2020/11/26 16:50:55 開始します(8432)
2020/11/26 16:50:55 非実行(8432)
2020/11/26 16:50:55 実行中(8432)
2020/11/26 16:50:58 終了しました(8432)
2020/11/27 16:45:38 開始します(5612)
2020/11/27 16:45:38 非実行(5612)
2020/11/27 16:45:38 実行中(5612)
2020/11/27 16:45:41 終了しました(5612)
2020/12/01 17:03:05 開始します(4464)
2020/12/01 17:03:05 非実行(4464)
2020/12/01 17:03:05 実行中(4464)
2020/12/01 17:03:07 終了しました(4464)
2020/12/02 14:51:35 開始します(9736)
2020/12/02 14:51:35 非実行(9736)
2020/12/02 14:51:35 実行中(9736)
2020/12/02 14:51:37 終了しました(9736)
2020/12/03 15:40:37 開始します(616)
2020/12/03 15:40:37 非実行(616)
2020/12/03 15:40:37 実行中(616)
2020/12/03 15:40:40 終了しました(616)
2020/12/10 17:29:50 開始します(5164)
2020/12/10 17:29:50 非実行(5164)
2020/12/10 17:29:50 実行中(5164)
2020/12/10 17:29:52 終了しました(5164)
2021/01/12 17:06:43 開始します(8516)
2021/01/12 17:06:43 非実行(8516)
2021/01/12 17:06:43 実行中(8516)
2021/01/12 17:06:46 終了しました(8516)
2021/01/15 09:35:16 開始します(4032)
2021/01/15 09:35:16 非実行(4032)
2021/01/15 09:35:16 実行中(4032)
2021/01/15 09:35:19 終了しました(4032)
2021/01/18 09:31:31 開始します(5452)
2021/01/18 09:31:31 非実行(5452)
2021/01/18 09:31:31 実行中(5452)
2021/01/18 09:31:34 終了しました(5452)
2021/01/19 10:19:13 開始します(8528)
2021/01/19 10:19:13 非実行(8528)
2021/01/19 10:19:13 実行中(8528)
2021/01/19 10:19:15 終了しました(8528)
2021/01/21 09:20:20 開始します(1824)
2021/01/21 09:20:20 非実行(1824)
2021/01/21 09:20:20 実行中(1824)
2021/01/21 09:20:23 終了しました(1824)
2021/03/03 14:48:41 開始します(12168)
2021/03/03 14:48:41 非実行(12168)
2021/03/03 14:48:41 実行中(12168)
2021/03/03 14:48:43 終了しました(12168)
2021/03/04 13:43:37 開始します(2908)
2021/03/04 13:43:37 非実行(2908)
2021/03/04 13:43:37 実行中(2908)
2021/03/04 13:43:40 終了しました(2908)
2021/04/19 16:19:24 開始します(4080)
2021/04/19 16:19:24 非実行(4080)
2021/04/19 16:19:24 実行中(4080)
2021/04/19 16:19:26 終了しました(4080)
2021/05/07 13:29:27 開始します(9944)
2021/05/07 13:29:27 非実行(9944)
2021/05/07 13:29:27 実行中(9944)
2021/05/07 13:29:29 終了しました(9944)
2021/05/10 16:56:41 開始します(2104)
2021/05/10 16:56:41 非実行(2104)
2021/05/10 16:56:41 実行中(2104)
2021/05/10 16:56:44 終了しました(2104)
2021/05/12 05:01:42 開始します(7464)
2021/05/12 05:01:42 非実行(7464)
2021/05/12 05:01:42 実行中(7464)
2021/05/12 05:01:45 終了しました(7464)
2021/05/17 15:52:18 開始します(8388)
2021/05/17 15:52:18 非実行(8388)
2021/05/17 15:52:18 実行中(8388)
2021/05/17 15:52:21 終了しました(8388)
2021/06/09 18:11:38 開始します(3316)
2021/06/09 18:11:38 非実行(3316)
2021/06/09 18:11:38 実行中(3316)
2021/06/09 18:11:41 終了しました(3316)
2021/08/03 10:24:54 開始します(1596)
2021/08/03 10:24:54 非実行(1596)
2021/08/03 10:24:54 実行中(1596)
2021/08/03 10:24:56 終了しました(1596)
2021/11/16 00:26:16 開始します(1324)
2021/11/16 00:26:16 非実行(1324)
2021/11/16 00:26:16 実行中(1324)
2021/11/16 00:26:19 終了しました(1324)
2021/11/16 16:15:00 開始します(7884)
2021/11/16 16:15:00 非実行(7884)
2021/11/16 16:15:00 実行中(7884)
2021/11/16 16:15:03 終了しました(7884)
2021/11/17 15:43:24 開始します(3372)
2021/11/17 15:43:24 非実行(3372)
2021/11/17 15:43:24 実行中(3372)
2021/11/17 15:43:27 終了しました(3372)
2021/11/18 10:32:29 開始します(8036)
2021/11/18 10:32:29 非実行(8036)
2021/11/18 10:32:29 実行中(8036)
2021/11/18 10:32:32 終了しました(8036)
2021/11/22 16:23:41 開始します(4432)
2021/11/22 16:23:41 非実行(4432)
2021/11/22 16:23:41 実行中(4432)
2021/11/22 16:23:44 終了しました(4432)
2022/02/21 15:57:38 開始します(6168)
2022/02/21 15:57:38 非実行(6168)
2022/02/21 15:57:38 実行中(6168)
2022/02/21 15:57:40 終了しました(6168)
2022/02/25 13:05:23 開始します(4636)
2022/02/25 13:05:23 非実行(4636)
2022/02/25 13:05:23 実行中(4636)
2022/02/25 13:05:25 終了しました(4636)
2022/03/04 11:03:22 開始します(6196)
2022/03/04 11:03:22 非実行(6196)
2022/03/04 11:03:22 実行中(6196)
2022/03/04 11:03:25 終了しました(6196)
2022/03/11 10:54:40 開始します(6344)
2022/03/11 10:54:40 非実行(6344)
2022/03/11 10:54:40 実行中(6344)
2022/03/11 10:54:42 終了しました(6344)
2022/03/23 11:01:11 開始します(5152)
2022/03/23 11:01:11 非実行(5152)
2022/03/23 11:01:11 実行中(5152)
2022/03/23 11:01:14 終了しました(5152)
2022/04/06 12:59:45 開始します(2172)
2022/04/06 12:59:45 非実行(2172)
2022/04/06 12:59:45 実行中(2172)
2022/04/06 12:59:47 終了しました(2172)
2022/04/12 16:05:26 開始します(6416)
2022/04/12 16:05:26 非実行(6416)
2022/04/12 16:05:26 実行中(6416)
2022/04/12 16:05:28 終了しました(6416)
2022/04/18 16:04:30 開始します(6656)
2022/04/18 16:04:30 非実行(6656)
2022/04/18 16:04:30 実行中(6656)
2022/04/18 16:04:32 終了しました(6656)
2022/04/25 16:18:09 開始します(3884)
2022/04/25 16:18:09 非実行(3884)
2022/04/25 16:18:09 実行中(3884)
2022/04/25 16:18:11 終了しました(3884)
2022/09/20 13:47:18 開始します(6872)
2022/09/20 13:47:18 非実行(6872)
2022/09/20 13:47:18 実行中(6872)
2022/09/20 13:47:21 終了しました(6872)
2022/09/21 12:56:21 開始します(5728)
2022/09/21 12:56:21 非実行(5728)
2022/09/21 12:56:21 実行中(5728)
2022/09/21 12:56:24 終了しました(5728)
2022/10/13 16:19:04 開始します(3940)
2022/10/13 16:19:04 非実行(3940)
2022/10/13 16:19:04 実行中(3940)
2022/10/13 16:19:06 終了しました(3940)
2022/12/19 17:09:29 開始します(788)
2022/12/19 17:09:29 非実行(788)
2022/12/19 17:09:29 実行中(788)
2022/12/19 17:09:31 終了しました(788)
2023/01/16 15:45:38 開始します(2072)
2023/01/16 15:45:38 非実行(2072)
2023/01/16 15:45:38 実行中(2072)
2023/01/16 15:45:41 終了しました(2072)
2023/01/17 18:46:18 開始します(5844)
2023/01/17 18:46:18 非実行(5844)
2023/01/17 18:46:18 実行中(5844)
2023/01/17 18:46:20 終了しました(5844)
2023/01/18 10:39:53 開始します(6876)
2023/01/18 10:39:53 非実行(6876)
2023/01/18 10:39:53 実行中(6876)
2023/01/18 10:39:56 終了しました(6876)
2023/01/24 10:03:34 開始します(5304)
2023/01/24 10:03:34 非実行(5304)
2023/01/24 10:03:34 実行中(5304)
2023/01/24 10:03:37 終了しました(5304)
2023/03/28 16:05:29 開始します(5108)
2023/03/28 16:05:29 非実行(5108)
2023/03/28 16:05:29 実行中(5108)
2023/03/28 16:05:32 終了しました(5108)
2023/04/25 15:36:18 開始します(6364)
2023/04/25 15:36:18 非実行(6364)
2023/04/25 15:36:18 実行中(6364)
2023/04/25 15:36:21 終了しました(6364)
2023/05/15 16:07:48 開始します(7716)
2023/05/15 16:07:48 非実行(7716)
2023/05/15 16:07:48 実行中(7716)
2023/05/15 16:07:50 終了しました(7716)
2023/05/16 14:25:56 開始します(7788)
2023/05/16 14:25:56 非実行(7788)
2023/05/16 14:25:56 実行中(7788)
2023/05/16 14:25:58 終了しました(7788)
2023/06/13 16:01:08 開始します(1384)
2023/06/13 16:01:08 非実行(1384)
2023/06/13 16:01:08 実行中(1384)
2023/06/13 16:01:11 終了しました(1384)
2023/09/08 15:12:49 開始します(264)
2023/09/08 15:12:49 非実行(264)
2023/09/08 15:12:49 実行中(264)
2023/09/08 15:12:51 終了しました(264)
2023/09/14 16:07:03 開始します(1948)
2023/09/14 16:07:03 非実行(1948)
2023/09/14 16:07:03 実行中(1948)
2023/09/14 16:07:05 終了しました(1948)
2023/09/28 16:04:32 開始します(872)
2023/09/28 16:04:32 非実行(872)
2023/09/28 16:04:32 実行中(872)
2023/09/28 16:04:34 終了しました(872)
2023/10/25 14:17:35 開始します(7960)
2023/10/25 14:17:35 非実行(7960)
2023/10/25 14:17:35 実行中(7960)
2023/10/25 14:17:38 終了しました(7960)
2024/01/29 16:57:05 開始します(5944)
2024/01/29 16:57:05 非実行(5944)
2024/01/29 16:57:05 実行中(5944)
2024/01/29 16:57:08 終了しました(5944)
2024/06/19 09:18:36 開始します(3396)
2024/06/19 09:18:36 非実行(3396)
2024/06/19 09:18:36 実行中(3396)
2024/06/19 09:18:36 終了しました(3396)
2024/06/19 09:22:14 開始します(7420)
2024/06/19 09:22:14 非実行(7420)
2024/06/19 09:22:14 実行中(7420)
2024/06/19 09:22:15 終了しました(7420)
2024/08/15 15:14:00 開始します(6032)
2024/08/15 15:14:00 非実行(6032)
2024/08/15 15:14:00 実行中(6032)
2024/08/15 15:14:00 終了しました(6032)
2024/08/19 14:11:58 開始します(7772)
2024/08/19 14:11:58 非実行(7772)
2024/08/19 14:11:58 実行中(7772)
2024/08/19 14:11:58 終了しました(7772)
2024/08/22 16:31:05 開始します(7660)
2024/08/22 16:31:05 非実行(7660)
2024/08/22 16:31:05 実行中(7660)
2024/08/22 16:31:05 終了しました(7660)
2024/08/22 16:33:57 開始します(3308)
2024/08/22 16:33:57 非実行(3308)
2024/08/22 16:33:57 実行中(3308)
2024/08/22 16:33:57 終了しました(3308)
2024/08/28 09:48:52 開始します(3100)
2024/08/28 09:48:52 非実行(3100)
2024/08/28 09:48:52 実行中(3100)
2024/08/28 09:48:52 終了しました(3100)
2024/09/12 03:19:29 開始します(11040)
2024/09/12 03:19:29 非実行(11040)
2024/09/12 03:19:29 実行中(11040)
2024/09/12 03:19:29 終了しました(11040)
2024/09/17 14:24:23 開始します(7648)
2024/09/17 14:24:23 非実行(7648)
2024/09/17 14:24:23 実行中(7648)
2024/09/17 14:24:23 終了しました(7648)
2024/09/17 15:24:37 開始します(6808)
2024/09/17 15:24:37 非実行(6808)
2024/09/17 15:24:37 実行中(6808)
2024/09/17 15:24:37 終了しました(6808)
2024/09/18 07:43:11 開始します(11096)
2024/09/18 07:43:11 非実行(11096)
2024/09/18 07:43:11 実行中(11096)
2024/09/18 07:43:11 終了しました(11096)
2024/09/18 18:52:44 開始します(7556)
2024/09/18 18:52:44 非実行(7556)
2024/09/18 18:52:44 実行中(7556)
2024/09/18 18:52:44 終了しました(7556)
2024/09/19 12:49:03 開始します(7764)
2024/09/19 12:49:03 非実行(7764)
2024/09/19 12:49:03 実行中(7764)
2024/09/19 12:49:03 終了しました(7764)
2024/09/19 15:20:03 開始します(2984)
2024/09/19 15:20:03 非実行(2984)
2024/09/19 15:20:03 実行中(2984)
2024/09/19 15:20:04 終了しました(2984)
2024/09/19 15:23:51 開始します(4308)
2024/09/19 15:23:51 非実行(4308)
2024/09/19 15:23:51 実行中(4308)
2024/09/19 15:23:52 終了しました(4308)
2024/09/19 15:24:38 開始します(376)
2024/09/19 15:24:38 非実行(376)
2024/09/19 15:24:38 実行中(376)
2024/09/19 15:24:38 終了しました(376)
2024/09/20 01:01:19 開始します(8772)
2024/09/20 01:01:19 非実行(8772)
2024/09/20 01:01:19 実行中(8772)
2024/09/20 01:01:19 終了しました(8772)
2024/09/21 02:37:27 開始します(11860)
2024/09/21 02:37:27 非実行(11860)
2024/09/21 02:37:27 実行中(11860)
2024/09/21 02:37:27 終了しました(11860)
2024/09/25 03:38:29 開始します(12860)
2024/09/25 03:38:29 非実行(12860)
2024/09/25 03:38:29 実行中(12860)
2024/09/25 03:38:29 終了しました(12860)
2024/09/26 01:43:02 開始します(7340)
2024/09/26 01:43:02 非実行(7340)
2024/09/26 01:43:02 実行中(7340)
2024/09/26 01:43:02 終了しました(7340)
2024/09/27 02:06:14 開始します(12284)
2024/09/27 02:06:14 非実行(12284)
2024/09/27 02:06:14 実行中(12284)
2024/09/27 02:06:14 終了しました(12284)
2024/09/28 02:33:34 開始します(2464)
2024/09/28 02:33:34 非実行(2464)
2024/09/28 02:33:34 実行中(2464)
2024/09/28 02:33:34 終了しました(2464)
2024/09/29 01:43:55 開始します(10040)
2024/09/29 01:43:55 非実行(10040)
2024/09/29 01:43:55 実行中(10040)
2024/09/29 01:43:56 終了しました(10040)
2024/10/01 22:34:39 開始します(3032)
2024/10/01 22:34:39 非実行(3032)
2024/10/01 22:34:39 実行中(3032)
2024/10/01 22:34:39 終了しました(3032)
2024/10/02 23:00:45 開始します(9880)
2024/10/02 23:00:45 非実行(9880)
2024/10/02 23:00:45 実行中(9880)
2024/10/02 23:00:46 終了しました(9880)
2024/10/04 01:11:48 開始します(12624)
2024/10/04 01:11:48 非実行(12624)
2024/10/04 01:11:48 実行中(12624)
2024/10/04 01:11:48 終了しました(12624)
2024/10/05 00:03:30 開始します(4764)
2024/10/05 00:03:30 非実行(4764)
2024/10/05 00:03:30 実行中(4764)
2024/10/05 00:03:30 終了しました(4764)
2024/10/08 01:56:47 開始します(5176)
2024/10/08 01:56:47 非実行(5176)
2024/10/08 01:56:47 実行中(5176)
2024/10/08 01:56:47 終了しました(5176)
2024/10/09 01:26:42 開始します(3248)
2024/10/09 01:26:42 非実行(3248)
2024/10/09 01:26:42 実行中(3248)
2024/10/09 01:26:43 終了しました(3248)
2024/10/10 01:57:09 開始します(10516)
2024/10/10 01:57:09 非実行(10516)
2024/10/10 01:57:09 実行中(10516)
2024/10/10 01:57:09 終了しました(10516)
2024/10/11 01:06:28 開始します(6136)
2024/10/11 01:06:28 非実行(6136)
2024/10/11 01:06:28 実行中(6136)
2024/10/11 01:06:28 終了しました(6136)
2024/10/13 01:35:02 開始します(7072)
2024/10/13 01:35:02 非実行(7072)
2024/10/13 01:35:02 実行中(7072)
2024/10/13 01:35:02 終了しました(7072)
2024/10/16 00:09:48 開始します(4632)
2024/10/16 00:09:48 非実行(4632)
2024/10/16 00:09:48 実行中(4632)
2024/10/16 00:09:48 終了しました(4632)
2024/10/17 00:39:23 開始します(4296)
2024/10/17 00:39:23 非実行(4296)
2024/10/17 00:39:23 実行中(4296)
2024/10/17 00:39:23 終了しました(4296)
2024/10/18 05:05:09 開始します(5404)
2024/10/18 05:05:09 非実行(5404)
2024/10/18 05:05:09 実行中(5404)
2024/10/18 05:05:09 終了しました(5404)
2024/10/18 23:27:38 開始します(4972)
2024/10/18 23:27:38 非実行(4972)
2024/10/18 23:27:38 実行中(4972)
2024/10/18 23:27:38 終了しました(4972)
2024/10/21 23:20:48 開始します(7824)
2024/10/21 23:20:48 非実行(7824)
2024/10/21 23:20:48 実行中(7824)
2024/10/21 23:20:48 終了しました(7824)
2024/10/22 23:37:29 開始します(6272)
2024/10/22 23:37:29 非実行(6272)
2024/10/22 23:37:29 実行中(6272)
2024/10/22 23:37:29 終了しました(6272)
2024/10/23 23:17:08 開始します(8648)
2024/10/23 23:17:08 非実行(8648)
2024/10/23 23:17:08 実行中(8648)
2024/10/23 23:17:08 終了しました(8648)
2024/10/25 02:39:34 開始します(6592)
2024/10/25 02:39:34 非実行(6592)
2024/10/25 02:39:34 実行中(6592)
2024/10/25 02:39:34 終了しました(6592)
2024/10/27 07:45:37 開始します(7716)
2024/10/27 07:45:37 非実行(7716)
2024/10/27 07:45:37 実行中(7716)
2024/10/27 07:45:37 終了しました(7716)
2024/10/28 23:16:32 開始します(980)
2024/10/28 23:16:32 非実行(980)
2024/10/28 23:16:32 実行中(980)
2024/10/28 23:16:32 終了しました(980)
2024/10/29 23:21:55 開始します(6824)
2024/10/29 23:21:55 非実行(6824)
2024/10/29 23:21:55 実行中(6824)
2024/10/29 23:21:55 終了しました(6824)
2024/10/30 20:55:10 開始します(6044)
2024/10/30 20:55:10 非実行(6044)
2024/10/30 20:55:10 実行中(6044)
2024/10/30 20:55:11 終了しました(6044)
2024/10/31 21:42:41 開始します(6072)
2024/10/31 21:42:41 非実行(6072)
2024/10/31 21:42:41 実行中(6072)
2024/10/31 21:42:42 終了しました(6072)
2024/11/03 14:53:56 開始します(7580)
2024/11/03 14:53:56 非実行(7580)
2024/11/03 14:53:56 実行中(7580)
2024/11/03 14:53:57 終了しました(7580)
2024/11/05 21:54:02 開始します(6072)
2024/11/05 21:54:02 非実行(6072)
2024/11/05 21:54:02 実行中(6072)
2024/11/05 21:54:02 終了しました(6072)
2024/11/06 14:00:01 開始します(8040)
2024/11/06 14:00:01 非実行(8040)
2024/11/06 14:00:01 実行中(8040)
2024/11/06 14:00:01 終了しました(8040)
2024/11/07 00:37:23 開始します(2316)
2024/11/07 00:37:23 非実行(2316)
2024/11/07 00:37:23 実行中(2316)
2024/11/07 00:37:23 終了しました(2316)
2024/11/08 02:16:48 開始します(7804)
2024/11/08 02:16:48 非実行(7804)
2024/11/08 02:16:48 実行中(7804)
2024/11/08 02:16:48 終了しました(7804)
2024/11/09 03:28:30 開始します(3760)
2024/11/09 03:28:30 非実行(3760)
2024/11/09 03:28:30 実行中(3760)
2024/11/09 03:28:30 終了しました(3760)
2024/11/12 01:51:33 開始します(5076)
2024/11/12 01:51:33 非実行(5076)
2024/11/12 01:51:33 実行中(5076)
2024/11/12 01:51:33 終了しました(5076)
2024/11/13 02:49:18 開始します(4576)
2024/11/13 02:49:18 非実行(4576)
2024/11/13 02:49:18 実行中(4576)
2024/11/13 02:49:18 終了しました(4576)
2024/11/14 03:36:48 開始します(3768)
2024/11/14 03:36:48 非実行(3768)
2024/11/14 03:36:48 実行中(3768)
2024/11/14 03:36:48 終了しました(3768)
2024/11/15 03:28:42 開始します(6948)
2024/11/15 03:28:42 非実行(6948)
2024/11/15 03:28:42 実行中(6948)
2024/11/15 03:28:42 終了しました(6948)
2024/11/17 01:43:36 開始します(8060)
2024/11/17 01:43:36 非実行(8060)
2024/11/17 01:43:36 実行中(8060)
2024/11/17 01:43:36 終了しました(8060)
2024/11/19 03:50:53 開始します(8544)
2024/11/19 03:50:53 非実行(8544)
2024/11/19 03:50:53 実行中(8544)
2024/11/19 03:50:53 終了しました(8544)
2024/11/20 03:34:01 開始します(2228)
2024/11/20 03:34:01 非実行(2228)
2024/11/20 03:34:01 実行中(2228)
2024/11/20 03:34:01 終了しました(2228)
2024/11/20 18:20:42 開始します(1580)
2024/11/20 18:20:42 非実行(1580)
2024/11/20 18:20:42 実行中(1580)
2024/11/20 18:20:42 終了しました(1580)
2024/11/22 03:40:56 開始します(1704)
2024/11/22 03:40:56 非実行(1704)
2024/11/22 03:40:56 実行中(1704)
2024/11/22 03:40:56 終了しました(1704)
2024/11/25 03:13:25 開始します(6756)
2024/11/25 03:13:25 非実行(6756)
2024/11/25 03:13:25 実行中(6756)
2024/11/25 03:13:26 終了しました(6756)
2024/12/04 03:14:14 開始します(7140)
2024/12/04 03:14:14 非実行(7140)
2024/12/04 03:14:14 実行中(7140)
2024/12/04 03:14:14 終了しました(7140)
2024/12/05 00:06:58 開始します(4796)
2024/12/05 00:06:58 非実行(4796)
2024/12/05 00:06:58 実行中(4796)
2024/12/05 00:06:58 終了しました(4796)
2024/12/05 22:41:21 開始します(4500)
2024/12/05 22:41:21 非実行(4500)
2024/12/05 22:41:21 実行中(4500)
2024/12/05 22:41:21 終了しました(4500)
2024/12/07 00:52:59 開始します(5624)
2024/12/07 00:52:59 非実行(5624)
2024/12/07 00:52:59 実行中(5624)
2024/12/07 00:52:59 終了しました(5624)
2024/12/11 00:58:51 開始します(1172)
2024/12/11 00:58:51 非実行(1172)
2024/12/11 00:58:51 実行中(1172)
2024/12/11 00:58:51 終了しました(1172)
2024/12/12 02:33:05 開始します(7288)
2024/12/12 02:33:05 非実行(7288)
2024/12/12 02:33:05 実行中(7288)
2024/12/12 02:33:06 終了しました(7288)
2024/12/12 23:35:33 開始します(6992)
2024/12/12 23:35:33 非実行(6992)
2024/12/12 23:35:33 実行中(6992)
2024/12/12 23:35:33 終了しました(6992)
2024/12/15 23:48:13 開始します(8844)
2024/12/15 23:48:13 非実行(8844)
2024/12/15 23:48:13 実行中(8844)
2024/12/15 23:48:13 終了しました(8844)
2024/12/17 02:33:49 開始します(9284)
2024/12/17 02:33:49 非実行(9284)
2024/12/17 02:33:49 実行中(9284)
2024/12/17 02:33:50 終了しました(9284)
2024/12/18 00:45:52 開始します(6860)
2024/12/18 00:45:52 非実行(6860)
2024/12/18 00:45:52 実行中(6860)
2024/12/18 00:45:52 終了しました(6860)
2024/12/18 23:58:13 開始します(5260)
2024/12/18 23:58:13 非実行(5260)
2024/12/18 23:58:13 実行中(5260)
2024/12/18 23:58:13 終了しました(5260)
2024/12/20 01:14:12 開始します(2284)
2024/12/20 01:14:12 非実行(2284)
2024/12/20 01:14:12 実行中(2284)
2024/12/20 01:14:12 終了しました(2284)
2024/12/21 01:11:54 開始します(4544)
2024/12/21 01:11:54 非実行(4544)
2024/12/21 01:11:54 実行中(4544)
2024/12/21 01:11:55 終了しました(4544)
2024/12/22 03:46:41 開始します(6896)
2024/12/22 03:46:41 非実行(6896)
2024/12/22 03:46:41 実行中(6896)
2024/12/22 03:46:41 終了しました(6896)
2024/12/24 00:02:07 開始します(9368)
2024/12/24 00:02:07 非実行(9368)
2024/12/24 00:02:07 実行中(9368)
2024/12/24 00:02:07 終了しました(9368)
2024/12/25 16:57:00 開始します(5624)
2024/12/25 16:57:00 非実行(5624)
2024/12/25 16:57:00 実行中(5624)
2024/12/25 16:57:00 終了しました(5624)
2024/12/25 17:00:26 開始します(1796)
2024/12/25 17:00:26 非実行(1796)
2024/12/25 17:00:26 実行中(1796)
2024/12/25 17:00:27 終了しました(1796)
2024/12/26 20:02:43 開始します(8008)
2024/12/26 20:02:43 非実行(8008)
2024/12/26 20:02:43 実行中(8008)
2024/12/26 20:02:43 終了しました(8008)
2025/02/05 01:08:03 開始します(8460)
2025/02/05 01:08:03 非実行(8460)
2025/02/05 01:08:03 実行中(8460)
2025/02/05 01:08:03 終了しました(8460)
2025/02/06 01:06:19 開始します(6472)
2025/02/06 01:06:19 非実行(6472)
2025/02/06 01:06:19 実行中(6472)
2025/02/06 01:06:19 終了しました(6472)
2025/02/06 18:23:02 開始します(5628)
2025/02/06 18:23:02 非実行(5628)
2025/02/06 18:23:02 実行中(5628)
2025/02/06 18:23:03 終了しました(5628)
2025/02/07 20:19:47 開始します(9852)
2025/02/07 20:19:47 非実行(9852)
2025/02/07 20:19:47 実行中(9852)
2025/02/07 20:19:47 終了しました(9852)
2025/02/10 21:01:23 開始します(10092)
2025/02/10 21:01:23 非実行(10092)
2025/02/10 21:01:23 実行中(10092)
2025/02/10 21:01:24 終了しました(10092)
2025/02/12 23:49:13 開始します(8948)
2025/02/12 23:49:13 非実行(8948)
2025/02/12 23:49:13 実行中(8948)
2025/02/12 23:49:13 終了しました(8948)
2025/02/13 19:01:39 開始します(8704)
2025/02/13 19:01:39 非実行(8704)
2025/02/13 19:01:39 実行中(8704)
2025/02/13 19:01:39 終了しました(8704)
2025/02/14 12:30:42 開始します(8124)
2025/02/14 12:30:42 非実行(8124)
2025/02/14 12:30:42 実行中(8124)
2025/02/14 12:30:42 終了しました(8124)
2025/02/15 11:54:06 開始します(3192)
2025/02/15 11:54:06 非実行(3192)
2025/02/15 11:54:06 実行中(3192)
2025/02/15 11:54:06 終了しました(3192)
2025/02/18 00:49:03 開始します(9700)
2025/02/18 00:49:03 非実行(9700)
2025/02/18 00:49:03 実行中(9700)
2025/02/18 00:49:03 終了しました(9700)
2025/02/18 22:48:59 開始します(9700)
2025/02/18 22:48:59 非実行(9700)
2025/02/18 22:48:59 実行中(9700)
2025/02/18 22:48:59 終了しました(9700)
2025/02/19 19:48:33 開始します(5024)
2025/02/19 19:48:33 非実行(5024)
2025/02/19 19:48:33 実行中(5024)
2025/02/19 19:48:33 終了しました(5024)
2025/02/21 02:44:00 開始します(2300)
2025/02/21 02:44:00 非実行(2300)
2025/02/21 02:44:00 実行中(2300)
2025/02/21 02:44:00 終了しました(2300)
2025/02/22 00:00:11 開始します(11112)
2025/02/22 00:00:11 非実行(11112)
2025/02/22 00:00:11 実行中(11112)
2025/02/22 00:00:11 終了しました(11112)
2025/02/23 01:27:59 開始します(9176)
2025/02/23 01:27:59 非実行(9176)
2025/02/23 01:27:59 実行中(9176)
2025/02/23 01:28:00 終了しました(9176)
2025/02/26 23:49:34 開始します(11076)
2025/02/26 23:49:34 非実行(11076)
2025/02/26 23:49:34 実行中(11076)
2025/02/26 23:49:35 終了しました(11076)
2025/02/27 16:35:50 開始します(688)
2025/02/27 16:35:50 非実行(688)
2025/02/27 16:35:50 実行中(688)
2025/02/27 16:35:50 終了しました(688)
2025/02/27 20:27:13 開始します(1904)
2025/02/27 20:27:13 非実行(1904)
2025/02/27 20:27:13 実行中(1904)
2025/02/27 20:27:14 終了しました(1904)
2025/02/28 20:11:31 開始します(3944)
2025/02/28 20:11:31 非実行(3944)
2025/02/28 20:11:31 実行中(3944)
2025/02/28 20:11:32 終了しました(3944)
2025/03/07 19:00:02 開始します(5276)
2025/03/07 19:00:02 非実行(5276)
2025/03/07 19:00:02 実行中(5276)
2025/03/07 19:00:02 終了しました(5276)
2025/03/08 19:00:02 開始します(7420)
2025/03/08 19:00:02 非実行(7420)
2025/03/08 19:00:02 実行中(7420)
2025/03/08 19:00:02 終了しました(7420)
2025/03/09 19:00:02 開始します(8328)
2025/03/09 19:00:02 非実行(8328)
2025/03/09 19:00:02 実行中(8328)
2025/03/09 19:00:02 終了しました(8328)
2025/03/10 19:00:02 開始します(9180)
2025/03/10 19:00:02 非実行(9180)
2025/03/10 19:00:02 実行中(9180)
2025/03/10 19:00:02 終了しました(9180)
2025/03/11 19:00:02 開始します(6592)
2025/03/11 19:00:02 非実行(6592)
2025/03/11 19:00:02 実行中(6592)
2025/03/11 19:00:02 終了しました(6592)
2025/03/12 19:00:02 開始します(10304)
2025/03/12 19:00:02 非実行(10304)
2025/03/12 19:00:02 実行中(10304)
2025/03/12 19:00:02 終了しました(10304)
2025/03/13 19:00:02 開始します(4220)
2025/03/13 19:00:02 非実行(4220)
2025/03/13 19:00:02 実行中(4220)
2025/03/13 19:00:02 終了しました(4220)
2025/03/14 19:00:02 開始します(4940)
2025/03/14 19:00:02 非実行(4940)
2025/03/14 19:00:02 実行中(4940)
2025/03/14 19:00:02 終了しました(4940)
2025/03/15 19:00:02 開始します(10916)
2025/03/15 19:00:02 非実行(10916)
2025/03/15 19:00:02 実行中(10916)
2025/03/15 19:00:02 終了しました(10916)
2025/03/16 19:00:02 開始します(8236)
2025/03/16 19:00:02 非実行(8236)
2025/03/16 19:00:02 実行中(8236)
2025/03/16 19:00:02 終了しました(8236)
2025/03/17 19:00:02 開始します(8664)
2025/03/17 19:00:02 非実行(8664)
2025/03/17 19:00:02 実行中(8664)
2025/03/17 19:00:02 終了しました(8664)
2025/03/18 19:00:02 開始します(3984)
2025/03/18 19:00:02 非実行(3984)
2025/03/18 19:00:02 実行中(3984)
2025/03/18 19:00:02 終了しました(3984)
2025/03/19 19:00:02 開始します(4264)
2025/03/19 19:00:02 非実行(4264)
2025/03/19 19:00:02 実行中(4264)
2025/03/19 19:00:02 終了しました(4264)
2025/03/20 19:00:02 開始します(4100)
2025/03/20 19:00:02 非実行(4100)
2025/03/20 19:00:02 実行中(4100)
2025/03/20 19:00:02 終了しました(4100)
2025/03/21 19:00:02 開始します(10964)
2025/03/21 19:00:02 非実行(10964)
2025/03/21 19:00:02 実行中(10964)
2025/03/21 19:00:02 終了しました(10964)
2025/03/22 19:00:02 開始します(7056)
2025/03/22 19:00:02 非実行(7056)
2025/03/22 19:00:02 実行中(7056)
2025/03/22 19:00:02 終了しました(7056)
2025/03/23 19:00:02 開始します(9732)
2025/03/23 19:00:02 非実行(9732)
2025/03/23 19:00:02 実行中(9732)
2025/03/23 19:00:02 終了しました(9732)
2025/03/24 19:00:02 開始します(5320)
2025/03/24 19:00:02 非実行(5320)
2025/03/24 19:00:02 実行中(5320)
2025/03/24 19:00:02 終了しました(5320)
2025/03/25 19:00:02 開始します(10176)
2025/03/25 19:00:02 非実行(10176)
2025/03/25 19:00:02 実行中(10176)
2025/03/25 19:00:02 終了しました(10176)
2025/03/26 19:00:01 開始します(492)
2025/03/26 19:00:01 非実行(492)
2025/03/26 19:00:01 実行中(492)
2025/03/26 19:00:01 終了しました(492)
2025/03/27 19:00:01 開始します(7564)
2025/03/27 19:00:01 非実行(7564)
2025/03/27 19:00:01 実行中(7564)
2025/03/27 19:00:01 終了しました(7564)
2025/03/28 19:05:42 開始します(6780)
2025/03/28 19:05:42 非実行(6780)
2025/03/28 19:05:42 実行中(6780)
2025/03/28 19:05:42 終了しました(6780)
2025/03/29 19:06:28 開始します(6212)
2025/03/29 19:06:28 非実行(6212)
2025/03/29 19:06:28 実行中(6212)
2025/03/29 19:06:28 終了しました(6212)
2025/03/30 19:03:42 開始します(4220)
2025/03/30 19:03:42 非実行(4220)
2025/03/30 19:03:42 実行中(4220)
2025/03/30 19:03:43 終了しました(4220)
2025/03/31 19:01:41 開始します(11076)
2025/03/31 19:01:41 非実行(11076)
2025/03/31 19:01:41 実行中(11076)
2025/03/31 19:01:41 終了しました(11076)
2025/04/01 18:58:54 開始します(3540)
2025/04/01 18:58:54 非実行(3540)
2025/04/01 18:58:54 実行中(3540)
2025/04/01 18:58:54 終了しました(3540)
2025/04/02 19:00:48 開始します(1948)
2025/04/02 19:00:48 非実行(1948)
2025/04/02 19:00:48 実行中(1948)
2025/04/02 19:00:48 終了しました(1948)
2025/04/03 18:58:01 開始します(12180)
2025/04/03 18:58:01 非実行(12180)
2025/04/03 18:58:01 実行中(12180)
2025/04/03 18:58:01 終了しました(12180)
2025/04/04 19:00:16 開始します(5624)
2025/04/04 19:00:16 非実行(5624)
2025/04/04 19:00:16 実行中(5624)
2025/04/04 19:00:16 終了しました(5624)
2025/04/05 18:59:16 開始します(8076)
2025/04/05 18:59:16 非実行(8076)
2025/04/05 18:59:16 実行中(8076)
2025/04/05 18:59:16 終了しました(8076)
2025/04/06 18:57:35 開始します(8980)
2025/04/06 18:57:35 非実行(8980)
2025/04/06 18:57:35 実行中(8980)
2025/04/06 18:57:35 終了しました(8980)
2025/04/07 18:57:23 開始します(7628)
2025/04/07 18:57:23 非実行(7628)
2025/04/07 18:57:23 実行中(7628)
2025/04/07 18:57:23 終了しました(7628)
2025/04/08 19:00:05 開始します(11712)
2025/04/08 19:00:05 非実行(11712)
2025/04/08 19:00:05 実行中(11712)
2025/04/08 19:00:06 終了しました(11712)
2025/04/09 19:05:47 開始します(2464)
2025/04/09 19:05:47 非実行(2464)
2025/04/09 19:05:47 実行中(2464)
2025/04/09 19:05:48 終了しました(2464)
2025/04/10 19:09:42 開始します(9980)
2025/04/10 19:09:42 非実行(9980)
2025/04/10 19:09:42 実行中(9980)
2025/04/10 19:09:42 終了しました(9980)
2025/04/11 19:10:10 開始します(5552)
2025/04/11 19:10:10 非実行(5552)
2025/04/11 19:10:10 実行中(5552)
2025/04/11 19:10:11 終了しました(5552)
2025/04/13 19:08:38 開始します(6756)
2025/04/13 19:08:38 非実行(6756)
2025/04/13 19:08:38 実行中(6756)
2025/04/13 19:08:38 終了しました(6756)
2025/04/14 19:10:21 開始します(3812)
2025/04/14 19:10:21 非実行(3812)
2025/04/14 19:10:21 実行中(3812)
2025/04/14 19:10:21 終了しました(3812)
2025/04/15 19:20:57 開始します(10004)
2025/04/15 19:20:57 非実行(10004)
2025/04/15 19:20:57 実行中(10004)
2025/04/15 19:20:57 終了しました(10004)
2025/04/16 19:28:40 開始します(5848)
2025/04/16 19:28:40 非実行(5848)
2025/04/16 19:28:40 実行中(5848)
2025/04/16 19:28:40 終了しました(5848)
2025/04/17 19:24:04 開始します(2768)
2025/04/17 19:24:04 非実行(2768)
2025/04/17 19:24:04 実行中(2768)
2025/04/17 19:24:04 終了しました(2768)
2025/04/18 19:23:14 開始します(7784)
2025/04/18 19:23:14 非実行(7784)
2025/04/18 19:23:14 実行中(7784)
2025/04/18 19:23:14 終了しました(7784)
2025/04/19 19:21:15 開始します(4060)
2025/04/19 19:21:15 非実行(4060)
2025/04/19 19:21:15 実行中(4060)
2025/04/19 19:21:15 終了しました(4060)
2025/04/20 19:20:26 開始します(4988)
2025/04/20 19:20:26 非実行(4988)
2025/04/20 19:20:26 実行中(4988)
2025/04/20 19:20:26 終了しました(4988)
2025/04/21 19:21:26 開始します(1876)
2025/04/21 19:21:26 非実行(1876)
2025/04/21 19:21:26 実行中(1876)
2025/04/21 19:21:26 終了しました(1876)
2025/04/22 19:17:32 開始します(8084)
2025/04/22 19:17:32 非実行(8084)
2025/04/22 19:17:32 実行中(8084)
2025/04/22 19:17:32 終了しました(8084)
2025/04/23 19:22:24 開始します(7320)
2025/04/23 19:22:24 非実行(7320)
2025/04/23 19:22:24 実行中(7320)
2025/04/23 19:22:24 終了しました(7320)
2025/04/24 19:16:12 開始します(5048)
2025/04/24 19:16:12 非実行(5048)
2025/04/24 19:16:12 実行中(5048)
2025/04/24 19:16:12 終了しました(5048)
2025/04/25 19:14:40 開始します(4168)
2025/04/25 19:14:40 非実行(4168)
2025/04/25 19:14:40 実行中(4168)
2025/04/25 19:14:41 終了しました(4168)
2025/04/26 19:16:40 開始します(3192)
2025/04/26 19:16:40 非実行(3192)
2025/04/26 19:16:40 実行中(3192)
2025/04/26 19:16:40 終了しました(3192)
2025/04/27 19:12:04 開始します(5144)
2025/04/27 19:12:04 非実行(5144)
2025/04/27 19:12:04 実行中(5144)
2025/04/27 19:12:05 終了しました(5144)
2025/04/28 19:09:01 開始します(3196)
2025/04/28 19:09:01 非実行(3196)
2025/04/28 19:09:01 実行中(3196)
2025/04/28 19:09:01 終了しました(3196)
2025/04/29 19:06:16 開始します(3888)
2025/04/29 19:06:16 非実行(3888)
2025/04/29 19:06:16 実行中(3888)
2025/04/29 19:06:17 終了しました(3888)
2025/04/30 19:04:30 開始します(5236)
2025/04/30 19:04:30 非実行(5236)
2025/04/30 19:04:30 実行中(5236)
2025/04/30 19:04:30 終了しました(5236)
2025/05/01 19:00:21 開始します(8112)
2025/05/01 19:00:21 非実行(8112)
2025/05/01 19:00:21 実行中(8112)
2025/05/01 19:00:21 終了しました(8112)
2025/05/02 19:00:12 開始します(7812)
2025/05/02 19:00:12 非実行(7812)
2025/05/02 19:00:12 実行中(7812)
2025/05/02 19:00:12 終了しました(7812)
2025/05/03 19:00:08 開始します(3884)
2025/05/03 19:00:08 非実行(3884)
2025/05/03 19:00:08 実行中(3884)
2025/05/03 19:00:08 終了しました(3884)
2025/05/04 19:00:19 開始します(5792)
2025/05/04 19:00:19 非実行(5792)
2025/05/04 19:00:19 実行中(5792)
2025/05/04 19:00:19 終了しました(5792)
2025/05/05 19:00:02 開始します(5256)
2025/05/05 19:00:02 非実行(5256)
2025/05/05 19:00:02 実行中(5256)
2025/05/05 19:00:02 終了しました(5256)
2025/05/06 19:00:01 開始します(3388)
2025/05/06 19:00:01 非実行(3388)
2025/05/06 19:00:01 実行中(3388)
2025/05/06 19:00:01 終了しました(3388)
2025/05/07 19:00:24 開始します(2452)
2025/05/07 19:00:24 非実行(2452)
2025/05/07 19:00:24 実行中(2452)
2025/05/07 19:00:24 終了しました(2452)
2025/05/08 19:00:20 開始します(2312)
2025/05/08 19:00:20 非実行(2312)
2025/05/08 19:00:20 実行中(2312)
2025/05/08 19:00:20 終了しました(2312)
2025/05/09 19:00:29 開始します(5392)
2025/05/09 19:00:29 非実行(5392)
2025/05/09 19:00:29 実行中(5392)
2025/05/09 19:00:29 終了しました(5392)
2025/05/10 19:14:34 開始します(5420)
2025/05/10 19:14:34 非実行(5420)
2025/05/10 19:14:34 実行中(5420)
2025/05/10 19:14:34 終了しました(5420)
2025/05/11 19:11:52 開始します(300)
2025/05/11 19:11:52 非実行(300)
2025/05/11 19:11:52 実行中(300)
2025/05/11 19:11:52 終了しました(300)
2025/05/12 19:10:38 開始します(5384)
2025/05/12 19:10:38 非実行(5384)
2025/05/12 19:10:38 実行中(5384)
2025/05/12 19:10:38 終了しました(5384)
2025/05/13 19:09:07 開始します(3068)
2025/05/13 19:09:07 非実行(3068)
2025/05/13 19:09:07 実行中(3068)
2025/05/13 19:09:07 終了しました(3068)
2025/05/14 19:07:15 開始します(5320)
2025/05/14 19:07:15 非実行(5320)
2025/05/14 19:07:15 実行中(5320)
2025/05/14 19:07:15 終了しました(5320)
2025/05/15 20:30:00 開始します(5524)
2025/05/15 20:30:00 非実行(5524)
2025/05/15 20:30:00 実行中(5524)
2025/05/15 20:30:01 終了しました(5524)
2025/05/16 13:31:13 開始します(6944)
2025/05/16 13:31:13 非実行(6944)
2025/05/16 13:31:13 実行中(6944)
2025/05/16 13:31:14 終了しました(6944)
2025/05/16 17:25:42 開始します(7668)
2025/05/16 17:25:42 非実行(7668)
2025/05/16 17:25:42 実行中(7668)
2025/05/16 17:25:43 終了しました(7668)
2025/05/16 19:22:56 開始します(3576)
2025/05/16 19:22:56 非実行(3576)
2025/05/16 19:22:56 実行中(3576)
2025/05/16 19:22:56 終了しました(3576)
2025/05/17 19:10:59 開始します(2464)
2025/05/17 19:10:59 非実行(2464)
2025/05/17 19:10:59 実行中(2464)
2025/05/17 19:10:59 終了しました(2464)
2025/05/18 19:09:16 開始します(4648)
2025/05/18 19:09:16 非実行(4648)
2025/05/18 19:09:16 実行中(4648)
2025/05/18 19:09:16 終了しました(4648)
2025/05/19 13:49:30 開始します(5720)
2025/05/19 13:49:30 非実行(5720)
2025/05/19 13:49:30 実行中(5720)
2025/05/19 13:49:30 終了しました(5720)
2025/05/19 19:22:44 開始します(7516)
2025/05/19 19:22:44 非実行(7516)
2025/05/19 19:22:44 実行中(7516)
2025/05/19 19:22:44 終了しました(7516)
2025/05/20 19:12:03 開始します(1756)
2025/05/20 19:12:03 非実行(1756)
2025/05/20 19:12:03 実行中(1756)
2025/05/20 19:12:03 終了しました(1756)
2025/05/21 19:18:12 開始します(2920)
2025/05/21 19:18:12 非実行(2920)
2025/05/21 19:18:12 実行中(2920)
2025/05/21 19:18:12 終了しました(2920)
2025/05/23 19:15:04 開始します(7896)
2025/05/23 19:15:04 非実行(7896)
2025/05/23 19:15:04 実行中(7896)
2025/05/23 19:15:04 終了しました(7896)
2025/05/24 19:12:19 開始します(5424)
2025/05/24 19:12:19 非実行(5424)
2025/05/24 19:12:19 実行中(5424)
2025/05/24 19:12:19 終了しました(5424)
2025/05/25 19:09:55 開始します(6048)
2025/05/25 19:09:55 非実行(6048)
2025/05/25 19:09:55 実行中(6048)
2025/05/25 19:09:55 終了しました(6048)
2025/05/26 19:09:47 開始します(3060)
2025/05/26 19:09:47 非実行(3060)
2025/05/26 19:09:47 実行中(3060)
2025/05/26 19:09:48 終了しました(3060)
2025/05/27 19:10:06 開始します(2164)
2025/05/27 19:10:06 非実行(2164)
2025/05/27 19:10:06 実行中(2164)
2025/05/27 19:10:06 終了しました(2164)
2025/05/28 19:12:57 開始します(3256)
2025/05/28 19:12:57 非実行(3256)
2025/05/28 19:12:57 実行中(3256)
2025/05/28 19:12:57 終了しました(3256)
2025/05/29 19:10:06 開始します(3244)
2025/05/29 19:10:06 非実行(3244)
2025/05/29 19:10:06 実行中(3244)
2025/05/29 19:10:06 終了しました(3244)
2025/05/30 19:10:35 開始します(6468)
2025/05/30 19:10:35 非実行(6468)
2025/05/30 19:10:35 実行中(6468)
2025/05/30 19:10:35 終了しました(6468)
2025/05/31 19:07:32 開始します(2852)
2025/05/31 19:07:32 非実行(2852)
2025/05/31 19:07:32 実行中(2852)
2025/05/31 19:07:32 終了しました(2852)
2025/06/01 19:04:47 開始します(5952)
2025/06/01 19:04:47 非実行(5952)
2025/06/01 19:04:47 実行中(5952)
2025/06/01 19:04:47 終了しました(5952)
2025/06/02 19:05:44 開始します(3352)
2025/06/02 19:05:44 非実行(3352)
2025/06/02 19:05:44 実行中(3352)
2025/06/02 19:05:44 終了しました(3352)
2025/06/03 19:15:46 開始します(7040)
2025/06/03 19:15:46 非実行(7040)
2025/06/03 19:15:46 実行中(7040)
2025/06/03 19:15:46 終了しました(7040)
2025/06/04 19:18:06 開始します(6040)
2025/06/04 19:18:06 非実行(6040)
2025/06/04 19:18:06 実行中(6040)
2025/06/04 19:18:06 終了しました(6040)
2025/06/05 19:15:22 開始します(664)
2025/06/05 19:15:22 非実行(664)
2025/06/05 19:15:22 実行中(664)
2025/06/05 19:15:22 終了しました(664)
2025/06/06 19:14:15 開始します(2124)
2025/06/06 19:14:15 非実行(2124)
2025/06/06 19:14:15 実行中(2124)
2025/06/06 19:14:15 終了しました(2124)
2025/06/07 19:12:28 開始します(260)
2025/06/07 19:12:28 非実行(260)
2025/06/07 19:12:28 実行中(260)
2025/06/07 19:12:28 終了しました(260)
2025/06/08 19:11:53 開始します(1088)
2025/06/08 19:11:53 非実行(1088)
2025/06/08 19:11:53 実行中(1088)
2025/06/08 19:11:53 終了しました(1088)
2025/06/09 19:12:07 開始します(4360)
2025/06/09 19:12:07 非実行(4360)
2025/06/09 19:12:07 実行中(4360)
2025/06/09 19:12:07 終了しました(4360)
2025/06/10 19:14:37 開始します(5776)
2025/06/10 19:14:37 非実行(5776)
2025/06/10 19:14:37 実行中(5776)
2025/06/10 19:14:37 終了しました(5776)
2025/06/11 19:26:03 開始します(6716)
2025/06/11 19:26:03 非実行(6716)
2025/06/11 19:26:03 実行中(6716)
2025/06/11 19:26:03 終了しました(6716)
2025/06/12 19:24:54 開始します(224)
2025/06/12 19:24:54 非実行(224)
2025/06/12 19:24:54 実行中(224)
2025/06/12 19:24:54 終了しました(224)
2025/06/13 19:30:35 開始します(2088)
2025/06/13 19:30:35 非実行(2088)
2025/06/13 19:30:35 実行中(2088)
2025/06/13 19:30:35 終了しました(2088)
2025/06/14 19:23:43 開始します(1840)
2025/06/14 19:23:43 非実行(1840)
2025/06/14 19:23:43 実行中(1840)
2025/06/14 19:23:43 終了しました(1840)
2025/06/15 19:20:21 開始します(3704)
2025/06/15 19:20:21 非実行(3704)
2025/06/15 19:20:21 実行中(3704)
2025/06/15 19:20:21 終了しました(3704)
2025/06/16 19:22:39 開始します(4600)
2025/06/16 19:22:39 非実行(4600)
2025/06/16 19:22:39 実行中(4600)
2025/06/16 19:22:39 終了しました(4600)
2025/06/17 19:24:28 開始します(6980)
2025/06/17 19:24:28 非実行(6980)
2025/06/17 19:24:28 実行中(6980)
2025/06/17 19:24:28 終了しました(6980)
2025/06/18 19:30:27 開始します(5504)
2025/06/18 19:30:27 非実行(5504)
2025/06/18 19:30:27 実行中(5504)
2025/06/18 19:30:27 終了しました(5504)
2025/06/19 19:26:37 開始します(7664)
2025/06/19 19:26:37 非実行(7664)
2025/06/19 19:26:37 実行中(7664)
2025/06/19 19:26:38 終了しました(7664)
2025/06/20 19:25:56 開始します(7120)
2025/06/20 19:25:56 非実行(7120)
2025/06/20 19:25:56 実行中(7120)
2025/06/20 19:25:56 終了しました(7120)
2025/06/21 19:23:20 開始します(2736)
2025/06/21 19:23:20 非実行(2736)
2025/06/21 19:23:20 実行中(2736)
2025/06/21 19:23:20 終了しました(2736)
2025/06/22 19:20:44 開始します(4908)
2025/06/22 19:20:44 非実行(4908)
2025/06/22 19:20:44 実行中(4908)
2025/06/22 19:20:44 終了しました(4908)
2025/06/23 19:22:29 開始します(676)
2025/06/23 19:22:29 非実行(676)
2025/06/23 19:22:29 実行中(676)
2025/06/23 19:22:29 終了しました(676)
2025/06/24 19:23:39 開始します(5636)
2025/06/24 19:23:39 非実行(5636)
2025/06/24 19:23:39 実行中(5636)
2025/06/24 19:23:39 終了しました(5636)
2025/06/25 19:24:30 開始します(2724)
2025/06/25 19:24:30 非実行(2724)
2025/06/25 19:24:30 実行中(2724)
2025/06/25 19:24:30 終了しました(2724)
2025/06/26 19:18:54 開始します(1004)
2025/06/26 19:18:54 非実行(1004)
2025/06/26 19:18:54 実行中(1004)
2025/06/26 19:18:54 終了しました(1004)
2025/06/27 19:17:05 開始します(7036)
2025/06/27 19:17:05 非実行(7036)
2025/06/27 19:17:05 実行中(7036)
2025/06/27 19:17:05 終了しました(7036)
2025/06/28 19:15:09 開始します(1956)
2025/06/28 19:15:09 非実行(1956)
2025/06/28 19:15:09 実行中(1956)
2025/06/28 19:15:09 終了しました(1956)
2025/06/29 19:11:32 開始します(3584)
2025/06/29 19:11:32 非実行(3584)
2025/06/29 19:11:32 実行中(3584)
2025/06/29 19:11:32 終了しました(3584)
2025/06/30 19:11:05 開始します(6024)
2025/06/30 19:11:05 非実行(6024)
2025/06/30 19:11:05 実行中(6024)
2025/06/30 19:11:05 終了しました(6024)
2025/07/01 19:16:36 開始します(6256)
2025/07/01 19:16:36 非実行(6256)
2025/07/01 19:16:36 実行中(6256)
2025/07/01 19:16:36 終了しました(6256)
2025/07/02 19:17:04 開始します(1464)
2025/07/02 19:17:04 非実行(1464)
2025/07/02 19:17:04 実行中(1464)
2025/07/02 19:17:04 終了しました(1464)
2025/07/03 19:10:00 開始します(3812)
2025/07/03 19:10:00 非実行(3812)
2025/07/03 19:10:00 実行中(3812)
2025/07/03 19:10:00 終了しました(3812)
2025/07/04 19:10:38 開始します(6184)
2025/07/04 19:10:38 非実行(6184)
2025/07/04 19:10:38 実行中(6184)
2025/07/04 19:10:39 終了しました(6184)
2025/07/05 19:09:09 開始します(4604)
2025/07/05 19:09:09 非実行(4604)
2025/07/05 19:09:09 実行中(4604)
2025/07/05 19:09:09 終了しました(4604)
2025/07/06 19:07:34 開始します(5596)
2025/07/06 19:07:34 非実行(5596)
2025/07/06 19:07:34 実行中(5596)
2025/07/06 19:07:34 終了しました(5596)
2025/07/07 19:15:08 開始します(5460)
2025/07/07 19:15:08 非実行(5460)
2025/07/07 19:15:08 実行中(5460)
2025/07/07 19:15:09 終了しました(5460)
2025/07/08 19:22:12 開始します(4848)
2025/07/08 19:22:12 非実行(4848)
2025/07/08 19:22:12 実行中(4848)
2025/07/08 19:22:12 終了しました(4848)
2025/07/09 19:24:43 開始します(6048)
2025/07/09 19:24:43 非実行(6048)
2025/07/09 19:24:43 実行中(6048)
2025/07/09 19:24:43 終了しました(6048)
2025/07/10 19:17:41 開始します(5868)
2025/07/10 19:17:41 非実行(5868)
2025/07/10 19:17:41 実行中(5868)
2025/07/10 19:17:41 終了しました(5868)
2025/07/11 19:18:38 開始します(6696)
2025/07/11 19:18:38 非実行(6696)
2025/07/11 19:18:38 実行中(6696)
2025/07/11 19:18:38 終了しました(6696)
2025/07/12 19:17:34 開始します(2984)
2025/07/12 19:17:34 非実行(2984)
2025/07/12 19:17:34 実行中(2984)
2025/07/12 19:17:34 終了しました(2984)
2025/07/13 19:16:28 開始します(2008)
2025/07/13 19:16:28 非実行(2008)
2025/07/13 19:16:28 実行中(2008)
2025/07/13 19:16:28 終了しました(2008)
2025/07/14 19:21:53 開始します(7080)
2025/07/14 19:21:53 非実行(7080)
2025/07/14 19:21:53 実行中(7080)
2025/07/14 19:21:53 終了しました(7080)
2025/07/15 19:20:14 開始します(2440)
2025/07/15 19:20:14 非実行(2440)
2025/07/15 19:20:14 実行中(2440)
2025/07/15 19:20:14 終了しました(2440)
2025/07/16 19:24:45 開始します(6756)
2025/07/16 19:24:45 非実行(6756)
2025/07/16 19:24:45 実行中(6756)
2025/07/16 19:24:45 終了しました(6756)
2025/07/17 19:19:40 開始します(3004)
2025/07/17 19:19:40 非実行(3004)
2025/07/17 19:19:40 実行中(3004)
2025/07/17 19:19:40 終了しました(3004)
2025/07/18 19:18:55 開始します(4404)
2025/07/18 19:18:55 非実行(4404)
2025/07/18 19:18:55 実行中(4404)
2025/07/18 19:18:55 終了しました(4404)
2025/07/19 19:19:17 開始します(5376)
2025/07/19 19:19:17 非実行(5376)
2025/07/19 19:19:17 実行中(5376)
2025/07/19 19:19:17 終了しました(5376)
2025/07/20 19:17:47 開始します(1416)
2025/07/20 19:17:47 非実行(1416)
2025/07/20 19:17:47 実行中(1416)
2025/07/20 19:17:47 終了しました(1416)
2025/07/21 19:24:02 開始します(1904)
2025/07/21 19:24:02 非実行(1904)
2025/07/21 19:24:02 実行中(1904)
2025/07/21 19:24:02 終了しました(1904)
2025/07/22 19:25:14 開始します(2260)
2025/07/22 19:25:14 非実行(2260)
2025/07/22 19:25:14 実行中(2260)
2025/07/22 19:25:14 終了しました(2260)
2025/07/23 19:25:51 開始します(2036)
2025/07/23 19:25:51 非実行(2036)
2025/07/23 19:25:51 実行中(2036)
2025/07/23 19:25:51 終了しました(2036)
2025/07/24 19:18:29 開始します(2180)
2025/07/24 19:18:29 非実行(2180)
2025/07/24 19:18:29 実行中(2180)
2025/07/24 19:18:29 終了しました(2180)
2025/07/25 19:21:37 開始します(2900)
2025/07/25 19:21:37 非実行(2900)
2025/07/25 19:21:37 実行中(2900)
2025/07/25 19:21:37 終了しました(2900)
2025/07/26 19:18:37 開始します(4244)
2025/07/26 19:18:37 非実行(4244)
2025/07/26 19:18:37 実行中(4244)
2025/07/26 19:18:37 終了しました(4244)
2025/07/27 19:16:02 開始します(4536)
2025/07/27 19:16:02 非実行(4536)
2025/07/27 19:16:02 実行中(4536)
2025/07/27 19:16:02 終了しました(4536)
2025/07/28 19:20:37 開始します(5720)
2025/07/28 19:20:37 非実行(5720)
2025/07/28 19:20:37 実行中(5720)
2025/07/28 19:20:37 終了しました(5720)
2025/07/29 19:19:02 開始します(6400)
2025/07/29 19:19:02 非実行(6400)
2025/07/29 19:19:02 実行中(6400)
2025/07/29 19:19:02 終了しました(6400)
2025/07/30 19:20:04 開始します(1216)
2025/07/30 19:20:04 非実行(1216)
2025/07/30 19:20:04 実行中(1216)
2025/07/30 19:20:04 終了しました(1216)
2025/07/31 19:13:50 開始します(6040)
2025/07/31 19:13:50 非実行(6040)
2025/07/31 19:13:50 実行中(6040)
2025/07/31 19:13:50 終了しました(6040)
2025/08/01 19:13:32 開始します(5384)
2025/08/01 19:13:32 非実行(5384)
2025/08/01 19:13:32 実行中(5384)
2025/08/01 19:13:32 終了しました(5384)
2025/08/02 19:10:43 開始します(5496)
2025/08/02 19:10:43 非実行(5496)
2025/08/02 19:10:43 実行中(5496)
2025/08/02 19:10:43 終了しました(5496)
2025/08/03 19:08:48 開始します(1464)
2025/08/03 19:08:48 非実行(1464)
2025/08/03 19:08:48 実行中(1464)
2025/08/03 19:08:48 終了しました(1464)
2025/08/04 19:12:48 開始します(1036)
2025/08/04 19:12:48 非実行(1036)
2025/08/04 19:12:48 実行中(1036)
2025/08/04 19:12:48 終了しました(1036)
2025/08/05 19:17:22 開始します(5928)
2025/08/05 19:17:22 非実行(5928)
2025/08/05 19:17:22 実行中(5928)
2025/08/05 19:17:22 終了しました(5928)
2025/08/06 19:22:43 開始します(3484)
2025/08/06 19:22:43 非実行(3484)
2025/08/06 19:22:43 実行中(3484)
2025/08/06 19:22:43 終了しました(3484)
2025/08/07 19:14:53 開始します(684)
2025/08/07 19:14:53 非実行(684)
2025/08/07 19:14:53 実行中(684)
2025/08/07 19:14:53 終了しました(684)
2025/08/08 19:19:07 開始します(6020)
2025/08/08 19:19:07 非実行(6020)
2025/08/08 19:19:07 実行中(6020)
2025/08/08 19:19:07 終了しました(6020)
2025/08/09 19:16:52 開始します(4668)
2025/08/09 19:16:52 非実行(4668)
2025/08/09 19:16:52 実行中(4668)
2025/08/09 19:16:52 終了しました(4668)
2025/08/10 19:14:31 開始します(916)
2025/08/10 19:14:31 非実行(916)
2025/08/10 19:14:31 実行中(916)
2025/08/10 19:14:31 終了しました(916)
2025/08/11 19:15:32 開始します(5768)
2025/08/11 19:15:32 非実行(5768)
2025/08/11 19:15:32 実行中(5768)
2025/08/11 19:15:32 終了しました(5768)
2025/08/12 19:19:32 開始します(6128)
2025/08/12 19:19:32 非実行(6128)
2025/08/12 19:19:32 実行中(6128)
2025/08/12 19:19:32 終了しました(6128)
2025/08/13 19:23:16 開始します(260)
2025/08/13 19:23:16 非実行(260)
2025/08/13 19:23:16 実行中(260)
2025/08/13 19:23:17 終了しました(260)
2025/08/14 19:21:50 開始します(3816)
2025/08/14 19:21:50 非実行(3816)
2025/08/14 19:21:50 実行中(3816)
2025/08/14 19:21:50 終了しました(3816)
2025/08/15 19:20:05 開始します(4104)
2025/08/15 19:20:05 非実行(4104)
2025/08/15 19:20:05 実行中(4104)
2025/08/15 19:20:05 終了しました(4104)
2025/08/16 19:18:15 開始します(6232)
2025/08/16 19:18:15 非実行(6232)
2025/08/16 19:18:15 実行中(6232)
2025/08/16 19:18:15 終了しました(6232)
2025/08/17 19:15:56 開始します(2748)
2025/08/17 19:15:56 非実行(2748)
2025/08/17 19:15:56 実行中(2748)
2025/08/17 19:15:56 終了しました(2748)
2025/08/18 19:23:45 開始します(2764)
2025/08/18 19:23:45 非実行(2764)
2025/08/18 19:23:45 実行中(2764)
2025/08/18 19:23:45 終了しました(2764)
2025/08/19 19:22:08 開始します(5700)
2025/08/19 19:22:08 非実行(5700)
2025/08/19 19:22:08 実行中(5700)
2025/08/19 19:22:08 終了しました(5700)
2025/08/20 19:27:14 開始します(3240)
2025/08/20 19:27:14 非実行(3240)
2025/08/20 19:27:14 実行中(3240)
2025/08/20 19:27:14 終了しました(3240)
2025/08/21 19:22:08 開始します(4340)
2025/08/21 19:22:08 非実行(4340)
2025/08/21 19:22:08 実行中(4340)
2025/08/21 19:22:08 終了しました(4340)
2025/08/22 19:22:10 開始します(784)
2025/08/22 19:22:10 非実行(784)
2025/08/22 19:22:10 実行中(784)
2025/08/22 19:22:10 終了しました(784)
2025/08/23 19:19:32 開始します(5664)
2025/08/23 19:19:32 非実行(5664)
2025/08/23 19:19:32 実行中(5664)
2025/08/23 19:19:32 終了しました(5664)
2025/08/24 19:14:42 開始します(5368)
2025/08/24 19:14:42 非実行(5368)
2025/08/24 19:14:42 実行中(5368)
2025/08/24 19:14:42 終了しました(5368)
2025/08/25 19:17:36 開始します(7080)
2025/08/25 19:17:36 非実行(7080)
2025/08/25 19:17:36 実行中(7080)
2025/08/25 19:17:36 終了しました(7080)
2025/08/26 19:20:18 開始します(6016)
2025/08/26 19:20:18 非実行(6016)
2025/08/26 19:20:18 実行中(6016)
2025/08/26 19:20:18 終了しました(6016)
2025/08/27 19:20:38 開始します(5004)
2025/08/27 19:20:38 非実行(5004)
2025/08/27 19:20:38 実行中(5004)
2025/08/27 19:20:38 終了しました(5004)
2025/08/28 19:14:38 開始します(6048)
2025/08/28 19:14:38 非実行(6048)
2025/08/28 19:14:38 実行中(6048)
2025/08/28 19:14:39 終了しました(6048)
2025/08/29 19:15:43 開始します(184)
2025/08/29 19:15:43 非実行(184)
2025/08/29 19:15:43 実行中(184)
2025/08/29 19:15:43 終了しました(184)
2025/08/30 19:12:46 開始します(1888)
2025/08/30 19:12:46 非実行(1888)
2025/08/30 19:12:46 実行中(1888)
2025/08/30 19:12:47 終了しました(1888)
2025/08/31 19:09:33 開始します(4232)
2025/08/31 19:09:33 非実行(4232)
2025/08/31 19:09:33 実行中(4232)
2025/08/31 19:09:33 終了しました(4232)
2025/09/01 19:11:08 開始します(940)
2025/09/01 19:11:08 非実行(940)
2025/09/01 19:11:08 実行中(940)
2025/09/01 19:11:08 終了しました(940)
2025/09/02 19:10:09 開始します(5760)
2025/09/02 19:10:09 非実行(5760)
2025/09/02 19:10:09 実行中(5760)
2025/09/02 19:10:09 終了しました(5760)
2025/09/03 19:11:26 開始します(5600)
2025/09/03 19:11:26 非実行(5600)
2025/09/03 19:11:26 実行中(5600)
2025/09/03 19:11:26 終了しました(5600)
2025/09/04 19:05:18 開始します(6508)
2025/09/04 19:05:18 非実行(6508)
2025/09/04 19:05:18 実行中(6508)
2025/09/04 19:05:18 終了しました(6508)
2025/09/05 19:04:09 開始します(1956)
2025/09/05 19:04:09 非実行(1956)
2025/09/05 19:04:09 実行中(1956)
2025/09/05 19:04:09 終了しました(1956)
2025/09/06 19:03:29 開始します(2344)
2025/09/06 19:03:29 非実行(2344)
2025/09/06 19:03:29 実行中(2344)
2025/09/06 19:03:29 終了しました(2344)
2025/09/07 19:01:17 開始します(2256)
2025/09/07 19:01:17 非実行(2256)
2025/09/07 19:01:17 実行中(2256)
2025/09/07 19:01:17 終了しました(2256)
2025/09/08 19:07:12 開始します(6048)
2025/09/08 19:07:12 非実行(6048)
2025/09/08 19:07:12 実行中(6048)
2025/09/08 19:07:12 終了しました(6048)
2025/09/09 19:12:05 開始します(4476)
2025/09/09 19:12:05 非実行(4476)
2025/09/09 19:12:05 実行中(4476)
2025/09/09 19:12:05 終了しました(4476)
2025/09/10 19:16:32 開始します(5336)
2025/09/10 19:16:32 非実行(5336)
2025/09/10 19:16:32 実行中(5336)
2025/09/10 19:16:32 終了しました(5336)
2025/09/11 19:11:29 開始します(5812)
2025/09/11 19:11:29 非実行(5812)
2025/09/11 19:11:29 実行中(5812)
2025/09/11 19:11:29 終了しました(5812)
2025/09/12 19:11:09 開始します(7092)
2025/09/12 19:11:09 非実行(7092)
2025/09/12 19:11:09 実行中(7092)
2025/09/12 19:11:09 終了しました(7092)
2025/09/13 19:09:38 開始します(2900)
2025/09/13 19:09:38 非実行(2900)
2025/09/13 19:09:38 実行中(2900)
2025/09/13 19:09:39 終了しました(2900)
2025/09/14 19:07:38 開始します(1772)
2025/09/14 19:07:38 非実行(1772)
2025/09/14 19:07:38 実行中(1772)
2025/09/14 19:07:38 終了しました(1772)
2025/09/15 19:13:16 開始します(6460)
2025/09/15 19:13:16 非実行(6460)
2025/09/15 19:13:16 実行中(6460)
2025/09/15 19:13:16 終了しました(6460)
2025/09/16 19:16:37 開始します(6328)
2025/09/16 19:16:37 非実行(6328)
2025/09/16 19:16:37 実行中(6328)
2025/09/16 19:16:37 終了しました(6328)
2025/09/17 19:18:45 開始します(7104)
2025/09/17 19:18:45 非実行(7104)
2025/09/17 19:18:45 実行中(7104)
2025/09/17 19:18:46 終了しました(7104)
2025/09/18 19:16:58 開始します(2288)
2025/09/18 19:16:58 非実行(2288)
2025/09/18 19:16:58 実行中(2288)
2025/09/18 19:16:59 終了しました(2288)
2025/09/19 19:16:19 開始します(4772)
2025/09/19 19:16:19 非実行(4772)
2025/09/19 19:16:19 実行中(4772)
2025/09/19 19:16:19 終了しました(4772)
2025/09/20 19:13:37 開始します(6056)
2025/09/20 19:13:37 非実行(6056)
2025/09/20 19:13:37 実行中(6056)
2025/09/20 19:13:37 終了しました(6056)
2025/09/21 19:11:28 開始します(2092)
2025/09/21 19:11:28 非実行(2092)
2025/09/21 19:11:28 実行中(2092)
2025/09/21 19:11:28 終了しました(2092)
2025/09/22 19:14:47 開始します(4224)
2025/09/22 19:14:47 非実行(4224)
2025/09/22 19:14:47 実行中(4224)
2025/09/22 19:14:48 終了しました(4224)
2025/09/23 19:17:38 開始します(260)
2025/09/23 19:17:38 非実行(260)
2025/09/23 19:17:38 実行中(260)
2025/09/23 19:17:39 終了しました(260)
2025/09/24 19:16:45 開始します(3808)
2025/09/24 19:16:45 非実行(3808)
2025/09/24 19:16:45 実行中(3808)
2025/09/24 19:16:45 終了しました(3808)
2025/09/25 19:10:58 開始します(1052)
2025/09/25 19:10:58 非実行(1052)
2025/09/25 19:10:58 実行中(1052)
2025/09/25 19:10:59 終了しました(1052)
2025/09/26 19:09:50 開始します(6036)
2025/09/26 19:09:50 非実行(6036)
2025/09/26 19:09:50 実行中(6036)
2025/09/26 19:09:50 終了しました(6036)
2025/09/27 19:06:58 開始します(5964)
2025/09/27 19:06:58 非実行(5964)
2025/09/27 19:06:58 実行中(5964)
2025/09/27 19:06:58 終了しました(5964)
2025/09/28 19:04:06 開始します(4452)
2025/09/28 19:04:06 非実行(4452)
2025/09/28 19:04:06 実行中(4452)
2025/09/28 19:04:06 終了しました(4452)
2025/09/29 19:07:31 開始します(6380)
2025/09/29 19:07:31 非実行(6380)
2025/09/29 19:07:31 実行中(6380)
2025/09/29 19:07:31 終了しました(6380)
2025/09/30 19:08:08 開始します(4832)
2025/09/30 19:08:08 非実行(4832)
2025/09/30 19:08:08 実行中(4832)
2025/09/30 19:08:08 終了しました(4832)
2025/10/01 19:11:38 開始します(3516)
2025/10/01 19:11:38 非実行(3516)
2025/10/01 19:11:38 実行中(3516)
2025/10/01 19:11:38 終了しました(3516)
2025/10/02 19:04:18 開始します(5008)
2025/10/02 19:04:18 非実行(5008)
2025/10/02 19:04:18 実行中(5008)
2025/10/02 19:04:19 終了しました(5008)
2025/10/03 19:05:43 開始します(3084)
2025/10/03 19:05:43 非実行(3084)
2025/10/03 19:05:43 実行中(3084)
2025/10/03 19:05:43 終了しました(3084)
2025/10/04 19:04:31 開始します(5352)
2025/10/04 19:04:31 非実行(5352)
2025/10/04 19:04:31 実行中(5352)
2025/10/04 19:04:31 終了しました(5352)
2025/10/05 19:02:40 開始します(5096)
2025/10/05 19:02:40 非実行(5096)
2025/10/05 19:02:40 実行中(5096)
2025/10/05 19:02:40 終了しました(5096)
2025/10/06 19:05:19 開始します(1572)
2025/10/06 19:05:19 非実行(1572)
2025/10/06 19:05:19 実行中(1572)
2025/10/06 19:05:19 終了しました(1572)
2025/10/07 19:15:14 開始します(1944)
2025/10/07 19:15:14 非実行(1944)
2025/10/07 19:15:14 実行中(1944)
2025/10/07 19:15:14 終了しました(1944)
2025/10/08 19:18:49 開始します(6180)
2025/10/08 19:18:49 非実行(6180)
2025/10/08 19:18:49 実行中(6180)
2025/10/08 19:18:49 終了しました(6180)
2025/10/09 19:14:01 開始します(2044)
2025/10/09 19:14:01 非実行(2044)
2025/10/09 19:14:01 実行中(2044)
2025/10/09 19:14:01 終了しました(2044)
2025/10/10 19:13:30 開始します(4948)
2025/10/10 19:13:30 非実行(4948)
2025/10/10 19:13:30 実行中(4948)
2025/10/10 19:13:30 終了しました(4948)
2025/10/11 19:12:35 開始します(5508)
2025/10/11 19:12:35 非実行(5508)
2025/10/11 19:12:35 実行中(5508)
2025/10/11 19:12:35 終了しました(5508)
2025/10/12 19:09:53 開始します(4012)
2025/10/12 19:09:53 非実行(4012)
2025/10/12 19:09:53 実行中(4012)
2025/10/12 19:09:53 終了しました(4012)
2025/10/13 19:16:02 開始します(6096)
2025/10/13 19:16:02 非実行(6096)
2025/10/13 19:16:02 実行中(6096)
2025/10/13 19:16:02 終了しました(6096)
2025/10/14 19:24:46 開始します(5968)
2025/10/14 19:24:46 非実行(5968)
2025/10/14 19:24:46 実行中(5968)
2025/10/14 19:24:46 終了しました(5968)
2025/10/15 19:27:20 開始します(3408)
2025/10/15 19:27:20 非実行(3408)
2025/10/15 19:27:20 実行中(3408)
2025/10/15 19:27:20 終了しました(3408)
2025/10/16 19:25:33 開始します(1308)
2025/10/16 19:25:33 非実行(1308)
2025/10/16 19:25:33 実行中(1308)
2025/10/16 19:25:33 終了しました(1308)
2025/10/17 19:24:44 開始します(1548)
2025/10/17 19:24:44 非実行(1548)
2025/10/17 19:24:44 実行中(1548)
2025/10/17 19:24:44 終了しました(1548)
2025/10/18 19:24:15 開始します(2900)
2025/10/18 19:24:15 非実行(2900)
2025/10/18 19:24:15 実行中(2900)
2025/10/18 19:24:15 終了しました(2900)
2025/10/19 19:21:46 開始します(4324)
2025/10/19 19:21:46 非実行(4324)
2025/10/19 19:21:46 実行中(4324)
2025/10/19 19:21:46 終了しました(4324)
2025/10/20 19:24:10 開始します(6576)
2025/10/20 19:24:10 非実行(6576)
2025/10/20 19:24:10 実行中(6576)
2025/10/20 19:24:11 終了しました(6576)
2025/10/21 19:33:17 開始します(7124)
2025/10/21 19:33:17 非実行(7124)
2025/10/21 19:33:17 実行中(7124)
2025/10/21 19:33:17 終了しました(7124)
2025/10/22 19:38:49 開始します(6484)
2025/10/22 19:38:49 非実行(6484)
2025/10/22 19:38:49 実行中(6484)
2025/10/22 19:38:49 終了しました(6484)
2025/10/23 19:33:09 開始します(7128)
2025/10/23 19:33:09 非実行(7128)
2025/10/23 19:33:09 実行中(7128)
2025/10/23 19:33:09 終了しました(7128)
2025/10/24 19:35:45 開始します(2248)
2025/10/24 19:35:45 非実行(2248)
2025/10/24 19:35:45 実行中(2248)
2025/10/24 19:35:45 終了しました(2248)
2025/10/25 19:31:21 開始します(5548)
2025/10/25 19:31:21 非実行(5548)
2025/10/25 19:31:21 実行中(5548)
2025/10/25 19:31:21 終了しました(5548)
2025/10/26 19:28:09 開始します(1016)
2025/10/26 19:28:09 非実行(1016)
2025/10/26 19:28:09 実行中(1016)
2025/10/26 19:28:09 終了しました(1016)
2025/10/27 19:29:48 開始します(1756)
2025/10/27 19:29:48 非実行(1756)
2025/10/27 19:29:48 実行中(1756)
2025/10/27 19:29:49 終了しました(1756)
