2018/10/19 07:31:04 開始します(2660)
2018/10/19 07:31:04 非実行(2660)
2018/10/19 07:31:04 実行中(2660)
2018/10/19 07:48:39 終了しました(2660)
2018/10/24 16:59:36 開始します(7144)
2018/10/24 16:59:36 非実行(7144)
2018/10/24 16:59:36 実行中(7144)
2018/10/24 17:08:17 終了しました(7144)
2018/10/25 19:08:28 開始します(7100)
2018/10/25 19:08:28 非実行(7100)
2018/10/25 19:08:28 実行中(7100)
2018/10/25 19:10:29 終了しました(7100)
2018/10/26 19:50:03 開始します(4588)
2018/10/26 19:50:03 非実行(4588)
2018/10/26 19:50:03 実行中(4588)
2018/10/26 19:51:09 終了しました(4588)
2018/11/01 20:44:07 開始します(7476)
2018/11/01 20:44:07 非実行(7476)
2018/11/01 20:44:07 実行中(7476)
2018/11/01 23:11:19 終了しました(7476)
2018/11/02 14:58:12 開始します(3836)
2018/11/02 14:58:12 非実行(3836)
2018/11/02 14:58:12 実行中(3836)
2018/11/02 14:59:17 終了しました(3836)
2018/11/02 16:31:50 開始します(3228)
2018/11/02 16:31:50 非実行(3228)
2018/11/02 16:31:50 実行中(3228)
2018/11/02 16:32:53 終了しました(3228)
2018/11/06 20:45:48 開始します(2896)
2018/11/06 20:45:48 非実行(2896)
2018/11/06 20:45:48 実行中(2896)
2018/11/06 20:46:51 終了しました(2896)
2018/11/07 20:52:06 開始します(5812)
2018/11/07 20:52:06 非実行(5812)
2018/11/07 20:52:06 実行中(5812)
2018/11/07 20:53:11 終了しました(5812)
2018/11/17 01:35:16 開始します(4488)
2018/11/17 01:35:16 非実行(4488)
2018/11/17 01:35:16 実行中(4488)
2018/11/17 01:36:24 終了しました(4488)
2018/11/20 14:37:45 開始します(2836)
2018/11/20 14:37:45 非実行(2836)
2018/11/20 14:37:45 実行中(2836)
2018/11/20 14:38:20 終了しました(2836)
2018/11/21 19:58:43 開始します(4552)
2018/11/21 19:58:43 非実行(4552)
2018/11/21 19:58:43 実行中(4552)
2018/11/21 19:59:46 終了しました(4552)
2018/11/22 19:45:26 開始します(5764)
2018/11/22 19:45:26 非実行(5764)
2018/11/22 19:45:26 実行中(5764)
2018/11/22 19:46:02 終了しました(5764)
2018/11/23 20:07:42 開始します(4696)
2018/11/23 20:07:42 非実行(4696)
2018/11/23 20:07:42 実行中(4696)
2018/11/23 20:08:47 終了しました(4696)
2018/11/26 14:18:38 開始します(3356)
2018/11/26 14:18:38 非実行(3356)
2018/11/26 14:18:38 実行中(3356)
2018/11/26 14:19:31 終了しました(3356)
2018/11/26 23:31:11 開始します(392)
2018/11/26 23:31:11 非実行(392)
2018/11/26 23:31:11 実行中(392)
2018/11/26 23:32:04 終了しました(392)
2018/11/27 23:13:18 開始します(2136)
2018/11/27 23:13:18 非実行(2136)
2018/11/27 23:13:18 実行中(2136)
2018/11/27 23:14:08 終了しました(2136)
2018/11/28 22:53:18 開始します(4264)
2018/11/28 22:53:18 非実行(4264)
2018/11/28 22:53:18 実行中(4264)
2018/11/28 22:54:11 終了しました(4264)
2018/11/29 22:33:12 開始します(756)
2018/11/29 22:33:12 非実行(756)
2018/11/29 22:33:12 実行中(756)
2018/11/29 22:34:56 終了しました(756)
2018/11/30 22:48:07 開始します(4556)
2018/11/30 22:48:07 非実行(4556)
2018/11/30 22:48:07 実行中(4556)
2018/11/30 22:49:20 終了しました(4556)
2018/12/07 23:30:38 開始します(5952)
2018/12/07 23:30:38 非実行(5952)
2018/12/07 23:30:38 実行中(5952)
2018/12/07 23:58:06 終了しました(5952)
2018/12/10 22:39:29 開始します(3268)
2018/12/10 22:39:29 非実行(3268)
2018/12/10 22:39:29 実行中(3268)
2018/12/10 23:01:42 終了しました(3268)
2018/12/11 22:59:59 開始します(2112)
2018/12/11 22:59:59 非実行(2112)
2018/12/11 22:59:59 実行中(2112)
2018/12/11 23:18:10 終了しました(2112)
2018/12/12 22:51:50 開始します(5084)
2018/12/12 22:51:50 非実行(5084)
2018/12/12 22:51:50 実行中(5084)
2018/12/12 23:10:03 終了しました(5084)
2018/12/25 20:00:40 開始します(5724)
2018/12/25 20:00:40 非実行(5724)
2018/12/25 20:00:40 実行中(5724)
2018/12/25 20:16:30 終了しました(5724)
2019/01/17 17:25:10 開始します(6300)
2019/01/17 17:25:10 非実行(6300)
2019/01/17 17:25:10 実行中(6300)
2019/01/17 17:51:12 終了しました(6300)
2019/01/22 17:52:38 開始します(3392)
2019/01/22 17:52:38 非実行(3392)
2019/01/22 17:52:38 実行中(3392)
2019/01/22 18:16:21 終了しました(3392)
2019/01/24 19:32:25 開始します(1344)
2019/01/24 19:32:25 非実行(1344)
2019/01/24 19:32:25 実行中(1344)
2019/01/24 19:56:13 終了しました(1344)
2019/01/25 23:37:56 開始します(2548)
2019/01/25 23:37:56 非実行(2548)
2019/01/25 23:37:56 実行中(2548)
2019/01/25 23:59:38 終了しました(2548)
2019/01/28 22:55:50 開始します(5452)
2019/01/28 22:55:50 非実行(5452)
2019/01/28 22:55:50 実行中(5452)
2019/01/28 23:17:19 終了しました(5452)
2019/01/30 00:20:04 開始します(1800)
2019/01/30 00:20:04 非実行(1800)
2019/01/30 00:20:04 実行中(1800)
2019/01/30 00:27:10 終了しました(1800)
2019/01/30 21:17:59 開始します(6076)
2019/01/30 21:17:59 非実行(6076)
2019/01/30 21:17:59 実行中(6076)
2019/01/30 21:38:57 終了しました(6076)
2019/01/31 20:23:17 開始します(1432)
2019/01/31 20:23:17 非実行(1432)
2019/01/31 20:23:17 実行中(1432)
2019/01/31 20:43:14 終了しました(1432)
2019/02/01 19:19:17 開始します(3232)
2019/02/01 19:19:17 非実行(3232)
2019/02/01 19:19:17 実行中(3232)
2019/02/01 19:39:02 終了しました(3232)
2019/02/04 23:02:55 開始します(4184)
2019/02/04 23:02:55 非実行(4184)
2019/02/04 23:02:55 実行中(4184)
2019/02/04 23:20:16 終了しました(4184)
2019/02/06 00:38:45 開始します(3284)
2019/02/06 00:38:45 非実行(3284)
2019/02/06 00:38:45 実行中(3284)
2019/02/06 00:55:32 終了しました(3284)
2019/02/06 18:47:35 開始します(6364)
2019/02/06 18:47:35 非実行(6364)
2019/02/06 18:47:35 実行中(6364)
2019/02/06 19:03:33 終了しました(6364)
2019/02/07 19:19:45 開始します(5228)
2019/02/07 19:19:45 非実行(5228)
2019/02/07 19:19:45 実行中(5228)
2019/02/07 19:35:32 終了しました(5228)
2019/02/08 20:02:23 開始します(556)
2019/02/08 20:02:23 非実行(556)
2019/02/08 20:02:23 実行中(556)
2019/02/08 20:17:29 終了しました(556)
2019/02/11 19:23:35 開始します(6808)
2019/02/11 19:23:35 非実行(6808)
2019/02/11 19:23:35 実行中(6808)
2019/02/11 19:37:28 終了しました(6808)
2019/02/12 22:31:02 開始します(3560)
2019/02/12 22:31:02 非実行(3560)
2019/02/12 22:31:02 実行中(3560)
2019/02/12 22:43:08 終了しました(3560)
2019/02/13 19:46:45 開始します(2400)
2019/02/13 19:46:45 非実行(2400)
2019/02/13 19:46:45 実行中(2400)
2019/02/13 19:59:23 終了しました(2400)
2019/02/14 19:17:42 開始します(2492)
2019/02/14 19:17:42 非実行(2492)
2019/02/14 19:17:42 実行中(2492)
2019/02/14 19:29:56 終了しました(2492)
2019/03/08 15:29:23 開始します(5492)
2019/03/08 15:29:23 非実行(5492)
2019/03/08 15:29:23 実行中(5492)
2019/03/08 15:41:10 終了しました(5492)
2019/03/11 19:28:12 開始します(3792)
2019/03/11 19:28:12 非実行(3792)
2019/03/11 19:28:12 実行中(3792)
2019/03/11 19:39:11 終了しました(3792)
2019/03/12 23:37:02 開始します(5880)
2019/03/12 23:37:02 非実行(5880)
2019/03/12 23:37:02 実行中(5880)
2019/03/12 23:47:28 終了しました(5880)
2019/03/13 19:44:56 開始します(5140)
2019/03/13 19:44:56 非実行(5140)
2019/03/13 19:44:56 実行中(5140)
2019/03/13 19:53:27 終了しました(5140)
2019/03/14 19:08:26 開始します(6280)
2019/03/14 19:08:26 非実行(6280)
2019/03/14 19:08:26 実行中(6280)
2019/03/14 19:16:35 終了しました(6280)
2019/03/15 18:43:35 開始します(4500)
2019/03/15 18:43:35 非実行(4500)
2019/03/15 18:43:35 実行中(4500)
2019/03/15 18:51:41 終了しました(4500)
2019/03/18 19:08:53 開始します(5216)
2019/03/18 19:08:53 非実行(5216)
2019/03/18 19:08:53 実行中(5216)
2019/03/18 19:16:46 終了しました(5216)
2019/03/19 19:32:54 開始します(5564)
2019/03/19 19:32:54 非実行(5564)
2019/03/19 19:32:54 実行中(5564)
2019/03/19 19:40:24 終了しました(5564)
2019/03/20 18:56:12 開始します(2520)
2019/03/20 18:56:12 非実行(2520)
2019/03/20 18:56:12 実行中(2520)
2019/03/20 19:03:54 終了しました(2520)
2019/03/21 19:53:55 開始します(1116)
2019/03/21 19:53:55 非実行(1116)
2019/03/21 19:53:55 実行中(1116)
2019/03/21 20:00:58 終了しました(1116)
2019/03/22 19:39:15 開始します(6696)
2019/03/22 19:39:15 非実行(6696)
2019/03/22 19:39:15 実行中(6696)
2019/03/22 19:46:06 終了しました(6696)
2019/03/25 19:32:22 開始します(5772)
2019/03/25 19:32:22 非実行(5772)
2019/03/25 19:32:22 実行中(5772)
2019/03/25 19:39:01 終了しました(5772)
2019/03/26 19:23:13 開始します(4736)
2019/03/26 19:23:13 非実行(4736)
2019/03/26 19:23:13 実行中(4736)
2019/03/26 19:29:51 終了しました(4736)
2019/03/27 19:44:58 開始します(4300)
2019/03/27 19:44:58 非実行(4300)
2019/03/27 19:44:58 実行中(4300)
2019/03/27 19:51:34 終了しました(4300)
2019/03/28 20:00:41 開始します(5132)
2019/03/28 20:00:41 非実行(5132)
2019/03/28 20:00:41 実行中(5132)
2019/03/28 20:07:22 終了しました(5132)
2019/03/29 19:31:12 開始します(5976)
2019/03/29 19:31:12 非実行(5976)
2019/03/29 19:31:12 実行中(5976)
2019/03/29 19:37:55 終了しました(5976)
2019/04/01 19:18:13 開始します(2188)
2019/04/01 19:18:13 非実行(2188)
2019/04/01 19:18:13 実行中(2188)
2019/04/01 19:24:50 終了しました(2188)
2019/04/02 18:39:00 開始します(4160)
2019/04/02 18:39:00 非実行(4160)
2019/04/02 18:39:00 実行中(4160)
2019/04/02 18:45:38 終了しました(4160)
2019/04/03 20:03:05 開始します(4048)
2019/04/03 20:03:05 非実行(4048)
2019/04/03 20:03:05 実行中(4048)
2019/04/03 20:09:45 終了しました(4048)
2019/04/04 18:41:39 開始します(5852)
2019/04/04 18:41:39 非実行(5852)
2019/04/04 18:41:39 実行中(5852)
2019/04/04 18:48:22 終了しました(5852)
2019/04/05 18:46:39 開始します(3648)
2019/04/05 18:46:39 非実行(3648)
2019/04/05 18:46:39 実行中(3648)
2019/04/05 18:53:03 終了しました(3648)
2019/04/08 19:14:15 開始します(3308)
2019/04/08 19:14:15 非実行(3308)
2019/04/08 19:14:15 実行中(3308)
2019/04/08 19:20:42 終了しました(3308)
2019/04/09 18:39:51 開始します(5352)
2019/04/09 18:39:51 非実行(5352)
2019/04/09 18:39:51 実行中(5352)
2019/04/09 18:46:08 終了しました(5352)
2019/04/10 19:15:31 開始します(4228)
2019/04/10 19:15:31 非実行(4228)
2019/04/10 19:15:31 実行中(4228)
2019/04/10 19:22:00 終了しました(4228)
2019/04/12 19:35:39 開始します(4864)
2019/04/12 19:35:39 非実行(4864)
2019/04/12 19:35:39 実行中(4864)
2019/04/12 19:49:19 終了しました(4864)
2019/04/17 19:21:19 開始します(1252)
2019/04/17 19:21:19 非実行(1252)
2019/04/17 19:21:19 実行中(1252)
2019/04/17 19:40:59 終了しました(1252)
2019/04/20 07:08:20 開始します(5924)
2019/04/20 07:08:20 非実行(5924)
2019/04/20 07:08:20 実行中(5924)
2019/04/20 07:29:01 終了しました(5924)
2019/04/23 17:12:34 開始します(3576)
2019/04/23 17:12:34 非実行(3576)
2019/04/23 17:12:34 実行中(3576)
2019/04/23 17:18:56 終了しました(3576)
2019/04/24 19:04:15 開始します(4212)
2019/04/24 19:04:15 非実行(4212)
2019/04/24 19:04:15 実行中(4212)
2019/04/24 19:11:02 終了しました(4212)
2019/04/25 18:15:48 開始します(5440)
2019/04/25 18:15:48 非実行(5440)
2019/04/25 18:15:48 実行中(5440)
2019/04/25 18:22:01 終了しました(5440)
2019/04/28 21:22:03 開始します(2208)
2019/04/28 21:22:03 非実行(2208)
2019/04/28 21:22:03 実行中(2208)
2019/04/28 21:41:46 終了しました(2208)
2019/05/06 18:41:41 開始します(6188)
2019/05/06 18:41:41 非実行(6188)
2019/05/06 18:41:41 実行中(6188)
2019/05/06 18:59:30 終了しました(6188)
2019/05/08 15:13:47 開始します(4432)
2019/05/08 15:13:47 非実行(4432)
2019/05/08 15:13:47 実行中(4432)
2019/05/08 15:25:42 終了しました(4432)
2019/05/09 16:16:00 開始します(7548)
2019/05/09 16:16:00 非実行(7548)
2019/05/09 16:16:00 実行中(7548)
2019/05/09 16:25:33 終了しました(7548)
2019/05/24 00:06:33 開始します(7284)
2019/05/24 00:06:33 非実行(7284)
2019/05/24 00:06:33 実行中(7284)
2019/05/24 00:14:20 終了しました(7284)
2019/05/29 00:08:03 開始します(2848)
2019/05/29 00:08:03 非実行(2848)
2019/05/29 00:08:03 実行中(2848)
2019/05/29 00:15:40 終了しました(2848)
2019/06/17 18:31:58 開始します(10396)
2019/06/17 18:31:58 非実行(10396)
2019/06/17 18:31:58 実行中(10396)
2019/06/17 18:37:00 終了しました(10396)
2019/06/25 18:40:56 開始します(10996)
2019/06/25 18:40:56 非実行(10996)
2019/06/25 18:40:56 実行中(10996)
2019/06/25 18:49:33 終了しました(10996)
2019/06/26 23:28:25 開始します(3024)
2019/06/26 23:28:25 非実行(3024)
2019/06/26 23:28:25 実行中(3024)
2019/06/26 23:36:44 終了しました(3024)
2019/06/27 18:57:51 開始します(7400)
2019/06/27 18:57:51 非実行(7400)
2019/06/27 18:57:51 実行中(7400)
2019/06/27 19:06:19 終了しました(7400)
2019/06/28 18:18:22 開始します(7700)
2019/06/28 18:18:22 非実行(7700)
2019/06/28 18:18:22 実行中(7700)
2019/06/28 18:26:35 終了しました(7700)
2019/07/09 19:31:44 開始します(1292)
2019/07/09 19:31:44 非実行(1292)
2019/07/09 19:31:44 実行中(1292)
2019/07/09 19:39:52 終了しました(1292)
2019/07/11 01:08:49 開始します(8904)
2019/07/11 01:08:49 非実行(8904)
2019/07/11 01:08:49 実行中(8904)
2019/07/11 01:16:26 終了しました(8904)
2019/07/22 19:40:09 開始します(9576)
2019/07/22 19:40:09 非実行(9576)
2019/07/22 19:40:09 実行中(9576)
2019/07/22 19:48:05 終了しました(9576)
2019/07/23 14:38:39 開始します(9020)
2019/07/23 14:38:39 非実行(9020)
2019/07/23 14:38:39 実行中(9020)
2019/07/23 14:46:39 終了しました(9020)
2019/07/24 20:04:08 開始します(5192)
2019/07/24 20:04:08 非実行(5192)
2019/07/24 20:04:08 実行中(5192)
2019/07/24 20:12:00 終了しました(5192)
2019/07/25 16:19:23 開始します(1088)
2019/07/25 16:19:23 非実行(1088)
2019/07/25 16:19:23 実行中(1088)
2019/07/25 16:26:46 終了しました(1088)
2019/07/27 02:55:24 開始します(7964)
2019/07/27 02:55:24 非実行(7964)
2019/07/27 02:55:24 実行中(7964)
2019/07/27 03:02:03 終了しました(7964)
2019/07/29 16:44:03 開始します(8800)
2019/07/29 16:44:03 非実行(8800)
2019/07/29 16:44:03 実行中(8800)
2019/07/29 16:50:33 終了しました(8800)
2019/07/30 19:58:42 開始します(11540)
2019/07/30 19:58:42 非実行(11540)
2019/07/30 19:58:42 実行中(11540)
2019/07/30 20:05:05 終了しました(11540)
2019/07/31 22:43:32 開始します(4996)
2019/07/31 22:43:32 非実行(4996)
2019/07/31 22:43:32 実行中(4996)
2019/07/31 22:49:51 終了しました(4996)
2019/08/07 18:33:15 開始します(6380)
2019/08/07 18:33:15 非実行(6380)
2019/08/07 18:33:15 実行中(6380)
2019/08/07 18:39:28 終了しました(6380)
2019/08/08 18:59:36 開始します(7892)
2019/08/08 18:59:36 非実行(7892)
2019/08/08 18:59:36 実行中(7892)
2019/08/08 19:05:28 終了しました(7892)
2019/08/09 16:34:22 開始します(2032)
2019/08/09 16:34:22 非実行(2032)
2019/08/09 16:34:22 実行中(2032)
2019/08/09 16:40:01 終了しました(2032)
2019/08/14 18:46:14 開始します(7360)
2019/08/14 18:46:14 非実行(7360)
2019/08/14 18:46:14 実行中(7360)
2019/08/14 18:51:01 終了しました(7360)
2019/08/15 19:30:23 開始します(12240)
2019/08/15 19:30:23 非実行(12240)
2019/08/15 19:30:23 実行中(12240)
2019/08/15 19:35:07 終了しました(12240)
2019/08/16 16:18:21 開始します(2112)
2019/08/16 16:18:21 非実行(2112)
2019/08/16 16:18:21 実行中(2112)
2019/08/16 16:23:04 終了しました(2112)
2019/08/19 18:47:58 開始します(4592)
2019/08/19 18:47:58 非実行(4592)
2019/08/19 18:47:58 実行中(4592)
2019/08/19 18:52:37 終了しました(4592)
2019/08/20 18:57:28 開始します(10796)
2019/08/20 18:57:28 非実行(10796)
2019/08/20 18:57:28 実行中(10796)
2019/08/20 19:01:58 終了しました(10796)
2019/08/21 17:59:55 開始します(9204)
2019/08/21 17:59:55 非実行(9204)
2019/08/21 17:59:55 実行中(9204)
2019/08/21 18:03:48 終了しました(9204)
2019/08/22 18:16:35 開始します(11492)
2019/08/22 18:16:35 非実行(11492)
2019/08/22 18:16:35 実行中(11492)
2019/08/22 18:20:20 終了しました(11492)
2019/08/26 18:04:48 開始します(10796)
2019/08/26 18:04:48 非実行(10796)
2019/08/26 18:04:48 実行中(10796)
2019/08/26 18:07:43 終了しました(10796)
2019/08/28 17:23:54 開始します(10736)
2019/08/28 17:23:54 非実行(10736)
2019/08/28 17:23:54 実行中(10736)
2019/08/28 17:26:35 終了しました(10736)
2019/09/02 17:30:57 開始します(2756)
2019/09/02 17:30:57 非実行(2756)
2019/09/02 17:30:57 実行中(2756)
2019/09/02 17:33:34 終了しました(2756)
2019/09/04 17:39:02 開始します(10316)
2019/09/04 17:39:02 非実行(10316)
2019/09/04 17:39:02 実行中(10316)
2019/09/04 17:41:31 終了しました(10316)
2019/09/05 19:44:16 開始します(3756)
2019/09/05 19:44:16 非実行(3756)
2019/09/05 19:44:16 実行中(3756)
2019/09/05 19:46:38 終了しました(3756)
2019/09/11 23:55:02 開始します(1728)
2019/09/11 23:55:02 非実行(1728)
2019/09/11 23:55:02 実行中(1728)
2019/09/11 23:57:11 終了しました(1728)
2019/09/13 01:06:07 開始します(12256)
2019/09/13 01:06:07 非実行(12256)
2019/09/13 01:06:07 実行中(12256)
2019/09/13 01:08:14 終了しました(12256)
2019/10/05 01:38:40 開始します(7568)
2019/10/05 01:38:40 非実行(7568)
2019/10/05 01:38:40 実行中(7568)
2019/10/05 01:39:53 終了しました(7568)
2019/11/01 15:41:05 開始します(12308)
2019/11/01 15:41:05 非実行(12308)
2019/11/01 15:41:05 実行中(12308)
2019/11/01 15:47:06 終了しました(12308)
2019/11/05 18:11:29 開始します(5460)
2019/11/05 18:11:29 非実行(5460)
2019/11/05 18:11:29 実行中(5460)
2019/11/05 18:14:16 終了しました(5460)
2019/11/06 21:29:20 開始します(7152)
2019/11/06 21:29:20 非実行(7152)
2019/11/06 21:29:20 実行中(7152)
2019/11/06 21:31:33 終了しました(7152)
2019/11/07 17:02:43 開始します(11232)
2019/11/07 17:02:43 非実行(11232)
2019/11/07 17:02:43 実行中(11232)
2019/11/07 17:04:51 終了しました(11232)
2019/11/08 17:35:27 開始します(5700)
2019/11/08 17:35:27 非実行(5700)
2019/11/08 17:35:27 実行中(5700)
2019/11/08 17:37:36 終了しました(5700)
2019/11/11 17:16:29 開始します(6412)
2019/11/11 17:16:29 非実行(6412)
2019/11/11 17:16:29 実行中(6412)
2019/11/11 17:18:46 終了しました(6412)
2019/11/12 18:30:13 開始します(2500)
2019/11/12 18:30:13 非実行(2500)
2019/11/12 18:30:13 実行中(2500)
2019/11/12 18:32:24 終了しました(2500)
2019/11/13 16:02:47 開始します(12064)
2019/11/13 16:02:47 非実行(12064)
2019/11/13 16:02:47 実行中(12064)
2019/11/13 16:04:58 終了しました(12064)
2019/11/14 19:34:35 開始します(10452)
2019/11/14 19:34:35 非実行(10452)
2019/11/14 19:34:35 実行中(10452)
2019/11/14 19:36:42 終了しました(10452)
2019/11/15 19:22:56 開始します(9840)
2019/11/15 19:22:56 非実行(9840)
2019/11/15 19:22:56 実行中(9840)
2019/11/15 19:25:08 終了しました(9840)
2019/11/18 18:33:53 開始します(3000)
2019/11/18 18:33:53 非実行(3000)
2019/11/18 18:33:53 実行中(3000)
2019/11/18 18:36:02 終了しました(3000)
2019/11/20 02:07:11 開始します(7488)
2019/11/20 02:07:11 非実行(7488)
2019/11/20 02:07:11 実行中(7488)
2019/11/20 02:09:20 終了しました(7488)
2019/11/21 01:30:08 開始します(12884)
2019/11/21 01:30:08 非実行(12884)
2019/11/21 01:30:08 実行中(12884)
2019/11/21 01:32:17 終了しました(12884)
2019/11/21 18:13:18 開始します(12088)
2019/11/21 18:13:18 非実行(12088)
2019/11/21 18:13:18 実行中(12088)
2019/11/21 18:15:28 終了しました(12088)
2019/11/22 23:37:47 開始します(6884)
2019/11/22 23:37:47 非実行(6884)
2019/11/22 23:37:47 実行中(6884)
2019/11/22 23:39:55 終了しました(6884)
2019/11/25 18:12:28 開始します(6152)
2019/11/25 18:12:28 非実行(6152)
2019/11/25 18:12:28 実行中(6152)
2019/11/25 18:14:35 終了しました(6152)
2019/11/28 17:48:31 開始します(11592)
2019/11/28 17:48:31 非実行(11592)
2019/11/28 17:48:31 実行中(11592)
2019/11/28 17:50:42 終了しました(11592)
2019/11/29 18:12:00 開始します(9620)
2019/11/29 18:12:00 非実行(9620)
2019/11/29 18:12:00 実行中(9620)
2019/11/29 18:14:06 終了しました(9620)
2019/12/03 01:30:47 開始します(7604)
2019/12/03 01:30:47 非実行(7604)
2019/12/03 01:30:47 実行中(7604)
2019/12/03 01:32:54 終了しました(7604)
2019/12/23 21:21:28 開始します(3288)
2019/12/23 21:21:28 非実行(3288)
2019/12/23 21:21:28 実行中(3288)
2019/12/23 21:23:35 終了しました(3288)
2019/12/26 22:06:36 開始します(7492)
2019/12/26 22:06:36 非実行(7492)
2019/12/26 22:06:36 実行中(7492)
2019/12/26 22:08:29 終了しました(7492)
2020/02/26 13:39:46 開始します(5060)
2020/02/26 13:39:46 非実行(5060)
2020/02/26 13:39:46 実行中(5060)
2020/02/26 13:47:45 終了しました(5060)
2020/03/02 14:41:05 開始します(7540)
2020/03/02 14:41:05 非実行(7540)
2020/03/02 14:41:05 実行中(7540)
2020/03/02 14:49:00 終了しました(7540)
2020/03/05 18:02:54 開始します(3200)
2020/03/05 18:02:54 非実行(3200)
2020/03/05 18:02:54 実行中(3200)
2020/03/05 18:10:20 終了しました(3200)
2020/03/07 02:05:45 開始します(272)
2020/03/07 02:05:45 非実行(272)
2020/03/07 02:05:45 実行中(272)
2020/03/07 02:13:16 終了しました(272)
2020/03/19 02:47:27 開始します(2080)
2020/03/19 02:47:27 非実行(2080)
2020/03/19 02:47:27 実行中(2080)
2020/03/19 02:51:53 終了しました(2080)
2020/03/19 13:14:00 開始します(5024)
2020/03/19 13:14:00 非実行(5024)
2020/03/19 13:14:00 実行中(5024)
2020/03/19 13:15:29 終了しました(5024)
2020/03/23 17:51:21 開始します(6460)
2020/03/23 17:51:21 非実行(6460)
2020/03/23 17:51:21 実行中(6460)
2020/03/23 17:52:21 終了しました(6460)
2020/04/28 01:03:47 開始します(5412)
2020/04/28 01:03:47 非実行(5412)
2020/04/28 01:03:47 実行中(5412)
2020/04/28 01:04:47 終了しました(5412)
2020/06/03 16:54:25 開始します(8260)
2020/06/03 16:54:25 非実行(8260)
2020/06/03 16:54:25 実行中(8260)
2020/06/03 16:55:27 終了しました(8260)
2020/06/15 15:30:00 開始します(656)
2020/06/15 15:30:00 非実行(656)
2020/06/15 15:30:00 実行中(656)
2020/06/15 15:36:32 終了しました(656)
2020/06/19 02:25:23 開始します(5848)
2020/06/19 02:25:23 非実行(5848)
2020/06/19 02:25:23 実行中(5848)
2020/06/19 02:31:43 終了しました(5848)
2020/06/23 09:03:41 開始します(6772)
2020/06/23 09:03:41 非実行(6772)
2020/06/23 09:03:41 実行中(6772)
2020/06/23 09:09:28 終了しました(6772)
2020/07/09 12:07:06 開始します(6208)
2020/07/09 12:07:06 非実行(6208)
2020/07/09 12:07:06 実行中(6208)
2020/07/09 12:12:49 終了しました(6208)
2020/07/20 15:03:14 開始します(6984)
2020/07/20 15:03:14 非実行(6984)
2020/07/20 15:03:14 実行中(6984)
2020/07/20 15:06:54 終了しました(6984)
2020/08/20 11:09:47 開始します(5336)
2020/08/20 11:09:47 非実行(5336)
2020/08/20 11:09:47 実行中(5336)
2020/08/20 11:16:32 終了しました(5336)
2020/08/20 18:03:47 開始します(6024)
2020/08/20 18:03:47 非実行(6024)
2020/08/20 18:03:47 実行中(6024)
2020/08/20 18:10:28 終了しました(6024)
2020/08/24 09:04:43 開始します(1288)
2020/08/24 09:04:43 非実行(1288)
2020/08/24 09:04:43 実行中(1288)
2020/08/24 09:11:11 終了しました(1288)
2020/08/25 11:07:44 開始します(5860)
2020/08/25 11:07:44 非実行(5860)
2020/08/25 11:07:44 実行中(5860)
2020/08/25 11:13:24 終了しました(5860)
2020/08/26 13:21:48 開始します(6288)
2020/08/26 13:21:48 非実行(6288)
2020/08/26 13:21:48 実行中(6288)
2020/08/26 13:27:29 終了しました(6288)
2020/08/31 19:08:56 開始します(1948)
2020/08/31 19:08:56 非実行(1948)
2020/08/31 19:08:56 実行中(1948)
2020/08/31 19:14:35 終了しました(1948)
2020/09/01 20:26:27 開始します(6080)
2020/09/01 20:26:27 非実行(6080)
2020/09/01 20:26:27 実行中(6080)
2020/09/01 20:32:02 終了しました(6080)
2020/09/03 19:11:33 開始します(5616)
2020/09/03 19:11:33 非実行(5616)
2020/09/03 19:11:33 実行中(5616)
2020/09/03 19:17:01 終了しました(5616)
2020/09/04 11:48:35 開始します(7524)
2020/09/04 11:48:35 非実行(7524)
2020/09/04 11:48:35 実行中(7524)
2020/09/04 11:53:58 終了しました(7524)
2020/09/09 15:38:48 開始します(1304)
2020/09/09 15:38:48 非実行(1304)
2020/09/09 15:38:48 実行中(1304)
2020/09/09 15:44:01 終了しました(1304)
2020/09/14 10:42:05 開始します(6404)
2020/09/14 10:42:05 非実行(6404)
2020/09/14 10:42:05 実行中(6404)
2020/09/14 10:46:03 終了しました(6404)
2020/09/16 10:08:24 開始します(1940)
2020/09/16 10:08:24 非実行(1940)
2020/09/16 10:08:24 実行中(1940)
2020/09/16 10:11:17 終了しました(1940)
2020/09/25 09:29:48 開始します(6932)
2020/09/25 09:29:48 非実行(6932)
2020/09/25 09:29:48 実行中(6932)
2020/09/25 09:32:27 終了しました(6932)
2020/09/25 14:07:54 開始します(1696)
2020/09/25 14:07:54 非実行(1696)
2020/09/25 14:07:54 実行中(1696)
2020/09/25 14:10:31 終了しました(1696)
2020/09/29 13:34:27 開始します(4632)
2020/09/29 13:34:27 非実行(4632)
2020/09/29 13:34:27 実行中(4632)
2020/09/29 13:36:41 終了しました(4632)
2020/09/30 14:09:58 開始します(7236)
2020/09/30 14:09:58 非実行(7236)
2020/09/30 14:09:58 実行中(7236)
2020/09/30 14:11:30 終了しました(7236)
2020/10/01 15:10:28 開始します(6988)
2020/10/01 15:10:28 非実行(6988)
2020/10/01 15:10:28 実行中(6988)
2020/10/01 15:11:51 終了しました(6988)
2020/10/07 21:22:16 開始します(5808)
2020/10/07 21:22:16 非実行(5808)
2020/10/07 21:22:16 実行中(5808)
2020/10/07 21:23:33 終了しました(5808)
2020/10/14 11:37:37 開始します(5792)
2020/10/14 11:37:37 非実行(5792)
2020/10/14 11:37:37 実行中(5792)
2020/10/14 11:38:50 終了しました(5792)
2020/10/19 13:37:22 開始します(6864)
2020/10/19 13:37:22 非実行(6864)
2020/10/19 13:37:22 実行中(6864)
2020/10/19 13:38:34 終了しました(6864)
2020/10/23 18:15:03 開始します(8880)
2020/10/23 18:15:03 非実行(8880)
2020/10/23 18:15:03 実行中(8880)
2020/10/23 18:16:17 終了しました(8880)
2020/11/11 15:56:55 開始します(9284)
2020/11/11 15:56:55 非実行(9284)
2020/11/11 15:56:55 実行中(9284)
2020/11/11 15:58:06 終了しました(9284)
2020/11/12 16:44:26 開始します(9936)
2020/11/12 16:44:26 非実行(9936)
2020/11/12 16:44:26 実行中(9936)
2020/11/12 16:45:31 終了しました(9936)
2020/11/13 18:43:35 開始します(9804)
2020/11/13 18:43:35 非実行(9804)
2020/11/13 18:43:35 実行中(9804)
2020/11/13 18:44:42 終了しました(9804)
2020/11/16 16:42:40 開始します(2856)
2020/11/16 16:42:40 非実行(2856)
2020/11/16 16:42:40 実行中(2856)
2020/11/16 16:43:48 終了しました(2856)
2020/11/17 17:13:01 開始します(9400)
2020/11/17 17:13:01 非実行(9400)
2020/11/17 17:13:01 実行中(9400)
2020/11/17 17:14:11 終了しました(9400)
2020/11/19 16:07:40 開始します(5904)
2020/11/19 16:07:40 非実行(5904)
2020/11/19 16:07:40 実行中(5904)
2020/11/19 16:08:52 終了しました(5904)
2020/11/20 17:37:20 開始します(6168)
2020/11/20 17:37:20 非実行(6168)
2020/11/20 17:37:20 実行中(6168)
2020/11/20 17:38:28 終了しました(6168)
2020/11/24 14:49:16 開始します(9324)
2020/11/24 14:49:16 非実行(9324)
2020/11/24 14:49:16 実行中(9324)
2020/11/24 14:50:26 終了しました(9324)
2020/11/25 17:31:44 開始します(8832)
2020/11/25 17:31:44 非実行(8832)
2020/11/25 17:31:44 実行中(8832)
2020/11/25 17:32:56 終了しました(8832)
2020/11/26 16:43:07 開始します(9500)
2020/11/26 16:43:07 非実行(9500)
2020/11/26 16:43:07 実行中(9500)
2020/11/26 16:44:12 終了しました(9500)
2020/11/27 16:37:43 開始します(10140)
2020/11/27 16:37:43 非実行(10140)
2020/11/27 16:37:43 実行中(10140)
2020/11/27 16:38:51 終了しました(10140)
2020/12/01 16:54:54 開始します(4656)
2020/12/01 16:54:54 非実行(4656)
2020/12/01 16:54:54 実行中(4656)
2020/12/01 16:56:05 終了しました(4656)
2020/12/02 14:43:54 開始します(5480)
2020/12/02 14:43:54 非実行(5480)
2020/12/02 14:43:54 実行中(5480)
2020/12/02 14:45:00 終了しました(5480)
2020/12/03 15:32:44 開始します(4716)
2020/12/03 15:32:44 非実行(4716)
2020/12/03 15:32:44 実行中(4716)
2020/12/03 15:33:52 終了しました(4716)
2020/12/10 17:22:00 開始します(7356)
2020/12/10 17:22:00 非実行(7356)
2020/12/10 17:22:00 実行中(7356)
2020/12/10 17:23:09 終了しました(7356)
2021/01/12 16:59:12 開始します(1396)
2021/01/12 16:59:12 非実行(1396)
2021/01/12 16:59:12 実行中(1396)
2021/01/12 17:00:16 終了しました(1396)
2021/01/15 09:27:58 開始します(4088)
2021/01/15 09:27:58 非実行(4088)
2021/01/15 09:27:58 実行中(4088)
2021/01/15 09:29:02 終了しました(4088)
2021/01/18 09:24:01 開始します(8492)
2021/01/18 09:24:01 非実行(8492)
2021/01/18 09:24:01 実行中(8492)
2021/01/18 09:25:09 終了しました(8492)
2021/01/19 10:11:56 開始します(8988)
2021/01/19 10:11:56 非実行(8988)
2021/01/19 10:11:56 実行中(8988)
2021/01/19 10:13:02 終了しました(8988)
2021/01/21 09:13:06 開始します(8324)
2021/01/21 09:13:06 非実行(8324)
2021/01/21 09:13:06 実行中(8324)
2021/01/21 09:14:11 終了しました(8324)
2021/03/03 14:41:24 開始します(7652)
2021/03/03 14:41:24 非実行(7652)
2021/03/03 14:41:24 実行中(7652)
2021/03/03 14:42:36 終了しました(7652)
2021/03/04 13:37:16 開始します(6680)
2021/03/04 13:37:16 非実行(6680)
2021/03/04 13:37:16 実行中(6680)
2021/03/04 13:38:13 終了しました(6680)
2021/04/19 14:52:28 開始します(2136)
2021/04/19 14:52:28 非実行(2136)
2021/04/19 14:52:28 実行中(2136)
2021/04/19 14:58:45 終了しました(2136)
2021/05/07 11:51:52 開始します(9084)
2021/05/07 11:51:52 非実行(9084)
2021/05/07 11:51:52 実行中(9084)
2021/05/07 11:58:26 終了しました(9084)
2021/05/10 15:26:45 開始します(6404)
2021/05/10 15:26:45 非実行(6404)
2021/05/10 15:26:45 実行中(6404)
2021/05/10 15:33:04 終了しました(6404)
2021/05/12 03:34:38 開始します(8776)
2021/05/12 03:34:38 非実行(8776)
2021/05/12 03:34:38 実行中(8776)
2021/05/12 03:40:58 終了しました(8776)
2021/05/17 14:40:18 開始します(8520)
2021/05/17 14:40:18 非実行(8520)
2021/05/17 14:40:18 実行中(8520)
2021/05/17 14:47:02 終了しました(8520)
2021/06/09 17:54:59 開始します(980)
2021/06/09 17:54:59 非実行(980)
2021/06/09 17:54:59 実行中(980)
2021/06/09 17:59:34 終了しました(980)
2021/08/03 10:09:44 開始します(4156)
2021/08/03 10:09:44 非実行(4156)
2021/08/03 10:09:44 実行中(4156)
2021/08/03 10:14:23 終了しました(4156)
2021/11/15 23:39:32 開始します(2936)
2021/11/15 23:39:32 非実行(2936)
2021/11/15 23:39:32 実行中(2936)
2021/11/15 23:46:09 終了しました(2936)
2021/11/16 15:34:22 開始します(5192)
2021/11/16 15:34:22 非実行(5192)
2021/11/16 15:34:22 実行中(5192)
2021/11/16 15:38:26 終了しました(5192)
2021/11/17 15:03:17 開始します(3052)
2021/11/17 15:03:17 非実行(3052)
2021/11/17 15:03:17 実行中(3052)
2021/11/17 15:06:47 終了しました(3052)
2021/11/18 09:54:29 開始します(6884)
2021/11/18 09:54:29 非実行(6884)
2021/11/18 09:54:29 実行中(6884)
2021/11/18 09:57:56 終了しました(6884)
2021/11/22 15:48:23 開始します(6316)
2021/11/22 15:48:23 非実行(6316)
2021/11/22 15:48:23 実行中(6316)
2021/11/22 15:51:48 終了しました(6316)
2022/02/21 15:04:49 開始します(3688)
2022/02/21 15:04:49 非実行(3688)
2022/02/21 15:04:49 実行中(3688)
2022/02/21 15:11:32 終了しました(3688)
2022/02/25 12:07:33 開始します(7880)
2022/02/25 12:07:33 非実行(7880)
2022/02/25 12:07:33 実行中(7880)
2022/02/25 12:14:20 終了しました(7880)
2022/03/04 10:10:00 開始します(7244)
2022/03/04 10:10:00 非実行(7244)
2022/03/04 10:10:00 実行中(7244)
2022/03/04 10:16:51 終了しました(7244)
2022/03/11 10:01:56 開始します(1660)
2022/03/11 10:01:56 非実行(1660)
2022/03/11 10:01:56 実行中(1660)
2022/03/11 10:08:27 終了しました(1660)
2022/03/23 10:13:02 開始します(5892)
2022/03/23 10:13:02 非実行(5892)
2022/03/23 10:13:02 実行中(5892)
2022/03/23 10:18:39 終了しました(5892)
2022/04/06 12:10:12 開始します(6404)
2022/04/06 12:10:12 非実行(6404)
2022/04/06 12:10:12 実行中(6404)
2022/04/06 12:15:53 終了しました(6404)
2022/04/12 15:22:10 開始します(5920)
2022/04/12 15:22:10 非実行(5920)
2022/04/12 15:22:10 実行中(5920)
2022/04/12 15:27:56 終了しました(5920)
2022/04/18 15:30:32 開始します(5952)
2022/04/18 15:30:32 非実行(5952)
2022/04/18 15:30:32 実行中(5952)
2022/04/18 15:34:53 終了しました(5952)
2022/04/25 15:55:19 開始します(2884)
2022/04/25 15:55:19 非実行(2884)
2022/04/25 15:55:19 実行中(2884)
2022/04/25 15:57:58 終了しました(2884)
2022/09/21 12:49:17 開始します(6988)
2022/09/21 12:49:17 非実行(6988)
2022/09/21 12:49:17 実行中(6988)
2022/09/21 12:50:15 終了しました(6988)
2022/10/13 16:12:08 開始します(2232)
2022/10/13 16:12:08 非実行(2232)
2022/10/13 16:12:08 実行中(2232)
2022/10/13 16:13:02 終了しました(2232)
2022/12/19 11:42:37 開始します(6440)
2022/12/19 11:42:37 非実行(6440)
2022/12/19 11:42:37 実行中(6440)
2022/12/19 17:03:51 終了しました(6440)
2023/01/16 14:40:02 開始します(7196)
2023/01/16 14:40:02 非実行(7196)
2023/01/16 14:40:02 実行中(7196)
2023/01/16 14:47:25 終了しました(7196)
2023/01/17 17:39:41 開始します(3648)
2023/01/17 17:39:41 非実行(3648)
2023/01/17 17:39:41 実行中(3648)
2023/01/17 17:47:05 終了しました(3648)
2023/01/18 09:33:18 開始します(128)
2023/01/18 09:33:18 非実行(128)
2023/01/18 09:33:18 実行中(128)
2023/01/18 09:40:39 終了しました(128)
2023/01/23 14:57:03 開始します(5576)
2023/01/23 14:57:03 非実行(5576)
2023/01/23 14:57:03 実行中(5576)
2023/01/24 09:06:53 終了しました(5576)
2023/03/28 15:11:33 開始します(7020)
2023/03/28 15:11:33 非実行(7020)
2023/03/28 15:11:33 実行中(7020)
2023/03/28 15:17:47 終了しました(7020)
2023/04/25 14:45:39 開始します(5944)
2023/04/25 14:45:39 非実行(5944)
2023/04/25 14:45:39 実行中(5944)
2023/04/25 14:51:22 終了しました(5944)
2023/05/15 15:09:53 開始します(3836)
2023/05/15 15:09:53 非実行(3836)
2023/05/15 15:09:53 実行中(3836)
2023/05/15 15:16:28 終了しました(3836)
2023/05/16 13:27:56 開始します(7180)
2023/05/16 13:27:56 非実行(7180)
2023/05/16 13:27:56 実行中(7180)
2023/05/16 13:34:37 終了しました(7180)
2023/06/13 15:02:23 開始します(8168)
2023/06/13 15:02:23 非実行(8168)
2023/06/13 15:02:23 実行中(8168)
2023/06/13 15:08:53 終了しました(8168)
2023/09/08 14:17:11 開始します(6004)
2023/09/08 14:17:11 非実行(6004)
2023/09/08 14:17:11 実行中(6004)
2023/09/08 14:23:04 終了しました(6004)
2023/09/14 15:01:32 開始します(3560)
2023/09/14 15:01:32 非実行(3560)
2023/09/14 15:01:32 実行中(3560)
2023/09/14 15:09:37 終了しました(3560)
2023/09/28 15:04:23 開始します(1672)
2023/09/28 15:04:23 非実行(1672)
2023/09/28 15:04:23 実行中(1672)
2023/09/28 15:13:02 終了しました(1672)
2023/10/25 13:23:38 開始します(2964)
2023/10/25 13:23:38 非実行(2964)
2023/10/25 13:23:38 実行中(2964)
2023/10/25 13:31:52 終了しました(2964)
2024/01/29 16:06:20 開始します(8084)
2024/01/29 16:06:20 非実行(8084)
2024/01/29 16:06:20 実行中(8084)
2024/01/29 16:12:28 終了しました(8084)
2024/06/24 15:07:11 開始します(944)
2024/06/24 15:07:11 非実行(944)
2024/06/24 15:07:11 実行中(944)
2024/06/24 15:07:12 終了しました(944)
2024/06/24 15:09:40 開始します(5828)
2024/06/24 15:09:40 非実行(5828)
2024/06/24 15:09:40 実行中(5828)
2024/06/24 15:09:43 終了しました(5828)
2024/06/24 15:17:00 開始します(2408)
2024/06/24 15:17:00 非実行(2408)
2024/06/24 15:17:00 実行中(2408)
2024/06/24 15:17:05 終了しました(2408)
2024/06/24 15:20:26 開始します(5960)
2024/06/24 15:20:26 非実行(5960)
2024/06/24 15:20:26 実行中(5960)
2024/06/24 15:20:30 終了しました(5960)
2024/06/24 15:24:15 開始します(3292)
2024/06/24 15:24:15 非実行(3292)
2024/06/24 15:24:15 実行中(3292)
2024/06/24 15:24:15 終了しました(3292)
2024/06/24 15:24:55 開始します(5040)
2024/06/24 15:24:55 非実行(5040)
2024/06/24 15:24:55 実行中(5040)
2024/06/24 15:25:02 終了しました(5040)
2024/07/02 15:46:16 開始します(4576)
2024/07/02 15:46:16 非実行(4576)
2024/07/02 15:46:16 実行中(4576)
2024/07/02 15:46:34 終了しました(4576)
2024/07/02 15:56:01 開始します(2472)
2024/07/02 15:56:01 非実行(2472)
2024/07/02 15:56:01 実行中(2472)
2024/07/02 15:56:20 終了しました(2472)
2024/07/02 15:57:15 開始します(5148)
2024/07/02 15:57:15 非実行(5148)
2024/07/02 15:57:15 実行中(5148)
2024/07/02 15:58:05 終了しました(5148)
2024/07/02 16:00:01 開始します(5068)
2024/07/02 16:00:01 非実行(5068)
2024/07/02 16:00:01 実行中(5068)
2024/07/02 16:00:50 終了しました(5068)
2024/07/02 16:02:36 開始します(8224)
2024/07/02 16:02:36 非実行(8224)
2024/07/02 16:02:36 実行中(8224)
2024/07/02 16:03:26 終了しました(8224)
2024/07/02 16:05:36 開始します(5152)
2024/07/02 16:05:36 非実行(5152)
2024/07/02 16:05:36 実行中(5152)
2024/07/02 16:06:26 終了しました(5152)
2024/07/02 16:07:53 開始します(4816)
2024/07/02 16:07:53 非実行(4816)
2024/07/02 16:07:53 実行中(4816)
2024/07/02 16:08:44 終了しました(4816)
2024/07/02 16:10:14 開始します(7228)
2024/07/02 16:10:14 非実行(7228)
2024/07/02 16:10:14 実行中(7228)
2024/07/02 16:11:05 終了しました(7228)
2024/07/02 16:12:12 開始します(6556)
2024/07/02 16:12:12 非実行(6556)
2024/07/02 16:12:12 実行中(6556)
2024/07/02 16:29:07 終了しました(6556)
2024/07/02 16:29:13 開始します(5804)
2024/07/02 16:29:13 非実行(5804)
2024/07/02 16:29:13 実行中(5804)
2024/07/02 16:29:14 終了しました(5804)
2024/07/02 16:30:26 開始します(3104)
2024/07/02 16:30:26 非実行(3104)
2024/07/02 16:30:26 実行中(3104)
2024/07/02 16:37:01 終了しました(3104)
2024/07/02 16:37:19 開始します(7344)
2024/07/02 16:37:19 非実行(7344)
2024/07/02 16:37:19 実行中(7344)
2024/07/02 16:38:15 終了しました(7344)
2024/07/02 16:40:41 開始します(3084)
2024/07/02 16:40:41 非実行(3084)
2024/07/02 16:40:41 実行中(3084)
2024/07/02 16:41:11 終了しました(3084)
2024/07/02 16:42:57 開始します(8716)
2024/07/02 16:42:57 非実行(8716)
2024/07/02 16:42:57 実行中(8716)
2024/07/02 16:47:37 終了しました(8716)
2024/07/03 09:10:40 開始します(1812)
2024/07/03 09:10:40 非実行(1812)
2024/07/03 09:10:40 実行中(1812)
2024/07/03 09:10:41 終了しました(1812)
2024/07/03 09:10:50 開始します(5936)
2024/07/03 09:10:50 非実行(5936)
2024/07/03 09:10:50 実行中(5936)
2024/07/03 09:11:44 終了しました(5936)
2024/07/03 09:12:33 開始します(2504)
2024/07/03 09:12:33 非実行(2504)
2024/07/03 09:12:33 実行中(2504)
2024/07/03 09:19:49 終了しました(2504)
2024/07/03 10:42:21 開始します(8412)
2024/07/03 10:42:21 非実行(8412)
2024/07/03 10:42:21 実行中(8412)
2024/07/03 10:48:37 終了しました(8412)
2024/07/03 10:49:32 開始します(8008)
2024/07/03 10:49:32 非実行(8008)
2024/07/03 10:49:32 実行中(8008)
2024/07/03 10:50:37 終了しました(8008)
2024/07/03 11:07:45 開始します(7504)
2024/07/03 11:07:45 非実行(7504)
2024/07/03 11:07:45 実行中(7504)
2024/07/03 11:08:49 終了しました(7504)
2024/07/03 11:10:58 開始します(9152)
2024/07/03 11:10:58 非実行(9152)
2024/07/03 11:10:58 実行中(9152)
2024/07/03 11:12:09 終了しました(9152)
2024/07/03 11:13:29 開始します(5448)
2024/07/03 11:13:29 非実行(5448)
2024/07/03 11:13:29 実行中(5448)
2024/07/03 11:14:40 終了しました(5448)
2024/07/03 11:17:25 開始します(8348)
2024/07/03 11:17:25 非実行(8348)
2024/07/03 11:17:25 実行中(8348)
2024/07/03 11:18:38 終了しました(8348)
2024/07/03 11:22:46 開始します(8812)
2024/07/03 11:22:46 非実行(8812)
2024/07/03 11:22:46 実行中(8812)
2024/07/03 11:23:58 終了しました(8812)
2024/07/03 11:30:01 開始します(360)
2024/07/03 11:30:01 非実行(360)
2024/07/03 11:30:01 実行中(360)
2024/07/03 11:31:16 終了しました(360)
2024/07/03 12:29:01 開始します(6724)
2024/07/03 12:29:01 非実行(6724)
2024/07/03 12:29:01 実行中(6724)
2024/07/03 12:59:45 終了しました(6724)
2024/07/03 14:07:26 開始します(3052)
2024/07/03 14:07:26 非実行(3052)
2024/07/03 14:07:26 実行中(3052)
2024/07/03 14:18:22 終了しました(3052)
2024/07/03 14:19:17 開始します(5976)
2024/07/03 14:19:17 非実行(5976)
2024/07/03 14:19:17 実行中(5976)
2024/07/03 14:20:19 終了しました(5976)
2024/07/03 14:21:46 開始します(7696)
2024/07/03 14:21:46 非実行(7696)
2024/07/03 14:21:46 実行中(7696)
2024/07/03 14:23:13 終了しました(7696)
2024/07/12 15:19:33 開始します(9688)
2024/07/12 15:19:33 非実行(9688)
2024/07/12 15:19:33 実行中(9688)
2024/07/12 15:20:54 終了しました(9688)
2024/07/12 15:23:10 開始します(7764)
2024/07/12 15:23:10 非実行(7764)
2024/07/12 15:23:10 実行中(7764)
2024/07/12 15:24:31 終了しました(7764)
2024/08/15 13:42:32 開始します(7172)
2024/08/15 13:42:32 非実行(7172)
2024/08/15 13:42:32 実行中(7172)
2024/08/15 13:44:38 終了しました(7172)
2024/08/19 12:47:00 開始します(9204)
2024/08/19 12:47:00 非実行(9204)
2024/08/19 12:47:00 実行中(9204)
2024/08/19 12:54:02 終了しました(9204)
2024/08/22 09:46:39 開始します(3600)
2024/08/22 09:46:39 非実行(3600)
2024/08/22 09:46:39 実行中(3600)
2024/08/22 09:54:17 終了しました(3600)
2024/08/22 12:34:48 開始します(9704)
2024/08/22 12:34:48 非実行(9704)
2024/08/22 12:34:48 実行中(9704)
2024/08/22 12:56:11 終了しました(9704)
2024/08/22 14:23:00 開始します(8284)
2024/08/22 14:23:00 非実行(8284)
2024/08/22 14:23:00 実行中(8284)
2024/08/22 14:38:21 終了しました(8284)
2024/08/22 14:57:52 開始します(7404)
2024/08/22 14:57:52 非実行(7404)
2024/08/22 14:57:52 実行中(7404)
2024/08/22 15:19:44 終了しました(7404)
2024/08/22 15:39:57 開始します(5936)
2024/08/22 15:39:57 非実行(5936)
2024/08/22 15:39:57 実行中(5936)
2024/08/22 15:41:27 終了しました(5936)
2024/09/03 13:09:45 開始します(7156)
2024/09/03 13:09:45 非実行(7156)
2024/09/03 13:09:45 実行中(7156)
2024/09/05 07:54:17 開始します(7672)
2024/09/05 07:54:17 確認するPID：8496
2024/09/05 07:54:17 実行結果：
2024/09/05 07:54:17 非実行(7672)
2024/09/05 07:54:17 実行中(7672)
2024/09/05 08:00:00 終了しました(7672)
2024/09/05 08:02:48 開始します(2696)
2024/09/05 08:02:48 非実行(2696)
2024/09/05 08:02:48 実行中(2696)
2024/09/05 08:08:42 終了しました(2696)
2024/09/05 08:23:55 開始します(9600)
2024/09/05 08:23:55 非実行(9600)
2024/09/05 08:23:55 実行中(9600)
2024/09/05 09:00:45 終了しました(9600)
2024/09/05 13:20:05 開始します(10288)
2024/09/05 13:20:05 非実行(10288)
2024/09/05 13:20:05 実行中(10288)
2024/09/05 14:27:27 終了しました(10288)
2024/09/12 03:13:02 開始します(2556)
2024/09/12 03:13:02 非実行(2556)
2024/09/12 03:13:02 実行中(2556)
2024/09/12 03:13:45 終了しました(2556)
2024/09/12 16:45:28 開始します(8928)
2024/09/12 16:45:28 非実行(8928)
2024/09/12 16:45:28 実行中(8928)
2024/09/12 16:48:41 終了しました(8928)
2024/09/12 16:56:54 開始します(6388)
2024/09/12 16:56:54 非実行(6388)
2024/09/12 16:56:54 実行中(6388)
2024/09/12 17:43:32 終了しました(6388)
2024/09/12 20:59:56 開始します(4812)
2024/09/12 20:59:56 非実行(4812)
2024/09/12 20:59:56 実行中(4812)
2024/09/13 10:31:57 開始します(8296)
2024/09/13 10:31:57 確認するPID：7324
2024/09/13 10:31:57 実行結果：
2024/09/13 10:31:57 非実行(8296)
2024/09/13 10:31:57 実行中(8296)
2024/09/13 10:32:09 終了しました(8296)
2024/09/13 10:34:24 開始します(760)
2024/09/13 10:34:24 非実行(760)
2024/09/13 10:34:24 実行中(760)
2024/09/13 10:34:27 終了しました(760)
2024/09/13 11:01:27 開始します(9616)
2024/09/13 11:01:27 非実行(9616)
2024/09/13 11:01:27 実行中(9616)
2024/09/13 11:01:36 終了しました(9616)
2024/09/13 12:28:09 開始します(9132)
2024/09/13 12:28:09 非実行(9132)
2024/09/13 12:28:09 実行中(9132)
2024/09/13 12:28:12 終了しました(9132)
2024/09/13 13:28:01 開始します(7200)
2024/09/13 13:28:01 非実行(7200)
2024/09/13 13:28:01 実行中(7200)
2024/09/13 13:28:11 終了しました(7200)
2024/09/14 18:10:20 開始します(10452)
2024/09/14 18:10:20 非実行(10452)
2024/09/14 18:10:20 実行中(10452)
2024/09/18 04:26:18 開始します(9736)
2024/09/18 04:26:18 確認するPID：6064
2024/09/18 04:26:18 実行結果：
2024/09/18 04:26:18 非実行(9736)
2024/09/18 04:26:18 実行中(9736)
2024/09/18 04:56:09 終了しました(9736)
2024/09/18 17:29:04 開始します(10812)
2024/09/18 17:29:04 非実行(10812)
2024/09/18 17:29:04 実行中(10812)
2024/09/18 17:53:35 終了しました(10812)
2024/09/19 19:55:26 開始します(12300)
2024/09/19 19:55:26 非実行(12300)
2024/09/19 19:55:26 実行中(12300)
2024/09/19 20:24:04 終了しました(12300)
2024/09/20 21:30:33 開始します(8816)
2024/09/20 21:30:33 非実行(8816)
2024/09/20 21:30:33 実行中(8816)
2024/09/20 21:59:31 終了しました(8816)
2024/09/24 22:26:37 開始します(8888)
2024/09/24 22:26:37 非実行(8888)
2024/09/24 22:26:37 実行中(8888)
2024/09/24 22:55:42 終了しました(8888)
2024/09/25 20:31:47 開始します(9776)
2024/09/25 20:31:47 非実行(9776)
2024/09/25 20:31:47 実行中(9776)
2024/09/25 21:00:44 終了しました(9776)
2024/09/26 20:58:01 開始します(10656)
2024/09/26 20:58:01 非実行(10656)
2024/09/26 20:58:01 実行中(10656)
2024/09/26 21:26:50 終了しました(10656)
2024/09/27 14:17:10 開始します(4316)
2024/09/27 14:17:10 非実行(4316)
2024/09/27 14:17:10 実行中(4316)
2024/09/27 14:46:35 終了しました(4316)
2024/09/27 21:24:13 開始します(8568)
2024/09/27 21:24:13 非実行(8568)
2024/09/27 21:24:13 実行中(8568)
2024/09/27 21:53:05 終了しました(8568)
2024/09/28 20:34:45 開始します(5732)
2024/09/28 20:34:45 非実行(5732)
2024/09/28 20:34:45 実行中(5732)
2024/09/28 21:04:02 終了しました(5732)
2024/10/01 19:59:59 開始します(7368)
2024/10/01 19:59:59 非実行(7368)
2024/10/01 19:59:59 実行中(7368)
2024/10/01 20:29:05 終了しました(7368)
2024/10/02 14:40:26 開始します(13184)
2024/10/02 14:40:26 非実行(13184)
2024/10/02 14:40:26 実行中(13184)
2024/10/02 14:41:56 終了しました(13184)
2024/10/02 14:46:54 開始します(10496)
2024/10/02 14:46:54 非実行(10496)
2024/10/02 14:46:54 実行中(10496)
2024/10/02 15:16:16 終了しました(10496)
2024/10/02 20:26:23 開始します(11324)
2024/10/02 20:26:23 非実行(11324)
2024/10/02 20:26:23 実行中(11324)
2024/10/02 20:55:32 終了しました(11324)
2024/10/03 19:55:48 開始します(10920)
2024/10/03 19:55:48 非実行(10920)
2024/10/03 19:55:48 実行中(10920)
2024/10/03 20:24:49 終了しました(10920)
2024/10/04 20:26:00 開始します(868)
2024/10/04 20:26:00 非実行(868)
2024/10/04 20:26:00 実行中(868)
2024/10/04 20:55:08 終了しました(868)
2024/10/07 17:28:02 開始します(12664)
2024/10/07 17:28:02 非実行(12664)
2024/10/07 17:28:02 実行中(12664)
2024/10/07 20:50:13 開始します(10408)
2024/10/07 20:50:13 確認するPID：3288
2024/10/07 20:50:13 実行結果：
2024/10/07 20:50:13 非実行(10408)
2024/10/07 20:50:13 実行中(10408)
2024/10/07 21:20:46 終了しました(10408)
2024/10/08 20:27:56 開始します(6448)
2024/10/08 20:27:56 非実行(6448)
2024/10/08 20:27:56 実行中(6448)
2024/10/08 20:57:20 終了しました(6448)
2024/10/09 21:05:48 開始します(8568)
2024/10/09 21:05:48 非実行(8568)
2024/10/09 21:05:48 実行中(8568)
2024/10/09 21:34:39 終了しました(8568)
2024/10/10 20:07:10 開始します(2864)
2024/10/10 20:07:10 非実行(2864)
2024/10/10 20:07:10 実行中(2864)
2024/10/10 20:36:03 終了しました(2864)
2024/10/12 21:03:09 開始します(5576)
2024/10/12 21:03:09 非実行(5576)
2024/10/12 21:03:09 実行中(5576)
2024/10/12 21:34:42 終了しました(5576)
2024/10/15 19:37:43 開始します(1064)
2024/10/15 19:37:43 非実行(1064)
2024/10/15 19:37:43 実行中(1064)
2024/10/15 20:08:58 終了しました(1064)
2024/10/16 19:49:15 開始します(1004)
2024/10/16 19:49:15 非実行(1004)
2024/10/16 19:49:15 実行中(1004)
2024/10/16 20:19:43 終了しました(1004)
2024/10/17 21:21:44 開始します(5676)
2024/10/17 21:21:44 非実行(5676)
2024/10/17 21:21:44 実行中(5676)
2024/10/17 21:53:35 終了しました(5676)
2024/10/18 16:41:47 開始します(7476)
2024/10/18 16:41:47 非実行(7476)
2024/10/18 16:41:47 実行中(7476)
2024/10/18 16:43:34 終了しました(7476)
2024/10/18 19:52:11 開始します(4680)
2024/10/18 19:52:11 非実行(4680)
2024/10/18 19:52:11 実行中(4680)
2024/10/18 20:06:58 終了しました(4680)
2024/10/21 19:47:51 開始します(4656)
2024/10/21 19:47:51 非実行(4656)
2024/10/21 19:47:51 実行中(4656)
2024/10/21 20:03:34 終了しました(4656)
2024/10/22 20:02:01 開始します(8020)
2024/10/22 20:02:01 非実行(8020)
2024/10/22 20:02:01 実行中(8020)
2024/10/22 20:17:57 終了しました(8020)
2024/10/23 19:42:12 開始します(4552)
2024/10/23 19:42:12 非実行(4552)
2024/10/23 19:42:12 実行中(4552)
2024/10/23 19:57:54 終了しました(4552)
2024/10/24 23:38:26 開始します(5260)
2024/10/24 23:38:26 非実行(5260)
2024/10/24 23:38:26 実行中(5260)
2024/10/24 23:54:23 終了しました(5260)
2024/10/27 04:08:29 開始します(7800)
2024/10/27 04:08:29 非実行(7800)
2024/10/27 04:08:29 実行中(7800)
2024/10/27 04:24:15 終了しました(7800)
2024/10/28 19:40:30 開始します(6416)
2024/10/28 19:40:30 非実行(6416)
2024/10/28 19:40:30 実行中(6416)
2024/10/28 19:56:03 終了しました(6416)
2024/10/29 21:34:52 開始します(4392)
2024/10/29 21:34:52 非実行(4392)
2024/10/29 21:34:52 実行中(4392)
2024/10/29 21:36:02 終了しました(4392)
2024/10/30 19:08:04 開始します(3904)
2024/10/30 19:08:04 非実行(3904)
2024/10/30 19:08:04 実行中(3904)
2024/10/30 19:09:14 終了しました(3904)
2024/10/31 19:57:16 開始します(6132)
2024/10/31 19:57:16 非実行(6132)
2024/10/31 19:57:16 実行中(6132)
2024/10/31 19:58:27 終了しました(6132)
2024/11/03 11:44:18 開始します(6336)
2024/11/03 11:44:18 非実行(6336)
2024/11/03 11:44:18 実行中(6336)
2024/11/03 11:59:55 終了しました(6336)
2024/11/05 21:42:23 開始します(5564)
2024/11/05 21:42:23 非実行(5564)
2024/11/05 21:42:23 実行中(5564)
2024/11/05 21:43:32 終了しました(5564)
2024/11/06 10:41:58 開始します(2560)
2024/11/06 10:41:58 非実行(2560)
2024/11/06 10:41:58 実行中(2560)
2024/11/06 10:53:30 終了しました(2560)
2024/11/06 20:53:49 開始します(7216)
2024/11/06 20:53:49 非実行(7216)
2024/11/06 20:53:49 実行中(7216)
2024/11/06 21:09:46 終了しました(7216)
2024/11/07 22:32:22 開始します(6116)
2024/11/07 22:32:22 非実行(6116)
2024/11/07 22:32:22 実行中(6116)
2024/11/07 22:48:38 終了しました(6116)
2024/11/08 23:08:49 開始します(7356)
2024/11/08 23:08:49 非実行(7356)
2024/11/08 23:08:49 実行中(7356)
2024/11/08 23:24:57 終了しました(7356)
2024/11/11 22:00:57 開始します(5104)
2024/11/11 22:00:57 非実行(5104)
2024/11/11 22:00:57 実行中(5104)
2024/11/11 22:17:08 終了しました(5104)
2024/11/12 22:29:31 開始します(3024)
2024/11/12 22:29:31 非実行(3024)
2024/11/12 22:29:31 実行中(3024)
2024/11/12 22:46:26 終了しました(3024)
2024/11/13 23:25:54 開始します(6500)
2024/11/13 23:25:54 非実行(6500)
2024/11/13 23:25:54 実行中(6500)
2024/11/13 23:47:12 終了しました(6500)
2024/11/14 22:59:40 開始します(8100)
2024/11/14 22:59:40 非実行(8100)
2024/11/14 22:59:40 実行中(8100)
2024/11/14 23:17:30 終了しました(8100)
2024/11/16 20:43:47 開始します(5728)
2024/11/16 20:43:47 非実行(5728)
2024/11/16 20:43:47 実行中(5728)
2024/11/16 20:59:25 終了しました(5728)
2024/11/18 22:52:02 開始します(636)
2024/11/18 22:52:02 非実行(636)
2024/11/18 22:52:02 実行中(636)
2024/11/18 23:08:48 終了しました(636)
2024/11/19 22:31:40 開始します(8468)
2024/11/19 22:31:40 非実行(8468)
2024/11/19 22:31:40 実行中(8468)
2024/11/19 22:48:29 終了しました(8468)
2024/11/20 13:58:23 開始します(4228)
2024/11/20 13:58:23 非実行(4228)
2024/11/20 13:58:23 実行中(4228)
2024/11/20 14:14:38 終了しました(4228)
2024/11/20 23:52:38 開始します(8876)
2024/11/20 23:52:38 非実行(8876)
2024/11/20 23:52:38 実行中(8876)
2024/11/21 08:53:18 終了しました(8876)
2024/11/21 19:05:19 開始します(1764)
2024/11/21 19:05:19 非実行(1764)
2024/11/21 19:05:19 実行中(1764)
2024/11/21 23:16:50 終了しました(1764)
2024/11/24 14:29:57 開始します(9060)
2024/11/24 14:29:57 非実行(9060)
2024/11/24 14:29:57 実行中(9060)
2024/11/24 18:40:40 終了しました(9060)
2024/12/03 22:33:48 開始します(2820)
2024/12/03 22:33:48 非実行(2820)
2024/12/03 22:33:48 実行中(2820)
2024/12/03 22:51:10 終了しました(2820)
2024/12/04 19:34:00 開始します(4036)
2024/12/04 19:34:00 非実行(4036)
2024/12/04 19:34:00 実行中(4036)
2024/12/04 19:51:29 終了しました(4036)
2024/12/05 18:27:32 開始します(10168)
2024/12/05 18:27:32 非実行(10168)
2024/12/05 18:27:32 実行中(10168)
2024/12/05 18:45:14 終了しました(10168)
2024/12/06 20:36:09 開始します(6700)
2024/12/06 20:36:09 非実行(6700)
2024/12/06 20:36:09 実行中(6700)
2024/12/06 20:55:16 終了しました(6700)
2024/12/10 20:42:26 開始します(2956)
2024/12/10 20:42:26 非実行(2956)
2024/12/10 20:42:26 実行中(2956)
2024/12/10 21:03:00 終了しました(2956)
2024/12/11 22:45:20 開始します(6952)
2024/12/11 22:45:20 非実行(6952)
2024/12/11 22:45:20 実行中(6952)
2024/12/11 23:07:18 終了しました(6952)
2024/12/12 19:49:32 開始します(3136)
2024/12/12 19:49:32 非実行(3136)
2024/12/12 19:49:32 実行中(3136)
2024/12/12 20:12:17 終了しました(3136)
2024/12/15 19:42:07 開始します(5292)
2024/12/15 19:42:07 非実行(5292)
2024/12/15 19:42:07 実行中(5292)
2024/12/15 20:08:54 終了しました(5292)
2024/12/16 22:42:33 開始します(9408)
2024/12/16 22:42:33 非実行(9408)
2024/12/16 22:42:33 実行中(9408)
2024/12/16 23:03:39 終了しました(9408)
2024/12/17 20:44:51 開始します(5136)
2024/12/17 20:44:51 非実行(5136)
2024/12/17 20:44:51 実行中(5136)
2024/12/17 21:09:41 終了しました(5136)
2024/12/18 19:48:08 開始します(408)
2024/12/18 19:48:08 非実行(408)
2024/12/18 19:48:08 実行中(408)
2024/12/18 20:13:07 終了しました(408)
2024/12/19 20:53:08 開始します(1788)
2024/12/19 20:53:08 非実行(1788)
2024/12/19 20:53:08 実行中(1788)
2024/12/19 21:23:52 終了しました(1788)
2024/12/20 20:52:47 開始します(2412)
2024/12/20 20:52:47 非実行(2412)
2024/12/20 20:52:47 実行中(2412)
2024/12/20 21:23:26 終了しました(2412)
2024/12/21 23:28:54 開始します(5172)
2024/12/21 23:28:54 非実行(5172)
2024/12/21 23:28:54 実行中(5172)
2024/12/21 23:55:05 終了しました(5172)
2024/12/23 19:44:18 開始します(9824)
2024/12/23 19:44:18 非実行(9824)
2024/12/23 19:44:18 実行中(9824)
2024/12/23 20:14:34 終了しました(9824)
2024/12/24 18:09:45 開始します(9576)
2024/12/24 18:09:45 非実行(9576)
2024/12/24 18:09:45 実行中(9576)
2024/12/24 18:16:00 終了しました(9576)
2024/12/24 21:09:56 開始します(6560)
2024/12/24 21:09:56 非実行(6560)
2024/12/24 21:09:56 実行中(6560)
2024/12/25 09:08:38 終了しました(6560)
2024/12/25 17:08:05 開始します(8736)
2024/12/25 17:08:05 非実行(8736)
2024/12/25 17:08:05 実行中(8736)
2024/12/25 17:33:23 終了しました(8736)
2025/01/16 19:48:49 開始します(3452)
2025/01/16 19:48:49 非実行(3452)
2025/01/16 19:48:49 実行中(3452)
2025/01/16 20:05:34 終了しました(3452)
2025/01/17 13:47:58 開始します(3208)
2025/01/17 13:47:58 非実行(3208)
2025/01/17 13:47:58 実行中(3208)
2025/01/17 14:04:45 終了しました(3208)
2025/01/17 19:19:57 開始します(4772)
2025/01/17 19:19:57 非実行(4772)
2025/01/17 19:19:57 実行中(4772)
2025/01/17 19:37:28 終了しました(4772)
2025/02/04 22:22:50 開始します(1992)
2025/02/04 22:22:50 非実行(1992)
2025/02/04 22:22:50 実行中(1992)
2025/02/04 22:39:25 終了しました(1992)
2025/02/05 22:21:08 開始します(9284)
2025/02/05 22:21:08 非実行(9284)
2025/02/05 22:21:08 実行中(9284)
2025/02/05 22:37:08 終了しました(9284)
2025/02/20 23:56:42 開始します(5504)
2025/02/20 23:56:42 非実行(5504)
2025/02/20 23:56:42 実行中(5504)
2025/02/21 00:13:47 終了しました(5504)
2025/02/21 21:15:26 開始します(2108)
2025/02/21 21:15:26 非実行(2108)
2025/02/21 21:15:26 実行中(2108)
2025/02/21 21:32:19 終了しました(2108)
2025/02/22 22:42:17 開始します(6728)
2025/02/22 22:42:17 非実行(6728)
2025/02/22 22:42:17 実行中(6728)
2025/02/22 22:59:13 終了しました(6728)
2025/03/07 13:06:16 開始します(1716)
2025/03/07 13:06:16 非実行(1716)
2025/03/07 13:06:16 実行中(1716)
2025/03/07 13:23:58 終了しました(1716)
2025/03/08 13:06:17 開始します(4456)
2025/03/08 13:06:17 非実行(4456)
2025/03/08 13:06:17 実行中(4456)
2025/03/08 13:19:44 終了しました(4456)
2025/03/09 13:06:10 開始します(9472)
2025/03/09 13:06:10 非実行(9472)
2025/03/09 13:06:10 実行中(9472)
2025/03/09 13:19:39 終了しました(9472)
2025/03/10 13:06:10 開始します(6724)
2025/03/10 13:06:10 非実行(6724)
2025/03/10 13:06:10 実行中(6724)
2025/03/10 13:19:38 終了しました(6724)
2025/03/11 13:06:24 開始します(9140)
2025/03/11 13:06:24 非実行(9140)
2025/03/11 13:06:24 実行中(9140)
2025/03/11 13:19:45 終了しました(9140)
2025/03/12 13:06:20 開始します(9404)
2025/03/12 13:06:20 非実行(9404)
2025/03/12 13:06:20 実行中(9404)
2025/03/12 13:22:48 終了しました(9404)
2025/03/13 13:06:27 開始します(2976)
2025/03/13 13:06:27 非実行(2976)
2025/03/13 13:06:27 実行中(2976)
2025/03/13 13:21:13 終了しました(2976)
2025/03/14 13:06:17 開始します(10612)
2025/03/14 13:06:17 非実行(10612)
2025/03/14 13:06:17 実行中(10612)
2025/03/14 13:21:10 終了しました(10612)
2025/03/15 13:06:15 開始します(1948)
2025/03/15 13:06:15 非実行(1948)
2025/03/15 13:06:15 実行中(1948)
2025/03/15 13:21:08 終了しました(1948)
2025/03/16 13:06:15 開始します(9756)
2025/03/16 13:06:15 非実行(9756)
2025/03/16 13:06:15 実行中(9756)
2025/03/16 13:20:49 終了しました(9756)
2025/03/17 13:06:34 開始します(11112)
2025/03/17 13:06:34 非実行(11112)
2025/03/17 13:06:34 実行中(11112)
2025/03/17 13:22:57 終了しました(11112)
2025/03/18 13:06:45 開始します(4940)
2025/03/18 13:06:45 非実行(4940)
2025/03/18 13:06:45 実行中(4940)
2025/03/18 13:23:10 終了しました(4940)
2025/03/19 13:06:19 開始します(9044)
2025/03/19 13:06:19 非実行(9044)
2025/03/19 13:06:19 実行中(9044)
2025/03/19 13:25:01 終了しました(9044)
2025/03/20 13:06:23 開始します(3520)
2025/03/20 13:06:23 非実行(3520)
2025/03/20 13:06:23 実行中(3520)
2025/03/20 13:21:22 終了しました(3520)
2025/03/21 13:06:25 開始します(5924)
2025/03/21 13:06:25 非実行(5924)
2025/03/21 13:06:25 実行中(5924)
2025/03/21 13:24:03 終了しました(5924)
2025/03/22 13:06:17 開始します(8008)
2025/03/22 13:06:17 非実行(8008)
2025/03/22 13:06:17 実行中(8008)
2025/03/22 13:22:49 終了しました(8008)
2025/03/23 13:06:14 開始します(7284)
2025/03/23 13:06:14 非実行(7284)
2025/03/23 13:06:14 実行中(7284)
2025/03/23 13:21:49 終了しました(7284)
2025/03/24 13:06:16 開始します(12056)
2025/03/24 13:06:16 非実行(12056)
2025/03/24 13:06:16 実行中(12056)
2025/03/24 13:21:33 終了しました(12056)
2025/03/25 13:06:20 開始します(12208)
2025/03/25 13:06:20 非実行(12208)
2025/03/25 13:06:20 実行中(12208)
2025/03/25 13:22:03 終了しました(12208)
2025/03/26 13:06:42 開始します(232)
2025/03/26 13:06:42 非実行(232)
2025/03/26 13:06:42 実行中(232)
2025/03/26 13:25:41 終了しました(232)
2025/03/27 13:06:51 開始します(7164)
2025/03/27 13:06:51 非実行(7164)
2025/03/27 13:06:51 実行中(7164)
2025/03/27 13:22:01 終了しました(7164)
2025/03/28 13:06:18 開始します(5592)
2025/03/28 13:06:18 非実行(5592)
2025/03/28 13:06:18 実行中(5592)
2025/03/28 13:21:58 終了しました(5592)
2025/03/29 13:06:17 開始します(2900)
2025/03/29 13:06:17 非実行(2900)
2025/03/29 13:06:17 実行中(2900)
2025/03/29 13:22:12 終了しました(2900)
2025/03/30 13:06:17 開始します(7584)
2025/03/30 13:06:17 非実行(7584)
2025/03/30 13:06:17 実行中(7584)
2025/03/30 13:21:53 終了しました(7584)
2025/03/31 13:06:22 開始します(7004)
2025/03/31 13:06:22 非実行(7004)
2025/03/31 13:06:22 実行中(7004)
2025/03/31 13:23:14 終了しました(7004)
2025/04/01 13:06:16 開始します(4468)
2025/04/01 13:06:16 非実行(4468)
2025/04/01 13:06:16 実行中(4468)
2025/04/01 13:22:07 終了しました(4468)
2025/04/02 13:06:17 開始します(9384)
2025/04/02 13:06:17 非実行(9384)
2025/04/02 13:06:17 実行中(9384)
2025/04/02 13:24:25 終了しました(9384)
2025/04/03 13:06:23 開始します(7940)
2025/04/03 13:06:23 非実行(7940)
2025/04/03 13:06:23 実行中(7940)
2025/04/03 13:21:25 終了しました(7940)
2025/04/04 13:06:18 開始します(5128)
2025/04/04 13:06:18 非実行(5128)
2025/04/04 13:06:18 実行中(5128)
2025/04/04 13:22:46 終了しました(5128)
2025/04/05 13:06:17 開始します(2024)
2025/04/05 13:06:17 非実行(2024)
2025/04/05 13:06:17 実行中(2024)
2025/04/05 13:20:55 終了しました(2024)
2025/04/06 13:06:16 開始します(9336)
2025/04/06 13:06:16 非実行(9336)
2025/04/06 13:06:16 実行中(9336)
2025/04/06 13:20:39 終了しました(9336)
2025/04/07 13:06:17 開始します(9336)
2025/04/07 13:06:17 非実行(9336)
2025/04/07 13:06:17 実行中(9336)
2025/04/07 13:22:23 終了しました(9336)
2025/04/08 13:06:17 開始します(4288)
2025/04/08 13:06:17 非実行(4288)
2025/04/08 13:06:17 実行中(4288)
2025/04/08 13:22:53 終了しました(4288)
2025/04/09 13:06:17 開始します(1564)
2025/04/09 13:06:17 非実行(1564)
2025/04/09 13:06:17 実行中(1564)
2025/04/09 13:25:46 終了しました(1564)
2025/04/10 13:06:24 開始します(3104)
2025/04/10 13:06:24 非実行(3104)
2025/04/10 13:06:24 実行中(3104)
2025/04/10 13:21:46 終了しました(3104)
2025/04/11 13:06:18 開始します(7248)
2025/04/11 13:06:18 非実行(7248)
2025/04/11 13:06:18 実行中(7248)
2025/04/11 13:21:14 終了しました(7248)
2025/04/12 13:06:16 開始します(7484)
2025/04/12 13:06:16 非実行(7484)
2025/04/12 13:06:16 実行中(7484)
2025/04/12 13:21:30 終了しました(7484)
2025/04/13 13:06:16 開始します(4492)
2025/04/13 13:06:16 非実行(4492)
2025/04/13 13:06:16 実行中(4492)
2025/04/13 13:21:06 終了しました(4492)
2025/04/14 13:06:16 開始します(12440)
2025/04/14 13:06:16 非実行(12440)
2025/04/14 13:06:16 実行中(12440)
2025/04/14 13:24:03 終了しました(12440)
2025/04/15 13:06:17 開始します(5952)
2025/04/15 13:06:17 非実行(5952)
2025/04/15 13:06:17 実行中(5952)
2025/04/15 13:22:55 終了しました(5952)
2025/04/16 13:06:17 開始します(2824)
2025/04/16 13:06:17 非実行(2824)
2025/04/16 13:06:17 実行中(2824)
2025/04/16 13:27:23 終了しました(2824)
2025/04/17 13:06:24 開始します(8532)
2025/04/17 13:06:24 非実行(8532)
2025/04/17 13:06:24 実行中(8532)
2025/04/17 13:22:22 終了しました(8532)
2025/04/18 13:06:20 開始します(1352)
2025/04/18 13:06:20 非実行(1352)
2025/04/18 13:06:20 実行中(1352)
2025/04/18 13:23:11 終了しました(1352)
2025/04/19 13:06:17 開始します(2388)
2025/04/19 13:06:17 非実行(2388)
2025/04/19 13:06:17 実行中(2388)
2025/04/19 13:22:35 終了しました(2388)
2025/04/20 13:06:18 開始します(1288)
2025/04/20 13:06:18 非実行(1288)
2025/04/20 13:06:18 実行中(1288)
2025/04/20 13:22:34 終了しました(1288)
2025/04/21 13:06:18 開始します(6264)
2025/04/21 13:06:18 非実行(6264)
2025/04/21 13:06:18 実行中(6264)
2025/04/21 13:25:56 終了しました(6264)
2025/04/22 13:06:19 開始します(4444)
2025/04/22 13:06:19 非実行(4444)
2025/04/22 13:06:19 実行中(4444)
2025/04/22 13:22:35 終了しました(4444)
2025/04/23 13:06:14 開始します(1580)
2025/04/23 13:06:14 非実行(1580)
2025/04/23 13:06:14 実行中(1580)
2025/04/23 13:25:49 終了しました(1580)
2025/04/24 13:06:25 開始します(6856)
2025/04/24 13:06:25 非実行(6856)
2025/04/24 13:06:25 実行中(6856)
2025/04/24 13:22:02 終了しました(6856)
2025/04/25 13:06:17 開始します(7340)
2025/04/25 13:06:17 非実行(7340)
2025/04/25 13:06:17 実行中(7340)
2025/04/25 13:22:07 終了しました(7340)
2025/04/26 13:06:17 開始します(3748)
2025/04/26 13:06:17 非実行(3748)
2025/04/26 13:06:17 実行中(3748)
2025/04/26 13:23:42 終了しました(3748)
2025/04/27 13:06:18 開始します(608)
2025/04/27 13:06:18 非実行(608)
2025/04/27 13:06:18 実行中(608)
2025/04/27 13:22:44 終了しました(608)
2025/04/28 13:06:16 開始します(5584)
2025/04/28 13:06:16 非実行(5584)
2025/04/28 13:06:16 実行中(5584)
2025/04/28 13:21:50 終了しました(5584)
2025/04/29 13:06:13 開始します(2556)
2025/04/29 13:06:13 非実行(2556)
2025/04/29 13:06:13 実行中(2556)
2025/04/29 13:21:38 終了しました(2556)
2025/04/30 13:06:34 開始します(8032)
2025/04/30 13:06:34 非実行(8032)
2025/04/30 13:06:34 実行中(8032)
2025/04/30 13:23:21 終了しました(8032)
2025/05/01 13:06:16 開始します(2700)
2025/05/01 13:06:16 非実行(2700)
2025/05/01 13:06:16 実行中(2700)
2025/05/01 13:19:11 終了しました(2700)
2025/05/02 13:06:14 開始します(5984)
2025/05/02 13:06:14 非実行(5984)
2025/05/02 13:06:14 実行中(5984)
2025/05/02 13:19:11 終了しました(5984)
2025/05/03 13:06:13 開始します(2864)
2025/05/03 13:06:13 非実行(2864)
2025/05/03 13:06:13 実行中(2864)
2025/05/03 13:18:52 終了しました(2864)
2025/05/04 13:06:14 開始します(2704)
2025/05/04 13:06:14 非実行(2704)
2025/05/04 13:06:14 実行中(2704)
2025/05/04 13:18:43 終了しました(2704)
2025/05/05 13:06:14 開始します(2384)
2025/05/05 13:06:14 非実行(2384)
2025/05/05 13:06:14 実行中(2384)
2025/05/05 13:18:27 終了しました(2384)
2025/05/06 13:06:13 開始します(5852)
2025/05/06 13:06:13 非実行(5852)
2025/05/06 13:06:13 実行中(5852)
2025/05/06 13:18:06 終了しました(5852)
2025/05/07 13:06:13 開始します(5036)
2025/05/07 13:06:13 非実行(5036)
2025/05/07 13:06:13 実行中(5036)
2025/05/07 13:17:47 終了しました(5036)
2025/05/08 13:06:12 開始します(6040)
2025/05/08 13:06:12 非実行(6040)
2025/05/08 13:06:12 実行中(6040)
2025/05/08 13:15:17 終了しました(6040)
2025/05/09 14:09:03 開始します(7608)
2025/05/09 14:09:03 非実行(7608)
2025/05/09 14:09:03 実行中(7608)
2025/05/09 14:17:53 終了しました(7608)
2025/05/10 13:06:18 開始します(652)
2025/05/10 13:06:18 非実行(652)
2025/05/10 13:06:18 実行中(652)
2025/05/10 13:23:34 終了しました(652)
2025/05/11 13:06:18 開始します(5264)
2025/05/11 13:06:18 非実行(5264)
2025/05/11 13:06:18 実行中(5264)
2025/05/11 13:22:33 終了しました(5264)
2025/05/12 13:06:15 開始します(6664)
2025/05/12 13:06:15 非実行(6664)
2025/05/12 13:06:15 実行中(6664)
2025/05/12 13:22:00 終了しました(6664)
2025/05/13 13:06:17 開始します(6516)
2025/05/13 13:06:17 非実行(6516)
2025/05/13 13:06:17 実行中(6516)
2025/05/13 13:21:52 終了しました(6516)
2025/05/14 13:06:13 開始します(1820)
2025/05/14 13:06:13 非実行(1820)
2025/05/14 13:06:13 実行中(1820)
2025/05/14 13:21:20 終了しました(1820)
2025/05/17 13:06:16 開始します(3536)
2025/05/17 13:06:16 非実行(3536)
2025/05/17 13:06:16 実行中(3536)
2025/05/17 13:21:28 終了しました(3536)
2025/05/18 13:06:18 開始します(6044)
2025/05/18 13:06:18 非実行(6044)
2025/05/18 13:06:18 実行中(6044)
2025/05/18 13:21:30 終了しました(6044)
2025/05/20 13:06:17 開始します(6856)
2025/05/20 13:06:17 非実行(6856)
2025/05/20 13:06:17 実行中(6856)
2025/05/20 13:22:15 終了しました(6856)
2025/05/23 13:06:13 開始します(5016)
2025/05/23 13:06:13 非実行(5016)
2025/05/23 13:06:13 実行中(5016)
2025/05/23 13:22:57 終了しました(5016)
2025/05/24 13:06:11 開始します(1428)
2025/05/24 13:06:11 非実行(1428)
2025/05/24 13:06:11 実行中(1428)
2025/05/24 13:22:54 終了しました(1428)
2025/05/25 13:06:11 開始します(5556)
2025/05/25 13:06:11 非実行(5556)
2025/05/25 13:06:11 実行中(5556)
2025/05/25 13:22:17 終了しました(5556)
2025/05/26 13:06:10 開始します(7692)
2025/05/26 13:06:10 非実行(7692)
2025/05/26 13:06:10 実行中(7692)
2025/05/26 13:23:51 終了しました(7692)
2025/05/27 13:06:10 開始します(5328)
2025/05/27 13:06:10 非実行(5328)
2025/05/27 13:06:10 実行中(5328)
2025/05/27 13:22:22 終了しました(5328)
2025/05/28 13:06:10 開始します(2252)
2025/05/28 13:06:10 非実行(2252)
2025/05/28 13:06:10 実行中(2252)
2025/05/28 13:24:54 終了しました(2252)
2025/05/29 13:06:14 開始します(5464)
2025/05/29 13:06:14 非実行(5464)
2025/05/29 13:06:14 実行中(5464)
2025/05/29 13:21:43 終了しました(5464)
2025/05/30 13:06:14 開始します(6876)
2025/05/30 13:06:14 非実行(6876)
2025/05/30 13:06:14 実行中(6876)
2025/05/30 13:23:21 終了しました(6876)
2025/05/31 13:06:11 開始します(4772)
2025/05/31 13:06:11 非実行(4772)
2025/05/31 13:06:11 実行中(4772)
2025/05/31 13:23:03 終了しました(4772)
2025/06/01 13:06:11 開始します(3080)
2025/06/01 13:06:11 非実行(3080)
2025/06/01 13:06:11 実行中(3080)
2025/06/01 13:22:34 終了しました(3080)
2025/06/02 13:06:10 開始します(6896)
2025/06/02 13:06:10 非実行(6896)
2025/06/02 13:06:10 実行中(6896)
2025/06/02 13:24:17 終了しました(6896)
2025/06/03 13:06:11 開始します(3676)
2025/06/03 13:06:11 非実行(3676)
2025/06/03 13:06:11 実行中(3676)
2025/06/03 13:23:49 終了しました(3676)
2025/06/04 13:06:11 開始します(6692)
2025/06/04 13:06:11 非実行(6692)
2025/06/04 13:06:11 実行中(6692)
2025/06/04 13:26:22 終了しました(6692)
2025/06/05 13:06:18 開始します(5232)
2025/06/05 13:06:18 非実行(5232)
2025/06/05 13:06:18 実行中(5232)
2025/06/05 13:22:50 終了しました(5232)
2025/06/06 13:06:13 開始します(2728)
2025/06/06 13:06:13 非実行(2728)
2025/06/06 13:06:13 実行中(2728)
2025/06/06 13:22:41 終了しました(2728)
2025/06/07 13:06:13 開始します(3640)
2025/06/07 13:06:13 非実行(3640)
2025/06/07 13:06:13 実行中(3640)
2025/06/07 13:22:50 終了しました(3640)
2025/06/08 13:06:10 開始します(3204)
2025/06/08 13:06:10 非実行(3204)
2025/06/08 13:06:10 実行中(3204)
2025/06/08 13:23:04 終了しました(3204)
2025/06/09 13:06:11 開始します(6872)
2025/06/09 13:06:11 非実行(6872)
2025/06/09 13:06:11 実行中(6872)
2025/06/09 13:23:43 終了しました(6872)
2025/06/10 13:06:11 開始します(1656)
2025/06/10 13:06:11 非実行(1656)
2025/06/10 13:06:11 実行中(1656)
2025/06/10 13:22:58 終了しました(1656)
2025/06/11 13:06:09 開始します(6084)
2025/06/11 13:06:09 非実行(6084)
2025/06/11 13:06:09 実行中(6084)
2025/06/11 13:26:00 終了しました(6084)
2025/06/12 13:06:18 開始します(5252)
2025/06/12 13:06:18 非実行(5252)
2025/06/12 13:06:18 実行中(5252)
2025/06/12 13:22:00 終了しました(5252)
2025/06/13 13:06:12 開始します(6620)
2025/06/13 13:06:12 非実行(6620)
2025/06/13 13:06:12 実行中(6620)
2025/06/13 13:22:36 終了しました(6620)
2025/06/14 13:06:12 開始します(2296)
2025/06/14 13:06:12 非実行(2296)
2025/06/14 13:06:12 実行中(2296)
2025/06/14 13:22:28 終了しました(2296)
2025/06/15 13:06:12 開始します(3236)
2025/06/15 13:06:12 非実行(3236)
2025/06/15 13:06:12 実行中(3236)
2025/06/15 13:22:15 終了しました(3236)
2025/06/16 13:06:09 開始します(3056)
2025/06/16 13:06:09 非実行(3056)
2025/06/16 13:06:09 実行中(3056)
2025/06/16 13:24:25 終了しました(3056)
2025/06/17 13:06:10 開始します(5832)
2025/06/17 13:06:10 非実行(5832)
2025/06/17 13:06:10 実行中(5832)
2025/06/17 13:23:16 終了しました(5832)
2025/06/18 13:06:11 開始します(4472)
2025/06/18 13:06:11 非実行(4472)
2025/06/18 13:06:11 実行中(4472)
2025/06/18 13:25:54 終了しました(4472)
2025/06/19 13:06:18 開始します(1236)
2025/06/19 13:06:18 非実行(1236)
2025/06/19 13:06:18 実行中(1236)
2025/06/19 13:22:05 終了しました(1236)
2025/06/20 13:06:12 開始します(1004)
2025/06/20 13:06:12 非実行(1004)
2025/06/20 13:06:12 実行中(1004)
2025/06/20 13:22:30 終了しました(1004)
2025/06/21 13:06:12 開始します(1924)
2025/06/21 13:06:12 非実行(1924)
2025/06/21 13:06:12 実行中(1924)
2025/06/21 13:22:09 終了しました(1924)
2025/06/22 13:06:11 開始します(3172)
2025/06/22 13:06:11 非実行(3172)
2025/06/22 13:06:11 実行中(3172)
2025/06/22 13:21:47 終了しました(3172)
2025/06/23 13:06:10 開始します(5240)
2025/06/23 13:06:10 非実行(5240)
2025/06/23 13:06:10 実行中(5240)
2025/06/23 13:22:53 終了しました(5240)
2025/06/24 13:06:09 開始します(5848)
2025/06/24 13:06:09 非実行(5848)
2025/06/24 13:06:09 実行中(5848)
2025/06/24 13:22:19 終了しました(5848)
2025/06/25 13:06:10 開始します(3404)
2025/06/25 13:06:10 非実行(3404)
2025/06/25 13:06:10 実行中(3404)
2025/06/25 13:24:18 終了しました(3404)
2025/06/26 13:06:18 開始します(3016)
2025/06/26 13:06:18 非実行(3016)
2025/06/26 13:06:18 実行中(3016)
2025/06/26 13:21:34 終了しました(3016)
2025/06/27 13:06:12 開始します(5924)
2025/06/27 13:06:12 非実行(5924)
2025/06/27 13:06:12 実行中(5924)
2025/06/27 13:21:24 終了しました(5924)
2025/06/28 13:06:12 開始します(5024)
2025/06/28 13:06:12 非実行(5024)
2025/06/28 13:06:12 実行中(5024)
2025/06/28 13:21:25 終了しました(5024)
2025/06/29 13:06:12 開始します(5400)
2025/06/29 13:06:12 非実行(5400)
2025/06/29 13:06:12 実行中(5400)
2025/06/29 13:21:47 終了しました(5400)
2025/06/30 13:06:11 開始します(2500)
2025/06/30 13:06:11 非実行(2500)
2025/06/30 13:06:11 実行中(2500)
2025/06/30 13:22:31 終了しました(2500)
2025/07/01 13:06:11 開始します(3480)
2025/07/01 13:06:11 非実行(3480)
2025/07/01 13:06:11 実行中(3480)
2025/07/01 13:23:29 終了しました(3480)
2025/07/02 13:06:09 開始します(5576)
2025/07/02 13:06:09 非実行(5576)
2025/07/02 13:06:09 実行中(5576)
2025/07/02 13:26:11 終了しました(5576)
2025/07/03 13:06:18 開始します(4428)
2025/07/03 13:06:18 非実行(4428)
2025/07/03 13:06:18 実行中(4428)
2025/07/03 13:22:22 終了しました(4428)
2025/07/04 13:06:13 開始します(5472)
2025/07/04 13:06:13 非実行(5472)
2025/07/04 13:06:13 実行中(5472)
2025/07/04 13:22:41 終了しました(5472)
2025/07/05 13:06:12 開始します(1988)
2025/07/05 13:06:12 非実行(1988)
2025/07/05 13:06:12 実行中(1988)
2025/07/05 13:22:37 終了しました(1988)
2025/07/06 13:06:12 開始します(3760)
2025/07/06 13:06:12 非実行(3760)
2025/07/06 13:06:12 実行中(3760)
2025/07/06 13:22:19 終了しました(3760)
2025/07/07 13:06:12 開始します(5432)
2025/07/07 13:06:12 非実行(5432)
2025/07/07 13:06:12 実行中(5432)
2025/07/07 13:27:29 終了しました(5432)
2025/07/08 13:06:11 開始します(2400)
2025/07/08 13:06:11 非実行(2400)
2025/07/08 13:06:11 実行中(2400)
2025/07/08 13:24:33 終了しました(2400)
2025/07/09 13:06:12 開始します(7056)
2025/07/09 13:06:12 非実行(7056)
2025/07/09 13:06:12 実行中(7056)
2025/07/09 13:28:16 終了しました(7056)
2025/07/10 13:06:20 開始します(4992)
2025/07/10 13:06:20 非実行(4992)
2025/07/10 13:06:20 実行中(4992)
2025/07/10 13:23:12 終了しました(4992)
2025/07/11 13:06:12 開始します(828)
2025/07/11 13:06:12 非実行(828)
2025/07/11 13:06:12 実行中(828)
2025/07/11 13:22:52 終了しました(828)
2025/07/12 13:06:11 開始します(1384)
2025/07/12 13:06:11 非実行(1384)
2025/07/12 13:06:11 実行中(1384)
2025/07/12 13:22:48 終了しました(1384)
2025/07/13 13:06:11 開始します(2780)
2025/07/13 13:06:11 非実行(2780)
2025/07/13 13:06:11 実行中(2780)
2025/07/13 13:23:14 終了しました(2780)
2025/07/14 13:06:13 開始します(3832)
2025/07/14 13:06:13 非実行(3832)
2025/07/14 13:06:13 実行中(3832)
2025/07/14 13:25:28 終了しました(3832)
2025/07/15 13:06:11 開始します(5916)
2025/07/15 13:06:11 非実行(5916)
2025/07/15 13:06:11 実行中(5916)
2025/07/15 13:23:34 終了しました(5916)
2025/07/16 13:06:11 開始します(1640)
2025/07/16 13:06:11 非実行(1640)
2025/07/16 13:06:11 実行中(1640)
2025/07/16 13:26:57 終了しました(1640)
2025/07/17 13:06:17 開始します(1584)
2025/07/17 13:06:17 非実行(1584)
2025/07/17 13:06:17 実行中(1584)
2025/07/17 13:23:13 終了しました(1584)
2025/07/18 13:06:12 開始します(1604)
2025/07/18 13:06:12 非実行(1604)
2025/07/18 13:06:12 実行中(1604)
2025/07/18 13:23:12 終了しました(1604)
2025/07/19 13:06:12 開始します(3952)
2025/07/19 13:06:12 非実行(3952)
2025/07/19 13:06:12 実行中(3952)
2025/07/19 13:23:58 終了しました(3952)
2025/07/20 13:06:11 開始します(5824)
2025/07/20 13:06:11 非実行(5824)
2025/07/20 13:06:11 実行中(5824)
2025/07/20 13:24:20 終了しました(5824)
2025/07/21 13:06:12 開始します(6336)
2025/07/21 13:06:12 非実行(6336)
2025/07/21 13:06:12 実行中(6336)
2025/07/21 13:25:46 終了しました(6336)
2025/07/22 13:06:11 開始します(7092)
2025/07/22 13:06:11 非実行(7092)
2025/07/22 13:06:11 実行中(7092)
2025/07/22 13:24:22 終了しました(7092)
2025/07/23 13:06:12 開始します(5820)
2025/07/23 13:06:12 非実行(5820)
2025/07/23 13:06:12 実行中(5820)
2025/07/23 13:27:09 終了しました(5820)
2025/07/24 13:06:20 開始します(3336)
2025/07/24 13:06:20 非実行(3336)
2025/07/24 13:06:20 実行中(3336)
2025/07/24 13:23:57 終了しました(3336)
2025/07/25 13:06:13 開始します(2740)
2025/07/25 13:06:13 非実行(2740)
2025/07/25 13:06:13 実行中(2740)
2025/07/25 13:23:59 終了しました(2740)
2025/07/26 13:06:12 開始します(5708)
2025/07/26 13:06:12 非実行(5708)
2025/07/26 13:06:12 実行中(5708)
2025/07/26 13:25:14 終了しました(5708)
2025/07/27 13:06:12 開始します(2080)
2025/07/27 13:06:12 非実行(2080)
2025/07/27 13:06:12 実行中(2080)
2025/07/27 13:24:41 終了しました(2080)
2025/07/28 13:06:12 開始します(6688)
2025/07/28 13:06:12 非実行(6688)
2025/07/28 13:06:12 実行中(6688)
2025/07/28 13:28:23 終了しました(6688)
2025/07/29 13:06:11 開始します(1052)
2025/07/29 13:06:11 非実行(1052)
2025/07/29 13:06:11 実行中(1052)
2025/07/29 13:26:11 終了しました(1052)
2025/07/30 13:06:10 開始します(3708)
2025/07/30 13:06:10 非実行(3708)
2025/07/30 13:06:10 実行中(3708)
2025/07/30 13:28:12 終了しました(3708)
2025/07/31 13:06:19 開始します(776)
2025/07/31 13:06:19 非実行(776)
2025/07/31 13:06:19 実行中(776)
2025/07/31 13:24:31 終了しました(776)
2025/08/01 13:06:14 開始します(3568)
2025/08/01 13:06:14 非実行(3568)
2025/08/01 13:06:14 実行中(3568)
2025/08/01 13:24:31 終了しました(3568)
2025/08/02 13:06:13 開始します(5060)
2025/08/02 13:06:13 非実行(5060)
2025/08/02 13:06:13 実行中(5060)
2025/08/02 13:24:43 終了しました(5060)
2025/08/03 13:06:12 開始します(5740)
2025/08/03 13:06:12 非実行(5740)
2025/08/03 13:06:12 実行中(5740)
2025/08/03 13:24:19 終了しました(5740)
2025/08/04 13:06:13 開始します(3000)
2025/08/04 13:06:13 非実行(3000)
2025/08/04 13:06:13 実行中(3000)
2025/08/04 13:28:57 終了しました(3000)
2025/08/05 13:06:12 開始します(584)
2025/08/05 13:06:12 非実行(584)
2025/08/05 13:06:12 実行中(584)
2025/08/05 13:25:44 終了しました(584)
2025/08/06 13:06:12 開始します(1000)
2025/08/06 13:06:12 非実行(1000)
2025/08/06 13:06:12 実行中(1000)
2025/08/06 13:28:58 終了しました(1000)
2025/08/07 13:06:19 開始します(3228)
2025/08/07 13:06:19 非実行(3228)
2025/08/07 13:06:19 実行中(3228)
2025/08/07 13:23:46 終了しました(3228)
2025/08/08 13:06:13 開始します(5832)
2025/08/08 13:06:13 非実行(5832)
2025/08/08 13:06:13 実行中(5832)
2025/08/08 13:23:52 終了しました(5832)
2025/08/09 13:06:13 開始します(1116)
2025/08/09 13:06:13 非実行(1116)
2025/08/09 13:06:13 実行中(1116)
2025/08/09 13:24:46 終了しました(1116)
2025/08/10 13:06:12 開始します(6644)
2025/08/10 13:06:12 非実行(6644)
2025/08/10 13:06:12 実行中(6644)
2025/08/10 13:24:13 終了しました(6644)
2025/08/11 13:06:11 開始します(3096)
2025/08/11 13:06:11 非実行(3096)
2025/08/11 13:06:11 実行中(3096)
2025/08/11 13:24:27 終了しました(3096)
2025/08/12 13:06:13 開始します(540)
2025/08/12 13:06:13 非実行(540)
2025/08/12 13:06:13 実行中(540)
2025/08/12 13:25:46 終了しました(540)
2025/08/13 13:06:12 開始します(2864)
2025/08/13 13:06:12 非実行(2864)
2025/08/13 13:06:12 実行中(2864)
2025/08/13 13:28:43 終了しました(2864)
2025/08/14 13:06:19 開始します(1852)
2025/08/14 13:06:19 非実行(1852)
2025/08/14 13:06:19 実行中(1852)
2025/08/14 13:24:19 終了しました(1852)
2025/08/15 13:06:14 開始します(5580)
2025/08/15 13:06:14 非実行(5580)
2025/08/15 13:06:14 実行中(5580)
2025/08/15 13:24:16 終了しました(5580)
2025/08/16 13:06:12 開始します(3544)
2025/08/16 13:06:12 非実行(3544)
2025/08/16 13:06:12 実行中(3544)
2025/08/16 13:24:10 終了しました(3544)
2025/08/17 13:06:13 開始します(3168)
2025/08/17 13:06:13 非実行(3168)
2025/08/17 13:06:13 実行中(3168)
2025/08/17 13:23:52 終了しました(3168)
2025/08/18 13:06:13 開始します(3708)
2025/08/18 13:06:13 非実行(3708)
2025/08/18 13:06:13 実行中(3708)
2025/08/18 13:26:49 終了しました(3708)
2025/08/19 13:06:14 開始します(1304)
2025/08/19 13:06:14 非実行(1304)
2025/08/19 13:06:14 実行中(1304)
2025/08/19 13:24:55 終了しました(1304)
2025/08/20 13:06:12 開始します(2432)
2025/08/20 13:06:12 非実行(2432)
2025/08/20 13:06:12 実行中(2432)
2025/08/20 13:27:54 終了しました(2432)
2025/08/21 13:06:18 開始します(6408)
2025/08/21 13:06:18 非実行(6408)
2025/08/21 13:06:18 実行中(6408)
2025/08/21 13:23:25 終了しました(6408)
2025/08/22 13:06:13 開始します(592)
2025/08/22 13:06:13 非実行(592)
2025/08/22 13:06:13 実行中(592)
2025/08/22 13:23:57 終了しました(592)
2025/08/23 13:06:12 開始します(3496)
2025/08/23 13:06:12 非実行(3496)
2025/08/23 13:06:12 実行中(3496)
2025/08/23 13:24:07 終了しました(3496)
2025/08/24 13:06:12 開始します(900)
2025/08/24 13:06:12 非実行(900)
2025/08/24 13:06:12 実行中(900)
2025/08/24 13:23:33 終了しました(900)
2025/08/25 13:06:13 開始します(5612)
2025/08/25 13:06:13 非実行(5612)
2025/08/25 13:06:13 実行中(5612)
2025/08/25 13:24:46 終了しました(5612)
2025/08/26 13:06:12 開始します(2132)
2025/08/26 13:06:12 非実行(2132)
2025/08/26 13:06:12 実行中(2132)
2025/08/26 13:23:08 終了しました(2132)
2025/08/27 13:06:12 開始します(4368)
2025/08/27 13:06:12 非実行(4368)
2025/08/27 13:06:12 実行中(4368)
2025/08/27 13:25:38 終了しました(4368)
2025/08/28 13:06:19 開始します(5160)
2025/08/28 13:06:19 非実行(5160)
2025/08/28 13:06:19 実行中(5160)
2025/08/28 13:22:34 終了しました(5160)
2025/08/29 13:06:12 開始します(816)
2025/08/29 13:06:12 非実行(816)
2025/08/29 13:06:12 実行中(816)
2025/08/29 13:23:30 終了しました(816)
2025/08/30 13:06:10 開始します(2004)
2025/08/30 13:06:10 非実行(2004)
2025/08/30 13:06:10 実行中(2004)
2025/08/30 13:23:19 終了しました(2004)
2025/08/31 13:06:13 開始します(584)
2025/08/31 13:06:13 非実行(584)
2025/08/31 13:06:13 実行中(584)
2025/08/31 13:22:58 終了しました(584)
2025/09/01 13:06:12 開始します(3688)
2025/09/01 13:06:12 非実行(3688)
2025/09/01 13:06:12 実行中(3688)
2025/09/01 13:24:33 終了しました(3688)
2025/09/02 13:06:12 開始します(5876)
2025/09/02 13:06:12 非実行(5876)
2025/09/02 13:06:12 実行中(5876)
2025/09/02 13:23:48 終了しました(5876)
2025/09/03 13:06:11 開始します(1864)
2025/09/03 13:06:11 非実行(1864)
2025/09/03 13:06:11 実行中(1864)
2025/09/03 13:26:49 終了しました(1864)
2025/09/04 13:06:20 開始します(620)
2025/09/04 13:06:20 非実行(620)
2025/09/04 13:06:20 実行中(620)
2025/09/04 13:22:40 終了しました(620)
2025/09/05 13:06:13 開始します(2176)
2025/09/05 13:06:13 非実行(2176)
2025/09/05 13:06:13 実行中(2176)
2025/09/05 13:22:49 終了しました(2176)
2025/09/06 13:06:12 開始します(1960)
2025/09/06 13:06:12 非実行(1960)
2025/09/06 13:06:12 実行中(1960)
2025/09/06 13:22:30 終了しました(1960)
2025/09/07 13:06:12 開始します(5380)
2025/09/07 13:06:12 非実行(5380)
2025/09/07 13:06:12 実行中(5380)
2025/09/07 13:22:04 終了しました(5380)
2025/09/08 13:06:12 開始します(2996)
2025/09/08 13:06:12 非実行(2996)
2025/09/08 13:06:12 実行中(2996)
2025/09/08 13:25:37 終了しました(2996)
2025/09/09 13:06:07 開始します(5604)
2025/09/09 13:06:07 非実行(5604)
2025/09/09 13:06:07 実行中(5604)
2025/09/09 13:22:47 終了しました(5604)
2025/09/10 13:06:12 開始します(5524)
2025/09/10 13:06:12 非実行(5524)
2025/09/10 13:06:12 実行中(5524)
2025/09/10 13:25:58 終了しました(5524)
2025/09/11 13:06:18 開始します(2040)
2025/09/11 13:06:18 非実行(2040)
2025/09/11 13:06:18 実行中(2040)
2025/09/11 13:22:20 終了しました(2040)
2025/09/12 13:06:15 開始します(6032)
2025/09/12 13:06:15 非実行(6032)
2025/09/12 13:06:15 実行中(6032)
2025/09/12 13:22:32 終了しました(6032)
2025/09/13 13:06:11 開始します(2120)
2025/09/13 13:06:11 非実行(2120)
2025/09/13 13:06:11 実行中(2120)
2025/09/13 13:22:26 終了しました(2120)
2025/09/14 13:06:12 開始します(5060)
2025/09/14 13:06:12 非実行(5060)
2025/09/14 13:06:12 実行中(5060)
2025/09/14 13:21:55 終了しました(5060)
2025/09/15 13:07:34 開始します(1308)
2025/09/15 13:07:34 非実行(1308)
2025/09/15 13:07:34 実行中(1308)
2025/09/15 13:25:03 終了しました(1308)
2025/09/16 13:06:12 開始します(4700)
2025/09/16 13:06:12 非実行(4700)
2025/09/16 13:06:12 実行中(4700)
2025/09/16 13:23:15 終了しました(4700)
2025/09/17 13:06:12 開始します(6200)
2025/09/17 13:06:12 非実行(6200)
2025/09/17 13:06:12 実行中(6200)
2025/09/17 13:26:26 終了しました(6200)
2025/09/18 13:06:20 開始します(6964)
2025/09/18 13:06:20 非実行(6964)
2025/09/18 13:06:20 実行中(6964)
2025/09/18 13:23:01 終了しました(6964)
2025/09/19 13:06:12 開始します(3720)
2025/09/19 13:06:12 非実行(3720)
2025/09/19 13:06:12 実行中(3720)
2025/09/19 13:23:15 終了しました(3720)
2025/09/20 13:06:11 開始します(1296)
2025/09/20 13:06:11 非実行(1296)
2025/09/20 13:06:11 実行中(1296)
2025/09/20 13:22:39 終了しました(1296)
2025/09/21 13:06:12 開始します(5312)
2025/09/21 13:06:12 非実行(5312)
2025/09/21 13:06:12 実行中(5312)
2025/09/21 13:22:16 終了しました(5312)
2025/09/22 13:06:11 開始します(5084)
2025/09/22 13:06:11 非実行(5084)
2025/09/22 13:06:11 実行中(5084)
2025/09/22 13:23:14 終了しました(5084)
2025/09/23 13:06:12 開始します(4236)
2025/09/23 13:06:12 非実行(4236)
2025/09/23 13:06:12 実行中(4236)
2025/09/23 13:23:48 終了しました(4236)
2025/09/24 13:06:08 開始します(5040)
2025/09/24 13:06:08 非実行(5040)
2025/09/24 13:06:08 実行中(5040)
2025/09/24 13:26:26 終了しました(5040)
2025/09/25 13:06:19 開始します(5052)
2025/09/25 13:06:19 非実行(5052)
2025/09/25 13:06:19 実行中(5052)
2025/09/25 13:22:40 終了しました(5052)
2025/09/26 13:06:12 開始します(3164)
2025/09/26 13:06:12 非実行(3164)
2025/09/26 13:06:12 実行中(3164)
2025/09/26 13:22:38 終了しました(3164)
2025/09/27 13:06:11 開始します(1112)
2025/09/27 13:06:11 非実行(1112)
2025/09/27 13:06:11 実行中(1112)
2025/09/27 13:22:38 終了しました(1112)
2025/09/28 13:06:10 開始します(4704)
2025/09/28 13:06:10 非実行(4704)
2025/09/28 13:06:10 実行中(4704)
2025/09/28 13:22:16 終了しました(4704)
2025/09/29 13:06:11 開始します(7112)
2025/09/29 13:06:11 非実行(7112)
2025/09/29 13:06:11 実行中(7112)
2025/09/29 13:24:30 終了しました(7112)
2025/09/30 13:06:12 開始します(5764)
2025/09/30 13:06:12 非実行(5764)
2025/09/30 13:06:12 実行中(5764)
2025/09/30 13:23:20 終了しました(5764)
2025/10/01 13:06:10 開始します(1012)
2025/10/01 13:06:10 非実行(1012)
2025/10/01 13:06:10 実行中(1012)
2025/10/01 13:26:53 終了しました(1012)
2025/10/02 13:06:19 開始します(5624)
2025/10/02 13:06:19 非実行(5624)
2025/10/02 13:06:19 実行中(5624)
2025/10/02 13:22:26 終了しました(5624)
2025/10/03 13:06:12 開始します(5548)
2025/10/03 13:06:12 非実行(5548)
2025/10/03 13:06:12 実行中(5548)
2025/10/03 13:23:12 終了しました(5548)
2025/10/04 13:06:13 開始します(5760)
2025/10/04 13:06:13 非実行(5760)
2025/10/04 13:06:13 実行中(5760)
2025/10/04 13:23:10 終了しました(5760)
2025/10/05 13:06:12 開始します(1056)
2025/10/05 13:06:12 非実行(1056)
2025/10/05 13:06:12 実行中(1056)
2025/10/05 13:22:51 終了しました(1056)
2025/10/06 13:06:12 開始します(4852)
2025/10/06 13:06:12 非実行(4852)
2025/10/06 13:06:12 実行中(4852)
2025/10/06 13:23:51 終了しました(4852)
2025/10/07 13:06:26 開始します(5092)
2025/10/07 13:06:26 非実行(5092)
2025/10/07 13:06:26 実行中(5092)
2025/10/07 13:25:36 終了しました(5092)
2025/10/08 13:06:23 開始します(4392)
2025/10/08 13:06:23 非実行(4392)
2025/10/08 13:06:23 実行中(4392)
2025/10/08 13:28:50 終了しました(4392)
2025/10/09 13:06:33 開始します(1188)
2025/10/09 13:06:33 非実行(1188)
2025/10/09 13:06:33 実行中(1188)
2025/10/09 13:25:33 終了しました(1188)
2025/10/10 13:06:25 開始します(3716)
2025/10/10 13:06:25 非実行(3716)
2025/10/10 13:06:25 実行中(3716)
2025/10/10 13:25:37 終了しました(3716)
2025/10/11 13:06:25 開始します(8)
2025/10/11 13:06:25 非実行(8)
2025/10/11 13:06:25 実行中(8)
2025/10/11 13:26:11 終了しました(8)
2025/10/12 13:06:24 開始します(4492)
2025/10/12 13:06:24 非実行(4492)
2025/10/12 13:06:24 実行中(4492)
2025/10/12 13:25:02 終了しました(4492)
2025/10/13 13:06:24 開始します(3484)
2025/10/13 13:06:24 非実行(3484)
2025/10/13 13:06:24 実行中(3484)
2025/10/13 13:26:40 終了しました(3484)
2025/10/14 13:06:22 開始します(3496)
2025/10/14 13:06:22 非実行(3496)
2025/10/14 13:06:22 実行中(3496)
2025/10/14 13:26:36 終了しました(3496)
2025/10/15 13:06:25 開始します(4160)
2025/10/15 13:06:25 非実行(4160)
2025/10/15 13:06:25 実行中(4160)
2025/10/15 13:29:18 終了しました(4160)
2025/10/16 13:06:32 開始します(6088)
2025/10/16 13:06:32 非実行(6088)
2025/10/16 13:06:32 実行中(6088)
2025/10/16 13:25:43 終了しました(6088)
2025/10/17 13:06:26 開始します(1772)
2025/10/17 13:06:26 非実行(1772)
2025/10/17 13:06:26 実行中(1772)
2025/10/17 13:26:24 終了しました(1772)
2025/10/18 13:06:26 開始します(6036)
2025/10/18 13:06:26 非実行(6036)
2025/10/18 13:06:26 実行中(6036)
2025/10/18 13:27:19 終了しました(6036)
2025/10/19 13:06:25 開始します(256)
2025/10/19 13:06:25 非実行(256)
2025/10/19 13:06:25 実行中(256)
2025/10/19 13:25:55 終了しました(256)
2025/10/20 13:06:21 開始します(5800)
2025/10/20 13:06:21 非実行(5800)
2025/10/20 13:06:21 実行中(5800)
2025/10/20 13:26:50 終了しました(5800)
2025/10/21 13:06:25 開始します(7328)
2025/10/21 13:06:25 非実行(7328)
2025/10/21 13:06:25 実行中(7328)
2025/10/21 15:18:35 終了しました(7328)
2025/10/22 13:06:24 開始します(6816)
2025/10/22 13:06:24 非実行(6816)
2025/10/22 13:06:24 実行中(6816)
2025/10/22 13:30:41 終了しました(6816)
2025/10/23 13:06:32 開始します(6284)
2025/10/23 13:06:32 非実行(6284)
2025/10/23 13:06:32 実行中(6284)
2025/10/23 13:26:57 終了しました(6284)
2025/10/24 13:06:26 開始します(5804)
2025/10/24 13:06:26 非実行(5804)
2025/10/24 13:06:26 実行中(5804)
2025/10/24 13:28:28 終了しました(5804)
2025/10/25 13:06:21 開始します(6760)
2025/10/25 13:06:21 非実行(6760)
2025/10/25 13:06:21 実行中(6760)
2025/10/25 13:27:06 終了しました(6760)
2025/10/26 13:06:21 開始します(6448)
2025/10/26 13:06:21 非実行(6448)
2025/10/26 13:06:21 実行中(6448)
2025/10/26 13:27:00 終了しました(6448)
2025/10/27 13:06:21 開始します(5564)
2025/10/27 13:06:21 非実行(5564)
2025/10/27 13:06:21 実行中(5564)
2025/10/27 13:28:22 終了しました(5564)
2025/10/28 13:06:21 開始します(5776)
2025/10/28 13:06:21 非実行(5776)
2025/10/28 13:06:21 実行中(5776)
2025/10/28 13:28:17 終了しました(5776)
