2018/10/19 16:11:55 開始します(5600)
2018/10/19 16:11:55 非実行(5600)
2018/10/19 16:11:55 実行中(5600)
2018/10/19 16:12:00 終了しました(5600)
2018/10/24 22:21:56 開始します(3028)
2018/10/24 22:21:56 非実行(3028)
2018/10/24 22:21:56 実行中(3028)
2018/10/24 22:31:08 終了しました(3028)
2018/10/25 23:43:23 開始します(3464)
2018/10/25 23:43:23 非実行(3464)
2018/10/25 23:43:23 実行中(3464)
2018/10/25 23:44:52 終了しました(3464)
2018/10/27 00:36:08 開始します(3888)
2018/10/27 00:36:08 非実行(3888)
2018/10/27 00:36:08 実行中(3888)
2018/10/27 00:37:20 終了しました(3888)
2018/11/02 06:47:15 開始します(7632)
2018/11/02 06:47:15 非実行(7632)
2018/11/02 06:47:15 実行中(7632)
2018/11/02 09:13:06 終了しました(7632)
2018/11/02 19:03:16 開始します(5584)
2018/11/02 19:03:16 非実行(5584)
2018/11/02 19:03:16 実行中(5584)
2018/11/02 19:04:35 終了しました(5584)
2018/11/06 23:18:43 開始します(1684)
2018/11/06 23:18:43 非実行(1684)
2018/11/06 23:18:43 実行中(1684)
2018/11/06 23:20:00 終了しました(1684)
2018/11/07 23:23:36 開始します(3444)
2018/11/07 23:23:36 非実行(3444)
2018/11/07 23:23:36 実行中(3444)
2018/11/07 23:24:54 終了しました(3444)
2018/11/17 04:06:03 開始します(5276)
2018/11/17 04:06:03 非実行(5276)
2018/11/17 04:06:03 実行中(5276)
2018/11/17 04:07:24 終了しました(5276)
2018/11/20 17:05:36 開始します(6124)
2018/11/20 17:05:36 非実行(6124)
2018/11/20 17:05:36 実行中(6124)
2018/11/20 17:06:36 終了しました(6124)
2018/11/21 22:29:39 開始します(4364)
2018/11/21 22:29:39 非実行(4364)
2018/11/21 22:29:39 実行中(4364)
2018/11/21 22:31:01 終了しました(4364)
2018/11/22 22:15:34 開始します(4840)
2018/11/22 22:15:34 非実行(4840)
2018/11/22 22:15:34 実行中(4840)
2018/11/22 22:16:39 終了しました(4840)
2018/11/23 22:38:10 開始します(980)
2018/11/23 22:38:10 非実行(980)
2018/11/23 22:38:10 実行中(980)
2018/11/23 22:38:16 終了しました(980)
2018/11/26 18:06:11 開始します(1280)
2018/11/26 18:06:11 非実行(1280)
2018/11/26 18:06:11 実行中(1280)
2018/11/26 18:07:46 終了しました(1280)
2018/11/27 03:17:21 開始します(3856)
2018/11/27 03:17:21 非実行(3856)
2018/11/27 03:17:21 実行中(3856)
2018/11/27 03:18:55 終了しました(3856)
2018/11/28 02:57:51 開始します(5824)
2018/11/28 02:57:51 非実行(5824)
2018/11/28 02:57:51 実行中(5824)
2018/11/28 02:59:24 終了しました(5824)
2018/11/29 02:38:46 開始します(6904)
2018/11/29 02:38:46 非実行(6904)
2018/11/29 02:38:46 実行中(6904)
2018/11/29 02:40:20 終了しました(6904)
2018/11/30 02:23:43 開始します(6896)
2018/11/30 02:23:43 非実行(6896)
2018/11/30 02:23:43 実行中(6896)
2018/11/30 02:25:48 終了しました(6896)
2018/12/01 01:19:13 開始します(6028)
2018/12/01 01:19:13 非実行(6028)
2018/12/01 01:19:13 実行中(6028)
2018/12/01 01:20:38 終了しました(6028)
2018/12/08 09:46:40 開始します(3088)
2018/12/08 09:46:40 非実行(3088)
2018/12/08 09:46:40 実行中(3088)
2018/12/08 09:47:52 終了しました(3088)
2018/12/11 07:53:50 開始します(3308)
2018/12/11 07:53:50 非実行(3308)
2018/12/11 07:53:50 実行中(3308)
2018/12/11 08:17:01 終了しました(3308)
2018/12/12 07:05:27 開始します(2240)
2018/12/12 07:05:27 非実行(2240)
2018/12/12 07:05:27 実行中(2240)
2018/12/12 07:23:52 終了しました(2240)
2018/12/13 06:55:46 開始します(5280)
2018/12/13 06:55:46 非実行(5280)
2018/12/13 06:55:46 実行中(5280)
2018/12/13 07:14:41 終了しました(5280)
2018/12/26 03:36:23 開始します(4832)
2018/12/26 03:36:23 非実行(4832)
2018/12/26 03:36:23 実行中(4832)
2018/12/26 03:52:52 終了しました(4832)
2019/01/19 02:42:06 開始します(6712)
2019/01/19 02:42:06 非実行(6712)
2019/01/19 02:42:06 実行中(6712)
2019/01/19 03:08:35 終了しました(6712)
2019/01/23 03:55:53 開始します(1124)
2019/01/23 03:55:53 非実行(1124)
2019/01/23 03:55:53 実行中(1124)
2019/01/23 04:25:59 終了しました(1124)
2019/01/25 05:12:10 開始します(5376)
2019/01/25 05:12:10 非実行(5376)
2019/01/25 05:12:10 実行中(5376)
2019/01/25 05:36:54 終了しました(5376)
2019/01/26 09:12:26 開始します(5416)
2019/01/26 09:12:26 非実行(5416)
2019/01/26 09:12:26 実行中(5416)
2019/01/26 09:35:02 終了しました(5416)
2019/01/29 07:48:00 開始します(3324)
2019/01/29 07:48:00 非実行(3324)
2019/01/29 07:48:00 実行中(3324)
2019/01/29 08:10:37 終了しました(3324)
2019/01/30 08:12:46 開始します(6252)
2019/01/30 08:12:46 非実行(6252)
2019/01/30 08:12:46 実行中(6252)
2019/01/30 08:20:50 終了しました(6252)
2019/01/31 05:55:44 開始します(7148)
2019/01/31 05:55:44 非実行(7148)
2019/01/31 05:55:44 実行中(7148)
2019/01/31 06:18:09 終了しました(7148)
2019/02/01 04:34:33 開始します(6276)
2019/02/01 04:34:33 非実行(6276)
2019/02/01 04:34:33 実行中(6276)
2019/02/01 04:56:46 終了しました(6276)
2019/02/02 04:08:57 開始します(5976)
2019/02/02 04:08:57 非実行(5976)
2019/02/02 04:08:57 実行中(5976)
2019/02/02 04:29:35 終了しました(5976)
2019/02/05 07:40:13 開始します(3672)
2019/02/05 07:40:13 非実行(3672)
2019/02/05 07:40:13 実行中(3672)
2019/02/05 08:01:37 終了しました(3672)
2019/02/06 08:30:23 開始します(5192)
2019/02/06 08:30:23 非実行(5192)
2019/02/06 08:30:23 実行中(5192)
2019/02/06 08:48:55 終了しました(5192)
2019/02/07 02:22:37 開始します(5124)
2019/02/07 02:22:37 非実行(5124)
2019/02/07 02:22:37 実行中(5124)
2019/02/07 02:38:37 終了しました(5124)
2019/02/08 02:44:43 開始します(3500)
2019/02/08 02:44:43 非実行(3500)
2019/02/08 02:44:43 実行中(3500)
2019/02/08 03:01:07 終了しました(3500)
2019/02/09 03:47:13 開始します(3320)
2019/02/09 03:47:13 非実行(3320)
2019/02/09 03:47:13 実行中(3320)
2019/02/09 04:01:52 終了しました(3320)
2019/02/12 03:11:50 開始します(5104)
2019/02/12 03:11:50 非実行(5104)
2019/02/12 03:11:50 実行中(5104)
2019/02/12 03:26:03 終了しました(5104)
2019/02/13 05:55:10 開始します(5856)
2019/02/13 05:55:10 非実行(5856)
2019/02/13 05:55:10 実行中(5856)
2019/02/13 06:10:48 終了しました(5856)
2019/02/14 03:21:17 開始します(4528)
2019/02/14 03:21:17 非実行(4528)
2019/02/14 03:21:17 実行中(4528)
2019/02/14 03:35:15 終了しました(4528)
2019/02/15 01:50:16 開始します(1560)
2019/02/15 01:50:16 非実行(1560)
2019/02/15 01:50:16 実行中(1560)
2019/02/15 02:02:27 終了しました(1560)
2019/03/08 22:07:30 開始します(1568)
2019/03/08 22:07:30 非実行(1568)
2019/03/08 22:07:30 実行中(1568)
2019/03/08 22:19:24 終了しました(1568)
2019/03/12 02:11:02 開始します(5732)
2019/03/12 02:11:02 非実行(5732)
2019/03/12 02:11:02 実行中(5732)
2019/03/12 02:22:26 終了しました(5732)
2019/03/13 06:35:55 開始します(432)
2019/03/13 06:35:55 非実行(432)
2019/03/13 06:35:55 実行中(432)
2019/03/13 06:46:57 終了しました(432)
2019/03/14 02:37:59 開始します(5308)
2019/03/14 02:37:59 非実行(5308)
2019/03/14 02:37:59 実行中(5308)
2019/03/14 02:46:48 終了しました(5308)
2019/03/15 02:01:13 開始します(6620)
2019/03/15 02:01:13 非実行(6620)
2019/03/15 02:01:13 実行中(6620)
2019/03/15 02:09:58 終了しました(6620)
2019/03/16 01:39:08 開始します(2252)
2019/03/16 01:39:08 非実行(2252)
2019/03/16 01:39:08 実行中(2252)
2019/03/16 01:47:48 終了しました(2252)
2019/03/19 02:02:01 開始します(5552)
2019/03/19 02:02:01 非実行(5552)
2019/03/19 02:02:01 実行中(5552)
2019/03/19 02:10:32 終了しました(5552)
2019/03/20 02:07:56 開始します(3972)
2019/03/20 02:07:56 非実行(3972)
2019/03/20 02:07:56 実行中(3972)
2019/03/20 02:16:13 終了しました(3972)
2019/03/21 01:46:34 開始します(4684)
2019/03/21 01:46:34 非実行(4684)
2019/03/21 01:46:34 実行中(4684)
2019/03/21 01:54:49 終了しました(4684)
2019/03/22 02:24:11 開始します(6520)
2019/03/22 02:24:11 非実行(6520)
2019/03/22 02:24:11 実行中(6520)
2019/03/22 02:31:21 終了しました(6520)
2019/03/23 02:19:34 開始します(1528)
2019/03/23 02:19:34 非実行(1528)
2019/03/23 02:19:34 実行中(1528)
2019/03/23 02:26:39 終了しました(1528)
2019/03/26 02:45:03 開始します(4916)
2019/03/26 02:45:03 非実行(4916)
2019/03/26 02:45:03 実行中(4916)
2019/03/26 02:52:10 終了しました(4916)
2019/03/27 02:30:11 開始します(5184)
2019/03/27 02:30:11 非実行(5184)
2019/03/27 02:30:11 実行中(5184)
2019/03/27 02:37:16 終了しました(5184)
2019/03/28 02:52:59 開始します(5756)
2019/03/28 02:52:59 非実行(5756)
2019/03/28 02:52:59 実行中(5756)
2019/03/28 03:00:05 終了しました(5756)
2019/03/29 02:26:12 開始します(5532)
2019/03/29 02:26:12 非実行(5532)
2019/03/29 02:26:12 実行中(5532)
2019/03/29 02:33:31 終了しました(5532)
2019/03/30 01:57:41 開始します(4708)
2019/03/30 01:57:41 非実行(4708)
2019/03/30 01:57:41 実行中(4708)
2019/03/30 02:04:45 終了しました(4708)
2019/04/02 01:46:16 開始します(5240)
2019/04/02 01:46:16 非実行(5240)
2019/04/02 01:46:16 実行中(5240)
2019/04/02 01:53:15 終了しました(5240)
2019/04/03 01:10:49 開始します(868)
2019/04/03 01:10:49 非実行(868)
2019/04/03 01:10:49 実行中(868)
2019/04/03 01:17:49 終了しました(868)
2019/04/04 02:24:53 開始します(5164)
2019/04/04 02:24:53 非実行(5164)
2019/04/04 02:24:53 実行中(5164)
2019/04/04 02:31:56 終了しました(5164)
2019/04/05 00:50:04 開始します(3912)
2019/04/05 00:50:04 非実行(3912)
2019/04/05 00:50:04 実行中(3912)
2019/04/05 00:56:50 終了しました(3912)
2019/04/06 00:41:39 開始します(3820)
2019/04/06 00:41:39 非実行(3820)
2019/04/06 00:41:39 実行中(3820)
2019/04/06 00:48:27 終了しました(3820)
2019/04/09 01:04:30 開始します(624)
2019/04/09 01:04:30 非実行(624)
2019/04/09 01:04:30 実行中(624)
2019/04/09 01:11:23 終了しました(624)
2019/04/10 00:31:49 開始します(3932)
2019/04/10 00:31:49 非実行(3932)
2019/04/10 00:31:49 実行中(3932)
2019/04/10 00:38:43 終了しました(3932)
2019/04/11 00:48:33 開始します(5728)
2019/04/11 00:48:33 非実行(5728)
2019/04/11 00:48:33 実行中(5728)
2019/04/11 00:55:16 終了しました(5728)
2019/04/13 04:09:11 開始します(5568)
2019/04/13 04:09:11 非実行(5568)
2019/04/13 04:09:11 実行中(5568)
2019/04/13 04:09:15 終了しました(5568)
2019/04/15 13:33:20 開始します(4308)
2019/04/15 13:33:20 非実行(4308)
2019/04/15 13:33:20 実行中(4308)
2019/04/15 13:45:43 終了しました(4308)
2019/04/18 05:20:52 開始します(5076)
2019/04/18 05:20:52 非実行(5076)
2019/04/18 05:20:52 実行中(5076)
2019/04/18 05:41:43 終了しました(5076)
2019/04/20 16:58:23 開始します(5388)
2019/04/20 16:58:23 非実行(5388)
2019/04/20 16:58:23 実行中(5388)
2019/04/20 17:20:01 終了しました(5388)
2019/04/23 20:10:01 開始します(6652)
2019/04/23 20:10:01 非実行(6652)
2019/04/23 20:10:01 実行中(6652)
2019/04/23 20:16:30 終了しました(6652)
2019/04/25 01:00:27 開始します(404)
2019/04/25 01:00:27 非実行(404)
2019/04/25 01:00:27 実行中(404)
2019/04/25 01:07:01 終了しました(404)
2019/04/25 23:23:53 開始します(2880)
2019/04/25 23:23:53 非実行(2880)
2019/04/25 23:23:53 実行中(2880)
2019/04/25 23:30:25 終了しました(2880)
2019/04/29 07:41:35 開始します(4272)
2019/04/29 07:41:35 非実行(4272)
2019/04/29 07:41:35 実行中(4272)
2019/04/29 08:01:56 終了しました(4272)
2019/05/07 04:20:22 開始します(6572)
2019/05/07 04:20:22 非実行(6572)
2019/05/07 04:20:22 実行中(6572)
2019/05/07 04:40:48 終了しました(6572)
2019/05/09 21:25:20 開始します(5156)
2019/05/09 21:25:20 非実行(5156)
2019/05/09 21:25:20 実行中(5156)
2019/05/09 21:35:46 終了しました(5156)
2019/05/10 12:00:12 開始します(8724)
2019/05/10 12:00:12 非実行(8724)
2019/05/10 12:00:12 実行中(8724)
2019/05/10 12:09:34 終了しました(8724)
2019/05/24 03:40:07 開始します(7940)
2019/05/24 03:40:07 非実行(7940)
2019/05/24 03:40:07 実行中(7940)
2019/05/24 03:48:17 終了しました(7940)
2019/05/29 03:42:38 開始します(8252)
2019/05/29 03:42:38 非実行(8252)
2019/05/29 03:42:38 実行中(8252)
2019/05/29 03:50:50 終了しました(8252)
2019/06/17 21:15:38 開始します(12092)
2019/06/17 21:15:38 非実行(12092)
2019/06/17 21:15:38 実行中(12092)
2019/06/17 21:20:58 終了しました(12092)
2019/06/25 22:22:48 開始します(10068)
2019/06/25 22:22:48 非実行(10068)
2019/06/25 22:22:48 実行中(10068)
2019/06/25 22:31:39 終了しました(10068)
2019/06/27 03:01:06 開始します(11680)
2019/06/27 03:01:06 非実行(11680)
2019/06/27 03:01:06 実行中(11680)
2019/06/27 03:09:54 終了しました(11680)
2019/06/27 22:30:59 開始します(12220)
2019/06/27 22:30:59 非実行(12220)
2019/06/27 22:30:59 実行中(12220)
2019/06/27 22:39:43 終了しました(12220)
2019/06/28 21:52:44 開始します(4428)
2019/06/28 21:52:44 非実行(4428)
2019/06/28 21:52:44 実行中(4428)
2019/06/28 22:01:15 終了しました(4428)
2019/07/04 16:47:26 開始します(10948)
2019/07/04 16:47:26 非実行(10948)
2019/07/04 16:47:26 実行中(10948)
2019/07/04 16:56:22 終了しました(10948)
2019/07/09 22:53:03 開始します(6980)
2019/07/09 22:53:03 非実行(6980)
2019/07/09 22:53:03 実行中(6980)
2019/07/09 23:01:23 終了しました(6980)
2019/07/24 23:39:58 開始します(5852)
2019/07/24 23:39:58 非実行(5852)
2019/07/24 23:39:58 実行中(5852)
2019/07/24 23:48:10 終了しました(5852)
2019/07/25 19:52:15 開始します(3700)
2019/07/25 19:52:15 非実行(3700)
2019/07/25 19:52:15 実行中(3700)
2019/07/25 20:00:08 終了しました(3700)
2019/07/27 06:31:55 開始します(4804)
2019/07/27 06:31:55 非実行(4804)
2019/07/27 06:31:55 実行中(4804)
2019/07/27 06:38:57 終了しました(4804)
2019/07/29 20:19:52 開始します(1040)
2019/07/29 20:19:52 非実行(1040)
2019/07/29 20:19:52 実行中(1040)
2019/07/29 20:26:50 終了しました(1040)
2019/07/30 23:34:28 開始します(11360)
2019/07/30 23:34:28 非実行(11360)
2019/07/30 23:34:28 実行中(11360)
2019/07/30 23:41:19 終了しました(11360)
2019/08/02 15:56:30 開始します(6468)
2019/08/02 15:56:30 非実行(6468)
2019/08/02 15:56:30 実行中(6468)
2019/08/02 16:03:22 終了しました(6468)
2019/08/07 21:56:55 開始します(7784)
2019/08/07 21:56:55 非実行(7784)
2019/08/07 21:56:55 実行中(7784)
2019/08/07 22:03:40 終了しました(7784)
2019/08/08 22:19:16 開始します(6816)
2019/08/08 22:19:16 非実行(6816)
2019/08/08 22:19:16 実行中(6816)
2019/08/08 22:25:34 終了しました(6816)
2019/08/09 19:48:42 開始します(6516)
2019/08/09 19:48:42 非実行(6516)
2019/08/09 19:48:42 実行中(6516)
2019/08/09 19:54:43 終了しました(6516)
2019/08/14 22:10:46 開始します(9396)
2019/08/14 22:10:46 非実行(9396)
2019/08/14 22:10:46 実行中(9396)
2019/08/14 22:16:02 終了しました(9396)
2019/08/15 22:37:21 開始します(8096)
2019/08/15 22:37:21 非実行(8096)
2019/08/15 22:37:21 実行中(8096)
2019/08/15 22:42:33 終了しました(8096)
2019/08/16 19:23:54 開始します(8912)
2019/08/16 19:23:54 非実行(8912)
2019/08/16 19:23:54 実行中(8912)
2019/08/16 19:29:09 終了しました(8912)
2019/08/19 21:54:42 開始します(10236)
2019/08/19 21:54:42 非実行(10236)
2019/08/19 21:54:42 実行中(10236)
2019/08/19 21:59:46 終了しました(10236)
2019/08/20 21:54:43 開始します(5476)
2019/08/20 21:54:43 非実行(5476)
2019/08/20 21:54:43 実行中(5476)
2019/08/20 21:59:37 終了しました(5476)
2019/08/21 20:52:47 開始します(3096)
2019/08/21 20:52:47 非実行(3096)
2019/08/21 20:52:47 実行中(3096)
2019/08/21 20:57:07 終了しました(3096)
2019/08/22 21:07:31 開始します(4012)
2019/08/22 21:07:31 非実行(4012)
2019/08/22 21:07:31 実行中(4012)
2019/08/22 21:11:40 終了しました(4012)
2019/08/26 20:51:30 開始します(4516)
2019/08/26 20:51:30 非実行(4516)
2019/08/26 20:51:30 実行中(4516)
2019/08/26 20:54:35 終了しました(4516)
2019/08/28 20:07:19 開始します(11608)
2019/08/28 20:07:19 非実行(11608)
2019/08/28 20:07:19 実行中(11608)
2019/08/28 20:10:18 終了しました(11608)
2019/09/02 20:10:39 開始します(10272)
2019/09/02 20:10:39 非実行(10272)
2019/09/02 20:10:39 実行中(10272)
2019/09/02 20:13:35 終了しました(10272)
2019/09/04 20:21:00 開始します(10660)
2019/09/04 20:21:00 非実行(10660)
2019/09/04 20:21:00 実行中(10660)
2019/09/04 20:23:45 終了しました(10660)
2019/09/05 22:26:57 開始します(13012)
2019/09/05 22:26:57 非実行(13012)
2019/09/05 22:26:57 実行中(13012)
2019/09/05 22:29:39 終了しました(13012)
2019/09/12 02:35:11 開始します(9664)
2019/09/12 02:35:11 非実行(9664)
2019/09/12 02:35:11 実行中(9664)
2019/09/12 02:37:45 終了しました(9664)
2019/09/13 03:51:56 開始します(13164)
2019/09/13 03:51:56 非実行(13164)
2019/09/13 03:51:56 実行中(13164)
2019/09/13 03:54:17 終了しました(13164)
2019/10/05 04:12:07 開始します(6668)
2019/10/05 04:12:07 非実行(6668)
2019/10/05 04:12:07 実行中(6668)
2019/10/05 04:13:30 終了しました(6668)
2019/10/23 18:53:09 開始します(5560)
2019/10/23 18:53:09 非実行(5560)
2019/10/23 18:53:09 実行中(5560)
2019/10/23 18:54:31 終了しました(5560)
2019/10/24 14:03:30 開始します(12952)
2019/10/24 14:03:30 非実行(12952)
2019/10/24 14:03:30 実行中(12952)
2019/10/24 14:04:51 終了しました(12952)
2019/10/29 02:09:08 開始します(9692)
2019/10/29 02:09:08 非実行(9692)
2019/10/29 02:09:08 実行中(9692)
2019/10/29 02:10:31 終了しました(9692)
2019/11/01 18:53:23 開始します(4020)
2019/11/01 18:53:23 非実行(4020)
2019/11/01 18:53:23 実行中(4020)
2019/11/01 19:00:46 終了しました(4020)
2019/11/05 21:09:56 開始します(11172)
2019/11/05 21:09:56 非実行(11172)
2019/11/05 21:09:56 実行中(11172)
2019/11/05 21:12:33 終了しました(11172)
2019/11/07 00:28:18 開始します(6812)
2019/11/07 00:28:18 非実行(6812)
2019/11/07 00:28:18 実行中(6812)
2019/11/07 00:30:48 終了しました(6812)
2019/11/07 20:00:16 開始します(6472)
2019/11/07 20:00:16 非実行(6472)
2019/11/07 20:00:16 実行中(6472)
2019/11/07 20:02:52 終了しました(6472)
2019/11/08 20:33:08 開始します(10732)
2019/11/08 20:33:08 非実行(10732)
2019/11/08 20:33:08 実行中(10732)
2019/11/08 20:36:16 終了しました(10732)
2019/11/11 20:16:07 開始します(2244)
2019/11/11 20:16:07 非実行(2244)
2019/11/11 20:16:07 実行中(2244)
2019/11/11 20:19:26 終了しました(2244)
2019/11/12 21:29:02 開始します(6016)
2019/11/12 21:29:02 非実行(6016)
2019/11/12 21:29:02 実行中(6016)
2019/11/12 21:31:35 終了しました(6016)
2019/11/13 18:59:12 開始します(8528)
2019/11/13 18:59:12 非実行(8528)
2019/11/13 18:59:12 実行中(8528)
2019/11/13 19:01:44 終了しました(8528)
2019/11/14 22:34:52 開始します(3788)
2019/11/14 22:34:52 非実行(3788)
2019/11/14 22:34:52 実行中(3788)
2019/11/14 22:37:30 終了しました(3788)
2019/11/15 22:22:10 開始します(6800)
2019/11/15 22:22:10 非実行(6800)
2019/11/15 22:22:10 実行中(6800)
2019/11/15 22:24:44 終了しました(6800)
2019/11/18 21:31:04 開始します(12800)
2019/11/18 21:31:04 非実行(12800)
2019/11/18 21:31:04 実行中(12800)
2019/11/18 21:33:35 終了しました(12800)
2019/11/20 05:08:04 開始します(2716)
2019/11/20 05:08:04 非実行(2716)
2019/11/20 05:08:04 実行中(2716)
2019/11/20 05:10:38 終了しました(2716)
2019/11/21 04:31:13 開始します(1660)
2019/11/21 04:31:13 非実行(1660)
2019/11/21 04:31:13 実行中(1660)
2019/11/21 04:33:48 終了しました(1660)
2019/11/21 21:17:20 開始します(9816)
2019/11/21 21:17:20 非実行(9816)
2019/11/21 21:17:20 実行中(9816)
2019/11/21 21:19:53 終了しました(9816)
2019/11/23 02:34:01 開始します(6708)
2019/11/23 02:34:01 非実行(6708)
2019/11/23 02:34:01 実行中(6708)
2019/11/23 02:36:33 終了しました(6708)
2019/11/25 21:06:32 開始します(7868)
2019/11/25 21:06:32 非実行(7868)
2019/11/25 21:06:32 実行中(7868)
2019/11/25 21:09:48 終了しました(7868)
2019/11/28 20:38:30 開始します(11296)
2019/11/28 20:38:30 非実行(11296)
2019/11/28 20:38:30 実行中(11296)
2019/11/28 20:41:01 終了しました(11296)
2019/11/29 21:03:28 開始します(10024)
2019/11/29 21:03:28 非実行(10024)
2019/11/29 21:03:28 実行中(10024)
2019/11/29 21:05:59 終了しました(10024)
2019/12/03 04:16:23 開始します(7340)
2019/12/03 04:16:23 非実行(7340)
2019/12/03 04:16:23 実行中(7340)
2019/12/03 04:18:55 終了しました(7340)
2019/12/24 00:08:40 開始します(2656)
2019/12/24 00:08:40 非実行(2656)
2019/12/24 00:08:40 実行中(2656)
2019/12/24 00:11:05 終了しました(2656)
2019/12/27 00:43:20 開始します(6336)
2019/12/27 00:43:20 非実行(6336)
2019/12/27 00:43:20 実行中(6336)
2019/12/27 00:45:44 終了しました(6336)
2020/02/28 16:33:36 開始します(5416)
2020/02/28 16:33:36 非実行(5416)
2020/02/28 16:33:36 実行中(5416)
2020/02/28 16:42:53 終了しました(5416)
2020/03/04 20:24:25 開始します(3912)
2020/03/04 20:24:25 非実行(3912)
2020/03/04 20:24:25 実行中(3912)
2020/03/04 20:32:57 終了しました(3912)
2020/03/05 21:53:56 開始します(1616)
2020/03/05 21:53:56 非実行(1616)
2020/03/05 21:53:56 実行中(1616)
2020/03/05 22:04:53 終了しました(1616)
2020/03/07 06:04:09 開始します(5976)
2020/03/07 06:04:09 非実行(5976)
2020/03/07 06:04:09 実行中(5976)
2020/03/07 06:12:17 終了しました(5976)
2020/03/19 05:51:08 開始します(7468)
2020/03/19 05:51:08 非実行(7468)
2020/03/19 05:51:08 実行中(7468)
2020/03/19 05:57:18 終了しました(7468)
2020/03/19 16:02:42 開始します(6352)
2020/03/19 16:02:42 非実行(6352)
2020/03/19 16:02:42 実行中(6352)
2020/03/19 16:04:18 終了しました(6352)
2020/03/23 20:38:39 開始します(3436)
2020/03/23 20:38:39 非実行(3436)
2020/03/23 20:38:39 実行中(3436)
2020/03/23 20:40:09 終了しました(3436)
2020/04/28 03:46:42 開始します(1484)
2020/04/28 03:46:42 非実行(1484)
2020/04/28 03:46:42 実行中(1484)
2020/04/28 03:48:15 終了しました(1484)
2020/06/03 19:38:39 開始します(2460)
2020/06/03 19:38:39 非実行(2460)
2020/06/03 19:38:39 実行中(2460)
2020/06/03 19:40:08 終了しました(2460)
2020/06/15 19:10:55 開始します(3028)
2020/06/15 19:10:55 非実行(3028)
2020/06/15 19:10:55 実行中(3028)
2020/06/15 19:19:34 終了しました(3028)
2020/06/19 06:16:50 開始します(4904)
2020/06/19 06:16:50 非実行(4904)
2020/06/19 06:16:50 実行中(4904)
2020/06/19 06:23:51 終了しました(4904)
2020/06/23 12:45:33 開始します(2076)
2020/06/23 12:45:33 非実行(2076)
2020/06/23 12:45:33 実行中(2076)
2020/06/23 12:52:02 終了しました(2076)
2020/07/09 15:48:02 開始します(6376)
2020/07/09 15:48:02 非実行(6376)
2020/07/09 15:48:02 実行中(6376)
2020/07/09 15:54:36 終了しました(6376)
2020/07/20 18:01:02 開始します(4056)
2020/07/20 18:01:02 非実行(4056)
2020/07/20 18:01:02 実行中(4056)
2020/07/20 18:05:29 終了しました(4056)
2020/08/20 14:40:50 開始します(3616)
2020/08/20 14:40:50 非実行(3616)
2020/08/20 14:40:50 実行中(3616)
2020/08/20 14:48:20 終了しました(3616)
2020/08/20 21:29:41 開始します(5960)
2020/08/20 21:29:41 非実行(5960)
2020/08/20 21:29:41 実行中(5960)
2020/08/20 21:38:58 終了しました(5960)
2020/08/24 12:34:36 開始します(5408)
2020/08/24 12:34:36 非実行(5408)
2020/08/24 12:34:36 実行中(5408)
2020/08/24 12:41:48 終了しました(5408)
2020/08/25 14:32:53 開始します(5728)
2020/08/25 14:32:53 非実行(5728)
2020/08/25 14:32:53 実行中(5728)
2020/08/25 14:39:34 終了しました(5728)
2020/08/26 16:46:31 開始します(5272)
2020/08/26 16:46:31 非実行(5272)
2020/08/26 16:46:31 実行中(5272)
2020/08/26 16:53:04 終了しました(5272)
2020/08/31 22:28:18 開始します(2748)
2020/08/31 22:28:18 非実行(2748)
2020/08/31 22:28:18 実行中(2748)
2020/08/31 22:35:00 終了しました(2748)
2020/09/01 23:42:51 開始します(2940)
2020/09/01 23:42:51 非実行(2940)
2020/09/01 23:42:51 実行中(2940)
2020/09/01 23:49:18 終了しました(2940)
2020/09/03 22:31:47 開始します(1816)
2020/09/03 22:31:47 非実行(1816)
2020/09/03 22:31:47 実行中(1816)
2020/09/03 22:38:12 終了しました(1816)
2020/09/04 15:02:59 開始します(4276)
2020/09/04 15:02:59 非実行(4276)
2020/09/04 15:02:59 実行中(4276)
2020/09/04 15:11:09 終了しました(4276)
2020/09/09 18:54:34 開始します(7204)
2020/09/09 18:54:34 非実行(7204)
2020/09/09 18:54:34 実行中(7204)
2020/09/09 19:00:46 終了しました(7204)
2020/09/14 13:40:27 開始します(4488)
2020/09/14 13:40:27 非実行(4488)
2020/09/14 13:40:27 実行中(4488)
2020/09/14 13:45:03 終了しました(4488)
2020/09/16 12:57:33 開始します(3060)
2020/09/16 12:57:33 非実行(3060)
2020/09/16 12:57:33 実行中(3060)
2020/09/16 13:00:56 終了しました(3060)
2020/09/25 12:21:08 開始します(1488)
2020/09/25 12:21:08 非実行(1488)
2020/09/25 12:21:08 実行中(1488)
2020/09/25 12:24:31 終了しました(1488)
2020/09/25 16:55:22 開始します(6180)
2020/09/25 16:55:22 非実行(6180)
2020/09/25 16:55:22 実行中(6180)
2020/09/25 16:58:38 終了しました(6180)
2020/09/29 16:23:42 開始します(3844)
2020/09/29 16:23:42 非実行(3844)
2020/09/29 16:23:42 実行中(3844)
2020/09/29 16:26:40 終了しました(3844)
2020/09/30 16:50:11 開始します(6896)
2020/09/30 16:50:11 非実行(6896)
2020/09/30 16:50:11 実行中(6896)
2020/09/30 16:52:14 終了しました(6896)
2020/10/01 17:50:27 開始します(4208)
2020/10/01 17:50:27 非実行(4208)
2020/10/01 17:50:27 実行中(4208)
2020/10/01 17:52:28 終了しました(4208)
2020/10/07 23:54:35 開始します(1288)
2020/10/07 23:54:35 非実行(1288)
2020/10/07 23:54:35 実行中(1288)
2020/10/07 23:56:28 終了しました(1288)
2020/10/14 14:08:20 開始します(4380)
2020/10/14 14:08:20 非実行(4380)
2020/10/14 14:08:20 実行中(4380)
2020/10/14 14:10:11 終了しました(4380)
2020/10/19 16:08:17 開始します(5976)
2020/10/19 16:08:17 非実行(5976)
2020/10/19 16:08:17 実行中(5976)
2020/10/19 16:10:09 終了しました(5976)
2020/10/23 20:45:54 開始します(1044)
2020/10/23 20:45:54 非実行(1044)
2020/10/23 20:45:54 実行中(1044)
2020/10/23 20:49:15 終了しました(1044)
2020/11/11 18:27:10 開始します(5228)
2020/11/11 18:27:10 非実行(5228)
2020/11/11 18:27:10 実行中(5228)
2020/11/11 18:30:37 終了しました(5228)
2020/11/12 19:26:07 開始します(4412)
2020/11/12 19:26:07 非実行(4412)
2020/11/12 19:26:07 実行中(4412)
2020/11/12 19:27:46 終了しました(4412)
2020/11/13 21:24:56 開始します(4084)
2020/11/13 21:24:56 非実行(4084)
2020/11/13 21:24:56 実行中(4084)
2020/11/13 21:26:42 終了しました(4084)
2020/11/16 19:18:36 開始します(8032)
2020/11/16 19:18:36 非実行(8032)
2020/11/16 19:18:36 実行中(8032)
2020/11/16 19:20:21 終了しました(8032)
2020/11/17 19:53:59 開始します(9876)
2020/11/17 19:53:59 非実行(9876)
2020/11/17 19:53:59 実行中(9876)
2020/11/17 19:55:45 終了しました(9876)
2020/11/19 18:47:36 開始します(6988)
2020/11/19 18:47:36 非実行(6988)
2020/11/19 18:47:36 実行中(6988)
2020/11/19 18:49:20 終了しました(6988)
2020/11/20 20:11:02 開始します(5052)
2020/11/20 20:11:02 非実行(5052)
2020/11/20 20:11:02 実行中(5052)
2020/11/20 20:14:28 終了しました(5052)
2020/11/24 17:29:57 開始します(4272)
2020/11/24 17:29:57 非実行(4272)
2020/11/24 17:29:57 実行中(4272)
2020/11/24 17:31:44 終了しました(4272)
2020/11/25 20:12:37 開始します(7620)
2020/11/25 20:12:37 非実行(7620)
2020/11/25 20:12:37 実行中(7620)
2020/11/25 20:14:18 終了しました(7620)
2020/11/26 19:18:55 開始します(9008)
2020/11/26 19:18:55 非実行(9008)
2020/11/26 19:18:55 実行中(9008)
2020/11/26 19:20:38 終了しました(9008)
2020/11/27 19:13:09 開始します(7164)
2020/11/27 19:13:09 非実行(7164)
2020/11/27 19:13:09 実行中(7164)
2020/11/27 19:14:56 終了しました(7164)
2020/12/01 19:38:19 開始します(8612)
2020/12/01 19:38:19 非実行(8612)
2020/12/01 19:38:19 実行中(8612)
2020/12/01 19:41:45 終了しました(8612)
2020/12/02 17:21:53 開始します(6660)
2020/12/02 17:21:53 非実行(6660)
2020/12/02 17:21:53 実行中(6660)
2020/12/02 17:23:38 終了しました(6660)
2020/12/03 18:04:41 開始します(7520)
2020/12/03 18:04:41 非実行(7520)
2020/12/03 18:04:41 実行中(7520)
2020/12/03 18:06:31 終了しました(7520)
2020/12/10 19:59:30 開始します(9252)
2020/12/10 19:59:30 非実行(9252)
2020/12/10 19:59:30 実行中(9252)
2020/12/10 20:01:15 終了しました(9252)
2021/01/12 22:07:38 開始します(7364)
2021/01/12 22:07:38 非実行(7364)
2021/01/12 22:07:38 実行中(7364)
2021/01/12 22:09:18 終了しました(7364)
2021/01/15 14:35:18 開始します(4892)
2021/01/15 14:35:18 非実行(4892)
2021/01/15 14:35:18 実行中(4892)
2021/01/15 14:36:59 終了しました(4892)
2021/01/18 14:30:27 開始します(6616)
2021/01/18 14:30:27 非実行(6616)
2021/01/18 14:30:27 実行中(6616)
2021/01/18 14:34:10 終了しました(6616)
2021/01/19 15:10:03 開始します(6000)
2021/01/19 15:10:03 非実行(6000)
2021/01/19 15:10:03 実行中(6000)
2021/01/19 15:11:45 終了しました(6000)
2021/01/21 14:10:12 開始します(9852)
2021/01/21 14:10:12 非実行(9852)
2021/01/21 14:10:12 実行中(9852)
2021/01/21 14:11:55 終了しました(9852)
2021/03/03 19:06:29 開始します(8112)
2021/03/03 19:06:29 非実行(8112)
2021/03/03 19:06:29 実行中(8112)
2021/03/03 19:08:08 終了しました(8112)
2021/03/04 18:01:34 開始します(11956)
2021/03/04 18:01:34 非実行(11956)
2021/03/04 18:01:34 実行中(11956)
2021/03/04 18:03:09 終了しました(11956)
2021/04/19 21:38:00 開始します(4988)
2021/04/19 21:38:00 非実行(4988)
2021/04/19 21:38:00 実行中(4988)
2021/04/19 21:45:14 終了しました(4988)
2021/05/07 18:52:13 開始します(1048)
2021/05/07 18:52:13 非実行(1048)
2021/05/07 18:52:13 実行中(1048)
2021/05/07 18:59:32 終了しました(1048)
2021/05/10 22:17:54 開始します(1928)
2021/05/10 22:17:54 非実行(1928)
2021/05/10 22:17:54 実行中(1928)
2021/05/10 22:25:07 終了しました(1928)
2021/05/12 10:13:46 開始します(7416)
2021/05/12 10:13:46 非実行(7416)
2021/05/12 10:13:46 実行中(7416)
2021/05/12 10:22:42 終了しました(7416)
2021/08/03 15:32:12 開始します(5504)
2021/08/03 15:32:12 非実行(5504)
2021/08/03 15:32:12 実行中(5504)
2021/08/03 15:37:10 終了しました(5504)
2021/11/16 05:43:17 開始します(1844)
2021/11/16 05:43:17 非実行(1844)
2021/11/16 05:43:17 実行中(1844)
2021/11/16 05:50:56 終了しました(1844)
2021/11/16 21:26:14 開始します(7996)
2021/11/16 21:26:14 非実行(7996)
2021/11/16 21:26:14 実行中(7996)
2021/11/16 21:30:25 終了しました(7996)
2021/11/17 20:51:48 開始します(5228)
2021/11/17 20:51:48 非実行(5228)
2021/11/17 20:51:48 実行中(5228)
2021/11/17 20:55:53 終了しました(5228)
2021/11/18 19:49:25 開始します(968)
2021/11/18 19:49:25 非実行(968)
2021/11/18 19:49:25 実行中(968)
2021/11/18 19:53:33 終了しました(968)
2021/11/22 21:25:46 開始します(1364)
2021/11/22 21:25:46 非実行(1364)
2021/11/22 21:25:46 実行中(1364)
2021/11/22 21:29:58 終了しました(1364)
2022/02/21 21:02:40 開始します(5864)
2022/02/21 21:02:40 非実行(5864)
2022/02/21 21:02:40 実行中(5864)
2022/02/21 21:12:32 終了しました(5864)
2022/02/25 18:42:17 開始します(4820)
2022/02/25 18:42:17 非実行(4820)
2022/02/25 18:42:17 実行中(4820)
2022/02/25 18:49:41 終了しました(4820)
2022/03/04 16:29:09 開始します(1968)
2022/03/04 16:29:09 非実行(1968)
2022/03/04 16:29:09 実行中(1968)
2022/03/04 16:39:07 終了しました(1968)
2022/03/11 16:43:47 開始します(6848)
2022/03/11 16:43:47 非実行(6848)
2022/03/11 16:43:47 実行中(6848)
2022/03/11 16:51:08 終了しました(6848)
2022/03/23 16:24:04 開始します(6868)
2022/03/23 16:24:04 非実行(6868)
2022/03/23 16:24:04 実行中(6868)
2022/03/23 16:30:28 終了しました(6868)
2022/04/06 17:56:07 開始します(6776)
2022/04/06 17:56:07 非実行(6776)
2022/04/06 17:56:07 実行中(6776)
2022/04/06 18:02:33 終了しました(6776)
2022/04/12 21:12:25 開始します(6648)
2022/04/12 21:12:25 非実行(6648)
2022/04/12 21:12:25 実行中(6648)
2022/04/12 21:18:33 終了しました(6648)
2022/04/18 21:03:11 開始します(4512)
2022/04/18 21:03:11 非実行(4512)
2022/04/18 21:03:11 実行中(4512)
2022/04/18 21:08:15 終了しました(4512)
2022/04/25 21:19:51 開始します(6412)
2022/04/25 21:19:51 非実行(6412)
2022/04/25 21:19:51 実行中(6412)
2022/04/25 21:23:19 終了しました(6412)
2022/09/20 21:14:01 開始します(788)
2022/09/20 21:14:01 非実行(788)
2022/09/20 21:14:01 実行中(788)
2022/09/20 21:18:01 終了しました(788)
2022/09/21 18:09:38 開始します(1524)
2022/09/21 18:09:38 非実行(1524)
2022/09/21 18:09:38 実行中(1524)
2022/09/21 18:11:22 終了しました(1524)
2022/10/13 21:00:40 開始します(7008)
2022/10/13 21:00:40 非実行(7008)
2022/10/13 21:00:40 実行中(7008)
2022/10/13 21:02:21 終了しました(7008)
2023/01/17 23:13:34 開始します(6296)
2023/01/17 23:13:34 非実行(6296)
2023/01/17 23:13:34 実行中(6296)
2023/01/17 23:24:06 終了しました(6296)
2023/01/18 15:05:06 開始します(5984)
2023/01/18 15:05:06 非実行(5984)
2023/01/18 15:05:06 実行中(5984)
2023/01/18 15:13:00 終了しました(5984)
2023/01/24 14:21:27 開始します(7492)
2023/01/24 14:21:27 非実行(7492)
2023/01/24 14:21:27 実行中(7492)
2023/01/24 14:32:07 終了しました(7492)
2023/03/28 20:15:49 開始します(7648)
2023/03/28 20:15:49 非実行(7648)
2023/03/28 20:15:49 実行中(7648)
2023/03/28 20:22:42 終了しました(7648)
2023/04/25 18:54:01 開始します(7440)
2023/04/25 18:54:01 非実行(7440)
2023/04/25 18:54:01 実行中(7440)
2023/04/25 19:00:25 終了しました(7440)
2023/05/15 19:56:03 開始します(7280)
2023/05/15 19:56:03 非実行(7280)
2023/05/15 19:56:03 実行中(7280)
2023/05/15 20:03:40 終了しました(7280)
2023/05/16 18:04:47 開始します(832)
2023/05/16 18:04:47 非実行(832)
2023/05/16 18:04:47 実行中(832)
2023/05/16 18:14:55 終了しました(832)
2023/06/13 19:47:55 開始します(7848)
2023/06/13 19:47:55 非実行(7848)
2023/06/13 19:47:55 実行中(7848)
2023/06/13 19:55:10 終了しました(7848)
2023/09/08 18:51:18 開始します(5420)
2023/09/08 18:51:18 非実行(5420)
2023/09/08 18:51:18 実行中(5420)
2023/09/08 18:57:49 終了しました(5420)
2023/09/14 18:13:13 開始します(4380)
2023/09/14 18:13:13 非実行(4380)
2023/09/14 18:13:13 実行中(4380)
2023/09/14 18:21:15 終了しました(4380)
2023/09/28 19:58:18 開始します(2032)
2023/09/28 19:58:18 非実行(2032)
2023/09/28 19:58:18 実行中(2032)
2023/09/28 20:07:26 終了しました(2032)
2023/10/25 18:11:21 開始します(7492)
2023/10/25 18:11:21 非実行(7492)
2023/10/25 18:11:21 実行中(7492)
2023/10/25 18:23:10 終了しました(7492)
2024/01/29 20:26:49 開始します(6264)
2024/01/29 20:26:49 非実行(6264)
2024/01/29 20:26:49 実行中(6264)
2024/01/29 20:33:40 終了しました(6264)
2024/07/26 16:13:05 開始します(5808)
2024/07/26 16:13:05 非実行(5808)
2024/07/26 16:13:05 実行中(5808)
2024/07/26 16:13:07 終了しました(5808)
2024/07/26 16:28:06 開始します(4844)
2024/07/26 16:28:06 非実行(4844)
2024/07/26 16:28:06 実行中(4844)
2024/07/26 16:28:10 終了しました(4844)
2024/07/26 16:30:20 開始します(9064)
2024/07/26 16:30:20 非実行(9064)
2024/07/26 16:30:20 実行中(9064)
2024/07/26 16:30:28 終了しました(9064)
2024/07/26 16:32:47 開始します(8000)
2024/07/26 16:32:47 非実行(8000)
2024/07/26 16:32:47 実行中(8000)
2024/07/26 16:33:09 終了しました(8000)
2024/07/26 16:36:20 開始します(10200)
2024/07/26 16:36:20 非実行(10200)
2024/07/26 16:36:20 実行中(10200)
2024/07/26 16:36:42 終了しました(10200)
2024/07/26 16:37:42 開始します(9212)
2024/07/26 16:37:42 非実行(9212)
2024/07/26 16:37:42 実行中(9212)
2024/07/26 16:38:08 終了しました(9212)
2024/07/26 16:39:02 開始します(944)
2024/07/26 16:39:02 非実行(944)
2024/07/26 16:39:02 実行中(944)
2024/07/26 16:39:27 終了しました(944)
2024/07/26 16:43:55 開始します(9256)
2024/07/26 16:43:55 非実行(9256)
2024/07/26 16:43:55 実行中(9256)
2024/07/26 16:44:26 終了しました(9256)
2024/07/29 13:03:12 開始します(2196)
2024/07/29 13:03:12 非実行(2196)
2024/07/29 13:03:12 実行中(2196)
2024/07/29 13:03:44 終了しました(2196)
2024/07/29 13:18:20 開始します(3220)
2024/07/29 13:18:20 非実行(3220)
2024/07/29 13:18:20 実行中(3220)
2024/07/29 13:18:52 終了しました(3220)
2024/07/29 13:27:05 開始します(4452)
2024/07/29 13:27:05 非実行(4452)
2024/07/29 13:27:05 実行中(4452)
2024/07/29 13:27:37 終了しました(4452)
2024/07/29 13:30:06 開始します(9600)
2024/07/29 13:30:06 非実行(9600)
2024/07/29 13:30:06 実行中(9600)
2024/07/29 13:30:39 終了しました(9600)
2024/07/29 13:39:36 開始します(9088)
2024/07/29 13:39:36 非実行(9088)
2024/07/29 13:39:36 実行中(9088)
2024/07/29 13:40:08 終了しました(9088)
2024/07/29 13:44:25 開始します(7968)
2024/07/29 13:44:25 非実行(7968)
2024/07/29 13:44:25 実行中(7968)
2024/07/29 13:44:57 終了しました(7968)
2024/07/29 13:48:19 開始します(6620)
2024/07/29 13:48:19 非実行(6620)
2024/07/29 13:48:19 実行中(6620)
2024/07/29 13:48:51 終了しました(6620)
2024/07/29 13:55:01 開始します(5680)
2024/07/29 13:55:01 非実行(5680)
2024/07/29 13:55:01 実行中(5680)
2024/07/29 13:55:33 終了しました(5680)
2024/07/29 13:57:33 開始します(9924)
2024/07/29 13:57:33 非実行(9924)
2024/07/29 13:57:33 実行中(9924)
2024/07/29 13:58:04 終了しました(9924)
2024/07/29 13:59:29 開始します(7996)
2024/07/29 13:59:29 非実行(7996)
2024/07/29 13:59:29 実行中(7996)
2024/07/29 14:00:04 終了しました(7996)
2024/07/29 14:02:13 開始します(4680)
2024/07/29 14:02:13 非実行(4680)
2024/07/29 14:02:13 実行中(4680)
2024/07/29 14:02:53 終了しました(4680)
2024/07/29 14:03:30 開始します(2684)
2024/07/29 14:03:30 非実行(2684)
2024/07/29 14:03:30 実行中(2684)
2024/07/29 14:04:02 終了しました(2684)
2024/07/29 14:05:46 開始します(4548)
2024/07/29 14:05:46 非実行(4548)
2024/07/29 14:05:46 実行中(4548)
2024/07/29 14:06:36 終了しました(4548)
2024/07/30 09:47:30 開始します(8904)
2024/07/30 09:47:30 非実行(8904)
2024/07/30 09:47:30 実行中(8904)
2024/07/30 09:48:18 終了しました(8904)
2024/07/30 09:52:08 開始します(4980)
2024/07/30 09:52:08 非実行(4980)
2024/07/30 09:52:08 実行中(4980)
2024/07/30 09:56:57 開始します(9736)
2024/07/30 09:56:57 確認するPID：6980
2024/07/30 09:56:57 実行結果：6980
2024/07/30 09:56:57 実行中...終了します(6980)
2024/07/30 09:57:04 終了しました(4980)
2024/07/30 09:57:18 開始します(296)
2024/07/30 09:57:18 非実行(296)
2024/07/30 09:57:18 実行中(296)
2024/07/30 09:58:15 終了しました(296)
2024/08/16 09:20:20 開始します(2436)
2024/08/16 09:20:20 非実行(2436)
2024/08/16 09:20:20 実行中(2436)
2024/08/16 09:28:34 終了しました(2436)
2024/08/19 14:12:00 開始します(8568)
2024/08/19 14:12:00 非実行(8568)
2024/08/19 14:12:00 実行中(8568)
2024/08/19 14:19:27 終了しました(8568)
2024/08/23 10:52:09 開始します(3412)
2024/08/23 10:52:09 非実行(3412)
2024/08/23 10:52:09 実行中(3412)
2024/08/23 11:00:53 終了しました(3412)
2024/08/28 14:03:53 開始します(8940)
2024/08/28 14:03:53 非実行(8940)
2024/08/28 14:03:53 実行中(8940)
2024/08/28 14:11:51 終了しました(8940)
2024/09/04 16:34:44 開始します(4932)
2024/09/04 16:34:44 非実行(4932)
2024/09/04 16:34:44 実行中(4932)
2024/09/04 16:34:48 終了しました(4932)
2024/09/12 03:38:59 開始します(2264)
2024/09/12 03:38:59 非実行(2264)
2024/09/12 03:38:59 実行中(2264)
2024/09/12 03:45:41 終了しました(2264)
2024/09/17 15:46:44 開始します(5148)
2024/09/17 15:46:44 非実行(5148)
2024/09/17 15:46:44 実行中(5148)
2024/09/17 16:18:09 終了しました(5148)
2024/09/18 10:33:10 開始します(11844)
2024/09/18 10:33:10 非実行(11844)
2024/09/18 10:33:10 実行中(11844)
2024/09/18 10:59:34 終了しました(11844)
2024/09/18 21:00:58 開始します(8316)
2024/09/18 21:00:58 非実行(8316)
2024/09/18 21:00:58 実行中(8316)
2024/09/18 21:24:47 終了しました(8316)
2024/09/20 03:30:23 開始します(6460)
2024/09/20 03:30:23 非実行(6460)
2024/09/20 03:30:23 実行中(6460)
2024/09/20 03:56:43 終了しました(6460)
2024/09/23 06:04:19 開始します(7300)
2024/09/23 06:04:19 非実行(7300)
2024/09/23 06:04:19 実行中(7300)
2024/09/23 06:32:54 終了しました(7300)
2024/09/26 09:22:14 開始します(3184)
2024/09/26 09:22:14 非実行(3184)
2024/09/26 09:22:14 実行中(3184)
2024/09/26 09:50:34 終了しました(3184)
2024/09/27 09:43:51 開始します(10400)
2024/09/27 09:43:51 非実行(10400)
2024/09/27 09:43:51 実行中(10400)
2024/09/27 10:12:14 終了しました(10400)
2024/09/28 10:10:36 開始します(8584)
2024/09/28 10:10:36 非実行(8584)
2024/09/28 10:10:36 実行中(8584)
2024/09/28 10:38:54 終了しました(8584)
2024/09/29 09:21:43 開始します(7424)
2024/09/29 09:21:43 非実行(7424)
2024/09/29 09:21:43 実行中(7424)
2024/09/29 09:50:08 終了しました(7424)
2024/10/02 04:13:12 開始します(4048)
2024/10/02 04:13:12 非実行(4048)
2024/10/02 04:13:12 実行中(4048)
2024/10/02 04:13:15 終了しました(4048)
2024/10/03 04:50:36 開始します(11332)
2024/10/03 04:50:36 非実行(11332)
2024/10/03 04:50:36 実行中(11332)
2024/10/03 05:18:15 終了しました(11332)
2024/10/04 07:19:39 開始します(2096)
2024/10/04 07:19:39 非実行(2096)
2024/10/04 07:19:39 実行中(2096)
2024/10/04 07:47:53 終了しました(2096)
2024/10/05 06:53:32 開始します(8428)
2024/10/05 06:53:32 非実行(8428)
2024/10/05 06:53:32 実行中(8428)
2024/10/05 07:22:13 終了しました(8428)
2024/10/08 06:50:07 開始します(5480)
2024/10/08 06:50:07 非実行(5480)
2024/10/08 06:50:07 実行中(5480)
2024/10/08 07:18:25 終了しました(5480)
2024/10/09 06:15:05 開始します(5776)
2024/10/09 06:15:05 非実行(5776)
2024/10/09 06:15:05 実行中(5776)
2024/10/09 06:42:50 終了しました(5776)
2024/10/10 06:53:15 開始します(12596)
2024/10/10 06:53:15 非実行(12596)
2024/10/10 06:53:15 実行中(12596)
2024/10/10 07:21:02 終了しました(12596)
2024/10/11 06:00:47 開始します(11716)
2024/10/11 06:00:47 非実行(11716)
2024/10/11 06:00:47 実行中(11716)
2024/10/11 06:29:07 終了しました(11716)
2024/10/13 07:47:58 開始します(4276)
2024/10/13 07:47:58 非実行(4276)
2024/10/13 07:47:58 実行中(4276)
2024/10/13 08:19:45 終了しました(4276)
2024/10/16 06:23:55 開始します(380)
2024/10/16 06:23:55 非実行(380)
2024/10/16 06:23:55 実行中(380)
2024/10/16 06:55:40 終了しました(380)
2024/10/17 05:34:35 開始します(5824)
2024/10/17 05:34:35 非実行(5824)
2024/10/17 05:34:35 実行中(5824)
2024/10/17 06:05:28 終了しました(5824)
2024/10/18 11:21:48 開始します(2512)
2024/10/18 11:21:48 非実行(2512)
2024/10/18 11:21:48 実行中(2512)
2024/10/18 11:54:46 終了しました(2512)
2024/10/19 05:01:39 開始します(3192)
2024/10/19 05:01:39 非実行(3192)
2024/10/19 05:01:39 実行中(3192)
2024/10/19 05:16:35 終了しました(3192)
2024/10/22 03:10:20 開始します(2792)
2024/10/22 03:10:20 非実行(2792)
2024/10/22 03:10:20 実行中(2792)
2024/10/22 03:24:00 終了しました(2792)
2024/10/23 03:22:00 開始します(2468)
2024/10/23 03:22:00 非実行(2468)
2024/10/23 03:22:00 実行中(2468)
2024/10/23 03:35:46 終了しました(2468)
2024/10/24 04:55:43 開始します(8532)
2024/10/24 04:55:43 非実行(8532)
2024/10/24 04:55:43 実行中(8532)
2024/10/24 05:11:31 終了しました(8532)
2024/10/25 06:17:19 開始します(4284)
2024/10/25 06:17:19 非実行(4284)
2024/10/25 06:17:19 実行中(4284)
2024/10/25 06:33:44 終了しました(4284)
2024/10/27 16:13:31 開始します(6856)
2024/10/27 16:13:31 非実行(6856)
2024/10/27 16:13:31 実行中(6856)
2024/10/27 16:30:30 終了しました(6856)
2024/10/29 03:19:21 開始します(7648)
2024/10/29 03:19:21 非実行(7648)
2024/10/29 03:19:21 実行中(7648)
2024/10/29 03:36:45 終了しました(7648)
2024/10/30 02:18:51 開始します(4564)
2024/10/30 02:18:51 非実行(4564)
2024/10/30 02:18:51 実行中(4564)
2024/10/30 02:19:08 終了しました(4564)
2024/10/31 01:44:59 開始します(6656)
2024/10/31 01:44:59 非実行(6656)
2024/10/31 01:44:59 実行中(6656)
2024/10/31 01:45:24 終了しました(6656)
2024/11/01 02:28:24 開始します(7496)
2024/11/01 02:28:24 非実行(7496)
2024/11/01 02:28:24 実行中(7496)
2024/11/01 02:28:52 終了しました(7496)
2024/11/03 23:07:17 開始します(5184)
2024/11/03 23:07:17 非実行(5184)
2024/11/03 23:07:17 実行中(5184)
2024/11/03 23:24:51 終了しました(5184)
2024/11/06 01:58:49 開始します(3852)
2024/11/06 01:58:49 非実行(3852)
2024/11/06 01:58:49 実行中(3852)
2024/11/06 02:02:32 終了しました(3852)
2024/11/07 08:54:01 開始します(7440)
2024/11/07 08:54:01 非実行(7440)
2024/11/07 08:54:01 実行中(7440)
2024/11/07 09:15:22 終了しました(7440)
2024/11/08 07:59:22 開始します(5156)
2024/11/08 07:59:22 非実行(5156)
2024/11/08 07:59:22 実行中(5156)
2024/11/08 08:20:20 終了しました(5156)
2024/11/09 09:27:26 開始します(3896)
2024/11/09 09:27:26 非実行(3896)
2024/11/09 09:27:26 実行中(3896)
2024/11/09 09:48:49 終了しました(3896)
2024/11/12 06:02:16 開始します(3872)
2024/11/12 06:02:16 非実行(3872)
2024/11/12 06:02:16 実行中(3872)
2024/11/12 06:23:48 終了しました(3872)
2024/11/13 08:49:55 開始します(7332)
2024/11/13 08:49:55 非実行(7332)
2024/11/13 08:49:55 実行中(7332)
2024/11/13 09:11:59 終了しました(7332)
2024/11/14 09:44:33 開始します(5828)
2024/11/14 09:44:33 非実行(5828)
2024/11/14 09:44:33 実行中(5828)
2024/11/14 10:04:31 終了しました(5828)
2024/11/15 09:21:04 開始します(4176)
2024/11/15 09:21:04 非実行(4176)
2024/11/15 09:21:04 実行中(4176)
2024/11/15 09:40:13 終了しました(4176)
2024/11/17 07:51:25 開始します(9040)
2024/11/17 07:51:25 非実行(9040)
2024/11/17 07:51:25 実行中(9040)
2024/11/17 08:08:49 終了しました(9040)
2024/11/19 09:57:59 開始します(2148)
2024/11/19 09:57:59 非実行(2148)
2024/11/19 09:57:59 実行中(2148)
2024/11/19 10:15:40 終了しました(2148)
2024/11/20 09:47:32 開始します(3320)
2024/11/20 09:47:32 非実行(3320)
2024/11/20 09:47:32 実行中(3320)
2024/11/20 10:06:00 終了しました(3320)
2024/11/20 22:53:55 開始します(8468)
2024/11/20 22:53:55 非実行(8468)
2024/11/20 22:53:55 実行中(8468)
2024/11/20 23:11:39 終了しました(8468)
2024/11/22 13:46:11 開始します(7860)
2024/11/22 13:46:11 非実行(7860)
2024/11/22 13:46:11 実行中(7860)
2024/11/22 14:04:18 終了しました(7860)
2024/12/05 02:27:10 開始します(7616)
2024/12/05 02:27:10 非実行(7616)
2024/12/05 02:27:10 実行中(7616)
2024/12/05 02:45:50 終了しました(7616)
2024/12/06 04:41:38 開始します(8236)
2024/12/06 04:41:38 非実行(8236)
2024/12/06 04:41:38 実行中(8236)
2024/12/06 05:00:05 終了しました(8236)
2024/12/09 15:18:26 開始します(7388)
2024/12/09 15:18:26 非実行(7388)
2024/12/09 15:18:26 実行中(7388)
2024/12/09 15:41:41 終了しました(7388)
2024/12/11 07:24:14 開始します(6212)
2024/12/11 07:24:14 非実行(6212)
2024/12/11 07:24:14 実行中(6212)
2024/12/11 07:43:56 終了しました(6212)
2024/12/13 05:30:02 開始します(6664)
2024/12/13 05:30:02 非実行(6664)
2024/12/13 05:30:02 実行中(6664)
2024/12/13 05:49:54 終了しました(6664)
2024/12/16 05:58:41 開始します(7572)
2024/12/16 05:58:41 非実行(7572)
2024/12/16 05:58:41 実行中(7572)
2024/12/16 06:18:14 終了しました(7572)
2024/12/17 08:40:21 開始します(9324)
2024/12/17 08:40:21 非実行(9324)
2024/12/17 08:40:21 実行中(9324)
2024/12/17 09:00:12 終了しました(9324)
2024/12/18 10:04:33 開始します(3672)
2024/12/18 10:04:33 非実行(3672)
2024/12/18 10:04:33 実行中(3672)
2024/12/18 10:28:11 終了しました(3672)
2024/12/19 10:22:43 開始します(1784)
2024/12/19 10:22:43 非実行(1784)
2024/12/19 10:22:43 実行中(1784)
2024/12/19 10:46:04 終了しました(1784)
2024/12/20 13:55:20 開始します(9612)
2024/12/20 13:55:20 非実行(9612)
2024/12/20 13:55:20 実行中(9612)
2024/12/20 14:18:15 終了しました(9612)
2024/12/21 11:54:24 開始します(6080)
2024/12/21 11:54:24 非実行(6080)
2024/12/21 11:54:24 実行中(6080)
2024/12/21 12:17:04 終了しました(6080)
2024/12/22 14:25:53 開始します(1116)
2024/12/22 14:25:53 非実行(1116)
2024/12/22 14:25:53 実行中(1116)
2024/12/22 14:49:48 終了しました(1116)
2024/12/24 06:45:45 開始します(8832)
2024/12/24 06:45:45 非実行(8832)
2024/12/24 06:45:45 実行中(8832)
2024/12/24 07:08:25 終了しました(8832)
2024/12/27 02:48:47 開始します(2940)
2024/12/27 02:48:47 非実行(2940)
2024/12/27 02:48:47 実行中(2940)
2024/12/27 03:15:17 終了しました(2940)
2025/01/31 10:30:47 開始します(6476)
2025/01/31 10:30:47 非実行(6476)
2025/01/31 10:30:47 実行中(6476)
2025/01/31 10:30:48 終了しました(6476)
2025/01/31 10:31:30 開始します(5816)
2025/01/31 10:31:30 非実行(5816)
2025/01/31 10:31:30 実行中(5816)
2025/01/31 10:31:34 終了しました(5816)
2025/01/31 15:17:43 開始します(8364)
2025/01/31 15:17:43 非実行(8364)
2025/01/31 15:17:43 実行中(8364)
2025/01/31 15:17:47 終了しました(8364)
2025/01/31 15:19:48 開始します(10200)
2025/01/31 15:19:48 非実行(10200)
2025/01/31 15:19:48 実行中(10200)
2025/01/31 15:19:52 終了しました(10200)
2025/01/31 15:20:56 開始します(1992)
2025/01/31 15:20:56 非実行(1992)
2025/01/31 15:20:56 実行中(1992)
2025/01/31 15:20:59 終了しました(1992)
2025/01/31 15:25:23 開始します(6372)
2025/01/31 15:25:23 非実行(6372)
2025/01/31 15:25:23 実行中(6372)
2025/01/31 15:25:31 終了しました(6372)
2025/01/31 15:28:17 開始します(3808)
2025/01/31 15:28:17 非実行(3808)
2025/01/31 15:28:17 実行中(3808)
2025/01/31 15:28:24 終了しました(3808)
2025/01/31 15:55:30 開始します(10220)
2025/01/31 15:55:30 非実行(10220)
2025/01/31 15:55:30 実行中(10220)
2025/01/31 15:55:37 終了しました(10220)
2025/01/31 15:57:07 開始します(4896)
2025/01/31 15:57:07 非実行(4896)
2025/01/31 15:57:07 実行中(4896)
2025/01/31 15:57:15 終了しました(4896)
2025/01/31 16:02:19 開始します(8208)
2025/01/31 16:02:19 非実行(8208)
2025/01/31 16:02:19 実行中(8208)
2025/01/31 16:02:27 終了しました(8208)
2025/01/31 16:10:47 開始します(284)
2025/01/31 16:10:47 非実行(284)
2025/01/31 16:10:47 実行中(284)
2025/01/31 16:10:55 終了しました(284)
2025/01/31 16:12:49 開始します(4384)
2025/01/31 16:12:49 非実行(4384)
2025/01/31 16:12:49 実行中(4384)
2025/01/31 16:12:56 終了しました(4384)
2025/02/05 16:07:28 開始します(8284)
2025/02/05 16:07:28 非実行(8284)
2025/02/05 16:07:28 実行中(8284)
2025/02/05 16:14:58 終了しました(8284)
2025/02/06 07:19:33 開始します(6540)
2025/02/06 07:19:33 非実行(6540)
2025/02/06 07:19:33 実行中(6540)
2025/02/06 07:36:41 終了しました(6540)
2025/02/08 02:22:42 開始します(3064)
2025/02/08 02:22:42 非実行(3064)
2025/02/08 02:22:42 実行中(3064)
2025/02/08 02:42:45 終了しました(3064)
2025/02/11 03:05:44 開始します(6524)
2025/02/11 03:05:44 非実行(6524)
2025/02/11 03:05:44 実行中(6524)
2025/02/11 03:28:22 終了しました(6524)
2025/02/13 16:18:54 開始します(10460)
2025/02/13 16:18:54 非実行(10460)
2025/02/13 16:18:54 実行中(10460)
2025/02/13 16:20:11 終了しました(10460)
2025/02/13 16:23:55 開始します(1868)
2025/02/13 16:23:55 非実行(1868)
2025/02/13 16:23:55 実行中(1868)
2025/02/13 16:23:56 終了しました(1868)
2025/02/13 16:25:00 開始します(11156)
2025/02/13 16:25:00 非実行(11156)
2025/02/13 16:25:00 実行中(11156)
2025/02/13 16:47:33 終了しました(11156)
2025/02/14 00:54:18 開始します(8468)
2025/02/14 00:54:18 非実行(8468)
2025/02/14 00:54:18 実行中(8468)
2025/02/14 00:54:18 終了しました(8468)
2025/02/14 18:01:47 開始します(9916)
2025/02/14 18:01:47 非実行(9916)
2025/02/14 18:01:47 実行中(9916)
2025/02/14 18:24:39 終了しました(9916)
2025/02/15 17:31:42 開始します(1028)
2025/02/15 17:31:42 非実行(1028)
2025/02/15 17:31:42 実行中(1028)
2025/02/15 17:49:19 終了しました(1028)
2025/02/18 06:53:10 開始します(4336)
2025/02/18 06:53:10 非実行(4336)
2025/02/18 06:53:10 実行中(4336)
2025/02/18 07:15:55 終了しました(4336)
2025/02/18 15:57:55 開始します(6988)
2025/02/18 15:57:55 非実行(6988)
2025/02/18 15:57:55 実行中(6988)
2025/02/18 15:57:55 終了しました(6988)
2025/02/18 15:58:41 開始します(776)
2025/02/18 15:58:41 非実行(776)
2025/02/18 15:58:41 実行中(776)
2025/02/18 16:20:38 終了しました(776)
2025/02/19 04:52:04 開始します(8624)
2025/02/19 04:52:04 非実行(8624)
2025/02/19 04:52:04 実行中(8624)
2025/02/19 05:14:40 終了しました(8624)
2025/02/20 02:00:12 開始します(10056)
2025/02/20 02:00:12 非実行(10056)
2025/02/20 02:00:12 実行中(10056)
2025/02/20 02:17:52 終了しました(10056)
2025/02/21 08:50:16 開始します(4388)
2025/02/21 08:50:16 非実行(4388)
2025/02/21 08:50:16 実行中(4388)
2025/02/21 08:50:16 終了しました(4388)
2025/02/21 14:14:43 開始します(7484)
2025/02/21 14:14:43 非実行(7484)
2025/02/21 14:14:43 実行中(7484)
2025/02/21 14:30:57 終了しました(7484)
2025/02/22 06:08:55 開始します(4292)
2025/02/22 06:08:55 非実行(4292)
2025/02/22 06:08:55 実行中(4292)
2025/02/22 06:24:36 終了しました(4292)
2025/02/23 07:33:27 開始します(5740)
2025/02/23 07:33:27 非実行(5740)
2025/02/23 07:33:27 実行中(5740)
2025/02/23 07:49:16 終了しました(5740)
2025/02/27 06:00:58 開始します(10616)
2025/02/27 06:00:58 非実行(10616)
2025/02/27 06:00:58 実行中(10616)
2025/02/27 06:18:35 終了しました(10616)
2025/02/28 02:37:47 開始します(8744)
2025/02/28 02:37:47 非実行(8744)
2025/02/28 02:37:47 実行中(8744)
2025/02/28 02:55:22 終了しました(8744)
2025/02/28 16:48:19 開始します(5592)
2025/02/28 16:48:19 非実行(5592)
2025/02/28 16:48:19 実行中(5592)
2025/02/28 16:52:36 終了しました(5592)
2025/02/28 16:52:41 開始します(6784)
2025/02/28 16:52:41 非実行(6784)
2025/02/28 16:52:41 実行中(6784)
2025/02/28 16:52:42 終了しました(6784)
2025/03/01 02:25:03 開始します(9332)
2025/03/01 02:25:03 非実行(9332)
2025/03/01 02:25:03 実行中(9332)
2025/03/01 02:42:41 終了しました(9332)
2025/03/07 23:10:01 開始します(9408)
2025/03/07 23:10:01 非実行(9408)
2025/03/07 23:10:01 実行中(9408)
2025/03/07 23:25:17 終了しました(9408)
2025/03/08 23:10:01 開始します(1596)
2025/03/08 23:10:01 非実行(1596)
2025/03/08 23:10:01 実行中(1596)
2025/03/08 23:10:01 終了しました(1596)
2025/03/09 23:10:01 開始します(3448)
2025/03/09 23:10:01 非実行(3448)
2025/03/09 23:10:01 実行中(3448)
2025/03/09 23:10:01 終了しました(3448)
2025/03/10 23:10:01 開始します(4604)
2025/03/10 23:10:01 非実行(4604)
2025/03/10 23:10:01 実行中(4604)
2025/03/10 23:24:49 終了しました(4604)
2025/03/11 23:10:01 開始します(10632)
2025/03/11 23:10:01 非実行(10632)
2025/03/11 23:10:01 実行中(10632)
2025/03/11 23:24:41 終了しました(10632)
2025/03/12 23:10:01 開始します(8028)
2025/03/12 23:10:01 非実行(8028)
2025/03/12 23:10:01 実行中(8028)
2025/03/12 23:31:02 終了しました(8028)
2025/03/13 23:10:01 開始します(9524)
2025/03/13 23:10:01 非実行(9524)
2025/03/13 23:10:01 実行中(9524)
2025/03/13 23:25:19 終了しました(9524)
2025/03/14 23:10:01 開始します(5856)
2025/03/14 23:10:01 非実行(5856)
2025/03/14 23:10:01 実行中(5856)
2025/03/14 23:25:32 終了しました(5856)
2025/03/15 23:10:01 開始します(9748)
2025/03/15 23:10:01 非実行(9748)
2025/03/15 23:10:01 実行中(9748)
2025/03/15 23:25:49 終了しました(9748)
2025/03/16 23:10:01 開始します(6384)
2025/03/16 23:10:01 非実行(6384)
2025/03/16 23:10:01 実行中(6384)
2025/03/16 23:25:18 終了しました(6384)
2025/03/17 23:10:01 開始します(4948)
2025/03/17 23:10:01 非実行(4948)
2025/03/17 23:10:01 実行中(4948)
2025/03/17 23:25:12 終了しました(4948)
2025/03/18 23:10:01 開始します(3528)
2025/03/18 23:10:01 非実行(3528)
2025/03/18 23:10:01 実行中(3528)
2025/03/18 23:28:48 終了しました(3528)
2025/03/19 15:09:10 開始します(10652)
2025/03/19 15:09:10 非実行(10652)
2025/03/19 15:09:10 実行中(10652)
2025/03/19 15:12:03 終了しました(10652)
2025/03/19 16:03:10 開始します(1776)
2025/03/19 16:03:10 非実行(1776)
2025/03/19 16:03:10 実行中(1776)
2025/03/19 16:03:10 終了しました(1776)
2025/03/19 16:03:46 開始します(4812)
2025/03/19 16:03:46 非実行(4812)
2025/03/19 16:03:46 実行中(4812)
2025/03/19 16:23:32 終了しました(4812)
2025/03/19 23:10:01 開始します(9228)
2025/03/19 23:10:01 非実行(9228)
2025/03/19 23:10:01 実行中(9228)
2025/03/19 23:10:01 終了しました(9228)
2025/03/20 23:10:01 開始します(10708)
2025/03/20 23:10:01 非実行(10708)
2025/03/20 23:10:01 実行中(10708)
2025/03/20 23:25:52 終了しました(10708)
2025/03/21 23:10:01 開始します(11112)
2025/03/21 23:10:01 非実行(11112)
2025/03/21 23:10:01 実行中(11112)
2025/03/21 23:26:06 終了しました(11112)
2025/03/22 23:10:01 開始します(11284)
2025/03/22 23:10:01 非実行(11284)
2025/03/22 23:10:01 実行中(11284)
2025/03/22 23:26:26 終了しました(11284)
2025/03/23 23:10:01 開始します(11128)
2025/03/23 23:10:01 非実行(11128)
2025/03/23 23:10:01 実行中(11128)
2025/03/23 23:26:11 終了しました(11128)
2025/03/24 23:10:01 開始します(5896)
2025/03/24 23:10:01 非実行(5896)
2025/03/24 23:10:01 実行中(5896)
2025/03/24 23:26:07 終了しました(5896)
2025/03/25 23:10:01 開始します(12004)
2025/03/25 23:10:01 非実行(12004)
2025/03/25 23:10:01 実行中(12004)
2025/03/25 23:25:50 終了しました(12004)
2025/03/26 23:10:01 開始します(11196)
2025/03/26 23:10:01 非実行(11196)
2025/03/26 23:10:01 実行中(11196)
2025/03/26 23:28:08 終了しました(11196)
2025/03/27 23:10:01 開始します(4236)
2025/03/27 23:10:01 非実行(4236)
2025/03/27 23:10:01 実行中(4236)
2025/03/27 23:26:00 終了しました(4236)
2025/03/28 23:43:56 開始します(10388)
2025/03/28 23:43:56 非実行(10388)
2025/03/28 23:43:56 実行中(10388)
2025/03/28 23:59:09 終了しました(10388)
2025/03/29 23:47:10 開始します(2116)
2025/03/29 23:47:10 非実行(2116)
2025/03/29 23:47:10 実行中(2116)
2025/03/30 00:03:34 終了しました(2116)
2025/03/30 23:39:13 開始します(9644)
2025/03/30 23:39:13 非実行(9644)
2025/03/30 23:39:13 実行中(9644)
2025/03/30 23:55:19 終了しました(9644)
2025/03/31 23:38:12 開始します(1820)
2025/03/31 23:38:12 非実行(1820)
2025/03/31 23:38:12 実行中(1820)
2025/03/31 23:53:48 終了しました(1820)
2025/04/01 23:31:42 開始します(6556)
2025/04/01 23:31:42 非実行(6556)
2025/04/01 23:31:42 実行中(6556)
2025/04/01 23:50:15 終了しました(6556)
2025/04/02 23:36:19 開始します(8480)
2025/04/02 23:36:19 非実行(8480)
2025/04/02 23:36:19 実行中(8480)
2025/04/02 23:52:56 終了しました(8480)
2025/04/03 23:30:19 開始します(7172)
2025/04/03 23:30:19 非実行(7172)
2025/04/03 23:30:19 実行中(7172)
2025/04/03 23:45:18 終了しました(7172)
2025/04/04 23:31:51 開始します(9416)
2025/04/04 23:31:51 非実行(9416)
2025/04/04 23:31:51 実行中(9416)
2025/04/04 23:47:14 終了しました(9416)
2025/04/05 23:29:24 開始します(7252)
2025/04/05 23:29:24 非実行(7252)
2025/04/05 23:29:24 実行中(7252)
2025/04/05 23:44:45 終了しました(7252)
2025/04/06 23:22:30 開始します(1344)
2025/04/06 23:22:30 非実行(1344)
2025/04/06 23:22:30 実行中(1344)
2025/04/06 23:37:39 終了しました(1344)
2025/04/07 23:23:34 開始します(9168)
2025/04/07 23:23:34 非実行(9168)
2025/04/07 23:23:34 実行中(9168)
2025/04/07 23:38:29 終了しました(9168)
2025/04/08 23:30:11 開始します(9516)
2025/04/08 23:30:11 非実行(9516)
2025/04/08 23:30:11 実行中(9516)
2025/04/08 23:49:31 終了しました(9516)
2025/04/09 23:42:04 開始します(3036)
2025/04/09 23:42:04 非実行(3036)
2025/04/09 23:42:04 実行中(3036)
2025/04/09 23:59:51 終了しました(3036)
2025/04/10 23:46:28 開始します(8116)
2025/04/10 23:46:28 非実行(8116)
2025/04/10 23:46:28 実行中(8116)
2025/04/11 00:01:52 終了しました(8116)
2025/04/12 23:10:00 開始します(7460)
2025/04/12 23:10:00 非実行(7460)
2025/04/12 23:10:00 実行中(7460)
2025/04/12 23:25:51 終了しました(7460)
2025/04/13 23:58:06 開始します(7564)
2025/04/13 23:58:06 非実行(7564)
2025/04/13 23:58:06 実行中(7564)
2025/04/14 00:14:03 終了しました(7564)
2025/04/14 23:59:15 開始します(12116)
2025/04/14 23:59:15 非実行(12116)
2025/04/14 23:59:15 実行中(12116)
2025/04/15 00:14:52 終了しました(12116)
2025/04/16 00:04:14 開始します(2780)
2025/04/16 00:04:14 非実行(2780)
2025/04/16 00:04:14 実行中(2780)
2025/04/16 00:24:28 終了しました(2780)
2025/04/17 00:19:15 開始します(10824)
2025/04/17 00:19:15 非実行(10824)
2025/04/17 00:19:15 実行中(10824)
2025/04/17 00:38:10 終了しました(10824)
2025/04/18 00:08:38 開始します(7152)
2025/04/18 00:08:38 非実行(7152)
2025/04/18 00:08:38 実行中(7152)
2025/04/18 00:25:34 終了しました(7152)
2025/04/19 00:08:59 開始します(2992)
2025/04/19 00:08:59 非実行(2992)
2025/04/19 00:08:59 実行中(2992)
2025/04/19 00:26:19 終了しました(2992)
2025/04/20 00:04:46 開始します(5508)
2025/04/20 00:04:46 非実行(5508)
2025/04/20 00:04:46 実行中(5508)
2025/04/20 00:22:16 終了しました(5508)
2025/04/20 23:59:54 開始します(6600)
2025/04/20 23:59:54 非実行(6600)
2025/04/20 23:59:54 実行中(6600)
2025/04/21 00:21:59 終了しました(6600)
2025/04/22 00:03:17 開始します(3648)
2025/04/22 00:03:17 非実行(3648)
2025/04/22 00:03:17 実行中(3648)
2025/04/22 00:20:47 終了しました(3648)
2025/04/23 00:00:16 開始します(7740)
2025/04/23 00:00:16 非実行(7740)
2025/04/23 00:00:16 実行中(7740)
2025/04/23 00:24:51 終了しました(7740)
2025/04/24 00:09:42 開始します(884)
2025/04/24 00:09:42 非実行(884)
2025/04/24 00:09:42 実行中(884)
2025/04/24 00:29:42 終了しました(884)
2025/04/25 00:01:43 開始します(6724)
2025/04/25 00:01:43 非実行(6724)
2025/04/25 00:01:43 実行中(6724)
2025/04/25 00:18:02 終了しました(6724)
2025/04/26 00:00:45 開始します(6220)
2025/04/26 00:00:45 非実行(6220)
2025/04/26 00:00:45 実行中(6220)
2025/04/26 00:17:51 終了しました(6220)
2025/04/27 00:03:44 開始します(5112)
2025/04/27 00:03:44 非実行(5112)
2025/04/27 00:03:44 実行中(5112)
2025/04/27 00:21:28 終了しました(5112)
2025/04/27 23:57:08 開始します(3664)
2025/04/27 23:57:08 非実行(3664)
2025/04/27 23:57:08 実行中(3664)
2025/04/28 00:13:56 終了しました(3664)
2025/04/28 23:57:27 開始します(2496)
2025/04/28 23:57:27 非実行(2496)
2025/04/28 23:57:27 実行中(2496)
2025/04/29 00:13:55 終了しました(2496)
2025/04/29 23:58:07 開始します(4548)
2025/04/29 23:58:07 非実行(4548)
2025/04/29 23:58:07 実行中(4548)
2025/04/30 00:19:53 終了しました(4548)
2025/05/01 00:00:39 開始します(2940)
2025/05/01 00:00:39 非実行(2940)
2025/05/01 00:00:39 実行中(2940)
2025/05/01 00:18:08 終了しました(2940)
2025/05/01 23:59:46 開始します(7664)
2025/05/01 23:59:46 非実行(7664)
2025/05/01 23:59:46 実行中(7664)
2025/05/02 00:13:29 終了しました(7664)
2025/05/03 00:02:10 開始します(4900)
2025/05/03 00:02:10 非実行(4900)
2025/05/03 00:02:10 実行中(4900)
2025/05/03 00:16:11 終了しました(4900)
2025/05/04 00:01:36 開始します(536)
2025/05/04 00:01:36 非実行(536)
2025/05/04 00:01:36 実行中(536)
2025/05/04 00:15:30 終了しました(536)
2025/05/04 23:59:42 開始します(6036)
2025/05/04 23:59:42 非実行(6036)
2025/05/04 23:59:42 実行中(6036)
2025/05/05 00:13:23 終了しました(6036)
2025/05/05 23:59:23 開始します(2920)
2025/05/05 23:59:23 非実行(2920)
2025/05/05 23:59:23 実行中(2920)
2025/05/06 00:12:47 終了しました(2920)
2025/05/06 23:59:53 開始します(3856)
2025/05/06 23:59:53 非実行(3856)
2025/05/06 23:59:53 実行中(3856)
2025/05/07 00:15:53 終了しました(3856)
2025/05/07 23:58:37 開始します(6996)
2025/05/07 23:58:37 非実行(6996)
2025/05/07 23:58:37 実行中(6996)
2025/05/08 00:11:00 終了しました(6996)
2025/05/09 00:00:51 開始します(5804)
2025/05/09 00:00:51 非実行(5804)
2025/05/09 00:00:51 実行中(5804)
2025/05/09 00:11:03 終了しました(5804)
2025/05/09 23:59:57 開始します(1548)
2025/05/09 23:59:57 非実行(1548)
2025/05/09 23:59:57 実行中(1548)
2025/05/10 00:10:30 終了しました(1548)
2025/05/11 00:02:34 開始します(1736)
2025/05/11 00:02:34 非実行(1736)
2025/05/11 00:02:34 実行中(1736)
2025/05/11 00:20:44 終了しました(1736)
2025/05/11 23:59:03 開始します(5996)
2025/05/11 23:59:03 非実行(5996)
2025/05/11 23:59:03 実行中(5996)
2025/05/12 00:16:11 終了しました(5996)
2025/05/13 00:01:52 開始します(1068)
2025/05/13 00:01:52 非実行(1068)
2025/05/13 00:01:52 実行中(1068)
2025/05/13 00:18:57 終了しました(1068)
2025/05/14 00:02:55 開始します(8004)
2025/05/14 00:02:55 非実行(8004)
2025/05/14 00:02:55 実行中(8004)
2025/05/14 00:22:55 終了しました(8004)
2025/05/15 00:00:46 開始します(5788)
2025/05/15 00:00:46 非実行(5788)
2025/05/15 00:00:46 実行中(5788)
2025/05/15 00:17:12 終了しました(5788)
2025/05/16 01:18:58 開始します(6640)
2025/05/16 01:18:58 非実行(6640)
2025/05/16 01:18:58 実行中(6640)
2025/05/16 01:38:59 終了しました(6640)
2025/05/17 00:17:36 開始します(5728)
2025/05/17 00:17:36 非実行(5728)
2025/05/17 00:17:36 実行中(5728)
2025/05/17 00:36:49 終了しました(5728)
2025/05/18 00:02:46 開始します(1952)
2025/05/18 00:02:46 非実行(1952)
2025/05/18 00:02:46 実行中(1952)
2025/05/18 00:19:41 終了しました(1952)
2025/05/18 23:59:49 開始します(4448)
2025/05/18 23:59:49 非実行(4448)
2025/05/18 23:59:49 実行中(4448)
2025/05/19 00:18:43 終了しました(4448)
2025/05/20 00:08:55 開始します(6516)
2025/05/20 00:08:55 非実行(6516)
2025/05/20 00:08:55 実行中(6516)
2025/05/20 00:28:01 終了しました(6516)
2025/05/21 00:01:47 開始します(1180)
2025/05/21 00:01:47 非実行(1180)
2025/05/21 00:01:47 実行中(1180)
2025/05/21 00:22:10 終了しました(1180)
2025/05/22 00:02:58 開始します(6240)
2025/05/22 00:02:58 非実行(6240)
2025/05/22 00:02:58 実行中(6240)
2025/05/22 00:21:13 終了しました(6240)
2025/05/24 00:02:19 開始します(3736)
2025/05/24 00:02:19 非実行(3736)
2025/05/24 00:02:19 実行中(3736)
2025/05/24 00:18:30 終了しました(3736)
2025/05/25 00:02:41 開始します(2012)
2025/05/25 00:02:41 非実行(2012)
2025/05/25 00:02:41 実行中(2012)
2025/05/25 00:18:37 終了しました(2012)
2025/05/26 00:00:49 開始します(5336)
2025/05/26 00:00:49 非実行(5336)
2025/05/26 00:00:49 実行中(5336)
2025/05/26 00:19:22 終了しました(5336)
2025/05/27 00:00:06 開始します(3960)
2025/05/27 00:00:06 非実行(3960)
2025/05/27 00:00:06 実行中(3960)
2025/05/27 00:42:52 終了しました(3960)
2025/05/28 00:00:05 開始します(7160)
2025/05/28 00:00:05 非実行(7160)
2025/05/28 00:00:05 実行中(7160)
2025/05/28 00:23:16 終了しました(7160)
2025/05/29 00:04:05 開始します(6204)
2025/05/29 00:04:05 非実行(6204)
2025/05/29 00:04:05 実行中(6204)
2025/05/29 00:22:37 終了しました(6204)
2025/05/30 00:03:53 開始します(6824)
2025/05/30 00:03:53 非実行(6824)
2025/05/30 00:03:53 実行中(6824)
2025/05/30 00:19:53 終了しました(6824)
2025/05/31 00:04:01 開始します(5668)
2025/05/31 00:04:01 非実行(5668)
2025/05/31 00:04:01 実行中(5668)
2025/05/31 00:20:39 終了しました(5668)
2025/06/01 00:03:13 開始します(1488)
2025/06/01 00:03:13 非実行(1488)
2025/06/01 00:03:13 実行中(1488)
2025/06/01 00:19:37 終了しました(1488)
2025/06/02 00:00:36 開始します(4032)
2025/06/02 00:00:36 非実行(4032)
2025/06/02 00:00:36 実行中(4032)
2025/06/02 00:19:26 終了しました(4032)
2025/06/03 00:03:21 開始します(7124)
2025/06/03 00:03:21 非実行(7124)
2025/06/03 00:03:21 実行中(7124)
2025/06/03 00:20:29 終了しました(7124)
2025/06/04 00:02:04 開始します(1104)
2025/06/04 00:02:04 非実行(1104)
2025/06/04 00:02:04 実行中(1104)
2025/06/04 00:27:01 終了しました(1104)
2025/06/05 00:05:03 開始します(3228)
2025/06/05 00:05:03 非実行(3228)
2025/06/05 00:05:03 実行中(3228)
2025/06/05 00:24:53 終了しました(3228)
2025/06/06 00:04:24 開始します(4968)
2025/06/06 00:04:24 非実行(4968)
2025/06/06 00:04:24 実行中(4968)
2025/06/06 00:20:46 終了しました(4968)
2025/06/07 00:01:38 開始します(3464)
2025/06/07 00:01:38 非実行(3464)
2025/06/07 00:01:38 実行中(3464)
2025/06/07 00:18:03 終了しました(3464)
2025/06/08 00:01:56 開始します(2268)
2025/06/08 00:01:56 非実行(2268)
2025/06/08 00:01:56 実行中(2268)
2025/06/08 00:18:17 終了しました(2268)
2025/06/09 00:00:07 開始します(6056)
2025/06/09 00:00:07 非実行(6056)
2025/06/09 00:00:07 実行中(6056)
2025/06/09 00:18:56 終了しました(6056)
2025/06/10 00:01:03 開始します(6708)
2025/06/10 00:01:03 非実行(6708)
2025/06/10 00:01:03 実行中(6708)
2025/06/10 00:54:07 終了しました(6708)
2025/06/11 00:00:11 開始します(4888)
2025/06/11 00:00:11 非実行(4888)
2025/06/11 00:00:11 実行中(4888)
2025/06/11 00:25:48 終了しました(4888)
2025/06/12 00:18:29 開始します(764)
2025/06/12 00:18:29 非実行(764)
2025/06/12 00:18:29 実行中(764)
2025/06/12 00:37:30 終了しました(764)
2025/06/13 00:13:33 開始します(6384)
2025/06/13 00:13:33 非実行(6384)
2025/06/13 00:13:33 実行中(6384)
2025/06/13 00:29:38 終了しました(6384)
2025/06/14 00:18:07 開始します(5472)
2025/06/14 00:18:07 非実行(5472)
2025/06/14 00:18:07 実行中(5472)
2025/06/14 00:34:18 終了しました(5472)
2025/06/15 00:09:12 開始します(2992)
2025/06/15 00:09:12 非実行(2992)
2025/06/15 00:09:12 実行中(2992)
2025/06/15 00:25:19 終了しました(2992)
2025/06/16 00:01:28 開始します(5640)
2025/06/16 00:01:28 非実行(5640)
2025/06/16 00:01:28 実行中(5640)
2025/06/16 00:20:02 終了しました(5640)
2025/06/17 00:07:03 開始します(5540)
2025/06/17 00:07:03 非実行(5540)
2025/06/17 00:07:03 実行中(5540)
2025/06/17 00:24:08 終了しました(5540)
2025/06/18 00:10:35 開始します(7048)
2025/06/18 00:10:35 非実行(7048)
2025/06/18 00:10:35 実行中(7048)
2025/06/18 00:35:07 終了しました(7048)
2025/06/19 00:29:41 開始します(6276)
2025/06/19 00:29:41 非実行(6276)
2025/06/19 00:29:41 実行中(6276)
2025/06/19 00:48:41 終了しました(6276)
2025/06/20 00:15:12 開始します(6764)
2025/06/20 00:15:12 非実行(6764)
2025/06/20 00:15:12 実行中(6764)
2025/06/20 00:30:39 終了しました(6764)
2025/06/21 00:11:57 開始します(4380)
2025/06/21 00:11:57 非実行(4380)
2025/06/21 00:11:57 実行中(4380)
2025/06/21 00:27:43 終了しました(4380)
2025/06/22 00:10:29 開始します(5352)
2025/06/22 00:10:29 非実行(5352)
2025/06/22 00:10:29 実行中(5352)
2025/06/22 00:26:14 終了しました(5352)
2025/06/23 00:01:42 開始します(4392)
2025/06/23 00:01:42 非実行(4392)
2025/06/23 00:01:42 実行中(4392)
2025/06/23 00:19:26 終了しました(4392)
2025/06/24 00:08:11 開始します(3248)
2025/06/24 00:08:11 非実行(3248)
2025/06/24 00:08:11 実行中(3248)
2025/06/24 01:28:02 終了しました(3248)
2025/06/25 00:09:38 開始します(148)
2025/06/25 00:09:38 非実行(148)
2025/06/25 00:09:38 実行中(148)
2025/06/25 00:32:13 終了しました(148)
2025/06/26 00:16:14 開始します(3184)
2025/06/26 00:16:14 非実行(3184)
2025/06/26 00:16:14 実行中(3184)
2025/06/26 00:34:32 終了しました(3184)
2025/06/27 00:04:43 開始します(1016)
2025/06/27 00:04:43 非実行(1016)
2025/06/27 00:04:43 実行中(1016)
2025/06/27 00:19:51 終了しました(1016)
2025/06/28 00:02:16 開始します(1452)
2025/06/28 00:02:16 非実行(1452)
2025/06/28 00:02:16 実行中(1452)
2025/06/28 00:17:30 終了しました(1452)
2025/06/29 00:03:56 開始します(3548)
2025/06/29 00:03:56 非実行(3548)
2025/06/29 00:03:56 実行中(3548)
2025/06/29 00:18:59 終了しました(3548)
2025/06/29 23:58:46 開始します(2372)
2025/06/29 23:58:46 非実行(2372)
2025/06/29 23:58:46 実行中(2372)
2025/06/30 00:15:44 終了しました(2372)
2025/06/30 23:59:48 開始します(4644)
2025/06/30 23:59:48 非実行(4644)
2025/06/30 23:59:48 実行中(4644)
2025/07/01 00:21:05 終了しました(4644)
2025/07/02 00:01:20 開始します(1464)
2025/07/02 00:01:20 非実行(1464)
2025/07/02 00:01:20 実行中(1464)
2025/07/02 00:26:42 終了しました(1464)
2025/07/03 00:05:40 開始します(944)
2025/07/03 00:05:40 非実行(944)
2025/07/03 00:05:40 実行中(944)
2025/07/03 00:25:40 終了しました(944)
2025/07/04 00:03:45 開始します(1012)
2025/07/04 00:03:45 非実行(1012)
2025/07/04 00:03:45 実行中(1012)
2025/07/04 00:19:55 終了しました(1012)
2025/07/05 00:04:20 開始します(3556)
2025/07/05 00:04:20 非実行(3556)
2025/07/05 00:04:20 実行中(3556)
2025/07/05 00:20:30 終了しました(3556)
2025/07/06 00:03:11 開始します(584)
2025/07/06 00:03:11 非実行(584)
2025/07/06 00:03:11 実行中(584)
2025/07/06 00:19:36 終了しました(584)
2025/07/07 00:00:16 開始します(3732)
2025/07/07 00:00:16 非実行(3732)
2025/07/07 00:00:16 実行中(3732)
2025/07/07 00:20:40 終了しました(3732)
2025/07/08 00:02:05 開始します(5464)
2025/07/08 00:02:05 非実行(5464)
2025/07/08 00:02:05 実行中(5464)
2025/07/08 00:20:29 終了しました(5464)
2025/07/09 00:11:51 開始します(4724)
2025/07/09 00:11:51 非実行(4724)
2025/07/09 00:11:51 実行中(4724)
2025/07/09 00:38:45 終了しました(4724)
2025/07/10 00:23:02 開始します(5160)
2025/07/10 00:23:02 非実行(5160)
2025/07/10 00:23:02 実行中(5160)
2025/07/10 00:43:54 終了しました(5160)
2025/07/11 00:06:57 開始します(4244)
2025/07/11 00:06:57 非実行(4244)
2025/07/11 00:06:57 実行中(4244)
2025/07/11 00:23:50 終了しました(4244)
2025/07/12 00:07:14 開始します(1316)
2025/07/12 00:07:14 非実行(1316)
2025/07/12 00:07:14 実行中(1316)
2025/07/12 00:23:57 終了しました(1316)
2025/07/13 00:03:57 開始します(976)
2025/07/13 00:03:57 非実行(976)
2025/07/13 00:03:57 実行中(976)
2025/07/13 00:20:28 終了しました(976)
2025/07/14 00:00:16 開始します(5916)
2025/07/14 00:00:16 非実行(5916)
2025/07/14 00:00:16 実行中(5916)
2025/07/14 00:20:35 終了しました(5916)
2025/07/15 00:10:08 開始します(5952)
2025/07/15 00:10:08 非実行(5952)
2025/07/15 00:10:08 実行中(5952)
2025/07/15 00:28:15 終了しました(5952)
2025/07/16 00:05:36 開始します(4232)
2025/07/16 00:05:36 非実行(4232)
2025/07/16 00:05:36 実行中(4232)
2025/07/16 00:31:12 終了しました(4232)
2025/07/17 00:16:47 開始します(5424)
2025/07/17 00:16:47 非実行(5424)
2025/07/17 00:16:47 実行中(5424)
2025/07/17 00:36:48 終了しました(5424)
2025/07/18 00:07:06 開始します(5620)
2025/07/18 00:07:06 非実行(5620)
2025/07/18 00:07:06 実行中(5620)
2025/07/18 00:23:46 終了しました(5620)
2025/07/19 00:10:13 開始します(6068)
2025/07/19 00:10:13 非実行(6068)
2025/07/19 00:10:13 実行中(6068)
2025/07/19 00:27:44 終了しました(6068)
2025/07/20 00:06:38 開始します(2276)
2025/07/20 00:06:38 非実行(2276)
2025/07/20 00:06:38 実行中(2276)
2025/07/20 00:24:03 終了しました(2276)
2025/07/21 00:00:35 開始します(1784)
2025/07/21 00:00:35 非実行(1784)
2025/07/21 00:00:35 実行中(1784)
2025/07/21 00:20:39 終了しました(1784)
2025/07/22 00:11:48 開始します(1396)
2025/07/22 00:11:48 非実行(1396)
2025/07/22 00:11:48 実行中(1396)
2025/07/22 00:30:34 終了しました(1396)
2025/07/23 00:15:44 開始します(6920)
2025/07/23 00:15:44 非実行(6920)
2025/07/23 00:15:44 実行中(6920)
2025/07/23 00:41:53 終了しました(6920)
2025/07/24 00:19:08 開始します(212)
2025/07/24 00:19:08 非実行(212)
2025/07/24 00:19:08 実行中(212)
2025/07/24 00:40:03 終了しました(212)
2025/07/25 00:06:11 開始します(2756)
2025/07/25 00:06:11 非実行(2756)
2025/07/25 00:06:11 実行中(2756)
2025/07/25 00:23:28 終了しました(2756)
2025/07/26 00:13:49 開始します(4368)
2025/07/26 00:13:49 非実行(4368)
2025/07/26 00:13:49 実行中(4368)
2025/07/26 00:32:18 終了しました(4368)
2025/07/27 00:08:22 開始します(3192)
2025/07/27 00:08:22 非実行(3192)
2025/07/27 00:08:22 実行中(3192)
2025/07/27 00:26:51 終了しました(3192)
2025/07/28 00:03:44 開始します(5568)
2025/07/28 00:03:44 非実行(5568)
2025/07/28 00:03:44 実行中(5568)
2025/07/28 00:26:00 終了しました(5568)
2025/07/29 00:10:20 開始します(2056)
2025/07/29 00:10:20 非実行(2056)
2025/07/29 00:10:20 実行中(2056)
2025/07/29 00:30:09 終了しました(2056)
2025/07/30 00:08:23 開始します(1860)
2025/07/30 00:08:23 非実行(1860)
2025/07/30 00:08:23 実行中(1860)
2025/07/30 00:36:32 終了しました(1860)
2025/07/31 00:12:48 開始します(3828)
2025/07/31 00:12:48 非実行(3828)
2025/07/31 00:12:48 実行中(3828)
2025/07/31 00:34:18 終了しました(3828)
2025/08/01 00:04:48 開始します(5592)
2025/08/01 00:04:48 非実行(5592)
2025/08/01 00:04:48 実行中(5592)
2025/08/01 00:22:27 終了しました(5592)
2025/08/02 00:03:49 開始します(540)
2025/08/02 00:03:49 非実行(540)
2025/08/02 00:03:49 実行中(540)
2025/08/02 00:21:55 終了しました(540)
2025/08/03 00:04:00 開始します(3256)
2025/08/03 00:04:00 非実行(3256)
2025/08/03 00:04:00 実行中(3256)
2025/08/03 00:21:57 終了しました(3256)
2025/08/04 00:00:56 開始します(32)
2025/08/04 00:00:56 非実行(32)
2025/08/04 00:00:56 実行中(32)
2025/08/04 00:24:16 終了しました(32)
2025/08/05 00:02:05 開始します(5676)
2025/08/05 00:02:05 非実行(5676)
2025/08/05 00:02:05 実行中(5676)
2025/08/05 00:21:02 終了しました(5676)
2025/08/06 00:08:51 開始します(7008)
2025/08/06 00:08:51 非実行(7008)
2025/08/06 00:08:51 実行中(7008)
2025/08/06 00:37:11 終了しました(7008)
2025/08/07 00:21:38 開始します(636)
2025/08/07 00:21:38 非実行(636)
2025/08/07 00:21:38 実行中(636)
2025/08/07 00:43:00 終了しました(636)
2025/08/08 00:04:31 開始します(3976)
2025/08/08 00:04:31 非実行(3976)
2025/08/08 00:04:31 実行中(3976)
2025/08/08 00:21:35 終了しました(3976)
2025/08/09 00:13:11 開始します(3608)
2025/08/09 00:13:11 非実行(3608)
2025/08/09 00:13:11 実行中(3608)
2025/08/09 00:31:09 終了しました(3608)
2025/08/10 00:07:09 開始します(6048)
2025/08/10 00:07:09 非実行(6048)
2025/08/10 00:07:09 実行中(6048)
2025/08/10 00:25:03 終了しました(6048)
2025/08/11 00:00:43 開始します(3068)
2025/08/11 00:00:43 非実行(3068)
2025/08/11 00:00:43 実行中(3068)
2025/08/11 00:18:25 終了しました(3068)
2025/08/12 00:01:29 開始します(5704)
2025/08/12 00:01:29 非実行(5704)
2025/08/12 00:01:29 実行中(5704)
2025/08/12 00:19:23 終了しました(5704)
2025/08/13 00:12:33 開始します(6696)
2025/08/13 00:12:33 非実行(6696)
2025/08/13 00:12:33 実行中(6696)
2025/08/13 00:39:37 終了しました(6696)
2025/08/14 00:18:33 開始します(4864)
2025/08/14 00:18:33 非実行(4864)
2025/08/14 00:18:33 実行中(4864)
2025/08/14 00:39:50 終了しました(4864)
2025/08/15 00:14:42 開始します(5640)
2025/08/15 00:14:42 非実行(5640)
2025/08/15 00:14:42 実行中(5640)
2025/08/15 00:32:14 終了しました(5640)
2025/08/16 00:11:22 開始します(4052)
2025/08/16 00:11:22 非実行(4052)
2025/08/16 00:11:22 実行中(4052)
2025/08/16 00:28:54 終了しました(4052)
2025/08/17 00:06:11 開始します(6596)
2025/08/17 00:06:11 非実行(6596)
2025/08/17 00:06:11 実行中(6596)
2025/08/17 00:23:34 終了しました(6596)
2025/08/18 00:00:50 開始します(1932)
2025/08/18 00:00:50 非実行(1932)
2025/08/18 00:00:50 実行中(1932)
2025/08/18 00:21:08 終了しました(1932)
2025/08/19 00:17:27 開始します(6004)
2025/08/19 00:17:27 非実行(6004)
2025/08/19 00:17:27 実行中(6004)
2025/08/19 00:36:46 終了しました(6004)
2025/08/20 00:12:13 開始します(4524)
2025/08/20 00:12:13 非実行(4524)
2025/08/20 00:12:13 実行中(4524)
2025/08/20 00:38:40 終了しました(4524)
2025/08/21 00:24:23 開始します(2056)
2025/08/21 00:24:23 非実行(2056)
2025/08/21 00:24:23 実行中(2056)
2025/08/21 00:45:05 終了しました(2056)
2025/08/22 00:12:34 開始します(1476)
2025/08/22 00:12:34 非実行(1476)
2025/08/22 00:12:34 実行中(1476)
2025/08/22 00:29:41 終了しました(1476)
2025/08/23 00:12:32 開始します(2372)
2025/08/23 00:12:32 非実行(2372)
2025/08/23 00:12:32 実行中(2372)
2025/08/23 00:29:54 終了しました(2372)
2025/08/24 00:08:16 開始します(1184)
2025/08/24 00:08:16 非実行(1184)
2025/08/24 00:08:16 実行中(1184)
2025/08/24 00:25:32 終了しました(1184)
2025/08/25 00:00:39 開始します(4968)
2025/08/25 00:00:39 非実行(4968)
2025/08/25 00:00:39 実行中(4968)
2025/08/25 00:19:48 終了しました(4968)
2025/08/26 00:05:50 開始します(6776)
2025/08/26 00:05:50 非実行(6776)
2025/08/26 00:05:50 実行中(6776)
2025/08/26 00:29:31 終了しました(6776)
2025/08/27 00:09:50 開始します(2220)
2025/08/27 00:09:50 非実行(2220)
2025/08/27 00:09:50 実行中(2220)
2025/08/27 00:34:33 終了しました(2220)
2025/08/28 00:17:24 開始します(1268)
2025/08/28 00:17:24 非実行(1268)
2025/08/28 00:17:24 実行中(1268)
2025/08/28 00:36:42 終了しました(1268)
2025/08/29 00:03:40 開始します(5460)
2025/08/29 00:03:40 非実行(5460)
2025/08/29 00:03:40 実行中(5460)
2025/08/29 00:19:37 終了しました(5460)
2025/08/30 00:05:40 開始します(2300)
2025/08/30 00:05:40 非実行(2300)
2025/08/30 00:05:40 実行中(2300)
2025/08/30 00:22:36 終了しました(2300)
2025/08/31 00:04:07 開始します(6020)
2025/08/31 00:04:07 非実行(6020)
2025/08/31 00:04:07 実行中(6020)
2025/08/31 00:20:46 終了しました(6020)
2025/09/01 00:01:55 開始します(5524)
2025/09/01 00:01:55 非実行(5524)
2025/09/01 00:01:55 実行中(5524)
2025/09/01 00:20:32 終了しました(5524)
2025/09/02 00:02:07 開始します(5972)
2025/09/02 00:02:07 非実行(5972)
2025/09/02 00:02:07 実行中(5972)
2025/09/02 00:36:06 終了しました(5972)
2025/09/03 00:02:54 開始します(5652)
2025/09/03 00:02:54 非実行(5652)
2025/09/03 00:02:54 実行中(5652)
2025/09/03 00:29:28 終了しました(5652)
2025/09/04 00:04:24 開始します(5420)
2025/09/04 00:04:24 非実行(5420)
2025/09/04 00:04:24 実行中(5420)
2025/09/04 00:24:39 終了しました(5420)
2025/09/05 00:05:09 開始します(6408)
2025/09/05 00:05:09 非実行(6408)
2025/09/05 00:05:09 実行中(6408)
2025/09/05 00:21:21 終了しました(6408)
2025/09/06 00:04:06 開始します(5892)
2025/09/06 00:04:06 非実行(5892)
2025/09/06 00:04:06 実行中(5892)
2025/09/06 00:20:16 終了しました(5892)
2025/09/07 00:05:23 開始します(1184)
2025/09/07 00:05:23 非実行(1184)
2025/09/07 00:05:23 実行中(1184)
2025/09/07 00:21:22 終了しました(1184)
2025/09/08 00:01:31 開始します(5036)
2025/09/08 00:01:31 非実行(5036)
2025/09/08 00:01:31 実行中(5036)
2025/09/08 00:20:15 終了しました(5036)
2025/09/09 00:02:31 開始します(3364)
2025/09/09 00:02:31 非実行(3364)
2025/09/09 00:02:31 実行中(3364)
2025/09/09 00:54:34 終了しました(3364)
2025/09/10 00:04:31 開始します(5140)
2025/09/10 00:04:31 非実行(5140)
2025/09/10 00:04:31 実行中(5140)
2025/09/10 00:29:17 終了しました(5140)
2025/09/11 00:08:53 開始します(3716)
2025/09/11 00:08:53 非実行(3716)
2025/09/11 00:08:53 実行中(3716)
2025/09/11 00:28:15 終了しました(3716)
2025/09/12 00:03:34 開始します(3024)
2025/09/12 00:03:34 非実行(3024)
2025/09/12 00:03:34 実行中(3024)
2025/09/12 00:19:25 終了しました(3024)
2025/09/13 00:05:47 開始します(6840)
2025/09/13 00:05:47 非実行(6840)
2025/09/13 00:05:47 実行中(6840)
2025/09/13 00:21:50 終了しました(6840)
2025/09/14 00:06:24 開始します(1220)
2025/09/14 00:06:24 非実行(1220)
2025/09/14 00:06:24 実行中(1220)
2025/09/14 00:22:11 終了しました(1220)
2025/09/15 00:02:50 開始します(1228)
2025/09/15 00:02:50 非実行(1228)
2025/09/15 00:02:50 実行中(1228)
2025/09/15 00:20:57 終了しました(1228)
2025/09/16 00:04:01 開始します(6788)
2025/09/16 00:04:01 非実行(6788)
2025/09/16 00:04:01 実行中(6788)
2025/09/16 00:20:59 終了しました(6788)
2025/09/17 00:05:46 開始します(5080)
2025/09/17 00:05:46 非実行(5080)
2025/09/17 00:05:46 実行中(5080)
2025/09/17 00:31:28 終了しました(5080)
2025/09/18 00:11:15 開始します(5368)
2025/09/18 00:11:15 非実行(5368)
2025/09/18 00:11:15 実行中(5368)
2025/09/18 00:30:58 終了しました(5368)
2025/09/19 00:07:55 開始します(6056)
2025/09/19 00:07:55 非実行(6056)
2025/09/19 00:07:55 実行中(6056)
2025/09/19 00:24:09 終了しました(6056)
2025/09/20 00:07:23 開始します(3004)
2025/09/20 00:07:23 非実行(3004)
2025/09/20 00:07:23 実行中(3004)
2025/09/20 00:23:34 終了しました(3004)
2025/09/21 00:04:50 開始します(4380)
2025/09/21 00:04:50 非実行(4380)
2025/09/21 00:04:50 実行中(4380)
2025/09/21 00:20:53 終了しました(4380)
2025/09/22 00:02:52 開始します(3556)
2025/09/22 00:02:52 非実行(3556)
2025/09/22 00:02:52 実行中(3556)
2025/09/22 00:20:40 終了しました(3556)
2025/09/23 00:03:53 開始します(4636)
2025/09/23 00:03:53 非実行(4636)
2025/09/23 00:03:53 実行中(4636)
2025/09/23 00:48:16 終了しました(4636)
2025/09/24 00:10:13 開始します(5688)
2025/09/24 00:10:13 非実行(5688)
2025/09/24 00:10:13 実行中(5688)
2025/09/24 00:35:52 終了しました(5688)
2025/09/25 00:08:24 開始します(1808)
2025/09/25 00:08:24 非実行(1808)
2025/09/25 00:08:24 実行中(1808)
2025/09/25 00:27:45 終了しました(1808)
2025/09/26 00:06:03 開始します(5656)
2025/09/26 00:06:03 非実行(5656)
2025/09/26 00:06:03 実行中(5656)
2025/09/26 00:22:13 終了しました(5656)
2025/09/27 00:07:44 開始します(3748)
2025/09/27 00:07:44 非実行(3748)
2025/09/27 00:07:44 実行中(3748)
2025/09/27 00:24:07 終了しました(3748)
2025/09/28 00:06:37 開始します(4036)
2025/09/28 00:06:37 非実行(4036)
2025/09/28 00:06:37 実行中(4036)
2025/09/28 00:22:56 終了しました(4036)
2025/09/29 00:01:29 開始します(776)
2025/09/29 00:01:29 非実行(776)
2025/09/29 00:01:29 実行中(776)
2025/09/29 00:20:11 終了しました(776)
2025/09/30 00:02:50 開始します(4724)
2025/09/30 00:02:50 非実行(4724)
2025/09/30 00:02:50 実行中(4724)
2025/09/30 00:20:14 終了しました(4724)
2025/10/01 00:04:35 開始します(1960)
2025/10/01 00:04:35 非実行(1960)
2025/10/01 00:04:35 実行中(1960)
2025/10/01 00:30:46 終了しました(1960)
2025/10/02 00:06:47 開始します(6956)
2025/10/02 00:06:47 非実行(6956)
2025/10/02 00:06:47 実行中(6956)
2025/10/02 00:27:05 終了しました(6956)
2025/10/03 00:06:54 開始します(5896)
2025/10/03 00:06:54 非実行(5896)
2025/10/03 00:06:54 実行中(5896)
2025/10/03 00:23:37 終了しました(5896)
2025/10/04 00:07:51 開始します(5912)
2025/10/04 00:07:51 非実行(5912)
2025/10/04 00:07:51 実行中(5912)
2025/10/04 00:24:36 終了しました(5912)
2025/10/05 00:07:30 開始します(3496)
2025/10/05 00:07:30 非実行(3496)
2025/10/05 00:07:30 実行中(3496)
2025/10/05 00:24:12 終了しました(3496)
2025/10/06 00:03:51 開始します(4148)
2025/10/06 00:03:51 非実行(4148)
2025/10/06 00:03:51 実行中(4148)
2025/10/06 00:22:20 終了しました(4148)
2025/10/07 00:05:11 開始します(5460)
2025/10/07 00:05:11 非実行(5460)
2025/10/07 00:05:11 実行中(5460)
2025/10/07 00:48:42 終了しました(5460)
2025/10/08 00:32:28 開始します(5212)
2025/10/08 00:32:28 非実行(5212)
2025/10/08 00:32:28 実行中(5212)
2025/10/08 01:00:51 終了しました(5212)
2025/10/09 00:39:13 開始します(6740)
2025/10/09 00:39:13 非実行(6740)
2025/10/09 00:39:13 実行中(6740)
2025/10/09 01:02:25 終了しました(6740)
2025/10/10 00:33:15 開始します(5420)
2025/10/10 00:33:15 非実行(5420)
2025/10/10 00:33:15 実行中(5420)
2025/10/10 00:52:37 終了しました(5420)
2025/10/11 00:28:16 開始します(2976)
2025/10/11 00:28:16 非実行(2976)
2025/10/11 00:28:16 実行中(2976)
2025/10/11 00:47:44 終了しました(2976)
2025/10/12 00:25:53 開始します(2812)
2025/10/12 00:25:53 非実行(2812)
2025/10/12 00:25:53 実行中(2812)
2025/10/12 00:45:04 終了しました(2812)
2025/10/13 00:21:08 開始します(932)
2025/10/13 00:21:08 非実行(932)
2025/10/13 00:21:08 実行中(932)
2025/10/13 00:42:55 終了しました(932)
2025/10/14 00:28:53 開始します(5448)
2025/10/14 00:28:53 非実行(5448)
2025/10/14 00:28:53 実行中(5448)
2025/10/14 01:11:58 終了しました(5448)
2025/10/15 00:44:20 開始します(6100)
2025/10/15 00:44:20 非実行(6100)
2025/10/15 00:44:20 実行中(6100)
2025/10/15 01:12:26 終了しました(6100)
2025/10/16 00:54:29 開始します(3700)
2025/10/16 00:54:29 非実行(3700)
2025/10/16 00:54:29 実行中(3700)
2025/10/16 01:18:01 終了しました(3700)
2025/10/17 00:44:53 開始します(4676)
2025/10/17 00:44:53 非実行(4676)
2025/10/17 00:44:53 実行中(4676)
2025/10/17 01:04:54 終了しました(4676)
2025/10/18 00:47:53 開始します(5452)
2025/10/18 00:47:53 非実行(5452)
2025/10/18 00:47:53 実行中(5452)
2025/10/18 01:08:13 終了しました(5452)
2025/10/19 00:46:43 開始します(4084)
2025/10/19 00:46:43 非実行(4084)
2025/10/19 00:46:43 実行中(4084)
2025/10/19 01:06:55 終了しました(4084)
2025/10/20 00:38:41 開始します(4936)
2025/10/20 00:38:41 非実行(4936)
2025/10/20 00:38:41 実行中(4936)
2025/10/20 01:00:35 終了しました(4936)
2025/10/21 00:41:35 開始します(6076)
2025/10/21 00:41:35 非実行(6076)
2025/10/21 00:41:35 実行中(6076)
2025/10/21 02:36:33 終了しました(6076)
2025/10/22 00:59:15 開始します(6480)
2025/10/22 00:59:15 非実行(6480)
2025/10/22 00:59:15 実行中(6480)
2025/10/22 01:30:31 終了しました(6480)
2025/10/23 01:07:29 開始します(3620)
2025/10/23 01:07:29 非実行(3620)
2025/10/23 01:07:29 実行中(3620)
2025/10/23 01:32:32 終了しました(3620)
2025/10/24 00:58:45 開始します(3720)
2025/10/24 00:58:45 非実行(3720)
2025/10/24 00:58:45 実行中(3720)
2025/10/24 01:19:30 終了しました(3720)
2025/10/25 00:14:08 開始します(7248)
2025/10/25 00:14:08 非実行(7248)
2025/10/25 00:14:08 実行中(7248)
2025/10/25 00:35:26 終了しました(7248)
2025/10/26 00:13:40 開始します(5928)
2025/10/26 00:13:40 非実行(5928)
2025/10/26 00:13:40 実行中(5928)
2025/10/26 00:34:45 終了しました(5928)
2025/10/27 00:09:02 開始します(1040)
2025/10/27 00:09:02 非実行(1040)
2025/10/27 00:09:02 実行中(1040)
2025/10/27 00:31:46 終了しました(1040)
2025/10/28 00:12:19 開始します(3704)
2025/10/28 00:12:19 非実行(3704)
2025/10/28 00:12:19 実行中(3704)
2025/10/28 00:34:39 終了しました(3704)
