2018/10/19 10:30:06 開始します(1084)
2018/10/19 10:30:06 非実行(1084)
2018/10/19 10:30:06 実行中(1084)
2018/10/19 10:58:48 終了しました(1084)
2018/10/24 17:34:01 開始します(1200)
2018/10/24 17:34:01 非実行(1200)
2018/10/24 17:34:01 実行中(1200)
2018/10/24 17:51:29 終了しました(1200)
2018/10/25 19:22:10 開始します(6640)
2018/10/25 19:22:10 非実行(6640)
2018/10/25 19:22:10 実行中(6640)
2018/10/25 19:29:58 終了しました(6640)
2018/10/26 20:01:44 開始します(6912)
2018/10/26 20:01:44 非実行(6912)
2018/10/26 20:01:44 実行中(6912)
2018/10/26 20:09:32 終了しました(6912)
2018/11/02 01:46:50 開始します(4404)
2018/11/02 01:46:50 非実行(4404)
2018/11/02 01:46:50 実行中(4404)
2018/11/02 04:21:04 終了しました(4404)
2018/11/02 15:09:54 開始します(4316)
2018/11/02 15:09:54 非実行(4316)
2018/11/02 15:09:54 実行中(4316)
2018/11/02 15:58:25 終了しました(4316)
2018/11/02 16:43:18 開始します(1808)
2018/11/02 16:43:18 非実行(1808)
2018/11/02 16:43:18 実行中(1808)
2018/11/02 16:51:07 終了しました(1808)
2018/11/06 20:58:45 開始します(4928)
2018/11/06 20:58:45 非実行(4928)
2018/11/06 20:58:45 実行中(4928)
2018/11/06 21:06:42 終了しました(4928)
2018/11/07 21:05:15 開始します(4236)
2018/11/07 21:05:15 非実行(4236)
2018/11/07 21:05:15 実行中(4236)
2018/11/07 21:13:14 終了しました(4236)
2018/11/17 01:48:08 開始します(1212)
2018/11/17 01:48:08 非実行(1212)
2018/11/17 01:48:08 実行中(1212)
2018/11/17 01:56:05 終了しました(1212)
2018/11/20 14:49:32 開始します(6120)
2018/11/20 14:49:32 非実行(6120)
2018/11/20 14:49:32 実行中(6120)
2018/11/20 14:56:41 終了しました(6120)
2018/11/21 20:11:34 開始します(2580)
2018/11/21 20:11:34 非実行(2580)
2018/11/21 20:11:34 実行中(2580)
2018/11/21 20:19:31 終了しました(2580)
2018/11/22 19:57:23 開始します(2056)
2018/11/22 19:57:23 非実行(2056)
2018/11/22 19:57:23 実行中(2056)
2018/11/22 20:04:33 終了しました(2056)
2018/11/23 20:20:44 開始します(6816)
2018/11/23 20:20:44 非実行(6816)
2018/11/23 20:20:44 実行中(6816)
2018/11/23 20:28:43 終了しました(6816)
2018/11/26 14:36:23 開始します(3340)
2018/11/26 14:36:23 非実行(3340)
2018/11/26 14:36:23 実行中(3340)
2018/11/26 14:48:54 終了しました(3340)
2018/11/26 23:49:08 開始します(4964)
2018/11/26 23:49:08 非実行(4964)
2018/11/26 23:49:08 実行中(4964)
2018/11/27 00:01:54 終了しました(4964)
2018/11/27 23:30:46 開始します(5836)
2018/11/27 23:30:46 非実行(5836)
2018/11/27 23:30:46 実行中(5836)
2018/11/27 23:43:17 終了しました(5836)
2018/11/28 23:11:22 開始します(6868)
2018/11/28 23:11:22 非実行(6868)
2018/11/28 23:11:22 実行中(6868)
2018/11/28 23:24:04 終了しました(6868)
2018/11/29 22:53:15 開始します(6328)
2018/11/29 22:53:15 非実行(6328)
2018/11/29 22:53:15 実行中(6328)
2018/11/29 23:07:42 終了しました(6328)
2018/11/30 23:01:15 開始します(4368)
2018/11/30 23:01:15 非実行(4368)
2018/11/30 23:01:15 実行中(4368)
2018/11/30 23:09:13 終了しました(4368)
2018/12/08 04:04:32 開始します(5464)
2018/12/08 04:04:32 非実行(5464)
2018/12/08 04:04:32 実行中(5464)
2018/12/08 04:42:25 終了しました(5464)
2018/12/11 01:50:04 開始します(3200)
2018/12/11 01:50:04 非実行(3200)
2018/12/11 01:50:04 実行中(3200)
2018/12/11 02:22:10 終了しました(3200)
2018/12/12 01:50:17 開始します(1872)
2018/12/12 01:50:17 非実行(1872)
2018/12/12 01:50:17 実行中(1872)
2018/12/12 02:17:23 終了しました(1872)
2018/12/13 01:42:26 開始します(916)
2018/12/13 01:42:26 非実行(916)
2018/12/13 01:42:26 実行中(916)
2018/12/13 02:10:26 終了しました(916)
2018/12/25 22:23:02 開始します(4140)
2018/12/25 22:23:02 非実行(4140)
2018/12/25 22:23:02 実行中(4140)
2018/12/25 22:48:03 終了しました(4140)
2019/01/18 20:49:45 開始します(3788)
2019/01/18 20:49:45 非実行(3788)
2019/01/18 20:49:45 実行中(3788)
2019/01/18 21:26:28 終了しました(3788)
2019/01/22 21:39:09 開始します(2668)
2019/01/22 21:39:09 非実行(2668)
2019/01/22 21:39:09 実行中(2668)
2019/01/22 22:13:50 終了しました(2668)
2019/01/24 23:14:35 開始します(816)
2019/01/24 23:14:35 非実行(816)
2019/01/24 23:14:35 実行中(816)
2019/01/24 23:48:30 終了しました(816)
2019/01/26 03:13:43 開始します(3684)
2019/01/26 03:13:43 非実行(3684)
2019/01/26 03:13:43 実行中(3684)
2019/01/26 03:45:38 終了しました(3684)
2019/01/29 02:23:49 開始します(6576)
2019/01/29 02:23:49 非実行(6576)
2019/01/29 02:23:49 実行中(6576)
2019/01/29 02:55:39 終了しました(6576)
2019/01/30 03:08:55 開始します(704)
2019/01/30 03:08:55 非実行(704)
2019/01/30 03:08:55 実行中(704)
2019/01/30 03:24:09 終了しました(704)
2019/01/31 00:46:04 開始します(5292)
2019/01/31 00:46:04 非実行(5292)
2019/01/31 00:46:04 実行中(5292)
2019/01/31 01:17:30 終了しました(5292)
2019/01/31 23:29:16 開始します(5588)
2019/01/31 23:29:16 非実行(5588)
2019/01/31 23:29:16 実行中(5588)
2019/01/31 23:59:30 終了しました(5588)
2019/02/01 22:19:58 開始します(3904)
2019/02/01 22:19:58 非実行(3904)
2019/02/01 22:19:58 実行中(3904)
2019/02/01 22:51:55 終了しました(3904)
2019/02/05 01:52:48 開始します(2996)
2019/02/05 01:52:48 非実行(2996)
2019/02/05 01:52:48 実行中(2996)
2019/02/05 02:22:00 終了しました(2996)
2019/02/06 03:23:20 開始します(5292)
2019/02/06 03:23:20 非実行(5292)
2019/02/06 03:23:20 実行中(5292)
2019/02/06 03:52:08 終了しました(5292)
2019/02/06 21:20:45 開始します(1780)
2019/02/06 21:20:45 非実行(1780)
2019/02/06 21:20:45 実行中(1780)
2019/02/06 21:47:28 終了しました(1780)
2019/02/07 21:45:42 開始します(2852)
2019/02/07 21:45:42 非実行(2852)
2019/02/07 21:45:42 実行中(2852)
2019/02/07 22:11:35 終了しました(2852)
2019/02/08 22:21:15 開始します(3628)
2019/02/08 22:21:15 非実行(3628)
2019/02/08 22:21:15 実行中(3628)
2019/02/08 22:46:27 終了しました(3628)
2019/02/11 21:34:44 開始します(3340)
2019/02/11 21:34:44 非実行(3340)
2019/02/11 21:34:44 実行中(3340)
2019/02/11 21:58:07 終了しました(3340)
2019/02/13 00:34:37 開始します(4796)
2019/02/13 00:34:37 非実行(4796)
2019/02/13 00:34:37 実行中(4796)
2019/02/13 00:55:13 終了しました(4796)
2019/02/13 21:52:15 開始します(2276)
2019/02/13 21:52:15 非実行(2276)
2019/02/13 21:52:15 実行中(2276)
2019/02/13 22:13:27 終了しました(2276)
2019/02/14 21:14:16 開始します(5292)
2019/02/14 21:14:16 非実行(5292)
2019/02/14 21:14:16 実行中(5292)
2019/02/14 21:34:47 終了しました(5292)
2019/03/08 17:26:33 開始します(924)
2019/03/08 17:26:33 非実行(924)
2019/03/08 17:26:33 実行中(924)
2019/03/08 17:46:34 終了しました(924)
2019/03/11 21:20:08 開始します(5420)
2019/03/11 21:20:08 非実行(5420)
2019/03/11 21:20:08 実行中(5420)
2019/03/11 21:40:24 終了しました(5420)
2019/03/13 01:41:44 開始します(6068)
2019/03/13 01:41:44 非実行(6068)
2019/03/13 01:41:44 実行中(6068)
2019/03/13 02:00:26 終了しました(6068)
2019/03/13 21:42:14 開始します(992)
2019/03/13 21:42:14 非実行(992)
2019/03/13 21:42:14 実行中(992)
2019/03/13 21:58:52 終了しました(992)
2019/03/14 21:04:51 開始します(6060)
2019/03/14 21:04:51 非実行(6060)
2019/03/14 21:04:51 実行中(6060)
2019/03/14 21:21:23 終了しました(6060)
2019/03/15 20:38:32 開始します(5984)
2019/03/15 20:38:32 非実行(5984)
2019/03/15 20:38:32 実行中(5984)
2019/03/15 20:55:03 終了しました(5984)
2019/03/18 21:05:08 開始します(3972)
2019/03/18 21:05:08 非実行(3972)
2019/03/18 21:05:08 実行中(3972)
2019/03/18 21:21:24 終了しました(3972)
2019/03/19 21:27:56 開始します(7000)
2019/03/19 21:27:56 非実行(7000)
2019/03/19 21:27:56 実行中(7000)
2019/03/19 21:43:48 終了しました(7000)
2019/03/20 20:49:52 開始します(2532)
2019/03/20 20:49:52 非実行(2532)
2019/03/20 20:49:52 実行中(2532)
2019/03/20 21:05:51 終了しました(2532)
2019/03/21 21:37:14 開始します(784)
2019/03/21 21:37:14 非実行(784)
2019/03/21 21:37:14 実行中(784)
2019/03/21 21:52:34 終了しました(784)
2019/03/22 21:32:07 開始します(3744)
2019/03/22 21:32:07 非実行(3744)
2019/03/22 21:32:07 実行中(3744)
2019/03/22 21:47:24 終了しました(3744)
2019/03/25 21:20:54 開始します(5480)
2019/03/25 21:20:54 非実行(5480)
2019/03/25 21:20:54 実行中(5480)
2019/03/25 21:35:49 終了しました(5480)
2019/03/26 21:09:54 開始します(4468)
2019/03/26 21:09:54 非実行(4468)
2019/03/26 21:09:54 実行中(4468)
2019/03/26 21:25:00 終了しました(4468)
2019/03/27 21:30:17 開始します(4932)
2019/03/27 21:30:17 非実行(4932)
2019/03/27 21:30:17 実行中(4932)
2019/03/27 21:45:11 終了しました(4932)
2019/03/28 21:44:12 開始します(1272)
2019/03/28 21:44:12 非実行(1272)
2019/03/28 21:44:12 実行中(1272)
2019/03/28 21:59:03 終了しました(1272)
2019/03/29 21:14:48 開始します(4352)
2019/03/29 21:14:48 非実行(4352)
2019/03/29 21:14:48 実行中(4352)
2019/03/29 21:29:55 終了しました(4352)
2019/04/01 20:59:22 開始します(2692)
2019/04/01 20:59:22 非実行(2692)
2019/04/01 20:59:22 実行中(2692)
2019/04/01 21:14:23 終了しました(2692)
2019/04/02 20:18:56 開始します(2576)
2019/04/02 20:18:56 非実行(2576)
2019/04/02 20:18:56 実行中(2576)
2019/04/02 20:33:53 終了しました(2576)
2019/04/03 21:41:34 開始します(4352)
2019/04/03 21:41:34 非実行(4352)
2019/04/03 21:41:34 実行中(4352)
2019/04/03 21:56:33 終了しました(4352)
2019/04/04 20:15:46 開始します(4900)
2019/04/04 20:15:46 非実行(4900)
2019/04/04 20:15:46 実行中(4900)
2019/04/04 20:30:46 終了しました(4900)
2019/04/05 20:13:37 開始します(4780)
2019/04/05 20:13:37 非実行(4780)
2019/04/05 20:13:37 実行中(4780)
2019/04/05 20:27:36 終了しました(4780)
2019/04/08 20:40:42 開始します(4212)
2019/04/08 20:40:42 非実行(4212)
2019/04/08 20:40:42 実行中(4212)
2019/04/08 20:54:56 終了しました(4212)
2019/04/09 19:57:53 開始します(2304)
2019/04/09 19:57:53 非実行(2304)
2019/04/09 19:57:53 実行中(2304)
2019/04/09 20:11:43 終了しました(2304)
2019/04/10 20:28:56 開始します(2076)
2019/04/10 20:28:56 非実行(2076)
2019/04/10 20:28:56 実行中(2076)
2019/04/10 20:43:03 終了しました(2076)
2019/04/12 22:01:20 開始します(4316)
2019/04/12 22:01:20 非実行(4316)
2019/04/12 22:01:20 実行中(4316)
2019/04/12 22:26:32 終了しました(4316)
2019/04/17 22:58:56 開始します(6260)
2019/04/17 22:58:56 非実行(6260)
2019/04/17 22:58:56 実行中(6260)
2019/04/17 23:26:55 終了しました(6260)
2019/04/20 11:19:36 開始します(3172)
2019/04/20 11:19:36 非実行(3172)
2019/04/20 11:19:36 実行中(3172)
2019/04/20 11:49:54 終了しました(3172)
2019/04/24 20:06:39 開始します(2360)
2019/04/24 20:06:39 非実行(2360)
2019/04/24 20:06:39 実行中(2360)
2019/04/24 20:20:32 終了しました(2360)
2019/04/25 19:11:05 開始します(3100)
2019/04/25 19:11:05 非実行(3100)
2019/04/25 19:11:05 実行中(3100)
2019/04/25 19:24:51 終了しました(3100)
2019/04/29 01:17:38 開始します(3284)
2019/04/29 01:17:38 非実行(3284)
2019/04/29 01:17:38 実行中(3284)
2019/04/29 01:47:16 終了しました(3284)
2019/05/06 22:08:13 開始します(4152)
2019/05/06 22:08:13 非実行(4152)
2019/05/06 22:08:13 実行中(4152)
2019/05/06 22:51:53 終了しました(4152)
2019/05/08 17:44:43 開始します(6416)
2019/05/08 17:44:43 非実行(6416)
2019/05/08 17:44:43 実行中(6416)
2019/05/08 18:02:17 終了しました(6416)
2019/05/09 18:46:49 開始します(5396)
2019/05/09 18:46:49 非実行(5396)
2019/05/09 18:46:49 実行中(5396)
2019/05/09 19:00:20 終了しました(5396)
2019/05/10 09:33:01 開始します(5252)
2019/05/10 09:33:01 非実行(5252)
2019/05/10 09:33:01 実行中(5252)
2019/05/10 09:45:58 終了しました(5252)
2019/05/24 01:15:04 開始します(5392)
2019/05/24 01:15:04 非実行(5392)
2019/05/24 01:15:04 実行中(5392)
2019/05/24 01:26:39 終了しました(5392)
2019/05/29 01:13:55 開始します(5780)
2019/05/29 01:13:55 非実行(5780)
2019/05/29 01:13:55 実行中(5780)
2019/05/29 01:25:26 終了しました(5780)
2019/06/17 19:03:30 開始します(11980)
2019/06/17 19:03:30 非実行(11980)
2019/06/17 19:03:30 実行中(11980)
2019/06/17 19:11:46 終了しました(11980)
2019/06/25 19:48:03 開始します(1528)
2019/06/25 19:48:03 非実行(1528)
2019/06/25 19:48:03 実行中(1528)
2019/06/25 20:00:29 終了しました(1528)
2019/06/27 00:32:20 開始します(5796)
2019/06/27 00:32:20 非実行(5796)
2019/06/27 00:32:20 実行中(5796)
2019/06/27 00:44:29 終了しました(5796)
2019/06/27 19:58:54 開始します(10260)
2019/06/27 19:58:54 非実行(10260)
2019/06/27 19:58:54 実行中(10260)
2019/06/27 20:11:11 終了しました(10260)
2019/06/28 19:18:49 開始します(6584)
2019/06/28 19:18:49 非実行(6584)
2019/06/28 19:18:49 実行中(6584)
2019/06/28 19:30:51 終了しました(6584)
2019/07/04 14:22:26 開始します(1088)
2019/07/04 14:22:26 非実行(1088)
2019/07/04 14:22:26 実行中(1088)
2019/07/04 14:34:34 終了しました(1088)
2019/07/09 20:28:41 開始します(9424)
2019/07/09 20:28:41 非実行(9424)
2019/07/09 20:28:41 実行中(9424)
2019/07/09 20:40:25 終了しました(9424)
2019/07/11 02:02:59 開始します(2244)
2019/07/11 02:02:59 非実行(2244)
2019/07/11 02:02:59 実行中(2244)
2019/07/11 02:14:17 終了しました(2244)
2019/07/22 20:45:33 開始します(8412)
2019/07/22 20:45:33 非実行(8412)
2019/07/22 20:45:33 実行中(8412)
2019/07/22 20:57:13 終了しました(8412)
2019/07/23 15:44:02 開始します(9212)
2019/07/23 15:44:02 非実行(9212)
2019/07/23 15:44:02 実行中(9212)
2019/07/23 15:55:52 終了しました(9212)
2019/07/24 21:09:11 開始します(1084)
2019/07/24 21:09:11 非実行(1084)
2019/07/24 21:09:11 実行中(1084)
2019/07/24 21:20:54 終了しました(1084)
2019/07/25 17:20:52 開始します(10756)
2019/07/25 17:20:52 非実行(10756)
2019/07/25 17:20:52 実行中(10756)
2019/07/25 17:32:03 終了しました(10756)
2019/07/27 04:00:09 開始します(11908)
2019/07/27 04:00:09 非実行(11908)
2019/07/27 04:00:09 実行中(11908)
2019/07/27 04:10:25 終了しました(11908)
2019/07/29 17:46:00 開始します(9032)
2019/07/29 17:46:00 非実行(9032)
2019/07/29 17:46:00 実行中(9032)
2019/07/29 17:56:21 終了しました(9032)
2019/07/30 20:57:49 開始します(8800)
2019/07/30 20:57:49 非実行(8800)
2019/07/30 20:57:49 実行中(8800)
2019/07/30 21:07:58 終了しました(8800)
2019/07/31 23:40:39 開始します(5616)
2019/07/31 23:40:39 非実行(5616)
2019/07/31 23:40:39 実行中(5616)
2019/07/31 23:50:31 終了しました(5616)
2019/08/07 19:28:37 開始します(7760)
2019/08/07 19:28:37 非実行(7760)
2019/08/07 19:28:37 実行中(7760)
2019/08/07 19:38:30 終了しました(7760)
2019/08/08 19:51:03 開始します(11240)
2019/08/08 19:51:03 非実行(11240)
2019/08/08 19:51:03 実行中(11240)
2019/08/08 20:00:20 終了しました(11240)
2019/08/09 17:23:03 開始します(128)
2019/08/09 17:23:03 非実行(128)
2019/08/09 17:23:03 実行中(128)
2019/08/09 17:32:08 終了しました(128)
2019/08/14 19:32:17 開始します(1684)
2019/08/14 19:32:17 非実行(1684)
2019/08/14 19:32:17 実行中(1684)
2019/08/14 19:40:15 終了しました(1684)
2019/08/15 20:14:16 開始します(11752)
2019/08/15 20:14:16 非実行(11752)
2019/08/15 20:14:16 実行中(11752)
2019/08/15 20:22:24 終了しました(11752)
2019/08/16 17:00:50 開始します(7820)
2019/08/16 17:00:50 非実行(7820)
2019/08/16 17:00:50 実行中(7820)
2019/08/16 17:08:48 終了しました(7820)
2019/08/19 19:28:13 開始します(10148)
2019/08/19 19:28:13 非実行(10148)
2019/08/19 19:28:13 実行中(10148)
2019/08/19 19:36:08 終了しました(10148)
2019/08/20 19:35:24 開始します(11304)
2019/08/20 19:35:24 非実行(11304)
2019/08/20 19:35:24 実行中(11304)
2019/08/20 19:43:06 終了しました(11304)
2019/08/21 18:32:46 開始します(5464)
2019/08/21 18:32:46 非実行(5464)
2019/08/21 18:32:46 実行中(5464)
2019/08/21 18:39:50 終了しました(5464)
2019/08/22 18:47:14 開始します(9628)
2019/08/22 18:47:14 非実行(9628)
2019/08/22 18:47:14 実行中(9628)
2019/08/22 18:54:03 終了しました(9628)
2019/08/26 18:32:40 開始します(10620)
2019/08/26 18:32:40 非実行(10620)
2019/08/26 18:32:40 実行中(10620)
2019/08/26 18:38:22 終了しました(10620)
2019/08/28 17:50:30 開始します(6616)
2019/08/28 17:50:30 非実行(6616)
2019/08/28 17:50:30 実行中(6616)
2019/08/28 17:56:06 終了しました(6616)
2019/09/02 17:55:46 開始します(11012)
2019/09/02 17:55:46 非実行(11012)
2019/09/02 17:55:46 実行中(11012)
2019/09/02 18:01:19 終了しました(11012)
2019/09/04 18:03:02 開始します(6572)
2019/09/04 18:03:02 非実行(6572)
2019/09/04 18:03:02 実行中(6572)
2019/09/04 18:08:26 終了しました(6572)
2019/09/05 20:09:34 開始します(4820)
2019/09/05 20:09:34 非実行(4820)
2019/09/05 20:09:34 実行中(4820)
2019/09/05 20:14:51 終了しました(4820)
2019/09/12 00:17:39 開始します(2096)
2019/09/12 00:17:39 非実行(2096)
2019/09/12 00:17:39 実行中(2096)
2019/09/12 00:22:42 終了しました(2096)
2019/09/13 01:28:13 開始します(10696)
2019/09/13 01:28:13 非実行(10696)
2019/09/13 01:28:13 実行中(10696)
2019/09/13 01:33:09 終了しました(10696)
2019/10/05 01:57:00 開始します(6584)
2019/10/05 01:57:00 非実行(6584)
2019/10/05 01:57:00 実行中(6584)
2019/10/05 02:00:50 終了しました(6584)
2019/10/23 16:41:46 開始します(9052)
2019/10/23 16:41:46 非実行(9052)
2019/10/23 16:41:46 実行中(9052)
2019/10/23 16:45:34 終了しました(9052)
2019/10/24 11:47:35 開始します(10512)
2019/10/24 11:47:35 非実行(10512)
2019/10/24 11:47:35 実行中(10512)
2019/10/24 11:51:22 終了しました(10512)
2019/10/29 00:00:20 開始します(3472)
2019/10/29 00:00:20 非実行(3472)
2019/10/29 00:00:20 実行中(3472)
2019/10/29 00:04:06 終了しました(3472)
2019/11/01 16:23:08 開始します(4844)
2019/11/01 16:23:08 非実行(4844)
2019/11/01 16:23:08 実行中(4844)
2019/11/01 16:32:32 終了しました(4844)
2019/11/05 18:41:33 開始します(1488)
2019/11/05 18:41:33 非実行(1488)
2019/11/05 18:41:33 実行中(1488)
2019/11/05 18:46:40 終了しました(1488)
2019/11/06 21:58:44 開始します(10568)
2019/11/06 21:58:44 非実行(10568)
2019/11/06 21:58:44 実行中(10568)
2019/11/06 22:03:49 終了しました(10568)
2019/11/07 17:32:33 開始します(776)
2019/11/07 17:32:33 非実行(776)
2019/11/07 17:32:33 実行中(776)
2019/11/07 17:37:37 終了しました(776)
2019/11/08 18:05:00 開始します(2268)
2019/11/08 18:05:00 非実行(2268)
2019/11/08 18:05:00 実行中(2268)
2019/11/08 18:10:05 終了しました(2268)
2019/11/11 17:45:55 開始します(4492)
2019/11/11 17:45:55 非実行(4492)
2019/11/11 17:45:55 実行中(4492)
2019/11/11 17:51:00 終了しました(4492)
2019/11/12 18:59:45 開始します(5016)
2019/11/12 18:59:45 非実行(5016)
2019/11/12 18:59:45 実行中(5016)
2019/11/12 19:04:43 終了しました(5016)
2019/11/13 16:32:17 開始します(5480)
2019/11/13 16:32:17 非実行(5480)
2019/11/13 16:32:17 実行中(5480)
2019/11/13 16:37:14 終了しました(5480)
2019/11/14 20:03:45 開始します(9760)
2019/11/14 20:03:45 非実行(9760)
2019/11/14 20:03:45 実行中(9760)
2019/11/14 20:08:41 終了しました(9760)
2019/11/15 19:52:38 開始します(12180)
2019/11/15 19:52:38 非実行(12180)
2019/11/15 19:52:38 実行中(12180)
2019/11/15 19:57:37 終了しました(12180)
2019/11/18 19:03:07 開始します(8476)
2019/11/18 19:03:07 非実行(8476)
2019/11/18 19:03:07 実行中(8476)
2019/11/18 19:08:03 終了しました(8476)
2019/11/20 02:35:53 開始します(13116)
2019/11/20 02:35:53 非実行(13116)
2019/11/20 02:35:53 実行中(13116)
2019/11/20 02:40:44 終了しました(13116)
2019/11/21 01:59:07 開始します(1276)
2019/11/21 01:59:07 非実行(1276)
2019/11/21 01:59:07 実行中(1276)
2019/11/21 02:04:04 終了しました(1276)
2019/11/21 18:41:24 開始します(8732)
2019/11/21 18:41:24 非実行(8732)
2019/11/21 18:41:24 実行中(8732)
2019/11/21 18:46:21 終了しました(8732)
2019/11/23 00:05:04 開始します(4592)
2019/11/23 00:05:04 非実行(4592)
2019/11/23 00:05:04 実行中(4592)
2019/11/23 00:10:00 終了しました(4592)
2019/11/25 18:38:48 開始します(10348)
2019/11/25 18:38:48 非実行(10348)
2019/11/25 18:38:48 実行中(10348)
2019/11/25 18:43:43 終了しました(10348)
2019/11/28 18:12:30 開始します(9896)
2019/11/28 18:12:30 非実行(9896)
2019/11/28 18:12:30 実行中(9896)
2019/11/28 18:17:22 終了しました(9896)
2019/11/29 18:35:14 開始します(10772)
2019/11/29 18:35:14 非実行(10772)
2019/11/29 18:35:14 実行中(10772)
2019/11/29 18:40:01 終了しました(10772)
2019/12/03 01:53:54 開始します(8640)
2019/12/03 01:53:54 非実行(8640)
2019/12/03 01:53:54 実行中(8640)
2019/12/03 01:58:34 終了しました(8640)
2019/12/23 21:44:05 開始します(5580)
2019/12/23 21:44:05 非実行(5580)
2019/12/23 21:44:05 実行中(5580)
2019/12/23 21:48:49 終了しました(5580)
2019/12/26 22:26:44 開始します(4380)
2019/12/26 22:26:44 非実行(4380)
2019/12/26 22:26:44 実行中(4380)
2019/12/26 22:31:04 終了しました(4380)
2020/02/28 13:48:02 開始します(6176)
2020/02/28 13:48:02 非実行(6176)
2020/02/28 13:48:02 実行中(6176)
2020/02/28 14:00:35 終了しました(6176)
2020/03/04 17:45:50 開始します(6472)
2020/03/04 17:45:50 非実行(6472)
2020/03/04 17:45:50 実行中(6472)
2020/03/04 17:57:21 終了しました(6472)
2020/03/05 19:13:26 開始します(6632)
2020/03/05 19:13:26 非実行(6632)
2020/03/05 19:13:26 実行中(6632)
2020/03/05 19:24:27 終了しました(6632)
2020/03/07 03:16:14 開始します(5752)
2020/03/07 03:16:14 非実行(5752)
2020/03/07 03:16:14 実行中(5752)
2020/03/07 03:27:12 終了しました(5752)
2020/03/19 03:17:02 開始します(5408)
2020/03/19 03:17:02 非実行(5408)
2020/03/19 03:17:02 実行中(5408)
2020/03/19 03:24:07 終了しました(5408)
2020/03/19 13:34:31 開始します(7268)
2020/03/19 13:34:31 非実行(7268)
2020/03/19 13:34:31 実行中(7268)
2020/03/19 13:38:11 終了しました(7268)
2020/03/23 18:11:40 開始します(1212)
2020/03/23 18:11:40 非実行(1212)
2020/03/23 18:11:40 実行中(1212)
2020/03/23 18:15:23 終了しました(1212)
2020/04/28 01:25:20 開始します(6508)
2020/04/28 01:25:20 非実行(6508)
2020/04/28 01:25:20 実行中(6508)
2020/04/28 01:29:03 終了しました(6508)
2020/06/03 17:15:26 開始します(1848)
2020/06/03 17:15:26 非実行(1848)
2020/06/03 17:15:26 実行中(1848)
2020/06/03 17:19:06 終了しました(1848)
2020/06/15 16:28:20 開始します(7888)
2020/06/15 16:28:20 非実行(7888)
2020/06/15 16:28:20 実行中(7888)
2020/06/15 16:37:54 終了しました(7888)
2020/06/19 03:23:09 開始します(7260)
2020/06/19 03:23:09 非実行(7260)
2020/06/19 03:23:09 実行中(7260)
2020/06/19 03:32:33 終了しました(7260)
2020/06/23 09:58:07 開始します(4812)
2020/06/23 09:58:07 非実行(4812)
2020/06/23 09:58:07 実行中(4812)
2020/06/23 10:06:46 終了しました(4812)
2020/07/09 12:59:51 開始します(3900)
2020/07/09 12:59:51 非実行(3900)
2020/07/09 12:59:51 実行中(3900)
2020/07/09 13:08:39 終了しました(3900)
2020/07/20 15:25:24 開始します(1712)
2020/07/20 15:25:24 非実行(1712)
2020/07/20 15:25:24 実行中(1712)
2020/07/20 15:31:32 終了しました(1712)
2020/08/20 12:11:09 開始します(6664)
2020/08/20 12:11:09 非実行(6664)
2020/08/20 12:11:09 実行中(6664)
2020/08/20 12:21:11 終了しました(6664)
2020/08/20 19:01:49 開始します(5412)
2020/08/20 19:01:49 非実行(5412)
2020/08/20 19:01:49 実行中(5412)
2020/08/20 19:11:38 終了しました(5412)
2020/08/24 10:03:23 開始します(2132)
2020/08/24 10:03:23 非実行(2132)
2020/08/24 10:03:23 実行中(2132)
2020/08/24 10:12:53 終了しました(2132)
2020/08/25 12:03:14 開始します(5824)
2020/08/25 12:03:14 非実行(5824)
2020/08/25 12:03:14 実行中(5824)
2020/08/25 12:11:52 終了しました(5824)
2020/08/26 14:15:49 開始します(6900)
2020/08/26 14:15:49 非実行(6900)
2020/08/26 14:15:49 実行中(6900)
2020/08/26 14:24:30 終了しました(6900)
2020/08/31 20:00:07 開始します(1100)
2020/08/31 20:00:07 非実行(1100)
2020/08/31 20:00:07 実行中(1100)
2020/08/31 20:08:37 終了しました(1100)
2020/09/01 21:18:15 開始します(4504)
2020/09/01 21:18:15 非実行(4504)
2020/09/01 21:18:15 実行中(4504)
2020/09/01 21:26:41 終了しました(4504)
2020/09/03 20:02:03 開始します(4416)
2020/09/03 20:02:03 非実行(4416)
2020/09/03 20:02:03 実行中(4416)
2020/09/03 20:10:28 終了しました(4416)
2020/09/04 12:36:48 開始します(2876)
2020/09/04 12:36:48 非実行(2876)
2020/09/04 12:36:48 実行中(2876)
2020/09/04 12:45:06 終了しました(2876)
2020/09/09 16:25:52 開始します(6828)
2020/09/09 16:25:52 非実行(6828)
2020/09/09 16:25:52 実行中(6828)
2020/09/09 16:33:55 終了しました(6828)
2020/09/14 11:17:21 開始します(7708)
2020/09/14 11:17:21 非実行(7708)
2020/09/14 11:17:21 実行中(7708)
2020/09/14 11:23:53 終了しました(7708)
2020/09/16 10:39:48 開始します(4164)
2020/09/16 10:39:48 非実行(4164)
2020/09/16 10:39:48 実行中(4164)
2020/09/16 10:45:12 終了しました(4164)
2020/09/25 10:00:50 開始します(5524)
2020/09/25 10:00:50 非実行(5524)
2020/09/25 10:00:50 実行中(5524)
2020/09/25 10:06:17 終了しました(5524)
2020/09/25 14:37:53 開始します(1120)
2020/09/25 14:37:53 非実行(1120)
2020/09/25 14:37:53 実行中(1120)
2020/09/25 14:43:15 終了しました(1120)
2020/09/29 14:01:41 開始します(4056)
2020/09/29 14:01:41 非実行(4056)
2020/09/29 14:01:41 実行中(4056)
2020/09/29 14:06:39 終了しました(4056)
2020/09/30 14:33:49 開始します(5968)
2020/09/30 14:33:49 非実行(5968)
2020/09/30 14:33:49 実行中(5968)
2020/09/30 14:37:59 終了しました(5968)
2020/10/01 15:33:43 開始します(4460)
2020/10/01 15:33:43 非実行(4460)
2020/10/01 15:33:43 実行中(4460)
2020/10/01 15:37:50 終了しました(4460)
2020/10/07 21:42:22 開始します(8984)
2020/10/07 21:42:22 非実行(8984)
2020/10/07 21:42:22 実行中(8984)
2020/10/07 21:46:01 終了しました(8984)
2020/10/14 11:57:28 開始します(6900)
2020/10/14 11:57:28 非実行(6900)
2020/10/14 11:57:28 実行中(6900)
2020/10/14 12:01:03 終了しました(6900)
2020/10/19 13:56:51 開始します(5148)
2020/10/19 13:56:51 非実行(5148)
2020/10/19 13:56:51 実行中(5148)
2020/10/19 14:00:32 終了しました(5148)
2020/10/23 18:34:30 開始します(7584)
2020/10/23 18:34:30 非実行(7584)
2020/10/23 18:34:30 実行中(7584)
2020/10/23 18:38:09 終了しました(7584)
2020/11/11 16:10:50 開始します(4412)
2020/11/11 16:10:50 非実行(4412)
2020/11/11 16:10:50 実行中(4412)
2020/11/11 16:14:16 終了しました(4412)
2020/11/12 16:58:59 開始します(2072)
2020/11/12 16:58:59 非実行(2072)
2020/11/12 16:58:59 実行中(2072)
2020/11/12 17:02:03 終了しました(2072)
2020/11/13 18:58:21 開始します(5608)
2020/11/13 18:58:21 非実行(5608)
2020/11/13 18:58:21 実行中(5608)
2020/11/13 19:01:31 終了しました(5608)
2020/11/16 16:57:20 開始します(7336)
2020/11/16 16:57:20 非実行(7336)
2020/11/16 16:57:20 実行中(7336)
2020/11/16 17:00:23 終了しました(7336)
2020/11/17 17:27:53 開始します(860)
2020/11/17 17:27:53 非実行(860)
2020/11/17 17:27:53 実行中(860)
2020/11/17 17:30:59 終了しました(860)
2020/11/19 16:23:07 開始します(5108)
2020/11/19 16:23:07 非実行(5108)
2020/11/19 16:23:07 実行中(5108)
2020/11/19 16:26:18 終了しました(5108)
2020/11/20 17:51:30 開始します(7344)
2020/11/20 17:51:30 非実行(7344)
2020/11/20 17:51:30 実行中(7344)
2020/11/20 17:54:27 終了しました(7344)
2020/11/24 15:04:13 開始します(3224)
2020/11/24 15:04:13 非実行(3224)
2020/11/24 15:04:13 実行中(3224)
2020/11/24 15:07:18 終了しました(3224)
2020/11/25 17:46:29 開始します(8052)
2020/11/25 17:46:29 非実行(8052)
2020/11/25 17:46:29 実行中(8052)
2020/11/25 17:49:32 終了しました(8052)
2020/11/26 16:56:37 開始します(8600)
2020/11/26 16:56:37 非実行(8600)
2020/11/26 16:56:37 実行中(8600)
2020/11/26 16:59:29 終了しました(8600)
2020/11/27 16:51:26 開始します(8620)
2020/11/27 16:51:26 非実行(8620)
2020/11/27 16:51:26 実行中(8620)
2020/11/27 16:54:22 終了しました(8620)
2020/12/01 17:09:10 開始します(5368)
2020/12/01 17:09:10 非実行(5368)
2020/12/01 17:09:10 実行中(5368)
2020/12/01 17:12:12 終了しました(5368)
2020/12/02 14:57:24 開始します(9328)
2020/12/02 14:57:24 非実行(9328)
2020/12/02 14:57:24 実行中(9328)
2020/12/02 15:00:15 終了しました(9328)
2020/12/03 15:46:35 開始します(5648)
2020/12/03 15:46:35 非実行(5648)
2020/12/03 15:46:35 実行中(5648)
2020/12/03 15:49:32 終了しました(5648)
2020/12/10 17:36:00 開始します(7324)
2020/12/10 17:36:00 非実行(7324)
2020/12/10 17:36:00 実行中(7324)
2020/12/10 17:39:01 終了しました(7324)
2021/01/12 19:36:49 開始します(7232)
2021/01/12 19:36:49 非実行(7232)
2021/01/12 19:36:49 実行中(7232)
2021/01/12 19:39:38 終了しました(7232)
2021/01/15 12:09:12 開始します(3692)
2021/01/15 12:09:12 非実行(3692)
2021/01/15 12:09:12 実行中(3692)
2021/01/15 12:11:59 終了しました(3692)
2021/01/18 12:03:07 開始します(9024)
2021/01/18 12:03:07 非実行(9024)
2021/01/18 12:03:07 実行中(9024)
2021/01/18 12:06:01 終了しました(9024)
2021/01/19 12:49:16 開始します(9648)
2021/01/19 12:49:16 非実行(9648)
2021/01/19 12:49:16 実行中(9648)
2021/01/19 12:52:03 終了しました(9648)
2021/01/21 11:48:28 開始します(2856)
2021/01/21 11:48:28 非実行(2856)
2021/01/21 11:48:28 実行中(2856)
2021/01/21 11:51:15 終了しました(2856)
2021/03/03 17:06:06 開始します(7276)
2021/03/03 17:06:06 非実行(7276)
2021/03/03 17:06:06 実行中(7276)
2021/03/03 17:08:56 終了しました(7276)
2021/03/04 15:50:10 開始します(872)
2021/03/04 15:50:10 非実行(872)
2021/03/04 15:50:10 実行中(872)
2021/03/04 15:52:23 終了しました(872)
2021/04/19 18:38:37 開始します(4048)
2021/04/19 18:38:37 非実行(4048)
2021/04/19 18:38:37 実行中(4048)
2021/04/19 18:48:25 終了しました(4048)
2021/05/07 15:51:46 開始します(4744)
2021/05/07 15:51:46 非実行(4744)
2021/05/07 15:51:46 実行中(4744)
2021/05/07 16:01:44 終了しました(4744)
2021/05/10 19:20:46 開始します(4400)
2021/05/10 19:20:46 非実行(4400)
2021/05/10 19:20:46 実行中(4400)
2021/05/10 19:30:30 終了しました(4400)
2021/05/12 07:21:59 開始します(7724)
2021/05/12 07:21:59 非実行(7724)
2021/05/12 07:21:59 実行中(7724)
2021/05/12 07:31:37 終了しました(7724)
2021/05/17 15:57:29 開始します(7812)
2021/05/17 15:57:29 非実行(7812)
2021/05/17 15:57:29 実行中(7812)
2021/05/17 16:07:07 終了しました(7812)
2021/06/09 18:16:51 開始します(8236)
2021/06/09 18:16:51 非実行(8236)
2021/06/09 18:16:51 実行中(8236)
2021/06/09 18:23:42 終了しました(8236)
2021/08/03 12:44:06 開始します(5748)
2021/08/03 12:44:06 非実行(5748)
2021/08/03 12:44:06 実行中(5748)
2021/08/03 12:51:13 終了しました(5748)
2021/11/16 03:05:32 開始します(6988)
2021/11/16 03:05:32 非実行(6988)
2021/11/16 03:05:32 実行中(6988)
2021/11/16 03:16:11 終了しました(6988)
2021/11/16 18:51:32 開始します(6172)
2021/11/16 18:51:32 非実行(6172)
2021/11/16 18:51:32 実行中(6172)
2021/11/16 18:58:12 終了しました(6172)
2021/11/17 18:18:24 開始します(3816)
2021/11/17 18:18:24 非実行(3816)
2021/11/17 18:18:24 実行中(3816)
2021/11/17 18:24:59 終了しました(3816)
2021/11/18 10:37:45 開始します(4092)
2021/11/18 10:37:45 非実行(4092)
2021/11/18 10:37:45 実行中(4092)
2021/11/18 10:44:21 終了しました(4092)
2021/11/22 19:01:04 開始します(1940)
2021/11/22 19:01:04 非実行(1940)
2021/11/22 19:01:04 実行中(1940)
2021/11/22 19:07:25 終了しました(1940)
2022/02/21 18:17:09 開始します(4808)
2022/02/21 18:17:09 非実行(4808)
2022/02/21 18:17:09 実行中(4808)
2022/02/21 18:27:26 終了しました(4808)
2022/02/25 15:47:10 開始します(4264)
2022/02/25 15:47:10 非実行(4264)
2022/02/25 15:47:10 実行中(4264)
2022/02/25 15:57:38 終了しました(4264)
2022/03/04 13:37:11 開始します(5228)
2022/03/04 13:37:11 非実行(5228)
2022/03/04 13:37:11 実行中(5228)
2022/03/04 13:47:49 終了しました(5228)
2022/03/11 13:52:59 開始します(7152)
2022/03/11 13:52:59 非実行(7152)
2022/03/11 13:52:59 実行中(7152)
2022/03/11 14:03:14 終了しました(7152)
2022/03/23 13:52:28 開始します(6176)
2022/03/23 13:52:28 非実行(6176)
2022/03/23 13:52:28 実行中(6176)
2022/03/23 14:01:39 終了しました(6176)
2022/04/06 15:24:33 開始します(864)
2022/04/06 15:24:33 非実行(864)
2022/04/06 15:24:33 実行中(864)
2022/04/06 15:33:49 終了しました(864)
2022/04/12 18:29:08 開始します(6648)
2022/04/12 18:29:08 非実行(6648)
2022/04/12 18:29:08 実行中(6648)
2022/04/12 18:38:28 終了しました(6648)
2022/04/18 18:26:34 開始します(6136)
2022/04/18 18:26:34 非実行(6136)
2022/04/18 18:26:34 実行中(6136)
2022/04/18 18:34:21 終了しました(6136)
2022/04/25 18:42:36 開始します(6796)
2022/04/25 18:42:36 非実行(6796)
2022/04/25 18:42:36 実行中(6796)
2022/04/25 18:48:17 終了しました(6796)
2022/09/20 18:47:35 開始します(7132)
2022/09/20 18:47:35 非実行(7132)
2022/09/20 18:47:35 実行中(7132)
2022/09/20 18:51:33 終了しました(7132)
2022/09/21 15:30:19 開始します(1072)
2022/09/21 15:30:19 非実行(1072)
2022/09/21 15:30:19 実行中(1072)
2022/09/21 15:33:05 終了しました(1072)
2022/10/13 18:45:11 開始します(4216)
2022/10/13 18:45:11 非実行(4216)
2022/10/13 18:45:11 実行中(4216)
2022/10/13 18:47:58 終了しました(4216)
2022/12/19 17:14:39 開始します(8092)
2022/12/19 17:14:39 非実行(8092)
2022/12/19 17:14:39 実行中(8092)
2022/12/19 17:17:37 終了しました(8092)
2023/01/16 15:50:43 開始します(7196)
2023/01/16 15:50:43 非実行(7196)
2023/01/16 15:50:43 実行中(7196)
2023/01/16 16:02:01 終了しました(7196)
2023/01/17 20:52:26 開始します(3168)
2023/01/17 20:52:26 非実行(3168)
2023/01/17 20:52:26 実行中(3168)
2023/01/17 21:04:07 終了しました(3168)
2023/01/18 12:42:44 開始します(7308)
2023/01/18 12:42:44 非実行(7308)
2023/01/18 12:42:44 実行中(7308)
2023/01/18 12:53:52 終了しました(7308)
2023/01/24 12:02:41 開始します(3816)
2023/01/24 12:02:41 非実行(3816)
2023/01/24 12:02:41 実行中(3816)
2023/01/24 12:14:20 終了しました(3816)
2023/03/28 18:00:34 開始します(896)
2023/03/28 18:00:34 非実行(896)
2023/03/28 18:00:34 実行中(896)
2023/03/28 18:10:34 終了しました(896)
2023/04/25 16:37:43 開始します(4652)
2023/04/25 16:37:43 非実行(4652)
2023/04/25 16:37:43 実行中(4652)
2023/04/25 16:47:02 終了しました(4652)
2023/05/15 17:49:35 開始します(7836)
2023/05/15 17:49:35 非実行(7836)
2023/05/15 17:49:35 実行中(7836)
2023/05/15 18:00:38 終了しました(7836)
2023/05/16 16:03:53 開始します(3136)
2023/05/16 16:03:53 非実行(3136)
2023/05/16 16:03:53 実行中(3136)
2023/05/16 16:14:54 終了しました(3136)
2023/06/13 17:44:10 開始します(6908)
2023/06/13 17:44:10 非実行(6908)
2023/06/13 17:44:10 実行中(6908)
2023/06/13 17:54:22 終了しました(6908)
2023/09/08 16:50:12 開始します(7240)
2023/09/08 16:50:12 非実行(7240)
2023/09/08 16:50:12 実行中(7240)
2023/09/08 16:59:39 終了しました(7240)
2023/09/14 16:11:52 開始します(6620)
2023/09/14 16:11:52 非実行(6620)
2023/09/14 16:11:52 実行中(6620)
2023/09/14 16:23:39 終了しました(6620)
2023/09/28 17:48:54 開始します(4588)
2023/09/28 17:48:54 非実行(4588)
2023/09/28 17:48:54 実行中(4588)
2023/09/28 18:01:44 終了しました(4588)
2023/10/25 16:03:04 開始します(7064)
2023/10/25 16:03:04 非実行(7064)
2023/10/25 16:03:04 実行中(7064)
2023/10/25 16:15:26 終了しました(7064)
2024/01/29 18:28:41 開始します(3180)
2024/01/29 18:28:41 非実行(3180)
2024/01/29 18:28:41 実行中(3180)
2024/01/29 18:38:33 終了しました(3180)
2024/07/16 15:39:48 開始します(9220)
2024/07/16 15:39:48 非実行(9220)
2024/07/16 15:39:48 実行中(9220)
2024/07/16 15:39:48 終了しました(9220)
2024/07/16 15:43:18 開始します(10188)
2024/07/16 15:43:18 非実行(10188)
2024/07/16 15:43:18 実行中(10188)
2024/07/16 15:43:18 終了しました(10188)
2024/07/16 15:44:01 開始します(2208)
2024/07/16 15:44:01 非実行(2208)
2024/07/16 15:44:01 実行中(2208)
2024/07/16 15:44:01 終了しました(2208)
2024/07/16 15:45:17 開始します(6584)
2024/07/16 15:45:17 非実行(6584)
2024/07/16 15:45:17 実行中(6584)
2024/07/16 15:45:18 終了しました(6584)
2024/07/16 15:47:20 開始します(5532)
2024/07/16 15:47:20 非実行(5532)
2024/07/16 15:47:20 実行中(5532)
2024/07/16 15:47:51 終了しました(5532)
2024/07/16 15:49:31 開始します(4100)
2024/07/16 15:49:31 非実行(4100)
2024/07/16 15:49:31 実行中(4100)
2024/07/16 15:50:21 終了しました(4100)
2024/07/16 15:51:07 開始します(3996)
2024/07/16 15:51:07 非実行(3996)
2024/07/16 15:51:07 実行中(3996)
2024/07/16 15:51:57 終了しました(3996)
2024/07/16 15:53:15 開始します(9612)
2024/07/16 15:53:15 非実行(9612)
2024/07/16 15:53:15 実行中(9612)
2024/07/16 15:54:36 終了しました(9612)
2024/07/16 15:55:34 開始します(8800)
2024/07/16 15:55:34 非実行(8800)
2024/07/16 15:55:34 実行中(8800)
2024/07/16 15:56:56 終了しました(8800)
2024/07/16 16:09:29 開始します(2444)
2024/07/16 16:09:29 非実行(2444)
2024/07/16 16:09:29 実行中(2444)
2024/07/16 16:10:51 終了しました(2444)
2024/07/16 16:12:31 開始します(6676)
2024/07/16 16:12:31 非実行(6676)
2024/07/16 16:12:31 実行中(6676)
2024/07/16 16:13:53 終了しました(6676)
2024/07/16 16:14:31 開始します(9832)
2024/07/16 16:14:31 非実行(9832)
2024/07/16 16:14:31 実行中(9832)
2024/07/16 16:15:56 終了しました(9832)
2024/07/16 16:17:53 開始します(2516)
2024/07/16 16:17:53 非実行(2516)
2024/07/16 16:17:53 実行中(2516)
2024/07/16 16:27:00 終了しました(2516)
2024/07/16 16:27:53 開始します(7676)
2024/07/16 16:27:53 非実行(7676)
2024/07/16 16:27:53 実行中(7676)
2024/07/16 16:28:02 開始します(9288)
2024/07/16 16:28:02 確認するPID：4888
2024/07/16 16:28:02 実行結果：
2024/07/16 16:28:02 非実行(9288)
2024/07/16 16:28:02 実行中(9288)
2024/07/16 16:29:28 終了しました(9288)
2024/07/16 16:37:49 開始します(5992)
2024/07/16 16:37:49 非実行(5992)
2024/07/16 16:37:49 実行中(5992)
2024/07/16 16:39:14 終了しました(5992)
2024/07/16 16:42:38 開始します(5540)
2024/07/16 16:42:38 非実行(5540)
2024/07/16 16:42:38 実行中(5540)
2024/07/16 16:44:04 終了しました(5540)
2024/07/17 09:02:19 開始します(3008)
2024/07/17 09:02:19 非実行(3008)
2024/07/17 09:02:19 実行中(3008)
2024/07/17 09:03:45 終了しました(3008)
2024/07/17 09:05:43 開始します(2412)
2024/07/17 09:05:43 非実行(2412)
2024/07/17 09:05:43 実行中(2412)
2024/07/17 09:07:12 終了しました(2412)
2024/07/17 09:10:16 開始します(4204)
2024/07/17 09:10:16 非実行(4204)
2024/07/17 09:10:16 実行中(4204)
2024/07/17 09:11:41 終了しました(4204)
2024/07/17 09:14:17 開始します(2456)
2024/07/17 09:14:17 非実行(2456)
2024/07/17 09:14:17 実行中(2456)
2024/07/17 09:15:44 終了しました(2456)
2024/07/17 09:19:05 開始します(9752)
2024/07/17 09:19:05 非実行(9752)
2024/07/17 09:19:05 実行中(9752)
2024/07/17 09:20:32 終了しました(9752)
2024/07/17 09:27:45 開始します(8828)
2024/07/17 09:27:45 非実行(8828)
2024/07/17 09:27:45 実行中(8828)
2024/07/17 09:29:12 終了しました(8828)
2024/07/17 09:30:49 開始します(2036)
2024/07/17 09:30:49 非実行(2036)
2024/07/17 09:30:49 実行中(2036)
2024/07/17 12:32:51 終了しました(2036)
2024/07/17 12:36:38 開始します(4628)
2024/07/17 12:36:38 非実行(4628)
2024/07/17 12:36:38 実行中(4628)
2024/07/17 12:38:06 終了しました(4628)
2024/07/17 13:04:42 開始します(5972)
2024/07/17 13:04:42 非実行(5972)
2024/07/17 13:04:42 実行中(5972)
2024/07/17 13:06:14 終了しました(5972)
2024/07/17 13:07:19 開始します(2908)
2024/07/17 13:07:19 非実行(2908)
2024/07/17 13:07:19 実行中(2908)
2024/07/17 13:16:01 終了しました(2908)
2024/07/17 13:19:50 開始します(4060)
2024/07/17 13:19:50 非実行(4060)
2024/07/17 13:19:50 実行中(4060)
2024/07/17 13:19:52 終了しました(4060)
2024/07/17 13:27:48 開始します(9744)
2024/07/17 13:27:48 非実行(9744)
2024/07/17 13:27:48 実行中(9744)
2024/07/17 13:36:27 終了しました(9744)
2024/07/17 14:37:52 開始します(5668)
2024/07/17 14:37:52 非実行(5668)
2024/07/17 14:37:52 実行中(5668)
2024/07/17 14:46:35 終了しました(5668)
2024/07/17 15:08:16 開始します(9936)
2024/07/17 15:08:16 非実行(9936)
2024/07/17 15:08:16 実行中(9936)
2024/07/17 16:36:41 終了しました(9936)
2024/08/15 15:25:46 開始します(11040)
2024/08/15 15:25:46 非実行(11040)
2024/08/15 15:25:46 実行中(11040)
2024/08/15 15:25:51 終了しました(11040)
2024/08/15 15:25:59 開始します(3336)
2024/08/15 15:25:59 非実行(3336)
2024/08/15 15:25:59 実行中(3336)
2024/08/15 16:01:47 終了しました(3336)
2024/08/16 16:05:02 開始します(11148)
2024/08/16 16:05:02 非実行(11148)
2024/08/16 16:05:02 実行中(11148)
2024/08/16 16:42:37 終了しました(11148)
2024/08/22 13:08:01 開始します(7404)
2024/08/22 13:08:01 非実行(7404)
2024/08/22 13:08:01 実行中(7404)
2024/08/22 13:19:46 終了しました(7404)
2024/08/28 09:58:24 開始します(7892)
2024/08/28 09:58:24 非実行(7892)
2024/08/28 09:58:24 実行中(7892)
2024/08/28 10:20:50 終了しました(7892)
2024/08/28 13:10:34 開始します(9180)
2024/08/28 13:10:34 非実行(9180)
2024/08/28 13:10:34 実行中(9180)
2024/08/28 13:30:21 終了しました(9180)
2024/09/12 03:22:44 開始します(1784)
2024/09/12 03:22:44 非実行(1784)
2024/09/12 03:22:44 実行中(1784)
2024/09/12 03:28:17 終了しました(1784)
2024/09/17 14:45:47 開始します(12164)
2024/09/17 14:45:47 非実行(12164)
2024/09/17 14:45:47 実行中(12164)
2024/09/17 14:55:56 終了しました(12164)
2024/09/18 07:50:27 開始します(5148)
2024/09/18 07:50:27 非実行(5148)
2024/09/18 07:50:27 実行中(5148)
2024/09/18 08:33:18 終了しました(5148)
2024/09/18 18:56:52 開始します(11852)
2024/09/18 18:56:52 非実行(11852)
2024/09/18 18:56:52 実行中(11852)
2024/09/18 19:34:15 終了しました(11852)
2024/09/19 10:52:07 開始します(8324)
2024/09/19 10:52:07 非実行(8324)
2024/09/19 10:52:07 実行中(8324)
2024/09/19 11:41:53 終了しました(8324)
2024/09/19 16:20:40 開始します(7052)
2024/09/19 16:20:40 非実行(7052)
2024/09/19 16:20:40 実行中(7052)
2024/09/19 16:57:43 終了しました(7052)
2024/09/20 01:08:17 開始します(9412)
2024/09/20 01:08:17 非実行(9412)
2024/09/20 01:08:17 実行中(9412)
2024/09/20 01:51:20 終了しました(9412)
2024/09/21 02:45:20 開始します(5136)
2024/09/21 02:45:20 非実行(5136)
2024/09/21 02:45:20 実行中(5136)
2024/09/21 03:36:35 終了しました(5136)
2024/09/25 03:45:43 開始します(12356)
2024/09/25 03:45:43 非実行(12356)
2024/09/25 03:45:43 実行中(12356)
2024/09/25 04:36:50 終了しました(12356)
2024/09/26 01:51:22 開始します(10676)
2024/09/26 01:51:22 非実行(10676)
2024/09/26 01:51:22 実行中(10676)
2024/09/26 02:42:23 終了しました(10676)
2024/09/27 02:14:11 開始します(8244)
2024/09/27 02:14:11 非実行(8244)
2024/09/27 02:14:11 実行中(8244)
2024/09/27 03:05:11 終了しました(8244)
2024/09/28 02:41:23 開始します(12308)
2024/09/28 02:41:23 非実行(12308)
2024/09/28 02:41:23 実行中(12308)
2024/09/28 03:32:26 終了しました(12308)
2024/09/29 01:51:50 開始します(10488)
2024/09/29 01:51:50 非実行(10488)
2024/09/29 01:51:50 実行中(10488)
2024/09/29 02:43:12 終了しました(10488)
2024/10/01 22:39:58 開始します(7164)
2024/10/01 22:39:58 非実行(7164)
2024/10/01 22:39:58 実行中(7164)
2024/10/01 23:23:05 終了しました(7164)
2024/10/02 23:06:03 開始します(4272)
2024/10/02 23:06:03 非実行(4272)
2024/10/02 23:06:03 実行中(4272)
2024/10/02 23:50:24 終了しました(4272)
2024/10/04 01:21:08 開始します(3620)
2024/10/04 01:21:08 非実行(3620)
2024/10/04 01:21:08 実行中(3620)
2024/10/04 02:14:10 終了しました(3620)
2024/10/05 00:09:45 開始します(6196)
2024/10/05 00:09:45 非実行(6196)
2024/10/05 00:09:45 実行中(6196)
2024/10/05 00:54:14 終了しました(6196)
2024/10/07 17:48:01 開始します(10936)
2024/10/07 17:48:01 非実行(10936)
2024/10/07 17:48:01 実行中(10936)
2024/10/07 17:50:53 終了しました(10936)
2024/10/08 02:07:00 開始します(8552)
2024/10/08 02:07:00 非実行(8552)
2024/10/08 02:07:00 実行中(8552)
2024/10/08 02:52:15 終了しました(8552)
2024/10/09 01:35:45 開始します(4024)
2024/10/09 01:35:45 非実行(4024)
2024/10/09 01:35:45 実行中(4024)
2024/10/09 02:20:26 終了しました(4024)
2024/10/10 02:06:15 開始します(5176)
2024/10/10 02:06:15 非実行(5176)
2024/10/10 02:06:15 実行中(5176)
2024/10/10 02:58:49 終了しました(5176)
2024/10/11 01:14:16 開始します(8908)
2024/10/11 01:14:16 非実行(8908)
2024/10/11 01:14:16 実行中(8908)
2024/10/11 02:06:47 終了しました(8908)
2024/10/13 01:42:13 開始します(6376)
2024/10/13 01:42:13 非実行(6376)
2024/10/13 01:42:13 実行中(6376)
2024/10/13 02:25:12 終了しました(6376)
2024/10/16 00:17:07 開始します(8172)
2024/10/16 00:17:07 非実行(8172)
2024/10/16 00:17:07 実行中(8172)
2024/10/16 01:00:13 終了しました(8172)
2024/10/17 00:46:49 開始します(1312)
2024/10/17 00:46:49 非実行(1312)
2024/10/17 00:46:49 実行中(1312)
2024/10/17 01:29:52 終了しました(1312)
2024/10/18 05:14:05 開始します(1140)
2024/10/18 05:14:05 非実行(1140)
2024/10/18 05:14:05 実行中(1140)
2024/10/18 06:05:21 終了しました(1140)
2024/10/18 23:33:43 開始します(3308)
2024/10/18 23:33:43 非実行(3308)
2024/10/18 23:33:43 実行中(3308)
2024/10/19 00:00:35 終了しました(3308)
2024/10/21 23:26:47 開始します(8924)
2024/10/21 23:26:47 非実行(8924)
2024/10/21 23:26:47 実行中(8924)
2024/10/21 23:53:52 終了しました(8924)
2024/10/22 23:43:43 開始します(6216)
2024/10/22 23:43:43 非実行(6216)
2024/10/22 23:43:43 実行中(6216)
2024/10/23 00:10:45 終了しました(6216)
2024/10/23 23:23:17 開始します(4156)
2024/10/23 23:23:17 非実行(4156)
2024/10/23 23:23:17 実行中(4156)
2024/10/23 23:50:11 終了しました(4156)
2024/10/25 02:46:20 開始します(3152)
2024/10/25 02:46:20 非実行(3152)
2024/10/25 02:46:20 実行中(3152)
2024/10/25 03:22:14 終了しました(3152)
2024/10/27 07:51:43 開始します(7060)
2024/10/27 07:51:43 非実行(7060)
2024/10/27 07:51:43 実行中(7060)
2024/10/27 08:31:54 終了しました(7060)
2024/10/28 23:22:41 開始します(6540)
2024/10/28 23:22:41 非実行(6540)
2024/10/28 23:22:41 実行中(6540)
2024/10/29 00:02:58 終了しました(6540)
2024/10/29 23:24:56 開始します(7164)
2024/10/29 23:24:56 非実行(7164)
2024/10/29 23:24:56 実行中(7164)
2024/10/29 23:38:10 終了しました(7164)
2024/10/30 20:58:45 開始します(6504)
2024/10/30 20:58:45 非実行(6504)
2024/10/30 20:58:45 実行中(6504)
2024/10/30 21:12:04 終了しました(6504)
2024/10/31 21:46:12 開始します(3964)
2024/10/31 21:46:12 非実行(3964)
2024/10/31 21:46:12 実行中(3964)
2024/10/31 21:59:17 終了しました(3964)
2024/11/03 15:00:33 開始します(8592)
2024/11/03 15:00:33 非実行(8592)
2024/11/03 15:00:33 実行中(8592)
2024/11/03 15:37:59 終了しました(8592)
2024/11/05 21:57:45 開始します(7868)
2024/11/05 21:57:45 非実行(7868)
2024/11/05 21:57:45 実行中(7868)
2024/11/05 21:57:57 終了しました(7868)
2024/11/06 14:06:19 開始します(3908)
2024/11/06 14:06:19 非実行(3908)
2024/11/06 14:06:19 実行中(3908)
2024/11/06 14:33:40 終了しました(3908)
2024/11/07 00:44:12 開始します(6808)
2024/11/07 00:44:12 非実行(6808)
2024/11/07 00:44:12 実行中(6808)
2024/11/07 01:16:39 終了しました(6808)
2024/11/08 02:23:34 開始します(6632)
2024/11/08 02:23:34 非実行(6632)
2024/11/08 02:23:34 実行中(6632)
2024/11/08 02:56:16 終了しました(6632)
2024/11/09 03:35:34 開始します(1204)
2024/11/09 03:35:34 非実行(1204)
2024/11/09 03:35:34 実行中(1204)
2024/11/09 04:07:48 終了しました(1204)
2024/11/12 01:58:46 開始します(4808)
2024/11/12 01:58:46 非実行(4808)
2024/11/12 01:58:46 実行中(4808)
2024/11/12 02:31:15 終了しました(4808)
2024/11/12 11:34:53 開始します(3992)
2024/11/12 11:34:53 非実行(3992)
2024/11/12 11:34:53 実行中(3992)
2024/11/12 12:04:29 終了しました(3992)
2024/11/13 02:56:26 開始します(7156)
2024/11/13 02:56:26 非実行(7156)
2024/11/13 02:56:26 実行中(7156)
2024/11/13 03:28:41 終了しました(7156)
2024/11/14 03:44:30 開始します(7768)
2024/11/14 03:44:30 非実行(7768)
2024/11/14 03:44:30 実行中(7768)
2024/11/14 04:20:43 終了しました(7768)
2024/11/15 03:35:57 開始します(752)
2024/11/15 03:35:57 非実行(752)
2024/11/15 03:35:57 実行中(752)
2024/11/15 04:08:52 終了しました(752)
2024/11/17 01:51:03 開始します(2244)
2024/11/17 01:51:03 非実行(2244)
2024/11/17 01:51:03 実行中(2244)
2024/11/17 02:22:11 終了しました(2244)
2024/11/19 03:57:56 開始します(8488)
2024/11/19 03:57:56 非実行(8488)
2024/11/19 03:57:56 実行中(8488)
2024/11/19 04:29:32 終了しました(8488)
2024/11/20 03:41:17 開始します(4540)
2024/11/20 03:41:17 非実行(4540)
2024/11/20 03:41:17 実行中(4540)
2024/11/20 04:12:56 終了しました(4540)
2024/11/20 18:27:05 開始します(6256)
2024/11/20 18:27:05 非実行(6256)
2024/11/20 18:27:05 実行中(6256)
2024/11/20 18:58:54 終了しました(6256)
2024/11/22 03:48:22 開始します(5984)
2024/11/22 03:48:22 非実行(5984)
2024/11/22 03:48:22 実行中(5984)
2024/11/22 08:15:10 終了しました(5984)
2024/11/25 03:20:29 開始します(7420)
2024/11/25 03:20:29 非実行(7420)
2024/11/25 03:20:29 実行中(7420)
2024/12/04 03:21:33 開始します(9756)
2024/12/04 03:21:33 確認するPID：2224
2024/12/04 03:21:33 実行結果：
2024/12/04 03:21:33 非実行(9756)
2024/12/04 03:21:33 実行中(9756)
2024/12/04 10:47:15 開始します(5152)
2024/12/04 10:47:15 確認するPID：2224
2024/12/04 10:47:15 実行結果：2224
2024/12/04 10:47:15 実行中...終了します(2224)
2024/12/04 10:47:40 開始します(4884)
2024/12/04 10:47:40 確認するPID：2224
2024/12/04 10:47:40 実行結果：2224
2024/12/04 10:47:40 実行中...終了します(2224)
2024/12/04 10:48:06 開始します(6832)
2024/12/04 10:48:06 確認するPID：2224
2024/12/04 10:48:06 実行結果：2224
2024/12/04 10:48:06 実行中...終了します(2224)
2024/12/04 11:36:09 開始します(5252)
2024/12/04 11:36:09 確認するPID：2224
2024/12/04 11:36:09 実行結果：2224
2024/12/04 11:36:09 実行中...終了します(2224)
2024/12/04 11:37:18 開始します(3632)
2024/12/04 11:37:18 確認するPID：2224
2024/12/04 11:37:18 実行結果：2224
2024/12/04 11:37:18 実行中...終了します(2224)
2024/12/04 11:38:00 開始します(5924)
2024/12/04 11:38:00 確認するPID：2224
2024/12/04 11:38:00 実行結果：2224
2024/12/04 11:38:00 実行中...終了します(2224)
2024/12/04 11:39:14 開始します(7292)
2024/12/04 11:39:14 確認するPID：2224
2024/12/04 11:39:14 実行結果：2224
2024/12/04 11:39:14 実行中...終了します(2224)
2024/12/04 11:43:11 開始します(8904)
2024/12/04 11:43:11 確認するPID：2224
2024/12/04 11:43:11 実行結果：2224
2024/12/04 11:43:11 実行中...終了します(2224)
2024/12/04 11:45:06 開始します(2524)
2024/12/04 11:45:06 確認するPID：2224
2024/12/04 11:45:06 実行結果：2224
2024/12/04 11:45:06 実行中...終了します(2224)
2024/12/04 11:45:46 開始します(9272)
2024/12/04 11:45:46 確認するPID：2224
2024/12/04 11:45:46 実行結果：2224
2024/12/04 11:45:46 実行中...終了します(2224)
2024/12/04 11:46:17 開始します(8564)
2024/12/04 11:46:17 確認するPID：2224
2024/12/04 11:46:17 実行結果：2224
2024/12/04 11:46:17 実行中...終了します(2224)
2024/12/04 11:52:24 開始します(584)
2024/12/04 11:52:24 確認するPID：2224
2024/12/04 11:52:24 実行結果：2224
2024/12/04 11:52:24 実行中...終了します(2224)
2024/12/04 11:52:44 開始します(9012)
2024/12/04 11:52:44 確認するPID：2224
2024/12/04 11:52:44 実行結果：2224
2024/12/04 11:52:44 実行中...終了します(2224)
2024/12/04 11:54:07 開始します(9556)
2024/12/04 11:54:07 確認するPID：2224
2024/12/04 11:54:07 実行結果：2224
2024/12/04 11:54:07 実行中...終了します(2224)
2024/12/05 00:13:56 開始します(4472)
2024/12/05 00:13:56 確認するPID：2224
2024/12/05 00:13:56 実行結果：2224
2024/12/05 00:13:56 実行中...終了します(2224)
2024/12/05 11:21:59 開始します(6080)
2024/12/05 11:21:59 確認するPID：2224
2024/12/05 11:21:59 実行結果：
2024/12/05 11:21:59 非実行(6080)
2024/12/05 11:21:59 実行中(6080)
2024/12/05 11:22:01 終了しました(6080)
2024/12/05 11:25:10 開始します(6192)
2024/12/05 11:25:10 非実行(6192)
2024/12/05 11:25:10 実行中(6192)
2024/12/05 11:25:21 終了しました(6192)
2024/12/05 11:27:22 開始します(6984)
2024/12/05 11:27:22 非実行(6984)
2024/12/05 11:27:22 実行中(6984)
2024/12/05 11:27:27 終了しました(6984)
2024/12/05 22:48:22 開始します(4152)
2024/12/05 22:48:22 非実行(4152)
2024/12/05 22:48:22 実行中(4152)
2024/12/05 23:20:29 終了しました(4152)
2024/12/07 01:00:05 開始します(3592)
2024/12/07 01:00:05 非実行(3592)
2024/12/07 01:00:05 実行中(3592)
2024/12/07 01:36:02 終了しました(3592)
2024/12/11 01:03:11 開始します(8244)
2024/12/11 01:03:11 非実行(8244)
2024/12/11 01:03:11 実行中(8244)
2024/12/11 01:43:13 終了しました(8244)
2024/12/12 02:37:51 開始します(284)
2024/12/12 02:37:51 非実行(284)
2024/12/12 02:37:51 実行中(284)
2024/12/12 03:19:58 終了しました(284)
2024/12/12 23:40:00 開始します(4232)
2024/12/12 23:40:00 非実行(4232)
2024/12/12 23:40:00 実行中(4232)
2024/12/13 00:21:31 終了しました(4232)
2024/12/15 23:52:37 開始します(6280)
2024/12/15 23:52:37 非実行(6280)
2024/12/15 23:52:37 実行中(6280)
2024/12/16 00:38:53 終了しました(6280)
2024/12/17 02:38:15 開始します(3048)
2024/12/17 02:38:15 非実行(3048)
2024/12/17 02:38:15 実行中(3048)
2024/12/17 03:18:44 終了しました(3048)
2024/12/18 00:50:19 開始します(7544)
2024/12/18 00:50:19 非実行(7544)
2024/12/18 00:50:19 実行中(7544)
2024/12/18 01:35:25 終了しました(7544)
2024/12/19 00:02:41 開始します(3168)
2024/12/19 00:02:41 非実行(3168)
2024/12/19 00:02:41 実行中(3168)
2024/12/19 00:47:55 終了しました(3168)
2024/12/20 01:18:35 開始します(4156)
2024/12/20 01:18:35 非実行(4156)
2024/12/20 01:18:35 実行中(4156)
2024/12/20 02:09:26 終了しました(4156)
2024/12/21 01:16:27 開始します(9008)
2024/12/21 01:16:27 非実行(9008)
2024/12/21 01:16:27 実行中(9008)
2024/12/21 02:07:16 終了しました(9008)
2024/12/22 03:51:47 開始します(2184)
2024/12/22 03:51:47 非実行(2184)
2024/12/22 03:51:47 実行中(2184)
2024/12/22 04:39:39 終了しました(2184)
2024/12/24 00:06:37 開始します(6588)
2024/12/24 00:06:37 非実行(6588)
2024/12/24 00:06:37 実行中(6588)
2024/12/24 00:57:08 終了しました(6588)
2024/12/26 20:07:29 開始します(4008)
2024/12/26 20:07:29 非実行(4008)
2024/12/26 20:07:29 実行中(4008)
2024/12/26 21:03:08 終了しました(4008)
2025/02/05 01:13:42 開始します(6004)
2025/02/05 01:13:42 非実行(6004)
2025/02/05 01:13:42 実行中(6004)
2025/02/05 01:50:40 終了しました(6004)
2025/02/06 01:11:50 開始します(9088)
2025/02/06 01:11:50 非実行(9088)
2025/02/06 01:11:50 実行中(9088)
2025/02/06 01:50:11 終了しました(9088)
2025/02/07 20:25:25 開始します(6960)
2025/02/07 20:25:25 非実行(6960)
2025/02/07 20:25:25 実行中(6960)
2025/02/07 21:02:32 終了しました(6960)
2025/02/10 21:07:00 開始します(8632)
2025/02/10 21:07:00 非実行(8632)
2025/02/10 21:07:00 実行中(8632)
2025/02/10 21:45:23 終了しました(8632)
2025/02/13 10:22:54 開始します(5372)
2025/02/13 10:22:54 非実行(5372)
2025/02/13 10:22:54 実行中(5372)
2025/02/13 11:01:24 終了しました(5372)
2025/02/13 19:05:57 開始します(11164)
2025/02/13 19:05:57 非実行(11164)
2025/02/13 19:05:57 実行中(11164)
2025/02/13 19:46:58 終了しました(11164)
2025/02/14 12:36:16 開始します(4180)
2025/02/14 12:36:16 非実行(4180)
2025/02/14 12:36:16 実行中(4180)
2025/02/14 13:15:40 終了しました(4180)
2025/02/15 11:59:44 開始します(3588)
2025/02/15 11:59:44 非実行(3588)
2025/02/15 11:59:44 実行中(3588)
2025/02/15 12:38:58 終了しました(3588)
2025/02/18 00:54:38 開始します(10516)
2025/02/18 00:54:38 非実行(10516)
2025/02/18 00:54:38 実行中(10516)
2025/02/18 01:33:51 終了しました(10516)
2025/02/18 22:54:34 開始します(7708)
2025/02/18 22:54:34 非実行(7708)
2025/02/18 22:54:34 実行中(7708)
2025/02/18 23:33:14 終了しました(7708)
2025/02/19 19:54:16 開始します(3068)
2025/02/19 19:54:16 非実行(3068)
2025/02/19 19:54:16 実行中(3068)
2025/02/19 20:32:47 終了しました(3068)
2025/02/21 02:48:20 開始します(2980)
2025/02/21 02:48:20 非実行(2980)
2025/02/21 02:48:20 実行中(2980)
2025/02/21 03:24:39 終了しました(2980)
2025/02/22 00:04:29 開始します(3392)
2025/02/22 00:04:29 非実行(3392)
2025/02/22 00:04:29 実行中(3392)
2025/02/22 00:42:41 終了しました(3392)
2025/02/23 01:32:17 開始します(4084)
2025/02/23 01:32:17 非実行(4084)
2025/02/23 01:32:17 実行中(4084)
2025/02/23 02:10:29 終了しました(4084)
2025/02/26 23:55:21 開始します(6760)
2025/02/26 23:55:21 非実行(6760)
2025/02/26 23:55:21 実行中(6760)
2025/02/27 00:33:39 終了しました(6760)
2025/02/27 20:31:35 開始します(5520)
2025/02/27 20:31:35 非実行(5520)
2025/02/27 20:31:35 実行中(5520)
2025/02/27 21:08:28 終了しました(5520)
2025/02/28 20:15:49 開始します(3944)
2025/02/28 20:15:49 非実行(3944)
2025/02/28 20:15:49 実行中(3944)
2025/02/28 20:54:58 終了しました(3944)
2025/03/07 19:06:26 開始します(3280)
2025/03/07 19:06:26 非実行(3280)
2025/03/07 19:06:26 実行中(3280)
2025/03/07 19:41:18 終了しました(3280)
2025/03/08 19:06:25 開始します(10088)
2025/03/08 19:06:25 非実行(10088)
2025/03/08 19:06:25 実行中(10088)
2025/03/08 19:36:16 終了しました(10088)
2025/03/09 19:06:19 開始します(4588)
2025/03/09 19:06:19 非実行(4588)
2025/03/09 19:06:19 実行中(4588)
2025/03/09 19:36:08 終了しました(4588)
2025/03/10 19:06:23 開始します(5608)
2025/03/10 19:06:23 非実行(5608)
2025/03/10 19:06:23 実行中(5608)
2025/03/10 19:36:31 終了しました(5608)
2025/03/11 19:06:30 開始します(10976)
2025/03/11 19:06:30 非実行(10976)
2025/03/11 19:06:30 実行中(10976)
2025/03/11 19:36:53 終了しました(10976)
2025/03/12 10:04:03 開始します(4604)
2025/03/12 10:04:03 非実行(4604)
2025/03/12 10:04:03 実行中(4604)
2025/03/12 10:43:28 終了しました(4604)
2025/03/12 19:06:23 開始します(6464)
2025/03/12 19:06:23 非実行(6464)
2025/03/12 19:06:23 実行中(6464)
2025/03/12 19:45:45 終了しました(6464)
2025/03/13 19:06:45 開始します(8256)
2025/03/13 19:06:45 非実行(8256)
2025/03/13 19:06:45 実行中(8256)
2025/03/13 19:42:56 終了しました(8256)
2025/03/14 19:06:44 開始します(3028)
2025/03/14 19:06:44 非実行(3028)
2025/03/14 19:06:44 実行中(3028)
2025/03/14 19:41:37 終了しました(3028)
2025/03/15 19:06:24 開始します(7708)
2025/03/15 19:06:24 非実行(7708)
2025/03/15 19:06:24 実行中(7708)
2025/03/15 19:41:16 終了しました(7708)
2025/03/16 19:06:22 開始します(8004)
2025/03/16 19:06:22 非実行(8004)
2025/03/16 19:06:22 実行中(8004)
2025/03/16 19:40:55 終了しました(8004)
2025/03/17 15:24:13 開始します(6092)
2025/03/17 15:24:13 非実行(6092)
2025/03/17 15:24:13 実行中(6092)
2025/03/17 15:52:49 終了しました(6092)
2025/03/17 19:06:24 開始します(6572)
2025/03/17 19:06:24 非実行(6572)
2025/03/17 19:06:24 実行中(6572)
2025/03/17 19:34:29 終了しました(6572)
2025/03/18 15:23:29 開始します(8276)
2025/03/18 15:23:29 非実行(8276)
2025/03/18 15:23:29 実行中(8276)
2025/03/18 15:36:28 終了しました(8276)
2025/03/18 15:42:55 開始します(5168)
2025/03/18 15:42:55 非実行(5168)
2025/03/18 15:42:55 実行中(5168)
2025/03/18 16:12:32 終了しました(5168)
2025/03/18 16:16:48 開始します(7824)
2025/03/18 16:16:48 非実行(7824)
2025/03/18 16:16:48 実行中(7824)
2025/03/18 16:23:53 終了しました(7824)
2025/03/18 16:24:04 開始します(5404)
2025/03/18 16:24:04 非実行(5404)
2025/03/18 16:24:04 実行中(5404)
2025/03/18 16:47:35 終了しました(5404)
2025/03/18 19:06:25 開始します(5148)
2025/03/18 19:06:25 非実行(5148)
2025/03/18 19:06:25 実行中(5148)
2025/03/18 19:28:41 終了しました(5148)
2025/03/19 14:13:01 開始します(8072)
2025/03/19 14:13:01 非実行(8072)
2025/03/19 14:13:01 実行中(8072)
2025/03/19 14:47:21 終了しました(8072)
2025/03/19 19:06:29 開始します(8572)
2025/03/19 19:06:29 非実行(8572)
2025/03/19 19:06:29 実行中(8572)
2025/03/19 19:30:17 終了しました(8572)
2025/03/20 19:06:34 開始します(11452)
2025/03/20 19:06:34 非実行(11452)
2025/03/20 19:06:34 実行中(11452)
2025/03/20 19:27:54 終了しました(11452)
2025/03/21 19:06:22 開始します(2652)
2025/03/21 19:06:22 非実行(2652)
2025/03/21 19:06:22 実行中(2652)
2025/03/21 19:28:47 終了しました(2652)
2025/03/22 19:06:24 開始します(4020)
2025/03/22 19:06:24 非実行(4020)
2025/03/22 19:06:24 実行中(4020)
2025/03/22 19:29:42 終了しました(4020)
2025/03/23 19:06:25 開始します(11728)
2025/03/23 19:06:25 非実行(11728)
2025/03/23 19:06:25 実行中(11728)
2025/03/23 19:29:33 終了しました(11728)
2025/03/24 19:06:29 開始します(12036)
2025/03/24 19:06:29 非実行(12036)
2025/03/24 19:06:29 実行中(12036)
2025/03/24 19:29:02 終了しました(12036)
2025/03/25 19:05:08 開始します(10028)
2025/03/25 19:05:08 非実行(10028)
2025/03/25 19:05:08 実行中(10028)
2025/03/25 19:27:47 終了しました(10028)
2025/03/26 19:06:27 開始します(10164)
2025/03/26 19:06:27 非実行(10164)
2025/03/26 19:06:27 実行中(10164)
2025/03/26 19:32:38 終了しました(10164)
2025/03/27 19:06:36 開始します(3960)
2025/03/27 19:06:36 非実行(3960)
2025/03/27 19:06:36 実行中(3960)
2025/03/27 19:28:30 終了しました(3960)
2025/03/28 19:08:43 開始します(11196)
2025/03/28 19:08:43 非実行(11196)
2025/03/28 19:08:43 実行中(11196)
2025/03/28 19:30:42 終了しました(11196)
2025/03/29 19:10:46 開始します(4236)
2025/03/29 19:10:46 非実行(4236)
2025/03/29 19:10:46 実行中(4236)
2025/03/29 19:33:21 終了しました(4236)
2025/03/30 19:08:00 開始します(2076)
2025/03/30 19:08:00 非実行(2076)
2025/03/30 19:08:00 実行中(2076)
2025/03/30 19:30:06 終了しました(2076)
2025/03/31 19:06:04 開始します(6668)
2025/03/31 19:06:04 非実行(6668)
2025/03/31 19:06:04 実行中(6668)
2025/03/31 19:29:03 終了しました(6668)
2025/04/01 19:03:07 開始します(2072)
2025/04/01 19:03:07 非実行(2072)
2025/04/01 19:03:07 実行中(2072)
2025/04/01 19:24:51 終了しました(2072)
2025/04/02 19:04:58 開始します(9168)
2025/04/02 19:04:58 非実行(9168)
2025/04/02 19:04:58 実行中(9168)
2025/04/02 19:28:38 終了しました(9168)
2025/04/03 19:02:23 開始します(10360)
2025/04/03 19:02:23 非実行(10360)
2025/04/03 19:02:23 実行中(10360)
2025/04/03 19:22:51 終了しました(10360)
2025/04/04 19:04:31 開始します(9296)
2025/04/04 19:04:31 非実行(9296)
2025/04/04 19:04:31 実行中(9296)
2025/04/04 19:25:57 終了しました(9296)
2025/04/05 19:03:31 開始します(4400)
2025/04/05 19:03:31 非実行(4400)
2025/04/05 19:03:31 実行中(4400)
2025/04/05 19:24:14 終了しました(4400)
2025/04/06 19:01:49 開始します(8204)
2025/04/06 19:01:49 非実行(8204)
2025/04/06 19:01:49 実行中(8204)
2025/04/06 19:22:36 終了しました(8204)
2025/04/07 19:01:39 開始します(9248)
2025/04/07 19:01:39 非実行(9248)
2025/04/07 19:01:39 実行中(9248)
2025/04/07 19:23:32 終了しました(9248)
2025/04/08 19:04:18 開始します(2680)
2025/04/08 19:04:18 非実行(2680)
2025/04/08 19:04:18 実行中(2680)
2025/04/08 19:26:52 終了しました(2680)
2025/04/09 19:09:57 開始します(4748)
2025/04/09 19:09:57 非実行(4748)
2025/04/09 19:09:57 実行中(4748)
2025/04/09 19:35:37 終了しました(4748)
2025/04/10 19:14:08 開始します(6096)
2025/04/10 19:14:08 非実行(6096)
2025/04/10 19:14:08 実行中(6096)
2025/04/10 19:34:56 終了しました(6096)
2025/04/11 19:14:27 開始します(12076)
2025/04/11 19:14:27 非実行(12076)
2025/04/11 19:14:27 実行中(12076)
2025/04/11 19:36:03 終了しました(12076)
2025/04/13 19:12:49 開始します(5096)
2025/04/13 19:12:49 非実行(5096)
2025/04/13 19:12:49 実行中(5096)
2025/04/13 19:34:21 終了しました(5096)
2025/04/14 19:14:31 開始します(13208)
2025/04/14 19:14:31 非実行(13208)
2025/04/14 19:14:31 実行中(13208)
2025/04/14 19:38:34 終了しました(13208)
2025/04/15 19:25:09 開始します(7912)
2025/04/15 19:25:09 非実行(7912)
2025/04/15 19:25:09 実行中(7912)
2025/04/15 19:48:47 終了しました(7912)
2025/04/16 19:33:01 開始します(13124)
2025/04/16 19:33:01 非実行(13124)
2025/04/16 19:33:01 実行中(13124)
2025/04/16 20:00:09 終了しました(13124)
2025/04/17 19:28:20 開始します(3908)
2025/04/17 19:28:20 非実行(3908)
2025/04/17 19:28:20 実行中(3908)
2025/04/17 19:50:54 終了しました(3908)
2025/04/18 19:27:39 開始します(1896)
2025/04/18 19:27:39 非実行(1896)
2025/04/18 19:27:39 実行中(1896)
2025/04/18 19:50:44 終了しました(1896)
2025/04/19 19:25:27 開始します(5400)
2025/04/19 19:25:27 非実行(5400)
2025/04/19 19:25:27 実行中(5400)
2025/04/19 19:48:41 終了しました(5400)
2025/04/20 19:24:42 開始します(1704)
2025/04/20 19:24:42 非実行(1704)
2025/04/20 19:24:42 実行中(1704)
2025/04/20 19:47:57 終了しました(1704)
2025/04/21 19:25:43 開始します(9092)
2025/04/21 19:25:43 非実行(9092)
2025/04/21 19:25:43 実行中(9092)
2025/04/21 19:52:13 終了しました(9092)
2025/04/22 19:21:44 開始します(5984)
2025/04/22 19:21:44 非実行(5984)
2025/04/22 19:21:44 実行中(5984)
2025/04/22 19:44:56 終了しました(5984)
2025/04/23 19:26:29 開始します(7536)
2025/04/23 19:26:29 非実行(7536)
2025/04/23 19:26:29 実行中(7536)
2025/04/23 19:52:51 終了しました(7536)
2025/04/24 19:20:36 開始します(3588)
2025/04/24 19:20:36 非実行(3588)
2025/04/24 19:20:36 実行中(3588)
2025/04/24 19:43:00 終了しました(3588)
2025/04/25 19:18:56 開始します(4584)
2025/04/25 19:18:56 非実行(4584)
2025/04/25 19:18:56 実行中(4584)
2025/04/25 19:41:34 終了しました(4584)
2025/04/26 19:21:01 開始します(3996)
2025/04/26 19:21:01 非実行(3996)
2025/04/26 19:21:01 実行中(3996)
2025/04/26 19:45:00 終了しました(3996)
2025/04/27 19:16:16 開始します(3044)
2025/04/27 19:16:16 非実行(3044)
2025/04/27 19:16:16 実行中(3044)
2025/04/27 19:39:21 終了しました(3044)
2025/04/28 19:13:08 開始します(5788)
2025/04/28 19:13:08 非実行(5788)
2025/04/28 19:13:08 実行中(5788)
2025/04/28 19:36:10 終了しました(5788)
2025/04/29 19:10:20 開始します(2592)
2025/04/29 19:10:20 非実行(2592)
2025/04/29 19:10:20 実行中(2592)
2025/04/29 19:33:11 終了しました(2592)
2025/04/30 19:08:28 開始します(3824)
2025/04/30 19:08:28 非実行(3824)
2025/04/30 19:08:28 実行中(3824)
2025/04/30 19:32:20 終了しました(3824)
2025/05/01 19:06:28 開始します(3004)
2025/05/01 19:06:28 非実行(3004)
2025/05/01 19:06:28 実行中(3004)
2025/05/01 19:25:44 終了しました(3004)
2025/05/02 19:06:18 開始します(5968)
2025/05/02 19:06:18 非実行(5968)
2025/05/02 19:06:18 実行中(5968)
2025/05/02 19:25:15 終了しました(5968)
2025/05/03 19:06:42 開始します(1852)
2025/05/03 19:06:42 非実行(1852)
2025/05/03 19:06:42 実行中(1852)
2025/05/03 19:25:27 終了しました(1852)
2025/05/04 19:06:23 開始します(284)
2025/05/04 19:06:23 非実行(284)
2025/05/04 19:06:23 実行中(284)
2025/05/04 19:24:46 終了しました(284)
2025/05/05 19:06:36 開始します(5716)
2025/05/05 19:06:36 非実行(5716)
2025/05/05 19:06:36 実行中(5716)
2025/05/05 19:24:45 終了しました(5716)
2025/05/06 19:06:34 開始します(3492)
2025/05/06 19:06:34 非実行(3492)
2025/05/06 19:06:34 実行中(3492)
2025/05/06 19:24:44 終了しました(3492)
2025/05/07 19:06:16 開始します(1400)
2025/05/07 19:06:16 非実行(1400)
2025/05/07 19:06:16 実行中(1400)
2025/05/07 19:23:39 終了しました(1400)
2025/05/08 19:06:39 開始します(7884)
2025/05/08 19:06:39 非実行(7884)
2025/05/08 19:06:39 実行中(7884)
2025/05/08 19:21:19 終了しました(7884)
2025/05/09 19:06:22 開始します(6928)
2025/05/09 19:06:22 非実行(6928)
2025/05/09 19:06:22 実行中(6928)
2025/05/09 19:21:00 終了しました(6928)
2025/05/10 19:18:45 開始します(6224)
2025/05/10 19:18:45 非実行(6224)
2025/05/10 19:18:45 実行中(6224)
2025/05/10 19:42:06 終了しました(6224)
2025/05/11 19:16:07 開始します(4760)
2025/05/11 19:16:07 非実行(4760)
2025/05/11 19:16:07 実行中(4760)
2025/05/11 19:38:46 終了しました(4760)
2025/05/12 19:14:42 開始します(3652)
2025/05/12 19:14:42 非実行(3652)
2025/05/12 19:14:42 実行中(3652)
2025/05/12 19:37:15 終了しました(3652)
2025/05/13 19:13:12 開始します(7620)
2025/05/13 19:13:12 非実行(7620)
2025/05/13 19:13:12 実行中(7620)
2025/05/13 19:35:42 終了しました(7620)
2025/05/14 19:11:13 開始します(7116)
2025/05/14 19:11:13 非実行(7116)
2025/05/14 19:11:13 実行中(7116)
2025/05/14 19:33:08 終了しました(7116)
2025/05/15 20:34:25 開始します(5832)
2025/05/15 20:34:25 非実行(5832)
2025/05/15 20:34:25 実行中(5832)
2025/05/15 21:02:50 終了しました(5832)
2025/05/16 19:27:05 開始します(5624)
2025/05/16 19:27:05 非実行(5624)
2025/05/16 19:27:05 実行中(5624)
2025/05/16 19:54:38 終了しました(5624)
2025/05/17 19:15:08 開始します(6484)
2025/05/17 19:15:08 非実行(6484)
2025/05/17 19:15:08 実行中(6484)
2025/05/17 19:37:03 終了しました(6484)
2025/05/18 19:13:21 開始します(4344)
2025/05/18 19:13:21 非実行(4344)
2025/05/18 19:13:21 実行中(4344)
2025/05/18 19:35:03 終了しました(4344)
2025/05/19 19:26:53 開始します(5084)
2025/05/19 19:26:53 非実行(5084)
2025/05/19 19:26:53 実行中(5084)
2025/05/19 19:54:16 終了しました(5084)
2025/05/20 19:16:11 開始します(432)
2025/05/20 19:16:11 非実行(432)
2025/05/20 19:16:11 実行中(432)
2025/05/20 19:38:41 終了しました(432)
2025/05/21 19:22:00 開始します(5836)
2025/05/21 19:22:00 非実行(5836)
2025/05/21 19:22:00 実行中(5836)
2025/05/21 19:47:38 終了しました(5836)
2025/05/23 19:20:11 開始します(6652)
2025/05/23 19:20:11 非実行(6652)
2025/05/23 19:20:11 実行中(6652)
2025/05/23 19:45:19 終了しました(6652)
2025/05/24 19:17:16 開始します(5088)
2025/05/24 19:17:16 非実行(5088)
2025/05/24 19:17:16 実行中(5088)
2025/05/24 19:42:05 終了しました(5088)
2025/05/25 19:14:51 開始します(6104)
2025/05/25 19:14:51 非実行(6104)
2025/05/25 19:14:51 実行中(6104)
2025/05/25 19:39:29 終了しました(6104)
2025/05/26 19:14:45 開始します(4400)
2025/05/26 19:14:45 非実行(4400)
2025/05/26 19:14:45 実行中(4400)
2025/05/26 19:41:10 終了しました(4400)
2025/05/27 19:15:01 開始します(2356)
2025/05/27 19:15:01 非実行(2356)
2025/05/27 19:15:01 実行中(2356)
2025/05/27 19:40:25 終了しました(2356)
2025/05/28 19:17:54 開始します(5824)
2025/05/28 19:17:54 非実行(5824)
2025/05/28 19:17:54 実行中(5824)
2025/05/28 19:45:42 終了しました(5824)
2025/05/29 19:15:05 開始します(6556)
2025/05/29 19:15:05 非実行(6556)
2025/05/29 19:15:05 実行中(6556)
2025/05/29 19:40:16 終了しました(6556)
2025/05/30 19:15:38 開始します(520)
2025/05/30 19:15:38 非実行(520)
2025/05/30 19:15:38 実行中(520)
2025/05/30 19:41:30 終了しました(520)
2025/05/31 19:12:29 開始します(5792)
2025/05/31 19:12:29 非実行(5792)
2025/05/31 19:12:29 実行中(5792)
2025/05/31 19:37:13 終了しました(5792)
2025/06/01 19:09:45 開始します(4308)
2025/06/01 19:09:45 非実行(4308)
2025/06/01 19:09:45 実行中(4308)
2025/06/01 19:33:59 終了しました(4308)
2025/06/02 19:10:38 開始します(3564)
2025/06/02 19:10:38 非実行(3564)
2025/06/02 19:10:38 実行中(3564)
2025/06/02 19:37:12 終了しました(3564)
2025/06/03 19:20:40 開始します(3772)
2025/06/03 19:20:40 非実行(3772)
2025/06/03 19:20:40 実行中(3772)
2025/06/03 19:47:36 終了しました(3772)
2025/06/04 19:23:04 開始します(976)
2025/06/04 19:23:04 非実行(976)
2025/06/04 19:23:04 実行中(976)
2025/06/04 19:51:45 終了しました(976)
2025/06/05 19:20:24 開始します(4016)
2025/06/05 19:20:24 非実行(4016)
2025/06/05 19:20:24 実行中(4016)
2025/06/05 19:45:23 終了しました(4016)
2025/06/06 19:19:11 開始します(5544)
2025/06/06 19:19:11 非実行(5544)
2025/06/06 19:19:11 実行中(5544)
2025/06/06 19:44:05 終了しました(5544)
2025/06/07 19:17:22 開始します(1256)
2025/06/07 19:17:22 非実行(1256)
2025/06/07 19:17:22 実行中(1256)
2025/06/07 19:41:59 終了しました(1256)
2025/06/08 19:16:45 開始します(1008)
2025/06/08 19:16:45 非実行(1008)
2025/06/08 19:16:45 実行中(1008)
2025/06/08 19:41:53 終了しました(1008)
2025/06/09 19:17:03 開始します(6224)
2025/06/09 19:17:03 非実行(6224)
2025/06/09 19:17:03 実行中(6224)
2025/06/09 19:43:22 終了しました(6224)
2025/06/10 19:19:31 開始します(4380)
2025/06/10 19:19:31 非実行(4380)
2025/06/10 19:19:31 実行中(4380)
2025/06/10 19:45:49 終了しました(4380)
2025/06/11 19:30:55 開始します(1808)
2025/06/11 19:30:55 非実行(1808)
2025/06/11 19:30:55 実行中(1808)
2025/06/11 19:59:34 終了しました(1808)
2025/06/12 19:29:52 開始します(6120)
2025/06/12 19:29:52 非実行(6120)
2025/06/12 19:29:52 実行中(6120)
2025/06/12 19:54:49 終了しました(6120)
2025/06/13 19:35:31 開始します(4000)
2025/06/13 19:35:31 非実行(4000)
2025/06/13 19:35:31 実行中(4000)
2025/06/13 20:00:18 終了しました(4000)
2025/06/14 19:28:35 開始します(260)
2025/06/14 19:28:35 非実行(260)
2025/06/14 19:28:35 実行中(260)
2025/06/14 19:53:18 終了しました(260)
2025/06/15 19:25:09 開始します(4920)
2025/06/15 19:25:09 非実行(4920)
2025/06/15 19:25:09 実行中(4920)
2025/06/15 19:49:39 終了しました(4920)
2025/06/16 19:27:29 開始します(4396)
2025/06/16 19:27:29 非実行(4396)
2025/06/16 19:27:29 実行中(4396)
2025/06/16 19:54:34 終了しました(4396)
2025/06/17 19:29:19 開始します(5612)
2025/06/17 19:29:19 非実行(5612)
2025/06/17 19:29:19 実行中(5612)
2025/06/17 19:55:21 終了しました(5612)
2025/06/18 19:35:17 開始します(6132)
2025/06/18 19:35:17 非実行(6132)
2025/06/18 19:35:17 実行中(6132)
2025/06/18 20:04:02 終了しました(6132)
2025/06/19 19:31:41 開始します(7232)
2025/06/19 19:31:41 非実行(7232)
2025/06/19 19:31:41 実行中(7232)
2025/06/19 19:55:35 終了しました(7232)
2025/06/20 19:30:48 開始します(6336)
2025/06/20 19:30:48 非実行(6336)
2025/06/20 19:30:48 実行中(6336)
2025/06/20 19:55:14 終了しました(6336)
2025/06/21 19:28:11 開始します(828)
2025/06/21 19:28:11 非実行(828)
2025/06/21 19:28:11 実行中(828)
2025/06/21 19:52:31 終了しました(828)
2025/06/22 19:25:28 開始します(5168)
2025/06/22 19:25:28 非実行(5168)
2025/06/22 19:25:28 実行中(5168)
2025/06/22 19:49:18 終了しました(5168)
2025/06/23 19:27:20 開始します(1880)
2025/06/23 19:27:20 非実行(1880)
2025/06/23 19:27:20 実行中(1880)
2025/06/23 19:53:21 終了しました(1880)
2025/06/24 19:28:26 開始します(4008)
2025/06/24 19:28:26 非実行(4008)
2025/06/24 19:28:26 実行中(4008)
2025/06/24 19:53:53 終了しました(4008)
2025/06/25 19:29:21 開始します(5524)
2025/06/25 19:29:21 非実行(5524)
2025/06/25 19:29:21 実行中(5524)
2025/06/25 19:57:25 終了しました(5524)
2025/06/26 19:23:51 開始します(5316)
2025/06/26 19:23:51 非実行(5316)
2025/06/26 19:23:51 実行中(5316)
2025/06/26 19:47:19 終了しました(5316)
2025/06/27 19:21:57 開始します(2124)
2025/06/27 19:21:57 非実行(2124)
2025/06/27 19:21:57 実行中(2124)
2025/06/27 19:46:11 終了しました(2124)
2025/06/28 19:20:02 開始します(5672)
2025/06/28 19:20:02 非実行(5672)
2025/06/28 19:20:02 実行中(5672)
2025/06/28 19:43:27 終了しました(5672)
2025/06/29 19:16:25 開始します(1544)
2025/06/29 19:16:25 非実行(1544)
2025/06/29 19:16:25 実行中(1544)
2025/06/29 19:40:24 終了しました(1544)
2025/06/30 19:15:56 開始します(5580)
2025/06/30 19:15:56 非実行(5580)
2025/06/30 19:15:56 実行中(5580)
2025/06/30 19:41:10 終了しました(5580)
2025/07/01 19:21:24 開始します(6744)
2025/07/01 19:21:24 非実行(6744)
2025/07/01 19:21:24 実行中(6744)
2025/07/01 19:49:02 終了しました(6744)
2025/07/02 19:21:53 開始します(1216)
2025/07/02 19:21:53 非実行(1216)
2025/07/02 19:21:53 実行中(1216)
2025/07/02 19:50:42 終了しました(1216)
2025/07/03 19:15:00 開始します(6052)
2025/07/03 19:15:00 非実行(6052)
2025/07/03 19:15:00 実行中(6052)
2025/07/03 19:39:00 終了しました(6052)
2025/07/04 19:15:31 開始します(6740)
2025/07/04 19:15:31 非実行(6740)
2025/07/04 19:15:31 実行中(6740)
2025/07/04 19:40:55 終了しました(6740)
2025/07/05 19:14:01 開始します(4316)
2025/07/05 19:14:01 非実行(4316)
2025/07/05 19:14:01 実行中(4316)
2025/07/05 19:38:05 終了しました(4316)
2025/07/06 19:12:27 開始します(2444)
2025/07/06 19:12:27 非実行(2444)
2025/07/06 19:12:27 実行中(2444)
2025/07/06 19:36:28 終了しました(2444)
2025/07/07 19:20:02 開始します(4980)
2025/07/07 19:20:02 非実行(4980)
2025/07/07 19:20:02 実行中(4980)
2025/07/07 19:49:45 終了しました(4980)
2025/07/08 19:27:01 開始します(1292)
2025/07/08 19:27:01 非実行(1292)
2025/07/08 19:27:01 実行中(1292)
2025/07/08 19:54:46 終了しました(1292)
2025/07/09 19:29:33 開始します(5160)
2025/07/09 19:29:33 非実行(5160)
2025/07/09 19:29:33 実行中(5160)
2025/07/09 20:00:18 終了しました(5160)
2025/07/10 19:22:44 開始します(1176)
2025/07/10 19:22:44 非実行(1176)
2025/07/10 19:22:44 実行中(1176)
2025/07/10 19:47:42 終了しました(1176)
2025/07/11 19:23:33 開始します(968)
2025/07/11 19:23:33 非実行(968)
2025/07/11 19:23:33 実行中(968)
2025/07/11 19:49:05 終了しました(968)
2025/07/12 19:22:25 開始します(2904)
2025/07/12 19:22:25 非実行(2904)
2025/07/12 19:22:25 実行中(2904)
2025/07/12 19:47:13 終了しました(2904)
2025/07/13 19:21:18 開始します(5140)
2025/07/13 19:21:18 非実行(5140)
2025/07/13 19:21:18 実行中(5140)
2025/07/13 19:46:30 終了しました(5140)
2025/07/14 19:26:48 開始します(1192)
2025/07/14 19:26:48 非実行(1192)
2025/07/14 19:26:48 実行中(1192)
2025/07/14 19:56:14 終了しました(1192)
2025/07/15 19:25:01 開始します(2800)
2025/07/15 19:25:01 非実行(2800)
2025/07/15 19:25:01 実行中(2800)
2025/07/15 19:51:38 終了しました(2800)
2025/07/16 19:29:37 開始します(5012)
2025/07/16 19:29:37 非実行(5012)
2025/07/16 19:29:37 実行中(5012)
2025/07/16 19:59:00 終了しました(5012)
2025/07/17 19:24:38 開始します(6760)
2025/07/17 19:24:38 非実行(6760)
2025/07/17 19:24:38 実行中(6760)
2025/07/17 19:49:58 終了しました(6760)
2025/07/18 19:23:50 開始します(2520)
2025/07/18 19:23:50 非実行(2520)
2025/07/18 19:23:50 実行中(2520)
2025/07/18 19:50:59 終了しました(2520)
2025/07/19 19:24:09 開始します(2768)
2025/07/19 19:24:09 非実行(2768)
2025/07/19 19:24:09 実行中(2768)
2025/07/19 19:50:18 終了しました(2768)
2025/07/20 19:22:36 開始します(5988)
2025/07/20 19:22:36 非実行(5988)
2025/07/20 19:22:36 実行中(5988)
2025/07/20 19:49:03 終了しました(5988)
2025/07/21 19:28:55 開始します(4168)
2025/07/21 19:28:55 非実行(4168)
2025/07/21 19:28:55 実行中(4168)
2025/07/21 19:57:48 終了しました(4168)
2025/07/22 19:30:02 開始します(2924)
2025/07/22 19:30:02 非実行(2924)
2025/07/22 19:30:02 実行中(2924)
2025/07/22 19:58:34 終了しました(2924)
2025/07/23 19:30:43 開始します(5260)
2025/07/23 19:30:43 非実行(5260)
2025/07/23 19:30:43 実行中(5260)
2025/07/23 20:00:53 終了しました(5260)
2025/07/24 19:23:31 開始します(3484)
2025/07/24 19:23:31 非実行(3484)
2025/07/24 19:23:31 実行中(3484)
2025/07/24 19:49:27 終了しました(3484)
2025/07/25 19:26:30 開始します(5600)
2025/07/25 19:26:30 非実行(5600)
2025/07/25 19:26:30 実行中(5600)
2025/07/25 19:55:07 終了しました(5600)
2025/07/26 19:23:29 開始します(900)
2025/07/26 19:23:29 非実行(900)
2025/07/26 19:23:29 実行中(900)
2025/07/26 19:50:58 終了しました(900)
2025/07/27 19:20:53 開始します(4076)
2025/07/27 19:20:53 非実行(4076)
2025/07/27 19:20:53 実行中(4076)
2025/07/27 19:49:04 終了しました(4076)
2025/07/28 19:25:29 開始します(6284)
2025/07/28 19:25:29 非実行(6284)
2025/07/28 19:25:29 実行中(6284)
2025/07/28 19:57:14 終了しました(6284)
2025/07/29 19:23:55 開始します(6200)
2025/07/29 19:23:55 非実行(6200)
2025/07/29 19:23:55 実行中(6200)
2025/07/29 19:53:47 終了しました(6200)
2025/07/30 19:24:54 開始します(5164)
2025/07/30 19:24:54 非実行(5164)
2025/07/30 19:24:54 実行中(5164)
2025/07/30 19:56:25 終了しました(5164)
2025/07/31 19:18:50 開始します(5992)
2025/07/31 19:18:50 非実行(5992)
2025/07/31 19:18:50 実行中(5992)
2025/07/31 19:45:27 終了しました(5992)
2025/08/01 19:18:30 開始します(2872)
2025/08/01 19:18:30 非実行(2872)
2025/08/01 19:18:30 実行中(2872)
2025/08/01 19:45:48 終了しました(2872)
2025/08/02 19:15:37 開始します(5040)
2025/08/02 19:15:37 非実行(5040)
2025/08/02 19:15:37 実行中(5040)
2025/08/02 19:42:13 終了しました(5040)
2025/08/03 19:13:40 開始します(4104)
2025/08/03 19:13:40 非実行(4104)
2025/08/03 19:13:40 実行中(4104)
2025/08/03 19:40:00 終了しました(4104)
2025/08/04 19:17:43 開始します(5788)
2025/08/04 19:17:43 非実行(5788)
2025/08/04 19:17:43 実行中(5788)
2025/08/04 19:48:45 終了しました(5788)
2025/08/05 19:22:13 開始します(1360)
2025/08/05 19:22:13 非実行(1360)
2025/08/05 19:22:13 実行中(1360)
2025/08/05 19:50:54 終了しました(1360)
2025/08/06 19:27:36 開始します(5848)
2025/08/06 19:27:36 非実行(5848)
2025/08/06 19:27:36 実行中(5848)
2025/08/06 19:58:58 終了しました(5848)
2025/08/07 19:19:50 開始します(4792)
2025/08/07 19:19:50 非実行(4792)
2025/08/07 19:19:50 実行中(4792)
2025/08/07 19:45:20 終了しました(4792)
2025/08/08 19:24:02 開始します(4296)
2025/08/08 19:24:02 非実行(4296)
2025/08/08 19:24:02 実行中(4296)
2025/08/08 19:51:14 終了しました(4296)
2025/08/09 19:21:46 開始します(4944)
2025/08/09 19:21:46 非実行(4944)
2025/08/09 19:21:46 実行中(4944)
2025/08/09 19:48:15 終了しました(4944)
2025/08/10 19:19:24 開始します(6944)
2025/08/10 19:19:24 非実行(6944)
2025/08/10 19:19:24 実行中(6944)
2025/08/10 19:45:42 終了しました(6944)
2025/08/11 19:20:29 開始します(5524)
2025/08/11 19:20:29 非実行(5524)
2025/08/11 19:20:29 実行中(5524)
2025/08/11 19:47:29 終了しました(5524)
2025/08/12 19:24:24 開始します(7112)
2025/08/12 19:24:24 非実行(7112)
2025/08/12 19:24:24 実行中(7112)
2025/08/12 19:53:30 終了しました(7112)
2025/08/13 19:28:11 開始します(5300)
2025/08/13 19:28:11 非実行(5300)
2025/08/13 19:28:11 実行中(5300)
2025/08/13 19:59:32 終了しました(5300)
2025/08/14 19:26:53 開始します(3656)
2025/08/14 19:26:53 非実行(3656)
2025/08/14 19:26:53 実行中(3656)
2025/08/14 19:53:24 終了しました(3656)
2025/08/15 19:24:58 開始します(4244)
2025/08/15 19:24:58 非実行(4244)
2025/08/15 19:24:58 実行中(4244)
2025/08/15 19:51:21 終了しました(4244)
2025/08/16 19:23:10 開始します(8)
2025/08/16 19:23:10 非実行(8)
2025/08/16 19:23:10 実行中(8)
2025/08/16 19:49:05 終了しました(8)
2025/08/17 19:20:53 開始します(4148)
2025/08/17 19:20:53 非実行(4148)
2025/08/17 19:20:53 実行中(4148)
2025/08/17 19:47:03 終了しました(4148)
2025/08/18 19:28:43 開始します(5912)
2025/08/18 19:28:43 非実行(5912)
2025/08/18 19:28:43 実行中(5912)
2025/08/18 19:58:29 終了しました(5912)
2025/08/19 19:26:58 開始します(4752)
2025/08/19 19:26:58 非実行(4752)
2025/08/19 19:26:58 実行中(4752)
2025/08/19 19:54:23 終了しました(4752)
2025/08/20 19:32:09 開始します(3580)
2025/08/20 19:32:09 非実行(3580)
2025/08/20 19:32:09 実行中(3580)
2025/08/20 20:02:15 終了しました(3580)
2025/08/21 19:27:10 開始します(5708)
2025/08/21 19:27:10 非実行(5708)
2025/08/21 19:27:10 実行中(5708)
2025/08/21 19:52:58 終了しました(5708)
2025/08/22 19:27:05 開始します(5360)
2025/08/22 19:27:05 非実行(5360)
2025/08/22 19:27:05 実行中(5360)
2025/08/22 19:53:13 終了しました(5360)
2025/08/23 19:24:27 開始します(1948)
2025/08/23 19:24:27 非実行(1948)
2025/08/23 19:24:27 実行中(1948)
2025/08/23 19:50:26 終了しました(1948)
2025/08/24 19:19:35 開始します(5352)
2025/08/24 19:19:35 非実行(5352)
2025/08/24 19:19:35 実行中(5352)
2025/08/24 19:44:47 終了しました(5352)
2025/08/25 19:22:31 開始します(1144)
2025/08/25 19:22:31 非実行(1144)
2025/08/25 19:22:31 実行中(1144)
2025/08/25 19:50:20 終了しました(1144)
2025/08/26 19:25:12 開始します(3472)
2025/08/26 19:25:12 非実行(3472)
2025/08/26 19:25:12 実行中(3472)
2025/08/26 19:51:40 終了しました(3472)
2025/08/27 19:25:32 開始します(4832)
2025/08/27 19:25:32 非実行(4832)
2025/08/27 19:25:32 実行中(4832)
2025/08/27 19:53:27 終了しました(4832)
2025/08/28 19:19:41 開始します(1872)
2025/08/28 19:19:41 非実行(1872)
2025/08/28 19:19:41 実行中(1872)
2025/08/28 19:44:01 終了しました(1872)
2025/08/29 19:20:39 開始します(6128)
2025/08/29 19:20:39 非実行(6128)
2025/08/29 19:20:39 実行中(6128)
2025/08/29 19:46:58 終了しました(6128)
2025/08/30 19:17:39 開始します(6088)
2025/08/30 19:17:39 非実行(6088)
2025/08/30 19:17:39 実行中(6088)
2025/08/30 19:43:00 終了しました(6088)
2025/08/31 19:14:26 開始します(5656)
2025/08/31 19:14:26 非実行(5656)
2025/08/31 19:14:26 実行中(5656)
2025/08/31 19:39:20 終了しました(5656)
2025/09/01 19:16:03 開始します(4416)
2025/09/01 19:16:03 非実行(4416)
2025/09/01 19:16:03 実行中(4416)
2025/09/01 19:42:16 終了しました(4416)
2025/09/02 19:14:59 開始します(5832)
2025/09/02 19:14:59 非実行(5832)
2025/09/02 19:14:59 実行中(5832)
2025/09/02 19:41:23 終了しました(5832)
2025/09/03 19:16:19 開始します(5412)
2025/09/03 19:16:19 非実行(5412)
2025/09/03 19:16:19 実行中(5412)
2025/09/03 19:44:48 終了しました(5412)
2025/09/04 19:10:19 開始します(6984)
2025/09/04 19:10:19 非実行(6984)
2025/09/04 19:10:19 実行中(6984)
2025/09/04 19:34:00 終了しました(6984)
2025/09/05 19:08:59 開始します(3556)
2025/09/05 19:08:59 非実行(3556)
2025/09/05 19:08:59 実行中(3556)
2025/09/05 19:32:46 終了しました(3556)
2025/09/06 19:08:23 開始します(3532)
2025/09/06 19:08:23 非実行(3532)
2025/09/06 19:08:23 実行中(3532)
2025/09/06 19:31:59 終了しました(3532)
2025/09/07 19:06:17 開始します(2280)
2025/09/07 19:06:17 非実行(2280)
2025/09/07 19:06:17 実行中(2280)
2025/09/07 19:29:39 終了しました(2280)
2025/09/08 19:12:07 開始します(2712)
2025/09/08 19:12:07 非実行(2712)
2025/09/08 19:12:07 実行中(2712)
2025/09/08 19:39:47 終了しました(2712)
2025/09/09 19:16:55 開始します(1780)
2025/09/09 19:16:55 非実行(1780)
2025/09/09 19:16:55 実行中(1780)
2025/09/09 19:42:19 終了しました(1780)
2025/09/10 19:21:25 開始します(5876)
2025/09/10 19:21:25 非実行(5876)
2025/09/10 19:21:25 実行中(5876)
2025/09/10 19:49:34 終了しました(5876)
2025/09/11 19:16:22 開始します(5344)
2025/09/11 19:16:22 非実行(5344)
2025/09/11 19:16:22 実行中(5344)
2025/09/11 19:39:56 終了しました(5344)
2025/09/12 19:16:04 開始します(6488)
2025/09/12 19:16:04 非実行(6488)
2025/09/12 19:16:04 実行中(6488)
2025/09/12 19:39:52 終了しました(6488)
2025/09/13 19:14:34 開始します(4496)
2025/09/13 19:14:34 非実行(4496)
2025/09/13 19:14:34 実行中(4496)
2025/09/13 19:38:08 終了しました(4496)
2025/09/14 19:12:26 開始します(1336)
2025/09/14 19:12:26 非実行(1336)
2025/09/14 19:12:26 実行中(1336)
2025/09/14 19:35:58 終了しました(1336)
2025/09/15 19:18:08 開始します(6544)
2025/09/15 19:18:08 非実行(6544)
2025/09/15 19:18:08 実行中(6544)
2025/09/15 19:44:41 終了しました(6544)
2025/09/16 19:21:29 開始します(5540)
2025/09/16 19:21:29 非実行(5540)
2025/09/16 19:21:29 実行中(5540)
2025/09/16 19:47:30 終了しました(5540)
2025/09/17 19:23:36 開始します(5020)
2025/09/17 19:23:36 非実行(5020)
2025/09/17 19:23:36 実行中(5020)
2025/09/17 19:51:44 終了しました(5020)
2025/09/18 19:21:58 開始します(4816)
2025/09/18 19:21:58 非実行(4816)
2025/09/18 19:21:58 実行中(4816)
2025/09/18 19:46:36 終了しました(4816)
2025/09/19 19:21:16 開始します(6844)
2025/09/19 19:21:16 非実行(6844)
2025/09/19 19:21:16 実行中(6844)
2025/09/19 19:46:26 終了しました(6844)
2025/09/20 19:18:28 開始します(3332)
2025/09/20 19:18:28 非実行(3332)
2025/09/20 19:18:28 実行中(3332)
2025/09/20 19:42:37 終了しました(3332)
2025/09/21 19:16:19 開始します(4704)
2025/09/21 19:16:19 非実行(4704)
2025/09/21 19:16:19 実行中(4704)
2025/09/21 19:40:19 終了しました(4704)
2025/09/22 19:19:37 開始します(3912)
2025/09/22 19:19:37 非実行(3912)
2025/09/22 19:19:37 実行中(3912)
2025/09/22 19:46:22 終了しました(3912)
2025/09/23 19:22:28 開始します(1152)
2025/09/23 19:22:28 非実行(1152)
2025/09/23 19:22:28 実行中(1152)
2025/09/23 19:49:50 終了しました(1152)
2025/09/24 19:21:34 開始します(5464)
2025/09/24 19:21:34 非実行(5464)
2025/09/24 19:21:34 実行中(5464)
2025/09/24 19:49:06 終了しました(5464)
2025/09/25 19:15:57 開始します(996)
2025/09/25 19:15:57 非実行(996)
2025/09/25 19:15:57 実行中(996)
2025/09/25 19:39:58 終了しました(996)
2025/09/26 19:14:43 開始します(1012)
2025/09/26 19:14:43 非実行(1012)
2025/09/26 19:14:43 実行中(1012)
2025/09/26 19:39:10 終了しました(1012)
2025/09/27 19:11:48 開始します(4152)
2025/09/27 19:11:48 非実行(4152)
2025/09/27 19:11:48 実行中(4152)
2025/09/27 19:36:07 終了しました(4152)
2025/09/28 19:08:56 開始します(2104)
2025/09/28 19:08:56 非実行(2104)
2025/09/28 19:08:56 実行中(2104)
2025/09/28 19:32:41 終了しました(2104)
2025/09/29 19:12:26 開始します(212)
2025/09/29 19:12:26 非実行(212)
2025/09/29 19:12:26 実行中(212)
2025/09/29 19:39:24 終了しました(212)
2025/09/30 19:13:02 開始します(6720)
2025/09/30 19:13:02 非実行(6720)
2025/09/30 19:13:02 実行中(6720)
2025/09/30 19:39:33 終了しました(6720)
2025/10/01 19:16:29 開始します(6452)
2025/10/01 19:16:29 非実行(6452)
2025/10/01 19:16:29 実行中(6452)
2025/10/01 19:45:57 終了しました(6452)
2025/10/02 19:09:20 開始します(1516)
2025/10/02 19:09:20 非実行(1516)
2025/10/02 19:09:20 実行中(1516)
2025/10/02 19:33:38 終了しました(1516)
2025/10/03 19:10:39 開始します(2128)
2025/10/03 19:10:39 非実行(2128)
2025/10/03 19:10:39 実行中(2128)
2025/10/03 19:35:07 終了しました(2128)
2025/10/04 19:09:26 開始します(1144)
2025/10/04 19:09:26 非実行(1144)
2025/10/04 19:09:26 実行中(1144)
2025/10/04 19:33:59 終了しました(1144)
2025/10/05 19:07:30 開始します(5192)
2025/10/05 19:07:30 非実行(5192)
2025/10/05 19:07:30 実行中(5192)
2025/10/05 19:31:30 終了しました(5192)
2025/10/06 19:10:14 開始します(6000)
2025/10/06 19:10:14 非実行(6000)
2025/10/06 19:10:14 実行中(6000)
2025/10/06 19:37:16 終了しました(6000)
2025/10/07 19:20:24 開始します(5428)
2025/10/07 19:20:24 非実行(5428)
2025/10/07 19:20:24 実行中(5428)
2025/10/07 19:49:58 終了しました(5428)
2025/10/08 19:24:01 開始します(5216)
2025/10/08 19:24:01 非実行(5216)
2025/10/08 19:24:01 実行中(5216)
2025/10/08 19:56:26 終了しました(5216)
2025/10/09 19:19:23 開始します(5584)
2025/10/09 19:19:23 非実行(5584)
2025/10/09 19:19:23 実行中(5584)
2025/10/09 19:47:28 終了しました(5584)
2025/10/10 19:18:43 開始します(3940)
2025/10/10 19:18:43 非実行(3940)
2025/10/10 19:18:43 実行中(3940)
2025/10/10 19:47:02 終了しました(3940)
2025/10/11 19:17:47 開始します(4440)
2025/10/11 19:17:47 非実行(4440)
2025/10/11 19:17:47 実行中(4440)
2025/10/11 19:46:45 終了しました(4440)
2025/10/12 19:15:06 開始します(3592)
2025/10/12 19:15:06 非実行(3592)
2025/10/12 19:15:06 実行中(3592)
2025/10/12 19:42:42 終了しました(3592)
2025/10/13 19:21:17 開始します(1064)
2025/10/13 19:21:17 非実行(1064)
2025/10/13 19:21:17 実行中(1064)
2025/10/13 19:51:52 終了しました(1064)
2025/10/14 19:29:59 開始します(5444)
2025/10/14 19:29:59 非実行(5444)
2025/10/14 19:29:59 実行中(5444)
2025/10/14 20:00:18 終了しました(5444)
2025/10/15 19:32:33 開始します(5888)
2025/10/15 19:32:33 非実行(5888)
2025/10/15 19:32:33 実行中(5888)
2025/10/15 20:05:21 終了しました(5888)
2025/10/16 19:30:56 開始します(4576)
2025/10/16 19:30:56 非実行(4576)
2025/10/16 19:30:56 実行中(4576)
2025/10/16 20:00:02 終了しました(4576)
2025/10/17 19:30:01 開始します(2936)
2025/10/17 19:30:01 非実行(2936)
2025/10/17 19:30:01 実行中(2936)
2025/10/17 19:59:42 終了しました(2936)
2025/10/18 19:29:29 開始します(2456)
2025/10/18 19:29:29 非実行(2456)
2025/10/18 19:29:29 実行中(2456)
2025/10/18 19:59:43 終了しました(2456)
2025/10/19 19:26:58 開始します(3748)
2025/10/19 19:26:58 非実行(3748)
2025/10/19 19:26:58 実行中(3748)
2025/10/19 19:55:58 終了しました(3748)
2025/10/20 19:29:22 開始します(7128)
2025/10/20 19:29:22 非実行(7128)
2025/10/20 19:29:22 実行中(7128)
2025/10/20 20:00:25 終了しました(7128)
2025/10/21 19:38:29 開始します(3732)
2025/10/21 19:38:29 非実行(3732)
2025/10/21 19:38:29 実行中(3732)
2025/10/21 20:11:09 終了しました(3732)
2025/10/22 19:43:57 開始します(1408)
2025/10/22 19:43:57 非実行(1408)
2025/10/22 19:43:57 実行中(1408)
2025/10/22 20:18:38 終了しました(1408)
2025/10/23 19:38:32 開始します(7120)
2025/10/23 19:38:32 非実行(7120)
2025/10/23 19:38:32 実行中(7120)
2025/10/23 20:08:39 終了しました(7120)
2025/10/24 19:41:04 開始します(6188)
2025/10/24 19:41:04 非実行(6188)
2025/10/24 19:41:04 実行中(6188)
2025/10/24 20:12:18 終了しました(6188)
2025/10/25 19:36:36 開始します(3856)
2025/10/25 19:36:36 非実行(3856)
2025/10/25 19:36:36 実行中(3856)
2025/10/25 20:07:18 終了しました(3856)
2025/10/26 19:33:24 開始します(6248)
2025/10/26 19:33:24 非実行(6248)
2025/10/26 19:33:24 実行中(6248)
2025/10/26 20:04:05 終了しました(6248)
2025/10/27 19:35:03 開始します(7068)
2025/10/27 19:35:03 非実行(7068)
2025/10/27 19:35:03 実行中(7068)
2025/10/27 20:08:41 終了しました(7068)
