2018/10/02 16:16:53 開始します(3012)
2018/10/02 16:16:53 非実行(3012)
2018/10/02 16:16:53 実行中(3012)
2018/10/02 16:17:02 終了しました(3012)
2019/04/04 22:56:34 開始します(3224)
2019/04/04 22:56:34 非実行(3224)
2019/04/04 22:56:34 実行中(3224)
2019/04/04 22:56:42 終了しました(3224)
2019/04/05 22:55:15 開始します(460)
2019/04/05 22:55:15 非実行(460)
2019/04/05 22:55:15 実行中(460)
2019/04/05 22:55:24 終了しました(460)
2019/04/08 23:18:02 開始します(2076)
2019/04/08 23:18:02 非実行(2076)
2019/04/08 23:18:02 実行中(2076)
2019/04/08 23:18:10 終了しました(2076)
2019/04/09 22:46:09 開始します(6956)
2019/04/09 22:46:09 非実行(6956)
2019/04/09 22:46:09 実行中(6956)
2019/04/09 22:46:18 終了しました(6956)
2019/04/10 23:01:48 開始します(5188)
2019/04/10 23:01:48 非実行(5188)
2019/04/10 23:01:48 実行中(5188)
2019/04/10 23:01:56 終了しました(5188)
2019/04/13 01:55:37 開始します(6000)
2019/04/13 01:55:37 非実行(6000)
2019/04/13 01:55:37 実行中(6000)
2019/04/13 01:55:43 終了しました(6000)
2019/04/18 03:12:11 開始します(772)
2019/04/18 03:12:11 非実行(772)
2019/04/18 03:12:11 実行中(772)
2019/04/18 03:12:22 終了しました(772)
2019/04/20 14:39:48 開始します(2884)
2019/04/20 14:39:48 非実行(2884)
2019/04/20 14:39:48 実行中(2884)
2019/04/20 14:39:59 終了しました(2884)
2019/04/24 23:11:59 開始します(2468)
2019/04/24 23:11:59 非実行(2468)
2019/04/24 23:11:59 実行中(2468)
2019/04/24 23:12:08 終了しました(2468)
2019/04/25 21:35:05 開始します(4220)
2019/04/25 21:35:05 非実行(4220)
2019/04/25 21:35:05 実行中(4220)
2019/04/25 21:35:14 終了しました(4220)
2019/04/29 05:38:13 開始します(1268)
2019/04/29 05:38:13 非実行(1268)
2019/04/29 05:38:13 実行中(1268)
2019/04/29 05:38:24 終了しました(1268)
2019/05/07 02:21:10 開始します(2540)
2019/05/07 02:21:10 非実行(2540)
2019/05/07 02:21:10 実行中(2540)
2019/05/07 02:21:18 終了しました(2540)
2019/05/08 19:38:37 開始します(5164)
2019/05/08 19:38:37 非実行(5164)
2019/05/08 19:38:37 実行中(5164)
2019/05/08 19:38:44 終了しました(5164)
2019/05/09 20:43:07 開始します(7540)
2019/05/09 20:43:07 非実行(7540)
2019/05/09 20:43:07 実行中(7540)
2019/05/09 20:43:15 終了しました(7540)
2019/05/10 11:18:54 開始します(8672)
2019/05/10 11:18:54 非実行(8672)
2019/05/10 11:18:54 実行中(8672)
2019/05/10 11:19:00 終了しました(8672)
2019/05/24 03:00:56 開始します(5460)
2019/05/24 03:00:56 非実行(5460)
2019/05/24 03:00:56 実行中(5460)
2019/05/24 03:01:03 終了しました(5460)
2019/05/29 03:02:11 開始します(7616)
2019/05/29 03:02:11 非実行(7616)
2019/05/29 03:02:11 実行中(7616)
2019/05/29 03:02:18 終了しました(7616)
2019/06/17 20:35:53 開始します(12232)
2019/06/17 20:35:53 非実行(12232)
2019/06/17 20:35:53 実行中(12232)
2019/06/17 20:35:59 終了しました(12232)
2019/06/25 21:40:55 開始します(10756)
2019/06/25 21:40:55 非実行(10756)
2019/06/25 21:40:55 実行中(10756)
2019/06/25 21:41:02 終了しました(10756)
2019/06/27 02:20:55 開始します(4488)
2019/06/27 02:20:55 非実行(4488)
2019/06/27 02:20:55 実行中(4488)
2019/06/27 02:21:02 終了しました(4488)
2019/06/27 21:50:42 開始します(9072)
2019/06/27 21:50:42 非実行(9072)
2019/06/27 21:50:42 実行中(9072)
2019/06/27 21:50:49 終了しました(9072)
2019/06/28 21:11:36 開始します(10216)
2019/06/28 21:11:36 非実行(10216)
2019/06/28 21:11:36 実行中(10216)
2019/06/28 21:11:43 終了しました(10216)
2019/07/04 16:05:33 開始します(5264)
2019/07/04 16:05:33 非実行(5264)
2019/07/04 16:05:33 実行中(5264)
2019/07/04 16:05:41 終了しました(5264)
2019/07/09 22:11:17 開始します(11100)
2019/07/09 22:11:17 非実行(11100)
2019/07/09 22:11:17 実行中(11100)
2019/07/09 22:11:24 終了しました(11100)
2019/07/11 03:46:17 開始します(5764)
2019/07/11 03:46:17 非実行(5764)
2019/07/11 03:46:17 実行中(5764)
2019/07/11 03:46:24 終了しました(5764)
2019/07/22 22:34:06 開始します(6708)
2019/07/22 22:34:06 非実行(6708)
2019/07/22 22:34:06 実行中(6708)
2019/07/22 22:34:13 終了しました(6708)
2019/07/23 17:29:27 開始します(9460)
2019/07/23 17:29:27 非実行(9460)
2019/07/23 17:29:27 実行中(9460)
2019/07/23 17:29:34 終了しました(9460)
2019/07/24 22:54:44 開始します(7592)
2019/07/24 22:54:44 非実行(7592)
2019/07/24 22:54:44 実行中(7592)
2019/07/24 22:54:51 終了しました(7592)
2019/07/25 19:07:08 開始します(7932)
2019/07/25 19:07:08 非実行(7932)
2019/07/25 19:07:08 実行中(7932)
2019/07/25 19:07:15 終了しました(7932)
2019/07/27 05:49:10 開始します(3184)
2019/07/27 05:49:10 非実行(3184)
2019/07/27 05:49:10 実行中(3184)
2019/07/27 05:49:17 終了しました(3184)
2019/07/29 19:37:04 開始します(8056)
2019/07/29 19:37:04 非実行(8056)
2019/07/29 19:37:04 実行中(8056)
2019/07/29 19:37:11 終了しました(8056)
2019/07/30 22:52:29 開始します(10996)
2019/07/30 22:52:29 非実行(10996)
2019/07/30 22:52:29 実行中(10996)
2019/07/30 22:52:36 終了しました(10996)
2019/08/01 01:33:11 開始します(11468)
2019/08/01 01:33:11 非実行(11468)
2019/08/01 01:33:11 実行中(11468)
2019/08/01 01:33:18 終了しました(11468)
2019/08/07 21:14:14 開始します(5816)
2019/08/07 21:14:14 非実行(5816)
2019/08/07 21:14:14 実行中(5816)
2019/08/07 21:14:21 終了しました(5816)
2019/08/08 21:36:30 開始します(9248)
2019/08/08 21:36:30 非実行(9248)
2019/08/08 21:36:30 実行中(9248)
2019/08/08 21:36:37 終了しました(9248)
2019/08/09 19:03:58 開始します(7624)
2019/08/09 19:03:58 非実行(7624)
2019/08/09 19:03:58 実行中(7624)
2019/08/09 19:04:05 終了しました(7624)
2019/08/14 21:28:32 開始します(10716)
2019/08/14 21:28:32 非実行(10716)
2019/08/14 21:28:32 実行中(10716)
2019/08/14 21:28:39 終了しました(10716)
2019/08/15 21:54:56 開始します(6236)
2019/08/15 21:54:56 非実行(6236)
2019/08/15 21:54:56 実行中(6236)
2019/08/15 21:55:04 終了しました(6236)
2019/08/16 18:41:30 開始します(11496)
2019/08/16 18:41:30 非実行(11496)
2019/08/16 18:41:30 実行中(11496)
2019/08/16 18:41:37 終了しました(11496)
2019/08/19 21:11:57 開始します(10968)
2019/08/19 21:11:57 非実行(10968)
2019/08/19 21:11:57 実行中(10968)
2019/08/19 21:12:04 終了しました(10968)
2019/08/20 21:13:36 開始します(9344)
2019/08/20 21:13:36 非実行(9344)
2019/08/20 21:13:36 実行中(9344)
2019/08/20 21:13:44 終了しました(9344)
2019/08/21 20:11:29 開始します(4848)
2019/08/21 20:11:29 非実行(4848)
2019/08/21 20:11:29 実行中(4848)
2019/08/21 20:11:37 終了しました(4848)
2019/08/22 20:23:20 開始します(3608)
2019/08/22 20:23:20 非実行(3608)
2019/08/22 20:23:20 実行中(3608)
2019/08/22 20:23:27 終了しました(3608)
2019/08/26 20:10:03 開始します(11416)
2019/08/26 20:10:03 非実行(11416)
2019/08/26 20:10:03 実行中(11416)
2019/08/26 20:10:10 終了しました(11416)
2019/08/28 19:25:59 開始します(10796)
2019/08/28 19:25:59 非実行(10796)
2019/08/28 19:25:59 実行中(10796)
2019/08/28 19:26:05 終了しました(10796)
2019/09/02 19:29:16 開始します(3688)
2019/09/02 19:29:16 非実行(3688)
2019/09/02 19:29:16 実行中(3688)
2019/09/02 19:29:22 終了しました(3688)
2019/09/04 19:39:14 開始します(8648)
2019/09/04 19:39:14 非実行(8648)
2019/09/04 19:39:14 実行中(8648)
2019/09/04 19:39:21 終了しました(8648)
2019/09/05 21:45:06 開始します(12912)
2019/09/05 21:45:06 非実行(12912)
2019/09/05 21:45:06 実行中(12912)
2019/09/05 21:45:13 終了しました(12912)
2019/09/12 01:53:06 開始します(4876)
2019/09/12 01:53:06 非実行(4876)
2019/09/12 01:53:06 実行中(4876)
2019/09/12 01:53:13 終了しました(4876)
2019/09/13 03:05:40 開始します(8248)
2019/09/13 03:05:40 非実行(8248)
2019/09/13 03:05:40 実行中(8248)
2019/09/13 03:05:47 終了しました(8248)
2019/10/05 03:30:58 開始します(7360)
2019/10/05 03:30:58 非実行(7360)
2019/10/05 03:30:58 実行中(7360)
2019/10/05 03:31:06 終了しました(7360)
2019/10/23 18:12:40 開始します(11188)
2019/10/23 18:12:40 非実行(11188)
2019/10/23 18:12:40 実行中(11188)
2019/10/23 18:12:46 終了しました(11188)
2019/10/24 13:22:38 開始します(6668)
2019/10/24 13:22:38 非実行(6668)
2019/10/24 13:22:38 実行中(6668)
2019/10/24 13:22:44 終了しました(6668)
2019/10/29 01:29:18 開始します(2376)
2019/10/29 01:29:18 非実行(2376)
2019/10/29 01:29:18 実行中(2376)
2019/10/29 01:29:25 終了しました(2376)
2019/11/01 18:07:24 開始します(2760)
2019/11/01 18:07:24 非実行(2760)
2019/11/01 18:07:24 実行中(2760)
2019/11/01 18:07:34 終了しました(2760)
2019/11/05 20:24:23 開始します(7184)
2019/11/05 20:24:23 非実行(7184)
2019/11/05 20:24:23 実行中(7184)
2019/11/05 20:24:29 終了しました(7184)
2019/11/06 23:42:50 開始します(12580)
2019/11/06 23:42:50 非実行(12580)
2019/11/06 23:42:50 実行中(12580)
2019/11/06 23:42:56 終了しました(12580)
2019/11/07 19:16:09 開始します(13124)
2019/11/07 19:16:09 非実行(13124)
2019/11/07 19:16:09 実行中(13124)
2019/11/07 19:16:16 終了しました(13124)
2019/11/08 19:48:42 開始します(4252)
2019/11/08 19:48:42 非実行(4252)
2019/11/08 19:48:42 実行中(4252)
2019/11/08 19:48:49 終了しました(4252)
2019/11/11 19:31:52 開始します(3788)
2019/11/11 19:31:52 非実行(3788)
2019/11/11 19:31:52 実行中(3788)
2019/11/11 19:31:58 終了しました(3788)
2019/11/12 20:43:26 開始します(9044)
2019/11/12 20:43:26 非実行(9044)
2019/11/12 20:43:26 実行中(9044)
2019/11/12 20:43:32 終了しました(9044)
2019/11/13 18:15:36 開始します(3976)
2019/11/13 18:15:36 非実行(3976)
2019/11/13 18:15:36 実行中(3976)
2019/11/13 18:15:42 終了しました(3976)
2019/11/14 21:50:10 開始します(3540)
2019/11/14 21:50:10 非実行(3540)
2019/11/14 21:50:10 実行中(3540)
2019/11/14 21:50:16 終了しました(3540)
2019/11/15 21:35:51 開始します(8548)
2019/11/15 21:35:51 非実行(8548)
2019/11/15 21:35:51 実行中(8548)
2019/11/15 21:35:57 終了しました(8548)
2019/11/18 20:47:11 開始します(9004)
2019/11/18 20:47:11 非実行(9004)
2019/11/18 20:47:11 実行中(9004)
2019/11/18 20:47:17 終了しました(9004)
2019/11/20 04:21:15 開始します(13192)
2019/11/20 04:21:15 非実行(13192)
2019/11/20 04:21:15 実行中(13192)
2019/11/20 04:21:21 終了しました(13192)
2019/11/21 03:44:17 開始します(9140)
2019/11/21 03:44:17 非実行(9140)
2019/11/21 03:44:17 実行中(9140)
2019/11/21 03:44:24 終了しました(9140)
2019/11/21 20:25:26 開始します(11452)
2019/11/21 20:25:26 非実行(11452)
2019/11/21 20:25:26 実行中(11452)
2019/11/21 20:25:32 終了しました(11452)
2019/11/23 01:47:07 開始します(10696)
2019/11/23 01:47:07 非実行(10696)
2019/11/23 01:47:07 実行中(10696)
2019/11/23 01:47:13 終了しました(10696)
2019/11/25 20:23:15 開始します(1768)
2019/11/25 20:23:15 非実行(1768)
2019/11/25 20:23:15 実行中(1768)
2019/11/25 20:23:21 終了しました(1768)
2019/11/28 19:53:23 開始します(8320)
2019/11/28 19:53:23 非実行(8320)
2019/11/28 19:53:23 実行中(8320)
2019/11/28 19:53:30 終了しました(8320)
2019/11/29 20:17:34 開始します(1112)
2019/11/29 20:17:34 非実行(1112)
2019/11/29 20:17:34 実行中(1112)
2019/11/29 20:17:40 終了しました(1112)
2019/12/03 03:32:27 開始します(12296)
2019/12/03 03:32:27 非実行(12296)
2019/12/03 03:32:27 実行中(12296)
2019/12/03 03:32:33 終了しました(12296)
2019/12/23 23:24:55 開始します(6240)
2019/12/23 23:24:55 非実行(6240)
2019/12/23 23:24:55 実行中(6240)
2019/12/23 23:25:02 終了しました(6240)
2019/12/27 00:00:35 開始します(6000)
2019/12/27 00:00:35 非実行(6000)
2019/12/27 00:00:35 実行中(6000)
2019/12/27 00:00:42 終了しました(6000)
2020/02/28 15:48:08 開始します(3716)
2020/02/28 15:48:08 非実行(3716)
2020/02/28 15:48:08 実行中(3716)
2020/02/28 15:48:15 終了しました(3716)
2020/03/04 19:40:10 開始します(5796)
2020/03/04 19:40:10 非実行(5796)
2020/03/04 19:40:10 実行中(5796)
2020/03/04 19:40:17 終了しました(5796)
2020/03/05 21:08:36 開始します(5304)
2020/03/05 21:08:36 非実行(5304)
2020/03/05 21:08:36 実行中(5304)
2020/03/05 21:08:42 終了しました(5304)
2020/03/07 05:15:23 開始します(7124)
2020/03/07 05:15:23 非実行(7124)
2020/03/07 05:15:23 実行中(7124)
2020/03/07 05:15:30 終了しました(7124)
2020/03/19 05:04:04 開始します(3308)
2020/03/19 05:04:04 非実行(3308)
2020/03/19 05:04:04 実行中(3308)
2020/03/19 05:04:11 終了しました(3308)
2020/03/19 15:14:10 開始します(7216)
2020/03/19 15:14:10 非実行(7216)
2020/03/19 15:14:10 実行中(7216)
2020/03/19 15:14:16 終了しました(7216)
2020/03/23 19:52:09 開始します(536)
2020/03/23 19:52:09 非実行(536)
2020/03/23 19:52:09 実行中(536)
2020/03/23 19:52:16 終了しました(536)
2020/04/28 03:00:23 開始します(4784)
2020/04/28 03:00:23 非実行(4784)
2020/04/28 03:00:23 実行中(4784)
2020/04/28 03:00:30 終了しました(4784)
2020/06/03 18:53:18 開始します(3456)
2020/06/03 18:53:18 非実行(3456)
2020/06/03 18:53:18 実行中(3456)
2020/06/03 18:53:25 終了しました(3456)
2020/06/15 18:24:55 開始します(5972)
2020/06/15 18:24:55 非実行(5972)
2020/06/15 18:24:55 実行中(5972)
2020/06/15 18:25:03 終了しました(5972)
2020/06/19 05:28:55 開始します(5372)
2020/06/19 05:28:55 非実行(5372)
2020/06/19 05:28:55 実行中(5372)
2020/06/19 05:29:02 終了しました(5372)
2020/06/23 11:59:31 開始します(5176)
2020/06/23 11:59:31 非実行(5176)
2020/06/23 11:59:31 実行中(5176)
2020/06/23 11:59:38 終了しました(5176)
2020/07/09 15:01:47 開始します(3816)
2020/07/09 15:01:47 非実行(3816)
2020/07/09 15:01:47 実行中(3816)
2020/07/09 15:01:53 終了しました(3816)
2020/07/20 17:15:11 開始します(3568)
2020/07/20 17:15:11 非実行(3568)
2020/07/20 17:15:11 実行中(3568)
2020/07/20 17:15:17 終了しました(3568)
2020/08/20 13:56:24 開始します(6420)
2020/08/20 13:56:24 非実行(6420)
2020/08/20 13:56:24 実行中(6420)
2020/08/20 13:56:31 終了しました(6420)
2020/08/20 20:46:01 開始します(6492)
2020/08/20 20:46:01 非実行(6492)
2020/08/20 20:46:01 実行中(6492)
2020/08/20 20:46:08 終了しました(6492)
2020/08/24 11:48:36 開始します(3784)
2020/08/24 11:48:36 非実行(3784)
2020/08/24 11:48:36 実行中(3784)
2020/08/24 11:48:43 終了しました(3784)
2020/08/25 13:49:11 開始します(4688)
2020/08/25 13:49:11 非実行(4688)
2020/08/25 13:49:11 実行中(4688)
2020/08/25 13:49:18 終了しました(4688)
2020/08/26 16:02:17 開始します(6820)
2020/08/26 16:02:17 非実行(6820)
2020/08/26 16:02:17 実行中(6820)
2020/08/26 16:02:24 終了しました(6820)
2020/08/31 21:44:11 開始します(3864)
2020/08/31 21:44:11 非実行(3864)
2020/08/31 21:44:11 実行中(3864)
2020/08/31 21:44:17 終了しました(3864)
2020/09/01 22:59:12 開始します(7440)
2020/09/01 22:59:12 非実行(7440)
2020/09/01 22:59:12 実行中(7440)
2020/09/01 22:59:18 終了しました(7440)
2020/09/03 21:47:10 開始します(5508)
2020/09/03 21:47:10 非実行(5508)
2020/09/03 21:47:10 実行中(5508)
2020/09/03 21:47:16 終了しました(5508)
2020/09/04 14:19:14 開始します(1996)
2020/09/04 14:19:14 非実行(1996)
2020/09/04 14:19:14 実行中(1996)
2020/09/04 14:19:20 終了しました(1996)
2020/09/09 18:07:48 開始します(7704)
2020/09/09 18:07:48 非実行(7704)
2020/09/09 18:07:48 実行中(7704)
2020/09/09 18:07:54 終了しました(7704)
2020/09/14 12:54:49 開始します(5272)
2020/09/14 12:54:49 非実行(5272)
2020/09/14 12:54:49 実行中(5272)
2020/09/14 12:54:55 終了しました(5272)
2020/09/16 12:14:29 開始します(5644)
2020/09/16 12:14:29 非実行(5644)
2020/09/16 12:14:29 実行中(5644)
2020/09/16 12:14:35 終了しました(5644)
2020/09/25 11:36:34 開始します(7392)
2020/09/25 11:36:34 非実行(7392)
2020/09/25 11:36:34 実行中(7392)
2020/09/25 11:36:41 終了しました(7392)
2020/09/25 16:12:15 開始します(6752)
2020/09/25 16:12:15 非実行(6752)
2020/09/25 16:12:15 実行中(6752)
2020/09/25 16:12:21 終了しました(6752)
2020/09/29 15:37:13 開始します(1236)
2020/09/29 15:37:13 非実行(1236)
2020/09/29 15:37:13 実行中(1236)
2020/09/29 15:37:19 終了しました(1236)
2020/09/30 16:06:41 開始します(5648)
2020/09/30 16:06:41 非実行(5648)
2020/09/30 16:06:41 実行中(5648)
2020/09/30 16:06:47 終了しました(5648)
2020/10/01 17:06:54 開始します(6772)
2020/10/01 17:06:54 非実行(6772)
2020/10/01 17:06:54 実行中(6772)
2020/10/01 17:07:00 終了しました(6772)
2020/10/07 23:11:47 開始します(8636)
2020/10/07 23:11:47 非実行(8636)
2020/10/07 23:11:47 実行中(8636)
2020/10/07 23:11:53 終了しました(8636)
2020/10/14 13:27:04 開始します(5940)
2020/10/14 13:27:04 非実行(5940)
2020/10/14 13:27:04 実行中(5940)
2020/10/14 13:27:10 終了しました(5940)
2020/10/19 15:25:57 開始します(1592)
2020/10/19 15:25:57 非実行(1592)
2020/10/19 15:25:57 実行中(1592)
2020/10/19 15:26:02 終了しました(1592)
2020/10/23 20:04:48 開始します(4492)
2020/10/23 20:04:48 非実行(4492)
2020/10/23 20:04:48 実行中(4492)
2020/10/23 20:04:54 終了しました(4492)
2020/11/11 17:44:49 開始します(9368)
2020/11/11 17:44:49 非実行(9368)
2020/11/11 17:44:49 実行中(9368)
2020/11/11 17:44:55 終了しました(9368)
2020/11/12 18:40:34 開始します(6384)
2020/11/12 18:40:34 非実行(6384)
2020/11/12 18:40:34 実行中(6384)
2020/11/12 18:40:40 終了しました(6384)
2020/11/13 20:39:31 開始します(9708)
2020/11/13 20:39:31 非実行(9708)
2020/11/13 20:39:31 実行中(9708)
2020/11/13 20:39:37 終了しました(9708)
2020/11/16 18:33:54 開始します(3976)
2020/11/16 18:33:54 非実行(3976)
2020/11/16 18:33:54 実行中(3976)
2020/11/16 18:33:59 終了しました(3976)
2020/11/17 19:05:58 開始します(5568)
2020/11/17 19:05:58 非実行(5568)
2020/11/17 19:05:58 実行中(5568)
2020/11/17 19:06:03 終了しました(5568)
2020/11/19 18:03:37 開始します(8508)
2020/11/19 18:03:37 非実行(8508)
2020/11/19 18:03:37 実行中(8508)
2020/11/19 18:03:43 終了しました(8508)
2020/11/20 19:26:30 開始します(2900)
2020/11/20 19:26:30 非実行(2900)
2020/11/20 19:26:30 実行中(2900)
2020/11/20 19:26:35 終了しました(2900)
2020/11/24 16:42:57 開始します(6008)
2020/11/24 16:42:57 非実行(6008)
2020/11/24 16:42:57 実行中(6008)
2020/11/24 16:43:03 終了しました(6008)
2020/11/25 19:25:26 開始します(5132)
2020/11/25 19:25:26 非実行(5132)
2020/11/25 19:25:26 実行中(5132)
2020/11/25 19:25:32 終了しました(5132)
2020/11/26 18:32:03 開始します(10076)
2020/11/26 18:32:03 非実行(10076)
2020/11/26 18:32:03 実行中(10076)
2020/11/26 18:32:09 終了しました(10076)
2020/11/27 18:28:57 開始します(2940)
2020/11/27 18:28:57 非実行(2940)
2020/11/27 18:28:57 実行中(2940)
2020/11/27 18:29:02 終了しました(2940)
2020/12/01 18:47:27 開始します(9156)
2020/12/01 18:47:27 非実行(9156)
2020/12/01 18:47:27 実行中(9156)
2020/12/01 18:47:32 終了しました(9156)
2020/12/02 16:33:43 開始します(5032)
2020/12/02 16:33:43 非実行(5032)
2020/12/02 16:33:43 実行中(5032)
2020/12/02 16:33:49 終了しました(5032)
2020/12/03 17:19:11 開始します(7368)
2020/12/03 17:19:11 非実行(7368)
2020/12/03 17:19:11 実行中(7368)
2020/12/03 17:19:16 終了しました(7368)
2020/12/10 19:14:40 開始します(8568)
2020/12/10 19:14:40 非実行(8568)
2020/12/10 19:14:40 実行中(8568)
2020/12/10 19:14:46 終了しました(8568)
2021/01/12 21:16:25 開始します(5388)
2021/01/12 21:16:25 非実行(5388)
2021/01/12 21:16:25 実行中(5388)
2021/01/12 21:16:31 終了しました(5388)
2021/01/15 13:45:53 開始します(7432)
2021/01/15 13:45:53 非実行(7432)
2021/01/15 13:45:53 実行中(7432)
2021/01/15 13:46:01 終了しました(7432)
2021/01/18 13:41:24 開始します(5968)
2021/01/18 13:41:24 非実行(5968)
2021/01/18 13:41:24 実行中(5968)
2021/01/18 13:41:31 終了しました(5968)
2021/01/19 14:17:55 開始します(5884)
2021/01/19 14:17:55 非実行(5884)
2021/01/19 14:17:55 実行中(5884)
2021/01/19 14:18:02 終了しました(5884)
2021/01/21 13:22:43 開始します(5436)
2021/01/21 13:22:43 非実行(5436)
2021/01/21 13:22:43 実行中(5436)
2021/01/21 13:22:49 終了しました(5436)
2021/03/04 17:18:10 開始します(11756)
2021/03/04 17:18:10 非実行(11756)
2021/03/04 17:18:10 実行中(11756)
2021/03/04 17:18:17 終了しました(11756)
2021/04/19 20:46:50 開始します(1928)
2021/04/19 20:46:50 非実行(1928)
2021/04/19 20:46:50 実行中(1928)
2021/04/19 20:46:57 終了しました(1928)
2021/05/07 17:57:30 開始します(9072)
2021/05/07 17:57:30 非実行(9072)
2021/05/07 17:57:30 実行中(9072)
2021/05/07 17:57:39 終了しました(9072)
2021/05/10 21:24:36 開始します(680)
2021/05/10 21:24:36 非実行(680)
2021/05/10 21:24:36 実行中(680)
2021/05/10 21:24:42 終了しました(680)
2021/05/12 09:19:50 開始します(3948)
2021/05/12 09:19:50 非実行(3948)
2021/05/12 09:19:50 実行中(3948)
2021/05/12 09:19:57 終了しました(3948)
2021/05/17 18:13:05 開始します(7296)
2021/05/17 18:13:05 非実行(7296)
2021/05/17 18:13:05 実行中(7296)
2021/05/17 18:13:12 終了しました(7296)
2021/06/09 19:56:31 開始します(4300)
2021/06/09 19:56:31 非実行(4300)
2021/06/09 19:56:31 実行中(4300)
2021/06/09 19:56:38 終了しました(4300)
2021/08/03 14:36:34 開始します(256)
2021/08/03 14:36:34 非実行(256)
2021/08/03 14:36:34 実行中(256)
2021/08/03 14:36:43 終了しました(256)
2021/11/16 04:52:42 開始します(5464)
2021/11/16 04:52:42 非実行(5464)
2021/11/16 04:52:42 実行中(5464)
2021/11/16 04:52:49 終了しました(5464)
2021/11/16 20:31:31 開始します(8032)
2021/11/16 20:31:31 非実行(8032)
2021/11/16 20:31:31 実行中(8032)
2021/11/16 20:31:37 終了しました(8032)
2021/11/17 19:59:44 開始します(3188)
2021/11/17 19:59:44 非実行(3188)
2021/11/17 19:59:44 実行中(3188)
2021/11/17 19:59:51 終了しました(3188)
2021/11/18 12:16:59 開始します(7604)
2021/11/18 12:16:59 非実行(7604)
2021/11/18 12:16:59 実行中(7604)
2021/11/18 12:17:06 終了しました(7604)
2021/11/22 20:39:09 開始します(2804)
2021/11/22 20:39:09 非実行(2804)
2021/11/22 20:39:09 実行中(2804)
2021/11/22 20:39:15 終了しました(2804)
2022/02/21 20:09:19 開始します(4976)
2022/02/21 20:09:19 非実行(4976)
2022/02/21 20:09:19 実行中(4976)
2022/02/21 20:09:26 終了しました(4976)
2022/02/25 17:47:24 開始します(3668)
2022/02/25 17:47:24 非実行(3668)
2022/02/25 17:47:24 実行中(3668)
2022/02/25 17:47:31 終了しました(3668)
2022/03/04 15:32:50 開始します(1608)
2022/03/04 15:32:50 非実行(1608)
2022/03/04 15:32:50 実行中(1608)
2022/03/04 15:32:57 終了しました(1608)
2022/03/11 15:49:18 開始します(6472)
2022/03/11 15:49:18 非実行(6472)
2022/03/11 15:49:18 実行中(6472)
2022/03/11 15:49:25 終了しました(6472)
2022/03/23 15:31:59 開始します(3772)
2022/03/23 15:31:59 非実行(3772)
2022/03/23 15:31:59 実行中(3772)
2022/03/23 15:32:08 終了しました(3772)
2022/04/06 17:04:20 開始します(3976)
2022/04/06 17:04:20 非実行(3976)
2022/04/06 17:04:20 実行中(3976)
2022/04/06 17:04:28 終了しました(3976)
2022/04/12 20:17:42 開始します(5432)
2022/04/12 20:17:42 非実行(5432)
2022/04/12 20:17:42 実行中(5432)
2022/04/12 20:17:51 終了しました(5432)
2022/04/18 20:09:45 開始します(6440)
2022/04/18 20:09:45 非実行(6440)
2022/04/18 20:09:45 実行中(6440)
2022/04/18 20:09:53 終了しました(6440)
2022/04/25 20:27:24 開始します(3820)
2022/04/25 20:27:24 非実行(3820)
2022/04/25 20:27:24 実行中(3820)
2022/04/25 20:27:31 終了しました(3820)
2022/09/20 20:23:57 開始します(5852)
2022/09/20 20:23:57 非実行(5852)
2022/09/20 20:23:57 実行中(5852)
2022/09/20 20:24:05 終了しました(5852)
2022/09/21 17:17:23 開始します(628)
2022/09/21 17:17:23 非実行(628)
2022/09/21 17:17:23 実行中(628)
2022/09/21 17:17:30 終了しました(628)
2022/10/13 20:10:00 開始します(1696)
2022/10/13 20:10:00 非実行(1696)
2022/10/13 20:10:00 実行中(1696)
2022/10/13 20:10:07 終了しました(1696)
2023/01/16 17:20:02 開始します(6396)
2023/01/16 17:20:02 非実行(6396)
2023/01/16 17:20:02 実行中(6396)
2023/01/16 17:20:11 終了しました(6396)
2023/01/17 22:27:02 開始します(7836)
2023/01/17 22:27:02 非実行(7836)
2023/01/17 22:27:02 実行中(7836)
2023/01/17 22:27:09 終了しました(7836)
2023/01/18 14:16:25 開始します(3980)
2023/01/18 14:16:25 非実行(3980)
2023/01/18 14:16:25 実行中(3980)
2023/01/18 14:16:34 終了しました(3980)
2023/01/24 13:34:36 開始します(7852)
2023/01/24 13:34:36 非実行(7852)
2023/01/24 13:34:36 実行中(7852)
2023/01/24 13:34:44 終了しました(7852)
2023/03/28 19:30:08 開始します(4780)
2023/03/28 19:30:08 非実行(4780)
2023/03/28 19:30:08 実行中(4780)
2023/03/28 19:30:16 終了しました(4780)
2023/04/25 18:08:39 開始します(3148)
2023/04/25 18:08:39 非実行(3148)
2023/04/25 18:08:39 実行中(3148)
2023/04/25 18:08:46 終了しました(3148)
2023/05/15 19:14:03 開始します(5592)
2023/05/15 19:14:03 非実行(5592)
2023/05/15 19:14:03 実行中(5592)
2023/05/15 19:14:11 終了しました(5592)
2023/05/16 17:22:33 開始します(784)
2023/05/16 17:22:33 非実行(784)
2023/05/16 17:22:33 実行中(784)
2023/05/16 17:22:41 終了しました(784)
2023/06/13 19:06:04 開始します(4136)
2023/06/13 19:06:04 非実行(4136)
2023/06/13 19:06:04 実行中(4136)
2023/06/13 19:06:11 終了しました(4136)
2023/09/08 18:12:18 開始します(7032)
2023/09/08 18:12:18 非実行(7032)
2023/09/08 18:12:18 実行中(7032)
2023/09/08 18:12:25 終了しました(7032)
2023/09/14 17:31:46 開始します(3576)
2023/09/14 17:31:46 非実行(3576)
2023/09/14 17:31:46 実行中(3576)
2023/09/14 17:31:52 終了しました(3576)
2023/09/28 19:13:19 開始します(3784)
2023/09/28 19:13:19 非実行(3784)
2023/09/28 19:13:19 実行中(3784)
2023/09/28 19:13:28 終了しました(3784)
2023/10/25 17:24:44 開始します(7236)
2023/10/25 17:24:44 非実行(7236)
2023/10/25 17:24:44 実行中(7236)
2023/10/25 17:24:51 終了しました(7236)
2024/01/29 19:44:32 開始します(7488)
2024/01/29 19:44:32 非実行(7488)
2024/01/29 19:44:32 実行中(7488)
2024/01/29 19:44:38 終了しました(7488)
2024/07/18 16:00:44 開始します(8460)
2024/07/18 16:00:44 非実行(8460)
2024/07/18 16:00:44 実行中(8460)
2024/07/18 16:00:45 終了しました(8460)
2024/08/15 16:49:11 開始します(10064)
2024/08/15 16:49:11 非実行(10064)
2024/08/15 16:49:11 実行中(10064)
2024/08/15 16:49:11 終了しました(10064)
2024/08/15 16:49:21 開始します(4596)
2024/08/15 16:49:21 非実行(4596)
2024/08/15 16:49:21 実行中(4596)
2024/08/15 16:49:22 終了しました(4596)
2024/08/15 16:49:27 開始します(8836)
2024/08/15 16:49:27 非実行(8836)
2024/08/15 16:49:27 実行中(8836)
2024/08/15 16:49:27 終了しました(8836)
2024/08/15 16:49:40 開始します(10256)
2024/08/15 16:49:40 非実行(10256)
2024/08/15 16:49:40 実行中(10256)
2024/08/15 16:49:40 終了しました(10256)
2024/08/19 12:39:04 開始します(3012)
2024/08/19 12:39:04 非実行(3012)
2024/08/19 12:39:04 実行中(3012)
2024/08/19 12:39:04 終了しました(3012)
2024/08/19 12:39:14 開始します(7940)
2024/08/19 12:39:14 非実行(7940)
2024/08/19 12:39:14 実行中(7940)
2024/08/19 12:39:14 終了しました(7940)
2024/08/19 12:41:26 開始します(9592)
2024/08/19 12:41:26 非実行(9592)
2024/08/19 12:41:26 実行中(9592)
2024/08/19 12:41:53 終了しました(9592)
2024/08/23 10:17:14 開始します(3076)
2024/08/23 10:17:14 非実行(3076)
2024/08/23 10:17:14 実行中(3076)
2024/08/23 10:17:19 終了しました(3076)
2024/08/28 13:59:44 開始します(2692)
2024/08/28 13:59:44 非実行(2692)
2024/08/28 13:59:44 実行中(2692)
2024/08/28 13:59:48 終了しました(2692)
2024/09/12 03:36:29 開始します(3104)
2024/09/12 03:36:29 非実行(3104)
2024/09/12 03:36:29 実行中(3104)
2024/09/12 03:36:33 終了しました(3104)
2024/09/17 15:45:22 開始します(5792)
2024/09/17 15:45:22 非実行(5792)
2024/09/17 15:45:22 実行中(5792)
2024/09/17 15:45:27 終了しました(5792)
2024/09/18 09:35:29 開始します(8496)
2024/09/18 09:35:29 非実行(8496)
2024/09/18 09:35:29 実行中(8496)
2024/09/18 09:35:35 終了しました(8496)
2024/09/18 20:06:45 開始します(1284)
2024/09/18 20:06:45 非実行(1284)
2024/09/18 20:06:45 実行中(1284)
2024/09/18 20:06:50 終了しました(1284)
2024/09/20 02:45:18 開始します(11288)
2024/09/20 02:45:18 非実行(11288)
2024/09/20 02:45:18 実行中(11288)
2024/09/20 02:45:24 終了しました(11288)
2024/09/23 02:50:53 開始します(7292)
2024/09/23 02:50:53 非実行(7292)
2024/09/23 02:50:53 実行中(7292)
2024/09/23 02:51:16 終了しました(7292)
2024/09/26 06:08:28 開始します(12840)
2024/09/26 06:08:28 非実行(12840)
2024/09/26 06:08:28 実行中(12840)
2024/09/26 06:08:52 終了しました(12840)
2024/09/27 06:31:02 開始します(7132)
2024/09/27 06:31:02 非実行(7132)
2024/09/27 06:31:02 実行中(7132)
2024/09/27 06:31:25 終了しました(7132)
2024/09/28 06:57:41 開始します(7736)
2024/09/28 06:57:41 非実行(7736)
2024/09/28 06:57:41 実行中(7736)
2024/09/28 06:58:06 終了しました(7736)
2024/09/29 06:08:40 開始します(13072)
2024/09/29 06:08:40 非実行(13072)
2024/09/29 06:08:40 実行中(13072)
2024/09/29 06:09:02 終了しました(13072)
2024/10/02 01:04:32 開始します(4620)
2024/10/02 01:04:32 非実行(4620)
2024/10/02 01:04:32 実行中(4620)
2024/10/02 01:04:36 終了しました(4620)
2024/10/03 01:35:00 開始します(6552)
2024/10/03 01:35:00 非実行(6552)
2024/10/03 01:35:00 実行中(6552)
2024/10/03 01:35:04 終了しました(6552)
2024/10/04 03:59:47 開始します(6900)
2024/10/04 03:59:47 非実行(6900)
2024/10/04 03:59:47 実行中(6900)
2024/10/04 03:59:53 終了しました(6900)
2024/10/05 04:26:29 開始します(6600)
2024/10/05 04:26:29 非実行(6600)
2024/10/05 04:26:29 実行中(6600)
2024/10/05 04:26:55 終了しました(6600)
2024/10/08 04:18:13 開始します(7612)
2024/10/08 04:18:13 非実行(7612)
2024/10/08 04:18:13 実行中(7612)
2024/10/08 04:18:19 終了しました(7612)
2024/10/09 03:45:49 開始します(7916)
2024/10/09 03:45:49 非実行(7916)
2024/10/09 03:45:49 実行中(7916)
2024/10/09 03:45:55 終了しました(7916)
2024/10/10 04:24:10 開始します(10312)
2024/10/10 04:24:10 非実行(10312)
2024/10/10 04:24:10 実行中(10312)
2024/10/10 04:24:15 終了しました(10312)
2024/10/11 03:32:15 開始します(3840)
2024/10/11 03:32:15 非実行(3840)
2024/10/11 03:32:15 実行中(3840)
2024/10/11 03:32:20 終了しました(3840)
2024/10/11 10:59:35 開始します(3220)
2024/10/11 10:59:35 非実行(3220)
2024/10/11 10:59:35 実行中(3220)
2024/10/11 10:59:40 終了しました(3220)
2024/10/13 05:24:00 開始します(2104)
2024/10/13 05:24:00 非実行(2104)
2024/10/13 05:24:00 実行中(2104)
2024/10/13 05:24:22 終了しました(2104)
2024/10/16 03:59:46 開始します(5600)
2024/10/16 03:59:46 非実行(5600)
2024/10/16 03:59:46 実行中(5600)
2024/10/16 04:00:08 終了しました(5600)
2024/10/17 03:12:11 開始します(2868)
2024/10/17 03:12:11 非実行(2868)
2024/10/17 03:12:11 実行中(2868)
2024/10/17 03:12:17 終了しました(2868)
2024/10/18 08:48:24 開始します(7480)
2024/10/18 08:48:24 非実行(7480)
2024/10/18 08:48:24 実行中(7480)
2024/10/18 08:48:29 終了しました(7480)
2024/10/19 02:43:51 開始します(7420)
2024/10/19 02:43:51 非実行(7420)
2024/10/19 02:43:51 実行中(7420)
2024/10/19 02:44:11 終了しました(7420)
2024/10/22 00:53:21 開始します(6596)
2024/10/22 00:53:21 非実行(6596)
2024/10/22 00:53:21 実行中(6596)
2024/10/22 00:53:27 終了しました(6596)
2024/10/23 01:10:23 開始します(5212)
2024/10/23 01:10:23 非実行(5212)
2024/10/23 01:10:23 実行中(5212)
2024/10/23 01:10:29 終了しました(5212)
2024/10/24 02:40:29 開始します(5264)
2024/10/24 02:40:29 非実行(5264)
2024/10/24 02:40:29 実行中(5264)
2024/10/24 02:40:51 終了しました(5264)
2024/10/25 04:05:18 開始します(6200)
2024/10/25 04:05:18 非実行(6200)
2024/10/25 04:05:18 実行中(6200)
2024/10/25 04:05:23 終了しました(6200)
2024/10/27 14:00:51 開始します(2984)
2024/10/27 14:00:51 非実行(2984)
2024/10/27 14:00:51 実行中(2984)
2024/10/27 14:01:12 終了しました(2984)
2024/10/29 01:04:31 開始します(3372)
2024/10/29 01:04:31 非実行(3372)
2024/10/29 01:04:31 実行中(3372)
2024/10/29 01:04:37 終了しました(3372)
2024/10/30 00:09:10 開始します(7744)
2024/10/30 00:09:10 非実行(7744)
2024/10/30 00:09:10 実行中(7744)
2024/10/30 00:09:12 終了しました(7744)
2024/10/30 23:38:02 開始します(2972)
2024/10/30 23:38:02 非実行(2972)
2024/10/30 23:38:02 実行中(2972)
2024/10/30 23:38:04 終了しました(2972)
2024/11/01 00:21:10 開始します(6584)
2024/11/01 00:21:10 非実行(6584)
2024/11/01 00:21:10 実行中(6584)
2024/11/01 00:21:12 終了しました(6584)
2024/11/03 20:53:41 開始します(4120)
2024/11/03 20:53:41 非実行(4120)
2024/11/03 20:53:41 実行中(4120)
2024/11/03 20:54:02 終了しました(4120)
2024/11/05 23:50:33 開始します(2132)
2024/11/05 23:50:33 非実行(2132)
2024/11/05 23:50:33 実行中(2132)
2024/11/05 23:50:37 終了しました(2132)
2024/11/07 06:41:42 開始します(8776)
2024/11/07 06:41:42 非実行(8776)
2024/11/07 06:41:42 実行中(8776)
2024/11/07 06:42:02 終了しました(8776)
2024/11/08 05:47:17 開始します(2824)
2024/11/08 05:47:17 非実行(2824)
2024/11/08 05:47:17 実行中(2824)
2024/11/08 05:47:37 終了しました(2824)
2024/11/09 07:13:36 開始します(7592)
2024/11/09 07:13:36 非実行(7592)
2024/11/09 07:13:36 実行中(7592)
2024/11/09 07:13:57 終了しました(7592)
2024/11/12 13:04:07 開始します(3828)
2024/11/12 13:04:07 非実行(3828)
2024/11/12 13:04:07 実行中(3828)
2024/11/12 13:04:10 終了しました(3828)
2024/11/13 06:34:43 開始します(2004)
2024/11/13 06:34:43 非実行(2004)
2024/11/13 06:34:43 実行中(2004)
2024/11/13 06:35:03 終了しました(2004)
2024/11/14 07:19:04 開始します(7056)
2024/11/14 07:19:04 非実行(7056)
2024/11/14 07:19:04 実行中(7056)
2024/11/14 07:19:26 終了しました(7056)
2024/11/15 07:05:47 開始します(8572)
2024/11/15 07:05:47 非実行(8572)
2024/11/15 07:05:47 実行中(8572)
2024/11/15 07:06:07 終了しました(8572)
2024/11/17 05:36:08 開始します(5672)
2024/11/17 05:36:08 非実行(5672)
2024/11/17 05:36:08 実行中(5672)
2024/11/17 05:36:29 終了しました(5672)
2024/11/19 07:44:44 開始します(9132)
2024/11/19 07:44:44 非実行(9132)
2024/11/19 07:44:44 実行中(9132)
2024/11/19 07:45:03 終了しました(9132)
2024/11/20 07:30:28 開始します(9152)
2024/11/20 07:30:28 非実行(9152)
2024/11/20 07:30:28 実行中(9152)
2024/11/20 07:30:47 終了しました(9152)
2024/11/20 22:20:17 開始します(8468)
2024/11/20 22:20:17 非実行(8468)
2024/11/20 22:20:17 実行中(8468)
2024/11/20 22:20:21 終了しました(8468)
2024/11/22 11:29:46 開始します(416)
2024/11/22 11:29:46 非実行(416)
2024/11/22 11:29:46 実行中(416)
2024/11/22 11:30:07 終了しました(416)
2024/12/06 02:29:39 開始します(7344)
2024/12/06 02:29:39 非実行(7344)
2024/12/06 02:29:39 実行中(7344)
2024/12/06 02:29:58 終了しました(7344)
2024/12/07 04:44:46 開始します(8456)
2024/12/07 04:44:46 非実行(8456)
2024/12/07 04:44:46 実行中(8456)
2024/12/07 04:45:05 終了しました(8456)
2024/12/11 05:08:18 開始します(8572)
2024/12/11 05:08:18 非実行(8572)
2024/12/11 05:08:18 実行中(8572)
2024/12/11 05:08:23 終了しました(8572)
2024/12/12 06:21:49 開始します(8236)
2024/12/12 06:21:49 非実行(8236)
2024/12/12 06:21:49 実行中(8236)
2024/12/12 06:21:54 終了しました(8236)
2024/12/13 03:20:49 開始します(8912)
2024/12/13 03:20:49 非実行(8912)
2024/12/13 03:20:49 実行中(8912)
2024/12/13 03:20:55 終了しました(8912)
2024/12/16 03:51:51 開始します(8024)
2024/12/16 03:51:51 非実行(8024)
2024/12/16 03:51:51 実行中(8024)
2024/12/16 03:51:57 終了しました(8024)
2024/12/17 06:33:58 開始します(2864)
2024/12/17 06:33:58 非実行(2864)
2024/12/17 06:33:58 実行中(2864)
2024/12/17 06:34:04 終了しました(2864)
2024/12/18 07:55:37 開始します(9900)
2024/12/18 07:55:37 非実行(9900)
2024/12/18 07:55:37 実行中(9900)
2024/12/18 07:55:43 終了しました(9900)
2024/12/19 08:12:39 開始します(9588)
2024/12/19 08:12:39 非実行(9588)
2024/12/19 08:12:39 実行中(9588)
2024/12/19 08:12:45 終了しました(9588)
2024/12/20 11:34:29 開始します(3932)
2024/12/20 11:34:29 非実行(3932)
2024/12/20 11:34:29 実行中(3932)
2024/12/20 11:34:35 終了しました(3932)
2024/12/21 09:40:11 開始します(3452)
2024/12/21 09:40:11 非実行(3452)
2024/12/21 09:40:11 実行中(3452)
2024/12/21 09:40:17 終了しました(3452)
2024/12/22 12:15:37 開始します(9128)
2024/12/22 12:15:37 非実行(9128)
2024/12/22 12:15:37 実行中(9128)
2024/12/22 12:15:44 終了しました(9128)
2024/12/24 04:31:36 開始します(5884)
2024/12/24 04:31:36 非実行(5884)
2024/12/24 04:31:36 実行中(5884)
2024/12/24 04:31:42 終了しました(5884)
2024/12/27 00:40:07 開始します(7316)
2024/12/27 00:40:07 非実行(7316)
2024/12/27 00:40:07 実行中(7316)
2024/12/27 00:40:13 終了しました(7316)
2025/02/05 05:02:47 開始します(5208)
2025/02/05 05:02:47 非実行(5208)
2025/02/05 05:02:47 実行中(5208)
2025/02/05 05:02:51 終了しました(5208)
2025/02/06 05:02:21 開始します(9316)
2025/02/06 05:02:21 非実行(9316)
2025/02/06 05:02:21 実行中(9316)
2025/02/06 05:02:26 終了しました(9316)
2025/02/08 00:10:57 開始します(4560)
2025/02/08 00:10:57 非実行(4560)
2025/02/08 00:10:57 実行中(4560)
2025/02/08 00:11:02 終了しました(4560)
2025/02/11 00:55:03 開始します(8648)
2025/02/11 00:55:03 非実行(8648)
2025/02/11 00:55:03 実行中(8648)
2025/02/11 00:55:08 終了しました(8648)
2025/02/13 22:43:06 開始します(11080)
2025/02/13 22:43:06 非実行(11080)
2025/02/13 22:43:06 実行中(11080)
2025/02/13 22:43:10 終了しました(11080)
2025/02/14 15:50:59 開始します(356)
2025/02/14 15:50:59 非実行(356)
2025/02/14 15:50:59 実行中(356)
2025/02/14 15:51:03 終了しました(356)
2025/02/15 15:14:02 開始します(10116)
2025/02/15 15:14:02 非実行(10116)
2025/02/15 15:14:02 実行中(10116)
2025/02/15 15:14:06 終了しました(10116)
2025/02/18 04:42:20 開始します(9176)
2025/02/18 04:42:20 非実行(9176)
2025/02/18 04:42:20 実行中(9176)
2025/02/18 04:42:25 終了しました(9176)
2025/02/19 02:41:32 開始します(2236)
2025/02/19 02:41:32 非実行(2236)
2025/02/19 02:41:32 実行中(2236)
2025/02/19 02:41:37 終了しました(2236)
2025/02/19 23:42:16 開始します(7276)
2025/02/19 23:42:16 非実行(7276)
2025/02/19 23:42:16 実行中(7276)
2025/02/19 23:42:21 終了しました(7276)
2025/02/21 06:34:08 開始します(7640)
2025/02/21 06:34:08 非実行(7640)
2025/02/21 06:34:08 実行中(7640)
2025/02/21 06:34:12 終了しました(7640)
2025/02/22 03:52:56 開始します(3108)
2025/02/22 03:52:56 非実行(3108)
2025/02/22 03:52:56 実行中(3108)
2025/02/22 03:53:00 終了しました(3108)
2025/02/23 05:16:51 開始します(8260)
2025/02/23 05:16:51 非実行(8260)
2025/02/23 05:16:51 実行中(8260)
2025/02/23 05:16:55 終了しました(8260)
2025/02/27 03:43:06 開始します(6536)
2025/02/27 03:43:06 非実行(6536)
2025/02/27 03:43:06 実行中(6536)
2025/02/27 03:43:11 終了しました(6536)
2025/02/28 00:23:48 開始します(7028)
2025/02/28 00:23:48 非実行(7028)
2025/02/28 00:23:48 実行中(7028)
2025/02/28 00:23:53 終了しました(7028)
2025/03/01 00:11:08 開始します(9672)
2025/03/01 00:11:08 非実行(9672)
2025/03/01 00:11:08 実行中(9672)
2025/03/01 00:11:13 終了しました(9672)
2025/03/07 22:05:01 開始します(9620)
2025/03/07 22:05:01 非実行(9620)
2025/03/07 22:05:01 実行中(9620)
2025/03/07 22:05:06 終了しました(9620)
2025/03/08 22:05:01 開始します(7236)
2025/03/08 22:05:01 非実行(7236)
2025/03/08 22:05:01 実行中(7236)
2025/03/08 22:05:04 終了しました(7236)
2025/03/09 22:05:01 開始します(8816)
2025/03/09 22:05:01 非実行(8816)
2025/03/09 22:05:01 実行中(8816)
2025/03/09 22:05:04 終了しました(8816)
2025/03/10 22:05:01 開始します(4396)
2025/03/10 22:05:01 非実行(4396)
2025/03/10 22:05:01 実行中(4396)
2025/03/10 22:05:04 終了しました(4396)
2025/03/11 22:05:01 開始します(3680)
2025/03/11 22:05:01 非実行(3680)
2025/03/11 22:05:01 実行中(3680)
2025/03/11 22:05:05 終了しました(3680)
2025/03/12 22:05:01 開始します(5048)
2025/03/12 22:05:01 非実行(5048)
2025/03/12 22:05:01 実行中(5048)
2025/03/12 22:05:06 終了しました(5048)
2025/03/13 22:05:01 開始します(9780)
2025/03/13 22:05:01 非実行(9780)
2025/03/13 22:05:01 実行中(9780)
2025/03/13 22:05:06 終了しました(9780)
2025/03/14 22:05:01 開始します(9312)
2025/03/14 22:05:01 非実行(9312)
2025/03/14 22:05:01 実行中(9312)
2025/03/14 22:05:05 終了しました(9312)
2025/03/15 22:05:02 開始します(9328)
2025/03/15 22:05:02 非実行(9328)
2025/03/15 22:05:02 実行中(9328)
2025/03/15 22:05:05 終了しました(9328)
2025/03/16 22:05:01 開始します(10816)
2025/03/16 22:05:01 非実行(10816)
2025/03/16 22:05:01 実行中(10816)
2025/03/16 22:05:05 終了しました(10816)
2025/03/17 22:05:01 開始します(996)
2025/03/17 22:05:01 非実行(996)
2025/03/17 22:05:01 実行中(996)
2025/03/17 22:05:05 終了しました(996)
2025/03/18 22:05:01 開始します(3280)
2025/03/18 22:05:01 非実行(3280)
2025/03/18 22:05:01 実行中(3280)
2025/03/18 22:05:05 終了しました(3280)
2025/03/19 22:05:01 開始します(7844)
2025/03/19 22:05:01 非実行(7844)
2025/03/19 22:05:01 実行中(7844)
2025/03/19 22:05:06 終了しました(7844)
2025/03/20 22:05:01 開始します(8424)
2025/03/20 22:05:01 非実行(8424)
2025/03/20 22:05:01 実行中(8424)
2025/03/20 22:05:06 終了しました(8424)
2025/03/21 22:05:01 開始します(12252)
2025/03/21 22:05:01 非実行(12252)
2025/03/21 22:05:01 実行中(12252)
2025/03/21 22:05:07 終了しました(12252)
2025/03/22 22:05:02 開始します(2092)
2025/03/22 22:05:02 非実行(2092)
2025/03/22 22:05:02 実行中(2092)
2025/03/22 22:05:06 終了しました(2092)
2025/03/23 22:05:02 開始します(10996)
2025/03/23 22:05:02 非実行(10996)
2025/03/23 22:05:02 実行中(10996)
2025/03/23 22:05:06 終了しました(10996)
2025/03/24 22:05:02 開始します(11120)
2025/03/24 22:05:02 非実行(11120)
2025/03/24 22:05:02 実行中(11120)
2025/03/24 22:05:06 終了しました(11120)
2025/03/25 22:05:02 開始します(2288)
2025/03/25 22:05:02 非実行(2288)
2025/03/25 22:05:02 実行中(2288)
2025/03/25 22:05:03 終了しました(2288)
2025/03/26 22:05:02 開始します(6116)
2025/03/26 22:05:02 非実行(6116)
2025/03/26 22:05:02 実行中(6116)
2025/03/26 22:05:06 終了しました(6116)
2025/03/27 22:05:02 開始します(11688)
2025/03/27 22:05:02 非実行(11688)
2025/03/27 22:05:02 実行中(11688)
2025/03/27 22:05:06 終了しました(11688)
2025/03/28 22:05:02 開始します(3700)
2025/03/28 22:05:02 非実行(3700)
2025/03/28 22:05:02 実行中(3700)
2025/03/28 22:05:03 終了しました(3700)
2025/03/29 22:05:02 開始します(7480)
2025/03/29 22:05:02 非実行(7480)
2025/03/29 22:05:02 実行中(7480)
2025/03/29 22:05:05 終了しました(7480)
2025/03/30 22:05:02 開始します(8848)
2025/03/30 22:05:02 非実行(8848)
2025/03/30 22:05:02 実行中(8848)
2025/03/30 22:05:05 終了しました(8848)
2025/03/31 22:05:02 開始します(6536)
2025/03/31 22:05:02 非実行(6536)
2025/03/31 22:05:02 実行中(6536)
2025/03/31 22:05:05 終了しました(6536)
2025/04/01 22:05:02 開始します(9404)
2025/04/01 22:05:02 非実行(9404)
2025/04/01 22:05:02 実行中(9404)
2025/04/01 22:05:05 終了しました(9404)
2025/04/02 22:05:02 開始します(5552)
2025/04/02 22:05:02 非実行(5552)
2025/04/02 22:05:02 実行中(5552)
2025/04/02 22:05:05 終了しました(5552)
2025/04/03 22:05:02 開始します(6056)
2025/04/03 22:05:02 非実行(6056)
2025/04/03 22:05:02 実行中(6056)
2025/04/03 22:05:05 終了しました(6056)
2025/04/04 22:05:02 開始します(3800)
2025/04/04 22:05:02 非実行(3800)
2025/04/04 22:05:02 実行中(3800)
2025/04/04 22:05:05 終了しました(3800)
2025/04/05 22:05:02 開始します(11508)
2025/04/05 22:05:02 非実行(11508)
2025/04/05 22:05:02 実行中(11508)
2025/04/05 22:05:05 終了しました(11508)
2025/04/06 22:05:02 開始します(6360)
2025/04/06 22:05:02 非実行(6360)
2025/04/06 22:05:02 実行中(6360)
2025/04/06 22:05:05 終了しました(6360)
2025/04/07 22:05:02 開始します(7464)
2025/04/07 22:05:02 非実行(7464)
2025/04/07 22:05:02 実行中(7464)
2025/04/07 22:05:05 終了しました(7464)
2025/04/08 22:05:02 開始します(7784)
2025/04/08 22:05:02 非実行(7784)
2025/04/08 22:05:02 実行中(7784)
2025/04/08 22:05:05 終了しました(7784)
2025/04/09 22:05:02 開始します(720)
2025/04/09 22:05:02 非実行(720)
2025/04/09 22:05:02 実行中(720)
2025/04/09 22:05:05 終了しました(720)
2025/04/10 22:05:02 開始します(6116)
2025/04/10 22:05:02 非実行(6116)
2025/04/10 22:05:02 実行中(6116)
2025/04/10 22:05:05 終了しました(6116)
2025/04/11 22:05:02 開始します(4156)
2025/04/11 22:05:02 非実行(4156)
2025/04/11 22:05:02 実行中(4156)
2025/04/11 22:05:06 終了しました(4156)
2025/04/12 22:05:02 開始します(9252)
2025/04/12 22:05:02 非実行(9252)
2025/04/12 22:05:02 実行中(9252)
2025/04/12 22:05:05 終了しました(9252)
2025/04/13 22:05:02 開始します(11712)
2025/04/13 22:05:02 非実行(11712)
2025/04/13 22:05:02 実行中(11712)
2025/04/13 22:05:06 終了しました(11712)
2025/04/14 22:05:02 開始します(3276)
2025/04/14 22:05:02 非実行(3276)
2025/04/14 22:05:02 実行中(3276)
2025/04/14 22:05:06 終了しました(3276)
2025/04/15 22:05:02 開始します(10980)
2025/04/15 22:05:02 非実行(10980)
2025/04/15 22:05:02 実行中(10980)
2025/04/15 22:05:06 終了しました(10980)
2025/04/16 22:05:02 開始します(9776)
2025/04/16 22:05:02 非実行(9776)
2025/04/16 22:05:02 実行中(9776)
2025/04/16 22:05:06 終了しました(9776)
2025/04/17 22:05:01 開始します(3800)
2025/04/17 22:05:01 非実行(3800)
2025/04/17 22:05:01 実行中(3800)
2025/04/17 22:05:06 終了しました(3800)
2025/04/18 22:05:01 開始します(10128)
2025/04/18 22:05:01 非実行(10128)
2025/04/18 22:05:01 実行中(10128)
2025/04/18 22:05:06 終了しました(10128)
2025/04/19 22:05:01 開始します(8)
2025/04/19 22:05:01 非実行(8)
2025/04/19 22:05:01 実行中(8)
2025/04/19 22:05:05 終了しました(8)
2025/04/20 22:05:01 開始します(6676)
2025/04/20 22:05:01 非実行(6676)
2025/04/20 22:05:01 実行中(6676)
2025/04/20 22:05:06 終了しました(6676)
2025/04/21 22:05:01 開始します(5384)
2025/04/21 22:05:01 非実行(5384)
2025/04/21 22:05:01 実行中(5384)
2025/04/21 22:05:05 終了しました(5384)
2025/04/22 22:05:01 開始します(5548)
2025/04/22 22:05:01 非実行(5548)
2025/04/22 22:05:01 実行中(5548)
2025/04/22 22:05:06 終了しました(5548)
2025/04/23 22:05:01 開始します(3060)
2025/04/23 22:05:01 非実行(3060)
2025/04/23 22:05:01 実行中(3060)
2025/04/23 22:05:05 終了しました(3060)
2025/04/24 22:05:01 開始します(6000)
2025/04/24 22:05:01 非実行(6000)
2025/04/24 22:05:01 実行中(6000)
2025/04/24 22:05:06 終了しました(6000)
2025/04/25 22:05:01 開始します(6576)
2025/04/25 22:05:01 非実行(6576)
2025/04/25 22:05:01 実行中(6576)
2025/04/25 22:05:06 終了しました(6576)
2025/04/26 22:05:01 開始します(3116)
2025/04/26 22:05:01 非実行(3116)
2025/04/26 22:05:01 実行中(3116)
2025/04/26 22:05:06 終了しました(3116)
2025/04/27 22:05:01 開始します(6220)
2025/04/27 22:05:01 非実行(6220)
2025/04/27 22:05:01 実行中(6220)
2025/04/27 22:05:06 終了しました(6220)
2025/04/28 22:05:01 開始します(6300)
2025/04/28 22:05:01 非実行(6300)
2025/04/28 22:05:01 実行中(6300)
2025/04/28 22:05:05 終了しました(6300)
2025/04/29 22:05:02 開始します(3796)
2025/04/29 22:05:02 非実行(3796)
2025/04/29 22:05:02 実行中(3796)
2025/04/29 22:05:06 終了しました(3796)
2025/04/30 22:05:01 開始します(6368)
2025/04/30 22:05:01 非実行(6368)
2025/04/30 22:05:01 実行中(6368)
2025/04/30 22:05:05 終了しました(6368)
2025/05/01 22:05:01 開始します(7992)
2025/05/01 22:05:01 非実行(7992)
2025/05/01 22:05:01 実行中(7992)
2025/05/01 22:05:05 終了しました(7992)
2025/05/02 22:05:01 開始します(1248)
2025/05/02 22:05:01 非実行(1248)
2025/05/02 22:05:01 実行中(1248)
2025/05/02 22:05:05 終了しました(1248)
2025/05/03 22:05:01 開始します(6108)
2025/05/03 22:05:01 非実行(6108)
2025/05/03 22:05:01 実行中(6108)
2025/05/03 22:05:05 終了しました(6108)
2025/05/04 22:05:02 開始します(3464)
2025/05/04 22:05:02 非実行(3464)
2025/05/04 22:05:02 実行中(3464)
2025/05/04 22:05:05 終了しました(3464)
2025/05/05 22:05:02 開始します(3004)
2025/05/05 22:05:02 非実行(3004)
2025/05/05 22:05:02 実行中(3004)
2025/05/05 22:05:06 終了しました(3004)
2025/05/06 22:05:02 開始します(3664)
2025/05/06 22:05:02 非実行(3664)
2025/05/06 22:05:02 実行中(3664)
2025/05/06 22:05:05 終了しました(3664)
2025/05/07 22:05:01 開始します(1976)
2025/05/07 22:05:01 非実行(1976)
2025/05/07 22:05:01 実行中(1976)
2025/05/07 22:05:04 終了しました(1976)
2025/05/08 22:05:01 開始します(8228)
2025/05/08 22:05:01 非実行(8228)
2025/05/08 22:05:01 実行中(8228)
2025/05/08 22:05:04 終了しました(8228)
2025/05/09 22:05:01 開始します(2544)
2025/05/09 22:05:01 非実行(2544)
2025/05/09 22:05:01 実行中(2544)
2025/05/09 22:05:04 終了しました(2544)
2025/05/10 22:05:01 開始します(6352)
2025/05/10 22:05:01 非実行(6352)
2025/05/10 22:05:01 実行中(6352)
2025/05/10 22:05:05 終了しました(6352)
2025/05/11 22:05:01 開始します(2060)
2025/05/11 22:05:01 非実行(2060)
2025/05/11 22:05:01 実行中(2060)
2025/05/11 22:05:06 終了しました(2060)
2025/05/12 22:05:02 開始します(3180)
2025/05/12 22:05:02 非実行(3180)
2025/05/12 22:05:02 実行中(3180)
2025/05/12 22:05:06 終了しました(3180)
2025/05/13 22:05:02 開始します(7044)
2025/05/13 22:05:02 非実行(7044)
2025/05/13 22:05:02 実行中(7044)
2025/05/13 22:05:06 終了しました(7044)
2025/05/14 22:05:01 開始します(4424)
2025/05/14 22:05:01 非実行(4424)
2025/05/14 22:05:01 実行中(4424)
2025/05/14 22:05:05 終了しました(4424)
2025/05/15 22:05:02 開始します(7152)
2025/05/15 22:05:02 非実行(7152)
2025/05/15 22:05:02 実行中(7152)
2025/05/15 22:05:05 終了しました(7152)
2025/05/16 22:05:02 開始します(7868)
2025/05/16 22:05:02 非実行(7868)
2025/05/16 22:05:02 実行中(7868)
2025/05/16 22:05:06 終了しました(7868)
2025/05/17 22:05:02 開始します(6968)
2025/05/17 22:05:02 非実行(6968)
2025/05/17 22:05:02 実行中(6968)
2025/05/17 22:05:06 終了しました(6968)
2025/05/18 22:05:01 開始します(6192)
2025/05/18 22:05:01 非実行(6192)
2025/05/18 22:05:01 実行中(6192)
2025/05/18 22:05:06 終了しました(6192)
2025/05/19 22:05:02 開始します(4000)
2025/05/19 22:05:02 非実行(4000)
2025/05/19 22:05:02 実行中(4000)
2025/05/19 22:05:06 終了しました(4000)
2025/05/20 22:05:01 開始します(4132)
2025/05/20 22:05:01 非実行(4132)
2025/05/20 22:05:01 実行中(4132)
2025/05/20 22:05:06 終了しました(4132)
2025/05/21 22:05:01 開始します(4864)
2025/05/21 22:05:01 非実行(4864)
2025/05/21 22:05:01 実行中(4864)
2025/05/21 22:05:06 終了しました(4864)
2025/05/23 22:04:59 開始します(4020)
2025/05/23 22:04:59 非実行(4020)
2025/05/23 22:04:59 実行中(4020)
2025/05/23 22:05:03 終了しました(4020)
2025/05/24 22:04:59 開始します(2532)
2025/05/24 22:04:59 非実行(2532)
2025/05/24 22:04:59 実行中(2532)
2025/05/24 22:05:03 終了しました(2532)
2025/05/25 22:04:59 開始します(5004)
2025/05/25 22:04:59 非実行(5004)
2025/05/25 22:04:59 実行中(5004)
2025/05/25 22:05:03 終了しました(5004)
2025/05/26 22:04:59 開始します(8020)
2025/05/26 22:04:59 非実行(8020)
2025/05/26 22:04:59 実行中(8020)
2025/05/26 22:05:03 終了しました(8020)
2025/05/27 22:04:59 開始します(5660)
2025/05/27 22:04:59 非実行(5660)
2025/05/27 22:04:59 実行中(5660)
2025/05/27 22:05:03 終了しました(5660)
2025/05/28 22:05:00 開始します(5824)
2025/05/28 22:05:00 非実行(5824)
2025/05/28 22:05:00 実行中(5824)
2025/05/28 22:05:03 終了しました(5824)
2025/05/29 22:05:00 開始します(4116)
2025/05/29 22:05:00 非実行(4116)
2025/05/29 22:05:00 実行中(4116)
2025/05/29 22:05:04 終了しました(4116)
2025/05/30 22:05:00 開始します(4356)
2025/05/30 22:05:00 非実行(4356)
2025/05/30 22:05:00 実行中(4356)
2025/05/30 22:05:03 終了しました(4356)
2025/05/31 22:05:00 開始します(5592)
2025/05/31 22:05:00 非実行(5592)
2025/05/31 22:05:00 実行中(5592)
2025/05/31 22:05:04 終了しました(5592)
2025/06/01 22:05:00 開始します(4820)
2025/06/01 22:05:00 非実行(4820)
2025/06/01 22:05:00 実行中(4820)
2025/06/01 22:05:04 終了しました(4820)
2025/06/02 22:04:58 開始します(1348)
2025/06/02 22:04:58 非実行(1348)
2025/06/02 22:04:58 実行中(1348)
2025/06/02 22:05:02 終了しました(1348)
2025/06/03 22:05:00 開始します(6516)
2025/06/03 22:05:00 非実行(6516)
2025/06/03 22:05:00 実行中(6516)
2025/06/03 22:05:04 終了しました(6516)
2025/06/04 22:04:59 開始します(5208)
2025/06/04 22:04:59 非実行(5208)
2025/06/04 22:04:59 実行中(5208)
2025/06/04 22:05:03 終了しました(5208)
2025/06/05 22:04:59 開始します(2076)
2025/06/05 22:04:59 非実行(2076)
2025/06/05 22:04:59 実行中(2076)
2025/06/05 22:05:03 終了しました(2076)
2025/06/06 22:05:00 開始します(3408)
2025/06/06 22:05:00 非実行(3408)
2025/06/06 22:05:00 実行中(3408)
2025/06/06 22:05:04 終了しました(3408)
2025/06/07 22:04:59 開始します(5380)
2025/06/07 22:04:59 非実行(5380)
2025/06/07 22:04:59 実行中(5380)
2025/06/07 22:05:03 終了しました(5380)
2025/06/08 22:04:58 開始します(6112)
2025/06/08 22:04:58 非実行(6112)
2025/06/08 22:04:58 実行中(6112)
2025/06/08 22:05:02 終了しました(6112)
2025/06/09 22:05:00 開始します(2568)
2025/06/09 22:05:00 非実行(2568)
2025/06/09 22:05:00 実行中(2568)
2025/06/09 22:05:04 終了しました(2568)
2025/06/10 22:04:59 開始します(5516)
2025/06/10 22:04:59 非実行(5516)
2025/06/10 22:04:59 実行中(5516)
2025/06/10 22:05:04 終了しました(5516)
2025/06/11 22:04:59 開始します(4684)
2025/06/11 22:04:59 非実行(4684)
2025/06/11 22:04:59 実行中(4684)
2025/06/11 22:05:03 終了しました(4684)
2025/06/12 22:04:59 開始します(6508)
2025/06/12 22:04:59 非実行(6508)
2025/06/12 22:04:59 実行中(6508)
2025/06/12 22:05:03 終了しました(6508)
2025/06/13 22:04:59 開始します(7148)
2025/06/13 22:04:59 非実行(7148)
2025/06/13 22:04:59 実行中(7148)
2025/06/13 22:05:03 終了しました(7148)
2025/06/14 22:04:59 開始します(4396)
2025/06/14 22:04:59 非実行(4396)
2025/06/14 22:04:59 実行中(4396)
2025/06/14 22:05:03 終了しました(4396)
2025/06/15 22:04:59 開始します(3828)
2025/06/15 22:04:59 非実行(3828)
2025/06/15 22:04:59 実行中(3828)
2025/06/15 22:05:03 終了しました(3828)
2025/06/16 22:04:58 開始します(5940)
2025/06/16 22:04:58 非実行(5940)
2025/06/16 22:04:58 実行中(5940)
2025/06/16 22:05:12 終了しました(5940)
2025/06/17 22:04:59 開始します(664)
2025/06/17 22:04:59 非実行(664)
2025/06/17 22:04:59 実行中(664)
2025/06/17 22:05:03 終了しました(664)
2025/06/18 22:04:59 開始します(4156)
2025/06/18 22:04:59 非実行(4156)
2025/06/18 22:04:59 実行中(4156)
2025/06/18 22:05:02 終了しました(4156)
2025/06/19 22:04:59 開始します(1392)
2025/06/19 22:04:59 非実行(1392)
2025/06/19 22:04:59 実行中(1392)
2025/06/19 22:05:02 終了しました(1392)
2025/06/20 22:04:59 開始します(5324)
2025/06/20 22:04:59 非実行(5324)
2025/06/20 22:04:59 実行中(5324)
2025/06/20 22:05:03 終了しました(5324)
2025/06/21 22:04:59 開始します(1148)
2025/06/21 22:04:59 非実行(1148)
2025/06/21 22:04:59 実行中(1148)
2025/06/21 22:05:03 終了しました(1148)
2025/06/22 22:04:58 開始します(4564)
2025/06/22 22:04:58 非実行(4564)
2025/06/22 22:04:58 実行中(4564)
2025/06/22 22:05:03 終了しました(4564)
2025/06/23 22:04:58 開始します(5692)
2025/06/23 22:04:58 非実行(5692)
2025/06/23 22:04:58 実行中(5692)
2025/06/23 22:05:02 終了しました(5692)
2025/06/24 22:04:58 開始します(3828)
2025/06/24 22:04:58 非実行(3828)
2025/06/24 22:04:58 実行中(3828)
2025/06/24 22:05:02 終了しました(3828)
2025/06/25 22:04:58 開始します(5744)
2025/06/25 22:04:58 非実行(5744)
2025/06/25 22:04:58 実行中(5744)
2025/06/25 22:05:02 終了しました(5744)
2025/06/26 22:04:59 開始します(6324)
2025/06/26 22:04:59 非実行(6324)
2025/06/26 22:04:59 実行中(6324)
2025/06/26 22:05:04 終了しました(6324)
2025/06/27 22:04:59 開始します(4468)
2025/06/27 22:04:59 非実行(4468)
2025/06/27 22:04:59 実行中(4468)
2025/06/27 22:05:03 終了しました(4468)
2025/06/28 22:04:59 開始します(2052)
2025/06/28 22:04:59 非実行(2052)
2025/06/28 22:04:59 実行中(2052)
2025/06/28 22:05:03 終了しました(2052)
2025/06/29 22:04:59 開始します(2332)
2025/06/29 22:04:59 非実行(2332)
2025/06/29 22:04:59 実行中(2332)
2025/06/29 22:05:03 終了しました(2332)
2025/06/30 22:04:59 開始します(4720)
2025/06/30 22:04:59 非実行(4720)
2025/06/30 22:04:59 実行中(4720)
2025/06/30 22:05:03 終了しました(4720)
2025/07/01 22:04:59 開始します(6228)
2025/07/01 22:04:59 非実行(6228)
2025/07/01 22:04:59 実行中(6228)
2025/07/01 22:05:04 終了しました(6228)
2025/07/02 22:04:59 開始します(1188)
2025/07/02 22:04:59 非実行(1188)
2025/07/02 22:04:59 実行中(1188)
2025/07/02 22:05:03 終了しました(1188)
2025/07/03 22:04:59 開始します(2980)
2025/07/03 22:04:59 非実行(2980)
2025/07/03 22:04:59 実行中(2980)
2025/07/03 22:05:03 終了しました(2980)
2025/07/04 22:04:59 開始します(964)
2025/07/04 22:04:59 非実行(964)
2025/07/04 22:04:59 実行中(964)
2025/07/04 22:05:03 終了しました(964)
2025/07/05 22:04:59 開始します(4292)
2025/07/05 22:04:59 非実行(4292)
2025/07/05 22:04:59 実行中(4292)
2025/07/05 22:05:03 終了しました(4292)
2025/07/06 22:04:59 開始します(780)
2025/07/06 22:04:59 非実行(780)
2025/07/06 22:04:59 実行中(780)
2025/07/06 22:05:03 終了しました(780)
2025/07/07 22:05:00 開始します(2752)
2025/07/07 22:05:00 非実行(2752)
2025/07/07 22:05:00 実行中(2752)
2025/07/07 22:05:04 終了しました(2752)
2025/07/08 22:04:59 開始します(2020)
2025/07/08 22:04:59 非実行(2020)
2025/07/08 22:04:59 実行中(2020)
2025/07/08 22:05:03 終了しました(2020)
2025/07/09 22:04:58 開始します(1032)
2025/07/09 22:04:58 非実行(1032)
2025/07/09 22:04:58 実行中(1032)
2025/07/09 22:05:02 終了しました(1032)
2025/07/10 22:04:59 開始します(3824)
2025/07/10 22:04:59 非実行(3824)
2025/07/10 22:04:59 実行中(3824)
2025/07/10 22:05:04 終了しました(3824)
2025/07/11 22:05:00 開始します(4196)
2025/07/11 22:05:00 非実行(4196)
2025/07/11 22:05:00 実行中(4196)
2025/07/11 22:05:03 終了しました(4196)
2025/07/12 22:04:58 開始します(5956)
2025/07/12 22:04:58 非実行(5956)
2025/07/12 22:04:58 実行中(5956)
2025/07/12 22:05:02 終了しました(5956)
2025/07/13 22:05:00 開始します(5364)
2025/07/13 22:05:00 非実行(5364)
2025/07/13 22:05:00 実行中(5364)
2025/07/13 22:05:04 終了しました(5364)
2025/07/14 22:04:59 開始します(3212)
2025/07/14 22:04:59 非実行(3212)
2025/07/14 22:04:59 実行中(3212)
2025/07/14 22:05:03 終了しました(3212)
2025/07/15 22:04:59 開始します(6440)
2025/07/15 22:04:59 非実行(6440)
2025/07/15 22:04:59 実行中(6440)
2025/07/15 22:05:03 終了しました(6440)
2025/07/16 22:04:59 開始します(5496)
2025/07/16 22:04:59 非実行(5496)
2025/07/16 22:04:59 実行中(5496)
2025/07/16 22:05:03 終了しました(5496)
2025/07/17 22:04:58 開始します(5660)
2025/07/17 22:04:58 非実行(5660)
2025/07/17 22:04:58 実行中(5660)
2025/07/17 22:05:02 終了しました(5660)
2025/07/18 22:04:58 開始します(1832)
2025/07/18 22:04:58 非実行(1832)
2025/07/18 22:04:58 実行中(1832)
2025/07/18 22:05:02 終了しました(1832)
2025/07/19 22:05:00 開始します(2120)
2025/07/19 22:05:00 非実行(2120)
2025/07/19 22:05:00 実行中(2120)
2025/07/19 22:05:04 終了しました(2120)
2025/07/20 22:04:59 開始します(1084)
2025/07/20 22:04:59 非実行(1084)
2025/07/20 22:04:59 実行中(1084)
2025/07/20 22:05:03 終了しました(1084)
2025/07/21 22:04:59 開始します(6460)
2025/07/21 22:04:59 非実行(6460)
2025/07/21 22:04:59 実行中(6460)
2025/07/21 22:05:02 終了しました(6460)
2025/07/22 22:04:59 開始します(7160)
2025/07/22 22:04:59 非実行(7160)
2025/07/22 22:04:59 実行中(7160)
2025/07/22 22:05:02 終了しました(7160)
2025/07/23 22:04:58 開始します(3228)
2025/07/23 22:04:58 非実行(3228)
2025/07/23 22:04:58 実行中(3228)
2025/07/23 22:05:02 終了しました(3228)
2025/07/24 22:05:00 開始します(2984)
2025/07/24 22:05:00 非実行(2984)
2025/07/24 22:05:00 実行中(2984)
2025/07/24 22:05:04 終了しました(2984)
2025/07/25 22:04:59 開始します(5028)
2025/07/25 22:04:59 非実行(5028)
2025/07/25 22:04:59 実行中(5028)
2025/07/25 22:05:03 終了しました(5028)
2025/07/26 22:04:59 開始します(3216)
2025/07/26 22:04:59 非実行(3216)
2025/07/26 22:04:59 実行中(3216)
2025/07/26 22:05:03 終了しました(3216)
2025/07/27 22:04:59 開始します(1088)
2025/07/27 22:04:59 非実行(1088)
2025/07/27 22:04:59 実行中(1088)
2025/07/27 22:05:03 終了しました(1088)
2025/07/28 22:04:59 開始します(6900)
2025/07/28 22:04:59 非実行(6900)
2025/07/28 22:04:59 実行中(6900)
2025/07/28 22:05:03 終了しました(6900)
2025/07/29 22:04:59 開始します(2920)
2025/07/29 22:04:59 非実行(2920)
2025/07/29 22:04:59 実行中(2920)
2025/07/29 22:05:03 終了しました(2920)
2025/07/30 22:04:59 開始します(4020)
2025/07/30 22:04:59 非実行(4020)
2025/07/30 22:04:59 実行中(4020)
2025/07/30 22:05:03 終了しました(4020)
2025/07/31 22:04:59 開始します(5636)
2025/07/31 22:04:59 非実行(5636)
2025/07/31 22:04:59 実行中(5636)
2025/07/31 22:05:03 終了しました(5636)
2025/08/01 22:04:59 開始します(5524)
2025/08/01 22:04:59 非実行(5524)
2025/08/01 22:04:59 実行中(5524)
2025/08/01 22:05:03 終了しました(5524)
2025/08/02 22:04:59 開始します(5724)
2025/08/02 22:04:59 非実行(5724)
2025/08/02 22:04:59 実行中(5724)
2025/08/02 22:05:03 終了しました(5724)
2025/08/03 22:04:59 開始します(3744)
2025/08/03 22:04:59 非実行(3744)
2025/08/03 22:04:59 実行中(3744)
2025/08/03 22:05:03 終了しました(3744)
2025/08/04 22:04:59 開始します(5116)
2025/08/04 22:04:59 非実行(5116)
2025/08/04 22:04:59 実行中(5116)
2025/08/04 22:05:04 終了しました(5116)
2025/08/05 22:04:59 開始します(6152)
2025/08/05 22:04:59 非実行(6152)
2025/08/05 22:04:59 実行中(6152)
2025/08/05 22:05:03 終了しました(6152)
2025/08/06 22:04:59 開始します(2776)
2025/08/06 22:04:59 非実行(2776)
2025/08/06 22:04:59 実行中(2776)
2025/08/06 22:05:02 終了しました(2776)
2025/08/07 22:04:59 開始します(4172)
2025/08/07 22:04:59 非実行(4172)
2025/08/07 22:04:59 実行中(4172)
2025/08/07 22:05:03 終了しました(4172)
2025/08/08 22:05:00 開始します(5084)
2025/08/08 22:05:00 非実行(5084)
2025/08/08 22:05:00 実行中(5084)
2025/08/08 22:05:04 終了しました(5084)
2025/08/09 22:04:59 開始します(1860)
2025/08/09 22:04:59 非実行(1860)
2025/08/09 22:04:59 実行中(1860)
2025/08/09 22:05:03 終了しました(1860)
2025/08/10 22:04:59 開始します(4220)
2025/08/10 22:04:59 非実行(4220)
2025/08/10 22:04:59 実行中(4220)
2025/08/10 22:05:03 終了しました(4220)
2025/08/11 22:04:59 開始します(3728)
2025/08/11 22:04:59 非実行(3728)
2025/08/11 22:04:59 実行中(3728)
2025/08/11 22:05:03 終了しました(3728)
2025/08/12 22:04:59 開始します(6340)
2025/08/12 22:04:59 非実行(6340)
2025/08/12 22:04:59 実行中(6340)
2025/08/12 22:05:03 終了しました(6340)
2025/08/13 22:04:59 開始します(5520)
2025/08/13 22:04:59 非実行(5520)
2025/08/13 22:04:59 実行中(5520)
2025/08/13 22:05:03 終了しました(5520)
2025/08/14 22:04:59 開始します(3816)
2025/08/14 22:04:59 非実行(3816)
2025/08/14 22:04:59 実行中(3816)
2025/08/14 22:05:03 終了しました(3816)
2025/08/15 22:04:59 開始します(5732)
2025/08/15 22:04:59 非実行(5732)
2025/08/15 22:04:59 実行中(5732)
2025/08/15 22:05:03 終了しました(5732)
2025/08/16 22:04:59 開始します(3492)
2025/08/16 22:04:59 非実行(3492)
2025/08/16 22:04:59 実行中(3492)
2025/08/16 22:05:03 終了しました(3492)
2025/08/17 22:05:00 開始します(5492)
2025/08/17 22:05:00 非実行(5492)
2025/08/17 22:05:00 実行中(5492)
2025/08/17 22:05:03 終了しました(5492)
2025/08/18 22:04:59 開始します(3520)
2025/08/18 22:04:59 非実行(3520)
2025/08/18 22:04:59 実行中(3520)
2025/08/18 22:05:03 終了しました(3520)
2025/08/19 22:04:59 開始します(4172)
2025/08/19 22:04:59 非実行(4172)
2025/08/19 22:04:59 実行中(4172)
2025/08/19 22:05:03 終了しました(4172)
2025/08/20 22:04:59 開始します(772)
2025/08/20 22:04:59 非実行(772)
2025/08/20 22:04:59 実行中(772)
2025/08/20 22:05:02 終了しました(772)
2025/08/21 22:04:59 開始します(2104)
2025/08/21 22:04:59 非実行(2104)
2025/08/21 22:04:59 実行中(2104)
2025/08/21 22:05:03 終了しました(2104)
2025/08/22 22:04:59 開始します(3124)
2025/08/22 22:04:59 非実行(3124)
2025/08/22 22:04:59 実行中(3124)
2025/08/22 22:05:03 終了しました(3124)
2025/08/23 22:04:59 開始します(5500)
2025/08/23 22:04:59 非実行(5500)
2025/08/23 22:04:59 実行中(5500)
2025/08/23 22:05:02 終了しました(5500)
2025/08/24 22:04:59 開始します(1392)
2025/08/24 22:04:59 非実行(1392)
2025/08/24 22:04:59 実行中(1392)
2025/08/24 22:05:03 終了しました(1392)
2025/08/25 22:05:00 開始します(6672)
2025/08/25 22:05:00 非実行(6672)
2025/08/25 22:05:00 実行中(6672)
2025/08/25 22:05:04 終了しました(6672)
2025/08/26 22:04:59 開始します(3104)
2025/08/26 22:04:59 非実行(3104)
2025/08/26 22:04:59 実行中(3104)
2025/08/26 22:05:03 終了しました(3104)
2025/08/27 22:04:59 開始します(2488)
2025/08/27 22:04:59 非実行(2488)
2025/08/27 22:04:59 実行中(2488)
2025/08/27 22:05:03 終了しました(2488)
2025/08/28 22:04:59 開始します(6060)
2025/08/28 22:04:59 非実行(6060)
2025/08/28 22:04:59 実行中(6060)
2025/08/28 22:05:03 終了しました(6060)
2025/08/29 22:05:00 開始します(1820)
2025/08/29 22:05:00 非実行(1820)
2025/08/29 22:05:00 実行中(1820)
2025/08/29 22:05:04 終了しました(1820)
2025/08/30 22:04:59 開始します(2092)
2025/08/30 22:04:59 非実行(2092)
2025/08/30 22:04:59 実行中(2092)
2025/08/30 22:05:03 終了しました(2092)
2025/08/31 22:05:00 開始します(4588)
2025/08/31 22:05:00 非実行(4588)
2025/08/31 22:05:00 実行中(4588)
2025/08/31 22:05:03 終了しました(4588)
2025/09/01 22:04:59 開始します(1388)
2025/09/01 22:04:59 非実行(1388)
2025/09/01 22:04:59 実行中(1388)
2025/09/01 22:05:03 終了しました(1388)
2025/09/02 22:04:59 開始します(3640)
2025/09/02 22:04:59 非実行(3640)
2025/09/02 22:04:59 実行中(3640)
2025/09/02 22:05:03 終了しました(3640)
2025/09/03 22:04:59 開始します(6136)
2025/09/03 22:04:59 非実行(6136)
2025/09/03 22:04:59 実行中(6136)
2025/09/03 22:05:03 終了しました(6136)
2025/09/04 22:04:59 開始します(224)
2025/09/04 22:04:59 非実行(224)
2025/09/04 22:04:59 実行中(224)
2025/09/04 22:05:03 終了しました(224)
2025/09/05 22:04:59 開始します(4252)
2025/09/05 22:04:59 非実行(4252)
2025/09/05 22:04:59 実行中(4252)
2025/09/05 22:05:03 終了しました(4252)
2025/09/06 22:04:59 開始します(5632)
2025/09/06 22:04:59 非実行(5632)
2025/09/06 22:04:59 実行中(5632)
2025/09/06 22:05:02 終了しました(5632)
2025/09/07 22:04:59 開始します(5592)
2025/09/07 22:04:59 非実行(5592)
2025/09/07 22:04:59 実行中(5592)
2025/09/07 22:05:03 終了しました(5592)
2025/09/08 22:04:59 開始します(2948)
2025/09/08 22:04:59 非実行(2948)
2025/09/08 22:04:59 実行中(2948)
2025/09/08 22:05:03 終了しました(2948)
2025/09/09 22:04:58 開始します(5584)
2025/09/09 22:04:58 非実行(5584)
2025/09/09 22:04:58 実行中(5584)
2025/09/09 22:05:03 終了しました(5584)
2025/09/10 22:04:59 開始します(6012)
2025/09/10 22:04:59 非実行(6012)
2025/09/10 22:04:59 実行中(6012)
2025/09/10 22:05:04 終了しました(6012)
2025/09/11 22:05:00 開始します(6380)
2025/09/11 22:05:00 非実行(6380)
2025/09/11 22:05:00 実行中(6380)
2025/09/11 22:05:04 終了しました(6380)
2025/09/12 22:05:00 開始します(3428)
2025/09/12 22:05:00 非実行(3428)
2025/09/12 22:05:00 実行中(3428)
2025/09/12 22:05:05 終了しました(3428)
2025/09/13 22:05:00 開始します(4584)
2025/09/13 22:05:00 非実行(4584)
2025/09/13 22:05:00 実行中(4584)
2025/09/13 22:05:03 終了しました(4584)
2025/09/14 22:04:59 開始します(5724)
2025/09/14 22:04:59 非実行(5724)
2025/09/14 22:04:59 実行中(5724)
2025/09/14 22:05:03 終了しました(5724)
2025/09/15 22:04:59 開始します(1328)
2025/09/15 22:04:59 非実行(1328)
2025/09/15 22:04:59 実行中(1328)
2025/09/15 22:05:03 終了しました(1328)
2025/09/16 22:05:00 開始します(6468)
2025/09/16 22:05:00 非実行(6468)
2025/09/16 22:05:00 実行中(6468)
2025/09/16 22:05:04 終了しました(6468)
2025/09/17 22:05:00 開始します(2512)
2025/09/17 22:05:00 非実行(2512)
2025/09/17 22:05:00 実行中(2512)
2025/09/17 22:05:04 終了しました(2512)
2025/09/18 22:04:59 開始します(1572)
2025/09/18 22:04:59 非実行(1572)
2025/09/18 22:04:59 実行中(1572)
2025/09/18 22:05:03 終了しました(1572)
2025/09/19 22:04:59 開始します(6504)
2025/09/19 22:04:59 非実行(6504)
2025/09/19 22:04:59 実行中(6504)
2025/09/19 22:05:03 終了しました(6504)
2025/09/20 22:04:59 開始します(3312)
2025/09/20 22:04:59 非実行(3312)
2025/09/20 22:04:59 実行中(3312)
2025/09/20 22:05:03 終了しました(3312)
2025/09/21 22:04:59 開始します(5588)
2025/09/21 22:04:59 非実行(5588)
2025/09/21 22:04:59 実行中(5588)
2025/09/21 22:05:03 終了しました(5588)
2025/09/22 22:04:59 開始します(4604)
2025/09/22 22:04:59 非実行(4604)
2025/09/22 22:04:59 実行中(4604)
2025/09/22 22:05:03 終了しました(4604)
2025/09/23 22:05:00 開始します(5940)
2025/09/23 22:05:00 非実行(5940)
2025/09/23 22:05:00 実行中(5940)
2025/09/23 22:05:04 終了しました(5940)
2025/09/24 22:04:59 開始します(2016)
2025/09/24 22:04:59 非実行(2016)
2025/09/24 22:04:59 実行中(2016)
2025/09/24 22:05:03 終了しました(2016)
2025/09/25 22:05:00 開始します(4428)
2025/09/25 22:05:00 非実行(4428)
2025/09/25 22:05:00 実行中(4428)
2025/09/25 22:05:04 終了しました(4428)
2025/09/26 22:04:59 開始します(264)
2025/09/26 22:04:59 非実行(264)
2025/09/26 22:04:59 実行中(264)
2025/09/26 22:05:03 終了しました(264)
2025/09/27 22:04:59 開始します(5608)
2025/09/27 22:04:59 非実行(5608)
2025/09/27 22:04:59 実行中(5608)
2025/09/27 22:05:02 終了しました(5608)
2025/09/28 22:04:59 開始します(4076)
2025/09/28 22:04:59 非実行(4076)
2025/09/28 22:04:59 実行中(4076)
2025/09/28 22:05:03 終了しました(4076)
2025/09/29 22:04:59 開始します(5876)
2025/09/29 22:04:59 非実行(5876)
2025/09/29 22:04:59 実行中(5876)
2025/09/29 22:05:03 終了しました(5876)
2025/09/30 22:04:59 開始します(3124)
2025/09/30 22:04:59 非実行(3124)
2025/09/30 22:04:59 実行中(3124)
2025/09/30 22:05:03 終了しました(3124)
2025/10/01 22:04:58 開始します(6880)
2025/10/01 22:04:58 非実行(6880)
2025/10/01 22:04:58 実行中(6880)
2025/10/01 22:05:02 終了しました(6880)
2025/10/02 22:04:59 開始します(5732)
2025/10/02 22:04:59 非実行(5732)
2025/10/02 22:04:59 実行中(5732)
2025/10/02 22:05:03 終了しました(5732)
2025/10/03 22:04:58 開始します(5444)
2025/10/03 22:04:58 非実行(5444)
2025/10/03 22:04:58 実行中(5444)
2025/10/03 22:05:02 終了しました(5444)
2025/10/04 22:04:59 開始します(4504)
2025/10/04 22:04:59 非実行(4504)
2025/10/04 22:04:59 実行中(4504)
2025/10/04 22:05:03 終了しました(4504)
2025/10/05 22:05:00 開始します(1768)
2025/10/05 22:05:00 非実行(1768)
2025/10/05 22:05:00 実行中(1768)
2025/10/05 22:05:04 終了しました(1768)
2025/10/06 22:04:59 開始します(3680)
2025/10/06 22:04:59 非実行(3680)
2025/10/06 22:04:59 実行中(3680)
2025/10/06 22:05:02 終了しました(3680)
2025/10/07 22:04:59 開始します(6164)
2025/10/07 22:04:59 非実行(6164)
2025/10/07 22:04:59 実行中(6164)
2025/10/07 22:05:02 終了しました(6164)
2025/10/08 22:04:59 開始します(5800)
2025/10/08 22:04:59 非実行(5800)
2025/10/08 22:04:59 実行中(5800)
2025/10/08 22:05:02 終了しました(5800)
2025/10/09 22:05:00 開始します(2412)
2025/10/09 22:05:00 非実行(2412)
2025/10/09 22:05:00 実行中(2412)
2025/10/09 22:05:03 終了しました(2412)
2025/10/10 22:04:59 開始します(6556)
2025/10/10 22:04:59 非実行(6556)
2025/10/10 22:04:59 実行中(6556)
2025/10/10 22:05:02 終了しました(6556)
2025/10/11 22:04:59 開始します(1996)
2025/10/11 22:04:59 非実行(1996)
2025/10/11 22:04:59 実行中(1996)
2025/10/11 22:05:03 終了しました(1996)
2025/10/12 22:05:00 開始します(3624)
2025/10/12 22:05:00 非実行(3624)
2025/10/12 22:05:00 実行中(3624)
2025/10/12 22:05:03 終了しました(3624)
2025/10/13 22:04:59 開始します(4216)
2025/10/13 22:04:59 非実行(4216)
2025/10/13 22:04:59 実行中(4216)
2025/10/13 22:05:02 終了しました(4216)
2025/10/14 22:04:59 開始します(1388)
2025/10/14 22:04:59 非実行(1388)
2025/10/14 22:04:59 実行中(1388)
2025/10/14 22:05:02 終了しました(1388)
2025/10/15 22:05:00 開始します(1464)
2025/10/15 22:05:00 非実行(1464)
2025/10/15 22:05:00 実行中(1464)
2025/10/15 22:05:03 終了しました(1464)
2025/10/16 22:05:00 開始します(5364)
2025/10/16 22:05:00 非実行(5364)
2025/10/16 22:05:00 実行中(5364)
2025/10/16 22:05:03 終了しました(5364)
2025/10/17 22:04:59 開始します(5964)
2025/10/17 22:04:59 非実行(5964)
2025/10/17 22:04:59 実行中(5964)
2025/10/17 22:05:02 終了しました(5964)
2025/10/18 22:04:59 開始します(2868)
2025/10/18 22:04:59 非実行(2868)
2025/10/18 22:04:59 実行中(2868)
2025/10/18 22:05:02 終了しました(2868)
2025/10/19 22:04:59 開始します(2728)
2025/10/19 22:04:59 非実行(2728)
2025/10/19 22:04:59 実行中(2728)
2025/10/19 22:05:02 終了しました(2728)
2025/10/20 22:05:00 開始します(6980)
2025/10/20 22:05:00 非実行(6980)
2025/10/20 22:05:00 実行中(6980)
2025/10/20 22:05:03 終了しました(6980)
2025/10/21 22:04:59 開始します(4500)
2025/10/21 22:04:59 非実行(4500)
2025/10/21 22:04:59 実行中(4500)
2025/10/21 22:05:02 終了しました(4500)
2025/10/22 22:04:58 開始します(7704)
2025/10/22 22:04:58 非実行(7704)
2025/10/22 22:04:58 実行中(7704)
2025/10/22 22:05:01 終了しました(7704)
2025/10/23 22:04:57 開始します(5384)
2025/10/23 22:04:57 非実行(5384)
2025/10/23 22:04:57 実行中(5384)
2025/10/23 22:05:00 終了しました(5384)
2025/10/24 22:04:57 開始します(3264)
2025/10/24 22:04:57 非実行(3264)
2025/10/24 22:04:57 実行中(3264)
2025/10/24 22:05:00 終了しました(3264)
2025/10/25 22:04:57 開始します(692)
2025/10/25 22:04:57 非実行(692)
2025/10/25 22:04:57 実行中(692)
2025/10/25 22:05:00 終了しました(692)
2025/10/26 22:04:56 開始します(2248)
2025/10/26 22:04:56 非実行(2248)
2025/10/26 22:04:56 実行中(2248)
2025/10/26 22:04:59 終了しました(2248)
2025/10/27 22:04:55 開始します(6552)
2025/10/27 22:04:55 非実行(6552)
2025/10/27 22:04:55 実行中(6552)
2025/10/27 22:04:58 終了しました(6552)
